[ 2016-04-02T18:37:48+08:00 ] 117.136.40.193 /install/index.php?m=Index&a=index
INFO: [ app_begin ] --START--
INFO: ReadHtmlCache Behavior ::run [ RunTime:0.000460s ]
INFO: [ app_begin ] --END-- [ RunTime:0.000536s ]
NOTIC: [8] Use of undefined constant THEME_PATH - assumed 'THEME_PATH' /home/wwwroot/v.sniperchw.com/install/APP/Modules/Home/Action/BaseAction.class.php 第 15 行.
NOTIC: [8] Undefined index: openid /home/wwwroot/v.sniperchw.com/install/APP/Modules/Home/Action/BaseAction.class.php 第 18 行.

[ 2016-04-02T18:37:49+08:00 ] 117.136.40.193 /install/index.php?m=Login&a=login
INFO: [ app_begin ] --START--
INFO: ReadHtmlCache Behavior ::run [ RunTime:0.000372s ]
INFO: [ app_begin ] --END-- [ RunTime:0.000478s ]
INFO: [ view_parse ] --START--
INFO: ParseTemplate Behavior ::run [ RunTime:0.004654s ]
INFO: [ view_parse ] --END-- [ RunTime:0.004699s ]
INFO: [ view_filter ] --START--
INFO: ContentReplace Behavior ::run [ RunTime:0.000250s ]
INFO: TokenBuild Behavior ::run [ RunTime:0.000270s ]
INFO: WriteHtmlCache Behavior ::run [ RunTime:0.000188s ]
INFO: ShowRuntime Behavior ::run [ RunTime:0.000298s ]
INFO: [ view_filter ] --END-- [ RunTime:0.001121s ]
INFO: [ view_end ] --START--
INFO: ShowPageTrace Behavior ::run [ RunTime:0.000402s ]
INFO: [ view_end ] --END-- [ RunTime:0.000437s ]

[ 2016-04-02T18:37:52+08:00 ] 180.153.211.172 /install/index.php?m=Login&a=login
INFO: [ app_begin ] --START--
INFO: ReadHtmlCache Behavior ::run [ RunTime:0.000377s ]
INFO: [ app_begin ] --END-- [ RunTime:0.000437s ]
INFO: [ view_parse ] --START--
INFO: ParseTemplate Behavior ::run [ RunTime:0.004553s ]
INFO: [ view_parse ] --END-- [ RunTime:0.004596s ]
INFO: [ view_filter ] --START--
INFO: ContentReplace Behavior ::run [ RunTime:0.000296s ]
INFO: TokenBuild Behavior ::run [ RunTime:0.000284s ]
INFO: WriteHtmlCache Behavior ::run [ RunTime:0.000190s ]
INFO: ShowRuntime Behavior ::run [ RunTime:0.000293s ]
INFO: [ view_filter ] --END-- [ RunTime:0.001169s ]
INFO: [ view_end ] --START--
INFO: ShowPageTrace Behavior ::run [ RunTime:0.000424s ]
INFO: [ view_end ] --END-- [ RunTime:0.000460s ]

