[ 2016-06-15T11:21:09+08:00 ] 0.0.0.0 /install/
INFO: [ app_begin ] --START--
INFO: ReadHtmlCache Behavior ::run [ RunTime:0.008000s ]
INFO: [ app_begin ] --END-- [ RunTime:0.036002s ]
NOTIC: [8] Use of undefined constant THEME_PATH - assumed 'THEME_PATH' F:\WWW\install\APP\Modules\Home\Action\BaseAction.class.php 第 15 行.
NOTIC: [8] Undefined index: openid F:\WWW\install\APP\Modules\Home\Action\BaseAction.class.php 第 18 行.

[ 2016-06-15T11:21:10+08:00 ] 0.0.0.0 /install/index.php?m=Login&a=login
INFO: [ app_begin ] --START--
INFO: ReadHtmlCache Behavior ::run [ RunTime:0.006000s ]
INFO: [ app_begin ] --END-- [ RunTime:0.006000s ]
INFO: [ view_parse ] --START--
INFO: ParseTemplate Behavior ::run [ RunTime:0.138008s ]
INFO: [ view_parse ] --END-- [ RunTime:0.138008s ]
INFO: [ view_filter ] --START--
INFO: ContentReplace Behavior ::run [ RunTime:0.030002s ]
INFO: TokenBuild Behavior ::run [ RunTime:0.008000s ]
INFO: WriteHtmlCache Behavior ::run [ RunTime:0.006001s ]
INFO: ShowRuntime Behavior ::run [ RunTime:0.004000s ]
INFO: [ view_filter ] --END-- [ RunTime:0.048003s ]
INFO: [ view_end ] --START--
INFO: ShowPageTrace Behavior ::run [ RunTime:0.007000s ]
INFO: [ view_end ] --END-- [ RunTime:0.007000s ]

[ 2016-06-15T11:21:13+08:00 ] 0.0.0.0 /install/index.php?m=Login&a=login
INFO: [ app_begin ] --START--
INFO: ReadHtmlCache Behavior ::run [ RunTime:0.005000s ]
INFO: [ app_begin ] --END-- [ RunTime:0.005000s ]
INFO: [ view_parse ] --START--
INFO: ParseTemplate Behavior ::run [ RunTime:0.037002s ]
INFO: [ view_parse ] --END-- [ RunTime:0.037002s ]
INFO: [ view_filter ] --START--
INFO: ContentReplace Behavior ::run [ RunTime:0.005000s ]
INFO: TokenBuild Behavior ::run [ RunTime:0.004000s ]
INFO: WriteHtmlCache Behavior ::run [ RunTime:0.006001s ]
INFO: ShowRuntime Behavior ::run [ RunTime:0.007000s ]
INFO: [ view_filter ] --END-- [ RunTime:0.022001s ]
INFO: [ view_end ] --START--
INFO: ShowPageTrace Behavior ::run [ RunTime:0.008001s ]
INFO: [ view_end ] --END-- [ RunTime:0.008001s ]

[ 2016-06-15T11:21:28+08:00 ] 0.0.0.0 /install/index.php?m=Login&a=login
INFO: [ app_begin ] --START--
INFO: ReadHtmlCache Behavior ::run [ RunTime:0.005000s ]
INFO: [ app_begin ] --END-- [ RunTime:0.005000s ]
INFO: [ view_parse ] --START--
INFO: ParseTemplate Behavior ::run [ RunTime:0.038002s ]
INFO: [ view_parse ] --END-- [ RunTime:0.039003s ]
INFO: [ view_filter ] --START--
INFO: ContentReplace Behavior ::run [ RunTime:0.010000s ]
INFO: TokenBuild Behavior ::run [ RunTime:0.009001s ]
INFO: WriteHtmlCache Behavior ::run [ RunTime:0.005000s ]
INFO: ShowRuntime Behavior ::run [ RunTime:0.009001s ]
INFO: [ view_filter ] --END-- [ RunTime:0.033002s ]
INFO: [ view_end ] --START--
INFO: ShowPageTrace Behavior ::run [ RunTime:0.007000s ]
INFO: [ view_end ] --END-- [ RunTime:0.007000s ]

[ 2016-06-15T11:21:42+08:00 ] 0.0.0.0 /install/index.php?m=Index&a=index
INFO: [ app_begin ] --START--
INFO: ReadHtmlCache Behavior ::run [ RunTime:0.008001s ]
INFO: [ app_begin ] --END-- [ RunTime:0.009001s ]
NOTIC: [8] Use of undefined constant THEME_PATH - assumed 'THEME_PATH' F:\WWW\install\APP\Modules\Home\Action\BaseAction.class.php 第 15 行.
NOTIC: [8] Undefined index: openid F:\WWW\install\APP\Modules\Home\Action\BaseAction.class.php 第 18 行.
SQL: SHOW COLUMNS FROM `sys_user` [ RunTime:0.046003s ]
SQL: SELECT * FROM `sys_user` WHERE ( `id` = '8cd0af5bf6f84319ad3963aa06e89b90' ) LIMIT 1   [ RunTime:0.046003s ]
NOTIC: [8] curl_setopt(): CURLOPT_SSL_VERIFYHOST no longer accepts the value 1, value 2 will be used instead F:\WWW\install\APP\Modules\Home\Action\jssdk.php 第 99 行.
NOTIC: [8] Trying to get property of non-object F:\WWW\install\APP\Modules\Home\Action\jssdk.php 第 78 行.
NOTIC: [8] curl_setopt(): CURLOPT_SSL_VERIFYHOST no longer accepts the value 1, value 2 will be used instead F:\WWW\install\APP\Modules\Home\Action\jssdk.php 第 99 行.
NOTIC: [8] Trying to get property of non-object F:\WWW\install\APP\Modules\Home\Action\jssdk.php 第 55 行.
INFO: [ view_parse ] --START--
NOTIC: [8] Use of undefined constant pc - assumed 'pc' F:\WWW\install\APP\Runtime\Cache\Home\b71efac2c45dfbbb12a5b9b57341de1f.php 第 129 行.
NOTIC: [8] Use of undefined constant index - assumed 'index' F:\WWW\install\APP\Runtime\Cache\Home\b71efac2c45dfbbb12a5b9b57341de1f.php 第 144 行.
NOTIC: [8] Use of undefined constant device - assumed 'device' F:\WWW\install\APP\Runtime\Cache\Home\b71efac2c45dfbbb12a5b9b57341de1f.php 第 147 行.
NOTIC: [8] Use of undefined constant group - assumed 'group' F:\WWW\install\APP\Runtime\Cache\Home\b71efac2c45dfbbb12a5b9b57341de1f.php 第 150 行.
NOTIC: [8] Use of undefined constant personal - assumed 'personal' F:\WWW\install\APP\Runtime\Cache\Home\b71efac2c45dfbbb12a5b9b57341de1f.php 第 153 行.
INFO: ParseTemplate Behavior ::run [ RunTime:0.052003s ]
INFO: [ view_parse ] --END-- [ RunTime:0.052003s ]
INFO: [ view_filter ] --START--
INFO: ContentReplace Behavior ::run [ RunTime:0.006000s ]
INFO: TokenBuild Behavior ::run [ RunTime:0.003000s ]
INFO: WriteHtmlCache Behavior ::run [ RunTime:0.003001s ]
INFO: ShowRuntime Behavior ::run [ RunTime:0.004000s ]
INFO: [ view_filter ] --END-- [ RunTime:0.016001s ]
INFO: [ view_end ] --START--
INFO: ShowPageTrace Behavior ::run [ RunTime:0.005000s ]
INFO: [ view_end ] --END-- [ RunTime:0.005000s ]

[ 2016-06-15T11:21:43+08:00 ] 0.0.0.0 /install/index.php?m=Index&a=query_device_group
INFO: [ app_begin ] --START--
INFO: ReadHtmlCache Behavior ::run [ RunTime:0.004000s ]
INFO: [ app_begin ] --END-- [ RunTime:0.004000s ]
NOTIC: [8] Use of undefined constant THEME_PATH - assumed 'THEME_PATH' F:\WWW\install\APP\Modules\Home\Action\BaseAction.class.php 第 15 行.
NOTIC: [8] Undefined index: openid F:\WWW\install\APP\Modules\Home\Action\BaseAction.class.php 第 18 行.
SQL: SHOW COLUMNS FROM `sys_user` [ RunTime:0.055003s ]
SQL: SELECT * FROM `sys_user` WHERE ( `id` = '8cd0af5bf6f84319ad3963aa06e89b90' ) LIMIT 1   [ RunTime:0.053003s ]
NOTIC: [8] curl_setopt(): CURLOPT_SSL_VERIFYHOST no longer accepts the value 1, value 2 will be used instead F:\WWW\install\APP\Modules\Home\Action\jssdk.php 第 99 行.
NOTIC: [8] Trying to get property of non-object F:\WWW\install\APP\Modules\Home\Action\jssdk.php 第 78 行.
NOTIC: [8] curl_setopt(): CURLOPT_SSL_VERIFYHOST no longer accepts the value 1, value 2 will be used instead F:\WWW\install\APP\Modules\Home\Action\jssdk.php 第 99 行.
NOTIC: [8] Trying to get property of non-object F:\WWW\install\APP\Modules\Home\Action\jssdk.php 第 55 行.
SQL: SHOW COLUMNS FROM `device_group_info` [ RunTime:0.047003s ]
SQL: SELECT * FROM `device_group_info` WHERE ( `status` = 1 ) AND ( `create_by` = '8cd0af5bf6f84319ad3963aa06e89b90' ) ORDER BY create_time desc  [ RunTime:0.048003s ]

[ 2016-06-15T11:36:21+08:00 ] 0.0.0.0 /install/index.php?m=Index&a=index
INFO: [ app_begin ] --START--
INFO: ReadHtmlCache Behavior ::run [ RunTime:0.004000s ]
INFO: [ app_begin ] --END-- [ RunTime:0.004000s ]
NOTIC: [8] Use of undefined constant THEME_PATH - assumed 'THEME_PATH' F:\WWW\install\APP\Modules\Home\Action\BaseAction.class.php 第 15 行.
NOTIC: [8] Undefined index: openid F:\WWW\install\APP\Modules\Home\Action\BaseAction.class.php 第 18 行.
SQL: SHOW COLUMNS FROM `sys_user` [ RunTime:0.052003s ]
SQL: SELECT * FROM `sys_user` WHERE ( `id` = '8cd0af5bf6f84319ad3963aa06e89b90' ) LIMIT 1   [ RunTime:0.052003s ]
NOTIC: [8] curl_setopt(): CURLOPT_SSL_VERIFYHOST no longer accepts the value 1, value 2 will be used instead F:\WWW\install\APP\Modules\Home\Action\jssdk.php 第 99 行.
NOTIC: [8] Trying to get property of non-object F:\WWW\install\APP\Modules\Home\Action\jssdk.php 第 78 行.
NOTIC: [8] curl_setopt(): CURLOPT_SSL_VERIFYHOST no longer accepts the value 1, value 2 will be used instead F:\WWW\install\APP\Modules\Home\Action\jssdk.php 第 99 行.
NOTIC: [8] Trying to get property of non-object F:\WWW\install\APP\Modules\Home\Action\jssdk.php 第 55 行.
INFO: [ view_parse ] --START--
NOTIC: [8] Use of undefined constant pc - assumed 'pc' F:\WWW\install\APP\Runtime\Cache\Home\b71efac2c45dfbbb12a5b9b57341de1f.php 第 129 行.
NOTIC: [8] Use of undefined constant index - assumed 'index' F:\WWW\install\APP\Runtime\Cache\Home\b71efac2c45dfbbb12a5b9b57341de1f.php 第 144 行.
NOTIC: [8] Use of undefined constant device - assumed 'device' F:\WWW\install\APP\Runtime\Cache\Home\b71efac2c45dfbbb12a5b9b57341de1f.php 第 147 行.
NOTIC: [8] Use of undefined constant group - assumed 'group' F:\WWW\install\APP\Runtime\Cache\Home\b71efac2c45dfbbb12a5b9b57341de1f.php 第 150 行.
NOTIC: [8] Use of undefined constant personal - assumed 'personal' F:\WWW\install\APP\Runtime\Cache\Home\b71efac2c45dfbbb12a5b9b57341de1f.php 第 153 行.
INFO: ParseTemplate Behavior ::run [ RunTime:0.037002s ]
INFO: [ view_parse ] --END-- [ RunTime:0.037002s ]
INFO: [ view_filter ] --START--
INFO: ContentReplace Behavior ::run [ RunTime:0.004000s ]
INFO: TokenBuild Behavior ::run [ RunTime:0.004000s ]
INFO: WriteHtmlCache Behavior ::run [ RunTime:0.003000s ]
INFO: ShowRuntime Behavior ::run [ RunTime:0.002001s ]
INFO: [ view_filter ] --END-- [ RunTime:0.013001s ]
INFO: [ view_end ] --START--
INFO: ShowPageTrace Behavior ::run [ RunTime:0.003000s ]
INFO: [ view_end ] --END-- [ RunTime:0.003000s ]

[ 2016-06-15T11:36:25+08:00 ] 0.0.0.0 /install/index.php?m=Index&a=query_device_group
INFO: [ app_begin ] --START--
INFO: ReadHtmlCache Behavior ::run [ RunTime:0.004001s ]
INFO: [ app_begin ] --END-- [ RunTime:0.004001s ]
NOTIC: [8] Use of undefined constant THEME_PATH - assumed 'THEME_PATH' F:\WWW\install\APP\Modules\Home\Action\BaseAction.class.php 第 15 行.
NOTIC: [8] Undefined index: openid F:\WWW\install\APP\Modules\Home\Action\BaseAction.class.php 第 18 行.
SQL: SHOW COLUMNS FROM `sys_user` [ RunTime:0.045003s ]
SQL: SELECT * FROM `sys_user` WHERE ( `id` = '8cd0af5bf6f84319ad3963aa06e89b90' ) LIMIT 1   [ RunTime:0.044002s ]
NOTIC: [8] curl_setopt(): CURLOPT_SSL_VERIFYHOST no longer accepts the value 1, value 2 will be used instead F:\WWW\install\APP\Modules\Home\Action\jssdk.php 第 99 行.
NOTIC: [8] Trying to get property of non-object F:\WWW\install\APP\Modules\Home\Action\jssdk.php 第 78 行.
NOTIC: [8] curl_setopt(): CURLOPT_SSL_VERIFYHOST no longer accepts the value 1, value 2 will be used instead F:\WWW\install\APP\Modules\Home\Action\jssdk.php 第 99 行.
NOTIC: [8] Trying to get property of non-object F:\WWW\install\APP\Modules\Home\Action\jssdk.php 第 55 行.
SQL: SHOW COLUMNS FROM `device_group_info` [ RunTime:0.044002s ]
SQL: SELECT * FROM `device_group_info` WHERE ( `status` = 1 ) AND ( `create_by` = '8cd0af5bf6f84319ad3963aa06e89b90' ) ORDER BY create_time desc  [ RunTime:0.088005s ]

[ 2016-06-15T11:36:30+08:00 ] 0.0.0.0 /install/index.php?m=Index&a=hard_device_code_exists
INFO: [ app_begin ] --START--
INFO: ReadHtmlCache Behavior ::run [ RunTime:0.001000s ]
INFO: [ app_begin ] --END-- [ RunTime:0.001000s ]
NOTIC: [8] Use of undefined constant THEME_PATH - assumed 'THEME_PATH' F:\WWW\install\APP\Modules\Home\Action\BaseAction.class.php 第 15 行.
NOTIC: [8] Undefined index: openid F:\WWW\install\APP\Modules\Home\Action\BaseAction.class.php 第 18 行.
SQL: SHOW COLUMNS FROM `sys_user` [ RunTime:0.303018s ]
SQL: SELECT * FROM `sys_user` WHERE ( `id` = '8cd0af5bf6f84319ad3963aa06e89b90' ) LIMIT 1   [ RunTime:0.052003s ]
NOTIC: [8] curl_setopt(): CURLOPT_SSL_VERIFYHOST no longer accepts the value 1, value 2 will be used instead F:\WWW\install\APP\Modules\Home\Action\jssdk.php 第 99 行.
NOTIC: [8] Trying to get property of non-object F:\WWW\install\APP\Modules\Home\Action\jssdk.php 第 78 行.
NOTIC: [8] curl_setopt(): CURLOPT_SSL_VERIFYHOST no longer accepts the value 1, value 2 will be used instead F:\WWW\install\APP\Modules\Home\Action\jssdk.php 第 99 行.
NOTIC: [8] Trying to get property of non-object F:\WWW\install\APP\Modules\Home\Action\jssdk.php 第 55 行.
SQL: SHOW COLUMNS FROM `ter_device` [ RunTime:0.052003s ]
SQL: SELECT * FROM `ter_device` WHERE ( `device_command` = 'CHWDWX01' ) AND ( `del_flag` = '0' ) LIMIT 1   [ RunTime:0.354020s ]

[ 2016-06-15T11:36:31+08:00 ] 0.0.0.0 /install/index.php?m=Index&a=hard_device_code_exists
INFO: [ app_begin ] --START--
INFO: ReadHtmlCache Behavior ::run [ RunTime:0.003000s ]
INFO: [ app_begin ] --END-- [ RunTime:0.003000s ]
NOTIC: [8] Use of undefined constant THEME_PATH - assumed 'THEME_PATH' F:\WWW\install\APP\Modules\Home\Action\BaseAction.class.php 第 15 行.
NOTIC: [8] Undefined index: openid F:\WWW\install\APP\Modules\Home\Action\BaseAction.class.php 第 18 行.
SQL: SHOW COLUMNS FROM `sys_user` [ RunTime:0.056003s ]
SQL: SELECT * FROM `sys_user` WHERE ( `id` = '8cd0af5bf6f84319ad3963aa06e89b90' ) LIMIT 1   [ RunTime:0.052003s ]
NOTIC: [8] curl_setopt(): CURLOPT_SSL_VERIFYHOST no longer accepts the value 1, value 2 will be used instead F:\WWW\install\APP\Modules\Home\Action\jssdk.php 第 99 行.
NOTIC: [8] Trying to get property of non-object F:\WWW\install\APP\Modules\Home\Action\jssdk.php 第 78 行.
NOTIC: [8] curl_setopt(): CURLOPT_SSL_VERIFYHOST no longer accepts the value 1, value 2 will be used instead F:\WWW\install\APP\Modules\Home\Action\jssdk.php 第 99 行.
NOTIC: [8] Trying to get property of non-object F:\WWW\install\APP\Modules\Home\Action\jssdk.php 第 55 行.
SQL: SHOW COLUMNS FROM `ter_device` [ RunTime:0.050003s ]
SQL: SELECT * FROM `ter_device` WHERE ( `device_command` = 'CHWDWX01' ) AND ( `del_flag` = '0' ) LIMIT 1   [ RunTime:0.051003s ]

[ 2016-06-15T11:36:33+08:00 ] 0.0.0.0 /install/index.php?m=Index&a=hard_device_code_exists
INFO: [ app_begin ] --START--
INFO: ReadHtmlCache Behavior ::run [ RunTime:0.002000s ]
INFO: [ app_begin ] --END-- [ RunTime:0.002000s ]
NOTIC: [8] Use of undefined constant THEME_PATH - assumed 'THEME_PATH' F:\WWW\install\APP\Modules\Home\Action\BaseAction.class.php 第 15 行.
NOTIC: [8] Undefined index: openid F:\WWW\install\APP\Modules\Home\Action\BaseAction.class.php 第 18 行.
SQL: SHOW COLUMNS FROM `sys_user` [ RunTime:0.051003s ]
SQL: SELECT * FROM `sys_user` WHERE ( `id` = '8cd0af5bf6f84319ad3963aa06e89b90' ) LIMIT 1   [ RunTime:0.051003s ]
NOTIC: [8] curl_setopt(): CURLOPT_SSL_VERIFYHOST no longer accepts the value 1, value 2 will be used instead F:\WWW\install\APP\Modules\Home\Action\jssdk.php 第 99 行.
NOTIC: [8] Trying to get property of non-object F:\WWW\install\APP\Modules\Home\Action\jssdk.php 第 78 行.
NOTIC: [8] curl_setopt(): CURLOPT_SSL_VERIFYHOST no longer accepts the value 1, value 2 will be used instead F:\WWW\install\APP\Modules\Home\Action\jssdk.php 第 99 行.
NOTIC: [8] Trying to get property of non-object F:\WWW\install\APP\Modules\Home\Action\jssdk.php 第 55 行.
SQL: SHOW COLUMNS FROM `ter_device` [ RunTime:0.050003s ]
SQL: SELECT * FROM `ter_device` WHERE ( `device_command` = '' ) AND ( `del_flag` = '0' ) LIMIT 1   [ RunTime:0.051003s ]

[ 2016-06-15T11:36:33+08:00 ] 0.0.0.0 /install/index.php?m=Index&a=hard_device_code_exists
INFO: [ app_begin ] --START--
INFO: ReadHtmlCache Behavior ::run [ RunTime:0.001000s ]
INFO: [ app_begin ] --END-- [ RunTime:0.001000s ]
NOTIC: [8] Use of undefined constant THEME_PATH - assumed 'THEME_PATH' F:\WWW\install\APP\Modules\Home\Action\BaseAction.class.php 第 15 行.
NOTIC: [8] Undefined index: openid F:\WWW\install\APP\Modules\Home\Action\BaseAction.class.php 第 18 行.
SQL: SHOW COLUMNS FROM `sys_user` [ RunTime:0.046003s ]
SQL: SELECT * FROM `sys_user` WHERE ( `id` = '8cd0af5bf6f84319ad3963aa06e89b90' ) LIMIT 1   [ RunTime:0.047002s ]
NOTIC: [8] curl_setopt(): CURLOPT_SSL_VERIFYHOST no longer accepts the value 1, value 2 will be used instead F:\WWW\install\APP\Modules\Home\Action\jssdk.php 第 99 行.
NOTIC: [8] Trying to get property of non-object F:\WWW\install\APP\Modules\Home\Action\jssdk.php 第 78 行.
NOTIC: [8] curl_setopt(): CURLOPT_SSL_VERIFYHOST no longer accepts the value 1, value 2 will be used instead F:\WWW\install\APP\Modules\Home\Action\jssdk.php 第 99 行.
NOTIC: [8] Trying to get property of non-object F:\WWW\install\APP\Modules\Home\Action\jssdk.php 第 55 行.
SQL: SHOW COLUMNS FROM `ter_device` [ RunTime:0.046002s ]
SQL: SELECT * FROM `ter_device` WHERE ( `device_command` = '' ) AND ( `del_flag` = '0' ) LIMIT 1   [ RunTime:0.047002s ]

[ 2016-06-15T11:36:34+08:00 ] 0.0.0.0 /install/index.php?m=Index&a=soft_device_code_exists
INFO: [ app_begin ] --START--
INFO: ReadHtmlCache Behavior ::run [ RunTime:0.004000s ]
INFO: [ app_begin ] --END-- [ RunTime:0.004000s ]
NOTIC: [8] Use of undefined constant THEME_PATH - assumed 'THEME_PATH' F:\WWW\install\APP\Modules\Home\Action\BaseAction.class.php 第 15 行.
NOTIC: [8] Undefined index: openid F:\WWW\install\APP\Modules\Home\Action\BaseAction.class.php 第 18 行.
SQL: SHOW COLUMNS FROM `sys_user` [ RunTime:0.052003s ]
SQL: SELECT * FROM `sys_user` WHERE ( `id` = '8cd0af5bf6f84319ad3963aa06e89b90' ) LIMIT 1   [ RunTime:0.051003s ]
NOTIC: [8] curl_setopt(): CURLOPT_SSL_VERIFYHOST no longer accepts the value 1, value 2 will be used instead F:\WWW\install\APP\Modules\Home\Action\jssdk.php 第 99 行.
NOTIC: [8] Trying to get property of non-object F:\WWW\install\APP\Modules\Home\Action\jssdk.php 第 78 行.
NOTIC: [8] curl_setopt(): CURLOPT_SSL_VERIFYHOST no longer accepts the value 1, value 2 will be used instead F:\WWW\install\APP\Modules\Home\Action\jssdk.php 第 99 行.
NOTIC: [8] Trying to get property of non-object F:\WWW\install\APP\Modules\Home\Action\jssdk.php 第 55 行.
SQL: SHOW COLUMNS FROM `ter_device` [ RunTime:0.053003s ]
SQL: SELECT * FROM `ter_device` WHERE ( `device_code` = 'CHWDWX01' ) AND ( `del_flag` = '0' ) LIMIT 1   [ RunTime:0.052003s ]

[ 2016-06-15T11:36:34+08:00 ] 0.0.0.0 /install/index.php?m=Index&a=soft_device_code_exists
INFO: [ app_begin ] --START--
INFO: ReadHtmlCache Behavior ::run [ RunTime:0.001000s ]
INFO: [ app_begin ] --END-- [ RunTime:0.001000s ]
NOTIC: [8] Use of undefined constant THEME_PATH - assumed 'THEME_PATH' F:\WWW\install\APP\Modules\Home\Action\BaseAction.class.php 第 15 行.
NOTIC: [8] Undefined index: openid F:\WWW\install\APP\Modules\Home\Action\BaseAction.class.php 第 18 行.
SQL: SHOW COLUMNS FROM `sys_user` [ RunTime:0.046003s ]
SQL: SELECT * FROM `sys_user` WHERE ( `id` = '8cd0af5bf6f84319ad3963aa06e89b90' ) LIMIT 1   [ RunTime:0.045002s ]
NOTIC: [8] curl_setopt(): CURLOPT_SSL_VERIFYHOST no longer accepts the value 1, value 2 will be used instead F:\WWW\install\APP\Modules\Home\Action\jssdk.php 第 99 行.
NOTIC: [8] Trying to get property of non-object F:\WWW\install\APP\Modules\Home\Action\jssdk.php 第 78 行.
NOTIC: [8] curl_setopt(): CURLOPT_SSL_VERIFYHOST no longer accepts the value 1, value 2 will be used instead F:\WWW\install\APP\Modules\Home\Action\jssdk.php 第 99 行.
NOTIC: [8] Trying to get property of non-object F:\WWW\install\APP\Modules\Home\Action\jssdk.php 第 55 行.
SQL: SHOW COLUMNS FROM `ter_device` [ RunTime:0.046003s ]
SQL: SELECT * FROM `ter_device` WHERE ( `device_code` = 'CHWDWX01' ) AND ( `del_flag` = '0' ) LIMIT 1   [ RunTime:0.046003s ]

[ 2016-06-15T11:36:48+08:00 ] 0.0.0.0 /install/index.php?m=Index&a=hard_device_code_exists
INFO: [ app_begin ] --START--
INFO: ReadHtmlCache Behavior ::run [ RunTime:0.002000s ]
INFO: [ app_begin ] --END-- [ RunTime:0.002000s ]
NOTIC: [8] Use of undefined constant THEME_PATH - assumed 'THEME_PATH' F:\WWW\install\APP\Modules\Home\Action\BaseAction.class.php 第 15 行.
NOTIC: [8] Undefined index: openid F:\WWW\install\APP\Modules\Home\Action\BaseAction.class.php 第 18 行.
SQL: SHOW COLUMNS FROM `sys_user` [ RunTime:0.051003s ]
SQL: SELECT * FROM `sys_user` WHERE ( `id` = '8cd0af5bf6f84319ad3963aa06e89b90' ) LIMIT 1   [ RunTime:0.051003s ]
NOTIC: [8] curl_setopt(): CURLOPT_SSL_VERIFYHOST no longer accepts the value 1, value 2 will be used instead F:\WWW\install\APP\Modules\Home\Action\jssdk.php 第 99 行.
NOTIC: [8] Trying to get property of non-object F:\WWW\install\APP\Modules\Home\Action\jssdk.php 第 78 行.
NOTIC: [8] curl_setopt(): CURLOPT_SSL_VERIFYHOST no longer accepts the value 1, value 2 will be used instead F:\WWW\install\APP\Modules\Home\Action\jssdk.php 第 99 行.
NOTIC: [8] Trying to get property of non-object F:\WWW\install\APP\Modules\Home\Action\jssdk.php 第 55 行.
SQL: SHOW COLUMNS FROM `ter_device` [ RunTime:0.050003s ]
SQL: SELECT * FROM `ter_device` WHERE ( `device_command` = '86610402533603' ) AND ( `del_flag` = '0' ) LIMIT 1   [ RunTime:0.050003s ]

[ 2016-06-15T11:36:49+08:00 ] 0.0.0.0 /install/index.php?m=Index&a=hard_device_code_exists
INFO: [ app_begin ] --START--
INFO: ReadHtmlCache Behavior ::run [ RunTime:0.002001s ]
INFO: [ app_begin ] --END-- [ RunTime:0.002001s ]
NOTIC: [8] Use of undefined constant THEME_PATH - assumed 'THEME_PATH' F:\WWW\install\APP\Modules\Home\Action\BaseAction.class.php 第 15 行.
NOTIC: [8] Undefined index: openid F:\WWW\install\APP\Modules\Home\Action\BaseAction.class.php 第 18 行.
SQL: SHOW COLUMNS FROM `sys_user` [ RunTime:0.051003s ]
SQL: SELECT * FROM `sys_user` WHERE ( `id` = '8cd0af5bf6f84319ad3963aa06e89b90' ) LIMIT 1   [ RunTime:0.052003s ]
NOTIC: [8] curl_setopt(): CURLOPT_SSL_VERIFYHOST no longer accepts the value 1, value 2 will be used instead F:\WWW\install\APP\Modules\Home\Action\jssdk.php 第 99 行.
NOTIC: [8] Trying to get property of non-object F:\WWW\install\APP\Modules\Home\Action\jssdk.php 第 78 行.
NOTIC: [8] curl_setopt(): CURLOPT_SSL_VERIFYHOST no longer accepts the value 1, value 2 will be used instead F:\WWW\install\APP\Modules\Home\Action\jssdk.php 第 99 行.
NOTIC: [8] Trying to get property of non-object F:\WWW\install\APP\Modules\Home\Action\jssdk.php 第 55 行.
SQL: SHOW COLUMNS FROM `ter_device` [ RunTime:0.050003s ]
SQL: SELECT * FROM `ter_device` WHERE ( `device_command` = '86610402533603' ) AND ( `del_flag` = '0' ) LIMIT 1   [ RunTime:0.051003s ]

[ 2016-06-15T11:36:53+08:00 ] 0.0.0.0 /install/index.php?m=Index&a=submit_device_infos
INFO: [ app_begin ] --START--
INFO: ReadHtmlCache Behavior ::run [ RunTime:0.001000s ]
INFO: [ app_begin ] --END-- [ RunTime:0.001000s ]
NOTIC: [8] Use of undefined constant THEME_PATH - assumed 'THEME_PATH' F:\WWW\install\APP\Modules\Home\Action\BaseAction.class.php 第 15 行.
NOTIC: [8] Undefined index: openid F:\WWW\install\APP\Modules\Home\Action\BaseAction.class.php 第 18 行.
SQL: SHOW COLUMNS FROM `sys_user` [ RunTime:0.046002s ]
SQL: SELECT * FROM `sys_user` WHERE ( `id` = '8cd0af5bf6f84319ad3963aa06e89b90' ) LIMIT 1   [ RunTime:0.045002s ]
NOTIC: [8] curl_setopt(): CURLOPT_SSL_VERIFYHOST no longer accepts the value 1, value 2 will be used instead F:\WWW\install\APP\Modules\Home\Action\jssdk.php 第 99 行.
NOTIC: [8] Trying to get property of non-object F:\WWW\install\APP\Modules\Home\Action\jssdk.php 第 78 行.
NOTIC: [8] curl_setopt(): CURLOPT_SSL_VERIFYHOST no longer accepts the value 1, value 2 will be used instead F:\WWW\install\APP\Modules\Home\Action\jssdk.php 第 99 行.
NOTIC: [8] Trying to get property of non-object F:\WWW\install\APP\Modules\Home\Action\jssdk.php 第 55 行.
SQL: SHOW COLUMNS FROM `ter_device` [ RunTime:0.045003s ]
SQL: SELECT * FROM `ter_device` WHERE ( `del_flag` = 0 ) AND ( `device_code` = 'CHWDWX01' ) LIMIT 1   [ RunTime:0.044003s ]
SQL: SHOW COLUMNS FROM `weixin_pay_config` [ RunTime:0.044002s ]
SQL: SELECT * FROM `weixin_pay_config` WHERE ( `status` = 1 ) AND ( `company_id` = '1' ) LIMIT 1   [ RunTime:0.045002s ]
SQL: UPDATE `ter_device` SET `device_command`='86610402533603',`another_name`='12334',`set_status`=1,`device_status`=1,`status`=1,`p_version`=1,`pay_price`=1,`payconfig_id`=null WHERE ( `device_code` = 'CHWDWX01' ) [ RunTime:0.045003s ]
SQL: SELECT * FROM `ter_device` WHERE ( `device_command` = '86610402533603' ) AND ( `status` = 1 ) AND ( `del_flag` = 0 ) LIMIT 1   [ RunTime:0.044002s ]
SQL: SHOW COLUMNS FROM `device_group` [ RunTime:0.045003s ]
SQL: SELECT * FROM `device_group` WHERE ( `device_command` = '86610402533603' ) AND ( `del_flag` = 0 ) LIMIT 1   [ RunTime:0.045002s ]
SQL: INSERT INTO `device_group` (`id`,`group_id`,`group_code`,`device_id`,`device_code`,`device_command`,`pay_price`,`update_by`,`ords`,`status`,`create_time`) VALUES ('43c142b478feb3d261e31ce24843d13d','6025c1daa2555a06242c8aed5502f203','A','006d763403764f799a4801a7fcd20415','CHWDWX01','86610402533603',1,'8cd0af5bf6f84319ad3963aa06e89b90',1,1,'2016-06-15 11:36:53') [ RunTime:0.045003s ]

[ 2016-06-15T11:36:55+08:00 ] 0.0.0.0 /install/index.php?m=Index&a=device
INFO: [ app_begin ] --START--
INFO: ReadHtmlCache Behavior ::run [ RunTime:0.001000s ]
INFO: [ app_begin ] --END-- [ RunTime:0.001000s ]
NOTIC: [8] Use of undefined constant THEME_PATH - assumed 'THEME_PATH' F:\WWW\install\APP\Modules\Home\Action\BaseAction.class.php 第 15 行.
NOTIC: [8] Undefined index: openid F:\WWW\install\APP\Modules\Home\Action\BaseAction.class.php 第 18 行.
SQL: SHOW COLUMNS FROM `sys_user` [ RunTime:0.051003s ]
SQL: SELECT * FROM `sys_user` WHERE ( `id` = '8cd0af5bf6f84319ad3963aa06e89b90' ) LIMIT 1   [ RunTime:0.049003s ]
NOTIC: [8] curl_setopt(): CURLOPT_SSL_VERIFYHOST no longer accepts the value 1, value 2 will be used instead F:\WWW\install\APP\Modules\Home\Action\jssdk.php 第 99 行.
NOTIC: [8] Trying to get property of non-object F:\WWW\install\APP\Modules\Home\Action\jssdk.php 第 78 行.
NOTIC: [8] curl_setopt(): CURLOPT_SSL_VERIFYHOST no longer accepts the value 1, value 2 will be used instead F:\WWW\install\APP\Modules\Home\Action\jssdk.php 第 99 行.
NOTIC: [8] Trying to get property of non-object F:\WWW\install\APP\Modules\Home\Action\jssdk.php 第 55 行.
INFO: [ view_parse ] --START--
INFO: ParseTemplate Behavior ::run [ RunTime:0.041002s ]
INFO: [ view_parse ] --END-- [ RunTime:0.042002s ]
INFO: [ view_filter ] --START--
INFO: ContentReplace Behavior ::run [ RunTime:0.001000s ]
INFO: TokenBuild Behavior ::run [ RunTime:0.002000s ]
INFO: WriteHtmlCache Behavior ::run [ RunTime:0.001000s ]
INFO: ShowRuntime Behavior ::run [ RunTime:0.001000s ]
INFO: [ view_filter ] --END-- [ RunTime:0.006001s ]
INFO: [ view_end ] --START--
INFO: ShowPageTrace Behavior ::run [ RunTime:0.002000s ]
INFO: [ view_end ] --END-- [ RunTime:0.002000s ]

[ 2016-06-15T11:36:56+08:00 ] 0.0.0.0 /install/index.php?m=Index&a=query_24h_devices
INFO: [ app_begin ] --START--
INFO: ReadHtmlCache Behavior ::run [ RunTime:0.003001s ]
INFO: [ app_begin ] --END-- [ RunTime:0.004001s ]
NOTIC: [8] Use of undefined constant THEME_PATH - assumed 'THEME_PATH' F:\WWW\install\APP\Modules\Home\Action\BaseAction.class.php 第 15 行.
NOTIC: [8] Undefined index: openid F:\WWW\install\APP\Modules\Home\Action\BaseAction.class.php 第 18 行.
SQL: SHOW COLUMNS FROM `sys_user` [ RunTime:0.051003s ]
SQL: SELECT * FROM `sys_user` WHERE ( `id` = '8cd0af5bf6f84319ad3963aa06e89b90' ) LIMIT 1   [ RunTime:0.049003s ]
NOTIC: [8] curl_setopt(): CURLOPT_SSL_VERIFYHOST no longer accepts the value 1, value 2 will be used instead F:\WWW\install\APP\Modules\Home\Action\jssdk.php 第 99 行.
NOTIC: [8] Trying to get property of non-object F:\WWW\install\APP\Modules\Home\Action\jssdk.php 第 78 行.
NOTIC: [8] curl_setopt(): CURLOPT_SSL_VERIFYHOST no longer accepts the value 1, value 2 will be used instead F:\WWW\install\APP\Modules\Home\Action\jssdk.php 第 99 行.
NOTIC: [8] Trying to get property of non-object F:\WWW\install\APP\Modules\Home\Action\jssdk.php 第 55 行.
SQL: SHOW COLUMNS FROM `device_group` [ RunTime:0.049003s ]
SQL: SELECT device_group.*,di.group_name FROM `device_group` LEFT JOIN device_group_info di on di.id = device_group.group_id WHERE ( device_group.update_by = '8cd0af5bf6f84319ad3963aa06e89b90' ) AND ( device_group.create_time >= '2016-06-15 00:00:00' ) AND ( device_group.del_flag = 0 ) ORDER BY device_group.create_time desc  [ RunTime:0.050003s ]

[ 2016-06-15T14:02:01+08:00 ] 0.0.0.0 /install/index.php?m=Index&a=index
INFO: [ app_begin ] --START--
INFO: ReadHtmlCache Behavior ::run [ RunTime:0.003001s ]
INFO: [ app_begin ] --END-- [ RunTime:0.003001s ]
NOTIC: [8] Use of undefined constant THEME_PATH - assumed 'THEME_PATH' F:\WWW\install\APP\Modules\Home\Action\BaseAction.class.php 第 15 行.
NOTIC: [8] Undefined index: openid F:\WWW\install\APP\Modules\Home\Action\BaseAction.class.php 第 18 行.
SQL: SHOW COLUMNS FROM `sys_user` [ RunTime:0.045003s ]
SQL: SELECT * FROM `sys_user` WHERE ( `id` = '8cd0af5bf6f84319ad3963aa06e89b90' ) LIMIT 1   [ RunTime:0.045002s ]
NOTIC: [8] curl_setopt(): CURLOPT_SSL_VERIFYHOST no longer accepts the value 1, value 2 will be used instead F:\WWW\install\APP\Modules\Home\Action\jssdk.php 第 99 行.
NOTIC: [8] Trying to get property of non-object F:\WWW\install\APP\Modules\Home\Action\jssdk.php 第 78 行.
NOTIC: [8] curl_setopt(): CURLOPT_SSL_VERIFYHOST no longer accepts the value 1, value 2 will be used instead F:\WWW\install\APP\Modules\Home\Action\jssdk.php 第 99 行.
NOTIC: [8] Trying to get property of non-object F:\WWW\install\APP\Modules\Home\Action\jssdk.php 第 55 行.
INFO: [ view_parse ] --START--
NOTIC: [8] Use of undefined constant pc - assumed 'pc' F:\WWW\install\APP\Runtime\Cache\Home\b71efac2c45dfbbb12a5b9b57341de1f.php 第 129 行.
NOTIC: [8] Use of undefined constant index - assumed 'index' F:\WWW\install\APP\Runtime\Cache\Home\b71efac2c45dfbbb12a5b9b57341de1f.php 第 144 行.
NOTIC: [8] Use of undefined constant device - assumed 'device' F:\WWW\install\APP\Runtime\Cache\Home\b71efac2c45dfbbb12a5b9b57341de1f.php 第 147 行.
NOTIC: [8] Use of undefined constant group - assumed 'group' F:\WWW\install\APP\Runtime\Cache\Home\b71efac2c45dfbbb12a5b9b57341de1f.php 第 150 行.
NOTIC: [8] Use of undefined constant personal - assumed 'personal' F:\WWW\install\APP\Runtime\Cache\Home\b71efac2c45dfbbb12a5b9b57341de1f.php 第 153 行.
INFO: ParseTemplate Behavior ::run [ RunTime:0.040003s ]
INFO: [ view_parse ] --END-- [ RunTime:0.040003s ]
INFO: [ view_filter ] --START--
INFO: ContentReplace Behavior ::run [ RunTime:0.002000s ]
INFO: TokenBuild Behavior ::run [ RunTime:0.002000s ]
INFO: WriteHtmlCache Behavior ::run [ RunTime:0.002000s ]
INFO: ShowRuntime Behavior ::run [ RunTime:0.001000s ]
INFO: [ view_filter ] --END-- [ RunTime:0.008000s ]
INFO: [ view_end ] --START--
INFO: ShowPageTrace Behavior ::run [ RunTime:0.003000s ]
INFO: [ view_end ] --END-- [ RunTime:0.003000s ]

[ 2016-06-15T14:02:02+08:00 ] 0.0.0.0 /install/index.php?m=Index&a=query_device_group
INFO: [ app_begin ] --START--
INFO: ReadHtmlCache Behavior ::run [ RunTime:0.002000s ]
INFO: [ app_begin ] --END-- [ RunTime:0.002000s ]
NOTIC: [8] Use of undefined constant THEME_PATH - assumed 'THEME_PATH' F:\WWW\install\APP\Modules\Home\Action\BaseAction.class.php 第 15 行.
NOTIC: [8] Undefined index: openid F:\WWW\install\APP\Modules\Home\Action\BaseAction.class.php 第 18 行.
SQL: SHOW COLUMNS FROM `sys_user` [ RunTime:0.052003s ]
SQL: SELECT * FROM `sys_user` WHERE ( `id` = '8cd0af5bf6f84319ad3963aa06e89b90' ) LIMIT 1   [ RunTime:0.052003s ]
NOTIC: [8] curl_setopt(): CURLOPT_SSL_VERIFYHOST no longer accepts the value 1, value 2 will be used instead F:\WWW\install\APP\Modules\Home\Action\jssdk.php 第 99 行.
NOTIC: [8] Trying to get property of non-object F:\WWW\install\APP\Modules\Home\Action\jssdk.php 第 78 行.
NOTIC: [8] curl_setopt(): CURLOPT_SSL_VERIFYHOST no longer accepts the value 1, value 2 will be used instead F:\WWW\install\APP\Modules\Home\Action\jssdk.php 第 99 行.
NOTIC: [8] Trying to get property of non-object F:\WWW\install\APP\Modules\Home\Action\jssdk.php 第 55 行.
SQL: SHOW COLUMNS FROM `device_group_info` [ RunTime:0.050003s ]
SQL: SELECT * FROM `device_group_info` WHERE ( `status` = 1 ) AND ( `create_by` = '8cd0af5bf6f84319ad3963aa06e89b90' ) ORDER BY create_time desc  [ RunTime:0.052003s ]

[ 2016-06-15T14:02:04+08:00 ] 0.0.0.0 /install/index.php?m=Index&a=soft_device_code_exists
INFO: [ app_begin ] --START--
INFO: ReadHtmlCache Behavior ::run [ RunTime:0.001000s ]
INFO: [ app_begin ] --END-- [ RunTime:0.001000s ]
NOTIC: [8] Use of undefined constant THEME_PATH - assumed 'THEME_PATH' F:\WWW\install\APP\Modules\Home\Action\BaseAction.class.php 第 15 行.
NOTIC: [8] Undefined index: openid F:\WWW\install\APP\Modules\Home\Action\BaseAction.class.php 第 18 行.
SQL: SHOW COLUMNS FROM `sys_user` [ RunTime:0.050003s ]
SQL: SELECT * FROM `sys_user` WHERE ( `id` = '8cd0af5bf6f84319ad3963aa06e89b90' ) LIMIT 1   [ RunTime:0.048002s ]
NOTIC: [8] curl_setopt(): CURLOPT_SSL_VERIFYHOST no longer accepts the value 1, value 2 will be used instead F:\WWW\install\APP\Modules\Home\Action\jssdk.php 第 99 行.
NOTIC: [8] Trying to get property of non-object F:\WWW\install\APP\Modules\Home\Action\jssdk.php 第 78 行.
NOTIC: [8] curl_setopt(): CURLOPT_SSL_VERIFYHOST no longer accepts the value 1, value 2 will be used instead F:\WWW\install\APP\Modules\Home\Action\jssdk.php 第 99 行.
NOTIC: [8] Trying to get property of non-object F:\WWW\install\APP\Modules\Home\Action\jssdk.php 第 55 行.
SQL: SHOW COLUMNS FROM `ter_device` [ RunTime:0.049003s ]
SQL: SELECT * FROM `ter_device` WHERE ( `device_code` = 'CHWDWX02' ) AND ( `del_flag` = '0' ) LIMIT 1   [ RunTime:0.049002s ]

[ 2016-06-15T14:02:05+08:00 ] 0.0.0.0 /install/index.php?m=Index&a=soft_device_code_exists
INFO: [ app_begin ] --START--
INFO: ReadHtmlCache Behavior ::run [ RunTime:0.002000s ]
INFO: [ app_begin ] --END-- [ RunTime:0.002000s ]
NOTIC: [8] Use of undefined constant THEME_PATH - assumed 'THEME_PATH' F:\WWW\install\APP\Modules\Home\Action\BaseAction.class.php 第 15 行.
NOTIC: [8] Undefined index: openid F:\WWW\install\APP\Modules\Home\Action\BaseAction.class.php 第 18 行.
SQL: SHOW COLUMNS FROM `sys_user` [ RunTime:0.051003s ]
SQL: SELECT * FROM `sys_user` WHERE ( `id` = '8cd0af5bf6f84319ad3963aa06e89b90' ) LIMIT 1   [ RunTime:0.051002s ]
NOTIC: [8] curl_setopt(): CURLOPT_SSL_VERIFYHOST no longer accepts the value 1, value 2 will be used instead F:\WWW\install\APP\Modules\Home\Action\jssdk.php 第 99 行.
NOTIC: [8] Trying to get property of non-object F:\WWW\install\APP\Modules\Home\Action\jssdk.php 第 78 行.
NOTIC: [8] curl_setopt(): CURLOPT_SSL_VERIFYHOST no longer accepts the value 1, value 2 will be used instead F:\WWW\install\APP\Modules\Home\Action\jssdk.php 第 99 行.
NOTIC: [8] Trying to get property of non-object F:\WWW\install\APP\Modules\Home\Action\jssdk.php 第 55 行.
SQL: SHOW COLUMNS FROM `ter_device` [ RunTime:0.051003s ]
SQL: SELECT * FROM `ter_device` WHERE ( `device_code` = 'CHWDWX02' ) AND ( `del_flag` = '0' ) LIMIT 1   [ RunTime:0.051003s ]

[ 2016-06-15T14:02:13+08:00 ] 0.0.0.0 /install/index.php?m=Index&a=hard_device_code_exists
INFO: [ app_begin ] --START--
INFO: ReadHtmlCache Behavior ::run [ RunTime:0.002000s ]
INFO: [ app_begin ] --END-- [ RunTime:0.002000s ]
NOTIC: [8] Use of undefined constant THEME_PATH - assumed 'THEME_PATH' F:\WWW\install\APP\Modules\Home\Action\BaseAction.class.php 第 15 行.
NOTIC: [8] Undefined index: openid F:\WWW\install\APP\Modules\Home\Action\BaseAction.class.php 第 18 行.
SQL: SHOW COLUMNS FROM `sys_user` [ RunTime:0.048003s ]
SQL: SELECT * FROM `sys_user` WHERE ( `id` = '8cd0af5bf6f84319ad3963aa06e89b90' ) LIMIT 1   [ RunTime:0.047002s ]
NOTIC: [8] curl_setopt(): CURLOPT_SSL_VERIFYHOST no longer accepts the value 1, value 2 will be used instead F:\WWW\install\APP\Modules\Home\Action\jssdk.php 第 99 行.
NOTIC: [8] Trying to get property of non-object F:\WWW\install\APP\Modules\Home\Action\jssdk.php 第 78 行.
NOTIC: [8] curl_setopt(): CURLOPT_SSL_VERIFYHOST no longer accepts the value 1, value 2 will be used instead F:\WWW\install\APP\Modules\Home\Action\jssdk.php 第 99 行.
NOTIC: [8] Trying to get property of non-object F:\WWW\install\APP\Modules\Home\Action\jssdk.php 第 55 行.
SQL: SHOW COLUMNS FROM `ter_device` [ RunTime:0.047003s ]
SQL: SELECT * FROM `ter_device` WHERE ( `device_command` = '866104020530856' ) AND ( `del_flag` = '0' ) LIMIT 1   [ RunTime:0.047002s ]

[ 2016-06-15T14:02:14+08:00 ] 0.0.0.0 /install/index.php?m=Index&a=hard_device_code_exists
INFO: [ app_begin ] --START--
INFO: ReadHtmlCache Behavior ::run [ RunTime:0.002000s ]
INFO: [ app_begin ] --END-- [ RunTime:0.002000s ]
NOTIC: [8] Use of undefined constant THEME_PATH - assumed 'THEME_PATH' F:\WWW\install\APP\Modules\Home\Action\BaseAction.class.php 第 15 行.
NOTIC: [8] Undefined index: openid F:\WWW\install\APP\Modules\Home\Action\BaseAction.class.php 第 18 行.
SQL: SHOW COLUMNS FROM `sys_user` [ RunTime:0.045003s ]
SQL: SELECT * FROM `sys_user` WHERE ( `id` = '8cd0af5bf6f84319ad3963aa06e89b90' ) LIMIT 1   [ RunTime:0.044003s ]
NOTIC: [8] curl_setopt(): CURLOPT_SSL_VERIFYHOST no longer accepts the value 1, value 2 will be used instead F:\WWW\install\APP\Modules\Home\Action\jssdk.php 第 99 行.
NOTIC: [8] Trying to get property of non-object F:\WWW\install\APP\Modules\Home\Action\jssdk.php 第 78 行.
NOTIC: [8] curl_setopt(): CURLOPT_SSL_VERIFYHOST no longer accepts the value 1, value 2 will be used instead F:\WWW\install\APP\Modules\Home\Action\jssdk.php 第 99 行.
NOTIC: [8] Trying to get property of non-object F:\WWW\install\APP\Modules\Home\Action\jssdk.php 第 55 行.
SQL: SHOW COLUMNS FROM `ter_device` [ RunTime:0.043003s ]
SQL: SELECT * FROM `ter_device` WHERE ( `device_command` = '866104020530856' ) AND ( `del_flag` = '0' ) LIMIT 1   [ RunTime:0.043002s ]

[ 2016-06-15T14:02:21+08:00 ] 0.0.0.0 /install/index.php?m=Index&a=submit_device_infos
INFO: [ app_begin ] --START--
INFO: ReadHtmlCache Behavior ::run [ RunTime:0.001000s ]
INFO: [ app_begin ] --END-- [ RunTime:0.002000s ]
NOTIC: [8] Use of undefined constant THEME_PATH - assumed 'THEME_PATH' F:\WWW\install\APP\Modules\Home\Action\BaseAction.class.php 第 15 行.
NOTIC: [8] Undefined index: openid F:\WWW\install\APP\Modules\Home\Action\BaseAction.class.php 第 18 行.
SQL: SHOW COLUMNS FROM `sys_user` [ RunTime:0.047002s ]
SQL: SELECT * FROM `sys_user` WHERE ( `id` = '8cd0af5bf6f84319ad3963aa06e89b90' ) LIMIT 1   [ RunTime:0.047003s ]
NOTIC: [8] curl_setopt(): CURLOPT_SSL_VERIFYHOST no longer accepts the value 1, value 2 will be used instead F:\WWW\install\APP\Modules\Home\Action\jssdk.php 第 99 行.
NOTIC: [8] Trying to get property of non-object F:\WWW\install\APP\Modules\Home\Action\jssdk.php 第 78 行.
NOTIC: [8] curl_setopt(): CURLOPT_SSL_VERIFYHOST no longer accepts the value 1, value 2 will be used instead F:\WWW\install\APP\Modules\Home\Action\jssdk.php 第 99 行.
NOTIC: [8] Trying to get property of non-object F:\WWW\install\APP\Modules\Home\Action\jssdk.php 第 55 行.
SQL: SHOW COLUMNS FROM `ter_device` [ RunTime:0.047003s ]
SQL: SELECT * FROM `ter_device` WHERE ( `del_flag` = 0 ) AND ( `device_code` = 'CHWDWX02' ) LIMIT 1   [ RunTime:0.047002s ]
SQL: SHOW COLUMNS FROM `weixin_pay_config` [ RunTime:0.047003s ]
SQL: SELECT * FROM `weixin_pay_config` WHERE ( `status` = 1 ) AND ( `company_id` = '0' ) LIMIT 1   [ RunTime:0.046003s ]
SQL: UPDATE `ter_device` SET `device_command`='866104020530856',`another_name`='456675',`set_status`=1,`device_status`=1,`status`=1,`p_version`=1,`pay_price`=1,`payconfig_id`=null WHERE ( `device_code` = 'CHWDWX02' ) [ RunTime:0.044002s ]
SQL: SELECT * FROM `ter_device` WHERE ( `device_command` = '866104020530856' ) AND ( `status` = 1 ) AND ( `del_flag` = 0 ) LIMIT 1   [ RunTime:0.047003s ]
SQL: SHOW COLUMNS FROM `device_group` [ RunTime:0.046003s ]
SQL: SELECT * FROM `device_group` WHERE ( `device_command` = '866104020530856' ) AND ( `del_flag` = 0 ) LIMIT 1   [ RunTime:0.045002s ]
SQL: INSERT INTO `device_group` (`id`,`group_id`,`group_code`,`device_id`,`device_code`,`device_command`,`pay_price`,`update_by`,`ords`,`status`,`create_time`) VALUES ('4a1db101c238ed002f96b7210e44f8e3','6025c1daa2555a06242c8aed5502f203','B','234344556456','CHWDWX02','866104020530856',1,'8cd0af5bf6f84319ad3963aa06e89b90',2,1,'2016-06-15 14:02:21') [ RunTime:0.044003s ]

[ 2016-06-15T14:02:22+08:00 ] 0.0.0.0 /install/index.php?m=Index&a=device
INFO: [ app_begin ] --START--
INFO: ReadHtmlCache Behavior ::run [ RunTime:0.002000s ]
INFO: [ app_begin ] --END-- [ RunTime:0.002000s ]
NOTIC: [8] Use of undefined constant THEME_PATH - assumed 'THEME_PATH' F:\WWW\install\APP\Modules\Home\Action\BaseAction.class.php 第 15 行.
NOTIC: [8] Undefined index: openid F:\WWW\install\APP\Modules\Home\Action\BaseAction.class.php 第 18 行.
SQL: SHOW COLUMNS FROM `sys_user` [ RunTime:0.053003s ]
SQL: SELECT * FROM `sys_user` WHERE ( `id` = '8cd0af5bf6f84319ad3963aa06e89b90' ) LIMIT 1   [ RunTime:0.052003s ]
NOTIC: [8] curl_setopt(): CURLOPT_SSL_VERIFYHOST no longer accepts the value 1, value 2 will be used instead F:\WWW\install\APP\Modules\Home\Action\jssdk.php 第 99 行.
NOTIC: [8] Trying to get property of non-object F:\WWW\install\APP\Modules\Home\Action\jssdk.php 第 78 行.
NOTIC: [8] curl_setopt(): CURLOPT_SSL_VERIFYHOST no longer accepts the value 1, value 2 will be used instead F:\WWW\install\APP\Modules\Home\Action\jssdk.php 第 99 行.
NOTIC: [8] Trying to get property of non-object F:\WWW\install\APP\Modules\Home\Action\jssdk.php 第 55 行.
INFO: [ view_parse ] --START--
INFO: ParseTemplate Behavior ::run [ RunTime:0.019001s ]
INFO: [ view_parse ] --END-- [ RunTime:0.019001s ]
INFO: [ view_filter ] --START--
INFO: ContentReplace Behavior ::run [ RunTime:0.003000s ]
INFO: TokenBuild Behavior ::run [ RunTime:0.002000s ]
INFO: WriteHtmlCache Behavior ::run [ RunTime:0.001001s ]
INFO: ShowRuntime Behavior ::run [ RunTime:0.001000s ]
INFO: [ view_filter ] --END-- [ RunTime:0.007001s ]
INFO: [ view_end ] --START--
INFO: ShowPageTrace Behavior ::run [ RunTime:0.001000s ]
INFO: [ view_end ] --END-- [ RunTime:0.001000s ]

[ 2016-06-15T14:02:23+08:00 ] 0.0.0.0 /install/index.php?m=Index&a=query_24h_devices
INFO: [ app_begin ] --START--
INFO: ReadHtmlCache Behavior ::run [ RunTime:0.002000s ]
INFO: [ app_begin ] --END-- [ RunTime:0.002000s ]
NOTIC: [8] Use of undefined constant THEME_PATH - assumed 'THEME_PATH' F:\WWW\install\APP\Modules\Home\Action\BaseAction.class.php 第 15 行.
NOTIC: [8] Undefined index: openid F:\WWW\install\APP\Modules\Home\Action\BaseAction.class.php 第 18 行.
SQL: SHOW COLUMNS FROM `sys_user` [ RunTime:0.045003s ]
SQL: SELECT * FROM `sys_user` WHERE ( `id` = '8cd0af5bf6f84319ad3963aa06e89b90' ) LIMIT 1   [ RunTime:0.044002s ]
NOTIC: [8] curl_setopt(): CURLOPT_SSL_VERIFYHOST no longer accepts the value 1, value 2 will be used instead F:\WWW\install\APP\Modules\Home\Action\jssdk.php 第 99 行.
NOTIC: [8] Trying to get property of non-object F:\WWW\install\APP\Modules\Home\Action\jssdk.php 第 78 行.
NOTIC: [8] curl_setopt(): CURLOPT_SSL_VERIFYHOST no longer accepts the value 1, value 2 will be used instead F:\WWW\install\APP\Modules\Home\Action\jssdk.php 第 99 行.
NOTIC: [8] Trying to get property of non-object F:\WWW\install\APP\Modules\Home\Action\jssdk.php 第 55 行.
SQL: SHOW COLUMNS FROM `device_group` [ RunTime:0.044002s ]
SQL: SELECT device_group.*,di.group_name FROM `device_group` LEFT JOIN device_group_info di on di.id = device_group.group_id WHERE ( device_group.update_by = '8cd0af5bf6f84319ad3963aa06e89b90' ) AND ( device_group.create_time >= '2016-06-15 00:00:00' ) AND ( device_group.del_flag = 0 ) ORDER BY device_group.create_time desc  [ RunTime:0.045003s ]

[ 2016-06-15T14:03:02+08:00 ] 0.0.0.0 /install/index.php?m=Index&a=device
INFO: [ app_begin ] --START--
INFO: ReadHtmlCache Behavior ::run [ RunTime:0.002000s ]
INFO: [ app_begin ] --END-- [ RunTime:0.002000s ]
NOTIC: [8] Use of undefined constant THEME_PATH - assumed 'THEME_PATH' F:\WWW\install\APP\Modules\Home\Action\BaseAction.class.php 第 15 行.
NOTIC: [8] Undefined index: openid F:\WWW\install\APP\Modules\Home\Action\BaseAction.class.php 第 18 行.
SQL: SHOW COLUMNS FROM `sys_user` [ RunTime:0.045003s ]
SQL: SELECT * FROM `sys_user` WHERE ( `id` = '8cd0af5bf6f84319ad3963aa06e89b90' ) LIMIT 1   [ RunTime:0.046003s ]
NOTIC: [8] curl_setopt(): CURLOPT_SSL_VERIFYHOST no longer accepts the value 1, value 2 will be used instead F:\WWW\install\APP\Modules\Home\Action\jssdk.php 第 99 行.
NOTIC: [8] Trying to get property of non-object F:\WWW\install\APP\Modules\Home\Action\jssdk.php 第 78 行.
NOTIC: [8] curl_setopt(): CURLOPT_SSL_VERIFYHOST no longer accepts the value 1, value 2 will be used instead F:\WWW\install\APP\Modules\Home\Action\jssdk.php 第 99 行.
NOTIC: [8] Trying to get property of non-object F:\WWW\install\APP\Modules\Home\Action\jssdk.php 第 55 行.
INFO: [ view_parse ] --START--
INFO: ParseTemplate Behavior ::run [ RunTime:0.016001s ]
INFO: [ view_parse ] --END-- [ RunTime:0.016001s ]
INFO: [ view_filter ] --START--
INFO: ContentReplace Behavior ::run [ RunTime:0.002000s ]
INFO: TokenBuild Behavior ::run [ RunTime:0.001000s ]
INFO: WriteHtmlCache Behavior ::run [ RunTime:0.002000s ]
INFO: ShowRuntime Behavior ::run [ RunTime:0.003000s ]
INFO: [ view_filter ] --END-- [ RunTime:0.008000s ]
INFO: [ view_end ] --START--
INFO: ShowPageTrace Behavior ::run [ RunTime:0.002001s ]
INFO: [ view_end ] --END-- [ RunTime:0.002001s ]

[ 2016-06-15T14:03:03+08:00 ] 0.0.0.0 /install/index.php?m=Index&a=query_24h_devices
INFO: [ app_begin ] --START--
INFO: ReadHtmlCache Behavior ::run [ RunTime:0.003000s ]
INFO: [ app_begin ] --END-- [ RunTime:0.003000s ]
NOTIC: [8] Use of undefined constant THEME_PATH - assumed 'THEME_PATH' F:\WWW\install\APP\Modules\Home\Action\BaseAction.class.php 第 15 行.
NOTIC: [8] Undefined index: openid F:\WWW\install\APP\Modules\Home\Action\BaseAction.class.php 第 18 行.
SQL: SHOW COLUMNS FROM `sys_user` [ RunTime:0.051003s ]
SQL: SELECT * FROM `sys_user` WHERE ( `id` = '8cd0af5bf6f84319ad3963aa06e89b90' ) LIMIT 1   [ RunTime:0.052003s ]
NOTIC: [8] curl_setopt(): CURLOPT_SSL_VERIFYHOST no longer accepts the value 1, value 2 will be used instead F:\WWW\install\APP\Modules\Home\Action\jssdk.php 第 99 行.
NOTIC: [8] Trying to get property of non-object F:\WWW\install\APP\Modules\Home\Action\jssdk.php 第 78 行.
NOTIC: [8] curl_setopt(): CURLOPT_SSL_VERIFYHOST no longer accepts the value 1, value 2 will be used instead F:\WWW\install\APP\Modules\Home\Action\jssdk.php 第 99 行.
NOTIC: [8] Trying to get property of non-object F:\WWW\install\APP\Modules\Home\Action\jssdk.php 第 55 行.
SQL: SHOW COLUMNS FROM `device_group` [ RunTime:0.051003s ]
SQL: SELECT device_group.*,di.group_name FROM `device_group` LEFT JOIN device_group_info di on di.id = device_group.group_id WHERE ( device_group.update_by = '8cd0af5bf6f84319ad3963aa06e89b90' ) AND ( device_group.create_time >= '2016-06-15 00:00:00' ) AND ( device_group.del_flag = 0 ) ORDER BY device_group.create_time desc  [ RunTime:0.051003s ]

