[ 2016-03-15T16:38:25+08:00 ] 218.18.1.84 /install/
INFO: [ app_begin ] --START--
INFO: ReadHtmlCache Behavior ::run [ RunTime:0.000353s ]
INFO: [ app_begin ] --END-- [ RunTime:0.000412s ]
NOTIC: [8] Use of undefined constant THEME_PATH - assumed 'THEME_PATH' /home/wwwroot/v.sniperchw.com/install/APP/Modules/Home/Action/BaseAction.class.php 第 15 行.
NOTIC: [8] Undefined index: openid /home/wwwroot/v.sniperchw.com/install/APP/Modules/Home/Action/BaseAction.class.php 第 18 行.

[ 2016-03-15T16:38:25+08:00 ] 218.18.1.84 /install/index.php?m=Login&a=login
INFO: [ app_begin ] --START--
INFO: ReadHtmlCache Behavior ::run [ RunTime:0.000396s ]
INFO: [ app_begin ] --END-- [ RunTime:0.000444s ]
INFO: [ view_parse ] --START--
INFO: ParseTemplate Behavior ::run [ RunTime:0.005001s ]
INFO: [ view_parse ] --END-- [ RunTime:0.005045s ]
INFO: [ view_filter ] --START--
INFO: ContentReplace Behavior ::run [ RunTime:0.000249s ]
INFO: TokenBuild Behavior ::run [ RunTime:0.000270s ]
INFO: WriteHtmlCache Behavior ::run [ RunTime:0.000229s ]
INFO: ShowRuntime Behavior ::run [ RunTime:0.000326s ]
INFO: [ view_filter ] --END-- [ RunTime:0.001193s ]
INFO: [ view_end ] --START--
INFO: ShowPageTrace Behavior ::run [ RunTime:0.000414s ]
INFO: [ view_end ] --END-- [ RunTime:0.000472s ]

[ 2016-03-15T16:38:32+08:00 ] 218.18.1.84 /install/index.php?m=Login&a=check_login
INFO: [ app_begin ] --START--
INFO: ReadHtmlCache Behavior ::run [ RunTime:0.000362s ]
INFO: [ app_begin ] --END-- [ RunTime:0.000434s ]
SQL: SHOW COLUMNS FROM `sys_user` [ RunTime:0.048822s ]
SQL: SELECT * FROM `sys_user` WHERE ( `login_name` = 'hairui100' ) AND ( `del_flag` = 0 ) AND ( `user_type` = '3' ) LIMIT 1   [ RunTime:0.048439s ]

