[ 2016-07-04T10:58:36+08:00 ] 0.0.0.0 /weixin_community/
INFO: [ app_begin ] --START--
INFO: ReadHtmlCache Behavior ::run [ RunTime:0.003000s ]
INFO: [ app_begin ] --END-- [ RunTime:0.003000s ]
NOTIC: [8] curl_setopt(): CURLOPT_SSL_VERIFYHOST no longer accepts the value 1, value 2 will be used instead F:\WWW\weixin_community\ThinkPHP\Extend\Vendor\weixin\jssdk.php 第 99 行.
NOTIC: [8] Trying to get property of non-object F:\WWW\weixin_community\ThinkPHP\Extend\Vendor\weixin\jssdk.php 第 78 行.
NOTIC: [8] curl_setopt(): CURLOPT_SSL_VERIFYHOST no longer accepts the value 1, value 2 will be used instead F:\WWW\weixin_community\ThinkPHP\Extend\Vendor\weixin\jssdk.php 第 99 行.
NOTIC: [8] Trying to get property of non-object F:\WWW\weixin_community\ThinkPHP\Extend\Vendor\weixin\jssdk.php 第 55 行.
INFO: [ view_parse ] --START--
INFO: ParseTemplate Behavior ::run [ RunTime:0.033001s ]
INFO: [ view_parse ] --END-- [ RunTime:0.033001s ]
INFO: [ view_filter ] --START--
INFO: ContentReplace Behavior ::run [ RunTime:0.001000s ]
INFO: TokenBuild Behavior ::run [ RunTime:0.002000s ]
INFO: WriteHtmlCache Behavior ::run [ RunTime:0.001000s ]
INFO: ShowRuntime Behavior ::run [ RunTime:0.001000s ]
INFO: [ view_filter ] --END-- [ RunTime:0.007001s ]
INFO: [ view_end ] --START--
INFO: ShowPageTrace Behavior ::run [ RunTime:0.002000s ]
INFO: [ view_end ] --END-- [ RunTime:0.002000s ]

[ 2016-07-04T10:58:40+08:00 ] 0.0.0.0 /weixin_community/
INFO: [ app_begin ] --START--
INFO: ReadHtmlCache Behavior ::run [ RunTime:0.001000s ]
INFO: [ app_begin ] --END-- [ RunTime:0.001000s ]
NOTIC: [8] curl_setopt(): CURLOPT_SSL_VERIFYHOST no longer accepts the value 1, value 2 will be used instead F:\WWW\weixin_community\ThinkPHP\Extend\Vendor\weixin\jssdk.php 第 99 行.
NOTIC: [8] Trying to get property of non-object F:\WWW\weixin_community\ThinkPHP\Extend\Vendor\weixin\jssdk.php 第 78 行.
NOTIC: [8] curl_setopt(): CURLOPT_SSL_VERIFYHOST no longer accepts the value 1, value 2 will be used instead F:\WWW\weixin_community\ThinkPHP\Extend\Vendor\weixin\jssdk.php 第 99 行.
NOTIC: [8] Trying to get property of non-object F:\WWW\weixin_community\ThinkPHP\Extend\Vendor\weixin\jssdk.php 第 55 行.
INFO: [ view_parse ] --START--
INFO: ParseTemplate Behavior ::run [ RunTime:0.031002s ]
INFO: [ view_parse ] --END-- [ RunTime:0.031002s ]
INFO: [ view_filter ] --START--
INFO: ContentReplace Behavior ::run [ RunTime:0.003000s ]
INFO: TokenBuild Behavior ::run [ RunTime:0.003001s ]
INFO: WriteHtmlCache Behavior ::run [ RunTime:0.002000s ]
INFO: ShowRuntime Behavior ::run [ RunTime:0.002000s ]
INFO: [ view_filter ] --END-- [ RunTime:0.011001s ]
INFO: [ view_end ] --START--
INFO: ShowPageTrace Behavior ::run [ RunTime:0.002000s ]
INFO: [ view_end ] --END-- [ RunTime:0.002000s ]

[ 2016-07-04T11:00:08+08:00 ] 0.0.0.0 /weixin_community/
INFO: [ app_begin ] --START--
INFO: ReadHtmlCache Behavior ::run [ RunTime:0.002000s ]
INFO: [ app_begin ] --END-- [ RunTime:0.002000s ]
NOTIC: [8] curl_setopt(): CURLOPT_SSL_VERIFYHOST no longer accepts the value 1, value 2 will be used instead F:\WWW\weixin_community\ThinkPHP\Extend\Vendor\weixin\jssdk.php 第 99 行.
NOTIC: [8] Trying to get property of non-object F:\WWW\weixin_community\ThinkPHP\Extend\Vendor\weixin\jssdk.php 第 78 行.
NOTIC: [8] curl_setopt(): CURLOPT_SSL_VERIFYHOST no longer accepts the value 1, value 2 will be used instead F:\WWW\weixin_community\ThinkPHP\Extend\Vendor\weixin\jssdk.php 第 99 行.
NOTIC: [8] Trying to get property of non-object F:\WWW\weixin_community\ThinkPHP\Extend\Vendor\weixin\jssdk.php 第 55 行.
INFO: [ view_parse ] --START--
INFO: ParseTemplate Behavior ::run [ RunTime:0.021001s ]
INFO: [ view_parse ] --END-- [ RunTime:0.021001s ]
INFO: [ view_filter ] --START--
INFO: ContentReplace Behavior ::run [ RunTime:0.002000s ]
INFO: TokenBuild Behavior ::run [ RunTime:0.002000s ]
INFO: WriteHtmlCache Behavior ::run [ RunTime:0.001000s ]
INFO: ShowRuntime Behavior ::run [ RunTime:0.002000s ]
INFO: [ view_filter ] --END-- [ RunTime:0.007000s ]
INFO: [ view_end ] --START--
INFO: ShowPageTrace Behavior ::run [ RunTime:0.002000s ]
INFO: [ view_end ] --END-- [ RunTime:0.002000s ]

[ 2016-07-04T11:00:53+08:00 ] 0.0.0.0 /weixin_community/
INFO: [ app_begin ] --START--
INFO: ReadHtmlCache Behavior ::run [ RunTime:0.002000s ]
INFO: [ app_begin ] --END-- [ RunTime:0.002000s ]
NOTIC: [8] curl_setopt(): CURLOPT_SSL_VERIFYHOST no longer accepts the value 1, value 2 will be used instead F:\WWW\weixin_community\ThinkPHP\Extend\Vendor\weixin\jssdk.php 第 99 行.
NOTIC: [8] Trying to get property of non-object F:\WWW\weixin_community\ThinkPHP\Extend\Vendor\weixin\jssdk.php 第 78 行.
NOTIC: [8] curl_setopt(): CURLOPT_SSL_VERIFYHOST no longer accepts the value 1, value 2 will be used instead F:\WWW\weixin_community\ThinkPHP\Extend\Vendor\weixin\jssdk.php 第 99 行.
NOTIC: [8] Trying to get property of non-object F:\WWW\weixin_community\ThinkPHP\Extend\Vendor\weixin\jssdk.php 第 55 行.
INFO: [ view_parse ] --START--
INFO: ParseTemplate Behavior ::run [ RunTime:0.024001s ]
INFO: [ view_parse ] --END-- [ RunTime:0.024001s ]
INFO: [ view_filter ] --START--
INFO: ContentReplace Behavior ::run [ RunTime:0.001000s ]
INFO: TokenBuild Behavior ::run [ RunTime:0.002000s ]
INFO: WriteHtmlCache Behavior ::run [ RunTime:0.002000s ]
INFO: ShowRuntime Behavior ::run [ RunTime:0.001000s ]
INFO: [ view_filter ] --END-- [ RunTime:0.006000s ]
INFO: [ view_end ] --START--
INFO: ShowPageTrace Behavior ::run [ RunTime:0.002000s ]
INFO: [ view_end ] --END-- [ RunTime:0.002000s ]

[ 2016-07-04T14:25:43+08:00 ] 0.0.0.0 /weixin_community/
INFO: [ app_begin ] --START--
INFO: ReadHtmlCache Behavior ::run [ RunTime:0.003000s ]
INFO: [ app_begin ] --END-- [ RunTime:0.003000s ]
NOTIC: [8] A session had already been started - ignoring session_start() F:\WWW\weixin_community\APP\Modules\Home\Action\IndexAction.class.php 第 2 行.
NOTIC: [8] curl_setopt(): CURLOPT_SSL_VERIFYHOST no longer accepts the value 1, value 2 will be used instead F:\WWW\weixin_community\ThinkPHP\Extend\Vendor\weixin\jssdk.php 第 99 行.
NOTIC: [8] Trying to get property of non-object F:\WWW\weixin_community\ThinkPHP\Extend\Vendor\weixin\jssdk.php 第 78 行.
NOTIC: [8] curl_setopt(): CURLOPT_SSL_VERIFYHOST no longer accepts the value 1, value 2 will be used instead F:\WWW\weixin_community\ThinkPHP\Extend\Vendor\weixin\jssdk.php 第 99 行.
NOTIC: [8] Trying to get property of non-object F:\WWW\weixin_community\ThinkPHP\Extend\Vendor\weixin\jssdk.php 第 55 行.
ERR: Action:db您所请求的方法不存在！

[ 2016-07-04T14:32:17+08:00 ] 0.0.0.0 /weixin_community/
INFO: [ app_begin ] --START--
INFO: ReadHtmlCache Behavior ::run [ RunTime:0.004000s ]
INFO: [ app_begin ] --END-- [ RunTime:0.004000s ]
NOTIC: [8] A session had already been started - ignoring session_start() F:\WWW\weixin_community\APP\Modules\Home\Action\IndexAction.class.php 第 2 行.
NOTIC: [8] curl_setopt(): CURLOPT_SSL_VERIFYHOST no longer accepts the value 1, value 2 will be used instead F:\WWW\weixin_community\ThinkPHP\Extend\Vendor\weixin\jssdk.php 第 99 行.
NOTIC: [8] Trying to get property of non-object F:\WWW\weixin_community\ThinkPHP\Extend\Vendor\weixin\jssdk.php 第 78 行.
NOTIC: [8] curl_setopt(): CURLOPT_SSL_VERIFYHOST no longer accepts the value 1, value 2 will be used instead F:\WWW\weixin_community\ThinkPHP\Extend\Vendor\weixin\jssdk.php 第 99 行.
NOTIC: [8] Trying to get property of non-object F:\WWW\weixin_community\ThinkPHP\Extend\Vendor\weixin\jssdk.php 第 55 行.
SQL: SHOW COLUMNS FROM `think_user` [ RunTime:0.012001s ]
ERR: 1146:Table 'test.think_user' doesn't exist
 [ SQL语句 ] : SHOW COLUMNS FROM `think_user`
SQL: 查询SQL [ RunTime:0.013001s ]
ERR: 1064:You have an error in your SQL syntax; check the manual that corresponds to your MySQL server version for the right syntax to use near '查询SQL' at line 1
 [ SQL语句 ] : 查询SQL
SQL: SHOW COLUMNS FROM `db_readter_device` [ RunTime:0.012000s ]
ERR: 1146:Table 'test.db_readter_device' doesn't exist
 [ SQL语句 ] : SHOW COLUMNS FROM `db_readter_device`
SQL: select * from ter_device [ RunTime:0.010001s ]
ERR: 1146:Table 'test.ter_device' doesn't exist
 [ SQL语句 ] : select * from ter_device

[ 2016-07-04T14:32:21+08:00 ] 0.0.0.0 /weixin_community/
INFO: [ app_begin ] --START--
INFO: ReadHtmlCache Behavior ::run [ RunTime:0.001000s ]
INFO: [ app_begin ] --END-- [ RunTime:0.001000s ]
NOTIC: [8] A session had already been started - ignoring session_start() F:\WWW\weixin_community\APP\Modules\Home\Action\IndexAction.class.php 第 2 行.
NOTIC: [8] curl_setopt(): CURLOPT_SSL_VERIFYHOST no longer accepts the value 1, value 2 will be used instead F:\WWW\weixin_community\ThinkPHP\Extend\Vendor\weixin\jssdk.php 第 99 行.
NOTIC: [8] Trying to get property of non-object F:\WWW\weixin_community\ThinkPHP\Extend\Vendor\weixin\jssdk.php 第 78 行.
NOTIC: [8] curl_setopt(): CURLOPT_SSL_VERIFYHOST no longer accepts the value 1, value 2 will be used instead F:\WWW\weixin_community\ThinkPHP\Extend\Vendor\weixin\jssdk.php 第 99 行.
NOTIC: [8] Trying to get property of non-object F:\WWW\weixin_community\ThinkPHP\Extend\Vendor\weixin\jssdk.php 第 55 行.
SQL: SHOW COLUMNS FROM `think_user` [ RunTime:0.010001s ]
ERR: 1146:Table 'test.think_user' doesn't exist
 [ SQL语句 ] : SHOW COLUMNS FROM `think_user`
SQL: 查询SQL [ RunTime:0.012000s ]
ERR: 1064:You have an error in your SQL syntax; check the manual that corresponds to your MySQL server version for the right syntax to use near '查询SQL' at line 1
 [ SQL语句 ] : 查询SQL
SQL: SHOW COLUMNS FROM `db_readter_device` [ RunTime:0.012001s ]
ERR: 1146:Table 'test.db_readter_device' doesn't exist
 [ SQL语句 ] : SHOW COLUMNS FROM `db_readter_device`
SQL: select * from ter_device [ RunTime:0.012001s ]
ERR: 1146:Table 'test.ter_device' doesn't exist
 [ SQL语句 ] : select * from ter_device

[ 2016-07-04T14:32:22+08:00 ] 0.0.0.0 /weixin_community/
INFO: [ app_begin ] --START--
INFO: ReadHtmlCache Behavior ::run [ RunTime:0.002000s ]
INFO: [ app_begin ] --END-- [ RunTime:0.002000s ]
NOTIC: [8] A session had already been started - ignoring session_start() F:\WWW\weixin_community\APP\Modules\Home\Action\IndexAction.class.php 第 2 行.
NOTIC: [8] curl_setopt(): CURLOPT_SSL_VERIFYHOST no longer accepts the value 1, value 2 will be used instead F:\WWW\weixin_community\ThinkPHP\Extend\Vendor\weixin\jssdk.php 第 99 行.
NOTIC: [8] Trying to get property of non-object F:\WWW\weixin_community\ThinkPHP\Extend\Vendor\weixin\jssdk.php 第 78 行.
NOTIC: [8] curl_setopt(): CURLOPT_SSL_VERIFYHOST no longer accepts the value 1, value 2 will be used instead F:\WWW\weixin_community\ThinkPHP\Extend\Vendor\weixin\jssdk.php 第 99 行.
NOTIC: [8] Trying to get property of non-object F:\WWW\weixin_community\ThinkPHP\Extend\Vendor\weixin\jssdk.php 第 55 行.
SQL: SHOW COLUMNS FROM `think_user` [ RunTime:0.010000s ]
ERR: 1146:Table 'test.think_user' doesn't exist
 [ SQL语句 ] : SHOW COLUMNS FROM `think_user`
SQL: 查询SQL [ RunTime:0.011001s ]
ERR: 1064:You have an error in your SQL syntax; check the manual that corresponds to your MySQL server version for the right syntax to use near '查询SQL' at line 1
 [ SQL语句 ] : 查询SQL
SQL: SHOW COLUMNS FROM `db_readter_device` [ RunTime:0.011001s ]
ERR: 1146:Table 'test.db_readter_device' doesn't exist
 [ SQL语句 ] : SHOW COLUMNS FROM `db_readter_device`
SQL: select * from ter_device [ RunTime:0.012000s ]
ERR: 1146:Table 'test.ter_device' doesn't exist
 [ SQL语句 ] : select * from ter_device

[ 2016-07-04T14:32:22+08:00 ] 0.0.0.0 /weixin_community/
INFO: [ app_begin ] --START--
INFO: ReadHtmlCache Behavior ::run [ RunTime:0.001000s ]
INFO: [ app_begin ] --END-- [ RunTime:0.001000s ]
NOTIC: [8] A session had already been started - ignoring session_start() F:\WWW\weixin_community\APP\Modules\Home\Action\IndexAction.class.php 第 2 行.
NOTIC: [8] curl_setopt(): CURLOPT_SSL_VERIFYHOST no longer accepts the value 1, value 2 will be used instead F:\WWW\weixin_community\ThinkPHP\Extend\Vendor\weixin\jssdk.php 第 99 行.
NOTIC: [8] Trying to get property of non-object F:\WWW\weixin_community\ThinkPHP\Extend\Vendor\weixin\jssdk.php 第 78 行.
NOTIC: [8] curl_setopt(): CURLOPT_SSL_VERIFYHOST no longer accepts the value 1, value 2 will be used instead F:\WWW\weixin_community\ThinkPHP\Extend\Vendor\weixin\jssdk.php 第 99 行.
NOTIC: [8] Trying to get property of non-object F:\WWW\weixin_community\ThinkPHP\Extend\Vendor\weixin\jssdk.php 第 55 行.
SQL: SHOW COLUMNS FROM `think_user` [ RunTime:0.011001s ]
ERR: 1146:Table 'test.think_user' doesn't exist
 [ SQL语句 ] : SHOW COLUMNS FROM `think_user`
SQL: 查询SQL [ RunTime:0.010000s ]
ERR: 1064:You have an error in your SQL syntax; check the manual that corresponds to your MySQL server version for the right syntax to use near '查询SQL' at line 1
 [ SQL语句 ] : 查询SQL
SQL: SHOW COLUMNS FROM `db_readter_device` [ RunTime:0.010001s ]
ERR: 1146:Table 'test.db_readter_device' doesn't exist
 [ SQL语句 ] : SHOW COLUMNS FROM `db_readter_device`
SQL: select * from ter_device [ RunTime:0.010001s ]
ERR: 1146:Table 'test.ter_device' doesn't exist
 [ SQL语句 ] : select * from ter_device

[ 2016-07-04T14:39:03+08:00 ] 0.0.0.0 /weixin_community/
INFO: [ app_begin ] --START--
INFO: ReadHtmlCache Behavior ::run [ RunTime:0.003000s ]
INFO: [ app_begin ] --END-- [ RunTime:0.003000s ]
NOTIC: [8] A session had already been started - ignoring session_start() F:\WWW\weixin_community\APP\Modules\Home\Action\IndexAction.class.php 第 2 行.
NOTIC: [8] curl_setopt(): CURLOPT_SSL_VERIFYHOST no longer accepts the value 1, value 2 will be used instead F:\WWW\weixin_community\ThinkPHP\Extend\Vendor\weixin\jssdk.php 第 99 行.
NOTIC: [8] Trying to get property of non-object F:\WWW\weixin_community\ThinkPHP\Extend\Vendor\weixin\jssdk.php 第 78 行.
NOTIC: [8] curl_setopt(): CURLOPT_SSL_VERIFYHOST no longer accepts the value 1, value 2 will be used instead F:\WWW\weixin_community\ThinkPHP\Extend\Vendor\weixin\jssdk.php 第 99 行.
NOTIC: [8] Trying to get property of non-object F:\WWW\weixin_community\ThinkPHP\Extend\Vendor\weixin\jssdk.php 第 55 行.
SQL: SHOW COLUMNS FROM `ter_device` [ RunTime:0.012001s ]
SQL: SELECT * FROM `ter_device`  [ RunTime:0.013000s ]

[ 2016-07-04T14:41:33+08:00 ] 0.0.0.0 /weixin_community/
INFO: [ app_begin ] --START--
INFO: ReadHtmlCache Behavior ::run [ RunTime:0.002000s ]
INFO: [ app_begin ] --END-- [ RunTime:0.002000s ]
NOTIC: [8] A session had already been started - ignoring session_start() F:\WWW\weixin_community\APP\Modules\Home\Action\IndexAction.class.php 第 2 行.
NOTIC: [8] curl_setopt(): CURLOPT_SSL_VERIFYHOST no longer accepts the value 1, value 2 will be used instead F:\WWW\weixin_community\ThinkPHP\Extend\Vendor\weixin\jssdk.php 第 99 行.
NOTIC: [8] Trying to get property of non-object F:\WWW\weixin_community\ThinkPHP\Extend\Vendor\weixin\jssdk.php 第 78 行.
NOTIC: [8] curl_setopt(): CURLOPT_SSL_VERIFYHOST no longer accepts the value 1, value 2 will be used instead F:\WWW\weixin_community\ThinkPHP\Extend\Vendor\weixin\jssdk.php 第 99 行.
NOTIC: [8] Trying to get property of non-object F:\WWW\weixin_community\ThinkPHP\Extend\Vendor\weixin\jssdk.php 第 55 行.
SQL: SHOW COLUMNS FROM `ter_device` [ RunTime:0.046003s ]
SQL: SELECT * FROM `ter_device`  [ RunTime:1.643094s ]

[ 2016-07-04T14:41:43+08:00 ] 0.0.0.0 /weixin_community/
INFO: [ app_begin ] --START--
INFO: ReadHtmlCache Behavior ::run [ RunTime:0.002000s ]
INFO: [ app_begin ] --END-- [ RunTime:0.002000s ]
NOTIC: [8] A session had already been started - ignoring session_start() F:\WWW\weixin_community\APP\Modules\Home\Action\IndexAction.class.php 第 2 行.
NOTIC: [8] curl_setopt(): CURLOPT_SSL_VERIFYHOST no longer accepts the value 1, value 2 will be used instead F:\WWW\weixin_community\ThinkPHP\Extend\Vendor\weixin\jssdk.php 第 99 行.
NOTIC: [8] Trying to get property of non-object F:\WWW\weixin_community\ThinkPHP\Extend\Vendor\weixin\jssdk.php 第 78 行.
NOTIC: [8] curl_setopt(): CURLOPT_SSL_VERIFYHOST no longer accepts the value 1, value 2 will be used instead F:\WWW\weixin_community\ThinkPHP\Extend\Vendor\weixin\jssdk.php 第 99 行.
NOTIC: [8] Trying to get property of non-object F:\WWW\weixin_community\ThinkPHP\Extend\Vendor\weixin\jssdk.php 第 55 行.
SQL: SHOW COLUMNS FROM `ter_device` [ RunTime:0.050003s ]
SQL: SELECT * FROM `ter_device`  [ RunTime:1.029059s ]

[ 2016-07-04T14:41:47+08:00 ] 0.0.0.0 /weixin_community/
INFO: [ app_begin ] --START--
INFO: ReadHtmlCache Behavior ::run [ RunTime:0.002000s ]
INFO: [ app_begin ] --END-- [ RunTime:0.003000s ]
NOTIC: [8] A session had already been started - ignoring session_start() F:\WWW\weixin_community\APP\Modules\Home\Action\IndexAction.class.php 第 2 行.
NOTIC: [8] curl_setopt(): CURLOPT_SSL_VERIFYHOST no longer accepts the value 1, value 2 will be used instead F:\WWW\weixin_community\ThinkPHP\Extend\Vendor\weixin\jssdk.php 第 99 行.
NOTIC: [8] Trying to get property of non-object F:\WWW\weixin_community\ThinkPHP\Extend\Vendor\weixin\jssdk.php 第 78 行.
NOTIC: [8] curl_setopt(): CURLOPT_SSL_VERIFYHOST no longer accepts the value 1, value 2 will be used instead F:\WWW\weixin_community\ThinkPHP\Extend\Vendor\weixin\jssdk.php 第 99 行.
NOTIC: [8] Trying to get property of non-object F:\WWW\weixin_community\ThinkPHP\Extend\Vendor\weixin\jssdk.php 第 55 行.
SQL: SHOW COLUMNS FROM `ter_device` [ RunTime:0.046002s ]
SQL: SELECT * FROM `ter_device`  [ RunTime:0.675039s ]

[ 2016-07-04T14:41:51+08:00 ] 0.0.0.0 /weixin_community/
INFO: [ app_begin ] --START--
INFO: ReadHtmlCache Behavior ::run [ RunTime:0.002000s ]
INFO: [ app_begin ] --END-- [ RunTime:0.002000s ]
NOTIC: [8] A session had already been started - ignoring session_start() F:\WWW\weixin_community\APP\Modules\Home\Action\IndexAction.class.php 第 2 行.
NOTIC: [8] curl_setopt(): CURLOPT_SSL_VERIFYHOST no longer accepts the value 1, value 2 will be used instead F:\WWW\weixin_community\ThinkPHP\Extend\Vendor\weixin\jssdk.php 第 99 行.
NOTIC: [8] Trying to get property of non-object F:\WWW\weixin_community\ThinkPHP\Extend\Vendor\weixin\jssdk.php 第 78 行.
NOTIC: [8] curl_setopt(): CURLOPT_SSL_VERIFYHOST no longer accepts the value 1, value 2 will be used instead F:\WWW\weixin_community\ThinkPHP\Extend\Vendor\weixin\jssdk.php 第 99 行.
NOTIC: [8] Trying to get property of non-object F:\WWW\weixin_community\ThinkPHP\Extend\Vendor\weixin\jssdk.php 第 55 行.
SQL: SHOW COLUMNS FROM `ter_device` [ RunTime:0.046003s ]
SQL: SELECT * FROM `ter_device`  [ RunTime:1.354077s ]

[ 2016-07-04T14:42:01+08:00 ] 0.0.0.0 /weixin_community/
INFO: [ app_begin ] --START--
INFO: ReadHtmlCache Behavior ::run [ RunTime:0.001000s ]
INFO: [ app_begin ] --END-- [ RunTime:0.001000s ]
NOTIC: [8] A session had already been started - ignoring session_start() F:\WWW\weixin_community\APP\Modules\Home\Action\IndexAction.class.php 第 2 行.
NOTIC: [8] curl_setopt(): CURLOPT_SSL_VERIFYHOST no longer accepts the value 1, value 2 will be used instead F:\WWW\weixin_community\ThinkPHP\Extend\Vendor\weixin\jssdk.php 第 99 行.
NOTIC: [8] Trying to get property of non-object F:\WWW\weixin_community\ThinkPHP\Extend\Vendor\weixin\jssdk.php 第 78 行.
NOTIC: [8] curl_setopt(): CURLOPT_SSL_VERIFYHOST no longer accepts the value 1, value 2 will be used instead F:\WWW\weixin_community\ThinkPHP\Extend\Vendor\weixin\jssdk.php 第 99 行.
NOTIC: [8] Trying to get property of non-object F:\WWW\weixin_community\ThinkPHP\Extend\Vendor\weixin\jssdk.php 第 55 行.
SQL: SHOW COLUMNS FROM `ter_device` [ RunTime:0.050003s ]
SQL: SELECT * FROM `ter_device`  [ RunTime:1.427082s ]

[ 2016-07-04T14:42:09+08:00 ] 0.0.0.0 /weixin_community/
INFO: [ app_begin ] --START--
INFO: ReadHtmlCache Behavior ::run [ RunTime:0.004000s ]
INFO: [ app_begin ] --END-- [ RunTime:0.004000s ]
NOTIC: [8] A session had already been started - ignoring session_start() F:\WWW\weixin_community\APP\Modules\Home\Action\IndexAction.class.php 第 2 行.
NOTIC: [8] curl_setopt(): CURLOPT_SSL_VERIFYHOST no longer accepts the value 1, value 2 will be used instead F:\WWW\weixin_community\ThinkPHP\Extend\Vendor\weixin\jssdk.php 第 99 行.
NOTIC: [8] Trying to get property of non-object F:\WWW\weixin_community\ThinkPHP\Extend\Vendor\weixin\jssdk.php 第 78 行.
NOTIC: [8] curl_setopt(): CURLOPT_SSL_VERIFYHOST no longer accepts the value 1, value 2 will be used instead F:\WWW\weixin_community\ThinkPHP\Extend\Vendor\weixin\jssdk.php 第 99 行.
NOTIC: [8] Trying to get property of non-object F:\WWW\weixin_community\ThinkPHP\Extend\Vendor\weixin\jssdk.php 第 55 行.
SQL: SHOW COLUMNS FROM `ter_device` [ RunTime:0.012001s ]
SQL: SELECT * FROM `ter_device`  [ RunTime:0.012000s ]

[ 2016-07-04T14:42:22+08:00 ] 0.0.0.0 /weixin_community/
INFO: [ app_begin ] --START--
INFO: ReadHtmlCache Behavior ::run [ RunTime:0.002000s ]
INFO: [ app_begin ] --END-- [ RunTime:0.002000s ]
NOTIC: [8] A session had already been started - ignoring session_start() F:\WWW\weixin_community\APP\Modules\Home\Action\IndexAction.class.php 第 2 行.
NOTIC: [8] curl_setopt(): CURLOPT_SSL_VERIFYHOST no longer accepts the value 1, value 2 will be used instead F:\WWW\weixin_community\ThinkPHP\Extend\Vendor\weixin\jssdk.php 第 99 行.
NOTIC: [8] Trying to get property of non-object F:\WWW\weixin_community\ThinkPHP\Extend\Vendor\weixin\jssdk.php 第 78 行.
NOTIC: [8] curl_setopt(): CURLOPT_SSL_VERIFYHOST no longer accepts the value 1, value 2 will be used instead F:\WWW\weixin_community\ThinkPHP\Extend\Vendor\weixin\jssdk.php 第 99 行.
NOTIC: [8] Trying to get property of non-object F:\WWW\weixin_community\ThinkPHP\Extend\Vendor\weixin\jssdk.php 第 55 行.
SQL: SHOW COLUMNS FROM `ter_device` [ RunTime:0.050003s ]
SQL: SELECT * FROM `ter_device`  [ RunTime:1.331076s ]

[ 2016-07-04T14:42:26+08:00 ] 0.0.0.0 /weixin_community/
INFO: [ app_begin ] --START--
INFO: ReadHtmlCache Behavior ::run [ RunTime:0.001000s ]
INFO: [ app_begin ] --END-- [ RunTime:0.001000s ]
NOTIC: [8] A session had already been started - ignoring session_start() F:\WWW\weixin_community\APP\Modules\Home\Action\IndexAction.class.php 第 2 行.
NOTIC: [8] curl_setopt(): CURLOPT_SSL_VERIFYHOST no longer accepts the value 1, value 2 will be used instead F:\WWW\weixin_community\ThinkPHP\Extend\Vendor\weixin\jssdk.php 第 99 行.
NOTIC: [8] Trying to get property of non-object F:\WWW\weixin_community\ThinkPHP\Extend\Vendor\weixin\jssdk.php 第 78 行.
NOTIC: [8] curl_setopt(): CURLOPT_SSL_VERIFYHOST no longer accepts the value 1, value 2 will be used instead F:\WWW\weixin_community\ThinkPHP\Extend\Vendor\weixin\jssdk.php 第 99 行.
NOTIC: [8] Trying to get property of non-object F:\WWW\weixin_community\ThinkPHP\Extend\Vendor\weixin\jssdk.php 第 55 行.
SQL: SHOW COLUMNS FROM `ter_device` [ RunTime:0.046002s ]
SQL: SELECT * FROM `ter_device`  [ RunTime:0.669039s ]

[ 2016-07-04T14:43:03+08:00 ] 0.0.0.0 /weixin_community/
INFO: [ app_begin ] --START--
INFO: ReadHtmlCache Behavior ::run [ RunTime:0.002000s ]
INFO: [ app_begin ] --END-- [ RunTime:0.002000s ]
NOTIC: [8] A session had already been started - ignoring session_start() F:\WWW\weixin_community\APP\Modules\Home\Action\IndexAction.class.php 第 2 行.
NOTIC: [8] curl_setopt(): CURLOPT_SSL_VERIFYHOST no longer accepts the value 1, value 2 will be used instead F:\WWW\weixin_community\ThinkPHP\Extend\Vendor\weixin\jssdk.php 第 99 行.
NOTIC: [8] Trying to get property of non-object F:\WWW\weixin_community\ThinkPHP\Extend\Vendor\weixin\jssdk.php 第 78 行.
NOTIC: [8] curl_setopt(): CURLOPT_SSL_VERIFYHOST no longer accepts the value 1, value 2 will be used instead F:\WWW\weixin_community\ThinkPHP\Extend\Vendor\weixin\jssdk.php 第 99 行.
NOTIC: [8] Trying to get property of non-object F:\WWW\weixin_community\ThinkPHP\Extend\Vendor\weixin\jssdk.php 第 55 行.
SQL: SHOW COLUMNS FROM `taobao` [ RunTime:0.154009s ]
ERR: 1146:Table 'ad_iwork_2015124.taobao' doesn't exist
 [ SQL语句 ] : SHOW COLUMNS FROM `taobao`
SQL: INSERT INTO `taobao` (`url`) VALUES ('5243247854774584') [ RunTime:0.010001s ]
ERR: 1146:Table 'ad_iwork.taobao' doesn't exist
 [ SQL语句 ] : INSERT INTO `taobao` (`url`) VALUES ('5243247854774584')

[ 2016-07-04T14:43:41+08:00 ] 0.0.0.0 /weixin_community/
INFO: [ app_begin ] --START--
INFO: ReadHtmlCache Behavior ::run [ RunTime:0.003000s ]
INFO: [ app_begin ] --END-- [ RunTime:0.003000s ]
NOTIC: [8] A session had already been started - ignoring session_start() F:\WWW\weixin_community\APP\Modules\Home\Action\IndexAction.class.php 第 2 行.
NOTIC: [8] curl_setopt(): CURLOPT_SSL_VERIFYHOST no longer accepts the value 1, value 2 will be used instead F:\WWW\weixin_community\ThinkPHP\Extend\Vendor\weixin\jssdk.php 第 99 行.
NOTIC: [8] Trying to get property of non-object F:\WWW\weixin_community\ThinkPHP\Extend\Vendor\weixin\jssdk.php 第 78 行.
NOTIC: [8] curl_setopt(): CURLOPT_SSL_VERIFYHOST no longer accepts the value 1, value 2 will be used instead F:\WWW\weixin_community\ThinkPHP\Extend\Vendor\weixin\jssdk.php 第 99 行.
NOTIC: [8] Trying to get property of non-object F:\WWW\weixin_community\ThinkPHP\Extend\Vendor\weixin\jssdk.php 第 55 行.
SQL: SHOW COLUMNS FROM `ter_device` [ RunTime:0.052003s ]
SQL: INSERT INTO `ter_device` (`device_command`) VALUES ('5243247854784') [ RunTime:0.012000s ]

[ 2016-07-04T14:45:51+08:00 ] 0.0.0.0 /weixin_community/
INFO: [ app_begin ] --START--
INFO: ReadHtmlCache Behavior ::run [ RunTime:0.002000s ]
INFO: [ app_begin ] --END-- [ RunTime:0.002000s ]
NOTIC: [8] A session had already been started - ignoring session_start() F:\WWW\weixin_community\APP\Modules\Home\Action\IndexAction.class.php 第 2 行.
NOTIC: [8] curl_setopt(): CURLOPT_SSL_VERIFYHOST no longer accepts the value 1, value 2 will be used instead F:\WWW\weixin_community\ThinkPHP\Extend\Vendor\weixin\jssdk.php 第 99 行.
NOTIC: [8] Trying to get property of non-object F:\WWW\weixin_community\ThinkPHP\Extend\Vendor\weixin\jssdk.php 第 78 行.
NOTIC: [8] curl_setopt(): CURLOPT_SSL_VERIFYHOST no longer accepts the value 1, value 2 will be used instead F:\WWW\weixin_community\ThinkPHP\Extend\Vendor\weixin\jssdk.php 第 99 行.
NOTIC: [8] Trying to get property of non-object F:\WWW\weixin_community\ThinkPHP\Extend\Vendor\weixin\jssdk.php 第 55 行.
SQL: SHOW COLUMNS FROM `ter_device` [ RunTime:0.012001s ]
SQL: INSERT INTO `ter_device` (`device_command`) VALUES ('5243247854784') [ RunTime:0.010000s ]
ERR: 1062:Duplicate entry '' for key 'PRIMARY'
 [ SQL语句 ] : INSERT INTO `ter_device` (`device_command`) VALUES ('5243247854784')

[ 2016-07-04T14:45:52+08:00 ] 0.0.0.0 /weixin_community/
INFO: [ app_begin ] --START--
INFO: ReadHtmlCache Behavior ::run [ RunTime:0.003000s ]
INFO: [ app_begin ] --END-- [ RunTime:0.003000s ]
NOTIC: [8] A session had already been started - ignoring session_start() F:\WWW\weixin_community\APP\Modules\Home\Action\IndexAction.class.php 第 2 行.
NOTIC: [8] curl_setopt(): CURLOPT_SSL_VERIFYHOST no longer accepts the value 1, value 2 will be used instead F:\WWW\weixin_community\ThinkPHP\Extend\Vendor\weixin\jssdk.php 第 99 行.
NOTIC: [8] Trying to get property of non-object F:\WWW\weixin_community\ThinkPHP\Extend\Vendor\weixin\jssdk.php 第 78 行.
NOTIC: [8] curl_setopt(): CURLOPT_SSL_VERIFYHOST no longer accepts the value 1, value 2 will be used instead F:\WWW\weixin_community\ThinkPHP\Extend\Vendor\weixin\jssdk.php 第 99 行.
NOTIC: [8] Trying to get property of non-object F:\WWW\weixin_community\ThinkPHP\Extend\Vendor\weixin\jssdk.php 第 55 行.
SQL: SHOW COLUMNS FROM `ter_device` [ RunTime:0.011000s ]
SQL: INSERT INTO `ter_device` (`device_command`) VALUES ('5243247854784') [ RunTime:0.011001s ]
ERR: 1062:Duplicate entry '' for key 'PRIMARY'
 [ SQL语句 ] : INSERT INTO `ter_device` (`device_command`) VALUES ('5243247854784')

[ 2016-07-04T14:46:04+08:00 ] 0.0.0.0 /weixin_community/
INFO: [ app_begin ] --START--
INFO: ReadHtmlCache Behavior ::run [ RunTime:0.002000s ]
INFO: [ app_begin ] --END-- [ RunTime:0.002000s ]
NOTIC: [8] A session had already been started - ignoring session_start() F:\WWW\weixin_community\APP\Modules\Home\Action\IndexAction.class.php 第 2 行.
NOTIC: [8] curl_setopt(): CURLOPT_SSL_VERIFYHOST no longer accepts the value 1, value 2 will be used instead F:\WWW\weixin_community\ThinkPHP\Extend\Vendor\weixin\jssdk.php 第 99 行.
NOTIC: [8] Trying to get property of non-object F:\WWW\weixin_community\ThinkPHP\Extend\Vendor\weixin\jssdk.php 第 78 行.
NOTIC: [8] curl_setopt(): CURLOPT_SSL_VERIFYHOST no longer accepts the value 1, value 2 will be used instead F:\WWW\weixin_community\ThinkPHP\Extend\Vendor\weixin\jssdk.php 第 99 行.
NOTIC: [8] Trying to get property of non-object F:\WWW\weixin_community\ThinkPHP\Extend\Vendor\weixin\jssdk.php 第 55 行.
SQL: SHOW COLUMNS FROM `ter_device` [ RunTime:0.012001s ]
SQL: INSERT INTO `ter_device` (`device_command`) VALUES ('0000000000') [ RunTime:0.010001s ]
ERR: 1062:Duplicate entry '' for key 'PRIMARY'
 [ SQL语句 ] : INSERT INTO `ter_device` (`device_command`) VALUES ('0000000000')

[ 2016-07-04T14:47:28+08:00 ] 0.0.0.0 /weixin_community/
INFO: [ app_begin ] --START--
INFO: ReadHtmlCache Behavior ::run [ RunTime:0.003000s ]
INFO: [ app_begin ] --END-- [ RunTime:0.003000s ]
NOTIC: [8] A session had already been started - ignoring session_start() F:\WWW\weixin_community\APP\Modules\Home\Action\IndexAction.class.php 第 2 行.
NOTIC: [8] curl_setopt(): CURLOPT_SSL_VERIFYHOST no longer accepts the value 1, value 2 will be used instead F:\WWW\weixin_community\ThinkPHP\Extend\Vendor\weixin\jssdk.php 第 99 行.
NOTIC: [8] Trying to get property of non-object F:\WWW\weixin_community\ThinkPHP\Extend\Vendor\weixin\jssdk.php 第 78 行.
NOTIC: [8] curl_setopt(): CURLOPT_SSL_VERIFYHOST no longer accepts the value 1, value 2 will be used instead F:\WWW\weixin_community\ThinkPHP\Extend\Vendor\weixin\jssdk.php 第 99 行.
NOTIC: [8] Trying to get property of non-object F:\WWW\weixin_community\ThinkPHP\Extend\Vendor\weixin\jssdk.php 第 55 行.
SQL: SHOW COLUMNS FROM `ter_device` [ RunTime:0.014001s ]
SQL: INSERT INTO `ter_device` (`device_command`) VALUES ('489419818941') [ RunTime:0.012001s ]
ERR: 1062:Duplicate entry '' for key 'PRIMARY'
 [ SQL语句 ] : INSERT INTO `ter_device` (`device_command`) VALUES ('489419818941')

[ 2016-07-04T14:48:39+08:00 ] 0.0.0.0 /weixin_community/
INFO: [ app_begin ] --START--
INFO: ReadHtmlCache Behavior ::run [ RunTime:0.003001s ]
INFO: [ app_begin ] --END-- [ RunTime:0.003001s ]
NOTIC: [8] A session had already been started - ignoring session_start() F:\WWW\weixin_community\APP\Modules\Home\Action\IndexAction.class.php 第 2 行.
NOTIC: [8] curl_setopt(): CURLOPT_SSL_VERIFYHOST no longer accepts the value 1, value 2 will be used instead F:\WWW\weixin_community\ThinkPHP\Extend\Vendor\weixin\jssdk.php 第 99 行.
NOTIC: [8] Trying to get property of non-object F:\WWW\weixin_community\ThinkPHP\Extend\Vendor\weixin\jssdk.php 第 78 行.
NOTIC: [8] curl_setopt(): CURLOPT_SSL_VERIFYHOST no longer accepts the value 1, value 2 will be used instead F:\WWW\weixin_community\ThinkPHP\Extend\Vendor\weixin\jssdk.php 第 99 行.
NOTIC: [8] Trying to get property of non-object F:\WWW\weixin_community\ThinkPHP\Extend\Vendor\weixin\jssdk.php 第 55 行.
SQL: SHOW COLUMNS FROM `ter_device` [ RunTime:0.020001s ]
SQL: SELECT * FROM `ter_device`  [ RunTime:0.019001s ]

[ 2016-07-04T14:48:42+08:00 ] 0.0.0.0 /weixin_community/
INFO: [ app_begin ] --START--
INFO: ReadHtmlCache Behavior ::run [ RunTime:0.002001s ]
INFO: [ app_begin ] --END-- [ RunTime:0.003001s ]
NOTIC: [8] A session had already been started - ignoring session_start() F:\WWW\weixin_community\APP\Modules\Home\Action\IndexAction.class.php 第 2 行.
NOTIC: [8] curl_setopt(): CURLOPT_SSL_VERIFYHOST no longer accepts the value 1, value 2 will be used instead F:\WWW\weixin_community\ThinkPHP\Extend\Vendor\weixin\jssdk.php 第 99 行.
NOTIC: [8] Trying to get property of non-object F:\WWW\weixin_community\ThinkPHP\Extend\Vendor\weixin\jssdk.php 第 78 行.
NOTIC: [8] curl_setopt(): CURLOPT_SSL_VERIFYHOST no longer accepts the value 1, value 2 will be used instead F:\WWW\weixin_community\ThinkPHP\Extend\Vendor\weixin\jssdk.php 第 99 行.
NOTIC: [8] Trying to get property of non-object F:\WWW\weixin_community\ThinkPHP\Extend\Vendor\weixin\jssdk.php 第 55 行.
SQL: SHOW COLUMNS FROM `ter_device` [ RunTime:0.012001s ]
SQL: SELECT * FROM `ter_device`  [ RunTime:0.012000s ]

[ 2016-07-04T14:48:51+08:00 ] 0.0.0.0 /weixin_community/
INFO: [ app_begin ] --START--
INFO: ReadHtmlCache Behavior ::run [ RunTime:0.003000s ]
INFO: [ app_begin ] --END-- [ RunTime:0.003000s ]
NOTIC: [8] A session had already been started - ignoring session_start() F:\WWW\weixin_community\APP\Modules\Home\Action\IndexAction.class.php 第 2 行.
NOTIC: [8] curl_setopt(): CURLOPT_SSL_VERIFYHOST no longer accepts the value 1, value 2 will be used instead F:\WWW\weixin_community\ThinkPHP\Extend\Vendor\weixin\jssdk.php 第 99 行.
NOTIC: [8] Trying to get property of non-object F:\WWW\weixin_community\ThinkPHP\Extend\Vendor\weixin\jssdk.php 第 78 行.
NOTIC: [8] curl_setopt(): CURLOPT_SSL_VERIFYHOST no longer accepts the value 1, value 2 will be used instead F:\WWW\weixin_community\ThinkPHP\Extend\Vendor\weixin\jssdk.php 第 99 行.
NOTIC: [8] Trying to get property of non-object F:\WWW\weixin_community\ThinkPHP\Extend\Vendor\weixin\jssdk.php 第 55 行.
SQL: SHOW COLUMNS FROM `ter_device` [ RunTime:0.013001s ]
SQL: INSERT INTO `ter_device` (`device_command`) VALUES ('489419818941') [ RunTime:0.010000s ]
ERR: 1062:Duplicate entry '' for key 'PRIMARY'
 [ SQL语句 ] : INSERT INTO `ter_device` (`device_command`) VALUES ('489419818941')

[ 2016-07-04T14:50:25+08:00 ] 0.0.0.0 /weixin_community/
INFO: [ app_begin ] --START--
INFO: ReadHtmlCache Behavior ::run [ RunTime:0.002000s ]
INFO: [ app_begin ] --END-- [ RunTime:0.002000s ]
NOTIC: [8] A session had already been started - ignoring session_start() F:\WWW\weixin_community\APP\Modules\Home\Action\IndexAction.class.php 第 2 行.
NOTIC: [8] curl_setopt(): CURLOPT_SSL_VERIFYHOST no longer accepts the value 1, value 2 will be used instead F:\WWW\weixin_community\ThinkPHP\Extend\Vendor\weixin\jssdk.php 第 99 行.
NOTIC: [8] Trying to get property of non-object F:\WWW\weixin_community\ThinkPHP\Extend\Vendor\weixin\jssdk.php 第 78 行.
NOTIC: [8] curl_setopt(): CURLOPT_SSL_VERIFYHOST no longer accepts the value 1, value 2 will be used instead F:\WWW\weixin_community\ThinkPHP\Extend\Vendor\weixin\jssdk.php 第 99 行.
NOTIC: [8] Trying to get property of non-object F:\WWW\weixin_community\ThinkPHP\Extend\Vendor\weixin\jssdk.php 第 55 行.
SQL: SHOW COLUMNS FROM `ter_device` [ RunTime:0.014001s ]
SQL: INSERT INTO `ter_device` (`device_command`,`device_code`) VALUES ('489419818941','asadasd') [ RunTime:0.012001s ]
ERR: 1062:Duplicate entry '' for key 'PRIMARY'
 [ SQL语句 ] : INSERT INTO `ter_device` (`device_command`,`device_code`) VALUES ('489419818941','asadasd')

[ 2016-07-04T14:51:20+08:00 ] 0.0.0.0 /weixin_community/
INFO: [ app_begin ] --START--
INFO: ReadHtmlCache Behavior ::run [ RunTime:0.002000s ]
INFO: [ app_begin ] --END-- [ RunTime:0.002000s ]
NOTIC: [8] A session had already been started - ignoring session_start() F:\WWW\weixin_community\APP\Modules\Home\Action\IndexAction.class.php 第 2 行.
NOTIC: [8] curl_setopt(): CURLOPT_SSL_VERIFYHOST no longer accepts the value 1, value 2 will be used instead F:\WWW\weixin_community\ThinkPHP\Extend\Vendor\weixin\jssdk.php 第 99 行.
NOTIC: [8] Trying to get property of non-object F:\WWW\weixin_community\ThinkPHP\Extend\Vendor\weixin\jssdk.php 第 78 行.
NOTIC: [8] curl_setopt(): CURLOPT_SSL_VERIFYHOST no longer accepts the value 1, value 2 will be used instead F:\WWW\weixin_community\ThinkPHP\Extend\Vendor\weixin\jssdk.php 第 99 行.
NOTIC: [8] Trying to get property of non-object F:\WWW\weixin_community\ThinkPHP\Extend\Vendor\weixin\jssdk.php 第 55 行.
SQL: SHOW COLUMNS FROM `ter_device` [ RunTime:0.012001s ]
SQL: INSERT INTO `ter_device` (`device_command`,`device_code`) VALUES ('489419818941','asadasd') [ RunTime:0.012001s ]
ERR: 1062:Duplicate entry '' for key 'PRIMARY'
 [ SQL语句 ] : INSERT INTO `ter_device` (`device_command`,`device_code`) VALUES ('489419818941','asadasd')

[ 2016-07-04T14:51:36+08:00 ] 0.0.0.0 /weixin_community/
INFO: [ app_begin ] --START--
INFO: ReadHtmlCache Behavior ::run [ RunTime:0.001000s ]
INFO: [ app_begin ] --END-- [ RunTime:0.001000s ]
NOTIC: [8] A session had already been started - ignoring session_start() F:\WWW\weixin_community\APP\Modules\Home\Action\IndexAction.class.php 第 2 行.
NOTIC: [8] curl_setopt(): CURLOPT_SSL_VERIFYHOST no longer accepts the value 1, value 2 will be used instead F:\WWW\weixin_community\ThinkPHP\Extend\Vendor\weixin\jssdk.php 第 99 行.
NOTIC: [8] Trying to get property of non-object F:\WWW\weixin_community\ThinkPHP\Extend\Vendor\weixin\jssdk.php 第 78 行.
NOTIC: [8] curl_setopt(): CURLOPT_SSL_VERIFYHOST no longer accepts the value 1, value 2 will be used instead F:\WWW\weixin_community\ThinkPHP\Extend\Vendor\weixin\jssdk.php 第 99 行.
NOTIC: [8] Trying to get property of non-object F:\WWW\weixin_community\ThinkPHP\Extend\Vendor\weixin\jssdk.php 第 55 行.
SQL: SHOW COLUMNS FROM `ter_device` [ RunTime:0.045003s ]
SQL: INSERT INTO `ter_device` (`device_command`,`device_code`) VALUES ('489419818941','asadasd') [ RunTime:0.045002s ]

[ 2016-07-04T14:51:42+08:00 ] 0.0.0.0 /weixin_community/
INFO: [ app_begin ] --START--
INFO: ReadHtmlCache Behavior ::run [ RunTime:0.001000s ]
INFO: [ app_begin ] --END-- [ RunTime:0.001000s ]
NOTIC: [8] A session had already been started - ignoring session_start() F:\WWW\weixin_community\APP\Modules\Home\Action\IndexAction.class.php 第 2 行.
NOTIC: [8] curl_setopt(): CURLOPT_SSL_VERIFYHOST no longer accepts the value 1, value 2 will be used instead F:\WWW\weixin_community\ThinkPHP\Extend\Vendor\weixin\jssdk.php 第 99 行.
NOTIC: [8] Trying to get property of non-object F:\WWW\weixin_community\ThinkPHP\Extend\Vendor\weixin\jssdk.php 第 78 行.
NOTIC: [8] curl_setopt(): CURLOPT_SSL_VERIFYHOST no longer accepts the value 1, value 2 will be used instead F:\WWW\weixin_community\ThinkPHP\Extend\Vendor\weixin\jssdk.php 第 99 行.
NOTIC: [8] Trying to get property of non-object F:\WWW\weixin_community\ThinkPHP\Extend\Vendor\weixin\jssdk.php 第 55 行.
SQL: SHOW COLUMNS FROM `ter_device` [ RunTime:0.050003s ]
SQL: INSERT INTO `ter_device` (`device_command`,`device_code`) VALUES ('489419818941','asadasd') [ RunTime:0.048003s ]
ERR: 1062:Duplicate entry '' for key 'PRIMARY'
 [ SQL语句 ] : INSERT INTO `ter_device` (`device_command`,`device_code`) VALUES ('489419818941','asadasd')

[ 2016-07-04T14:51:48+08:00 ] 0.0.0.0 /weixin_community/
INFO: [ app_begin ] --START--
INFO: ReadHtmlCache Behavior ::run [ RunTime:0.002000s ]
INFO: [ app_begin ] --END-- [ RunTime:0.002000s ]
NOTIC: [8] A session had already been started - ignoring session_start() F:\WWW\weixin_community\APP\Modules\Home\Action\IndexAction.class.php 第 2 行.
NOTIC: [8] curl_setopt(): CURLOPT_SSL_VERIFYHOST no longer accepts the value 1, value 2 will be used instead F:\WWW\weixin_community\ThinkPHP\Extend\Vendor\weixin\jssdk.php 第 99 行.
NOTIC: [8] Trying to get property of non-object F:\WWW\weixin_community\ThinkPHP\Extend\Vendor\weixin\jssdk.php 第 78 行.
NOTIC: [8] curl_setopt(): CURLOPT_SSL_VERIFYHOST no longer accepts the value 1, value 2 will be used instead F:\WWW\weixin_community\ThinkPHP\Extend\Vendor\weixin\jssdk.php 第 99 行.
NOTIC: [8] Trying to get property of non-object F:\WWW\weixin_community\ThinkPHP\Extend\Vendor\weixin\jssdk.php 第 55 行.
SQL: SHOW COLUMNS FROM `ter_device` [ RunTime:0.051003s ]
SQL: INSERT INTO `ter_device` (`device_command`,`device_code`) VALUES ('489419818941','asadasd') [ RunTime:0.049002s ]
ERR: 1062:Duplicate entry '' for key 'PRIMARY'
 [ SQL语句 ] : INSERT INTO `ter_device` (`device_command`,`device_code`) VALUES ('489419818941','asadasd')

[ 2016-07-04T14:52:09+08:00 ] 0.0.0.0 /weixin_community/
INFO: [ app_begin ] --START--
INFO: ReadHtmlCache Behavior ::run [ RunTime:0.002000s ]
INFO: [ app_begin ] --END-- [ RunTime:0.002000s ]
NOTIC: [8] A session had already been started - ignoring session_start() F:\WWW\weixin_community\APP\Modules\Home\Action\IndexAction.class.php 第 2 行.
NOTIC: [8] curl_setopt(): CURLOPT_SSL_VERIFYHOST no longer accepts the value 1, value 2 will be used instead F:\WWW\weixin_community\ThinkPHP\Extend\Vendor\weixin\jssdk.php 第 99 行.
NOTIC: [8] Trying to get property of non-object F:\WWW\weixin_community\ThinkPHP\Extend\Vendor\weixin\jssdk.php 第 78 行.
NOTIC: [8] curl_setopt(): CURLOPT_SSL_VERIFYHOST no longer accepts the value 1, value 2 will be used instead F:\WWW\weixin_community\ThinkPHP\Extend\Vendor\weixin\jssdk.php 第 99 行.
NOTIC: [8] Trying to get property of non-object F:\WWW\weixin_community\ThinkPHP\Extend\Vendor\weixin\jssdk.php 第 55 行.
SQL: SHOW COLUMNS FROM `ter_device` [ RunTime:0.050002s ]
SQL: INSERT INTO `ter_device` (`device_command`,`device_code`) VALUES ('489419818941','asadasd') [ RunTime:0.051003s ]

[ 2016-07-04T14:52:42+08:00 ] 0.0.0.0 /weixin_community/
INFO: [ app_begin ] --START--
INFO: ReadHtmlCache Behavior ::run [ RunTime:0.002000s ]
INFO: [ app_begin ] --END-- [ RunTime:0.002000s ]
NOTIC: [8] A session had already been started - ignoring session_start() F:\WWW\weixin_community\APP\Modules\Home\Action\IndexAction.class.php 第 2 行.
NOTIC: [8] curl_setopt(): CURLOPT_SSL_VERIFYHOST no longer accepts the value 1, value 2 will be used instead F:\WWW\weixin_community\ThinkPHP\Extend\Vendor\weixin\jssdk.php 第 99 行.
NOTIC: [8] Trying to get property of non-object F:\WWW\weixin_community\ThinkPHP\Extend\Vendor\weixin\jssdk.php 第 78 行.
NOTIC: [8] curl_setopt(): CURLOPT_SSL_VERIFYHOST no longer accepts the value 1, value 2 will be used instead F:\WWW\weixin_community\ThinkPHP\Extend\Vendor\weixin\jssdk.php 第 99 行.
NOTIC: [8] Trying to get property of non-object F:\WWW\weixin_community\ThinkPHP\Extend\Vendor\weixin\jssdk.php 第 55 行.
SQL: SHOW COLUMNS FROM `ter_device` [ RunTime:0.045003s ]
SQL: INSERT INTO `ter_device` (`device_command`,`device_code`) VALUES ('489419818941','asadasd') [ RunTime:0.045002s ]

[ 2016-07-04T14:53:04+08:00 ] 0.0.0.0 /weixin_community/
INFO: [ app_begin ] --START--
INFO: ReadHtmlCache Behavior ::run [ RunTime:0.002000s ]
INFO: [ app_begin ] --END-- [ RunTime:0.002000s ]
NOTIC: [8] A session had already been started - ignoring session_start() F:\WWW\weixin_community\APP\Modules\Home\Action\IndexAction.class.php 第 2 行.
NOTIC: [8] curl_setopt(): CURLOPT_SSL_VERIFYHOST no longer accepts the value 1, value 2 will be used instead F:\WWW\weixin_community\ThinkPHP\Extend\Vendor\weixin\jssdk.php 第 99 行.
NOTIC: [8] Trying to get property of non-object F:\WWW\weixin_community\ThinkPHP\Extend\Vendor\weixin\jssdk.php 第 78 行.
NOTIC: [8] curl_setopt(): CURLOPT_SSL_VERIFYHOST no longer accepts the value 1, value 2 will be used instead F:\WWW\weixin_community\ThinkPHP\Extend\Vendor\weixin\jssdk.php 第 99 行.
NOTIC: [8] Trying to get property of non-object F:\WWW\weixin_community\ThinkPHP\Extend\Vendor\weixin\jssdk.php 第 55 行.
SQL: SHOW COLUMNS FROM `ter_device` [ RunTime:0.012000s ]
SQL: INSERT INTO `ter_device` (`device_command`,`device_code`) VALUES ('489419818941','asadasd') [ RunTime:0.010001s ]

[ 2016-07-04T14:53:18+08:00 ] 0.0.0.0 /weixin_community/
INFO: [ app_begin ] --START--
INFO: ReadHtmlCache Behavior ::run [ RunTime:0.001000s ]
INFO: [ app_begin ] --END-- [ RunTime:0.001000s ]
NOTIC: [8] A session had already been started - ignoring session_start() F:\WWW\weixin_community\APP\Modules\Home\Action\IndexAction.class.php 第 2 行.
NOTIC: [8] curl_setopt(): CURLOPT_SSL_VERIFYHOST no longer accepts the value 1, value 2 will be used instead F:\WWW\weixin_community\ThinkPHP\Extend\Vendor\weixin\jssdk.php 第 99 行.
NOTIC: [8] Trying to get property of non-object F:\WWW\weixin_community\ThinkPHP\Extend\Vendor\weixin\jssdk.php 第 78 行.
NOTIC: [8] curl_setopt(): CURLOPT_SSL_VERIFYHOST no longer accepts the value 1, value 2 will be used instead F:\WWW\weixin_community\ThinkPHP\Extend\Vendor\weixin\jssdk.php 第 99 行.
NOTIC: [8] Trying to get property of non-object F:\WWW\weixin_community\ThinkPHP\Extend\Vendor\weixin\jssdk.php 第 55 行.
SQL: SHOW COLUMNS FROM `ter_device` [ RunTime:0.012001s ]
SQL: INSERT INTO `ter_device` (`device_command`,`device_code`) VALUES ('489419818941','assfadasd') [ RunTime:0.011000s ]
ERR: 1062:Duplicate entry '' for key 'PRIMARY'
 [ SQL语句 ] : INSERT INTO `ter_device` (`device_command`,`device_code`) VALUES ('489419818941','assfadasd')

[ 2016-07-04T14:53:41+08:00 ] 0.0.0.0 /weixin_community/
INFO: [ app_begin ] --START--
INFO: ReadHtmlCache Behavior ::run [ RunTime:0.001000s ]
INFO: [ app_begin ] --END-- [ RunTime:0.001000s ]
NOTIC: [8] A session had already been started - ignoring session_start() F:\WWW\weixin_community\APP\Modules\Home\Action\IndexAction.class.php 第 2 行.
NOTIC: [8] curl_setopt(): CURLOPT_SSL_VERIFYHOST no longer accepts the value 1, value 2 will be used instead F:\WWW\weixin_community\ThinkPHP\Extend\Vendor\weixin\jssdk.php 第 99 行.
NOTIC: [8] Trying to get property of non-object F:\WWW\weixin_community\ThinkPHP\Extend\Vendor\weixin\jssdk.php 第 78 行.
NOTIC: [8] curl_setopt(): CURLOPT_SSL_VERIFYHOST no longer accepts the value 1, value 2 will be used instead F:\WWW\weixin_community\ThinkPHP\Extend\Vendor\weixin\jssdk.php 第 99 行.
NOTIC: [8] Trying to get property of non-object F:\WWW\weixin_community\ThinkPHP\Extend\Vendor\weixin\jssdk.php 第 55 行.
SQL: SHOW COLUMNS FROM `ter_device` [ RunTime:0.012000s ]
SQL: INSERT INTO `ter_device` (`device_command`,`device_code`,`id`) VALUES ('489419818941','assfadasd','assfadasd') [ RunTime:0.020001s ]

[ 2016-07-04T15:15:07+08:00 ] 0.0.0.0 /weixin_community/
INFO: [ app_begin ] --START--
INFO: ReadHtmlCache Behavior ::run [ RunTime:0.002000s ]
INFO: [ app_begin ] --END-- [ RunTime:0.002000s ]
NOTIC: [8] A session had already been started - ignoring session_start() F:\WWW\weixin_community\APP\Modules\Home\Action\IndexAction.class.php 第 2 行.
NOTIC: [8] curl_setopt(): CURLOPT_SSL_VERIFYHOST no longer accepts the value 1, value 2 will be used instead F:\WWW\weixin_community\ThinkPHP\Extend\Vendor\weixin\jssdk.php 第 99 行.
NOTIC: [8] Trying to get property of non-object F:\WWW\weixin_community\ThinkPHP\Extend\Vendor\weixin\jssdk.php 第 78 行.
NOTIC: [8] curl_setopt(): CURLOPT_SSL_VERIFYHOST no longer accepts the value 1, value 2 will be used instead F:\WWW\weixin_community\ThinkPHP\Extend\Vendor\weixin\jssdk.php 第 99 行.
NOTIC: [8] Trying to get property of non-object F:\WWW\weixin_community\ThinkPHP\Extend\Vendor\weixin\jssdk.php 第 55 行.
INFO: [ view_parse ] --START--
NOTIC: [8] Undefined variable: nickname F:\WWW\weixin_community\APP\Runtime\Cache\Home\b71efac2c45dfbbb12a5b9b57341de1f.php 第 23 行.
INFO: ParseTemplate Behavior ::run [ RunTime:0.078005s ]
INFO: [ view_parse ] --END-- [ RunTime:0.079005s ]
INFO: [ view_filter ] --START--
INFO: ContentReplace Behavior ::run [ RunTime:0.002000s ]
INFO: TokenBuild Behavior ::run [ RunTime:0.003000s ]
INFO: WriteHtmlCache Behavior ::run [ RunTime:0.002000s ]
INFO: ShowRuntime Behavior ::run [ RunTime:0.006001s ]
INFO: [ view_filter ] --END-- [ RunTime:0.014001s ]
INFO: [ view_end ] --START--
INFO: ShowPageTrace Behavior ::run [ RunTime:0.005000s ]
INFO: [ view_end ] --END-- [ RunTime:0.005000s ]

[ 2016-07-04T15:15:09+08:00 ] 0.0.0.0 /weixin_community/
INFO: [ app_begin ] --START--
INFO: ReadHtmlCache Behavior ::run [ RunTime:0.002000s ]
INFO: [ app_begin ] --END-- [ RunTime:0.002000s ]
NOTIC: [8] A session had already been started - ignoring session_start() F:\WWW\weixin_community\APP\Modules\Home\Action\IndexAction.class.php 第 2 行.
NOTIC: [8] curl_setopt(): CURLOPT_SSL_VERIFYHOST no longer accepts the value 1, value 2 will be used instead F:\WWW\weixin_community\ThinkPHP\Extend\Vendor\weixin\jssdk.php 第 99 行.
NOTIC: [8] Trying to get property of non-object F:\WWW\weixin_community\ThinkPHP\Extend\Vendor\weixin\jssdk.php 第 78 行.
NOTIC: [8] curl_setopt(): CURLOPT_SSL_VERIFYHOST no longer accepts the value 1, value 2 will be used instead F:\WWW\weixin_community\ThinkPHP\Extend\Vendor\weixin\jssdk.php 第 99 行.
NOTIC: [8] Trying to get property of non-object F:\WWW\weixin_community\ThinkPHP\Extend\Vendor\weixin\jssdk.php 第 55 行.
INFO: [ view_parse ] --START--
NOTIC: [8] Undefined variable: nickname F:\WWW\weixin_community\APP\Runtime\Cache\Home\b71efac2c45dfbbb12a5b9b57341de1f.php 第 23 行.
INFO: ParseTemplate Behavior ::run [ RunTime:0.018001s ]
INFO: [ view_parse ] --END-- [ RunTime:0.018001s ]
INFO: [ view_filter ] --START--
INFO: ContentReplace Behavior ::run [ RunTime:0.002000s ]
INFO: TokenBuild Behavior ::run [ RunTime:0.001000s ]
INFO: WriteHtmlCache Behavior ::run [ RunTime:0.001000s ]
INFO: ShowRuntime Behavior ::run [ RunTime:0.002000s ]
INFO: [ view_filter ] --END-- [ RunTime:0.006000s ]
INFO: [ view_end ] --START--
INFO: ShowPageTrace Behavior ::run [ RunTime:0.001000s ]
INFO: [ view_end ] --END-- [ RunTime:0.001000s ]

