[ 2016-08-26T11:14:01+08:00 ] 183.43.34.124 /weixin_community/index.php?m=Index&a=index
INFO: [ app_begin ] --START--
INFO: ReadHtmlCache Behavior ::run [ RunTime:0.000364s ]
INFO: [ app_begin ] --END-- [ RunTime:0.000424s ]
NOTIC: [8] A session had already been started - ignoring session_start() /home/wwwroot/v.sniperchw.com/weixin_community/APP/Modules/Home/Action/IndexAction.class.php 第 2 行.
NOTIC: [8] Undefined index: group_id /home/wwwroot/v.sniperchw.com/weixin_community/APP/Modules/Home/Action/BaseAction.class.php 第 39 行.
NOTIC: [8] Undefined index: device_command /home/wwwroot/v.sniperchw.com/weixin_community/APP/Modules/Home/Action/BaseAction.class.php 第 40 行.
NOTIC: [8] curl_setopt(): CURLOPT_SSL_VERIFYHOST no longer accepts the value 1, value 2 will be used instead /home/wwwroot/v.sniperchw.com/weixin_community/ThinkPHP/Extend/Vendor/weixin/jssdk.php 第 99 行.
NOTIC: [8] curl_setopt(): CURLOPT_SSL_VERIFYHOST no longer accepts the value 1, value 2 will be used instead /home/wwwroot/v.sniperchw.com/weixin_community/ThinkPHP/Extend/Vendor/weixin/jssdk.php 第 99 行.
NOTIC: [8] Undefined index: sc_small /home/wwwroot/v.sniperchw.com/weixin_community/APP/Modules/Home/Action/IndexAction.class.php 第 14 行.
NOTIC: [8] Undefined index: group_id /home/wwwroot/v.sniperchw.com/weixin_community/APP/Modules/Home/Action/BaseAction.class.php 第 39 行.
NOTIC: [8] Undefined index: device_command /home/wwwroot/v.sniperchw.com/weixin_community/APP/Modules/Home/Action/BaseAction.class.php 第 40 行.

[ 2016-08-26T11:14:03+08:00 ] 183.43.34.124 /weixin_community/index.php?m=Index&a=index&code=031ilEER0kJknd2aXKFR0F2EER0ilEEf&state=STATE
INFO: [ app_begin ] --START--
INFO: ReadHtmlCache Behavior ::run [ RunTime:0.000557s ]
INFO: [ app_begin ] --END-- [ RunTime:0.000642s ]
NOTIC: [8] A session had already been started - ignoring session_start() /home/wwwroot/v.sniperchw.com/weixin_community/APP/Modules/Home/Action/IndexAction.class.php 第 2 行.
NOTIC: [8] Undefined index: group_id /home/wwwroot/v.sniperchw.com/weixin_community/APP/Modules/Home/Action/BaseAction.class.php 第 39 行.
NOTIC: [8] Undefined index: device_command /home/wwwroot/v.sniperchw.com/weixin_community/APP/Modules/Home/Action/BaseAction.class.php 第 40 行.
NOTIC: [8] Undefined index: sc_small /home/wwwroot/v.sniperchw.com/weixin_community/APP/Modules/Home/Action/IndexAction.class.php 第 14 行.
NOTIC: [8] Undefined index: group_id /home/wwwroot/v.sniperchw.com/weixin_community/APP/Modules/Home/Action/BaseAction.class.php 第 39 行.
NOTIC: [8] Undefined index: device_command /home/wwwroot/v.sniperchw.com/weixin_community/APP/Modules/Home/Action/BaseAction.class.php 第 40 行.
SQL: SHOW COLUMNS FROM `service_userinfo` [ RunTime:0.010971s ]
SQL: SELECT * FROM `service_userinfo` WHERE ( `openid` = 'oXgRcuPZOX8xJMaumRyArOYocBGY' ) AND ( `del_flag` = 0 ) LIMIT 1   [ RunTime:0.010389s ]
SQL: SHOW COLUMNS FROM `service_pay_info` [ RunTime:0.010388s ]
SQL: SELECT SUM(ticket) AS tp_sum FROM `service_pay_info` WHERE ( `status` = 1 ) AND ( `app_id` = '1341024101' ) AND ( `from_username` = 'oXgRcuPZOX8xJMaumRyArOYocBGY' ) LIMIT 1   [ RunTime:0.010168s ]
SQL: SELECT `user_integral` FROM `service_userinfo` WHERE ( `openid` = 'oXgRcuPZOX8xJMaumRyArOYocBGY' ) AND ( `del_flag` = 0 ) LIMIT 1   [ RunTime:0.010159s ]
SQL: SHOW COLUMNS FROM `device_group` [ RunTime:0.010478s ]
SQL: SELECT * FROM `device_group` WHERE ( `device_command` = '861694034016582' ) AND ( `del_flag` = 0 ) AND ( `status` = 1 ) LIMIT 1   [ RunTime:0.010589s ]
SQL: SELECT COUNT(*) AS tp_count FROM `service_userinfo` LIMIT 1   [ RunTime:0.010053s ]
SQL: SELECT count(1) as count,wu.openid,wu.headimgurl,wu.nickname,wu.city FROM `service_pay_info` spi left join service_userinfo wu on wu.openid=spi.from_username where spi.type=0 and spi.status=1
 and spi.del_flag=0 and wu.openid!='' and spi.device_code='861694034016582' GROUP BY wu.openid ORDER BY count desc limit 5 [ RunTime:0.011611s ]
SQL: SELECT `nickname`,`headimgurl`,`city` FROM `service_userinfo` WHERE ( `openid` = 'oXgRcuPZOX8xJMaumRyArOYocBGY' ) LIMIT 1   [ RunTime:0.010210s ]
SQL: SELECT count(1) as count,wu.openid,wu.headimgurl,wu.nickname,wu.city FROM `service_pay_info` spi LEFT
join service_userinfo wu on wu.openid=spi.from_username where spi.type=0 and spi.status=1
 and spi.del_flag=0 and wu.openid!='' and spi.device_code='861694034016582' and spi.is_archive=0  and spi.sys_time>CURDATE() GROUP BY wu.openid ORDER BY count desc [ RunTime:0.010376s ]
NOTIC: [2] array_slice() expects parameter 1 to be array, string given /home/wwwroot/v.sniperchw.com/weixin_community/APP/Modules/Home/Action/IndexAction.class.php 第 136 行.
NOTIC: [2] array_slice() expects parameter 1 to be array, string given /home/wwwroot/v.sniperchw.com/weixin_community/APP/Modules/Home/Action/IndexAction.class.php 第 137 行.
INFO: [ view_parse ] --START--
NOTIC: [2] Missing argument 3 for str_substr(), called in /home/wwwroot/v.sniperchw.com/weixin_community/APP/Runtime/Cache/Home/b71efac2c45dfbbb12a5b9b57341de1f.php on line 31 and defined /home/wwwroot/v.sniperchw.com/weixin_community/APP/Common/common.php 第 756 行.
NOTIC: [8] Undefined variable: string2 /home/wwwroot/v.sniperchw.com/weixin_community/APP/Common/common.php 第 758 行.
NOTIC: [2] Missing argument 3 for str_substr(), called in /home/wwwroot/v.sniperchw.com/weixin_community/APP/Runtime/Cache/Home/b71efac2c45dfbbb12a5b9b57341de1f.php on line 188 and defined /home/wwwroot/v.sniperchw.com/weixin_community/APP/Common/common.php 第 756 行.
NOTIC: [2] Missing argument 3 for str_substr(), called in /home/wwwroot/v.sniperchw.com/weixin_community/APP/Runtime/Cache/Home/b71efac2c45dfbbb12a5b9b57341de1f.php on line 188 and defined /home/wwwroot/v.sniperchw.com/weixin_community/APP/Common/common.php 第 756 行.
NOTIC: [2] Missing argument 3 for str_substr(), called in /home/wwwroot/v.sniperchw.com/weixin_community/APP/Runtime/Cache/Home/b71efac2c45dfbbb12a5b9b57341de1f.php on line 188 and defined /home/wwwroot/v.sniperchw.com/weixin_community/APP/Common/common.php 第 756 行.
NOTIC: [2] Missing argument 3 for str_substr(), called in /home/wwwroot/v.sniperchw.com/weixin_community/APP/Runtime/Cache/Home/b71efac2c45dfbbb12a5b9b57341de1f.php on line 188 and defined /home/wwwroot/v.sniperchw.com/weixin_community/APP/Common/common.php 第 756 行.
NOTIC: [2] Missing argument 3 for str_substr(), called in /home/wwwroot/v.sniperchw.com/weixin_community/APP/Runtime/Cache/Home/b71efac2c45dfbbb12a5b9b57341de1f.php on line 188 and defined /home/wwwroot/v.sniperchw.com/weixin_community/APP/Common/common.php 第 756 行.
NOTIC: [2] Missing argument 3 for str_substr(), called in /home/wwwroot/v.sniperchw.com/weixin_community/APP/Runtime/Cache/Home/b71efac2c45dfbbb12a5b9b57341de1f.php on line 213 and defined /home/wwwroot/v.sniperchw.com/weixin_community/APP/Common/common.php 第 756 行.
NOTIC: [2] Missing argument 3 for str_substr(), called in /home/wwwroot/v.sniperchw.com/weixin_community/APP/Runtime/Cache/Home/b71efac2c45dfbbb12a5b9b57341de1f.php on line 213 and defined /home/wwwroot/v.sniperchw.com/weixin_community/APP/Common/common.php 第 756 行.
NOTIC: [2] Missing argument 3 for str_substr(), called in /home/wwwroot/v.sniperchw.com/weixin_community/APP/Runtime/Cache/Home/b71efac2c45dfbbb12a5b9b57341de1f.php on line 213 and defined /home/wwwroot/v.sniperchw.com/weixin_community/APP/Common/common.php 第 756 行.
NOTIC: [8] Undefined index: is_on /home/wwwroot/v.sniperchw.com/weixin_community/APP/Runtime/Cache/Home/b71efac2c45dfbbb12a5b9b57341de1f.php 第 241 行.
NOTIC: [2] Missing argument 3 for str_substr(), called in /home/wwwroot/v.sniperchw.com/weixin_community/APP/Runtime/Cache/Home/b71efac2c45dfbbb12a5b9b57341de1f.php on line 213 and defined /home/wwwroot/v.sniperchw.com/weixin_community/APP/Common/common.php 第 756 行.
NOTIC: [2] Missing argument 3 for str_substr(), called in /home/wwwroot/v.sniperchw.com/weixin_community/APP/Runtime/Cache/Home/b71efac2c45dfbbb12a5b9b57341de1f.php on line 213 and defined /home/wwwroot/v.sniperchw.com/weixin_community/APP/Common/common.php 第 756 行.
NOTIC: [2] Missing argument 3 for str_substr(), called in /home/wwwroot/v.sniperchw.com/weixin_community/APP/Runtime/Cache/Home/b71efac2c45dfbbb12a5b9b57341de1f.php on line 213 and defined /home/wwwroot/v.sniperchw.com/weixin_community/APP/Common/common.php 第 756 行.
NOTIC: [2] Missing argument 3 for str_substr(), called in /home/wwwroot/v.sniperchw.com/weixin_community/APP/Runtime/Cache/Home/b71efac2c45dfbbb12a5b9b57341de1f.php on line 213 and defined /home/wwwroot/v.sniperchw.com/weixin_community/APP/Common/common.php 第 756 行.
NOTIC: [2] Missing argument 3 for str_substr(), called in /home/wwwroot/v.sniperchw.com/weixin_community/APP/Runtime/Cache/Home/b71efac2c45dfbbb12a5b9b57341de1f.php on line 213 and defined /home/wwwroot/v.sniperchw.com/weixin_community/APP/Common/common.php 第 756 行.
NOTIC: [2] Missing argument 3 for str_substr(), called in /home/wwwroot/v.sniperchw.com/weixin_community/APP/Runtime/Cache/Home/b71efac2c45dfbbb12a5b9b57341de1f.php on line 213 and defined /home/wwwroot/v.sniperchw.com/weixin_community/APP/Common/common.php 第 756 行.
NOTIC: [2] Missing argument 3 for str_substr(), called in /home/wwwroot/v.sniperchw.com/weixin_community/APP/Runtime/Cache/Home/b71efac2c45dfbbb12a5b9b57341de1f.php on line 213 and defined /home/wwwroot/v.sniperchw.com/weixin_community/APP/Common/common.php 第 756 行.
NOTIC: [8] Use of undefined constant openid - assumed 'openid' /home/wwwroot/v.sniperchw.com/weixin_community/APP/Runtime/Cache/Home/b71efac2c45dfbbb12a5b9b57341de1f.php 第 273 行.
NOTIC: [8] Use of undefined constant group_id - assumed 'group_id' /home/wwwroot/v.sniperchw.com/weixin_community/APP/Runtime/Cache/Home/b71efac2c45dfbbb12a5b9b57341de1f.php 第 273 行.
NOTIC: [8] Use of undefined constant device_command - assumed 'device_command' /home/wwwroot/v.sniperchw.com/weixin_community/APP/Runtime/Cache/Home/b71efac2c45dfbbb12a5b9b57341de1f.php 第 273 行.
NOTIC: [8] Use of undefined constant mchid - assumed 'mchid' /home/wwwroot/v.sniperchw.com/weixin_community/APP/Runtime/Cache/Home/b71efac2c45dfbbb12a5b9b57341de1f.php 第 273 行.
NOTIC: [8] Use of undefined constant openid - assumed 'openid' /home/wwwroot/v.sniperchw.com/weixin_community/APP/Runtime/Cache/Home/b71efac2c45dfbbb12a5b9b57341de1f.php 第 279 行.
NOTIC: [8] Use of undefined constant group_id - assumed 'group_id' /home/wwwroot/v.sniperchw.com/weixin_community/APP/Runtime/Cache/Home/b71efac2c45dfbbb12a5b9b57341de1f.php 第 279 行.
NOTIC: [8] Use of undefined constant device_command - assumed 'device_command' /home/wwwroot/v.sniperchw.com/weixin_community/APP/Runtime/Cache/Home/b71efac2c45dfbbb12a5b9b57341de1f.php 第 279 行.
NOTIC: [8] Use of undefined constant mchid - assumed 'mchid' /home/wwwroot/v.sniperchw.com/weixin_community/APP/Runtime/Cache/Home/b71efac2c45dfbbb12a5b9b57341de1f.php 第 279 行.
NOTIC: [8] Use of undefined constant openid - assumed 'openid' /home/wwwroot/v.sniperchw.com/weixin_community/APP/Runtime/Cache/Home/b71efac2c45dfbbb12a5b9b57341de1f.php 第 285 行.
NOTIC: [8] Use of undefined constant group_id - assumed 'group_id' /home/wwwroot/v.sniperchw.com/weixin_community/APP/Runtime/Cache/Home/b71efac2c45dfbbb12a5b9b57341de1f.php 第 285 行.
NOTIC: [8] Use of undefined constant device_command - assumed 'device_command' /home/wwwroot/v.sniperchw.com/weixin_community/APP/Runtime/Cache/Home/b71efac2c45dfbbb12a5b9b57341de1f.php 第 285 行.
NOTIC: [8] Use of undefined constant mchid - assumed 'mchid' /home/wwwroot/v.sniperchw.com/weixin_community/APP/Runtime/Cache/Home/b71efac2c45dfbbb12a5b9b57341de1f.php 第 285 行.
INFO: ParseTemplate Behavior ::run [ RunTime:0.021552s ]
INFO: [ view_parse ] --END-- [ RunTime:0.021613s ]
INFO: [ view_filter ] --START--
INFO: ContentReplace Behavior ::run [ RunTime:0.000395s ]
INFO: TokenBuild Behavior ::run [ RunTime:0.000267s ]
INFO: WriteHtmlCache Behavior ::run [ RunTime:0.000196s ]
INFO: ShowRuntime Behavior ::run [ RunTime:0.000435s ]
INFO: [ view_filter ] --END-- [ RunTime:0.001405s ]
INFO: [ view_end ] --START--
INFO: ShowPageTrace Behavior ::run [ RunTime:0.000537s ]
INFO: [ view_end ] --END-- [ RunTime:0.000584s ]

[ 2016-08-26T11:17:00+08:00 ] 101.226.33.205 /weixin_community/index.php?m=Index&a=index
INFO: [ app_begin ] --START--
INFO: ReadHtmlCache Behavior ::run [ RunTime:0.000357s ]
INFO: [ app_begin ] --END-- [ RunTime:0.000417s ]
NOTIC: [8] A session had already been started - ignoring session_start() /home/wwwroot/v.sniperchw.com/weixin_community/APP/Modules/Home/Action/IndexAction.class.php 第 2 行.
NOTIC: [8] Undefined index: group_id /home/wwwroot/v.sniperchw.com/weixin_community/APP/Modules/Home/Action/BaseAction.class.php 第 39 行.
NOTIC: [8] Undefined index: device_command /home/wwwroot/v.sniperchw.com/weixin_community/APP/Modules/Home/Action/BaseAction.class.php 第 40 行.
NOTIC: [8] Undefined index: sc_small /home/wwwroot/v.sniperchw.com/weixin_community/APP/Modules/Home/Action/IndexAction.class.php 第 14 行.
NOTIC: [8] Undefined index: group_id /home/wwwroot/v.sniperchw.com/weixin_community/APP/Modules/Home/Action/BaseAction.class.php 第 39 行.
NOTIC: [8] Undefined index: device_command /home/wwwroot/v.sniperchw.com/weixin_community/APP/Modules/Home/Action/BaseAction.class.php 第 40 行.

