[ 2016-03-19T09:35:30+08:00 ] 27.38.44.201 /install/index.php?m=Index&a=index
INFO: [ app_begin ] --START--
INFO: ReadHtmlCache Behavior ::run [ RunTime:0.000349s ]
INFO: [ app_begin ] --END-- [ RunTime:0.000408s ]
NOTIC: [8] Use of undefined constant THEME_PATH - assumed 'THEME_PATH' /home/wwwroot/v.sniperchw.com/install/APP/Modules/Home/Action/BaseAction.class.php 第 15 行.
NOTIC: [8] Undefined index: openid /home/wwwroot/v.sniperchw.com/install/APP/Modules/Home/Action/BaseAction.class.php 第 18 行.

[ 2016-03-19T09:35:30+08:00 ] 27.38.44.201 /install/index.php?m=Login&a=login
INFO: [ app_begin ] --START--
INFO: ReadHtmlCache Behavior ::run [ RunTime:0.000362s ]
INFO: [ app_begin ] --END-- [ RunTime:0.000427s ]
INFO: [ view_parse ] --START--
INFO: ParseTemplate Behavior ::run [ RunTime:0.004875s ]
INFO: [ view_parse ] --END-- [ RunTime:0.004921s ]
INFO: [ view_filter ] --START--
INFO: ContentReplace Behavior ::run [ RunTime:0.000255s ]
INFO: TokenBuild Behavior ::run [ RunTime:0.000443s ]
INFO: WriteHtmlCache Behavior ::run [ RunTime:0.000197s ]
INFO: ShowRuntime Behavior ::run [ RunTime:0.000303s ]
INFO: [ view_filter ] --END-- [ RunTime:0.001309s ]
INFO: [ view_end ] --START--
INFO: ShowPageTrace Behavior ::run [ RunTime:0.000421s ]
INFO: [ view_end ] --END-- [ RunTime:0.000456s ]

[ 2016-03-19T09:35:46+08:00 ] 27.38.44.206 /install/index.php?m=Login&a=check_login
INFO: [ app_begin ] --START--
INFO: ReadHtmlCache Behavior ::run [ RunTime:0.000378s ]
INFO: [ app_begin ] --END-- [ RunTime:0.000447s ]
SQL: SHOW COLUMNS FROM `sys_user` [ RunTime:0.059206s ]
SQL: SELECT * FROM `sys_user` WHERE ( `login_name` = 'admin' ) AND ( `del_flag` = 0 ) AND ( `user_type` = '3' ) LIMIT 1   [ RunTime:0.058360s ]

[ 2016-03-19T09:35:48+08:00 ] 27.38.44.206 /install/index.php?m=Index&a=index
INFO: [ app_begin ] --START--
INFO: ReadHtmlCache Behavior ::run [ RunTime:0.000368s ]
INFO: [ app_begin ] --END-- [ RunTime:0.000432s ]
NOTIC: [8] Use of undefined constant THEME_PATH - assumed 'THEME_PATH' /home/wwwroot/v.sniperchw.com/install/APP/Modules/Home/Action/BaseAction.class.php 第 15 行.
NOTIC: [8] Undefined index: openid /home/wwwroot/v.sniperchw.com/install/APP/Modules/Home/Action/BaseAction.class.php 第 18 行.
SQL: SHOW COLUMNS FROM `sys_user` [ RunTime:0.042416s ]
SQL: SELECT * FROM `sys_user` WHERE ( `id` = '2' ) LIMIT 1   [ RunTime:0.041578s ]
NOTIC: [8] curl_setopt(): CURLOPT_SSL_VERIFYHOST no longer accepts the value 1, value 2 will be used instead /home/wwwroot/v.sniperchw.com/install/APP/Modules/Home/Action/jssdk.php 第 99 行.
NOTIC: [8] curl_setopt(): CURLOPT_SSL_VERIFYHOST no longer accepts the value 1, value 2 will be used instead /home/wwwroot/v.sniperchw.com/install/APP/Modules/Home/Action/jssdk.php 第 99 行.
INFO: [ view_parse ] --START--
INFO: ParseTemplate Behavior ::run [ RunTime:0.007168s ]
INFO: [ view_parse ] --END-- [ RunTime:0.007245s ]
INFO: [ view_filter ] --START--
INFO: ContentReplace Behavior ::run [ RunTime:0.000327s ]
INFO: TokenBuild Behavior ::run [ RunTime:0.000262s ]
INFO: WriteHtmlCache Behavior ::run [ RunTime:0.000205s ]
INFO: ShowRuntime Behavior ::run [ RunTime:0.000599s ]
INFO: [ view_filter ] --END-- [ RunTime:0.001612s ]
INFO: [ view_end ] --START--
INFO: ShowPageTrace Behavior ::run [ RunTime:0.000575s ]
INFO: [ view_end ] --END-- [ RunTime:0.000626s ]

[ 2016-03-19T09:35:49+08:00 ] 27.38.44.201 /install/index.php?m=Index&a=query_device_group
INFO: [ app_begin ] --START--
INFO: ReadHtmlCache Behavior ::run [ RunTime:0.000404s ]
INFO: [ app_begin ] --END-- [ RunTime:0.000463s ]
NOTIC: [8] Use of undefined constant THEME_PATH - assumed 'THEME_PATH' /home/wwwroot/v.sniperchw.com/install/APP/Modules/Home/Action/BaseAction.class.php 第 15 行.
NOTIC: [8] Undefined index: openid /home/wwwroot/v.sniperchw.com/install/APP/Modules/Home/Action/BaseAction.class.php 第 18 行.
SQL: SHOW COLUMNS FROM `sys_user` [ RunTime:0.050278s ]
SQL: SELECT * FROM `sys_user` WHERE ( `id` = '2' ) LIMIT 1   [ RunTime:0.049502s ]
SQL: SHOW COLUMNS FROM `device_group_info` [ RunTime:0.049960s ]
SQL: SELECT * FROM `device_group_info` WHERE ( `status` = 1 ) AND ( `create_by` = '2' ) ORDER BY create_time desc  [ RunTime:0.049552s ]

[ 2016-03-19T09:35:52+08:00 ] 27.38.44.201 /install/index.php?m=Index&a=personal
INFO: [ app_begin ] --START--
INFO: ReadHtmlCache Behavior ::run [ RunTime:0.000350s ]
INFO: [ app_begin ] --END-- [ RunTime:0.000410s ]
NOTIC: [8] Use of undefined constant THEME_PATH - assumed 'THEME_PATH' /home/wwwroot/v.sniperchw.com/install/APP/Modules/Home/Action/BaseAction.class.php 第 15 行.
NOTIC: [8] Undefined index: openid /home/wwwroot/v.sniperchw.com/install/APP/Modules/Home/Action/BaseAction.class.php 第 18 行.
SQL: SHOW COLUMNS FROM `sys_user` [ RunTime:0.049066s ]
SQL: SELECT * FROM `sys_user` WHERE ( `id` = '2' ) LIMIT 1   [ RunTime:0.048308s ]
INFO: [ view_parse ] --START--
NOTIC: [8] Undefined index: user_id /home/wwwroot/v.sniperchw.com/install/APP/Runtime/Cache/Home/4720dc4cc24d31b5b5529eaa6cbc1e37.php 第 334 行.
INFO: ParseTemplate Behavior ::run [ RunTime:0.008173s ]
INFO: [ view_parse ] --END-- [ RunTime:0.008226s ]
INFO: [ view_filter ] --START--
INFO: ContentReplace Behavior ::run [ RunTime:0.000373s ]
INFO: TokenBuild Behavior ::run [ RunTime:0.000271s ]
INFO: WriteHtmlCache Behavior ::run [ RunTime:0.000187s ]
INFO: ShowRuntime Behavior ::run [ RunTime:0.000366s ]
INFO: [ view_filter ] --END-- [ RunTime:0.001311s ]
INFO: [ view_end ] --START--
INFO: ShowPageTrace Behavior ::run [ RunTime:0.000391s ]
INFO: [ view_end ] --END-- [ RunTime:0.000431s ]

[ 2016-03-19T09:35:53+08:00 ] 27.38.44.230 /install/index.php?m=Index&a=query_device_group
INFO: [ app_begin ] --START--
INFO: ReadHtmlCache Behavior ::run [ RunTime:0.000361s ]
INFO: [ app_begin ] --END-- [ RunTime:0.000419s ]
NOTIC: [8] Use of undefined constant THEME_PATH - assumed 'THEME_PATH' /home/wwwroot/v.sniperchw.com/install/APP/Modules/Home/Action/BaseAction.class.php 第 15 行.
NOTIC: [8] Undefined index: openid /home/wwwroot/v.sniperchw.com/install/APP/Modules/Home/Action/BaseAction.class.php 第 18 行.
SQL: SHOW COLUMNS FROM `sys_user` [ RunTime:0.043425s ]
SQL: SELECT * FROM `sys_user` WHERE ( `id` = '2' ) LIMIT 1   [ RunTime:0.043032s ]
SQL: SHOW COLUMNS FROM `device_group_info` [ RunTime:0.052027s ]
SQL: SELECT * FROM `device_group_info` WHERE ( `status` = 1 ) AND ( `create_by` = '2' ) ORDER BY create_time desc  [ RunTime:0.043058s ]

[ 2016-03-19T09:35:55+08:00 ] 27.38.44.230 /install/index.php?m=Index&a=index
INFO: [ app_begin ] --START--
INFO: ReadHtmlCache Behavior ::run [ RunTime:0.000407s ]
INFO: [ app_begin ] --END-- [ RunTime:0.000471s ]
NOTIC: [8] Use of undefined constant THEME_PATH - assumed 'THEME_PATH' /home/wwwroot/v.sniperchw.com/install/APP/Modules/Home/Action/BaseAction.class.php 第 15 行.
NOTIC: [8] Undefined index: openid /home/wwwroot/v.sniperchw.com/install/APP/Modules/Home/Action/BaseAction.class.php 第 18 行.
SQL: SHOW COLUMNS FROM `sys_user` [ RunTime:0.058731s ]
SQL: SELECT * FROM `sys_user` WHERE ( `id` = '2' ) LIMIT 1   [ RunTime:0.057842s ]
INFO: [ view_parse ] --START--
INFO: ParseTemplate Behavior ::run [ RunTime:0.007050s ]
INFO: [ view_parse ] --END-- [ RunTime:0.007110s ]
INFO: [ view_filter ] --START--
INFO: ContentReplace Behavior ::run [ RunTime:0.000329s ]
INFO: TokenBuild Behavior ::run [ RunTime:0.000272s ]
INFO: WriteHtmlCache Behavior ::run [ RunTime:0.000191s ]
INFO: ShowRuntime Behavior ::run [ RunTime:0.000331s ]
INFO: [ view_filter ] --END-- [ RunTime:0.001237s ]
INFO: [ view_end ] --START--
INFO: ShowPageTrace Behavior ::run [ RunTime:0.000410s ]
INFO: [ view_end ] --END-- [ RunTime:0.000451s ]

[ 2016-03-19T09:36:58+08:00 ] 27.38.44.206 /install/index.php?m=Index&a=index
INFO: [ app_begin ] --START--
INFO: ReadHtmlCache Behavior ::run [ RunTime:0.000348s ]
INFO: [ app_begin ] --END-- [ RunTime:0.000407s ]
NOTIC: [8] Use of undefined constant THEME_PATH - assumed 'THEME_PATH' /home/wwwroot/v.sniperchw.com/install/APP/Modules/Home/Action/BaseAction.class.php 第 15 行.
NOTIC: [8] Undefined index: openid /home/wwwroot/v.sniperchw.com/install/APP/Modules/Home/Action/BaseAction.class.php 第 18 行.
SQL: SHOW COLUMNS FROM `sys_user` [ RunTime:0.051030s ]
SQL: SELECT * FROM `sys_user` WHERE ( `id` = '2' ) LIMIT 1   [ RunTime:0.050062s ]
INFO: [ view_parse ] --START--
INFO: ParseTemplate Behavior ::run [ RunTime:0.007002s ]
INFO: [ view_parse ] --END-- [ RunTime:0.007053s ]
INFO: [ view_filter ] --START--
INFO: ContentReplace Behavior ::run [ RunTime:0.000313s ]
INFO: TokenBuild Behavior ::run [ RunTime:0.000305s ]
INFO: WriteHtmlCache Behavior ::run [ RunTime:0.000188s ]
INFO: ShowRuntime Behavior ::run [ RunTime:0.000316s ]
INFO: [ view_filter ] --END-- [ RunTime:0.001226s ]
INFO: [ view_end ] --START--
INFO: ShowPageTrace Behavior ::run [ RunTime:0.000382s ]
INFO: [ view_end ] --END-- [ RunTime:0.000420s ]

[ 2016-03-19T09:37:00+08:00 ] 27.38.44.201 /install/index.php?m=Index&a=query_device_group
INFO: [ app_begin ] --START--
INFO: ReadHtmlCache Behavior ::run [ RunTime:0.000354s ]
INFO: [ app_begin ] --END-- [ RunTime:0.000413s ]
NOTIC: [8] Use of undefined constant THEME_PATH - assumed 'THEME_PATH' /home/wwwroot/v.sniperchw.com/install/APP/Modules/Home/Action/BaseAction.class.php 第 15 行.
NOTIC: [8] Undefined index: openid /home/wwwroot/v.sniperchw.com/install/APP/Modules/Home/Action/BaseAction.class.php 第 18 行.
SQL: SHOW COLUMNS FROM `sys_user` [ RunTime:0.045490s ]
SQL: SELECT * FROM `sys_user` WHERE ( `id` = '2' ) LIMIT 1   [ RunTime:0.044552s ]
SQL: SHOW COLUMNS FROM `device_group_info` [ RunTime:0.052529s ]
SQL: SELECT * FROM `device_group_info` WHERE ( `status` = 1 ) AND ( `create_by` = '2' ) ORDER BY create_time desc  [ RunTime:0.044661s ]

[ 2016-03-19T09:37:03+08:00 ] 27.38.44.201 /install/index.php?m=Index&a=device
INFO: [ app_begin ] --START--
INFO: ReadHtmlCache Behavior ::run [ RunTime:0.000354s ]
INFO: [ app_begin ] --END-- [ RunTime:0.000413s ]
NOTIC: [8] Use of undefined constant THEME_PATH - assumed 'THEME_PATH' /home/wwwroot/v.sniperchw.com/install/APP/Modules/Home/Action/BaseAction.class.php 第 15 行.
NOTIC: [8] Undefined index: openid /home/wwwroot/v.sniperchw.com/install/APP/Modules/Home/Action/BaseAction.class.php 第 18 行.
SQL: SHOW COLUMNS FROM `sys_user` [ RunTime:0.044145s ]
SQL: SELECT * FROM `sys_user` WHERE ( `id` = '2' ) LIMIT 1   [ RunTime:0.043383s ]
INFO: [ view_parse ] --START--
INFO: ParseTemplate Behavior ::run [ RunTime:0.005585s ]
INFO: [ view_parse ] --END-- [ RunTime:0.005635s ]
INFO: [ view_filter ] --START--
INFO: ContentReplace Behavior ::run [ RunTime:0.000267s ]
INFO: TokenBuild Behavior ::run [ RunTime:0.000251s ]
INFO: WriteHtmlCache Behavior ::run [ RunTime:0.000185s ]
INFO: ShowRuntime Behavior ::run [ RunTime:0.000322s ]
INFO: [ view_filter ] --END-- [ RunTime:0.001127s ]
INFO: [ view_end ] --START--
INFO: ShowPageTrace Behavior ::run [ RunTime:0.000382s ]
INFO: [ view_end ] --END-- [ RunTime:0.000416s ]

[ 2016-03-19T09:37:04+08:00 ] 27.38.44.230 /install/index.php?m=Index&a=query_24h_devices
INFO: [ app_begin ] --START--
INFO: ReadHtmlCache Behavior ::run [ RunTime:0.000348s ]
INFO: [ app_begin ] --END-- [ RunTime:0.000405s ]
NOTIC: [8] Use of undefined constant THEME_PATH - assumed 'THEME_PATH' /home/wwwroot/v.sniperchw.com/install/APP/Modules/Home/Action/BaseAction.class.php 第 15 行.
NOTIC: [8] Undefined index: openid /home/wwwroot/v.sniperchw.com/install/APP/Modules/Home/Action/BaseAction.class.php 第 18 行.
SQL: SHOW COLUMNS FROM `sys_user` [ RunTime:0.043717s ]
SQL: SELECT * FROM `sys_user` WHERE ( `id` = '2' ) LIMIT 1   [ RunTime:0.043130s ]
SQL: SHOW COLUMNS FROM `device_group` [ RunTime:0.043441s ]
SQL: SELECT device_group.*,di.group_name FROM `device_group` LEFT JOIN device_group_info di on di.id = device_group.group_id WHERE ( device_group.update_by = '2' ) AND ( device_group.create_time >= '2016-03-19 00:00:00' ) ORDER BY device_group.create_time desc  [ RunTime:0.043304s ]

[ 2016-03-19T09:37:06+08:00 ] 27.38.44.230 /install/index.php?m=Index&a=group
INFO: [ app_begin ] --START--
INFO: ReadHtmlCache Behavior ::run [ RunTime:0.000358s ]
INFO: [ app_begin ] --END-- [ RunTime:0.000420s ]
NOTIC: [8] Use of undefined constant THEME_PATH - assumed 'THEME_PATH' /home/wwwroot/v.sniperchw.com/install/APP/Modules/Home/Action/BaseAction.class.php 第 15 行.
NOTIC: [8] Undefined index: openid /home/wwwroot/v.sniperchw.com/install/APP/Modules/Home/Action/BaseAction.class.php 第 18 行.
SQL: SHOW COLUMNS FROM `sys_user` [ RunTime:0.044786s ]
SQL: SELECT * FROM `sys_user` WHERE ( `id` = '2' ) LIMIT 1   [ RunTime:0.044111s ]
NOTIC: [8] Constant THEME_NAME already defined /home/wwwroot/v.sniperchw.com/install/ThinkPHP/Lib/Core/View.class.php 第 223 行.
NOTIC: [8] Constant THEME_PATH already defined /home/wwwroot/v.sniperchw.com/install/ThinkPHP/Lib/Core/View.class.php 第 171 行.
NOTIC: [8] Constant APP_TMPL_PATH already defined /home/wwwroot/v.sniperchw.com/install/ThinkPHP/Lib/Core/View.class.php 第 172 行.
INFO: [ view_parse ] --START--
INFO: ParseTemplate Behavior ::run [ RunTime:0.005482s ]
INFO: [ view_parse ] --END-- [ RunTime:0.005537s ]
INFO: [ view_filter ] --START--
INFO: ContentReplace Behavior ::run [ RunTime:0.000259s ]
INFO: TokenBuild Behavior ::run [ RunTime:0.000257s ]
INFO: WriteHtmlCache Behavior ::run [ RunTime:0.000199s ]
INFO: ShowRuntime Behavior ::run [ RunTime:0.000336s ]
INFO: [ view_filter ] --END-- [ RunTime:0.001154s ]
INFO: [ view_end ] --START--
INFO: ShowPageTrace Behavior ::run [ RunTime:0.000407s ]
INFO: [ view_end ] --END-- [ RunTime:0.000442s ]

[ 2016-03-19T09:37:07+08:00 ] 27.38.44.230 /install/index.php?m=Index&a=query_device_group
INFO: [ app_begin ] --START--
INFO: ReadHtmlCache Behavior ::run [ RunTime:0.000348s ]
INFO: [ app_begin ] --END-- [ RunTime:0.000403s ]
NOTIC: [8] Use of undefined constant THEME_PATH - assumed 'THEME_PATH' /home/wwwroot/v.sniperchw.com/install/APP/Modules/Home/Action/BaseAction.class.php 第 15 行.
NOTIC: [8] Undefined index: openid /home/wwwroot/v.sniperchw.com/install/APP/Modules/Home/Action/BaseAction.class.php 第 18 行.
SQL: SHOW COLUMNS FROM `sys_user` [ RunTime:0.051869s ]
SQL: SELECT * FROM `sys_user` WHERE ( `id` = '2' ) LIMIT 1   [ RunTime:0.051378s ]
SQL: SHOW COLUMNS FROM `device_group_info` [ RunTime:0.051689s ]
SQL: SELECT * FROM `device_group_info` WHERE ( `status` = 1 ) AND ( `create_by` = '2' ) ORDER BY create_time desc  [ RunTime:0.051314s ]

[ 2016-03-19T09:37:08+08:00 ] 220.181.132.218 /install/index.php?m=Login&a=login
INFO: [ app_begin ] --START--
INFO: ReadHtmlCache Behavior ::run [ RunTime:0.000352s ]
INFO: [ app_begin ] --END-- [ RunTime:0.000411s ]
INFO: [ view_parse ] --START--
INFO: ParseTemplate Behavior ::run [ RunTime:0.004540s ]
INFO: [ view_parse ] --END-- [ RunTime:0.004592s ]
INFO: [ view_filter ] --START--
INFO: ContentReplace Behavior ::run [ RunTime:0.000251s ]
INFO: TokenBuild Behavior ::run [ RunTime:0.000255s ]
INFO: WriteHtmlCache Behavior ::run [ RunTime:0.000192s ]
INFO: ShowRuntime Behavior ::run [ RunTime:0.000308s ]
INFO: [ view_filter ] --END-- [ RunTime:0.001113s ]
INFO: [ view_end ] --START--
INFO: ShowPageTrace Behavior ::run [ RunTime:0.000392s ]
INFO: [ view_end ] --END-- [ RunTime:0.000426s ]

[ 2016-03-19T09:37:08+08:00 ] 27.38.44.230 /install/index.php?m=Index&a=index
INFO: [ app_begin ] --START--
INFO: ReadHtmlCache Behavior ::run [ RunTime:0.000349s ]
INFO: [ app_begin ] --END-- [ RunTime:0.000407s ]
NOTIC: [8] Use of undefined constant THEME_PATH - assumed 'THEME_PATH' /home/wwwroot/v.sniperchw.com/install/APP/Modules/Home/Action/BaseAction.class.php 第 15 行.
NOTIC: [8] Undefined index: openid /home/wwwroot/v.sniperchw.com/install/APP/Modules/Home/Action/BaseAction.class.php 第 18 行.
SQL: SHOW COLUMNS FROM `sys_user` [ RunTime:0.044337s ]
SQL: SELECT * FROM `sys_user` WHERE ( `id` = '2' ) LIMIT 1   [ RunTime:0.043553s ]
INFO: [ view_parse ] --START--
INFO: ParseTemplate Behavior ::run [ RunTime:0.006926s ]
INFO: [ view_parse ] --END-- [ RunTime:0.006981s ]
INFO: [ view_filter ] --START--
INFO: ContentReplace Behavior ::run [ RunTime:0.000300s ]
INFO: TokenBuild Behavior ::run [ RunTime:0.000255s ]
INFO: WriteHtmlCache Behavior ::run [ RunTime:0.000187s ]
INFO: ShowRuntime Behavior ::run [ RunTime:0.000302s ]
INFO: [ view_filter ] --END-- [ RunTime:0.001151s ]
INFO: [ view_end ] --START--
INFO: ShowPageTrace Behavior ::run [ RunTime:0.000386s ]
INFO: [ view_end ] --END-- [ RunTime:0.000425s ]

[ 2016-03-19T09:37:10+08:00 ] 27.38.44.230 /install/index.php?m=Index&a=query_device_group
INFO: [ app_begin ] --START--
INFO: ReadHtmlCache Behavior ::run [ RunTime:0.000353s ]
INFO: [ app_begin ] --END-- [ RunTime:0.000410s ]
NOTIC: [8] Use of undefined constant THEME_PATH - assumed 'THEME_PATH' /home/wwwroot/v.sniperchw.com/install/APP/Modules/Home/Action/BaseAction.class.php 第 15 行.
NOTIC: [8] Undefined index: openid /home/wwwroot/v.sniperchw.com/install/APP/Modules/Home/Action/BaseAction.class.php 第 18 行.
SQL: SHOW COLUMNS FROM `sys_user` [ RunTime:0.050868s ]
SQL: SELECT * FROM `sys_user` WHERE ( `id` = '2' ) LIMIT 1   [ RunTime:0.050359s ]
SQL: SHOW COLUMNS FROM `device_group_info` [ RunTime:0.050676s ]
SQL: SELECT * FROM `device_group_info` WHERE ( `status` = 1 ) AND ( `create_by` = '2' ) ORDER BY create_time desc  [ RunTime:0.050488s ]

[ 2016-03-19T09:37:13+08:00 ] 27.38.44.230 /install/index.php?m=Index&a=personal
INFO: [ app_begin ] --START--
INFO: ReadHtmlCache Behavior ::run [ RunTime:0.000354s ]
INFO: [ app_begin ] --END-- [ RunTime:0.000412s ]
NOTIC: [8] Use of undefined constant THEME_PATH - assumed 'THEME_PATH' /home/wwwroot/v.sniperchw.com/install/APP/Modules/Home/Action/BaseAction.class.php 第 15 行.
NOTIC: [8] Undefined index: openid /home/wwwroot/v.sniperchw.com/install/APP/Modules/Home/Action/BaseAction.class.php 第 18 行.
SQL: SHOW COLUMNS FROM `sys_user` [ RunTime:0.041365s ]
SQL: SELECT * FROM `sys_user` WHERE ( `id` = '2' ) LIMIT 1   [ RunTime:0.040647s ]
INFO: [ view_parse ] --START--
NOTIC: [8] Undefined index: user_id /home/wwwroot/v.sniperchw.com/install/APP/Runtime/Cache/Home/4720dc4cc24d31b5b5529eaa6cbc1e37.php 第 334 行.
INFO: ParseTemplate Behavior ::run [ RunTime:0.008122s ]
INFO: [ view_parse ] --END-- [ RunTime:0.008170s ]
INFO: [ view_filter ] --START--
INFO: ContentReplace Behavior ::run [ RunTime:0.000324s ]
INFO: TokenBuild Behavior ::run [ RunTime:0.000284s ]
INFO: WriteHtmlCache Behavior ::run [ RunTime:0.000213s ]
INFO: ShowRuntime Behavior ::run [ RunTime:0.000328s ]
INFO: [ view_filter ] --END-- [ RunTime:0.001257s ]
INFO: [ view_end ] --START--
INFO: ShowPageTrace Behavior ::run [ RunTime:0.000393s ]
INFO: [ view_end ] --END-- [ RunTime:0.000433s ]

[ 2016-03-19T09:37:13+08:00 ] 220.181.132.218 /install/index.php?m=Index&a=index
INFO: [ app_begin ] --START--
INFO: ReadHtmlCache Behavior ::run [ RunTime:0.000351s ]
INFO: [ app_begin ] --END-- [ RunTime:0.000411s ]
NOTIC: [8] Use of undefined constant THEME_PATH - assumed 'THEME_PATH' /home/wwwroot/v.sniperchw.com/install/APP/Modules/Home/Action/BaseAction.class.php 第 15 行.
NOTIC: [8] Undefined index: openid /home/wwwroot/v.sniperchw.com/install/APP/Modules/Home/Action/BaseAction.class.php 第 18 行.

[ 2016-03-19T09:37:14+08:00 ] 27.38.44.201 /install/index.php?m=Index&a=query_device_group
INFO: [ app_begin ] --START--
INFO: ReadHtmlCache Behavior ::run [ RunTime:0.000371s ]
INFO: [ app_begin ] --END-- [ RunTime:0.000435s ]
NOTIC: [8] Use of undefined constant THEME_PATH - assumed 'THEME_PATH' /home/wwwroot/v.sniperchw.com/install/APP/Modules/Home/Action/BaseAction.class.php 第 15 行.
NOTIC: [8] Undefined index: openid /home/wwwroot/v.sniperchw.com/install/APP/Modules/Home/Action/BaseAction.class.php 第 18 行.
SQL: SHOW COLUMNS FROM `sys_user` [ RunTime:0.044755s ]
SQL: SELECT * FROM `sys_user` WHERE ( `id` = '2' ) LIMIT 1   [ RunTime:0.042252s ]
SQL: SHOW COLUMNS FROM `device_group_info` [ RunTime:0.042594s ]
SQL: SELECT * FROM `device_group_info` WHERE ( `status` = 1 ) AND ( `create_by` = '2' ) ORDER BY create_time desc  [ RunTime:0.042258s ]

[ 2016-03-19T09:37:14+08:00 ] 27.38.44.201 /install/index.php?m=Index&a=logout
INFO: [ app_begin ] --START--
INFO: ReadHtmlCache Behavior ::run [ RunTime:0.000372s ]
INFO: [ app_begin ] --END-- [ RunTime:0.000436s ]
NOTIC: [8] Use of undefined constant THEME_PATH - assumed 'THEME_PATH' /home/wwwroot/v.sniperchw.com/install/APP/Modules/Home/Action/BaseAction.class.php 第 15 行.
NOTIC: [8] Undefined index: openid /home/wwwroot/v.sniperchw.com/install/APP/Modules/Home/Action/BaseAction.class.php 第 18 行.
SQL: SHOW COLUMNS FROM `sys_user` [ RunTime:0.049238s ]
SQL: SELECT * FROM `sys_user` WHERE ( `id` = '2' ) LIMIT 1   [ RunTime:0.049074s ]

[ 2016-03-19T09:37:14+08:00 ] 27.38.44.201 /install/index.php?m=Login&a=login
INFO: [ app_begin ] --START--
INFO: ReadHtmlCache Behavior ::run [ RunTime:0.000383s ]
INFO: [ app_begin ] --END-- [ RunTime:0.000443s ]
INFO: [ view_parse ] --START--
INFO: ParseTemplate Behavior ::run [ RunTime:0.004623s ]
INFO: [ view_parse ] --END-- [ RunTime:0.004666s ]
INFO: [ view_filter ] --START--
INFO: ContentReplace Behavior ::run [ RunTime:0.000256s ]
INFO: TokenBuild Behavior ::run [ RunTime:0.000291s ]
INFO: WriteHtmlCache Behavior ::run [ RunTime:0.000196s ]
INFO: ShowRuntime Behavior ::run [ RunTime:0.000301s ]
INFO: [ view_filter ] --END-- [ RunTime:0.001157s ]
INFO: [ view_end ] --START--
INFO: ShowPageTrace Behavior ::run [ RunTime:0.000443s ]
INFO: [ view_end ] --END-- [ RunTime:0.000478s ]

[ 2016-03-19T09:37:21+08:00 ] 220.181.132.218 /install/index.php?m=Index&a=personal
INFO: [ app_begin ] --START--
INFO: ReadHtmlCache Behavior ::run [ RunTime:0.000406s ]
INFO: [ app_begin ] --END-- [ RunTime:0.000464s ]
NOTIC: [8] Use of undefined constant THEME_PATH - assumed 'THEME_PATH' /home/wwwroot/v.sniperchw.com/install/APP/Modules/Home/Action/BaseAction.class.php 第 15 行.
NOTIC: [8] Undefined index: openid /home/wwwroot/v.sniperchw.com/install/APP/Modules/Home/Action/BaseAction.class.php 第 18 行.

[ 2016-03-19T09:37:22+08:00 ] 220.181.132.196 /install/index.php?m=Login&a=login
INFO: [ app_begin ] --START--
INFO: ReadHtmlCache Behavior ::run [ RunTime:0.000670s ]
INFO: [ app_begin ] --END-- [ RunTime:0.000729s ]
INFO: [ view_parse ] --START--
INFO: ParseTemplate Behavior ::run [ RunTime:0.004368s ]
INFO: [ view_parse ] --END-- [ RunTime:0.004413s ]
INFO: [ view_filter ] --START--
INFO: ContentReplace Behavior ::run [ RunTime:0.000249s ]
INFO: TokenBuild Behavior ::run [ RunTime:0.000252s ]
INFO: WriteHtmlCache Behavior ::run [ RunTime:0.000189s ]
INFO: ShowRuntime Behavior ::run [ RunTime:0.000321s ]
INFO: [ view_filter ] --END-- [ RunTime:0.001116s ]
INFO: [ view_end ] --START--
INFO: ShowPageTrace Behavior ::run [ RunTime:0.000380s ]
INFO: [ view_end ] --END-- [ RunTime:0.000419s ]

[ 2016-03-19T09:37:31+08:00 ] 101.199.108.56 /install/index.php?m=Index&a=index
INFO: [ app_begin ] --START--
INFO: ReadHtmlCache Behavior ::run [ RunTime:0.000353s ]
INFO: [ app_begin ] --END-- [ RunTime:0.000411s ]
NOTIC: [8] Use of undefined constant THEME_PATH - assumed 'THEME_PATH' /home/wwwroot/v.sniperchw.com/install/APP/Modules/Home/Action/BaseAction.class.php 第 15 行.
NOTIC: [8] Undefined index: openid /home/wwwroot/v.sniperchw.com/install/APP/Modules/Home/Action/BaseAction.class.php 第 18 行.

[ 2016-03-19T09:37:31+08:00 ] 101.199.108.56 /install/index.php?m=Login&a=login
INFO: [ app_begin ] --START--
INFO: ReadHtmlCache Behavior ::run [ RunTime:0.000340s ]
INFO: [ app_begin ] --END-- [ RunTime:0.000392s ]
INFO: [ view_parse ] --START--
INFO: ParseTemplate Behavior ::run [ RunTime:0.004388s ]
INFO: [ view_parse ] --END-- [ RunTime:0.004432s ]
INFO: [ view_filter ] --START--
INFO: ContentReplace Behavior ::run [ RunTime:0.000245s ]
INFO: TokenBuild Behavior ::run [ RunTime:0.000247s ]
INFO: WriteHtmlCache Behavior ::run [ RunTime:0.000185s ]
INFO: ShowRuntime Behavior ::run [ RunTime:0.000297s ]
INFO: [ view_filter ] --END-- [ RunTime:0.001094s ]
INFO: [ view_end ] --START--
INFO: ShowPageTrace Behavior ::run [ RunTime:0.000376s ]
INFO: [ view_end ] --END-- [ RunTime:0.000410s ]

[ 2016-03-19T09:37:33+08:00 ] 220.181.132.197 /install/index.php?m=Index&a=personal
INFO: [ app_begin ] --START--
INFO: ReadHtmlCache Behavior ::run [ RunTime:0.000350s ]
INFO: [ app_begin ] --END-- [ RunTime:0.000407s ]
NOTIC: [8] Use of undefined constant THEME_PATH - assumed 'THEME_PATH' /home/wwwroot/v.sniperchw.com/install/APP/Modules/Home/Action/BaseAction.class.php 第 15 行.
NOTIC: [8] Undefined index: openid /home/wwwroot/v.sniperchw.com/install/APP/Modules/Home/Action/BaseAction.class.php 第 18 行.

[ 2016-03-19T09:37:33+08:00 ] 220.181.132.197 /install/index.php?m=Login&a=login
INFO: [ app_begin ] --START--
INFO: ReadHtmlCache Behavior ::run [ RunTime:0.000398s ]
INFO: [ app_begin ] --END-- [ RunTime:0.000449s ]
INFO: [ view_parse ] --START--
INFO: ParseTemplate Behavior ::run [ RunTime:0.004426s ]
INFO: [ view_parse ] --END-- [ RunTime:0.004470s ]
INFO: [ view_filter ] --START--
INFO: ContentReplace Behavior ::run [ RunTime:0.000245s ]
INFO: TokenBuild Behavior ::run [ RunTime:0.000246s ]
INFO: WriteHtmlCache Behavior ::run [ RunTime:0.000186s ]
INFO: ShowRuntime Behavior ::run [ RunTime:0.000346s ]
INFO: [ view_filter ] --END-- [ RunTime:0.001128s ]
INFO: [ view_end ] --START--
INFO: ShowPageTrace Behavior ::run [ RunTime:0.000373s ]
INFO: [ view_end ] --END-- [ RunTime:0.000407s ]

[ 2016-03-19T09:38:46+08:00 ] 220.181.132.218 /install/index.php?m=Index&a=logout
INFO: [ app_begin ] --START--
INFO: ReadHtmlCache Behavior ::run [ RunTime:0.000351s ]
INFO: [ app_begin ] --END-- [ RunTime:0.000410s ]
NOTIC: [8] Use of undefined constant THEME_PATH - assumed 'THEME_PATH' /home/wwwroot/v.sniperchw.com/install/APP/Modules/Home/Action/BaseAction.class.php 第 15 行.
NOTIC: [8] Undefined index: openid /home/wwwroot/v.sniperchw.com/install/APP/Modules/Home/Action/BaseAction.class.php 第 18 行.

[ 2016-03-19T09:39:00+08:00 ] 220.181.132.218 /install/index.php?m=Index&a=device
INFO: [ app_begin ] --START--
INFO: ReadHtmlCache Behavior ::run [ RunTime:0.000352s ]
INFO: [ app_begin ] --END-- [ RunTime:0.000411s ]
NOTIC: [8] Use of undefined constant THEME_PATH - assumed 'THEME_PATH' /home/wwwroot/v.sniperchw.com/install/APP/Modules/Home/Action/BaseAction.class.php 第 15 行.
NOTIC: [8] Undefined index: openid /home/wwwroot/v.sniperchw.com/install/APP/Modules/Home/Action/BaseAction.class.php 第 18 行.

[ 2016-03-19T09:39:01+08:00 ] 220.181.132.197 /install/index.php?m=Index&a=logout
INFO: [ app_begin ] --START--
INFO: ReadHtmlCache Behavior ::run [ RunTime:0.000359s ]
INFO: [ app_begin ] --END-- [ RunTime:0.000418s ]
NOTIC: [8] Use of undefined constant THEME_PATH - assumed 'THEME_PATH' /home/wwwroot/v.sniperchw.com/install/APP/Modules/Home/Action/BaseAction.class.php 第 15 行.
NOTIC: [8] Undefined index: openid /home/wwwroot/v.sniperchw.com/install/APP/Modules/Home/Action/BaseAction.class.php 第 18 行.

[ 2016-03-19T09:39:01+08:00 ] 220.181.132.197 /install/index.php?m=Login&a=login
INFO: [ app_begin ] --START--
INFO: ReadHtmlCache Behavior ::run [ RunTime:0.000349s ]
INFO: [ app_begin ] --END-- [ RunTime:0.000404s ]
INFO: [ view_parse ] --START--
INFO: ParseTemplate Behavior ::run [ RunTime:0.004375s ]
INFO: [ view_parse ] --END-- [ RunTime:0.004419s ]
INFO: [ view_filter ] --START--
INFO: ContentReplace Behavior ::run [ RunTime:0.000253s ]
INFO: TokenBuild Behavior ::run [ RunTime:0.000259s ]
INFO: WriteHtmlCache Behavior ::run [ RunTime:0.000193s ]
INFO: ShowRuntime Behavior ::run [ RunTime:0.000303s ]
INFO: [ view_filter ] --END-- [ RunTime:0.001115s ]
INFO: [ view_end ] --START--
INFO: ShowPageTrace Behavior ::run [ RunTime:0.000411s ]
INFO: [ view_end ] --END-- [ RunTime:0.000445s ]

[ 2016-03-19T09:39:08+08:00 ] 101.199.112.54 /install/index.php?m=Index&a=device
INFO: [ app_begin ] --START--
INFO: ReadHtmlCache Behavior ::run [ RunTime:0.000370s ]
INFO: [ app_begin ] --END-- [ RunTime:0.000429s ]
NOTIC: [8] Use of undefined constant THEME_PATH - assumed 'THEME_PATH' /home/wwwroot/v.sniperchw.com/install/APP/Modules/Home/Action/BaseAction.class.php 第 15 行.
NOTIC: [8] Undefined index: openid /home/wwwroot/v.sniperchw.com/install/APP/Modules/Home/Action/BaseAction.class.php 第 18 行.

[ 2016-03-19T09:39:08+08:00 ] 101.199.112.54 /install/index.php?m=Login&a=login
INFO: [ app_begin ] --START--
INFO: ReadHtmlCache Behavior ::run [ RunTime:0.000398s ]
INFO: [ app_begin ] --END-- [ RunTime:0.000452s ]
INFO: [ view_parse ] --START--
INFO: ParseTemplate Behavior ::run [ RunTime:0.004344s ]
INFO: [ view_parse ] --END-- [ RunTime:0.004387s ]
INFO: [ view_filter ] --START--
INFO: ContentReplace Behavior ::run [ RunTime:0.000244s ]
INFO: TokenBuild Behavior ::run [ RunTime:0.000248s ]
INFO: WriteHtmlCache Behavior ::run [ RunTime:0.000185s ]
INFO: ShowRuntime Behavior ::run [ RunTime:0.000297s ]
INFO: [ view_filter ] --END-- [ RunTime:0.001078s ]
INFO: [ view_end ] --START--
INFO: ShowPageTrace Behavior ::run [ RunTime:0.000375s ]
INFO: [ view_end ] --END-- [ RunTime:0.000409s ]

[ 2016-03-19T09:40:11+08:00 ] 220.181.132.218 /install/index.php?m=Index&a=group
INFO: [ app_begin ] --START--
INFO: ReadHtmlCache Behavior ::run [ RunTime:0.000352s ]
INFO: [ app_begin ] --END-- [ RunTime:0.000413s ]
NOTIC: [8] Use of undefined constant THEME_PATH - assumed 'THEME_PATH' /home/wwwroot/v.sniperchw.com/install/APP/Modules/Home/Action/BaseAction.class.php 第 15 行.
NOTIC: [8] Undefined index: openid /home/wwwroot/v.sniperchw.com/install/APP/Modules/Home/Action/BaseAction.class.php 第 18 行.

[ 2016-03-19T09:40:25+08:00 ] 101.199.112.54 /install/index.php?m=Index&a=group
INFO: [ app_begin ] --START--
INFO: ReadHtmlCache Behavior ::run [ RunTime:0.000360s ]
INFO: [ app_begin ] --END-- [ RunTime:0.000430s ]
NOTIC: [8] Use of undefined constant THEME_PATH - assumed 'THEME_PATH' /home/wwwroot/v.sniperchw.com/install/APP/Modules/Home/Action/BaseAction.class.php 第 15 行.
NOTIC: [8] Undefined index: openid /home/wwwroot/v.sniperchw.com/install/APP/Modules/Home/Action/BaseAction.class.php 第 18 行.

[ 2016-03-19T09:40:26+08:00 ] 101.199.112.54 /install/index.php?m=Login&a=login
INFO: [ app_begin ] --START--
INFO: ReadHtmlCache Behavior ::run [ RunTime:0.000349s ]
INFO: [ app_begin ] --END-- [ RunTime:0.000411s ]
INFO: [ view_parse ] --START--
INFO: ParseTemplate Behavior ::run [ RunTime:0.004442s ]
INFO: [ view_parse ] --END-- [ RunTime:0.004486s ]
INFO: [ view_filter ] --START--
INFO: ContentReplace Behavior ::run [ RunTime:0.000246s ]
INFO: TokenBuild Behavior ::run [ RunTime:0.000250s ]
INFO: WriteHtmlCache Behavior ::run [ RunTime:0.000186s ]
INFO: ShowRuntime Behavior ::run [ RunTime:0.000297s ]
INFO: [ view_filter ] --END-- [ RunTime:0.001083s ]
INFO: [ view_end ] --START--
INFO: ShowPageTrace Behavior ::run [ RunTime:0.000429s ]
INFO: [ view_end ] --END-- [ RunTime:0.000463s ]

