[ 2016-07-16T15:22:35+08:00 ] 218.18.250.7 /weixin_community/index.php?m=Index&a=get_openid
INFO: [ app_begin ] --START--
INFO: ReadHtmlCache Behavior ::run [ RunTime:0.000360s ]
INFO: [ app_begin ] --END-- [ RunTime:0.000425s ]
NOTIC: [8] A session had already been started - ignoring session_start() /home/wwwroot/v.sniperchw.com/weixin_community/APP/Modules/Home/Action/IndexAction.class.php 第 2 行.
NOTIC: [8] curl_setopt(): CURLOPT_SSL_VERIFYHOST no longer accepts the value 1, value 2 will be used instead /home/wwwroot/v.sniperchw.com/weixin_community/ThinkPHP/Extend/Vendor/weixin/jssdk.php 第 99 行.
NOTIC: [8] curl_setopt(): CURLOPT_SSL_VERIFYHOST no longer accepts the value 1, value 2 will be used instead /home/wwwroot/v.sniperchw.com/weixin_community/ThinkPHP/Extend/Vendor/weixin/jssdk.php 第 99 行.
INFO: [ view_parse ] --START--
INFO: ParseTemplate Behavior ::run [ RunTime:0.002227s ]
INFO: [ view_parse ] --END-- [ RunTime:0.002303s ]
INFO: [ view_filter ] --START--
INFO: ContentReplace Behavior ::run [ RunTime:0.000244s ]
INFO: TokenBuild Behavior ::run [ RunTime:0.000249s ]
INFO: WriteHtmlCache Behavior ::run [ RunTime:0.000188s ]
INFO: ShowRuntime Behavior ::run [ RunTime:0.000314s ]
INFO: [ view_filter ] --END-- [ RunTime:0.001098s ]
INFO: [ view_end ] --START--
INFO: ShowPageTrace Behavior ::run [ RunTime:0.000399s ]
INFO: [ view_end ] --END-- [ RunTime:0.000435s ]

[ 2016-07-16T15:22:35+08:00 ] 180.153.206.24 /weixin_community/index.php?m=Index&a=get_openid
INFO: [ app_begin ] --START--
INFO: ReadHtmlCache Behavior ::run [ RunTime:0.000361s ]
INFO: [ app_begin ] --END-- [ RunTime:0.000427s ]
NOTIC: [8] A session had already been started - ignoring session_start() /home/wwwroot/v.sniperchw.com/weixin_community/APP/Modules/Home/Action/IndexAction.class.php 第 2 行.
NOTIC: [8] curl_setopt(): CURLOPT_SSL_VERIFYHOST no longer accepts the value 1, value 2 will be used instead /home/wwwroot/v.sniperchw.com/weixin_community/ThinkPHP/Extend/Vendor/weixin/jssdk.php 第 99 行.
NOTIC: [8] curl_setopt(): CURLOPT_SSL_VERIFYHOST no longer accepts the value 1, value 2 will be used instead /home/wwwroot/v.sniperchw.com/weixin_community/ThinkPHP/Extend/Vendor/weixin/jssdk.php 第 99 行.
INFO: [ view_parse ] --START--
INFO: ParseTemplate Behavior ::run [ RunTime:0.002177s ]
INFO: [ view_parse ] --END-- [ RunTime:0.002234s ]
INFO: [ view_filter ] --START--
INFO: ContentReplace Behavior ::run [ RunTime:0.000243s ]
INFO: TokenBuild Behavior ::run [ RunTime:0.000251s ]
INFO: WriteHtmlCache Behavior ::run [ RunTime:0.000208s ]
INFO: ShowRuntime Behavior ::run [ RunTime:0.000313s ]
INFO: [ view_filter ] --END-- [ RunTime:0.001115s ]
INFO: [ view_end ] --START--
INFO: ShowPageTrace Behavior ::run [ RunTime:0.000442s ]
INFO: [ view_end ] --END-- [ RunTime:0.000477s ]

[ 2016-07-16T15:22:36+08:00 ] 101.226.33.220 /weixin_community/index.php?m=Index&a=strategy&province=&nickname=&openid=&city=&language=&sex=&country=&headimgurl=
INFO: [ app_begin ] --START--
INFO: ReadHtmlCache Behavior ::run [ RunTime:0.000358s ]
INFO: [ app_begin ] --END-- [ RunTime:0.000423s ]
NOTIC: [8] A session had already been started - ignoring session_start() /home/wwwroot/v.sniperchw.com/weixin_community/APP/Modules/Home/Action/IndexAction.class.php 第 2 行.
SQL: SHOW COLUMNS FROM `service_userinfo` [ RunTime:0.010163s ]
SQL: SELECT * FROM `service_userinfo` WHERE ( `openid` = '' ) AND ( `del_flag` = 0 ) LIMIT 1   [ RunTime:0.010025s ]
SQL: INSERT INTO `service_userinfo` (`id`,`wno`,`nickname`,`sex`,`openid`,`language`,`city`,`province`,`country`,`headimgurl`,`subscribe`,`user_integral`,`create_time`,`subscribe_time`,`subscribe_datetime`) VALUES ('20dcea941ec1d60da876f4cad1dba028','gh_02a8fc124767','','','','','','','','',1,0,'2016-07-16 15:22:36','2016-07-16 15:22:36','2016-07-16 15:22:36') [ RunTime:0.009890s ]
INFO: [ view_parse ] --START--
INFO: ParseTemplate Behavior ::run [ RunTime:0.006416s ]
INFO: [ view_parse ] --END-- [ RunTime:0.006471s ]
INFO: [ view_filter ] --START--
INFO: ContentReplace Behavior ::run [ RunTime:0.000325s ]
INFO: TokenBuild Behavior ::run [ RunTime:0.000304s ]
INFO: WriteHtmlCache Behavior ::run [ RunTime:0.000210s ]
INFO: ShowRuntime Behavior ::run [ RunTime:0.000326s ]
INFO: [ view_filter ] --END-- [ RunTime:0.001282s ]
INFO: [ view_end ] --START--
INFO: ShowPageTrace Behavior ::run [ RunTime:0.000460s ]
INFO: [ view_end ] --END-- [ RunTime:0.000497s ]

[ 2016-07-16T15:22:38+08:00 ] 218.18.250.7 /weixin_community/index.php?m=Index&a=strategy&province=%E5%B9%BF%E4%B8%9C&nickname=%E6%A2%A6%E6%83%B3%E5%B9%BF%E5%8A%A0-%E6%B0%B4%E6%AD%8C&openid=oXgRcuPZOX8xJMaumRyArOYocBGY&city=%E6%B7%B1%E5%9C%B3&language=zh_CN&sex=1&country=%E4%B8%AD%E5%9B%BD&headimgurl=http://wx.qlogo.cn/mmopen/Va6V5RK4xGaof7z0zjBJOyFgZC0lxGMWgVfPFUHFxcnMyO6iafLcM3IBFCfBQBczs0xoLwS7IUda430SkgIZiaNtIWVZcnmCJm/0
INFO: [ app_begin ] --START--
INFO: ReadHtmlCache Behavior ::run [ RunTime:0.000354s ]
INFO: [ app_begin ] --END-- [ RunTime:0.000425s ]
NOTIC: [8] A session had already been started - ignoring session_start() /home/wwwroot/v.sniperchw.com/weixin_community/APP/Modules/Home/Action/IndexAction.class.php 第 2 行.
SQL: SHOW COLUMNS FROM `service_userinfo` [ RunTime:0.011170s ]
SQL: SELECT * FROM `service_userinfo` WHERE ( `openid` = 'oXgRcuPZOX8xJMaumRyArOYocBGY' ) AND ( `del_flag` = 0 ) LIMIT 1   [ RunTime:0.010934s ]
INFO: [ view_parse ] --START--
INFO: ParseTemplate Behavior ::run [ RunTime:0.005748s ]
INFO: [ view_parse ] --END-- [ RunTime:0.005795s ]
INFO: [ view_filter ] --START--
INFO: ContentReplace Behavior ::run [ RunTime:0.000273s ]
INFO: TokenBuild Behavior ::run [ RunTime:0.000250s ]
INFO: WriteHtmlCache Behavior ::run [ RunTime:0.000198s ]
INFO: ShowRuntime Behavior ::run [ RunTime:0.000302s ]
INFO: [ view_filter ] --END-- [ RunTime:0.001137s ]
INFO: [ view_end ] --START--
INFO: ShowPageTrace Behavior ::run [ RunTime:0.000426s ]
INFO: [ view_end ] --END-- [ RunTime:0.000461s ]

[ 2016-07-16T15:22:41+08:00 ] 180.153.206.27 /weixin_community/index.php?m=Index&a=strategy&province=%E5%B9%BF%E4%B8%9C&nickname=%E6%A2%A6%E6%83%B3%E5%B9%BF%E5%8A%A0-%E6%B0%B4%E6%AD%8C&openid=oXgRcuPZOX8xJMaumRyArOYocBGY&city=%E6%B7%B1%E5%9C%B3&language=zh_CN&sex=1&country=%E4%B8%AD%E5%9B%BD&headimgurl=http://wx.qlogo.cn/mmopen/Va6V5RK4xGaof7z0zjBJOyFgZC0lxGMWgVfPFUHFxcnMyO6iafLcM3IBFCfBQBczs0xoLwS7IUda430SkgIZiaNtIWVZcnmCJm/0
INFO: [ app_begin ] --START--
INFO: ReadHtmlCache Behavior ::run [ RunTime:0.000355s ]
INFO: [ app_begin ] --END-- [ RunTime:0.000414s ]
NOTIC: [8] A session had already been started - ignoring session_start() /home/wwwroot/v.sniperchw.com/weixin_community/APP/Modules/Home/Action/IndexAction.class.php 第 2 行.
SQL: SHOW COLUMNS FROM `service_userinfo` [ RunTime:0.011635s ]
SQL: SELECT * FROM `service_userinfo` WHERE ( `openid` = 'oXgRcuPZOX8xJMaumRyArOYocBGY' ) AND ( `del_flag` = 0 ) LIMIT 1   [ RunTime:0.011144s ]
INFO: [ view_parse ] --START--
INFO: ParseTemplate Behavior ::run [ RunTime:0.005959s ]
INFO: [ view_parse ] --END-- [ RunTime:0.006012s ]
INFO: [ view_filter ] --START--
INFO: ContentReplace Behavior ::run [ RunTime:0.000459s ]
INFO: TokenBuild Behavior ::run [ RunTime:0.000281s ]
INFO: WriteHtmlCache Behavior ::run [ RunTime:0.000197s ]
INFO: ShowRuntime Behavior ::run [ RunTime:0.000343s ]
INFO: [ view_filter ] --END-- [ RunTime:0.001407s ]
INFO: [ view_end ] --START--
INFO: ShowPageTrace Behavior ::run [ RunTime:0.000392s ]
INFO: [ view_end ] --END-- [ RunTime:0.000429s ]

[ 2016-07-16T15:22:41+08:00 ] 101.226.89.122 /weixin_community/index.php?m=Index&a=strategy&province=&nickname=&openid=&city=&language=&sex=&country=&headimgurl=
INFO: [ app_begin ] --START--
INFO: ReadHtmlCache Behavior ::run [ RunTime:0.000363s ]
INFO: [ app_begin ] --END-- [ RunTime:0.000431s ]
NOTIC: [8] A session had already been started - ignoring session_start() /home/wwwroot/v.sniperchw.com/weixin_community/APP/Modules/Home/Action/IndexAction.class.php 第 2 行.
SQL: SHOW COLUMNS FROM `service_userinfo` [ RunTime:0.010550s ]
SQL: SELECT * FROM `service_userinfo` WHERE ( `openid` = '' ) AND ( `del_flag` = 0 ) LIMIT 1   [ RunTime:0.010328s ]
INFO: [ view_parse ] --START--
INFO: ParseTemplate Behavior ::run [ RunTime:0.006421s ]
INFO: [ view_parse ] --END-- [ RunTime:0.006495s ]
INFO: [ view_filter ] --START--
INFO: ContentReplace Behavior ::run [ RunTime:0.000334s ]
INFO: TokenBuild Behavior ::run [ RunTime:0.000261s ]
INFO: WriteHtmlCache Behavior ::run [ RunTime:0.000236s ]
INFO: ShowRuntime Behavior ::run [ RunTime:0.000382s ]
INFO: [ view_filter ] --END-- [ RunTime:0.001325s ]
INFO: [ view_end ] --START--
INFO: ShowPageTrace Behavior ::run [ RunTime:0.000404s ]
INFO: [ view_end ] --END-- [ RunTime:0.000440s ]

[ 2016-07-16T15:22:43+08:00 ] 101.226.89.119 /weixin_community/index.php?m=Index&a=get_openid
INFO: [ app_begin ] --START--
INFO: ReadHtmlCache Behavior ::run [ RunTime:0.000368s ]
INFO: [ app_begin ] --END-- [ RunTime:0.000426s ]
NOTIC: [8] A session had already been started - ignoring session_start() /home/wwwroot/v.sniperchw.com/weixin_community/APP/Modules/Home/Action/IndexAction.class.php 第 2 行.
INFO: [ view_parse ] --START--
INFO: ParseTemplate Behavior ::run [ RunTime:0.002155s ]
INFO: [ view_parse ] --END-- [ RunTime:0.002211s ]
INFO: [ view_filter ] --START--
INFO: ContentReplace Behavior ::run [ RunTime:0.000240s ]
INFO: TokenBuild Behavior ::run [ RunTime:0.000329s ]
INFO: WriteHtmlCache Behavior ::run [ RunTime:0.000226s ]
INFO: ShowRuntime Behavior ::run [ RunTime:0.000374s ]
INFO: [ view_filter ] --END-- [ RunTime:0.001282s ]
INFO: [ view_end ] --START--
INFO: ShowPageTrace Behavior ::run [ RunTime:0.000443s ]
INFO: [ view_end ] --END-- [ RunTime:0.000492s ]

[ 2016-07-16T15:22:44+08:00 ] 180.153.206.17 /weixin_community/index.php?m=Index&a=strategy&province=%E5%B9%BF%E4%B8%9C&nickname=%E6%A2%A6%E6%83%B3%E5%B9%BF%E5%8A%A0-%E6%B0%B4%E6%AD%8C&openid=oXgRcuPZOX8xJMaumRyArOYocBGY&city=%E6%B7%B1%E5%9C%B3&language=zh_CN&sex=1&country=%E4%B8%AD%E5%9B%BD&headimgurl=http://wx.qlogo.cn/mmopen/Va6V5RK4xGaof7z0zjBJOyFgZC0lxGMWgVfPFUHFxcnMyO6iafLcM3IBFCfBQBczs0xoLwS7IUda430SkgIZiaNtIWVZcnmCJm/0
INFO: [ app_begin ] --START--
INFO: ReadHtmlCache Behavior ::run [ RunTime:0.000394s ]
INFO: [ app_begin ] --END-- [ RunTime:0.000455s ]
NOTIC: [8] A session had already been started - ignoring session_start() /home/wwwroot/v.sniperchw.com/weixin_community/APP/Modules/Home/Action/IndexAction.class.php 第 2 行.
SQL: SHOW COLUMNS FROM `service_userinfo` [ RunTime:0.009936s ]
SQL: SELECT * FROM `service_userinfo` WHERE ( `openid` = 'oXgRcuPZOX8xJMaumRyArOYocBGY' ) AND ( `del_flag` = 0 ) LIMIT 1   [ RunTime:0.009706s ]
INFO: [ view_parse ] --START--
INFO: ParseTemplate Behavior ::run [ RunTime:0.006023s ]
INFO: [ view_parse ] --END-- [ RunTime:0.006070s ]
INFO: [ view_filter ] --START--
INFO: ContentReplace Behavior ::run [ RunTime:0.000272s ]
INFO: TokenBuild Behavior ::run [ RunTime:0.000251s ]
INFO: WriteHtmlCache Behavior ::run [ RunTime:0.000204s ]
INFO: ShowRuntime Behavior ::run [ RunTime:0.000306s ]
INFO: [ view_filter ] --END-- [ RunTime:0.001141s ]
INFO: [ view_end ] --START--
INFO: ShowPageTrace Behavior ::run [ RunTime:0.000561s ]
INFO: [ view_end ] --END-- [ RunTime:0.000610s ]

[ 2016-07-16T15:22:44+08:00 ] 218.18.250.7 /weixin_community/index.php?m=Index&a=strategy&province=%E5%B9%BF%E4%B8%9C&nickname=%E6%A2%A6%E6%83%B3%E5%B9%BF%E5%8A%A0-%E6%B0%B4%E6%AD%8C&openid=oXgRcuPZOX8xJMaumRyArOYocBGY&city=%E6%B7%B1%E5%9C%B3&language=zh_CN&sex=1&country=%E4%B8%AD%E5%9B%BD&headimgurl=http://wx.qlogo.cn/mmopen/Va6V5RK4xGaof7z0zjBJOyFgZC0lxGMWgVfPFUHFxcnMyO6iafLcM3IBFCfBQBczs0xoLwS7IUda430SkgIZiaNtIWVZcnmCJm/0
INFO: [ app_begin ] --START--
INFO: ReadHtmlCache Behavior ::run [ RunTime:0.000413s ]
INFO: [ app_begin ] --END-- [ RunTime:0.000496s ]
NOTIC: [8] A session had already been started - ignoring session_start() /home/wwwroot/v.sniperchw.com/weixin_community/APP/Modules/Home/Action/IndexAction.class.php 第 2 行.
SQL: SHOW COLUMNS FROM `service_userinfo` [ RunTime:0.010768s ]
SQL: SELECT * FROM `service_userinfo` WHERE ( `openid` = 'oXgRcuPZOX8xJMaumRyArOYocBGY' ) AND ( `del_flag` = 0 ) LIMIT 1   [ RunTime:0.010606s ]
INFO: [ view_parse ] --START--
INFO: ParseTemplate Behavior ::run [ RunTime:0.005877s ]
INFO: [ view_parse ] --END-- [ RunTime:0.005931s ]
INFO: [ view_filter ] --START--
INFO: ContentReplace Behavior ::run [ RunTime:0.000290s ]
INFO: TokenBuild Behavior ::run [ RunTime:0.000301s ]
INFO: WriteHtmlCache Behavior ::run [ RunTime:0.000188s ]
INFO: ShowRuntime Behavior ::run [ RunTime:0.000330s ]
INFO: [ view_filter ] --END-- [ RunTime:0.001219s ]
INFO: [ view_end ] --START--
INFO: ShowPageTrace Behavior ::run [ RunTime:0.000399s ]
INFO: [ view_end ] --END-- [ RunTime:0.000434s ]

