[ 2016-01-30T14:11:47+08:00 ] 0.0.0.0 /install/index.php?m=Index&a=index
INFO: [ app_begin ] --START--
INFO: ReadHtmlCache Behavior ::run [ RunTime:0.003727s ]
INFO: [ app_begin ] --END-- [ RunTime:0.003929s ]
NOTIC: [8] Use of undefined constant THEME_PATH - assumed 'THEME_PATH' D:\wamp\www\install\APP\Modules\Home\Action\BaseAction.class.php ç¬¬ 15 è¡Œ.
NOTIC: [8] Undefined index: openid D:\wamp\www\install\APP\Modules\Home\Action\BaseAction.class.php ç¬¬ 18 è¡Œ.

[ 2016-01-30T14:11:47+08:00 ] 0.0.0.0 /install/index.php?m=Login&a=login
INFO: [ app_begin ] --START--
INFO: ReadHtmlCache Behavior ::run [ RunTime:0.002025s ]
INFO: [ app_begin ] --END-- [ RunTime:0.002241s ]
INFO: [ view_parse ] --START--
INFO: ParseTemplate Behavior ::run [ RunTime:0.056054s ]
INFO: [ view_parse ] --END-- [ RunTime:0.056239s ]
INFO: [ view_filter ] --START--
INFO: ContentReplace Behavior ::run [ RunTime:0.002603s ]
INFO: TokenBuild Behavior ::run [ RunTime:0.002343s ]
INFO: WriteHtmlCache Behavior ::run [ RunTime:0.002129s ]
INFO: ShowRuntime Behavior ::run [ RunTime:0.002518s ]
INFO: [ view_filter ] --END-- [ RunTime:0.009966s ]
INFO: [ view_end ] --START--
INFO: ShowPageTrace Behavior ::run [ RunTime:0.003526s ]
INFO: [ view_end ] --END-- [ RunTime:0.003667s ]

[ 2016-01-30T14:11:50+08:00 ] 0.0.0.0 /install/index.php?m=Login&a=login
INFO: [ app_begin ] --START--
INFO: ReadHtmlCache Behavior ::run [ RunTime:0.001838s ]
INFO: [ app_begin ] --END-- [ RunTime:0.002024s ]
INFO: [ view_parse ] --START--
INFO: ParseTemplate Behavior ::run [ RunTime:0.022535s ]
INFO: [ view_parse ] --END-- [ RunTime:0.022716s ]
INFO: [ view_filter ] --START--
INFO: ContentReplace Behavior ::run [ RunTime:0.001654s ]
INFO: TokenBuild Behavior ::run [ RunTime:0.002857s ]
INFO: WriteHtmlCache Behavior ::run [ RunTime:0.002139s ]
INFO: ShowRuntime Behavior ::run [ RunTime:0.002421s ]
INFO: [ view_filter ] --END-- [ RunTime:0.009592s ]
INFO: [ view_end ] --START--
INFO: ShowPageTrace Behavior ::run [ RunTime:0.001857s ]
INFO: [ view_end ] --END-- [ RunTime:0.001996s ]

[ 2016-01-30T14:12:03+08:00 ] 0.0.0.0 /install/index.php?m=Login&a=check_login
INFO: [ app_begin ] --START--
INFO: ReadHtmlCache Behavior ::run [ RunTime:0.004007s ]
INFO: [ app_begin ] --END-- [ RunTime:0.004200s ]
NOTIC: [2] mysql_connect() [<a href='function.mysql-connect'>function.mysql-connect</a>]: php_network_getaddresses: getaddrinfo failed: ²»ÖªµÀÕâÑùµÄÖ÷»ú¡£  D:\wamp\www\install\ThinkPHP\Lib\Driver\Db\DbMysql.class.php ç¬¬ 55 è¡Œ.
NOTIC: [2] mysql_connect() [<a href='function.mysql-connect'>function.mysql-connect</a>]: [2002] php_network_getaddresses: getaddrinfo failed: ²»ÖªµÀÕâÑùµÄÖ÷»ú¡£  (trying to connect via tcp://weiling2014.mysql.rds.aliyuncs.com:3306) D:\wamp\www\install\ThinkPHP\Lib\Driver\Db\DbMysql.class.php ç¬¬ 55 è¡Œ.
NOTIC: [2] mysql_connect() [<a href='function.mysql-connect'>function.mysql-connect</a>]: php_network_getaddresses: getaddrinfo failed: ²»ÖªµÀÕâÑùµÄÖ÷»ú¡£  D:\wamp\www\install\ThinkPHP\Lib\Driver\Db\DbMysql.class.php ç¬¬ 55 è¡Œ.
ERR: php_network_getaddresses: getaddrinfo failed: ²»ÖªµÀÕâÑùµÄÖ÷»ú¡£ 

[ 2016-01-30T14:15:38+08:00 ] 0.0.0.0 /install/index.php?m=Login&a=login
INFO: [ app_begin ] --START--
INFO: ReadHtmlCache Behavior ::run [ RunTime:0.003828s ]
INFO: [ app_begin ] --END-- [ RunTime:0.004074s ]
INFO: [ view_parse ] --START--
INFO: ParseTemplate Behavior ::run [ RunTime:0.029324s ]
INFO: [ view_parse ] --END-- [ RunTime:0.029522s ]
INFO: [ view_filter ] --START--
INFO: ContentReplace Behavior ::run [ RunTime:0.002395s ]
INFO: TokenBuild Behavior ::run [ RunTime:0.002984s ]
INFO: WriteHtmlCache Behavior ::run [ RunTime:0.003234s ]
INFO: ShowRuntime Behavior ::run [ RunTime:0.002954s ]
INFO: [ view_filter ] --END-- [ RunTime:0.012029s ]
INFO: [ view_end ] --START--
INFO: ShowPageTrace Behavior ::run [ RunTime:0.002618s ]
INFO: [ view_end ] --END-- [ RunTime:0.002767s ]

[ 2016-01-30T14:17:41+08:00 ] 0.0.0.0 /install/index.php?m=Login&a=login
INFO: [ app_begin ] --START--
INFO: ReadHtmlCache Behavior ::run [ RunTime:0.004056s ]
INFO: [ app_begin ] --END-- [ RunTime:0.004369s ]
INFO: [ view_parse ] --START--
INFO: ParseTemplate Behavior ::run [ RunTime:0.028475s ]
INFO: [ view_parse ] --END-- [ RunTime:0.028660s ]
INFO: [ view_filter ] --START--
INFO: ContentReplace Behavior ::run [ RunTime:0.003161s ]
INFO: TokenBuild Behavior ::run [ RunTime:0.002983s ]
INFO: WriteHtmlCache Behavior ::run [ RunTime:0.002420s ]
INFO: ShowRuntime Behavior ::run [ RunTime:0.002892s ]
INFO: [ view_filter ] --END-- [ RunTime:0.012096s ]
INFO: [ view_end ] --START--
INFO: ShowPageTrace Behavior ::run [ RunTime:0.003355s ]
INFO: [ view_end ] --END-- [ RunTime:0.003749s ]

[ 2016-01-30T14:17:43+08:00 ] 0.0.0.0 /install/index.php?m=Login&a=check_login
INFO: [ app_begin ] --START--
INFO: ReadHtmlCache Behavior ::run [ RunTime:0.003448s ]
INFO: [ app_begin ] --END-- [ RunTime:0.003614s ]
SQL: SHOW COLUMNS FROM `sys_user` [ RunTime:0.072299s ]
SQL: SELECT * FROM `sys_user` WHERE ( `login_name` = 'cai' ) AND ( `del_flag` = 0 ) AND ( `user_type` = '3' ) LIMIT 1   [ RunTime:0.071169s ]

[ 2016-01-30T14:17:45+08:00 ] 0.0.0.0 /install/index.php?m=Index&a=index
INFO: [ app_begin ] --START--
INFO: ReadHtmlCache Behavior ::run [ RunTime:0.002956s ]
INFO: [ app_begin ] --END-- [ RunTime:0.003286s ]
NOTIC: [8] Use of undefined constant THEME_PATH - assumed 'THEME_PATH' D:\wamp\www\install\APP\Modules\Home\Action\BaseAction.class.php ç¬¬ 15 è¡Œ.
NOTIC: [8] Undefined index: openid D:\wamp\www\install\APP\Modules\Home\Action\BaseAction.class.php ç¬¬ 18 è¡Œ.
SQL: SHOW COLUMNS FROM `sys_user` [ RunTime:0.064450s ]
SQL: SELECT * FROM `sys_user` WHERE ( `id` = '1' ) LIMIT 1   [ RunTime:0.063267s ]
NOTIC: [8] Trying to get property of non-object D:\wamp\www\install\APP\Modules\Home\Action\jssdk.php ç¬¬ 78 è¡Œ.
NOTIC: [8] Trying to get property of non-object D:\wamp\www\install\APP\Modules\Home\Action\jssdk.php ç¬¬ 55 è¡Œ.
INFO: [ view_parse ] --START--
INFO: ParseTemplate Behavior ::run [ RunTime:0.106633s ]
INFO: [ view_parse ] --END-- [ RunTime:0.106845s ]
INFO: [ view_filter ] --START--
INFO: ContentReplace Behavior ::run [ RunTime:0.003062s ]
INFO: TokenBuild Behavior ::run [ RunTime:0.002848s ]
INFO: WriteHtmlCache Behavior ::run [ RunTime:0.002355s ]
INFO: ShowRuntime Behavior ::run [ RunTime:0.002782s ]
INFO: [ view_filter ] --END-- [ RunTime:0.011605s ]
INFO: [ view_end ] --START--
INFO: ShowPageTrace Behavior ::run [ RunTime:0.003663s ]
INFO: [ view_end ] --END-- [ RunTime:0.003811s ]

[ 2016-01-30T14:17:47+08:00 ] 0.0.0.0 /install/index.php?m=Index&a=query_device_group
INFO: [ app_begin ] --START--
INFO: ReadHtmlCache Behavior ::run [ RunTime:0.007254s ]
INFO: [ app_begin ] --END-- [ RunTime:0.007520s ]
NOTIC: [8] Use of undefined constant THEME_PATH - assumed 'THEME_PATH' D:\wamp\www\install\APP\Modules\Home\Action\BaseAction.class.php ç¬¬ 15 è¡Œ.
NOTIC: [8] Undefined index: openid D:\wamp\www\install\APP\Modules\Home\Action\BaseAction.class.php ç¬¬ 18 è¡Œ.
SQL: SHOW COLUMNS FROM `sys_user` [ RunTime:0.069953s ]
SQL: SELECT * FROM `sys_user` WHERE ( `id` = '1' ) LIMIT 1   [ RunTime:0.070215s ]
NOTIC: [8] Trying to get property of non-object D:\wamp\www\install\APP\Modules\Home\Action\jssdk.php ç¬¬ 78 è¡Œ.
NOTIC: [8] Trying to get property of non-object D:\wamp\www\install\APP\Modules\Home\Action\jssdk.php ç¬¬ 55 è¡Œ.
SQL: SHOW COLUMNS FROM `device_group_info` [ RunTime:0.071188s ]
SQL: SELECT * FROM `device_group_info` WHERE ( `status` = 1 ) AND ( `company_id` = '1' ) ORDER BY create_time desc  [ RunTime:0.070032s ]

[ 2016-01-30T14:17:49+08:00 ] 0.0.0.0 /install/index.php?m=Index&a=personal
INFO: [ app_begin ] --START--
INFO: ReadHtmlCache Behavior ::run [ RunTime:0.005336s ]
INFO: [ app_begin ] --END-- [ RunTime:0.005935s ]
NOTIC: [8] Use of undefined constant THEME_PATH - assumed 'THEME_PATH' D:\wamp\www\install\APP\Modules\Home\Action\BaseAction.class.php ç¬¬ 15 è¡Œ.
NOTIC: [8] Undefined index: openid D:\wamp\www\install\APP\Modules\Home\Action\BaseAction.class.php ç¬¬ 18 è¡Œ.
SQL: SHOW COLUMNS FROM `sys_user` [ RunTime:0.053874s ]
SQL: SELECT * FROM `sys_user` WHERE ( `id` = '1' ) LIMIT 1   [ RunTime:0.056072s ]
NOTIC: [8] Trying to get property of non-object D:\wamp\www\install\APP\Modules\Home\Action\jssdk.php ç¬¬ 78 è¡Œ.
NOTIC: [8] Trying to get property of non-object D:\wamp\www\install\APP\Modules\Home\Action\jssdk.php ç¬¬ 55 è¡Œ.
INFO: [ view_parse ] --START--
NOTIC: [8] Undefined index: user_id D:\wamp\www\install\APP\Runtime\Cache\Home\4720dc4cc24d31b5b5529eaa6cbc1e37.php ç¬¬ 334 è¡Œ.
INFO: ParseTemplate Behavior ::run [ RunTime:0.218801s ]
INFO: [ view_parse ] --END-- [ RunTime:0.218978s ]
INFO: [ view_filter ] --START--
INFO: ContentReplace Behavior ::run [ RunTime:0.001888s ]
INFO: TokenBuild Behavior ::run [ RunTime:0.001677s ]
INFO: WriteHtmlCache Behavior ::run [ RunTime:0.002195s ]
INFO: ShowRuntime Behavior ::run [ RunTime:0.002157s ]
INFO: [ view_filter ] --END-- [ RunTime:0.008408s ]
INFO: [ view_end ] --START--
INFO: ShowPageTrace Behavior ::run [ RunTime:0.003867s ]
INFO: [ view_end ] --END-- [ RunTime:0.004023s ]

[ 2016-01-30T14:17:51+08:00 ] 0.0.0.0 /install/index.php?m=Index&a=query_device_group
INFO: [ app_begin ] --START--
INFO: ReadHtmlCache Behavior ::run [ RunTime:0.006582s ]
INFO: [ app_begin ] --END-- [ RunTime:0.006860s ]
NOTIC: [8] Use of undefined constant THEME_PATH - assumed 'THEME_PATH' D:\wamp\www\install\APP\Modules\Home\Action\BaseAction.class.php ç¬¬ 15 è¡Œ.
NOTIC: [8] Undefined index: openid D:\wamp\www\install\APP\Modules\Home\Action\BaseAction.class.php ç¬¬ 18 è¡Œ.
SQL: SHOW COLUMNS FROM `sys_user` [ RunTime:0.057214s ]
SQL: SELECT * FROM `sys_user` WHERE ( `id` = '1' ) LIMIT 1   [ RunTime:0.054969s ]
NOTIC: [8] Trying to get property of non-object D:\wamp\www\install\APP\Modules\Home\Action\jssdk.php ç¬¬ 78 è¡Œ.
NOTIC: [8] Trying to get property of non-object D:\wamp\www\install\APP\Modules\Home\Action\jssdk.php ç¬¬ 55 è¡Œ.
SQL: SHOW COLUMNS FROM `device_group_info` [ RunTime:0.053243s ]
SQL: SELECT * FROM `device_group_info` WHERE ( `status` = 1 ) AND ( `company_id` = '1' ) ORDER BY create_time desc  [ RunTime:0.053074s ]

