[ 2016-07-07T17:55:09+08:00 ] 0.0.0.0 /weixin_community/
INFO: [ app_begin ] --START--
INFO: ReadHtmlCache Behavior ::run [ RunTime:0.002000s ]
INFO: [ app_begin ] --END-- [ RunTime:0.002000s ]
NOTIC: [8] A session had already been started - ignoring session_start() F:\WWW\weixin_community\APP\Modules\Home\Action\IndexAction.class.php 第 2 行.
NOTIC: [8] curl_setopt(): CURLOPT_SSL_VERIFYHOST no longer accepts the value 1, value 2 will be used instead F:\WWW\weixin_community\ThinkPHP\Extend\Vendor\weixin\jssdk.php 第 99 行.
NOTIC: [8] Trying to get property of non-object F:\WWW\weixin_community\ThinkPHP\Extend\Vendor\weixin\jssdk.php 第 78 行.
NOTIC: [8] curl_setopt(): CURLOPT_SSL_VERIFYHOST no longer accepts the value 1, value 2 will be used instead F:\WWW\weixin_community\ThinkPHP\Extend\Vendor\weixin\jssdk.php 第 99 行.
NOTIC: [8] Trying to get property of non-object F:\WWW\weixin_community\ThinkPHP\Extend\Vendor\weixin\jssdk.php 第 55 行.
NOTIC: [8] Undefined index: community_device_command F:\WWW\weixin_community\APP\Modules\Home\Action\IndexAction.class.php 第 41 行.
NOTIC: [2] mt_rand(): max(0) is smaller than min(1) F:\WWW\weixin_community\ThinkPHP\Lib\Core\Db.class.php 第 192 行.
SQL: SHOW COLUMNS FROM `weixin_pay_config` [ RunTime:0.012001s ]
NOTIC: [2] mt_rand(): max(0) is smaller than min(1) F:\WWW\weixin_community\ThinkPHP\Lib\Core\Db.class.php 第 192 行.
SQL: SELECT * FROM `weixin_pay_config` join ter_device td on td.payconfig_id=weixin_pay_config.id WHERE ( td.device_command = '352425020961549' ) AND ( td.status = 1 ) AND ( td.del_flag = 0 ) AND ( weixin_pay_config.pay_type = 1 ) AND ( weixin_pay_config.status = 1 ) AND ( weixin_pay_config.del_flag = 0 ) LIMIT 1   [ RunTime:0.013000s ]
NOTIC: [2] mt_rand(): max(0) is smaller than min(1) F:\WWW\weixin_community\ThinkPHP\Lib\Core\Db.class.php 第 192 行.
SQL: SHOW COLUMNS FROM `service_pay_info` [ RunTime:0.011001s ]
NOTIC: [2] mt_rand(): max(0) is smaller than min(1) F:\WWW\weixin_community\ThinkPHP\Lib\Core\Db.class.php 第 192 行.
SQL: SELECT SUM(ticket) AS tp_sum FROM `service_pay_info` WHERE ( `status` = 1 ) AND ( `app_id` = '1341024101' ) AND ( `from_username` = 'oXgRcuKECWvDLQo9M-7_TaBkdfDY' ) LIMIT 1   [ RunTime:0.011001s ]
NOTIC: [2] mt_rand(): max(0) is smaller than min(1) F:\WWW\weixin_community\ThinkPHP\Lib\Core\Db.class.php 第 192 行.
SQL: SHOW COLUMNS FROM `service_userinfo` [ RunTime:0.010000s ]
NOTIC: [2] mt_rand(): max(0) is smaller than min(1) F:\WWW\weixin_community\ThinkPHP\Lib\Core\Db.class.php 第 192 行.
SQL: SELECT `user_integral` FROM `service_userinfo` WHERE ( `openid` = 'oXgRcuKECWvDLQo9M-7_TaBkdfDY' ) AND ( `del_flag` = 0 ) LIMIT 1   [ RunTime:0.011001s ]
NOTIC: [2] mt_rand(): max(0) is smaller than min(1) F:\WWW\weixin_community\ThinkPHP\Lib\Core\Db.class.php 第 192 行.
SQL: SHOW COLUMNS FROM `device_group` [ RunTime:0.012001s ]
NOTIC: [2] mt_rand(): max(0) is smaller than min(1) F:\WWW\weixin_community\ThinkPHP\Lib\Core\Db.class.php 第 192 行.
SQL: SELECT * FROM `device_group` WHERE ( `device_command` = '352425020961549' ) AND ( `del_flag` = 0 ) AND ( `status` = 1 ) LIMIT 1   [ RunTime:0.011000s ]
NOTIC: [2] mt_rand(): max(0) is smaller than min(1) F:\WWW\weixin_community\ThinkPHP\Lib\Core\Db.class.php 第 192 行.
SQL: SELECT COUNT(*) AS tp_count FROM `service_userinfo` LIMIT 1   [ RunTime:0.011001s ]
NOTIC: [2] mt_rand(): max(0) is smaller than min(1) F:\WWW\weixin_community\ThinkPHP\Lib\Core\Db.class.php 第 192 行.
SQL: SELECT count(1) as count,wu.openid,wu.headimgurl,wu.nickname,wu.city FROM `service_pay_info` spi join service_userinfo wu on wu.openid=spi.from_username where spi.type=0 and spi.status=1
 and spi.del_flag=0 and spi.device_code='352425020961549' and spi.is_archive=0 GROUP BY wu.openid ORDER BY count desc limit 5 [ RunTime:0.011000s ]
NOTIC: [2] mt_rand(): max(0) is smaller than min(1) F:\WWW\weixin_community\ThinkPHP\Lib\Core\Db.class.php 第 192 行.
SQL: SELECT `nickname`,`headimgurl`,`city` FROM `service_userinfo` WHERE ( `openid` = 'oXgRcuKECWvDLQo9M-7_TaBkdfDY' ) LIMIT 1   [ RunTime:0.011001s ]
NOTIC: [2] mt_rand(): max(0) is smaller than min(1) F:\WWW\weixin_community\ThinkPHP\Lib\Core\Db.class.php 第 192 行.
SQL: SELECT count(1) as count from(
SELECT count(1) as count FROM `service_pay_info` spi join
service_userinfo wu on wu.openid=spi.from_username where spi.type=0 and spi.status=1
 and spi.del_flag=0 and spi.device_code='352425020961549' and spi.is_archive=0 and spi.sys_time>CURDATE() GROUP
BY wu.openid ORDER BY count desc) testnew  where testnew.count>(SELECT count(1) as c FROM `service_pay_info` where from_username='oXgRcuKECWvDLQo9M-7_TaBkdfDY' and
device_code='352425020961549' and type=0 and status=1 and del_flag=0 and is_archive=0 and sys_time>CURDATE()) [ RunTime:0.011000s ]
NOTIC: [2] mt_rand(): max(0) is smaller than min(1) F:\WWW\weixin_community\ThinkPHP\Lib\Core\Db.class.php 第 192 行.
SQL: 
SELECT count(1) as count,wu.openid,wu.headimgurl,wu.nickname,wu.city FROM `service_pay_info` spi join service_userinfo wu on wu.openid=spi.from_username where spi.type=0 and spi.status=1
 and spi.del_flag=0 and spi.device_code='352425020961549' and spi.is_archive=0  and spi.sys_time>CURDATE() GROUP BY wu.openid ORDER BY count desc [ RunTime:0.010001s ]
NOTIC: [8] Undefined index: type F:\WWW\weixin_community\APP\Modules\Home\Action\IndexAction.class.php 第 105 行.
NOTIC: [8] Undefined index: group_id F:\WWW\weixin_community\APP\Modules\Home\Action\IndexAction.class.php 第 106 行.
INFO: [ view_parse ] --START--
NOTIC: [8] Undefined variable: headimgurl F:\WWW\weixin_community\APP\Runtime\Cache\Home\b71efac2c45dfbbb12a5b9b57341de1f.php 第 25 行.
NOTIC: [8] Undefined variable: nickname F:\WWW\weixin_community\APP\Runtime\Cache\Home\b71efac2c45dfbbb12a5b9b57341de1f.php 第 26 行.
NOTIC: [2] Missing argument 3 for str_substr(), called in F:\WWW\weixin_community\APP\Runtime\Cache\Home\b71efac2c45dfbbb12a5b9b57341de1f.php on line 99 and defined F:\WWW\weixin_community\APP\Common\common.php 第 756 行.
NOTIC: [2] Missing argument 3 for str_substr(), called in F:\WWW\weixin_community\APP\Runtime\Cache\Home\b71efac2c45dfbbb12a5b9b57341de1f.php on line 203 and defined F:\WWW\weixin_community\APP\Common\common.php 第 756 行.
NOTIC: [2] Missing argument 3 for str_substr(), called in F:\WWW\weixin_community\APP\Runtime\Cache\Home\b71efac2c45dfbbb12a5b9b57341de1f.php on line 227 and defined F:\WWW\weixin_community\APP\Common\common.php 第 756 行.
INFO: ParseTemplate Behavior ::run [ RunTime:0.027002s ]
INFO: [ view_parse ] --END-- [ RunTime:0.027002s ]
INFO: [ view_filter ] --START--
INFO: ContentReplace Behavior ::run [ RunTime:0.002000s ]
INFO: TokenBuild Behavior ::run [ RunTime:0.001000s ]
INFO: WriteHtmlCache Behavior ::run [ RunTime:0.001000s ]
INFO: ShowRuntime Behavior ::run [ RunTime:0.002000s ]
INFO: [ view_filter ] --END-- [ RunTime:0.007000s ]
INFO: [ view_end ] --START--
INFO: ShowPageTrace Behavior ::run [ RunTime:0.003000s ]
INFO: [ view_end ] --END-- [ RunTime:0.003000s ]

[ 2016-07-07T17:55:12+08:00 ] 0.0.0.0 /weixin_community/
INFO: [ app_begin ] --START--
INFO: ReadHtmlCache Behavior ::run [ RunTime:0.002000s ]
INFO: [ app_begin ] --END-- [ RunTime:0.002000s ]
NOTIC: [8] A session had already been started - ignoring session_start() F:\WWW\weixin_community\APP\Modules\Home\Action\IndexAction.class.php 第 2 行.
NOTIC: [8] curl_setopt(): CURLOPT_SSL_VERIFYHOST no longer accepts the value 1, value 2 will be used instead F:\WWW\weixin_community\ThinkPHP\Extend\Vendor\weixin\jssdk.php 第 99 行.
NOTIC: [8] Trying to get property of non-object F:\WWW\weixin_community\ThinkPHP\Extend\Vendor\weixin\jssdk.php 第 78 行.
NOTIC: [8] curl_setopt(): CURLOPT_SSL_VERIFYHOST no longer accepts the value 1, value 2 will be used instead F:\WWW\weixin_community\ThinkPHP\Extend\Vendor\weixin\jssdk.php 第 99 行.
NOTIC: [8] Trying to get property of non-object F:\WWW\weixin_community\ThinkPHP\Extend\Vendor\weixin\jssdk.php 第 55 行.
NOTIC: [8] Undefined index: community_device_command F:\WWW\weixin_community\APP\Modules\Home\Action\IndexAction.class.php 第 41 行.
NOTIC: [2] mt_rand(): max(0) is smaller than min(1) F:\WWW\weixin_community\ThinkPHP\Lib\Core\Db.class.php 第 192 行.
SQL: SHOW COLUMNS FROM `weixin_pay_config` [ RunTime:0.011001s ]
NOTIC: [2] mt_rand(): max(0) is smaller than min(1) F:\WWW\weixin_community\ThinkPHP\Lib\Core\Db.class.php 第 192 行.
SQL: SELECT * FROM `weixin_pay_config` join ter_device td on td.payconfig_id=weixin_pay_config.id WHERE ( td.device_command = '352425020961549' ) AND ( td.status = 1 ) AND ( td.del_flag = 0 ) AND ( weixin_pay_config.pay_type = 1 ) AND ( weixin_pay_config.status = 1 ) AND ( weixin_pay_config.del_flag = 0 ) LIMIT 1   [ RunTime:0.013001s ]
NOTIC: [2] mt_rand(): max(0) is smaller than min(1) F:\WWW\weixin_community\ThinkPHP\Lib\Core\Db.class.php 第 192 行.
SQL: SHOW COLUMNS FROM `service_pay_info` [ RunTime:0.036002s ]
NOTIC: [2] mt_rand(): max(0) is smaller than min(1) F:\WWW\weixin_community\ThinkPHP\Lib\Core\Db.class.php 第 192 行.
SQL: SELECT SUM(ticket) AS tp_sum FROM `service_pay_info` WHERE ( `status` = 1 ) AND ( `app_id` = '1341024101' ) AND ( `from_username` = 'oXgRcuKECWvDLQo9M-7_TaBkdfDY' ) LIMIT 1   [ RunTime:0.014001s ]
NOTIC: [2] mt_rand(): max(0) is smaller than min(1) F:\WWW\weixin_community\ThinkPHP\Lib\Core\Db.class.php 第 192 行.
SQL: SHOW COLUMNS FROM `service_userinfo` [ RunTime:0.035002s ]
NOTIC: [2] mt_rand(): max(0) is smaller than min(1) F:\WWW\weixin_community\ThinkPHP\Lib\Core\Db.class.php 第 192 行.
SQL: SELECT `user_integral` FROM `service_userinfo` WHERE ( `openid` = 'oXgRcuKECWvDLQo9M-7_TaBkdfDY' ) AND ( `del_flag` = 0 ) LIMIT 1   [ RunTime:0.011000s ]
NOTIC: [2] mt_rand(): max(0) is smaller than min(1) F:\WWW\weixin_community\ThinkPHP\Lib\Core\Db.class.php 第 192 行.
SQL: SHOW COLUMNS FROM `device_group` [ RunTime:0.010001s ]
NOTIC: [2] mt_rand(): max(0) is smaller than min(1) F:\WWW\weixin_community\ThinkPHP\Lib\Core\Db.class.php 第 192 行.
SQL: SELECT * FROM `device_group` WHERE ( `device_command` = '352425020961549' ) AND ( `del_flag` = 0 ) AND ( `status` = 1 ) LIMIT 1   [ RunTime:0.010001s ]
NOTIC: [2] mt_rand(): max(0) is smaller than min(1) F:\WWW\weixin_community\ThinkPHP\Lib\Core\Db.class.php 第 192 行.
SQL: SELECT COUNT(*) AS tp_count FROM `service_userinfo` LIMIT 1   [ RunTime:0.009000s ]
NOTIC: [2] mt_rand(): max(0) is smaller than min(1) F:\WWW\weixin_community\ThinkPHP\Lib\Core\Db.class.php 第 192 行.
SQL: SELECT count(1) as count,wu.openid,wu.headimgurl,wu.nickname,wu.city FROM `service_pay_info` spi join service_userinfo wu on wu.openid=spi.from_username where spi.type=0 and spi.status=1
 and spi.del_flag=0 and spi.device_code='352425020961549' and spi.is_archive=0 GROUP BY wu.openid ORDER BY count desc limit 5 [ RunTime:0.011001s ]
NOTIC: [2] mt_rand(): max(0) is smaller than min(1) F:\WWW\weixin_community\ThinkPHP\Lib\Core\Db.class.php 第 192 行.
SQL: SELECT `nickname`,`headimgurl`,`city` FROM `service_userinfo` WHERE ( `openid` = 'oXgRcuKECWvDLQo9M-7_TaBkdfDY' ) LIMIT 1   [ RunTime:0.011001s ]
NOTIC: [2] mt_rand(): max(0) is smaller than min(1) F:\WWW\weixin_community\ThinkPHP\Lib\Core\Db.class.php 第 192 行.
SQL: SELECT count(1) as count from(
SELECT count(1) as count FROM `service_pay_info` spi join
service_userinfo wu on wu.openid=spi.from_username where spi.type=0 and spi.status=1
 and spi.del_flag=0 and spi.device_code='352425020961549' and spi.is_archive=0 and spi.sys_time>CURDATE() GROUP
BY wu.openid ORDER BY count desc) testnew  where testnew.count>(SELECT count(1) as c FROM `service_pay_info` where from_username='oXgRcuKECWvDLQo9M-7_TaBkdfDY' and
device_code='352425020961549' and type=0 and status=1 and del_flag=0 and is_archive=0 and sys_time>CURDATE()) [ RunTime:0.019001s ]
NOTIC: [2] mt_rand(): max(0) is smaller than min(1) F:\WWW\weixin_community\ThinkPHP\Lib\Core\Db.class.php 第 192 行.
SQL: 
SELECT count(1) as count,wu.openid,wu.headimgurl,wu.nickname,wu.city FROM `service_pay_info` spi join service_userinfo wu on wu.openid=spi.from_username where spi.type=0 and spi.status=1
 and spi.del_flag=0 and spi.device_code='352425020961549' and spi.is_archive=0  and spi.sys_time>CURDATE() GROUP BY wu.openid ORDER BY count desc [ RunTime:0.016001s ]
NOTIC: [8] Undefined index: type F:\WWW\weixin_community\APP\Modules\Home\Action\IndexAction.class.php 第 105 行.
NOTIC: [8] Undefined index: group_id F:\WWW\weixin_community\APP\Modules\Home\Action\IndexAction.class.php 第 106 行.
INFO: [ view_parse ] --START--
NOTIC: [8] Undefined variable: headimgurl F:\WWW\weixin_community\APP\Runtime\Cache\Home\b71efac2c45dfbbb12a5b9b57341de1f.php 第 25 行.
NOTIC: [8] Undefined variable: nickname F:\WWW\weixin_community\APP\Runtime\Cache\Home\b71efac2c45dfbbb12a5b9b57341de1f.php 第 26 行.
NOTIC: [2] Missing argument 3 for str_substr(), called in F:\WWW\weixin_community\APP\Runtime\Cache\Home\b71efac2c45dfbbb12a5b9b57341de1f.php on line 99 and defined F:\WWW\weixin_community\APP\Common\common.php 第 756 行.
NOTIC: [2] Missing argument 3 for str_substr(), called in F:\WWW\weixin_community\APP\Runtime\Cache\Home\b71efac2c45dfbbb12a5b9b57341de1f.php on line 203 and defined F:\WWW\weixin_community\APP\Common\common.php 第 756 行.
NOTIC: [2] Missing argument 3 for str_substr(), called in F:\WWW\weixin_community\APP\Runtime\Cache\Home\b71efac2c45dfbbb12a5b9b57341de1f.php on line 227 and defined F:\WWW\weixin_community\APP\Common\common.php 第 756 行.
INFO: ParseTemplate Behavior ::run [ RunTime:0.031002s ]
INFO: [ view_parse ] --END-- [ RunTime:0.031002s ]
INFO: [ view_filter ] --START--
INFO: ContentReplace Behavior ::run [ RunTime:0.002000s ]
INFO: TokenBuild Behavior ::run [ RunTime:0.004000s ]
INFO: WriteHtmlCache Behavior ::run [ RunTime:0.002000s ]
INFO: ShowRuntime Behavior ::run [ RunTime:0.001000s ]
INFO: [ view_filter ] --END-- [ RunTime:0.009000s ]
INFO: [ view_end ] --START--
INFO: ShowPageTrace Behavior ::run [ RunTime:0.002001s ]
INFO: [ view_end ] --END-- [ RunTime:0.002001s ]

[ 2016-07-07T17:55:25+08:00 ] 0.0.0.0 /weixin_community/
INFO: [ app_begin ] --START--
INFO: ReadHtmlCache Behavior ::run [ RunTime:0.001000s ]
INFO: [ app_begin ] --END-- [ RunTime:0.001000s ]
NOTIC: [8] A session had already been started - ignoring session_start() F:\WWW\weixin_community\APP\Modules\Home\Action\IndexAction.class.php 第 2 行.
NOTIC: [8] curl_setopt(): CURLOPT_SSL_VERIFYHOST no longer accepts the value 1, value 2 will be used instead F:\WWW\weixin_community\ThinkPHP\Extend\Vendor\weixin\jssdk.php 第 99 行.
NOTIC: [8] Trying to get property of non-object F:\WWW\weixin_community\ThinkPHP\Extend\Vendor\weixin\jssdk.php 第 78 行.
NOTIC: [8] curl_setopt(): CURLOPT_SSL_VERIFYHOST no longer accepts the value 1, value 2 will be used instead F:\WWW\weixin_community\ThinkPHP\Extend\Vendor\weixin\jssdk.php 第 99 行.
NOTIC: [8] Trying to get property of non-object F:\WWW\weixin_community\ThinkPHP\Extend\Vendor\weixin\jssdk.php 第 55 行.
NOTIC: [8] Undefined index: community_device_command F:\WWW\weixin_community\APP\Modules\Home\Action\IndexAction.class.php 第 41 行.
NOTIC: [2] mt_rand(): max(0) is smaller than min(1) F:\WWW\weixin_community\ThinkPHP\Lib\Core\Db.class.php 第 192 行.
SQL: SHOW COLUMNS FROM `weixin_pay_config` [ RunTime:0.012001s ]
NOTIC: [2] mt_rand(): max(0) is smaller than min(1) F:\WWW\weixin_community\ThinkPHP\Lib\Core\Db.class.php 第 192 行.
SQL: SELECT * FROM `weixin_pay_config` join ter_device td on td.payconfig_id=weixin_pay_config.id WHERE ( td.device_command = '352425020961549' ) AND ( td.status = 1 ) AND ( td.del_flag = 0 ) AND ( weixin_pay_config.pay_type = 1 ) AND ( weixin_pay_config.status = 1 ) AND ( weixin_pay_config.del_flag = 0 ) LIMIT 1   [ RunTime:0.012001s ]
NOTIC: [2] mt_rand(): max(0) is smaller than min(1) F:\WWW\weixin_community\ThinkPHP\Lib\Core\Db.class.php 第 192 行.
SQL: SHOW COLUMNS FROM `service_pay_info` [ RunTime:0.011001s ]
NOTIC: [2] mt_rand(): max(0) is smaller than min(1) F:\WWW\weixin_community\ThinkPHP\Lib\Core\Db.class.php 第 192 行.
SQL: SELECT SUM(ticket) AS tp_sum FROM `service_pay_info` WHERE ( `status` = 1 ) AND ( `app_id` = '1341024101' ) AND ( `from_username` = 'oXgRcuKECWvDLQo9M-7_TaBkdfDY' ) LIMIT 1   [ RunTime:0.012000s ]
NOTIC: [2] mt_rand(): max(0) is smaller than min(1) F:\WWW\weixin_community\ThinkPHP\Lib\Core\Db.class.php 第 192 行.
SQL: SHOW COLUMNS FROM `service_userinfo` [ RunTime:0.011001s ]
NOTIC: [2] mt_rand(): max(0) is smaller than min(1) F:\WWW\weixin_community\ThinkPHP\Lib\Core\Db.class.php 第 192 行.
SQL: SELECT `user_integral` FROM `service_userinfo` WHERE ( `openid` = 'oXgRcuKECWvDLQo9M-7_TaBkdfDY' ) AND ( `del_flag` = 0 ) LIMIT 1   [ RunTime:0.011001s ]
NOTIC: [2] mt_rand(): max(0) is smaller than min(1) F:\WWW\weixin_community\ThinkPHP\Lib\Core\Db.class.php 第 192 行.
SQL: SHOW COLUMNS FROM `device_group` [ RunTime:0.011000s ]
NOTIC: [2] mt_rand(): max(0) is smaller than min(1) F:\WWW\weixin_community\ThinkPHP\Lib\Core\Db.class.php 第 192 行.
SQL: SELECT * FROM `device_group` WHERE ( `device_command` = '352425020961549' ) AND ( `del_flag` = 0 ) AND ( `status` = 1 ) LIMIT 1   [ RunTime:0.012001s ]
NOTIC: [2] mt_rand(): max(0) is smaller than min(1) F:\WWW\weixin_community\ThinkPHP\Lib\Core\Db.class.php 第 192 行.
SQL: SELECT COUNT(*) AS tp_count FROM `service_userinfo` LIMIT 1   [ RunTime:0.010000s ]
NOTIC: [2] mt_rand(): max(0) is smaller than min(1) F:\WWW\weixin_community\ThinkPHP\Lib\Core\Db.class.php 第 192 行.
SQL: SELECT count(1) as count,wu.openid,wu.headimgurl,wu.nickname,wu.city FROM `service_pay_info` spi join service_userinfo wu on wu.openid=spi.from_username where spi.type=0 and spi.status=1
 and spi.del_flag=0 and spi.device_code='352425020961549' and spi.is_archive=0 GROUP BY wu.openid ORDER BY count desc limit 5 [ RunTime:0.012001s ]
NOTIC: [2] mt_rand(): max(0) is smaller than min(1) F:\WWW\weixin_community\ThinkPHP\Lib\Core\Db.class.php 第 192 行.
SQL: SELECT `nickname`,`headimgurl`,`city` FROM `service_userinfo` WHERE ( `openid` = 'oXgRcuKECWvDLQo9M-7_TaBkdfDY' ) LIMIT 1   [ RunTime:0.010000s ]
NOTIC: [2] mt_rand(): max(0) is smaller than min(1) F:\WWW\weixin_community\ThinkPHP\Lib\Core\Db.class.php 第 192 行.
SQL: SELECT count(1) as count from(
SELECT count(1) as count FROM `service_pay_info` spi join
service_userinfo wu on wu.openid=spi.from_username where spi.type=0 and spi.status=1
 and spi.del_flag=0 and spi.device_code='352425020961549' and spi.is_archive=0 and spi.sys_time>CURDATE() GROUP
BY wu.openid ORDER BY count desc) testnew  where testnew.count>(SELECT count(1) as c FROM `service_pay_info` where from_username='oXgRcuKECWvDLQo9M-7_TaBkdfDY' and
device_code='352425020961549' and type=0 and status=1 and del_flag=0 and is_archive=0 and sys_time>CURDATE()) [ RunTime:0.010001s ]
NOTIC: [2] mt_rand(): max(0) is smaller than min(1) F:\WWW\weixin_community\ThinkPHP\Lib\Core\Db.class.php 第 192 行.
SQL: 
SELECT count(1) as count,wu.openid,wu.headimgurl,wu.nickname,wu.city FROM `service_pay_info` spi join service_userinfo wu on wu.openid=spi.from_username where spi.type=0 and spi.status=1
 and spi.del_flag=0 and spi.device_code='352425020961549' and spi.is_archive=0  and spi.sys_time>CURDATE() GROUP BY wu.openid ORDER BY count desc [ RunTime:0.010001s ]
NOTIC: [8] Undefined index: type F:\WWW\weixin_community\APP\Modules\Home\Action\IndexAction.class.php 第 105 行.
NOTIC: [8] Undefined index: group_id F:\WWW\weixin_community\APP\Modules\Home\Action\IndexAction.class.php 第 106 行.
INFO: [ view_parse ] --START--
NOTIC: [8] Undefined variable: headimgurl F:\WWW\weixin_community\APP\Runtime\Cache\Home\b71efac2c45dfbbb12a5b9b57341de1f.php 第 25 行.
NOTIC: [8] Undefined variable: nickname F:\WWW\weixin_community\APP\Runtime\Cache\Home\b71efac2c45dfbbb12a5b9b57341de1f.php 第 26 行.
NOTIC: [2] Missing argument 3 for str_substr(), called in F:\WWW\weixin_community\APP\Runtime\Cache\Home\b71efac2c45dfbbb12a5b9b57341de1f.php on line 99 and defined F:\WWW\weixin_community\APP\Common\common.php 第 756 行.
NOTIC: [2] Missing argument 3 for str_substr(), called in F:\WWW\weixin_community\APP\Runtime\Cache\Home\b71efac2c45dfbbb12a5b9b57341de1f.php on line 203 and defined F:\WWW\weixin_community\APP\Common\common.php 第 756 行.
NOTIC: [2] Missing argument 3 for str_substr(), called in F:\WWW\weixin_community\APP\Runtime\Cache\Home\b71efac2c45dfbbb12a5b9b57341de1f.php on line 227 and defined F:\WWW\weixin_community\APP\Common\common.php 第 756 行.
INFO: ParseTemplate Behavior ::run [ RunTime:0.027001s ]
INFO: [ view_parse ] --END-- [ RunTime:0.027001s ]
INFO: [ view_filter ] --START--
INFO: ContentReplace Behavior ::run [ RunTime:0.001000s ]
INFO: TokenBuild Behavior ::run [ RunTime:0.001000s ]
INFO: WriteHtmlCache Behavior ::run [ RunTime:0.001000s ]
INFO: ShowRuntime Behavior ::run [ RunTime:0.001000s ]
INFO: [ view_filter ] --END-- [ RunTime:0.005000s ]
INFO: [ view_end ] --START--
INFO: ShowPageTrace Behavior ::run [ RunTime:0.002001s ]
INFO: [ view_end ] --END-- [ RunTime:0.002001s ]

[ 2016-07-07T18:46:42+08:00 ] 0.0.0.0 /weixin_community/
INFO: [ app_begin ] --START--
INFO: ReadHtmlCache Behavior ::run [ RunTime:0.002000s ]
INFO: [ app_begin ] --END-- [ RunTime:0.002000s ]
NOTIC: [8] A session had already been started - ignoring session_start() F:\WWW\weixin_community\APP\Modules\Home\Action\IndexAction.class.php 第 2 行.
NOTIC: [8] curl_setopt(): CURLOPT_SSL_VERIFYHOST no longer accepts the value 1, value 2 will be used instead F:\WWW\weixin_community\ThinkPHP\Extend\Vendor\weixin\jssdk.php 第 99 行.
NOTIC: [8] Trying to get property of non-object F:\WWW\weixin_community\ThinkPHP\Extend\Vendor\weixin\jssdk.php 第 78 行.
NOTIC: [8] curl_setopt(): CURLOPT_SSL_VERIFYHOST no longer accepts the value 1, value 2 will be used instead F:\WWW\weixin_community\ThinkPHP\Extend\Vendor\weixin\jssdk.php 第 99 行.
NOTIC: [8] Trying to get property of non-object F:\WWW\weixin_community\ThinkPHP\Extend\Vendor\weixin\jssdk.php 第 55 行.
NOTIC: [8] Undefined index: community_device_command F:\WWW\weixin_community\APP\Modules\Home\Action\IndexAction.class.php 第 41 行.
NOTIC: [2] mt_rand(): max(0) is smaller than min(1) F:\WWW\weixin_community\ThinkPHP\Lib\Core\Db.class.php 第 192 行.
SQL: SHOW COLUMNS FROM `weixin_pay_config` [ RunTime:0.012001s ]
NOTIC: [2] mt_rand(): max(0) is smaller than min(1) F:\WWW\weixin_community\ThinkPHP\Lib\Core\Db.class.php 第 192 行.
SQL: SELECT * FROM `weixin_pay_config` join ter_device td on td.payconfig_id=weixin_pay_config.id WHERE ( td.device_command = '352425020961549' ) AND ( td.status = 1 ) AND ( td.del_flag = 0 ) AND ( weixin_pay_config.pay_type = 1 ) AND ( weixin_pay_config.status = 1 ) AND ( weixin_pay_config.del_flag = 0 ) LIMIT 1   [ RunTime:0.013001s ]
NOTIC: [2] mt_rand(): max(0) is smaller than min(1) F:\WWW\weixin_community\ThinkPHP\Lib\Core\Db.class.php 第 192 行.
SQL: SHOW COLUMNS FROM `service_pay_info` [ RunTime:0.011000s ]
NOTIC: [2] mt_rand(): max(0) is smaller than min(1) F:\WWW\weixin_community\ThinkPHP\Lib\Core\Db.class.php 第 192 行.
SQL: SELECT SUM(ticket) AS tp_sum FROM `service_pay_info` WHERE ( `status` = 1 ) AND ( `app_id` = '1341024101' ) AND ( `from_username` = 'oXgRcuKECWvDLQo9M-7_TaBkdfDY' ) LIMIT 1   [ RunTime:0.011001s ]
NOTIC: [2] mt_rand(): max(0) is smaller than min(1) F:\WWW\weixin_community\ThinkPHP\Lib\Core\Db.class.php 第 192 行.
SQL: SHOW COLUMNS FROM `service_userinfo` [ RunTime:0.011000s ]
NOTIC: [2] mt_rand(): max(0) is smaller than min(1) F:\WWW\weixin_community\ThinkPHP\Lib\Core\Db.class.php 第 192 行.
SQL: SELECT `user_integral` FROM `service_userinfo` WHERE ( `openid` = 'oXgRcuKECWvDLQo9M-7_TaBkdfDY' ) AND ( `del_flag` = 0 ) LIMIT 1   [ RunTime:0.311018s ]
NOTIC: [2] mt_rand(): max(0) is smaller than min(1) F:\WWW\weixin_community\ThinkPHP\Lib\Core\Db.class.php 第 192 行.
SQL: SHOW COLUMNS FROM `device_group` [ RunTime:0.011001s ]
NOTIC: [2] mt_rand(): max(0) is smaller than min(1) F:\WWW\weixin_community\ThinkPHP\Lib\Core\Db.class.php 第 192 行.
SQL: SELECT * FROM `device_group` WHERE ( `device_command` = '352425020961549' ) AND ( `del_flag` = 0 ) AND ( `status` = 1 ) LIMIT 1   [ RunTime:0.012001s ]
NOTIC: [2] mt_rand(): max(0) is smaller than min(1) F:\WWW\weixin_community\ThinkPHP\Lib\Core\Db.class.php 第 192 行.
SQL: SELECT COUNT(*) AS tp_count FROM `service_userinfo` LIMIT 1   [ RunTime:0.011000s ]
NOTIC: [2] mt_rand(): max(0) is smaller than min(1) F:\WWW\weixin_community\ThinkPHP\Lib\Core\Db.class.php 第 192 行.
SQL: SELECT count(1) as count,wu.openid,wu.headimgurl,wu.nickname,wu.city FROM `service_pay_info` spi join service_userinfo wu on wu.openid=spi.from_username where spi.type=0 and spi.status=1
 and spi.del_flag=0 and spi.device_code='352425020961549' and spi.is_archive=0 GROUP BY wu.openid ORDER BY count desc limit 5 [ RunTime:0.011001s ]
NOTIC: [2] mt_rand(): max(0) is smaller than min(1) F:\WWW\weixin_community\ThinkPHP\Lib\Core\Db.class.php 第 192 行.
SQL: SELECT `nickname`,`headimgurl`,`city` FROM `service_userinfo` WHERE ( `openid` = 'oXgRcuKECWvDLQo9M-7_TaBkdfDY' ) LIMIT 1   [ RunTime:0.012001s ]
NOTIC: [2] mt_rand(): max(0) is smaller than min(1) F:\WWW\weixin_community\ThinkPHP\Lib\Core\Db.class.php 第 192 行.
SQL: SELECT count(1) as count from(
SELECT count(1) as count FROM `service_pay_info` spi join
service_userinfo wu on wu.openid=spi.from_username where spi.type=0 and spi.status=1
 and spi.del_flag=0 and spi.device_code='352425020961549' and spi.is_archive=0 and spi.sys_time>CURDATE() GROUP
BY wu.openid ORDER BY count desc) testnew  where testnew.count>(SELECT count(1) as c FROM `service_pay_info` where from_username='oXgRcuKECWvDLQo9M-7_TaBkdfDY' and
device_code='352425020961549' and type=0 and status=1 and del_flag=0 and is_archive=0 and sys_time>CURDATE()) [ RunTime:0.011001s ]
NOTIC: [2] mt_rand(): max(0) is smaller than min(1) F:\WWW\weixin_community\ThinkPHP\Lib\Core\Db.class.php 第 192 行.
SQL: 
SELECT count(1) as count,wu.openid,wu.headimgurl,wu.nickname,wu.city FROM `service_pay_info` spi join service_userinfo wu on wu.openid=spi.from_username where spi.type=0 and spi.status=1
 and spi.del_flag=0 and spi.device_code='352425020961549' and spi.is_archive=0  and spi.sys_time>CURDATE() GROUP BY wu.openid ORDER BY count desc [ RunTime:0.014001s ]
NOTIC: [8] Undefined index: type F:\WWW\weixin_community\APP\Modules\Home\Action\IndexAction.class.php 第 105 行.
NOTIC: [8] Undefined index: group_id F:\WWW\weixin_community\APP\Modules\Home\Action\IndexAction.class.php 第 106 行.
INFO: [ view_parse ] --START--
NOTIC: [8] Undefined variable: headimgurl F:\WWW\weixin_community\APP\Runtime\Cache\Home\b71efac2c45dfbbb12a5b9b57341de1f.php 第 25 行.
NOTIC: [8] Undefined variable: nickname F:\WWW\weixin_community\APP\Runtime\Cache\Home\b71efac2c45dfbbb12a5b9b57341de1f.php 第 26 行.
NOTIC: [2] Missing argument 3 for str_substr(), called in F:\WWW\weixin_community\APP\Runtime\Cache\Home\b71efac2c45dfbbb12a5b9b57341de1f.php on line 99 and defined F:\WWW\weixin_community\APP\Common\common.php 第 756 行.
NOTIC: [2] Missing argument 3 for str_substr(), called in F:\WWW\weixin_community\APP\Runtime\Cache\Home\b71efac2c45dfbbb12a5b9b57341de1f.php on line 203 and defined F:\WWW\weixin_community\APP\Common\common.php 第 756 行.
NOTIC: [2] Missing argument 3 for str_substr(), called in F:\WWW\weixin_community\APP\Runtime\Cache\Home\b71efac2c45dfbbb12a5b9b57341de1f.php on line 227 and defined F:\WWW\weixin_community\APP\Common\common.php 第 756 行.
INFO: ParseTemplate Behavior ::run [ RunTime:0.043002s ]
INFO: [ view_parse ] --END-- [ RunTime:0.043002s ]
INFO: [ view_filter ] --START--
INFO: ContentReplace Behavior ::run [ RunTime:0.002000s ]
INFO: TokenBuild Behavior ::run [ RunTime:0.002000s ]
INFO: WriteHtmlCache Behavior ::run [ RunTime:0.001000s ]
INFO: ShowRuntime Behavior ::run [ RunTime:0.002000s ]
INFO: [ view_filter ] --END-- [ RunTime:0.007000s ]
INFO: [ view_end ] --START--
INFO: ShowPageTrace Behavior ::run [ RunTime:0.002000s ]
INFO: [ view_end ] --END-- [ RunTime:0.002000s ]

[ 2016-07-07T18:47:43+08:00 ] 0.0.0.0 /weixin_community/
INFO: [ app_begin ] --START--
INFO: ReadHtmlCache Behavior ::run [ RunTime:0.002001s ]
INFO: [ app_begin ] --END-- [ RunTime:0.002001s ]
NOTIC: [8] A session had already been started - ignoring session_start() F:\WWW\weixin_community\APP\Modules\Home\Action\IndexAction.class.php 第 2 行.
NOTIC: [8] curl_setopt(): CURLOPT_SSL_VERIFYHOST no longer accepts the value 1, value 2 will be used instead F:\WWW\weixin_community\ThinkPHP\Extend\Vendor\weixin\jssdk.php 第 99 行.
NOTIC: [8] Trying to get property of non-object F:\WWW\weixin_community\ThinkPHP\Extend\Vendor\weixin\jssdk.php 第 78 行.
NOTIC: [8] curl_setopt(): CURLOPT_SSL_VERIFYHOST no longer accepts the value 1, value 2 will be used instead F:\WWW\weixin_community\ThinkPHP\Extend\Vendor\weixin\jssdk.php 第 99 行.
NOTIC: [8] Trying to get property of non-object F:\WWW\weixin_community\ThinkPHP\Extend\Vendor\weixin\jssdk.php 第 55 行.
NOTIC: [8] Undefined index: community_device_command F:\WWW\weixin_community\APP\Modules\Home\Action\IndexAction.class.php 第 41 行.
NOTIC: [2] mt_rand(): max(0) is smaller than min(1) F:\WWW\weixin_community\ThinkPHP\Lib\Core\Db.class.php 第 192 行.
SQL: SHOW COLUMNS FROM `weixin_pay_config` [ RunTime:0.225013s ]
NOTIC: [2] mt_rand(): max(0) is smaller than min(1) F:\WWW\weixin_community\ThinkPHP\Lib\Core\Db.class.php 第 192 行.
SQL: SELECT * FROM `weixin_pay_config` join ter_device td on td.payconfig_id=weixin_pay_config.id WHERE ( td.device_command = '352425020961549' ) AND ( td.status = 1 ) AND ( td.del_flag = 0 ) AND ( weixin_pay_config.pay_type = 1 ) AND ( weixin_pay_config.status = 1 ) AND ( weixin_pay_config.del_flag = 0 ) LIMIT 1   [ RunTime:0.013000s ]
NOTIC: [2] mt_rand(): max(0) is smaller than min(1) F:\WWW\weixin_community\ThinkPHP\Lib\Core\Db.class.php 第 192 行.
SQL: SHOW COLUMNS FROM `service_pay_info` [ RunTime:0.011001s ]
NOTIC: [2] mt_rand(): max(0) is smaller than min(1) F:\WWW\weixin_community\ThinkPHP\Lib\Core\Db.class.php 第 192 行.
SQL: SELECT SUM(ticket) AS tp_sum FROM `service_pay_info` WHERE ( `status` = 1 ) AND ( `app_id` = '1341024101' ) AND ( `from_username` = 'oXgRcuKECWvDLQo9M-7_TaBkdfDY' ) LIMIT 1   [ RunTime:0.011001s ]
NOTIC: [2] mt_rand(): max(0) is smaller than min(1) F:\WWW\weixin_community\ThinkPHP\Lib\Core\Db.class.php 第 192 行.
SQL: SHOW COLUMNS FROM `service_userinfo` [ RunTime:0.011000s ]
NOTIC: [2] mt_rand(): max(0) is smaller than min(1) F:\WWW\weixin_community\ThinkPHP\Lib\Core\Db.class.php 第 192 行.
SQL: SELECT `user_integral` FROM `service_userinfo` WHERE ( `openid` = 'oXgRcuKECWvDLQo9M-7_TaBkdfDY' ) AND ( `del_flag` = 0 ) LIMIT 1   [ RunTime:0.011001s ]
NOTIC: [2] mt_rand(): max(0) is smaller than min(1) F:\WWW\weixin_community\ThinkPHP\Lib\Core\Db.class.php 第 192 行.
SQL: SHOW COLUMNS FROM `device_group` [ RunTime:0.011001s ]
NOTIC: [2] mt_rand(): max(0) is smaller than min(1) F:\WWW\weixin_community\ThinkPHP\Lib\Core\Db.class.php 第 192 行.
SQL: SELECT * FROM `device_group` WHERE ( `device_command` = '352425020961549' ) AND ( `del_flag` = 0 ) AND ( `status` = 1 ) LIMIT 1   [ RunTime:0.011000s ]
NOTIC: [2] mt_rand(): max(0) is smaller than min(1) F:\WWW\weixin_community\ThinkPHP\Lib\Core\Db.class.php 第 192 行.
SQL: SELECT COUNT(*) AS tp_count FROM `service_userinfo` LIMIT 1   [ RunTime:0.011001s ]
NOTIC: [2] mt_rand(): max(0) is smaller than min(1) F:\WWW\weixin_community\ThinkPHP\Lib\Core\Db.class.php 第 192 行.
SQL: SELECT count(1) as count,wu.openid,wu.headimgurl,wu.nickname,wu.city FROM `service_pay_info` spi join service_userinfo wu on wu.openid=spi.from_username where spi.type=0 and spi.status=1
 and spi.del_flag=0 and spi.device_code='352425020961549' and spi.is_archive=0 GROUP BY wu.openid ORDER BY count desc limit 5 [ RunTime:0.913052s ]
NOTIC: [2] mt_rand(): max(0) is smaller than min(1) F:\WWW\weixin_community\ThinkPHP\Lib\Core\Db.class.php 第 192 行.
SQL: SELECT `nickname`,`headimgurl`,`city` FROM `service_userinfo` WHERE ( `openid` = 'oXgRcuKECWvDLQo9M-7_TaBkdfDY' ) LIMIT 1   [ RunTime:14.705841s ]
NOTIC: [2] mt_rand(): max(0) is smaller than min(1) F:\WWW\weixin_community\ThinkPHP\Lib\Core\Db.class.php 第 192 行.
SQL: SELECT count(1) as count from(
SELECT count(1) as count FROM `service_pay_info` spi join
service_userinfo wu on wu.openid=spi.from_username where spi.type=0 and spi.status=1
 and spi.del_flag=0 and spi.device_code='352425020961549' and spi.is_archive=0 and spi.sys_time>CURDATE() GROUP
BY wu.openid ORDER BY count desc) testnew  where testnew.count>(SELECT count(1) as c FROM `service_pay_info` where from_username='oXgRcuKECWvDLQo9M-7_TaBkdfDY' and
device_code='352425020961549' and type=0 and status=1 and del_flag=0 and is_archive=0 and sys_time>CURDATE()) [ RunTime:0.011000s ]
NOTIC: [2] mt_rand(): max(0) is smaller than min(1) F:\WWW\weixin_community\ThinkPHP\Lib\Core\Db.class.php 第 192 行.
SQL: 
SELECT count(1) as count,wu.openid,wu.headimgurl,wu.nickname,wu.city FROM `service_pay_info` spi join service_userinfo wu on wu.openid=spi.from_username where spi.type=0 and spi.status=1
 and spi.del_flag=0 and spi.device_code='352425020961549' and spi.is_archive=0  and spi.sys_time>CURDATE() GROUP BY wu.openid ORDER BY count desc [ RunTime:0.013001s ]
NOTIC: [8] Undefined index: type F:\WWW\weixin_community\APP\Modules\Home\Action\IndexAction.class.php 第 105 行.
NOTIC: [8] Undefined index: group_id F:\WWW\weixin_community\APP\Modules\Home\Action\IndexAction.class.php 第 106 行.
INFO: [ view_parse ] --START--
NOTIC: [8] Undefined variable: headimgurl F:\WWW\weixin_community\APP\Runtime\Cache\Home\b71efac2c45dfbbb12a5b9b57341de1f.php 第 25 行.
NOTIC: [8] Undefined variable: nickname F:\WWW\weixin_community\APP\Runtime\Cache\Home\b71efac2c45dfbbb12a5b9b57341de1f.php 第 26 行.
NOTIC: [2] Missing argument 3 for str_substr(), called in F:\WWW\weixin_community\APP\Runtime\Cache\Home\b71efac2c45dfbbb12a5b9b57341de1f.php on line 99 and defined F:\WWW\weixin_community\APP\Common\common.php 第 756 行.
NOTIC: [2] Missing argument 3 for str_substr(), called in F:\WWW\weixin_community\APP\Runtime\Cache\Home\b71efac2c45dfbbb12a5b9b57341de1f.php on line 203 and defined F:\WWW\weixin_community\APP\Common\common.php 第 756 行.
NOTIC: [2] Missing argument 3 for str_substr(), called in F:\WWW\weixin_community\APP\Runtime\Cache\Home\b71efac2c45dfbbb12a5b9b57341de1f.php on line 227 and defined F:\WWW\weixin_community\APP\Common\common.php 第 756 行.
INFO: ParseTemplate Behavior ::run [ RunTime:0.027002s ]
INFO: [ view_parse ] --END-- [ RunTime:0.028002s ]
INFO: [ view_filter ] --START--
INFO: ContentReplace Behavior ::run [ RunTime:0.001000s ]
INFO: TokenBuild Behavior ::run [ RunTime:0.001000s ]
INFO: WriteHtmlCache Behavior ::run [ RunTime:0.001000s ]
INFO: ShowRuntime Behavior ::run [ RunTime:0.001000s ]
INFO: [ view_filter ] --END-- [ RunTime:0.005000s ]
INFO: [ view_end ] --START--
INFO: ShowPageTrace Behavior ::run [ RunTime:0.001000s ]
INFO: [ view_end ] --END-- [ RunTime:0.001000s ]

[ 2016-07-07T18:48:11+08:00 ] 0.0.0.0 /weixin_community/
INFO: [ app_begin ] --START--
INFO: ReadHtmlCache Behavior ::run [ RunTime:0.002000s ]
INFO: [ app_begin ] --END-- [ RunTime:0.002000s ]
NOTIC: [8] A session had already been started - ignoring session_start() F:\WWW\weixin_community\APP\Modules\Home\Action\IndexAction.class.php 第 2 行.
NOTIC: [8] curl_setopt(): CURLOPT_SSL_VERIFYHOST no longer accepts the value 1, value 2 will be used instead F:\WWW\weixin_community\ThinkPHP\Extend\Vendor\weixin\jssdk.php 第 99 行.
NOTIC: [8] Trying to get property of non-object F:\WWW\weixin_community\ThinkPHP\Extend\Vendor\weixin\jssdk.php 第 78 行.
NOTIC: [8] curl_setopt(): CURLOPT_SSL_VERIFYHOST no longer accepts the value 1, value 2 will be used instead F:\WWW\weixin_community\ThinkPHP\Extend\Vendor\weixin\jssdk.php 第 99 行.
NOTIC: [8] Trying to get property of non-object F:\WWW\weixin_community\ThinkPHP\Extend\Vendor\weixin\jssdk.php 第 55 行.
NOTIC: [8] Undefined index: community_device_command F:\WWW\weixin_community\APP\Modules\Home\Action\IndexAction.class.php 第 41 行.
NOTIC: [2] mt_rand(): max(0) is smaller than min(1) F:\WWW\weixin_community\ThinkPHP\Lib\Core\Db.class.php 第 192 行.
SQL: SHOW COLUMNS FROM `weixin_pay_config` [ RunTime:0.013001s ]
NOTIC: [2] mt_rand(): max(0) is smaller than min(1) F:\WWW\weixin_community\ThinkPHP\Lib\Core\Db.class.php 第 192 行.
SQL: SELECT * FROM `weixin_pay_config` join ter_device td on td.payconfig_id=weixin_pay_config.id WHERE ( td.device_command = '352425020961549' ) AND ( td.status = 1 ) AND ( td.del_flag = 0 ) AND ( weixin_pay_config.pay_type = 1 ) AND ( weixin_pay_config.status = 1 ) AND ( weixin_pay_config.del_flag = 0 ) LIMIT 1   [ RunTime:0.014001s ]
NOTIC: [2] mt_rand(): max(0) is smaller than min(1) F:\WWW\weixin_community\ThinkPHP\Lib\Core\Db.class.php 第 192 行.
SQL: SHOW COLUMNS FROM `service_pay_info` [ RunTime:0.011000s ]
NOTIC: [2] mt_rand(): max(0) is smaller than min(1) F:\WWW\weixin_community\ThinkPHP\Lib\Core\Db.class.php 第 192 行.
SQL: SELECT SUM(ticket) AS tp_sum FROM `service_pay_info` WHERE ( `status` = 1 ) AND ( `app_id` = '1341024101' ) AND ( `from_username` = 'oXgRcuKECWvDLQo9M-7_TaBkdfDY' ) LIMIT 1   [ RunTime:0.011000s ]
NOTIC: [2] mt_rand(): max(0) is smaller than min(1) F:\WWW\weixin_community\ThinkPHP\Lib\Core\Db.class.php 第 192 行.
SQL: SHOW COLUMNS FROM `service_userinfo` [ RunTime:0.011001s ]
NOTIC: [2] mt_rand(): max(0) is smaller than min(1) F:\WWW\weixin_community\ThinkPHP\Lib\Core\Db.class.php 第 192 行.
SQL: SELECT `user_integral` FROM `service_userinfo` WHERE ( `openid` = 'oXgRcuKECWvDLQo9M-7_TaBkdfDY' ) AND ( `del_flag` = 0 ) LIMIT 1   [ RunTime:0.010000s ]
NOTIC: [2] mt_rand(): max(0) is smaller than min(1) F:\WWW\weixin_community\ThinkPHP\Lib\Core\Db.class.php 第 192 行.
SQL: SHOW COLUMNS FROM `device_group` [ RunTime:0.011001s ]
NOTIC: [2] mt_rand(): max(0) is smaller than min(1) F:\WWW\weixin_community\ThinkPHP\Lib\Core\Db.class.php 第 192 行.
SQL: SELECT * FROM `device_group` WHERE ( `device_command` = '352425020961549' ) AND ( `del_flag` = 0 ) AND ( `status` = 1 ) LIMIT 1   [ RunTime:0.011001s ]
NOTIC: [2] mt_rand(): max(0) is smaller than min(1) F:\WWW\weixin_community\ThinkPHP\Lib\Core\Db.class.php 第 192 行.
SQL: SELECT COUNT(*) AS tp_count FROM `service_userinfo` LIMIT 1   [ RunTime:0.014001s ]
NOTIC: [2] mt_rand(): max(0) is smaller than min(1) F:\WWW\weixin_community\ThinkPHP\Lib\Core\Db.class.php 第 192 行.
SQL: SELECT count(1) as count,wu.openid,wu.headimgurl,wu.nickname,wu.city FROM `service_pay_info` spi join service_userinfo wu on wu.openid=spi.from_username where spi.type=0 and spi.status=1
 and spi.del_flag=0 and spi.device_code='352425020961549' and spi.is_archive=0 GROUP BY wu.openid ORDER BY count desc limit 5 [ RunTime:0.011000s ]
NOTIC: [2] mt_rand(): max(0) is smaller than min(1) F:\WWW\weixin_community\ThinkPHP\Lib\Core\Db.class.php 第 192 行.
SQL: SELECT `nickname`,`headimgurl`,`city` FROM `service_userinfo` WHERE ( `openid` = 'oXgRcuKECWvDLQo9M-7_TaBkdfDY' ) LIMIT 1   [ RunTime:0.009000s ]
NOTIC: [2] mt_rand(): max(0) is smaller than min(1) F:\WWW\weixin_community\ThinkPHP\Lib\Core\Db.class.php 第 192 行.
SQL: SELECT count(1) as count from(
SELECT count(1) as count FROM `service_pay_info` spi join
service_userinfo wu on wu.openid=spi.from_username where spi.type=0 and spi.status=1
 and spi.del_flag=0 and spi.device_code='352425020961549' and spi.is_archive=0 and spi.sys_time>CURDATE() GROUP
BY wu.openid ORDER BY count desc) testnew  where testnew.count>(SELECT count(1) as c FROM `service_pay_info` where from_username='oXgRcuKECWvDLQo9M-7_TaBkdfDY' and
device_code='352425020961549' and type=0 and status=1 and del_flag=0 and is_archive=0 and sys_time>CURDATE()) [ RunTime:0.010001s ]
NOTIC: [2] mt_rand(): max(0) is smaller than min(1) F:\WWW\weixin_community\ThinkPHP\Lib\Core\Db.class.php 第 192 行.
SQL: 
SELECT count(1) as count,wu.openid,wu.headimgurl,wu.nickname,wu.city FROM `service_pay_info` spi join service_userinfo wu on wu.openid=spi.from_username where spi.type=0 and spi.status=1
 and spi.del_flag=0 and spi.device_code='352425020961549' and spi.is_archive=0  and spi.sys_time>CURDATE() GROUP BY wu.openid ORDER BY count desc [ RunTime:0.010001s ]
NOTIC: [8] Undefined index: type F:\WWW\weixin_community\APP\Modules\Home\Action\IndexAction.class.php 第 105 行.
NOTIC: [8] Undefined index: group_id F:\WWW\weixin_community\APP\Modules\Home\Action\IndexAction.class.php 第 106 行.
INFO: [ view_parse ] --START--
NOTIC: [8] Undefined variable: headimgurl F:\WWW\weixin_community\APP\Runtime\Cache\Home\b71efac2c45dfbbb12a5b9b57341de1f.php 第 25 行.
NOTIC: [8] Undefined variable: nickname F:\WWW\weixin_community\APP\Runtime\Cache\Home\b71efac2c45dfbbb12a5b9b57341de1f.php 第 26 行.
NOTIC: [2] Missing argument 3 for str_substr(), called in F:\WWW\weixin_community\APP\Runtime\Cache\Home\b71efac2c45dfbbb12a5b9b57341de1f.php on line 99 and defined F:\WWW\weixin_community\APP\Common\common.php 第 756 行.
NOTIC: [2] Missing argument 3 for str_substr(), called in F:\WWW\weixin_community\APP\Runtime\Cache\Home\b71efac2c45dfbbb12a5b9b57341de1f.php on line 203 and defined F:\WWW\weixin_community\APP\Common\common.php 第 756 行.
NOTIC: [2] Missing argument 3 for str_substr(), called in F:\WWW\weixin_community\APP\Runtime\Cache\Home\b71efac2c45dfbbb12a5b9b57341de1f.php on line 227 and defined F:\WWW\weixin_community\APP\Common\common.php 第 756 行.
INFO: ParseTemplate Behavior ::run [ RunTime:0.027001s ]
INFO: [ view_parse ] --END-- [ RunTime:0.027001s ]
INFO: [ view_filter ] --START--
INFO: ContentReplace Behavior ::run [ RunTime:0.002000s ]
INFO: TokenBuild Behavior ::run [ RunTime:0.001000s ]
INFO: WriteHtmlCache Behavior ::run [ RunTime:0.002000s ]
INFO: ShowRuntime Behavior ::run [ RunTime:0.001000s ]
INFO: [ view_filter ] --END-- [ RunTime:0.006000s ]
INFO: [ view_end ] --START--
INFO: ShowPageTrace Behavior ::run [ RunTime:0.002001s ]
INFO: [ view_end ] --END-- [ RunTime:0.002001s ]

[ 2016-07-07T18:48:55+08:00 ] 0.0.0.0 /weixin_community/
INFO: [ app_begin ] --START--
INFO: ReadHtmlCache Behavior ::run [ RunTime:0.003000s ]
INFO: [ app_begin ] --END-- [ RunTime:0.003000s ]
NOTIC: [8] A session had already been started - ignoring session_start() F:\WWW\weixin_community\APP\Modules\Home\Action\IndexAction.class.php 第 2 行.
NOTIC: [8] curl_setopt(): CURLOPT_SSL_VERIFYHOST no longer accepts the value 1, value 2 will be used instead F:\WWW\weixin_community\ThinkPHP\Extend\Vendor\weixin\jssdk.php 第 99 行.
NOTIC: [8] Trying to get property of non-object F:\WWW\weixin_community\ThinkPHP\Extend\Vendor\weixin\jssdk.php 第 78 行.
NOTIC: [8] curl_setopt(): CURLOPT_SSL_VERIFYHOST no longer accepts the value 1, value 2 will be used instead F:\WWW\weixin_community\ThinkPHP\Extend\Vendor\weixin\jssdk.php 第 99 行.
NOTIC: [8] Trying to get property of non-object F:\WWW\weixin_community\ThinkPHP\Extend\Vendor\weixin\jssdk.php 第 55 行.
NOTIC: [8] Undefined index: community_device_command F:\WWW\weixin_community\APP\Modules\Home\Action\IndexAction.class.php 第 41 行.
NOTIC: [2] mt_rand(): max(0) is smaller than min(1) F:\WWW\weixin_community\ThinkPHP\Lib\Core\Db.class.php 第 192 行.
SQL: SHOW COLUMNS FROM `weixin_pay_config` [ RunTime:0.013000s ]
NOTIC: [2] mt_rand(): max(0) is smaller than min(1) F:\WWW\weixin_community\ThinkPHP\Lib\Core\Db.class.php 第 192 行.
SQL: SELECT * FROM `weixin_pay_config` join ter_device td on td.payconfig_id=weixin_pay_config.id WHERE ( td.device_command = '352425020961549' ) AND ( td.status = 1 ) AND ( td.del_flag = 0 ) AND ( weixin_pay_config.pay_type = 1 ) AND ( weixin_pay_config.status = 1 ) AND ( weixin_pay_config.del_flag = 0 ) LIMIT 1   [ RunTime:0.012001s ]
NOTIC: [2] mt_rand(): max(0) is smaller than min(1) F:\WWW\weixin_community\ThinkPHP\Lib\Core\Db.class.php 第 192 行.
SQL: SHOW COLUMNS FROM `service_pay_info` [ RunTime:0.012001s ]
NOTIC: [2] mt_rand(): max(0) is smaller than min(1) F:\WWW\weixin_community\ThinkPHP\Lib\Core\Db.class.php 第 192 行.
SQL: SELECT SUM(ticket) AS tp_sum FROM `service_pay_info` WHERE ( `status` = 1 ) AND ( `app_id` = '1341024101' ) AND ( `from_username` = 'oXgRcuKECWvDLQo9M-7_TaBkdfDY' ) LIMIT 1   [ RunTime:0.011000s ]
NOTIC: [2] mt_rand(): max(0) is smaller than min(1) F:\WWW\weixin_community\ThinkPHP\Lib\Core\Db.class.php 第 192 行.
SQL: SHOW COLUMNS FROM `service_userinfo` [ RunTime:0.012001s ]
NOTIC: [2] mt_rand(): max(0) is smaller than min(1) F:\WWW\weixin_community\ThinkPHP\Lib\Core\Db.class.php 第 192 行.
SQL: SELECT `user_integral` FROM `service_userinfo` WHERE ( `openid` = 'oXgRcuKECWvDLQo9M-7_TaBkdfDY' ) AND ( `del_flag` = 0 ) LIMIT 1   [ RunTime:0.010001s ]
NOTIC: [2] mt_rand(): max(0) is smaller than min(1) F:\WWW\weixin_community\ThinkPHP\Lib\Core\Db.class.php 第 192 行.
SQL: SHOW COLUMNS FROM `device_group` [ RunTime:0.010000s ]
NOTIC: [2] mt_rand(): max(0) is smaller than min(1) F:\WWW\weixin_community\ThinkPHP\Lib\Core\Db.class.php 第 192 行.
SQL: SELECT * FROM `device_group` WHERE ( `device_command` = '352425020961549' ) AND ( `del_flag` = 0 ) AND ( `status` = 1 ) LIMIT 1   [ RunTime:0.011001s ]
NOTIC: [2] mt_rand(): max(0) is smaller than min(1) F:\WWW\weixin_community\ThinkPHP\Lib\Core\Db.class.php 第 192 行.
SQL: SELECT COUNT(*) AS tp_count FROM `service_userinfo` LIMIT 1   [ RunTime:0.010000s ]
NOTIC: [2] mt_rand(): max(0) is smaller than min(1) F:\WWW\weixin_community\ThinkPHP\Lib\Core\Db.class.php 第 192 行.
SQL: SELECT count(1) as count,wu.openid,wu.headimgurl,wu.nickname,wu.city FROM `service_pay_info` spi join service_userinfo wu on wu.openid=spi.from_username where spi.type=0 and spi.status=1
 and spi.del_flag=0 and spi.device_code='352425020961549' and spi.is_archive=0 GROUP BY wu.openid ORDER BY count desc limit 5 [ RunTime:0.010000s ]
NOTIC: [2] mt_rand(): max(0) is smaller than min(1) F:\WWW\weixin_community\ThinkPHP\Lib\Core\Db.class.php 第 192 行.
SQL: SELECT `nickname`,`headimgurl`,`city` FROM `service_userinfo` WHERE ( `openid` = 'oXgRcuKECWvDLQo9M-7_TaBkdfDY' ) LIMIT 1   [ RunTime:0.010000s ]
NOTIC: [2] mt_rand(): max(0) is smaller than min(1) F:\WWW\weixin_community\ThinkPHP\Lib\Core\Db.class.php 第 192 行.
SQL: SELECT count(1) as count from(
SELECT count(1) as count FROM `service_pay_info` spi join
service_userinfo wu on wu.openid=spi.from_username where spi.type=0 and spi.status=1
 and spi.del_flag=0 and spi.device_code='352425020961549' and spi.is_archive=0 and spi.sys_time>CURDATE() GROUP
BY wu.openid ORDER BY count desc) testnew  where testnew.count>(SELECT count(1) as c FROM `service_pay_info` where from_username='oXgRcuKECWvDLQo9M-7_TaBkdfDY' and
device_code='352425020961549' and type=0 and status=1 and del_flag=0 and is_archive=0 and sys_time>CURDATE()) [ RunTime:0.010001s ]
NOTIC: [2] mt_rand(): max(0) is smaller than min(1) F:\WWW\weixin_community\ThinkPHP\Lib\Core\Db.class.php 第 192 行.
SQL: 
SELECT count(1) as count,wu.openid,wu.headimgurl,wu.nickname,wu.city FROM `service_pay_info` spi join service_userinfo wu on wu.openid=spi.from_username where spi.type=0 and spi.status=1
 and spi.del_flag=0 and spi.device_code='352425020961549' and spi.is_archive=0  and spi.sys_time>CURDATE() GROUP BY wu.openid ORDER BY count desc [ RunTime:0.011001s ]
NOTIC: [8] Undefined index: type F:\WWW\weixin_community\APP\Modules\Home\Action\IndexAction.class.php 第 105 行.
NOTIC: [8] Undefined index: group_id F:\WWW\weixin_community\APP\Modules\Home\Action\IndexAction.class.php 第 106 行.
INFO: [ view_parse ] --START--
NOTIC: [8] Undefined variable: headimgurl F:\WWW\weixin_community\APP\Runtime\Cache\Home\b71efac2c45dfbbb12a5b9b57341de1f.php 第 25 行.
NOTIC: [8] Undefined variable: nickname F:\WWW\weixin_community\APP\Runtime\Cache\Home\b71efac2c45dfbbb12a5b9b57341de1f.php 第 26 行.
NOTIC: [2] Missing argument 3 for str_substr(), called in F:\WWW\weixin_community\APP\Runtime\Cache\Home\b71efac2c45dfbbb12a5b9b57341de1f.php on line 99 and defined F:\WWW\weixin_community\APP\Common\common.php 第 756 行.
NOTIC: [2] Missing argument 3 for str_substr(), called in F:\WWW\weixin_community\APP\Runtime\Cache\Home\b71efac2c45dfbbb12a5b9b57341de1f.php on line 203 and defined F:\WWW\weixin_community\APP\Common\common.php 第 756 行.
NOTIC: [2] Missing argument 3 for str_substr(), called in F:\WWW\weixin_community\APP\Runtime\Cache\Home\b71efac2c45dfbbb12a5b9b57341de1f.php on line 227 and defined F:\WWW\weixin_community\APP\Common\common.php 第 756 行.
INFO: ParseTemplate Behavior ::run [ RunTime:0.033002s ]
INFO: [ view_parse ] --END-- [ RunTime:0.033002s ]
INFO: [ view_filter ] --START--
INFO: ContentReplace Behavior ::run [ RunTime:0.002000s ]
INFO: TokenBuild Behavior ::run [ RunTime:0.002000s ]
INFO: WriteHtmlCache Behavior ::run [ RunTime:0.004000s ]
INFO: ShowRuntime Behavior ::run [ RunTime:0.002000s ]
INFO: [ view_filter ] --END-- [ RunTime:0.010000s ]
INFO: [ view_end ] --START--
INFO: ShowPageTrace Behavior ::run [ RunTime:0.003000s ]
INFO: [ view_end ] --END-- [ RunTime:0.003000s ]

[ 2016-07-07T18:58:56+08:00 ] 0.0.0.0 /weixin_community/
INFO: [ app_begin ] --START--
INFO: ReadHtmlCache Behavior ::run [ RunTime:0.002000s ]
INFO: [ app_begin ] --END-- [ RunTime:0.002000s ]
NOTIC: [8] A session had already been started - ignoring session_start() F:\WWW\weixin_community\APP\Modules\Home\Action\IndexAction.class.php 第 2 行.
NOTIC: [8] curl_setopt(): CURLOPT_SSL_VERIFYHOST no longer accepts the value 1, value 2 will be used instead F:\WWW\weixin_community\ThinkPHP\Extend\Vendor\weixin\jssdk.php 第 99 行.
NOTIC: [8] Trying to get property of non-object F:\WWW\weixin_community\ThinkPHP\Extend\Vendor\weixin\jssdk.php 第 78 行.
NOTIC: [8] curl_setopt(): CURLOPT_SSL_VERIFYHOST no longer accepts the value 1, value 2 will be used instead F:\WWW\weixin_community\ThinkPHP\Extend\Vendor\weixin\jssdk.php 第 99 行.
NOTIC: [8] Trying to get property of non-object F:\WWW\weixin_community\ThinkPHP\Extend\Vendor\weixin\jssdk.php 第 55 行.
NOTIC: [8] Undefined index: community_device_command F:\WWW\weixin_community\APP\Modules\Home\Action\IndexAction.class.php 第 41 行.
NOTIC: [2] mt_rand(): max(0) is smaller than min(1) F:\WWW\weixin_community\ThinkPHP\Lib\Core\Db.class.php 第 192 行.
SQL: SHOW COLUMNS FROM `weixin_pay_config` [ RunTime:0.311018s ]
NOTIC: [2] mt_rand(): max(0) is smaller than min(1) F:\WWW\weixin_community\ThinkPHP\Lib\Core\Db.class.php 第 192 行.
SQL: SELECT * FROM `weixin_pay_config` join ter_device td on td.payconfig_id=weixin_pay_config.id WHERE ( td.device_command = '352425020961549' ) AND ( td.status = 1 ) AND ( td.del_flag = 0 ) AND ( weixin_pay_config.pay_type = 1 ) AND ( weixin_pay_config.status = 1 ) AND ( weixin_pay_config.del_flag = 0 ) LIMIT 1   [ RunTime:0.013000s ]
NOTIC: [2] mt_rand(): max(0) is smaller than min(1) F:\WWW\weixin_community\ThinkPHP\Lib\Core\Db.class.php 第 192 行.
SQL: SHOW COLUMNS FROM `service_pay_info` [ RunTime:0.011001s ]
NOTIC: [2] mt_rand(): max(0) is smaller than min(1) F:\WWW\weixin_community\ThinkPHP\Lib\Core\Db.class.php 第 192 行.
SQL: SELECT SUM(ticket) AS tp_sum FROM `service_pay_info` WHERE ( `status` = 1 ) AND ( `app_id` = '1341024101' ) AND ( `from_username` = 'oXgRcuKECWvDLQo9M-7_TaBkdfDY' ) LIMIT 1   [ RunTime:0.018001s ]
NOTIC: [2] mt_rand(): max(0) is smaller than min(1) F:\WWW\weixin_community\ThinkPHP\Lib\Core\Db.class.php 第 192 行.
SQL: SHOW COLUMNS FROM `service_userinfo` [ RunTime:0.016001s ]
NOTIC: [2] mt_rand(): max(0) is smaller than min(1) F:\WWW\weixin_community\ThinkPHP\Lib\Core\Db.class.php 第 192 行.
SQL: SELECT `user_integral` FROM `service_userinfo` WHERE ( `openid` = 'oXgRcuKECWvDLQo9M-7_TaBkdfDY' ) AND ( `del_flag` = 0 ) LIMIT 1   [ RunTime:0.903052s ]
NOTIC: [2] mt_rand(): max(0) is smaller than min(1) F:\WWW\weixin_community\ThinkPHP\Lib\Core\Db.class.php 第 192 行.
SQL: SHOW COLUMNS FROM `device_group` [ RunTime:0.011000s ]
NOTIC: [2] mt_rand(): max(0) is smaller than min(1) F:\WWW\weixin_community\ThinkPHP\Lib\Core\Db.class.php 第 192 行.
SQL: SELECT * FROM `device_group` WHERE ( `device_command` = '352425020961549' ) AND ( `del_flag` = 0 ) AND ( `status` = 1 ) LIMIT 1   [ RunTime:0.011001s ]
NOTIC: [2] mt_rand(): max(0) is smaller than min(1) F:\WWW\weixin_community\ThinkPHP\Lib\Core\Db.class.php 第 192 行.
SQL: SELECT COUNT(*) AS tp_count FROM `service_userinfo` LIMIT 1   [ RunTime:0.012001s ]
NOTIC: [2] mt_rand(): max(0) is smaller than min(1) F:\WWW\weixin_community\ThinkPHP\Lib\Core\Db.class.php 第 192 行.
SQL: SELECT count(1) as count,wu.openid,wu.headimgurl,wu.nickname,wu.city FROM `service_pay_info` spi join service_userinfo wu on wu.openid=spi.from_username where spi.type=0 and spi.status=1
 and spi.del_flag=0 and spi.device_code='352425020961549' and spi.is_archive=0 GROUP BY wu.openid ORDER BY count desc limit 5 [ RunTime:2.104120s ]
NOTIC: [2] mt_rand(): max(0) is smaller than min(1) F:\WWW\weixin_community\ThinkPHP\Lib\Core\Db.class.php 第 192 行.
SQL: SELECT `nickname`,`headimgurl`,`city` FROM `service_userinfo` WHERE ( `openid` = 'oXgRcuKECWvDLQo9M-7_TaBkdfDY' ) LIMIT 1   [ RunTime:0.010000s ]
NOTIC: [2] mt_rand(): max(0) is smaller than min(1) F:\WWW\weixin_community\ThinkPHP\Lib\Core\Db.class.php 第 192 行.
SQL: SELECT count(1) as count from(
SELECT count(1) as count FROM `service_pay_info` spi join
service_userinfo wu on wu.openid=spi.from_username where spi.type=0 and spi.status=1
 and spi.del_flag=0 and spi.device_code='352425020961549' and spi.is_archive=0 and spi.sys_time>CURDATE() GROUP
BY wu.openid ORDER BY count desc) testnew  where testnew.count>(SELECT count(1) as c FROM `service_pay_info` where from_username='oXgRcuKECWvDLQo9M-7_TaBkdfDY' and
device_code='352425020961549' and type=0 and status=1 and del_flag=0 and is_archive=0 and sys_time>CURDATE()) [ RunTime:0.010001s ]
NOTIC: [2] mt_rand(): max(0) is smaller than min(1) F:\WWW\weixin_community\ThinkPHP\Lib\Core\Db.class.php 第 192 行.
SQL: 
SELECT count(1) as count,wu.openid,wu.headimgurl,wu.nickname,wu.city FROM `service_pay_info` spi join service_userinfo wu on wu.openid=spi.from_username where spi.type=0 and spi.status=1
 and spi.del_flag=0 and spi.device_code='352425020961549' and spi.is_archive=0  and spi.sys_time>CURDATE() GROUP BY wu.openid ORDER BY count desc [ RunTime:0.011001s ]

[ 2016-07-07T18:58:57+08:00 ] 0.0.0.0 /weixin_community/
INFO: [ app_begin ] --START--
INFO: ReadHtmlCache Behavior ::run [ RunTime:0.001000s ]
INFO: [ app_begin ] --END-- [ RunTime:0.002000s ]
NOTIC: [8] A session had already been started - ignoring session_start() F:\WWW\weixin_community\APP\Modules\Home\Action\IndexAction.class.php 第 2 行.
NOTIC: [8] curl_setopt(): CURLOPT_SSL_VERIFYHOST no longer accepts the value 1, value 2 will be used instead F:\WWW\weixin_community\ThinkPHP\Extend\Vendor\weixin\jssdk.php 第 99 行.
NOTIC: [8] Trying to get property of non-object F:\WWW\weixin_community\ThinkPHP\Extend\Vendor\weixin\jssdk.php 第 78 行.
NOTIC: [8] curl_setopt(): CURLOPT_SSL_VERIFYHOST no longer accepts the value 1, value 2 will be used instead F:\WWW\weixin_community\ThinkPHP\Extend\Vendor\weixin\jssdk.php 第 99 行.
NOTIC: [8] Trying to get property of non-object F:\WWW\weixin_community\ThinkPHP\Extend\Vendor\weixin\jssdk.php 第 55 行.
NOTIC: [8] Undefined index: community_device_command F:\WWW\weixin_community\APP\Modules\Home\Action\IndexAction.class.php 第 41 行.
NOTIC: [2] mt_rand(): max(0) is smaller than min(1) F:\WWW\weixin_community\ThinkPHP\Lib\Core\Db.class.php 第 192 行.
SQL: SHOW COLUMNS FROM `weixin_pay_config` [ RunTime:0.011000s ]
NOTIC: [2] mt_rand(): max(0) is smaller than min(1) F:\WWW\weixin_community\ThinkPHP\Lib\Core\Db.class.php 第 192 行.
SQL: SELECT * FROM `weixin_pay_config` join ter_device td on td.payconfig_id=weixin_pay_config.id WHERE ( td.device_command = '352425020961549' ) AND ( td.status = 1 ) AND ( td.del_flag = 0 ) AND ( weixin_pay_config.pay_type = 1 ) AND ( weixin_pay_config.status = 1 ) AND ( weixin_pay_config.del_flag = 0 ) LIMIT 1   [ RunTime:0.313018s ]
NOTIC: [2] mt_rand(): max(0) is smaller than min(1) F:\WWW\weixin_community\ThinkPHP\Lib\Core\Db.class.php 第 192 行.
SQL: SHOW COLUMNS FROM `service_pay_info` [ RunTime:0.012001s ]
NOTIC: [2] mt_rand(): max(0) is smaller than min(1) F:\WWW\weixin_community\ThinkPHP\Lib\Core\Db.class.php 第 192 行.
SQL: SELECT SUM(ticket) AS tp_sum FROM `service_pay_info` WHERE ( `status` = 1 ) AND ( `app_id` = '1341024101' ) AND ( `from_username` = 'oXgRcuKECWvDLQo9M-7_TaBkdfDY' ) LIMIT 1   [ RunTime:0.010001s ]
NOTIC: [2] mt_rand(): max(0) is smaller than min(1) F:\WWW\weixin_community\ThinkPHP\Lib\Core\Db.class.php 第 192 行.
SQL: SHOW COLUMNS FROM `service_userinfo` [ RunTime:0.011000s ]
NOTIC: [2] mt_rand(): max(0) is smaller than min(1) F:\WWW\weixin_community\ThinkPHP\Lib\Core\Db.class.php 第 192 行.
SQL: SELECT `user_integral` FROM `service_userinfo` WHERE ( `openid` = 'oXgRcuKECWvDLQo9M-7_TaBkdfDY' ) AND ( `del_flag` = 0 ) LIMIT 1   [ RunTime:0.011001s ]
NOTIC: [2] mt_rand(): max(0) is smaller than min(1) F:\WWW\weixin_community\ThinkPHP\Lib\Core\Db.class.php 第 192 行.
SQL: SHOW COLUMNS FROM `device_group` [ RunTime:0.012000s ]
NOTIC: [2] mt_rand(): max(0) is smaller than min(1) F:\WWW\weixin_community\ThinkPHP\Lib\Core\Db.class.php 第 192 行.
SQL: SELECT * FROM `device_group` WHERE ( `device_command` = '352425020961549' ) AND ( `del_flag` = 0 ) AND ( `status` = 1 ) LIMIT 1   [ RunTime:0.010000s ]
NOTIC: [2] mt_rand(): max(0) is smaller than min(1) F:\WWW\weixin_community\ThinkPHP\Lib\Core\Db.class.php 第 192 行.
SQL: SELECT COUNT(*) AS tp_count FROM `service_userinfo` LIMIT 1   [ RunTime:0.011001s ]
NOTIC: [2] mt_rand(): max(0) is smaller than min(1) F:\WWW\weixin_community\ThinkPHP\Lib\Core\Db.class.php 第 192 行.
SQL: SELECT count(1) as count,wu.openid,wu.headimgurl,wu.nickname,wu.city FROM `service_pay_info` spi join service_userinfo wu on wu.openid=spi.from_username where spi.type=0 and spi.status=1
 and spi.del_flag=0 and spi.device_code='352425020961549' and spi.is_archive=0 GROUP BY wu.openid ORDER BY count desc limit 5 [ RunTime:0.011000s ]
NOTIC: [2] mt_rand(): max(0) is smaller than min(1) F:\WWW\weixin_community\ThinkPHP\Lib\Core\Db.class.php 第 192 行.
SQL: SELECT `nickname`,`headimgurl`,`city` FROM `service_userinfo` WHERE ( `openid` = 'oXgRcuKECWvDLQo9M-7_TaBkdfDY' ) LIMIT 1   [ RunTime:0.012001s ]
NOTIC: [2] mt_rand(): max(0) is smaller than min(1) F:\WWW\weixin_community\ThinkPHP\Lib\Core\Db.class.php 第 192 行.
SQL: SELECT count(1) as count from(
SELECT count(1) as count FROM `service_pay_info` spi join
service_userinfo wu on wu.openid=spi.from_username where spi.type=0 and spi.status=1
 and spi.del_flag=0 and spi.device_code='352425020961549' and spi.is_archive=0 and spi.sys_time>CURDATE() GROUP
BY wu.openid ORDER BY count desc) testnew  where testnew.count>(SELECT count(1) as c FROM `service_pay_info` where from_username='oXgRcuKECWvDLQo9M-7_TaBkdfDY' and
device_code='352425020961549' and type=0 and status=1 and del_flag=0 and is_archive=0 and sys_time>CURDATE()) [ RunTime:0.308018s ]
NOTIC: [2] mt_rand(): max(0) is smaller than min(1) F:\WWW\weixin_community\ThinkPHP\Lib\Core\Db.class.php 第 192 行.
SQL: 
SELECT count(1) as count,wu.openid,wu.headimgurl,wu.nickname,wu.city FROM `service_pay_info` spi join service_userinfo wu on wu.openid=spi.from_username where spi.type=0 and spi.status=1
 and spi.del_flag=0 and spi.device_code='352425020961549' and spi.is_archive=0  and spi.sys_time>CURDATE() GROUP BY wu.openid ORDER BY count desc [ RunTime:0.013000s ]

[ 2016-07-07T18:59:22+08:00 ] 0.0.0.0 /weixin_community/
INFO: [ app_begin ] --START--
INFO: ReadHtmlCache Behavior ::run [ RunTime:0.003000s ]
INFO: [ app_begin ] --END-- [ RunTime:0.004001s ]
NOTIC: [8] A session had already been started - ignoring session_start() F:\WWW\weixin_community\APP\Modules\Home\Action\IndexAction.class.php 第 2 行.
NOTIC: [8] curl_setopt(): CURLOPT_SSL_VERIFYHOST no longer accepts the value 1, value 2 will be used instead F:\WWW\weixin_community\ThinkPHP\Extend\Vendor\weixin\jssdk.php 第 99 行.
NOTIC: [8] Trying to get property of non-object F:\WWW\weixin_community\ThinkPHP\Extend\Vendor\weixin\jssdk.php 第 78 行.
NOTIC: [8] curl_setopt(): CURLOPT_SSL_VERIFYHOST no longer accepts the value 1, value 2 will be used instead F:\WWW\weixin_community\ThinkPHP\Extend\Vendor\weixin\jssdk.php 第 99 行.
NOTIC: [8] Trying to get property of non-object F:\WWW\weixin_community\ThinkPHP\Extend\Vendor\weixin\jssdk.php 第 55 行.
NOTIC: [8] Undefined index: community_device_command F:\WWW\weixin_community\APP\Modules\Home\Action\IndexAction.class.php 第 41 行.
NOTIC: [2] mt_rand(): max(0) is smaller than min(1) F:\WWW\weixin_community\ThinkPHP\Lib\Core\Db.class.php 第 192 行.
SQL: SHOW COLUMNS FROM `weixin_pay_config` [ RunTime:0.012001s ]
NOTIC: [2] mt_rand(): max(0) is smaller than min(1) F:\WWW\weixin_community\ThinkPHP\Lib\Core\Db.class.php 第 192 行.
SQL: SELECT * FROM `weixin_pay_config` join ter_device td on td.payconfig_id=weixin_pay_config.id WHERE ( td.device_command = '352425020961549' ) AND ( td.status = 1 ) AND ( td.del_flag = 0 ) AND ( weixin_pay_config.pay_type = 1 ) AND ( weixin_pay_config.status = 1 ) AND ( weixin_pay_config.del_flag = 0 ) LIMIT 1   [ RunTime:0.013000s ]
NOTIC: [2] mt_rand(): max(0) is smaller than min(1) F:\WWW\weixin_community\ThinkPHP\Lib\Core\Db.class.php 第 192 行.
SQL: SHOW COLUMNS FROM `service_pay_info` [ RunTime:0.012001s ]
NOTIC: [2] mt_rand(): max(0) is smaller than min(1) F:\WWW\weixin_community\ThinkPHP\Lib\Core\Db.class.php 第 192 行.
SQL: SELECT SUM(ticket) AS tp_sum FROM `service_pay_info` WHERE ( `status` = 1 ) AND ( `app_id` = '1341024101' ) AND ( `from_username` = 'oXgRcuKECWvDLQo9M-7_TaBkdfDY' ) LIMIT 1   [ RunTime:0.010001s ]
NOTIC: [2] mt_rand(): max(0) is smaller than min(1) F:\WWW\weixin_community\ThinkPHP\Lib\Core\Db.class.php 第 192 行.
SQL: SHOW COLUMNS FROM `service_userinfo` [ RunTime:0.011000s ]
NOTIC: [2] mt_rand(): max(0) is smaller than min(1) F:\WWW\weixin_community\ThinkPHP\Lib\Core\Db.class.php 第 192 行.
SQL: SELECT `user_integral` FROM `service_userinfo` WHERE ( `openid` = 'oXgRcuKECWvDLQo9M-7_TaBkdfDY' ) AND ( `del_flag` = 0 ) LIMIT 1   [ RunTime:0.010001s ]
NOTIC: [2] mt_rand(): max(0) is smaller than min(1) F:\WWW\weixin_community\ThinkPHP\Lib\Core\Db.class.php 第 192 行.
SQL: SHOW COLUMNS FROM `device_group` [ RunTime:0.013001s ]
NOTIC: [2] mt_rand(): max(0) is smaller than min(1) F:\WWW\weixin_community\ThinkPHP\Lib\Core\Db.class.php 第 192 行.
SQL: SELECT * FROM `device_group` WHERE ( `device_command` = '352425020961549' ) AND ( `del_flag` = 0 ) AND ( `status` = 1 ) LIMIT 1   [ RunTime:0.011000s ]
NOTIC: [2] mt_rand(): max(0) is smaller than min(1) F:\WWW\weixin_community\ThinkPHP\Lib\Core\Db.class.php 第 192 行.
SQL: SELECT COUNT(*) AS tp_count FROM `service_userinfo` LIMIT 1   [ RunTime:0.010001s ]
NOTIC: [2] mt_rand(): max(0) is smaller than min(1) F:\WWW\weixin_community\ThinkPHP\Lib\Core\Db.class.php 第 192 行.
SQL: SELECT count(1) as count,wu.openid,wu.headimgurl,wu.nickname,wu.city FROM `service_pay_info` spi join service_userinfo wu on wu.openid=spi.from_username where spi.type=0 and spi.status=1
 and spi.del_flag=0 and spi.device_code='352425020961549' and spi.is_archive=0 GROUP BY wu.openid ORDER BY count desc limit 5 [ RunTime:0.011001s ]
NOTIC: [2] mt_rand(): max(0) is smaller than min(1) F:\WWW\weixin_community\ThinkPHP\Lib\Core\Db.class.php 第 192 行.
SQL: SELECT `nickname`,`headimgurl`,`city` FROM `service_userinfo` WHERE ( `openid` = 'oXgRcuKECWvDLQo9M-7_TaBkdfDY' ) LIMIT 1   [ RunTime:0.010001s ]
NOTIC: [2] mt_rand(): max(0) is smaller than min(1) F:\WWW\weixin_community\ThinkPHP\Lib\Core\Db.class.php 第 192 行.
SQL: SELECT count(1) as count from(
SELECT count(1) as count FROM `service_pay_info` spi join
service_userinfo wu on wu.openid=spi.from_username where spi.type=0 and spi.status=1
 and spi.del_flag=0 and spi.device_code='352425020961549' and spi.is_archive=0 and spi.sys_time>CURDATE() GROUP
BY wu.openid ORDER BY count desc) testnew  where testnew.count>(SELECT count(1) as c FROM `service_pay_info` where from_username='oXgRcuKECWvDLQo9M-7_TaBkdfDY' and
device_code='352425020961549' and type=0 and status=1 and del_flag=0 and is_archive=0 and sys_time>CURDATE()) [ RunTime:0.011001s ]
NOTIC: [2] mt_rand(): max(0) is smaller than min(1) F:\WWW\weixin_community\ThinkPHP\Lib\Core\Db.class.php 第 192 行.
SQL: 
SELECT count(1) as count,wu.openid,wu.headimgurl,wu.nickname,wu.city FROM `service_pay_info` spi join service_userinfo wu on wu.openid=spi.from_username where spi.type=0 and spi.status=1
 and spi.del_flag=0 and spi.device_code='352425020961549' and spi.is_archive=0  and spi.sys_time>CURDATE() GROUP BY wu.openid ORDER BY count desc [ RunTime:0.009000s ]

[ 2016-07-07T19:15:02+08:00 ] 0.0.0.0 /weixin_community/
INFO: [ app_begin ] --START--
INFO: ReadHtmlCache Behavior ::run [ RunTime:0.004000s ]
INFO: [ app_begin ] --END-- [ RunTime:0.004000s ]
NOTIC: [8] A session had already been started - ignoring session_start() F:\WWW\weixin_community\APP\Modules\Home\Action\IndexAction.class.php 第 2 行.
NOTIC: [8] curl_setopt(): CURLOPT_SSL_VERIFYHOST no longer accepts the value 1, value 2 will be used instead F:\WWW\weixin_community\ThinkPHP\Extend\Vendor\weixin\jssdk.php 第 99 行.
NOTIC: [8] Trying to get property of non-object F:\WWW\weixin_community\ThinkPHP\Extend\Vendor\weixin\jssdk.php 第 78 行.
NOTIC: [8] curl_setopt(): CURLOPT_SSL_VERIFYHOST no longer accepts the value 1, value 2 will be used instead F:\WWW\weixin_community\ThinkPHP\Extend\Vendor\weixin\jssdk.php 第 99 行.
NOTIC: [8] Trying to get property of non-object F:\WWW\weixin_community\ThinkPHP\Extend\Vendor\weixin\jssdk.php 第 55 行.
NOTIC: [8] Undefined index: community_device_command F:\WWW\weixin_community\APP\Modules\Home\Action\IndexAction.class.php 第 41 行.
NOTIC: [2] mt_rand(): max(0) is smaller than min(1) F:\WWW\weixin_community\ThinkPHP\Lib\Core\Db.class.php 第 192 行.
SQL: SHOW COLUMNS FROM `weixin_pay_config` [ RunTime:0.011000s ]
NOTIC: [2] mt_rand(): max(0) is smaller than min(1) F:\WWW\weixin_community\ThinkPHP\Lib\Core\Db.class.php 第 192 行.
SQL: SELECT * FROM `weixin_pay_config` join ter_device td on td.payconfig_id=weixin_pay_config.id WHERE ( td.device_command = '352425020961549' ) AND ( td.status = 1 ) AND ( td.del_flag = 0 ) AND ( weixin_pay_config.pay_type = 1 ) AND ( weixin_pay_config.status = 1 ) AND ( weixin_pay_config.del_flag = 0 ) LIMIT 1   [ RunTime:0.013001s ]
NOTIC: [2] mt_rand(): max(0) is smaller than min(1) F:\WWW\weixin_community\ThinkPHP\Lib\Core\Db.class.php 第 192 行.
SQL: SHOW COLUMNS FROM `service_pay_info` [ RunTime:0.013001s ]
NOTIC: [2] mt_rand(): max(0) is smaller than min(1) F:\WWW\weixin_community\ThinkPHP\Lib\Core\Db.class.php 第 192 行.
SQL: SELECT SUM(ticket) AS tp_sum FROM `service_pay_info` WHERE ( `status` = 1 ) AND ( `app_id` = '1341024101' ) AND ( `from_username` = 'oXgRcuKECWvDLQo9M-7_TaBkdfDY' ) LIMIT 1   [ RunTime:0.012001s ]
NOTIC: [2] mt_rand(): max(0) is smaller than min(1) F:\WWW\weixin_community\ThinkPHP\Lib\Core\Db.class.php 第 192 行.
SQL: SHOW COLUMNS FROM `service_userinfo` [ RunTime:0.011000s ]
NOTIC: [2] mt_rand(): max(0) is smaller than min(1) F:\WWW\weixin_community\ThinkPHP\Lib\Core\Db.class.php 第 192 行.
SQL: SELECT `user_integral` FROM `service_userinfo` WHERE ( `openid` = 'oXgRcuKECWvDLQo9M-7_TaBkdfDY' ) AND ( `del_flag` = 0 ) LIMIT 1   [ RunTime:0.011001s ]
NOTIC: [2] mt_rand(): max(0) is smaller than min(1) F:\WWW\weixin_community\ThinkPHP\Lib\Core\Db.class.php 第 192 行.
SQL: SHOW COLUMNS FROM `device_group` [ RunTime:0.012001s ]
NOTIC: [2] mt_rand(): max(0) is smaller than min(1) F:\WWW\weixin_community\ThinkPHP\Lib\Core\Db.class.php 第 192 行.
SQL: SELECT * FROM `device_group` WHERE ( `device_command` = '352425020961549' ) AND ( `del_flag` = 0 ) AND ( `status` = 1 ) LIMIT 1   [ RunTime:0.011000s ]
NOTIC: [2] mt_rand(): max(0) is smaller than min(1) F:\WWW\weixin_community\ThinkPHP\Lib\Core\Db.class.php 第 192 行.
SQL: SELECT COUNT(*) AS tp_count FROM `service_userinfo` LIMIT 1   [ RunTime:0.010001s ]
NOTIC: [2] mt_rand(): max(0) is smaller than min(1) F:\WWW\weixin_community\ThinkPHP\Lib\Core\Db.class.php 第 192 行.
SQL: SELECT count(1) as count,wu.openid,wu.headimgurl,wu.nickname,wu.city FROM `service_pay_info` spi join service_userinfo wu on wu.openid=spi.from_username where spi.type=0 and spi.status=1
 and spi.del_flag=0 and spi.device_code='352425020961549' and spi.is_archive=0 GROUP BY wu.openid ORDER BY count desc limit 5 [ RunTime:0.012001s ]
NOTIC: [2] mt_rand(): max(0) is smaller than min(1) F:\WWW\weixin_community\ThinkPHP\Lib\Core\Db.class.php 第 192 行.
SQL: SELECT `nickname`,`headimgurl`,`city` FROM `service_userinfo` WHERE ( `openid` = 'oXgRcuKECWvDLQo9M-7_TaBkdfDY' ) LIMIT 1   [ RunTime:0.010001s ]
NOTIC: [2] mt_rand(): max(0) is smaller than min(1) F:\WWW\weixin_community\ThinkPHP\Lib\Core\Db.class.php 第 192 行.
SQL: SELECT count(1) as count from(
SELECT count(1) as count FROM `service_pay_info` spi join
service_userinfo wu on wu.openid=spi.from_username where spi.type=0 and spi.status=1
 and spi.del_flag=0 and spi.device_code='352425020961549' and spi.is_archive=0 and spi.sys_time>CURDATE() GROUP
BY wu.openid ORDER BY count desc) testnew  where testnew.count>(SELECT count(1) as c FROM `service_pay_info` where from_username='oXgRcuKECWvDLQo9M-7_TaBkdfDY' and
device_code='352425020961549' and type=0 and status=1 and del_flag=0 and is_archive=0 and sys_time>CURDATE()) [ RunTime:0.018001s ]
NOTIC: [2] mt_rand(): max(0) is smaller than min(1) F:\WWW\weixin_community\ThinkPHP\Lib\Core\Db.class.php 第 192 行.
SQL: 
SELECT count(1) as count,wu.openid,wu.headimgurl,wu.nickname,wu.city FROM `service_pay_info` spi join service_userinfo wu on wu.openid=spi.from_username where spi.type=0 and spi.status=1
 and spi.del_flag=0 and spi.device_code='352425020961549' and spi.is_archive=0  and spi.sys_time>CURDATE() GROUP BY wu.openid ORDER BY count desc [ RunTime:0.013000s ]

[ 2016-07-07T19:15:03+08:00 ] 0.0.0.0 /weixin_community/
INFO: [ app_begin ] --START--
INFO: ReadHtmlCache Behavior ::run [ RunTime:0.001000s ]
INFO: [ app_begin ] --END-- [ RunTime:0.002000s ]
NOTIC: [8] A session had already been started - ignoring session_start() F:\WWW\weixin_community\APP\Modules\Home\Action\IndexAction.class.php 第 2 行.
NOTIC: [8] curl_setopt(): CURLOPT_SSL_VERIFYHOST no longer accepts the value 1, value 2 will be used instead F:\WWW\weixin_community\ThinkPHP\Extend\Vendor\weixin\jssdk.php 第 99 行.
NOTIC: [8] Trying to get property of non-object F:\WWW\weixin_community\ThinkPHP\Extend\Vendor\weixin\jssdk.php 第 78 行.
NOTIC: [8] curl_setopt(): CURLOPT_SSL_VERIFYHOST no longer accepts the value 1, value 2 will be used instead F:\WWW\weixin_community\ThinkPHP\Extend\Vendor\weixin\jssdk.php 第 99 行.
NOTIC: [8] Trying to get property of non-object F:\WWW\weixin_community\ThinkPHP\Extend\Vendor\weixin\jssdk.php 第 55 行.
NOTIC: [8] Undefined index: community_device_command F:\WWW\weixin_community\APP\Modules\Home\Action\IndexAction.class.php 第 41 行.
NOTIC: [2] mt_rand(): max(0) is smaller than min(1) F:\WWW\weixin_community\ThinkPHP\Lib\Core\Db.class.php 第 192 行.
SQL: SHOW COLUMNS FROM `weixin_pay_config` [ RunTime:0.013000s ]
NOTIC: [2] mt_rand(): max(0) is smaller than min(1) F:\WWW\weixin_community\ThinkPHP\Lib\Core\Db.class.php 第 192 行.
SQL: SELECT * FROM `weixin_pay_config` join ter_device td on td.payconfig_id=weixin_pay_config.id WHERE ( td.device_command = '352425020961549' ) AND ( td.status = 1 ) AND ( td.del_flag = 0 ) AND ( weixin_pay_config.pay_type = 1 ) AND ( weixin_pay_config.status = 1 ) AND ( weixin_pay_config.del_flag = 0 ) LIMIT 1   [ RunTime:0.013001s ]
NOTIC: [2] mt_rand(): max(0) is smaller than min(1) F:\WWW\weixin_community\ThinkPHP\Lib\Core\Db.class.php 第 192 行.
SQL: SHOW COLUMNS FROM `service_pay_info` [ RunTime:0.011001s ]
NOTIC: [2] mt_rand(): max(0) is smaller than min(1) F:\WWW\weixin_community\ThinkPHP\Lib\Core\Db.class.php 第 192 行.
SQL: SELECT SUM(ticket) AS tp_sum FROM `service_pay_info` WHERE ( `status` = 1 ) AND ( `app_id` = '1341024101' ) AND ( `from_username` = 'oXgRcuKECWvDLQo9M-7_TaBkdfDY' ) LIMIT 1   [ RunTime:0.010000s ]
NOTIC: [2] mt_rand(): max(0) is smaller than min(1) F:\WWW\weixin_community\ThinkPHP\Lib\Core\Db.class.php 第 192 行.
SQL: SHOW COLUMNS FROM `service_userinfo` [ RunTime:0.012001s ]
NOTIC: [2] mt_rand(): max(0) is smaller than min(1) F:\WWW\weixin_community\ThinkPHP\Lib\Core\Db.class.php 第 192 行.
SQL: SELECT `user_integral` FROM `service_userinfo` WHERE ( `openid` = 'oXgRcuKECWvDLQo9M-7_TaBkdfDY' ) AND ( `del_flag` = 0 ) LIMIT 1   [ RunTime:0.012001s ]
NOTIC: [2] mt_rand(): max(0) is smaller than min(1) F:\WWW\weixin_community\ThinkPHP\Lib\Core\Db.class.php 第 192 行.
SQL: SHOW COLUMNS FROM `device_group` [ RunTime:0.012000s ]
NOTIC: [2] mt_rand(): max(0) is smaller than min(1) F:\WWW\weixin_community\ThinkPHP\Lib\Core\Db.class.php 第 192 行.
SQL: SELECT * FROM `device_group` WHERE ( `device_command` = '352425020961549' ) AND ( `del_flag` = 0 ) AND ( `status` = 1 ) LIMIT 1   [ RunTime:0.011001s ]
NOTIC: [2] mt_rand(): max(0) is smaller than min(1) F:\WWW\weixin_community\ThinkPHP\Lib\Core\Db.class.php 第 192 行.
SQL: SELECT COUNT(*) AS tp_count FROM `service_userinfo` LIMIT 1   [ RunTime:0.010001s ]
NOTIC: [2] mt_rand(): max(0) is smaller than min(1) F:\WWW\weixin_community\ThinkPHP\Lib\Core\Db.class.php 第 192 行.
SQL: SELECT count(1) as count,wu.openid,wu.headimgurl,wu.nickname,wu.city FROM `service_pay_info` spi join service_userinfo wu on wu.openid=spi.from_username where spi.type=0 and spi.status=1
 and spi.del_flag=0 and spi.device_code='352425020961549' and spi.is_archive=0 GROUP BY wu.openid ORDER BY count desc limit 5 [ RunTime:0.012000s ]
NOTIC: [2] mt_rand(): max(0) is smaller than min(1) F:\WWW\weixin_community\ThinkPHP\Lib\Core\Db.class.php 第 192 行.
SQL: SELECT `nickname`,`headimgurl`,`city` FROM `service_userinfo` WHERE ( `openid` = 'oXgRcuKECWvDLQo9M-7_TaBkdfDY' ) LIMIT 1   [ RunTime:0.011001s ]
NOTIC: [2] mt_rand(): max(0) is smaller than min(1) F:\WWW\weixin_community\ThinkPHP\Lib\Core\Db.class.php 第 192 行.
SQL: SELECT count(1) as count from(
SELECT count(1) as count FROM `service_pay_info` spi join
service_userinfo wu on wu.openid=spi.from_username where spi.type=0 and spi.status=1
 and spi.del_flag=0 and spi.device_code='352425020961549' and spi.is_archive=0 and spi.sys_time>CURDATE() GROUP
BY wu.openid ORDER BY count desc) testnew  where testnew.count>(SELECT count(1) as c FROM `service_pay_info` where from_username='oXgRcuKECWvDLQo9M-7_TaBkdfDY' and
device_code='352425020961549' and type=0 and status=1 and del_flag=0 and is_archive=0 and sys_time>CURDATE()) [ RunTime:0.012000s ]
NOTIC: [2] mt_rand(): max(0) is smaller than min(1) F:\WWW\weixin_community\ThinkPHP\Lib\Core\Db.class.php 第 192 行.
SQL: 
SELECT count(1) as count,wu.openid,wu.headimgurl,wu.nickname,wu.city FROM `service_pay_info` spi join service_userinfo wu on wu.openid=spi.from_username where spi.type=0 and spi.status=1
 and spi.del_flag=0 and spi.device_code='352425020961549' and spi.is_archive=0  and spi.sys_time>CURDATE() GROUP BY wu.openid ORDER BY count desc [ RunTime:0.013001s ]

[ 2016-07-07T19:18:46+08:00 ] 0.0.0.0 /weixin_community/
INFO: [ app_begin ] --START--
INFO: ReadHtmlCache Behavior ::run [ RunTime:0.001000s ]
INFO: [ app_begin ] --END-- [ RunTime:0.002000s ]
NOTIC: [8] A session had already been started - ignoring session_start() F:\WWW\weixin_community\APP\Modules\Home\Action\IndexAction.class.php 第 2 行.
NOTIC: [8] curl_setopt(): CURLOPT_SSL_VERIFYHOST no longer accepts the value 1, value 2 will be used instead F:\WWW\weixin_community\ThinkPHP\Extend\Vendor\weixin\jssdk.php 第 99 行.
NOTIC: [8] Trying to get property of non-object F:\WWW\weixin_community\ThinkPHP\Extend\Vendor\weixin\jssdk.php 第 78 行.
NOTIC: [8] curl_setopt(): CURLOPT_SSL_VERIFYHOST no longer accepts the value 1, value 2 will be used instead F:\WWW\weixin_community\ThinkPHP\Extend\Vendor\weixin\jssdk.php 第 99 行.
NOTIC: [8] Trying to get property of non-object F:\WWW\weixin_community\ThinkPHP\Extend\Vendor\weixin\jssdk.php 第 55 行.
NOTIC: [8] Undefined index: community_device_command F:\WWW\weixin_community\APP\Modules\Home\Action\IndexAction.class.php 第 41 行.
NOTIC: [2] mt_rand(): max(0) is smaller than min(1) F:\WWW\weixin_community\ThinkPHP\Lib\Core\Db.class.php 第 192 行.
SQL: SHOW COLUMNS FROM `weixin_pay_config` [ RunTime:0.011000s ]
NOTIC: [2] mt_rand(): max(0) is smaller than min(1) F:\WWW\weixin_community\ThinkPHP\Lib\Core\Db.class.php 第 192 行.
SQL: SELECT * FROM `weixin_pay_config` join ter_device td on td.payconfig_id=weixin_pay_config.id WHERE ( td.device_command = '352425020961549' ) AND ( td.status = 1 ) AND ( td.del_flag = 0 ) AND ( weixin_pay_config.pay_type = 1 ) AND ( weixin_pay_config.status = 1 ) AND ( weixin_pay_config.del_flag = 0 ) LIMIT 1   [ RunTime:0.012001s ]
NOTIC: [2] mt_rand(): max(0) is smaller than min(1) F:\WWW\weixin_community\ThinkPHP\Lib\Core\Db.class.php 第 192 行.
SQL: SHOW COLUMNS FROM `service_pay_info` [ RunTime:0.309018s ]
NOTIC: [2] mt_rand(): max(0) is smaller than min(1) F:\WWW\weixin_community\ThinkPHP\Lib\Core\Db.class.php 第 192 行.
SQL: SELECT SUM(ticket) AS tp_sum FROM `service_pay_info` WHERE ( `status` = 1 ) AND ( `app_id` = '1341024101' ) AND ( `from_username` = 'oXgRcuKECWvDLQo9M-7_TaBkdfDY' ) LIMIT 1   [ RunTime:0.011000s ]
NOTIC: [2] mt_rand(): max(0) is smaller than min(1) F:\WWW\weixin_community\ThinkPHP\Lib\Core\Db.class.php 第 192 行.
SQL: SHOW COLUMNS FROM `service_userinfo` [ RunTime:0.011001s ]
NOTIC: [2] mt_rand(): max(0) is smaller than min(1) F:\WWW\weixin_community\ThinkPHP\Lib\Core\Db.class.php 第 192 行.
SQL: SELECT `user_integral` FROM `service_userinfo` WHERE ( `openid` = 'oXgRcuKECWvDLQo9M-7_TaBkdfDY' ) AND ( `del_flag` = 0 ) LIMIT 1   [ RunTime:0.011001s ]
NOTIC: [2] mt_rand(): max(0) is smaller than min(1) F:\WWW\weixin_community\ThinkPHP\Lib\Core\Db.class.php 第 192 行.
SQL: SHOW COLUMNS FROM `device_group` [ RunTime:0.011000s ]
NOTIC: [2] mt_rand(): max(0) is smaller than min(1) F:\WWW\weixin_community\ThinkPHP\Lib\Core\Db.class.php 第 192 行.
SQL: SELECT * FROM `device_group` WHERE ( `device_command` = '352425020961549' ) AND ( `del_flag` = 0 ) AND ( `status` = 1 ) LIMIT 1   [ RunTime:0.010001s ]
NOTIC: [2] mt_rand(): max(0) is smaller than min(1) F:\WWW\weixin_community\ThinkPHP\Lib\Core\Db.class.php 第 192 行.
SQL: SELECT COUNT(*) AS tp_count FROM `service_userinfo` LIMIT 1   [ RunTime:0.011001s ]
NOTIC: [2] mt_rand(): max(0) is smaller than min(1) F:\WWW\weixin_community\ThinkPHP\Lib\Core\Db.class.php 第 192 行.
SQL: SELECT count(1) as count,wu.openid,wu.headimgurl,wu.nickname,wu.city FROM `service_pay_info` spi join service_userinfo wu on wu.openid=spi.from_username where spi.type=0 and spi.status=1
 and spi.del_flag=0 and spi.device_code='352425020961549' and spi.is_archive=0 GROUP BY wu.openid ORDER BY count desc limit 5 [ RunTime:0.311017s ]
NOTIC: [2] mt_rand(): max(0) is smaller than min(1) F:\WWW\weixin_community\ThinkPHP\Lib\Core\Db.class.php 第 192 行.
SQL: SELECT `nickname`,`headimgurl`,`city` FROM `service_userinfo` WHERE ( `openid` = 'oXgRcuKECWvDLQo9M-7_TaBkdfDY' ) LIMIT 1   [ RunTime:0.010001s ]
NOTIC: [2] mt_rand(): max(0) is smaller than min(1) F:\WWW\weixin_community\ThinkPHP\Lib\Core\Db.class.php 第 192 行.
SQL: SELECT count(1) as count from(
SELECT count(1) as count FROM `service_pay_info` spi join
service_userinfo wu on wu.openid=spi.from_username where spi.type=0 and spi.status=1
 and spi.del_flag=0 and spi.device_code='352425020961549' and spi.is_archive=0 and spi.sys_time>CURDATE() GROUP
BY wu.openid ORDER BY count desc) testnew  where testnew.count>(SELECT count(1) as c FROM `service_pay_info` where from_username='oXgRcuKECWvDLQo9M-7_TaBkdfDY' and
device_code='352425020961549' and type=0 and status=1 and del_flag=0 and is_archive=0 and sys_time>CURDATE()) [ RunTime:0.010000s ]
NOTIC: [2] mt_rand(): max(0) is smaller than min(1) F:\WWW\weixin_community\ThinkPHP\Lib\Core\Db.class.php 第 192 行.
SQL: 
SELECT count(1) as count,wu.openid,wu.headimgurl,wu.nickname,wu.city FROM `service_pay_info` spi join service_userinfo wu on wu.openid=spi.from_username where spi.type=0 and spi.status=1
 and spi.del_flag=0 and spi.device_code='352425020961549' and spi.is_archive=0  and spi.sys_time>CURDATE() GROUP BY wu.openid ORDER BY count desc [ RunTime:0.013001s ]
NOTIC: [8] Undefined index: type F:\WWW\weixin_community\APP\Modules\Home\Action\IndexAction.class.php 第 105 行.
NOTIC: [8] Undefined index: group_id F:\WWW\weixin_community\APP\Modules\Home\Action\IndexAction.class.php 第 106 行.
INFO: [ view_parse ] --START--
NOTIC: [8] Undefined variable: headimgurl F:\WWW\weixin_community\APP\Runtime\Cache\Home\b71efac2c45dfbbb12a5b9b57341de1f.php 第 25 行.
NOTIC: [8] Undefined variable: nickname F:\WWW\weixin_community\APP\Runtime\Cache\Home\b71efac2c45dfbbb12a5b9b57341de1f.php 第 26 行.
NOTIC: [2] Missing argument 3 for str_substr(), called in F:\WWW\weixin_community\APP\Runtime\Cache\Home\b71efac2c45dfbbb12a5b9b57341de1f.php on line 99 and defined F:\WWW\weixin_community\APP\Common\common.php 第 756 行.
NOTIC: [2] Missing argument 3 for str_substr(), called in F:\WWW\weixin_community\APP\Runtime\Cache\Home\b71efac2c45dfbbb12a5b9b57341de1f.php on line 99 and defined F:\WWW\weixin_community\APP\Common\common.php 第 756 行.
NOTIC: [8] Undefined variable: string2 F:\WWW\weixin_community\APP\Common\common.php 第 758 行.
NOTIC: [2] Missing argument 3 for str_substr(), called in F:\WWW\weixin_community\APP\Runtime\Cache\Home\b71efac2c45dfbbb12a5b9b57341de1f.php on line 203 and defined F:\WWW\weixin_community\APP\Common\common.php 第 756 行.
NOTIC: [2] Missing argument 3 for str_substr(), called in F:\WWW\weixin_community\APP\Runtime\Cache\Home\b71efac2c45dfbbb12a5b9b57341de1f.php on line 203 and defined F:\WWW\weixin_community\APP\Common\common.php 第 756 行.
NOTIC: [8] Undefined variable: string2 F:\WWW\weixin_community\APP\Common\common.php 第 758 行.
NOTIC: [2] Missing argument 3 for str_substr(), called in F:\WWW\weixin_community\APP\Runtime\Cache\Home\b71efac2c45dfbbb12a5b9b57341de1f.php on line 203 and defined F:\WWW\weixin_community\APP\Common\common.php 第 756 行.
NOTIC: [2] Missing argument 3 for str_substr(), called in F:\WWW\weixin_community\APP\Runtime\Cache\Home\b71efac2c45dfbbb12a5b9b57341de1f.php on line 203 and defined F:\WWW\weixin_community\APP\Common\common.php 第 756 行.
NOTIC: [2] Missing argument 3 for str_substr(), called in F:\WWW\weixin_community\APP\Runtime\Cache\Home\b71efac2c45dfbbb12a5b9b57341de1f.php on line 227 and defined F:\WWW\weixin_community\APP\Common\common.php 第 756 行.
INFO: ParseTemplate Behavior ::run [ RunTime:0.046003s ]
INFO: [ view_parse ] --END-- [ RunTime:0.046003s ]
INFO: [ view_filter ] --START--
INFO: ContentReplace Behavior ::run [ RunTime:0.002000s ]
INFO: TokenBuild Behavior ::run [ RunTime:0.002000s ]
INFO: WriteHtmlCache Behavior ::run [ RunTime:0.002000s ]
INFO: ShowRuntime Behavior ::run [ RunTime:0.001000s ]
INFO: [ view_filter ] --END-- [ RunTime:0.007000s ]
INFO: [ view_end ] --START--
INFO: ShowPageTrace Behavior ::run [ RunTime:0.003000s ]
INFO: [ view_end ] --END-- [ RunTime:0.003000s ]

[ 2016-07-07T19:18:48+08:00 ] 0.0.0.0 /weixin_community/
INFO: [ app_begin ] --START--
INFO: ReadHtmlCache Behavior ::run [ RunTime:0.003001s ]
INFO: [ app_begin ] --END-- [ RunTime:0.003001s ]
NOTIC: [8] A session had already been started - ignoring session_start() F:\WWW\weixin_community\APP\Modules\Home\Action\IndexAction.class.php 第 2 行.
NOTIC: [8] curl_setopt(): CURLOPT_SSL_VERIFYHOST no longer accepts the value 1, value 2 will be used instead F:\WWW\weixin_community\ThinkPHP\Extend\Vendor\weixin\jssdk.php 第 99 行.
NOTIC: [8] Trying to get property of non-object F:\WWW\weixin_community\ThinkPHP\Extend\Vendor\weixin\jssdk.php 第 78 行.
NOTIC: [8] curl_setopt(): CURLOPT_SSL_VERIFYHOST no longer accepts the value 1, value 2 will be used instead F:\WWW\weixin_community\ThinkPHP\Extend\Vendor\weixin\jssdk.php 第 99 行.
NOTIC: [8] Trying to get property of non-object F:\WWW\weixin_community\ThinkPHP\Extend\Vendor\weixin\jssdk.php 第 55 行.
NOTIC: [8] Undefined index: community_device_command F:\WWW\weixin_community\APP\Modules\Home\Action\IndexAction.class.php 第 41 行.
NOTIC: [2] mt_rand(): max(0) is smaller than min(1) F:\WWW\weixin_community\ThinkPHP\Lib\Core\Db.class.php 第 192 行.
SQL: SHOW COLUMNS FROM `weixin_pay_config` [ RunTime:0.012000s ]
NOTIC: [2] mt_rand(): max(0) is smaller than min(1) F:\WWW\weixin_community\ThinkPHP\Lib\Core\Db.class.php 第 192 行.
SQL: SELECT * FROM `weixin_pay_config` join ter_device td on td.payconfig_id=weixin_pay_config.id WHERE ( td.device_command = '352425020961549' ) AND ( td.status = 1 ) AND ( td.del_flag = 0 ) AND ( weixin_pay_config.pay_type = 1 ) AND ( weixin_pay_config.status = 1 ) AND ( weixin_pay_config.del_flag = 0 ) LIMIT 1   [ RunTime:0.315018s ]
NOTIC: [2] mt_rand(): max(0) is smaller than min(1) F:\WWW\weixin_community\ThinkPHP\Lib\Core\Db.class.php 第 192 行.
SQL: SHOW COLUMNS FROM `service_pay_info` [ RunTime:0.011001s ]
NOTIC: [2] mt_rand(): max(0) is smaller than min(1) F:\WWW\weixin_community\ThinkPHP\Lib\Core\Db.class.php 第 192 行.
SQL: SELECT SUM(ticket) AS tp_sum FROM `service_pay_info` WHERE ( `status` = 1 ) AND ( `app_id` = '1341024101' ) AND ( `from_username` = 'oXgRcuKECWvDLQo9M-7_TaBkdfDY' ) LIMIT 1   [ RunTime:0.010001s ]
NOTIC: [2] mt_rand(): max(0) is smaller than min(1) F:\WWW\weixin_community\ThinkPHP\Lib\Core\Db.class.php 第 192 行.
SQL: SHOW COLUMNS FROM `service_userinfo` [ RunTime:0.012000s ]
NOTIC: [2] mt_rand(): max(0) is smaller than min(1) F:\WWW\weixin_community\ThinkPHP\Lib\Core\Db.class.php 第 192 行.
SQL: SELECT `user_integral` FROM `service_userinfo` WHERE ( `openid` = 'oXgRcuKECWvDLQo9M-7_TaBkdfDY' ) AND ( `del_flag` = 0 ) LIMIT 1   [ RunTime:0.010000s ]
NOTIC: [2] mt_rand(): max(0) is smaller than min(1) F:\WWW\weixin_community\ThinkPHP\Lib\Core\Db.class.php 第 192 行.
SQL: SHOW COLUMNS FROM `device_group` [ RunTime:0.012001s ]
NOTIC: [2] mt_rand(): max(0) is smaller than min(1) F:\WWW\weixin_community\ThinkPHP\Lib\Core\Db.class.php 第 192 行.
SQL: SELECT * FROM `device_group` WHERE ( `device_command` = '352425020961549' ) AND ( `del_flag` = 0 ) AND ( `status` = 1 ) LIMIT 1   [ RunTime:0.011000s ]
NOTIC: [2] mt_rand(): max(0) is smaller than min(1) F:\WWW\weixin_community\ThinkPHP\Lib\Core\Db.class.php 第 192 行.
SQL: SELECT COUNT(*) AS tp_count FROM `service_userinfo` LIMIT 1   [ RunTime:0.012001s ]
NOTIC: [2] mt_rand(): max(0) is smaller than min(1) F:\WWW\weixin_community\ThinkPHP\Lib\Core\Db.class.php 第 192 行.
SQL: SELECT count(1) as count,wu.openid,wu.headimgurl,wu.nickname,wu.city FROM `service_pay_info` spi join service_userinfo wu on wu.openid=spi.from_username where spi.type=0 and spi.status=1
 and spi.del_flag=0 and spi.device_code='352425020961549' and spi.is_archive=0 GROUP BY wu.openid ORDER BY count desc limit 5 [ RunTime:0.013001s ]
NOTIC: [2] mt_rand(): max(0) is smaller than min(1) F:\WWW\weixin_community\ThinkPHP\Lib\Core\Db.class.php 第 192 行.
SQL: SELECT `nickname`,`headimgurl`,`city` FROM `service_userinfo` WHERE ( `openid` = 'oXgRcuKECWvDLQo9M-7_TaBkdfDY' ) LIMIT 1   [ RunTime:0.009000s ]
NOTIC: [2] mt_rand(): max(0) is smaller than min(1) F:\WWW\weixin_community\ThinkPHP\Lib\Core\Db.class.php 第 192 行.
SQL: SELECT count(1) as count from(
SELECT count(1) as count FROM `service_pay_info` spi join
service_userinfo wu on wu.openid=spi.from_username where spi.type=0 and spi.status=1
 and spi.del_flag=0 and spi.device_code='352425020961549' and spi.is_archive=0 and spi.sys_time>CURDATE() GROUP
BY wu.openid ORDER BY count desc) testnew  where testnew.count>(SELECT count(1) as c FROM `service_pay_info` where from_username='oXgRcuKECWvDLQo9M-7_TaBkdfDY' and
device_code='352425020961549' and type=0 and status=1 and del_flag=0 and is_archive=0 and sys_time>CURDATE()) [ RunTime:0.013001s ]
NOTIC: [2] mt_rand(): max(0) is smaller than min(1) F:\WWW\weixin_community\ThinkPHP\Lib\Core\Db.class.php 第 192 行.
SQL: 
SELECT count(1) as count,wu.openid,wu.headimgurl,wu.nickname,wu.city FROM `service_pay_info` spi join service_userinfo wu on wu.openid=spi.from_username where spi.type=0 and spi.status=1
 and spi.del_flag=0 and spi.device_code='352425020961549' and spi.is_archive=0  and spi.sys_time>CURDATE() GROUP BY wu.openid ORDER BY count desc [ RunTime:0.010000s ]
NOTIC: [8] Undefined index: type F:\WWW\weixin_community\APP\Modules\Home\Action\IndexAction.class.php 第 105 行.
NOTIC: [8] Undefined index: group_id F:\WWW\weixin_community\APP\Modules\Home\Action\IndexAction.class.php 第 106 行.
INFO: [ view_parse ] --START--
NOTIC: [8] Undefined variable: headimgurl F:\WWW\weixin_community\APP\Runtime\Cache\Home\b71efac2c45dfbbb12a5b9b57341de1f.php 第 25 行.
NOTIC: [8] Undefined variable: nickname F:\WWW\weixin_community\APP\Runtime\Cache\Home\b71efac2c45dfbbb12a5b9b57341de1f.php 第 26 行.
NOTIC: [2] Missing argument 3 for str_substr(), called in F:\WWW\weixin_community\APP\Runtime\Cache\Home\b71efac2c45dfbbb12a5b9b57341de1f.php on line 99 and defined F:\WWW\weixin_community\APP\Common\common.php 第 756 行.
NOTIC: [2] Missing argument 3 for str_substr(), called in F:\WWW\weixin_community\APP\Runtime\Cache\Home\b71efac2c45dfbbb12a5b9b57341de1f.php on line 99 and defined F:\WWW\weixin_community\APP\Common\common.php 第 756 行.
NOTIC: [8] Undefined variable: string2 F:\WWW\weixin_community\APP\Common\common.php 第 758 行.
NOTIC: [2] Missing argument 3 for str_substr(), called in F:\WWW\weixin_community\APP\Runtime\Cache\Home\b71efac2c45dfbbb12a5b9b57341de1f.php on line 203 and defined F:\WWW\weixin_community\APP\Common\common.php 第 756 行.
NOTIC: [2] Missing argument 3 for str_substr(), called in F:\WWW\weixin_community\APP\Runtime\Cache\Home\b71efac2c45dfbbb12a5b9b57341de1f.php on line 203 and defined F:\WWW\weixin_community\APP\Common\common.php 第 756 行.
NOTIC: [8] Undefined variable: string2 F:\WWW\weixin_community\APP\Common\common.php 第 758 行.
NOTIC: [2] Missing argument 3 for str_substr(), called in F:\WWW\weixin_community\APP\Runtime\Cache\Home\b71efac2c45dfbbb12a5b9b57341de1f.php on line 203 and defined F:\WWW\weixin_community\APP\Common\common.php 第 756 行.
NOTIC: [2] Missing argument 3 for str_substr(), called in F:\WWW\weixin_community\APP\Runtime\Cache\Home\b71efac2c45dfbbb12a5b9b57341de1f.php on line 203 and defined F:\WWW\weixin_community\APP\Common\common.php 第 756 行.
NOTIC: [2] Missing argument 3 for str_substr(), called in F:\WWW\weixin_community\APP\Runtime\Cache\Home\b71efac2c45dfbbb12a5b9b57341de1f.php on line 227 and defined F:\WWW\weixin_community\APP\Common\common.php 第 756 行.
INFO: ParseTemplate Behavior ::run [ RunTime:0.027002s ]
INFO: [ view_parse ] --END-- [ RunTime:0.027002s ]
INFO: [ view_filter ] --START--
INFO: ContentReplace Behavior ::run [ RunTime:0.001000s ]
INFO: TokenBuild Behavior ::run [ RunTime:0.002000s ]
INFO: WriteHtmlCache Behavior ::run [ RunTime:0.002000s ]
INFO: ShowRuntime Behavior ::run [ RunTime:0.002000s ]
INFO: [ view_filter ] --END-- [ RunTime:0.007000s ]
INFO: [ view_end ] --START--
INFO: ShowPageTrace Behavior ::run [ RunTime:0.002000s ]
INFO: [ view_end ] --END-- [ RunTime:0.002000s ]

