[ 2016-08-13T10:07:55+08:00 ] 171.113.79.249 /weixin_community/index.php?m=Index&a=index
INFO: [ app_begin ] --START--
INFO: ReadHtmlCache Behavior ::run [ RunTime:0.000375s ]
INFO: [ app_begin ] --END-- [ RunTime:0.000438s ]
NOTIC: [8] A session had already been started - ignoring session_start() /home/wwwroot/v.sniperchw.com/weixin_community/APP/Modules/Home/Action/IndexAction.class.php 第 2 行.
NOTIC: [8] Undefined index: group_id /home/wwwroot/v.sniperchw.com/weixin_community/APP/Modules/Home/Action/BaseAction.class.php 第 39 行.
NOTIC: [8] Undefined index: device_command /home/wwwroot/v.sniperchw.com/weixin_community/APP/Modules/Home/Action/BaseAction.class.php 第 40 行.
NOTIC: [8] curl_setopt(): CURLOPT_SSL_VERIFYHOST no longer accepts the value 1, value 2 will be used instead /home/wwwroot/v.sniperchw.com/weixin_community/ThinkPHP/Extend/Vendor/weixin/jssdk.php 第 99 行.
NOTIC: [8] curl_setopt(): CURLOPT_SSL_VERIFYHOST no longer accepts the value 1, value 2 will be used instead /home/wwwroot/v.sniperchw.com/weixin_community/ThinkPHP/Extend/Vendor/weixin/jssdk.php 第 99 行.
NOTIC: [8] Undefined index: sc_small /home/wwwroot/v.sniperchw.com/weixin_community/APP/Modules/Home/Action/IndexAction.class.php 第 14 行.
NOTIC: [8] Undefined index: group_id /home/wwwroot/v.sniperchw.com/weixin_community/APP/Modules/Home/Action/BaseAction.class.php 第 39 行.
NOTIC: [8] Undefined index: device_command /home/wwwroot/v.sniperchw.com/weixin_community/APP/Modules/Home/Action/BaseAction.class.php 第 40 行.

[ 2016-08-13T10:07:56+08:00 ] 42.156.251.198 /weixin_community/index.php
INFO: [ app_begin ] --START--
INFO: ReadHtmlCache Behavior ::run [ RunTime:0.000359s ]
INFO: [ app_begin ] --END-- [ RunTime:0.000432s ]
NOTIC: [8] A session had already been started - ignoring session_start() /home/wwwroot/v.sniperchw.com/weixin_community/APP/Modules/Home/Action/IndexAction.class.php 第 2 行.
NOTIC: [8] Undefined index: group_id /home/wwwroot/v.sniperchw.com/weixin_community/APP/Modules/Home/Action/BaseAction.class.php 第 39 行.
NOTIC: [8] Undefined index: device_command /home/wwwroot/v.sniperchw.com/weixin_community/APP/Modules/Home/Action/BaseAction.class.php 第 40 行.
NOTIC: [8] Undefined index: sc_small /home/wwwroot/v.sniperchw.com/weixin_community/APP/Modules/Home/Action/IndexAction.class.php 第 14 行.
NOTIC: [8] Undefined index: group_id /home/wwwroot/v.sniperchw.com/weixin_community/APP/Modules/Home/Action/BaseAction.class.php 第 39 行.
NOTIC: [8] Undefined index: device_command /home/wwwroot/v.sniperchw.com/weixin_community/APP/Modules/Home/Action/BaseAction.class.php 第 40 行.

[ 2016-08-13T10:07:56+08:00 ] 42.156.251.196 /weixin_community/index.php?m=Index&a=index
INFO: [ app_begin ] --START--
INFO: ReadHtmlCache Behavior ::run [ RunTime:0.000361s ]
INFO: [ app_begin ] --END-- [ RunTime:0.000409s ]
NOTIC: [8] A session had already been started - ignoring session_start() /home/wwwroot/v.sniperchw.com/weixin_community/APP/Modules/Home/Action/IndexAction.class.php 第 2 行.
NOTIC: [8] Undefined index: group_id /home/wwwroot/v.sniperchw.com/weixin_community/APP/Modules/Home/Action/BaseAction.class.php 第 39 行.
NOTIC: [8] Undefined index: device_command /home/wwwroot/v.sniperchw.com/weixin_community/APP/Modules/Home/Action/BaseAction.class.php 第 40 行.
NOTIC: [8] Undefined index: sc_small /home/wwwroot/v.sniperchw.com/weixin_community/APP/Modules/Home/Action/IndexAction.class.php 第 14 行.
NOTIC: [8] Undefined index: group_id /home/wwwroot/v.sniperchw.com/weixin_community/APP/Modules/Home/Action/BaseAction.class.php 第 39 行.
NOTIC: [8] Undefined index: device_command /home/wwwroot/v.sniperchw.com/weixin_community/APP/Modules/Home/Action/BaseAction.class.php 第 40 行.

[ 2016-08-13T10:09:01+08:00 ] 121.42.0.54 /weixin_community/index.php?m=Index&a=index
INFO: [ app_begin ] --START--
INFO: ReadHtmlCache Behavior ::run [ RunTime:0.000372s ]
INFO: [ app_begin ] --END-- [ RunTime:0.000444s ]
NOTIC: [8] A session had already been started - ignoring session_start() /home/wwwroot/v.sniperchw.com/weixin_community/APP/Modules/Home/Action/IndexAction.class.php 第 2 行.
NOTIC: [8] Undefined index: group_id /home/wwwroot/v.sniperchw.com/weixin_community/APP/Modules/Home/Action/BaseAction.class.php 第 39 行.
NOTIC: [8] Undefined index: device_command /home/wwwroot/v.sniperchw.com/weixin_community/APP/Modules/Home/Action/BaseAction.class.php 第 40 行.
NOTIC: [8] Undefined index: sc_small /home/wwwroot/v.sniperchw.com/weixin_community/APP/Modules/Home/Action/IndexAction.class.php 第 14 行.
NOTIC: [8] Undefined index: group_id /home/wwwroot/v.sniperchw.com/weixin_community/APP/Modules/Home/Action/BaseAction.class.php 第 39 行.
NOTIC: [8] Undefined index: device_command /home/wwwroot/v.sniperchw.com/weixin_community/APP/Modules/Home/Action/BaseAction.class.php 第 40 行.

[ 2016-08-13T11:01:57+08:00 ] 121.42.0.58 /weixin_community/index.php
INFO: [ app_begin ] --START--
INFO: ReadHtmlCache Behavior ::run [ RunTime:0.000390s ]
INFO: [ app_begin ] --END-- [ RunTime:0.000460s ]
NOTIC: [8] A session had already been started - ignoring session_start() /home/wwwroot/v.sniperchw.com/weixin_community/APP/Modules/Home/Action/IndexAction.class.php 第 2 行.
NOTIC: [8] Undefined index: group_id /home/wwwroot/v.sniperchw.com/weixin_community/APP/Modules/Home/Action/BaseAction.class.php 第 39 行.
NOTIC: [8] Undefined index: device_command /home/wwwroot/v.sniperchw.com/weixin_community/APP/Modules/Home/Action/BaseAction.class.php 第 40 行.
NOTIC: [8] Undefined index: sc_small /home/wwwroot/v.sniperchw.com/weixin_community/APP/Modules/Home/Action/IndexAction.class.php 第 14 行.
NOTIC: [8] Undefined index: group_id /home/wwwroot/v.sniperchw.com/weixin_community/APP/Modules/Home/Action/BaseAction.class.php 第 39 行.
NOTIC: [8] Undefined index: device_command /home/wwwroot/v.sniperchw.com/weixin_community/APP/Modules/Home/Action/BaseAction.class.php 第 40 行.

[ 2016-08-13T19:02:34+08:00 ] 60.1.151.22 /weixin_community/index.php?m=Index&a=index
INFO: [ app_begin ] --START--
INFO: ReadHtmlCache Behavior ::run [ RunTime:0.000363s ]
INFO: [ app_begin ] --END-- [ RunTime:0.000423s ]
NOTIC: [8] A session had already been started - ignoring session_start() /home/wwwroot/v.sniperchw.com/weixin_community/APP/Modules/Home/Action/IndexAction.class.php 第 2 行.
NOTIC: [8] Undefined index: group_id /home/wwwroot/v.sniperchw.com/weixin_community/APP/Modules/Home/Action/BaseAction.class.php 第 39 行.
NOTIC: [8] Undefined index: device_command /home/wwwroot/v.sniperchw.com/weixin_community/APP/Modules/Home/Action/BaseAction.class.php 第 40 行.
NOTIC: [8] curl_setopt(): CURLOPT_SSL_VERIFYHOST no longer accepts the value 1, value 2 will be used instead /home/wwwroot/v.sniperchw.com/weixin_community/ThinkPHP/Extend/Vendor/weixin/jssdk.php 第 99 行.
NOTIC: [8] curl_setopt(): CURLOPT_SSL_VERIFYHOST no longer accepts the value 1, value 2 will be used instead /home/wwwroot/v.sniperchw.com/weixin_community/ThinkPHP/Extend/Vendor/weixin/jssdk.php 第 99 行.
NOTIC: [8] Undefined index: sc_small /home/wwwroot/v.sniperchw.com/weixin_community/APP/Modules/Home/Action/IndexAction.class.php 第 14 行.
NOTIC: [8] Undefined index: group_id /home/wwwroot/v.sniperchw.com/weixin_community/APP/Modules/Home/Action/BaseAction.class.php 第 39 行.
NOTIC: [8] Undefined index: device_command /home/wwwroot/v.sniperchw.com/weixin_community/APP/Modules/Home/Action/BaseAction.class.php 第 40 行.

[ 2016-08-13T19:02:47+08:00 ] 221.232.233.225 /weixin_community/index.php?m=Index&a=index
INFO: [ app_begin ] --START--
INFO: ReadHtmlCache Behavior ::run [ RunTime:0.000386s ]
INFO: [ app_begin ] --END-- [ RunTime:0.000454s ]
NOTIC: [8] A session had already been started - ignoring session_start() /home/wwwroot/v.sniperchw.com/weixin_community/APP/Modules/Home/Action/IndexAction.class.php 第 2 行.
NOTIC: [8] Undefined index: group_id /home/wwwroot/v.sniperchw.com/weixin_community/APP/Modules/Home/Action/BaseAction.class.php 第 39 行.
NOTIC: [8] Undefined index: device_command /home/wwwroot/v.sniperchw.com/weixin_community/APP/Modules/Home/Action/BaseAction.class.php 第 40 行.
NOTIC: [8] Undefined index: sc_small /home/wwwroot/v.sniperchw.com/weixin_community/APP/Modules/Home/Action/IndexAction.class.php 第 14 行.
NOTIC: [8] Undefined index: group_id /home/wwwroot/v.sniperchw.com/weixin_community/APP/Modules/Home/Action/BaseAction.class.php 第 39 行.
NOTIC: [8] Undefined index: device_command /home/wwwroot/v.sniperchw.com/weixin_community/APP/Modules/Home/Action/BaseAction.class.php 第 40 行.

[ 2016-08-13T19:02:56+08:00 ] 59.173.193.84 /weixin_community/index.php?m=Index&a=index
INFO: [ app_begin ] --START--
INFO: ReadHtmlCache Behavior ::run [ RunTime:0.000360s ]
INFO: [ app_begin ] --END-- [ RunTime:0.000419s ]
NOTIC: [8] A session had already been started - ignoring session_start() /home/wwwroot/v.sniperchw.com/weixin_community/APP/Modules/Home/Action/IndexAction.class.php 第 2 行.
NOTIC: [8] Undefined index: group_id /home/wwwroot/v.sniperchw.com/weixin_community/APP/Modules/Home/Action/BaseAction.class.php 第 39 行.
NOTIC: [8] Undefined index: device_command /home/wwwroot/v.sniperchw.com/weixin_community/APP/Modules/Home/Action/BaseAction.class.php 第 40 行.
NOTIC: [8] Undefined index: sc_small /home/wwwroot/v.sniperchw.com/weixin_community/APP/Modules/Home/Action/IndexAction.class.php 第 14 行.
NOTIC: [8] Undefined index: group_id /home/wwwroot/v.sniperchw.com/weixin_community/APP/Modules/Home/Action/BaseAction.class.php 第 39 行.
NOTIC: [8] Undefined index: device_command /home/wwwroot/v.sniperchw.com/weixin_community/APP/Modules/Home/Action/BaseAction.class.php 第 40 行.

[ 2016-08-13T19:50:13+08:00 ] 121.42.0.56 /weixin_community/index.php
INFO: [ app_begin ] --START--
INFO: ReadHtmlCache Behavior ::run [ RunTime:0.000378s ]
INFO: [ app_begin ] --END-- [ RunTime:0.000439s ]
NOTIC: [8] A session had already been started - ignoring session_start() /home/wwwroot/v.sniperchw.com/weixin_community/APP/Modules/Home/Action/IndexAction.class.php 第 2 行.
NOTIC: [8] Undefined index: group_id /home/wwwroot/v.sniperchw.com/weixin_community/APP/Modules/Home/Action/BaseAction.class.php 第 39 行.
NOTIC: [8] Undefined index: device_command /home/wwwroot/v.sniperchw.com/weixin_community/APP/Modules/Home/Action/BaseAction.class.php 第 40 行.
NOTIC: [8] Undefined index: sc_small /home/wwwroot/v.sniperchw.com/weixin_community/APP/Modules/Home/Action/IndexAction.class.php 第 14 行.
NOTIC: [8] Undefined index: group_id /home/wwwroot/v.sniperchw.com/weixin_community/APP/Modules/Home/Action/BaseAction.class.php 第 39 行.
NOTIC: [8] Undefined index: device_command /home/wwwroot/v.sniperchw.com/weixin_community/APP/Modules/Home/Action/BaseAction.class.php 第 40 行.

[ 2016-08-13T21:09:46+08:00 ] 121.42.0.57 /weixin_community/index.php?m=Index&a=index
INFO: [ app_begin ] --START--
INFO: ReadHtmlCache Behavior ::run [ RunTime:0.000360s ]
INFO: [ app_begin ] --END-- [ RunTime:0.000427s ]
NOTIC: [8] A session had already been started - ignoring session_start() /home/wwwroot/v.sniperchw.com/weixin_community/APP/Modules/Home/Action/IndexAction.class.php 第 2 行.
NOTIC: [8] Undefined index: group_id /home/wwwroot/v.sniperchw.com/weixin_community/APP/Modules/Home/Action/BaseAction.class.php 第 39 行.
NOTIC: [8] Undefined index: device_command /home/wwwroot/v.sniperchw.com/weixin_community/APP/Modules/Home/Action/BaseAction.class.php 第 40 行.
NOTIC: [8] curl_setopt(): CURLOPT_SSL_VERIFYHOST no longer accepts the value 1, value 2 will be used instead /home/wwwroot/v.sniperchw.com/weixin_community/ThinkPHP/Extend/Vendor/weixin/jssdk.php 第 99 行.
NOTIC: [8] curl_setopt(): CURLOPT_SSL_VERIFYHOST no longer accepts the value 1, value 2 will be used instead /home/wwwroot/v.sniperchw.com/weixin_community/ThinkPHP/Extend/Vendor/weixin/jssdk.php 第 99 行.
NOTIC: [8] Undefined index: sc_small /home/wwwroot/v.sniperchw.com/weixin_community/APP/Modules/Home/Action/IndexAction.class.php 第 14 行.
NOTIC: [8] Undefined index: group_id /home/wwwroot/v.sniperchw.com/weixin_community/APP/Modules/Home/Action/BaseAction.class.php 第 39 行.
NOTIC: [8] Undefined index: device_command /home/wwwroot/v.sniperchw.com/weixin_community/APP/Modules/Home/Action/BaseAction.class.php 第 40 行.

[ 2016-08-13T21:39:57+08:00 ] 121.42.0.73 /weixin_community/index.php?m=Index&a=index
INFO: [ app_begin ] --START--
INFO: ReadHtmlCache Behavior ::run [ RunTime:0.000359s ]
INFO: [ app_begin ] --END-- [ RunTime:0.000420s ]
NOTIC: [8] A session had already been started - ignoring session_start() /home/wwwroot/v.sniperchw.com/weixin_community/APP/Modules/Home/Action/IndexAction.class.php 第 2 行.
NOTIC: [8] Undefined index: group_id /home/wwwroot/v.sniperchw.com/weixin_community/APP/Modules/Home/Action/BaseAction.class.php 第 39 行.
NOTIC: [8] Undefined index: device_command /home/wwwroot/v.sniperchw.com/weixin_community/APP/Modules/Home/Action/BaseAction.class.php 第 40 行.
NOTIC: [8] Undefined index: sc_small /home/wwwroot/v.sniperchw.com/weixin_community/APP/Modules/Home/Action/IndexAction.class.php 第 14 行.
NOTIC: [8] Undefined index: group_id /home/wwwroot/v.sniperchw.com/weixin_community/APP/Modules/Home/Action/BaseAction.class.php 第 39 行.
NOTIC: [8] Undefined index: device_command /home/wwwroot/v.sniperchw.com/weixin_community/APP/Modules/Home/Action/BaseAction.class.php 第 40 行.

[ 2016-08-13T22:07:57+08:00 ] 121.42.0.66 /weixin_community/index.php?m=Index&a=index
INFO: [ app_begin ] --START--
INFO: ReadHtmlCache Behavior ::run [ RunTime:0.000362s ]
INFO: [ app_begin ] --END-- [ RunTime:0.000424s ]
NOTIC: [8] A session had already been started - ignoring session_start() /home/wwwroot/v.sniperchw.com/weixin_community/APP/Modules/Home/Action/IndexAction.class.php 第 2 行.
NOTIC: [8] Undefined index: group_id /home/wwwroot/v.sniperchw.com/weixin_community/APP/Modules/Home/Action/BaseAction.class.php 第 39 行.
NOTIC: [8] Undefined index: device_command /home/wwwroot/v.sniperchw.com/weixin_community/APP/Modules/Home/Action/BaseAction.class.php 第 40 行.
NOTIC: [8] Undefined index: sc_small /home/wwwroot/v.sniperchw.com/weixin_community/APP/Modules/Home/Action/IndexAction.class.php 第 14 行.
NOTIC: [8] Undefined index: group_id /home/wwwroot/v.sniperchw.com/weixin_community/APP/Modules/Home/Action/BaseAction.class.php 第 39 行.
NOTIC: [8] Undefined index: device_command /home/wwwroot/v.sniperchw.com/weixin_community/APP/Modules/Home/Action/BaseAction.class.php 第 40 行.

