[ 2016-09-20T22:59:23+08:00 ] 183.37.20.253 /weixin_community/index.php?m=Index&a=index&code=041SV5mC0rV2aa243nlC0Qr4mC0SV5m2&state=STATE
INFO: [ app_begin ] --START--
INFO: ReadHtmlCache Behavior ::run [ RunTime:0.000361s ]
INFO: [ app_begin ] --END-- [ RunTime:0.000421s ]
NOTIC: [8] A session had already been started - ignoring session_start() /home/wwwroot/v.sniperchw.com/weixin_community/APP/Modules/Home/Action/IndexAction.class.php 第 2 行.
NOTIC: [8] Undefined index: group_id /home/wwwroot/v.sniperchw.com/weixin_community/APP/Modules/Home/Action/BaseAction.class.php 第 39 行.
NOTIC: [8] Undefined index: device_command /home/wwwroot/v.sniperchw.com/weixin_community/APP/Modules/Home/Action/BaseAction.class.php 第 40 行.
NOTIC: [8] curl_setopt(): CURLOPT_SSL_VERIFYHOST no longer accepts the value 1, value 2 will be used instead /home/wwwroot/v.sniperchw.com/weixin_community/ThinkPHP/Extend/Vendor/weixin/jssdk.php 第 99 行.
NOTIC: [8] curl_setopt(): CURLOPT_SSL_VERIFYHOST no longer accepts the value 1, value 2 will be used instead /home/wwwroot/v.sniperchw.com/weixin_community/ThinkPHP/Extend/Vendor/weixin/jssdk.php 第 99 行.
NOTIC: [8] Undefined index: sc_small /home/wwwroot/v.sniperchw.com/weixin_community/APP/Modules/Home/Action/IndexAction.class.php 第 14 行.
NOTIC: [8] Undefined index: group_id /home/wwwroot/v.sniperchw.com/weixin_community/APP/Modules/Home/Action/BaseAction.class.php 第 39 行.
NOTIC: [8] Undefined index: device_command /home/wwwroot/v.sniperchw.com/weixin_community/APP/Modules/Home/Action/BaseAction.class.php 第 40 行.
SQL: SHOW COLUMNS FROM `service_userinfo` [ RunTime:0.030637s ]
SQL: SELECT * FROM `service_userinfo` WHERE ( `openid` = 'oXgRcuOwEePR_eb-iz_qhmD6oirk' ) AND ( `del_flag` = 0 ) LIMIT 1   [ RunTime:0.030249s ]
SQL: SHOW COLUMNS FROM `service_pay_info` [ RunTime:0.030391s ]
SQL: SELECT SUM(ticket) AS tp_sum FROM `service_pay_info` WHERE ( `status` = 1 ) AND ( `app_id` = '1341024101' ) AND ( `from_username` = 'oXgRcuOwEePR_eb-iz_qhmD6oirk' ) LIMIT 1   [ RunTime:0.030131s ]
SQL: SELECT `user_integral` FROM `service_userinfo` WHERE ( `openid` = 'oXgRcuOwEePR_eb-iz_qhmD6oirk' ) AND ( `del_flag` = 0 ) LIMIT 1   [ RunTime:0.030023s ]
SQL: SHOW COLUMNS FROM `device_group` [ RunTime:0.030398s ]
SQL: SELECT * FROM `device_group` WHERE ( `device_command` = '861694034016582' ) AND ( `del_flag` = 0 ) AND ( `status` = 1 ) LIMIT 1   [ RunTime:0.030102s ]
SQL: SELECT COUNT(*) AS tp_count FROM `service_userinfo` LIMIT 1   [ RunTime:0.029967s ]
SQL: SELECT count(1) as count,wu.openid,wu.headimgurl,wu.nickname,wu.city FROM `service_pay_info` spi left join service_userinfo wu on wu.openid=spi.from_username where spi.type=0 and spi.status=1
 and spi.del_flag=0 and wu.openid!='' and spi.device_code='861694034016582' GROUP BY wu.openid ORDER BY count desc limit 5 [ RunTime:0.031368s ]
SQL: SELECT `nickname`,`headimgurl`,`city` FROM `service_userinfo` WHERE ( `openid` = 'oXgRcuOwEePR_eb-iz_qhmD6oirk' ) LIMIT 1   [ RunTime:0.030038s ]
SQL: SELECT count(1) as count,wu.openid,wu.headimgurl,wu.nickname,wu.city FROM `service_pay_info` spi LEFT
join service_userinfo wu on wu.openid=spi.from_username where spi.type=0 and spi.status=1
 and spi.del_flag=0 and wu.openid!='' and spi.device_code='861694034016582' and spi.is_archive=0  and spi.sys_time>CURDATE() GROUP BY wu.openid ORDER BY count desc [ RunTime:0.030297s ]
NOTIC: [2] array_slice() expects parameter 1 to be array, string given /home/wwwroot/v.sniperchw.com/weixin_community/APP/Modules/Home/Action/IndexAction.class.php 第 136 行.
NOTIC: [2] array_slice() expects parameter 1 to be array, string given /home/wwwroot/v.sniperchw.com/weixin_community/APP/Modules/Home/Action/IndexAction.class.php 第 137 行.
INFO: [ view_parse ] --START--
NOTIC: [2] Missing argument 3 for str_substr(), called in /home/wwwroot/v.sniperchw.com/weixin_community/APP/Runtime/Cache/Home/b71efac2c45dfbbb12a5b9b57341de1f.php on line 31 and defined /home/wwwroot/v.sniperchw.com/weixin_community/APP/Common/common.php 第 756 行.
NOTIC: [8] Undefined variable: string2 /home/wwwroot/v.sniperchw.com/weixin_community/APP/Common/common.php 第 758 行.
NOTIC: [2] Missing argument 3 for str_substr(), called in /home/wwwroot/v.sniperchw.com/weixin_community/APP/Runtime/Cache/Home/b71efac2c45dfbbb12a5b9b57341de1f.php on line 188 and defined /home/wwwroot/v.sniperchw.com/weixin_community/APP/Common/common.php 第 756 行.
NOTIC: [2] Missing argument 3 for str_substr(), called in /home/wwwroot/v.sniperchw.com/weixin_community/APP/Runtime/Cache/Home/b71efac2c45dfbbb12a5b9b57341de1f.php on line 188 and defined /home/wwwroot/v.sniperchw.com/weixin_community/APP/Common/common.php 第 756 行.
NOTIC: [2] Missing argument 3 for str_substr(), called in /home/wwwroot/v.sniperchw.com/weixin_community/APP/Runtime/Cache/Home/b71efac2c45dfbbb12a5b9b57341de1f.php on line 188 and defined /home/wwwroot/v.sniperchw.com/weixin_community/APP/Common/common.php 第 756 行.
NOTIC: [2] Missing argument 3 for str_substr(), called in /home/wwwroot/v.sniperchw.com/weixin_community/APP/Runtime/Cache/Home/b71efac2c45dfbbb12a5b9b57341de1f.php on line 188 and defined /home/wwwroot/v.sniperchw.com/weixin_community/APP/Common/common.php 第 756 行.
NOTIC: [2] Missing argument 3 for str_substr(), called in /home/wwwroot/v.sniperchw.com/weixin_community/APP/Runtime/Cache/Home/b71efac2c45dfbbb12a5b9b57341de1f.php on line 188 and defined /home/wwwroot/v.sniperchw.com/weixin_community/APP/Common/common.php 第 756 行.
NOTIC: [2] Missing argument 3 for str_substr(), called in /home/wwwroot/v.sniperchw.com/weixin_community/APP/Runtime/Cache/Home/b71efac2c45dfbbb12a5b9b57341de1f.php on line 213 and defined /home/wwwroot/v.sniperchw.com/weixin_community/APP/Common/common.php 第 756 行.
NOTIC: [2] Missing argument 3 for str_substr(), called in /home/wwwroot/v.sniperchw.com/weixin_community/APP/Runtime/Cache/Home/b71efac2c45dfbbb12a5b9b57341de1f.php on line 213 and defined /home/wwwroot/v.sniperchw.com/weixin_community/APP/Common/common.php 第 756 行.
NOTIC: [2] Missing argument 3 for str_substr(), called in /home/wwwroot/v.sniperchw.com/weixin_community/APP/Runtime/Cache/Home/b71efac2c45dfbbb12a5b9b57341de1f.php on line 213 and defined /home/wwwroot/v.sniperchw.com/weixin_community/APP/Common/common.php 第 756 行.
NOTIC: [8] Undefined index: is_on /home/wwwroot/v.sniperchw.com/weixin_community/APP/Runtime/Cache/Home/b71efac2c45dfbbb12a5b9b57341de1f.php 第 241 行.
NOTIC: [2] Missing argument 3 for str_substr(), called in /home/wwwroot/v.sniperchw.com/weixin_community/APP/Runtime/Cache/Home/b71efac2c45dfbbb12a5b9b57341de1f.php on line 213 and defined /home/wwwroot/v.sniperchw.com/weixin_community/APP/Common/common.php 第 756 行.
NOTIC: [2] Missing argument 3 for str_substr(), called in /home/wwwroot/v.sniperchw.com/weixin_community/APP/Runtime/Cache/Home/b71efac2c45dfbbb12a5b9b57341de1f.php on line 213 and defined /home/wwwroot/v.sniperchw.com/weixin_community/APP/Common/common.php 第 756 行.
NOTIC: [2] Missing argument 3 for str_substr(), called in /home/wwwroot/v.sniperchw.com/weixin_community/APP/Runtime/Cache/Home/b71efac2c45dfbbb12a5b9b57341de1f.php on line 213 and defined /home/wwwroot/v.sniperchw.com/weixin_community/APP/Common/common.php 第 756 行.
NOTIC: [2] Missing argument 3 for str_substr(), called in /home/wwwroot/v.sniperchw.com/weixin_community/APP/Runtime/Cache/Home/b71efac2c45dfbbb12a5b9b57341de1f.php on line 213 and defined /home/wwwroot/v.sniperchw.com/weixin_community/APP/Common/common.php 第 756 行.
NOTIC: [2] Missing argument 3 for str_substr(), called in /home/wwwroot/v.sniperchw.com/weixin_community/APP/Runtime/Cache/Home/b71efac2c45dfbbb12a5b9b57341de1f.php on line 213 and defined /home/wwwroot/v.sniperchw.com/weixin_community/APP/Common/common.php 第 756 行.
NOTIC: [2] Missing argument 3 for str_substr(), called in /home/wwwroot/v.sniperchw.com/weixin_community/APP/Runtime/Cache/Home/b71efac2c45dfbbb12a5b9b57341de1f.php on line 213 and defined /home/wwwroot/v.sniperchw.com/weixin_community/APP/Common/common.php 第 756 行.
NOTIC: [2] Missing argument 3 for str_substr(), called in /home/wwwroot/v.sniperchw.com/weixin_community/APP/Runtime/Cache/Home/b71efac2c45dfbbb12a5b9b57341de1f.php on line 213 and defined /home/wwwroot/v.sniperchw.com/weixin_community/APP/Common/common.php 第 756 行.
NOTIC: [8] Use of undefined constant openid - assumed 'openid' /home/wwwroot/v.sniperchw.com/weixin_community/APP/Runtime/Cache/Home/b71efac2c45dfbbb12a5b9b57341de1f.php 第 273 行.
NOTIC: [8] Use of undefined constant group_id - assumed 'group_id' /home/wwwroot/v.sniperchw.com/weixin_community/APP/Runtime/Cache/Home/b71efac2c45dfbbb12a5b9b57341de1f.php 第 273 行.
NOTIC: [8] Use of undefined constant device_command - assumed 'device_command' /home/wwwroot/v.sniperchw.com/weixin_community/APP/Runtime/Cache/Home/b71efac2c45dfbbb12a5b9b57341de1f.php 第 273 行.
NOTIC: [8] Use of undefined constant mchid - assumed 'mchid' /home/wwwroot/v.sniperchw.com/weixin_community/APP/Runtime/Cache/Home/b71efac2c45dfbbb12a5b9b57341de1f.php 第 273 行.
NOTIC: [8] Use of undefined constant openid - assumed 'openid' /home/wwwroot/v.sniperchw.com/weixin_community/APP/Runtime/Cache/Home/b71efac2c45dfbbb12a5b9b57341de1f.php 第 279 行.
NOTIC: [8] Use of undefined constant group_id - assumed 'group_id' /home/wwwroot/v.sniperchw.com/weixin_community/APP/Runtime/Cache/Home/b71efac2c45dfbbb12a5b9b57341de1f.php 第 279 行.
NOTIC: [8] Use of undefined constant device_command - assumed 'device_command' /home/wwwroot/v.sniperchw.com/weixin_community/APP/Runtime/Cache/Home/b71efac2c45dfbbb12a5b9b57341de1f.php 第 279 行.
NOTIC: [8] Use of undefined constant mchid - assumed 'mchid' /home/wwwroot/v.sniperchw.com/weixin_community/APP/Runtime/Cache/Home/b71efac2c45dfbbb12a5b9b57341de1f.php 第 279 行.
NOTIC: [8] Use of undefined constant openid - assumed 'openid' /home/wwwroot/v.sniperchw.com/weixin_community/APP/Runtime/Cache/Home/b71efac2c45dfbbb12a5b9b57341de1f.php 第 285 行.
NOTIC: [8] Use of undefined constant group_id - assumed 'group_id' /home/wwwroot/v.sniperchw.com/weixin_community/APP/Runtime/Cache/Home/b71efac2c45dfbbb12a5b9b57341de1f.php 第 285 行.
NOTIC: [8] Use of undefined constant device_command - assumed 'device_command' /home/wwwroot/v.sniperchw.com/weixin_community/APP/Runtime/Cache/Home/b71efac2c45dfbbb12a5b9b57341de1f.php 第 285 行.
NOTIC: [8] Use of undefined constant mchid - assumed 'mchid' /home/wwwroot/v.sniperchw.com/weixin_community/APP/Runtime/Cache/Home/b71efac2c45dfbbb12a5b9b57341de1f.php 第 285 行.
INFO: ParseTemplate Behavior ::run [ RunTime:0.021509s ]
INFO: [ view_parse ] --END-- [ RunTime:0.021634s ]
INFO: [ view_filter ] --START--
INFO: ContentReplace Behavior ::run [ RunTime:0.000511s ]
INFO: TokenBuild Behavior ::run [ RunTime:0.000281s ]
INFO: WriteHtmlCache Behavior ::run [ RunTime:0.000203s ]
INFO: ShowRuntime Behavior ::run [ RunTime:0.000331s ]
INFO: [ view_filter ] --END-- [ RunTime:0.001437s ]
INFO: [ view_end ] --START--
INFO: ShowPageTrace Behavior ::run [ RunTime:0.000501s ]
INFO: [ view_end ] --END-- [ RunTime:0.000546s ]

[ 2016-09-20T22:59:57+08:00 ] 183.37.20.253 /weixin_community/index.php?m=Index&a=user_ajax
INFO: [ app_begin ] --START--
INFO: ReadHtmlCache Behavior ::run [ RunTime:0.000382s ]
INFO: [ app_begin ] --END-- [ RunTime:0.000440s ]
NOTIC: [8] A session had already been started - ignoring session_start() /home/wwwroot/v.sniperchw.com/weixin_community/APP/Modules/Home/Action/IndexAction.class.php 第 2 行.
NOTIC: [8] Undefined index: group_id /home/wwwroot/v.sniperchw.com/weixin_community/APP/Modules/Home/Action/BaseAction.class.php 第 39 行.
NOTIC: [8] Undefined index: device_command /home/wwwroot/v.sniperchw.com/weixin_community/APP/Modules/Home/Action/BaseAction.class.php 第 40 行.
INFO: [ view_parse ] --START--
NOTIC: [2] Missing argument 3 for str_substr(), called in /home/wwwroot/v.sniperchw.com/weixin_community/APP/Runtime/Cache/Home/794074385be7cadad7fe12ed683edb48.php on line 2 and defined /home/wwwroot/v.sniperchw.com/weixin_community/APP/Common/common.php 第 756 行.
NOTIC: [8] Use of undefined constant create_by - assumed 'create_by' /home/wwwroot/v.sniperchw.com/weixin_community/APP/Runtime/Cache/Home/794074385be7cadad7fe12ed683edb48.php 第 24 行.
NOTIC: [8] Use of undefined constant id - assumed 'id' /home/wwwroot/v.sniperchw.com/weixin_community/APP/Runtime/Cache/Home/794074385be7cadad7fe12ed683edb48.php 第 24 行.
NOTIC: [8] Undefined index: is_on /home/wwwroot/v.sniperchw.com/weixin_community/APP/Runtime/Cache/Home/794074385be7cadad7fe12ed683edb48.php 第 28 行.
NOTIC: [2] Missing argument 3 for str_substr(), called in /home/wwwroot/v.sniperchw.com/weixin_community/APP/Runtime/Cache/Home/794074385be7cadad7fe12ed683edb48.php on line 2 and defined /home/wwwroot/v.sniperchw.com/weixin_community/APP/Common/common.php 第 756 行.
NOTIC: [8] Use of undefined constant create_by - assumed 'create_by' /home/wwwroot/v.sniperchw.com/weixin_community/APP/Runtime/Cache/Home/794074385be7cadad7fe12ed683edb48.php 第 24 行.
NOTIC: [8] Use of undefined constant id - assumed 'id' /home/wwwroot/v.sniperchw.com/weixin_community/APP/Runtime/Cache/Home/794074385be7cadad7fe12ed683edb48.php 第 24 行.
NOTIC: [8] Use of undefined constant openid - assumed 'openid' /home/wwwroot/v.sniperchw.com/weixin_community/APP/Runtime/Cache/Home/794074385be7cadad7fe12ed683edb48.php 第 30 行.
NOTIC: [8] Use of undefined constant fr_id - assumed 'fr_id' /home/wwwroot/v.sniperchw.com/weixin_community/APP/Runtime/Cache/Home/794074385be7cadad7fe12ed683edb48.php 第 30 行.
NOTIC: [2] Missing argument 3 for str_substr(), called in /home/wwwroot/v.sniperchw.com/weixin_community/APP/Runtime/Cache/Home/794074385be7cadad7fe12ed683edb48.php on line 2 and defined /home/wwwroot/v.sniperchw.com/weixin_community/APP/Common/common.php 第 756 行.
NOTIC: [8] Use of undefined constant create_by - assumed 'create_by' /home/wwwroot/v.sniperchw.com/weixin_community/APP/Runtime/Cache/Home/794074385be7cadad7fe12ed683edb48.php 第 24 行.
NOTIC: [8] Use of undefined constant id - assumed 'id' /home/wwwroot/v.sniperchw.com/weixin_community/APP/Runtime/Cache/Home/794074385be7cadad7fe12ed683edb48.php 第 24 行.
NOTIC: [8] Use of undefined constant openid - assumed 'openid' /home/wwwroot/v.sniperchw.com/weixin_community/APP/Runtime/Cache/Home/794074385be7cadad7fe12ed683edb48.php 第 30 行.
NOTIC: [8] Use of undefined constant fr_id - assumed 'fr_id' /home/wwwroot/v.sniperchw.com/weixin_community/APP/Runtime/Cache/Home/794074385be7cadad7fe12ed683edb48.php 第 30 行.
NOTIC: [8] Use of undefined constant openid - assumed 'openid' /home/wwwroot/v.sniperchw.com/weixin_community/APP/Runtime/Cache/Home/794074385be7cadad7fe12ed683edb48.php 第 30 行.
NOTIC: [8] Use of undefined constant fr_id - assumed 'fr_id' /home/wwwroot/v.sniperchw.com/weixin_community/APP/Runtime/Cache/Home/794074385be7cadad7fe12ed683edb48.php 第 30 行.
NOTIC: [8] Use of undefined constant openid - assumed 'openid' /home/wwwroot/v.sniperchw.com/weixin_community/APP/Runtime/Cache/Home/794074385be7cadad7fe12ed683edb48.php 第 30 行.
NOTIC: [8] Use of undefined constant fr_id - assumed 'fr_id' /home/wwwroot/v.sniperchw.com/weixin_community/APP/Runtime/Cache/Home/794074385be7cadad7fe12ed683edb48.php 第 30 行.
NOTIC: [8] Use of undefined constant openid - assumed 'openid' /home/wwwroot/v.sniperchw.com/weixin_community/APP/Runtime/Cache/Home/794074385be7cadad7fe12ed683edb48.php 第 30 行.
NOTIC: [8] Use of undefined constant fr_id - assumed 'fr_id' /home/wwwroot/v.sniperchw.com/weixin_community/APP/Runtime/Cache/Home/794074385be7cadad7fe12ed683edb48.php 第 30 行.
NOTIC: [8] Use of undefined constant openid - assumed 'openid' /home/wwwroot/v.sniperchw.com/weixin_community/APP/Runtime/Cache/Home/794074385be7cadad7fe12ed683edb48.php 第 30 行.
NOTIC: [8] Use of undefined constant fr_id - assumed 'fr_id' /home/wwwroot/v.sniperchw.com/weixin_community/APP/Runtime/Cache/Home/794074385be7cadad7fe12ed683edb48.php 第 30 行.
NOTIC: [8] Use of undefined constant openid - assumed 'openid' /home/wwwroot/v.sniperchw.com/weixin_community/APP/Runtime/Cache/Home/794074385be7cadad7fe12ed683edb48.php 第 30 行.
NOTIC: [8] Use of undefined constant fr_id - assumed 'fr_id' /home/wwwroot/v.sniperchw.com/weixin_community/APP/Runtime/Cache/Home/794074385be7cadad7fe12ed683edb48.php 第 30 行.
NOTIC: [8] Use of undefined constant openid - assumed 'openid' /home/wwwroot/v.sniperchw.com/weixin_community/APP/Runtime/Cache/Home/794074385be7cadad7fe12ed683edb48.php 第 30 行.
NOTIC: [8] Use of undefined constant fr_id - assumed 'fr_id' /home/wwwroot/v.sniperchw.com/weixin_community/APP/Runtime/Cache/Home/794074385be7cadad7fe12ed683edb48.php 第 30 行.
NOTIC: [8] Use of undefined constant openid - assumed 'openid' /home/wwwroot/v.sniperchw.com/weixin_community/APP/Runtime/Cache/Home/794074385be7cadad7fe12ed683edb48.php 第 30 行.
NOTIC: [8] Use of undefined constant fr_id - assumed 'fr_id' /home/wwwroot/v.sniperchw.com/weixin_community/APP/Runtime/Cache/Home/794074385be7cadad7fe12ed683edb48.php 第 30 行.
INFO: ParseTemplate Behavior ::run [ RunTime:0.011348s ]
INFO: [ view_parse ] --END-- [ RunTime:0.011423s ]
INFO: [ view_filter ] --START--
INFO: ContentReplace Behavior ::run [ RunTime:0.000536s ]
INFO: TokenBuild Behavior ::run [ RunTime:0.000399s ]
INFO: WriteHtmlCache Behavior ::run [ RunTime:0.000306s ]
INFO: ShowRuntime Behavior ::run [ RunTime:0.000470s ]
INFO: [ view_filter ] --END-- [ RunTime:0.001859s ]

[ 2016-09-20T23:00:18+08:00 ] 183.37.20.253 /weixin_community/index.php?m=Index&a=user_ajax
INFO: [ app_begin ] --START--
INFO: ReadHtmlCache Behavior ::run [ RunTime:0.000504s ]
INFO: [ app_begin ] --END-- [ RunTime:0.000588s ]
NOTIC: [8] A session had already been started - ignoring session_start() /home/wwwroot/v.sniperchw.com/weixin_community/APP/Modules/Home/Action/IndexAction.class.php 第 2 行.
NOTIC: [8] Undefined index: group_id /home/wwwroot/v.sniperchw.com/weixin_community/APP/Modules/Home/Action/BaseAction.class.php 第 39 行.
NOTIC: [8] Undefined index: device_command /home/wwwroot/v.sniperchw.com/weixin_community/APP/Modules/Home/Action/BaseAction.class.php 第 40 行.
NOTIC: [2] Invalid argument supplied for foreach() /home/wwwroot/v.sniperchw.com/weixin_community/APP/Modules/Home/Action/IndexAction.class.php 第 238 行.
INFO: [ view_parse ] --START--
INFO: ParseTemplate Behavior ::run [ RunTime:0.010565s ]
INFO: [ view_parse ] --END-- [ RunTime:0.010627s ]
INFO: [ view_filter ] --START--
INFO: ContentReplace Behavior ::run [ RunTime:0.000315s ]
INFO: TokenBuild Behavior ::run [ RunTime:0.000283s ]
INFO: WriteHtmlCache Behavior ::run [ RunTime:0.000208s ]
INFO: ShowRuntime Behavior ::run [ RunTime:0.000325s ]
INFO: [ view_filter ] --END-- [ RunTime:0.001237s ]

[ 2016-09-20T23:00:20+08:00 ] 183.37.20.253 /weixin_community/index.php?m=Index&a=user_ajax
INFO: [ app_begin ] --START--
INFO: ReadHtmlCache Behavior ::run [ RunTime:0.000358s ]
INFO: [ app_begin ] --END-- [ RunTime:0.000417s ]
NOTIC: [8] A session had already been started - ignoring session_start() /home/wwwroot/v.sniperchw.com/weixin_community/APP/Modules/Home/Action/IndexAction.class.php 第 2 行.
NOTIC: [8] Undefined index: group_id /home/wwwroot/v.sniperchw.com/weixin_community/APP/Modules/Home/Action/BaseAction.class.php 第 39 行.
NOTIC: [8] Undefined index: device_command /home/wwwroot/v.sniperchw.com/weixin_community/APP/Modules/Home/Action/BaseAction.class.php 第 40 行.
NOTIC: [2] Invalid argument supplied for foreach() /home/wwwroot/v.sniperchw.com/weixin_community/APP/Modules/Home/Action/IndexAction.class.php 第 238 行.
INFO: [ view_parse ] --START--
INFO: ParseTemplate Behavior ::run [ RunTime:0.010635s ]
INFO: [ view_parse ] --END-- [ RunTime:0.010711s ]
INFO: [ view_filter ] --START--
INFO: ContentReplace Behavior ::run [ RunTime:0.000367s ]
INFO: TokenBuild Behavior ::run [ RunTime:0.000268s ]
INFO: WriteHtmlCache Behavior ::run [ RunTime:0.000194s ]
INFO: ShowRuntime Behavior ::run [ RunTime:0.000328s ]
INFO: [ view_filter ] --END-- [ RunTime:0.001272s ]

[ 2016-09-20T23:00:21+08:00 ] 183.37.20.253 /weixin_community/index.php?m=Index&a=user_ajax
INFO: [ app_begin ] --START--
INFO: ReadHtmlCache Behavior ::run [ RunTime:0.000395s ]
INFO: [ app_begin ] --END-- [ RunTime:0.000458s ]
NOTIC: [8] A session had already been started - ignoring session_start() /home/wwwroot/v.sniperchw.com/weixin_community/APP/Modules/Home/Action/IndexAction.class.php 第 2 行.
NOTIC: [8] Undefined index: group_id /home/wwwroot/v.sniperchw.com/weixin_community/APP/Modules/Home/Action/BaseAction.class.php 第 39 行.
NOTIC: [8] Undefined index: device_command /home/wwwroot/v.sniperchw.com/weixin_community/APP/Modules/Home/Action/BaseAction.class.php 第 40 行.
NOTIC: [2] Invalid argument supplied for foreach() /home/wwwroot/v.sniperchw.com/weixin_community/APP/Modules/Home/Action/IndexAction.class.php 第 238 行.
INFO: [ view_parse ] --START--
INFO: ParseTemplate Behavior ::run [ RunTime:0.011102s ]
INFO: [ view_parse ] --END-- [ RunTime:0.011171s ]
INFO: [ view_filter ] --START--
INFO: ContentReplace Behavior ::run [ RunTime:0.000286s ]
INFO: TokenBuild Behavior ::run [ RunTime:0.000258s ]
INFO: WriteHtmlCache Behavior ::run [ RunTime:0.000188s ]
INFO: ShowRuntime Behavior ::run [ RunTime:0.000330s ]
INFO: [ view_filter ] --END-- [ RunTime:0.001161s ]

[ 2016-09-20T23:00:26+08:00 ] 183.37.20.253 /weixin_community/index.php?m=Index&a=user_ajax
INFO: [ app_begin ] --START--
INFO: ReadHtmlCache Behavior ::run [ RunTime:0.000358s ]
INFO: [ app_begin ] --END-- [ RunTime:0.000417s ]
NOTIC: [8] A session had already been started - ignoring session_start() /home/wwwroot/v.sniperchw.com/weixin_community/APP/Modules/Home/Action/IndexAction.class.php 第 2 行.
NOTIC: [8] Undefined index: group_id /home/wwwroot/v.sniperchw.com/weixin_community/APP/Modules/Home/Action/BaseAction.class.php 第 39 行.
NOTIC: [8] Undefined index: device_command /home/wwwroot/v.sniperchw.com/weixin_community/APP/Modules/Home/Action/BaseAction.class.php 第 40 行.
NOTIC: [2] Invalid argument supplied for foreach() /home/wwwroot/v.sniperchw.com/weixin_community/APP/Modules/Home/Action/IndexAction.class.php 第 238 行.
INFO: [ view_parse ] --START--
INFO: ParseTemplate Behavior ::run [ RunTime:0.010779s ]
INFO: [ view_parse ] --END-- [ RunTime:0.010848s ]
INFO: [ view_filter ] --START--
INFO: ContentReplace Behavior ::run [ RunTime:0.000292s ]
INFO: TokenBuild Behavior ::run [ RunTime:0.000336s ]
INFO: WriteHtmlCache Behavior ::run [ RunTime:0.000326s ]
INFO: ShowRuntime Behavior ::run [ RunTime:0.000369s ]
INFO: [ view_filter ] --END-- [ RunTime:0.001692s ]

[ 2016-09-20T23:00:27+08:00 ] 183.37.20.253 /weixin_community/index.php?m=Index&a=user_ajax
INFO: [ app_begin ] --START--
INFO: ReadHtmlCache Behavior ::run [ RunTime:0.000388s ]
INFO: [ app_begin ] --END-- [ RunTime:0.000464s ]
NOTIC: [8] A session had already been started - ignoring session_start() /home/wwwroot/v.sniperchw.com/weixin_community/APP/Modules/Home/Action/IndexAction.class.php 第 2 行.
NOTIC: [8] Undefined index: group_id /home/wwwroot/v.sniperchw.com/weixin_community/APP/Modules/Home/Action/BaseAction.class.php 第 39 行.
NOTIC: [8] Undefined index: device_command /home/wwwroot/v.sniperchw.com/weixin_community/APP/Modules/Home/Action/BaseAction.class.php 第 40 行.
NOTIC: [2] Invalid argument supplied for foreach() /home/wwwroot/v.sniperchw.com/weixin_community/APP/Modules/Home/Action/IndexAction.class.php 第 238 行.
INFO: [ view_parse ] --START--
INFO: ParseTemplate Behavior ::run [ RunTime:0.009956s ]
INFO: [ view_parse ] --END-- [ RunTime:0.010016s ]
INFO: [ view_filter ] --START--
INFO: ContentReplace Behavior ::run [ RunTime:0.000279s ]
INFO: TokenBuild Behavior ::run [ RunTime:0.000254s ]
INFO: WriteHtmlCache Behavior ::run [ RunTime:0.000238s ]
INFO: ShowRuntime Behavior ::run [ RunTime:0.000311s ]
INFO: [ view_filter ] --END-- [ RunTime:0.001185s ]

[ 2016-09-20T23:02:21+08:00 ] 112.65.193.15 /weixin_community/index.php?m=Index&a=index
INFO: [ app_begin ] --START--
INFO: ReadHtmlCache Behavior ::run [ RunTime:0.000433s ]
INFO: [ app_begin ] --END-- [ RunTime:0.000494s ]
NOTIC: [8] A session had already been started - ignoring session_start() /home/wwwroot/v.sniperchw.com/weixin_community/APP/Modules/Home/Action/IndexAction.class.php 第 2 行.
NOTIC: [8] Undefined index: group_id /home/wwwroot/v.sniperchw.com/weixin_community/APP/Modules/Home/Action/BaseAction.class.php 第 39 行.
NOTIC: [8] Undefined index: device_command /home/wwwroot/v.sniperchw.com/weixin_community/APP/Modules/Home/Action/BaseAction.class.php 第 40 行.
NOTIC: [8] Undefined index: sc_small /home/wwwroot/v.sniperchw.com/weixin_community/APP/Modules/Home/Action/IndexAction.class.php 第 14 行.
NOTIC: [8] Undefined index: group_id /home/wwwroot/v.sniperchw.com/weixin_community/APP/Modules/Home/Action/BaseAction.class.php 第 39 行.
NOTIC: [8] Undefined index: device_command /home/wwwroot/v.sniperchw.com/weixin_community/APP/Modules/Home/Action/BaseAction.class.php 第 40 行.

