[ 2016-06-29T10:35:53+08:00 ] 0.0.0.0 /weixin_community/
INFO: [ app_begin ] --START--
INFO: ReadHtmlCache Behavior ::run [ RunTime:0.003000s ]
INFO: [ app_begin ] --END-- [ RunTime:0.003000s ]
NOTIC: [8] curl_setopt(): CURLOPT_SSL_VERIFYHOST no longer accepts the value 1, value 2 will be used instead F:\WWW\weixin_community\ThinkPHP\Extend\Vendor\weixin\jssdk.php 第 99 行.
NOTIC: [8] Trying to get property of non-object F:\WWW\weixin_community\ThinkPHP\Extend\Vendor\weixin\jssdk.php 第 78 行.
NOTIC: [8] curl_setopt(): CURLOPT_SSL_VERIFYHOST no longer accepts the value 1, value 2 will be used instead F:\WWW\weixin_community\ThinkPHP\Extend\Vendor\weixin\jssdk.php 第 99 行.
NOTIC: [8] Trying to get property of non-object F:\WWW\weixin_community\ThinkPHP\Extend\Vendor\weixin\jssdk.php 第 55 行.
INFO: [ view_parse ] --START--
INFO: ParseTemplate Behavior ::run [ RunTime:0.040002s ]
INFO: [ view_parse ] --END-- [ RunTime:0.040002s ]
INFO: [ view_filter ] --START--
INFO: ContentReplace Behavior ::run [ RunTime:0.003001s ]
INFO: TokenBuild Behavior ::run [ RunTime:0.003000s ]
INFO: WriteHtmlCache Behavior ::run [ RunTime:0.002000s ]
INFO: ShowRuntime Behavior ::run [ RunTime:0.002000s ]
INFO: [ view_filter ] --END-- [ RunTime:0.011001s ]
INFO: [ view_end ] --START--
INFO: ShowPageTrace Behavior ::run [ RunTime:0.003000s ]
INFO: [ view_end ] --END-- [ RunTime:0.004000s ]

[ 2016-06-29T10:46:16+08:00 ] 0.0.0.0 /weixin_community/
INFO: [ app_begin ] --START--
INFO: ReadHtmlCache Behavior ::run [ RunTime:0.002000s ]
INFO: [ app_begin ] --END-- [ RunTime:0.002000s ]
NOTIC: [8] curl_setopt(): CURLOPT_SSL_VERIFYHOST no longer accepts the value 1, value 2 will be used instead F:\WWW\weixin_community\ThinkPHP\Extend\Vendor\weixin\jssdk.php 第 99 行.
NOTIC: [8] Trying to get property of non-object F:\WWW\weixin_community\ThinkPHP\Extend\Vendor\weixin\jssdk.php 第 78 行.
NOTIC: [8] curl_setopt(): CURLOPT_SSL_VERIFYHOST no longer accepts the value 1, value 2 will be used instead F:\WWW\weixin_community\ThinkPHP\Extend\Vendor\weixin\jssdk.php 第 99 行.
NOTIC: [8] Trying to get property of non-object F:\WWW\weixin_community\ThinkPHP\Extend\Vendor\weixin\jssdk.php 第 55 行.
INFO: [ view_parse ] --START--
INFO: ParseTemplate Behavior ::run [ RunTime:0.034002s ]
INFO: [ view_parse ] --END-- [ RunTime:0.034002s ]
INFO: [ view_filter ] --START--
INFO: ContentReplace Behavior ::run [ RunTime:0.002001s ]
INFO: TokenBuild Behavior ::run [ RunTime:0.002000s ]
INFO: WriteHtmlCache Behavior ::run [ RunTime:0.001000s ]
INFO: ShowRuntime Behavior ::run [ RunTime:0.002000s ]
INFO: [ view_filter ] --END-- [ RunTime:0.007001s ]
INFO: [ view_end ] --START--
INFO: ShowPageTrace Behavior ::run [ RunTime:0.003000s ]
INFO: [ view_end ] --END-- [ RunTime:0.003000s ]

[ 2016-06-29T10:54:28+08:00 ] 0.0.0.0 /weixin_community/
INFO: [ app_begin ] --START--
INFO: ReadHtmlCache Behavior ::run [ RunTime:0.002000s ]
INFO: [ app_begin ] --END-- [ RunTime:0.002000s ]
NOTIC: [8] curl_setopt(): CURLOPT_SSL_VERIFYHOST no longer accepts the value 1, value 2 will be used instead F:\WWW\weixin_community\ThinkPHP\Extend\Vendor\weixin\jssdk.php 第 99 行.
NOTIC: [8] Trying to get property of non-object F:\WWW\weixin_community\ThinkPHP\Extend\Vendor\weixin\jssdk.php 第 78 行.
NOTIC: [8] curl_setopt(): CURLOPT_SSL_VERIFYHOST no longer accepts the value 1, value 2 will be used instead F:\WWW\weixin_community\ThinkPHP\Extend\Vendor\weixin\jssdk.php 第 99 行.
NOTIC: [8] Trying to get property of non-object F:\WWW\weixin_community\ThinkPHP\Extend\Vendor\weixin\jssdk.php 第 55 行.
INFO: [ view_parse ] --START--
INFO: ParseTemplate Behavior ::run [ RunTime:0.032002s ]
INFO: [ view_parse ] --END-- [ RunTime:0.032002s ]
INFO: [ view_filter ] --START--
INFO: ContentReplace Behavior ::run [ RunTime:0.002000s ]
INFO: TokenBuild Behavior ::run [ RunTime:0.001000s ]
INFO: WriteHtmlCache Behavior ::run [ RunTime:0.002000s ]
INFO: ShowRuntime Behavior ::run [ RunTime:0.002000s ]
INFO: [ view_filter ] --END-- [ RunTime:0.007000s ]
INFO: [ view_end ] --START--
INFO: ShowPageTrace Behavior ::run [ RunTime:0.003000s ]
INFO: [ view_end ] --END-- [ RunTime:0.003000s ]

[ 2016-06-29T11:13:13+08:00 ] 0.0.0.0 /weixin_community/
INFO: [ app_begin ] --START--
INFO: ReadHtmlCache Behavior ::run [ RunTime:0.002000s ]
INFO: [ app_begin ] --END-- [ RunTime:0.002000s ]
NOTIC: [8] curl_setopt(): CURLOPT_SSL_VERIFYHOST no longer accepts the value 1, value 2 will be used instead F:\WWW\weixin_community\ThinkPHP\Extend\Vendor\weixin\jssdk.php 第 99 行.
NOTIC: [8] Trying to get property of non-object F:\WWW\weixin_community\ThinkPHP\Extend\Vendor\weixin\jssdk.php 第 78 行.
NOTIC: [8] curl_setopt(): CURLOPT_SSL_VERIFYHOST no longer accepts the value 1, value 2 will be used instead F:\WWW\weixin_community\ThinkPHP\Extend\Vendor\weixin\jssdk.php 第 99 行.
NOTIC: [8] Trying to get property of non-object F:\WWW\weixin_community\ThinkPHP\Extend\Vendor\weixin\jssdk.php 第 55 行.
INFO: [ view_parse ] --START--
INFO: ParseTemplate Behavior ::run [ RunTime:0.032002s ]
INFO: [ view_parse ] --END-- [ RunTime:0.032002s ]
INFO: [ view_filter ] --START--
INFO: ContentReplace Behavior ::run [ RunTime:0.001000s ]
INFO: TokenBuild Behavior ::run [ RunTime:0.002000s ]
INFO: WriteHtmlCache Behavior ::run [ RunTime:0.001000s ]
INFO: ShowRuntime Behavior ::run [ RunTime:0.002000s ]
INFO: [ view_filter ] --END-- [ RunTime:0.006000s ]
INFO: [ view_end ] --START--
INFO: ShowPageTrace Behavior ::run [ RunTime:0.003000s ]
INFO: [ view_end ] --END-- [ RunTime:0.003000s ]

[ 2016-06-29T11:13:25+08:00 ] 0.0.0.0 /weixin_community/
INFO: [ app_begin ] --START--
INFO: ReadHtmlCache Behavior ::run [ RunTime:0.001000s ]
INFO: [ app_begin ] --END-- [ RunTime:0.001000s ]
NOTIC: [8] curl_setopt(): CURLOPT_SSL_VERIFYHOST no longer accepts the value 1, value 2 will be used instead F:\WWW\weixin_community\ThinkPHP\Extend\Vendor\weixin\jssdk.php 第 99 行.
NOTIC: [8] Trying to get property of non-object F:\WWW\weixin_community\ThinkPHP\Extend\Vendor\weixin\jssdk.php 第 78 行.
NOTIC: [8] curl_setopt(): CURLOPT_SSL_VERIFYHOST no longer accepts the value 1, value 2 will be used instead F:\WWW\weixin_community\ThinkPHP\Extend\Vendor\weixin\jssdk.php 第 99 行.
NOTIC: [8] Trying to get property of non-object F:\WWW\weixin_community\ThinkPHP\Extend\Vendor\weixin\jssdk.php 第 55 行.
INFO: [ view_parse ] --START--
INFO: ParseTemplate Behavior ::run [ RunTime:0.016001s ]
INFO: [ view_parse ] --END-- [ RunTime:0.016001s ]
INFO: [ view_filter ] --START--
INFO: ContentReplace Behavior ::run [ RunTime:0.001000s ]
INFO: TokenBuild Behavior ::run [ RunTime:0.002000s ]
INFO: WriteHtmlCache Behavior ::run [ RunTime:0.002000s ]
INFO: ShowRuntime Behavior ::run [ RunTime:0.004000s ]
INFO: [ view_filter ] --END-- [ RunTime:0.009000s ]
INFO: [ view_end ] --START--
INFO: ShowPageTrace Behavior ::run [ RunTime:0.004001s ]
INFO: [ view_end ] --END-- [ RunTime:0.004001s ]

[ 2016-06-29T11:13:36+08:00 ] 0.0.0.0 /weixin_community/
INFO: [ app_begin ] --START--
INFO: ReadHtmlCache Behavior ::run [ RunTime:0.001000s ]
INFO: [ app_begin ] --END-- [ RunTime:0.001000s ]
NOTIC: [8] curl_setopt(): CURLOPT_SSL_VERIFYHOST no longer accepts the value 1, value 2 will be used instead F:\WWW\weixin_community\ThinkPHP\Extend\Vendor\weixin\jssdk.php 第 99 行.
NOTIC: [8] Trying to get property of non-object F:\WWW\weixin_community\ThinkPHP\Extend\Vendor\weixin\jssdk.php 第 78 行.
NOTIC: [8] curl_setopt(): CURLOPT_SSL_VERIFYHOST no longer accepts the value 1, value 2 will be used instead F:\WWW\weixin_community\ThinkPHP\Extend\Vendor\weixin\jssdk.php 第 99 行.
NOTIC: [8] Trying to get property of non-object F:\WWW\weixin_community\ThinkPHP\Extend\Vendor\weixin\jssdk.php 第 55 行.
INFO: [ view_parse ] --START--
INFO: ParseTemplate Behavior ::run [ RunTime:0.016001s ]
INFO: [ view_parse ] --END-- [ RunTime:0.016001s ]
INFO: [ view_filter ] --START--
INFO: ContentReplace Behavior ::run [ RunTime:0.001000s ]
INFO: TokenBuild Behavior ::run [ RunTime:0.001000s ]
INFO: WriteHtmlCache Behavior ::run [ RunTime:0.001000s ]
INFO: ShowRuntime Behavior ::run [ RunTime:0.002000s ]
INFO: [ view_filter ] --END-- [ RunTime:0.006000s ]
INFO: [ view_end ] --START--
INFO: ShowPageTrace Behavior ::run [ RunTime:0.002000s ]
INFO: [ view_end ] --END-- [ RunTime:0.002000s ]

[ 2016-06-29T11:14:13+08:00 ] 0.0.0.0 /weixin_community/
INFO: [ app_begin ] --START--
INFO: ReadHtmlCache Behavior ::run [ RunTime:0.001000s ]
INFO: [ app_begin ] --END-- [ RunTime:0.001000s ]
NOTIC: [8] curl_setopt(): CURLOPT_SSL_VERIFYHOST no longer accepts the value 1, value 2 will be used instead F:\WWW\weixin_community\ThinkPHP\Extend\Vendor\weixin\jssdk.php 第 99 行.
NOTIC: [8] Trying to get property of non-object F:\WWW\weixin_community\ThinkPHP\Extend\Vendor\weixin\jssdk.php 第 78 行.
NOTIC: [8] curl_setopt(): CURLOPT_SSL_VERIFYHOST no longer accepts the value 1, value 2 will be used instead F:\WWW\weixin_community\ThinkPHP\Extend\Vendor\weixin\jssdk.php 第 99 行.
NOTIC: [8] Trying to get property of non-object F:\WWW\weixin_community\ThinkPHP\Extend\Vendor\weixin\jssdk.php 第 55 行.
INFO: [ view_parse ] --START--
INFO: ParseTemplate Behavior ::run [ RunTime:0.017001s ]
INFO: [ view_parse ] --END-- [ RunTime:0.017001s ]
INFO: [ view_filter ] --START--
INFO: ContentReplace Behavior ::run [ RunTime:0.001000s ]
INFO: TokenBuild Behavior ::run [ RunTime:0.001000s ]
INFO: WriteHtmlCache Behavior ::run [ RunTime:0.001000s ]
INFO: ShowRuntime Behavior ::run [ RunTime:0.002000s ]
INFO: [ view_filter ] --END-- [ RunTime:0.005000s ]
INFO: [ view_end ] --START--
INFO: ShowPageTrace Behavior ::run [ RunTime:0.001000s ]
INFO: [ view_end ] --END-- [ RunTime:0.001000s ]

[ 2016-06-29T11:14:29+08:00 ] 0.0.0.0 /weixin_community/
INFO: [ app_begin ] --START--
INFO: ReadHtmlCache Behavior ::run [ RunTime:0.002000s ]
INFO: [ app_begin ] --END-- [ RunTime:0.002000s ]
NOTIC: [8] curl_setopt(): CURLOPT_SSL_VERIFYHOST no longer accepts the value 1, value 2 will be used instead F:\WWW\weixin_community\ThinkPHP\Extend\Vendor\weixin\jssdk.php 第 99 行.
NOTIC: [8] Trying to get property of non-object F:\WWW\weixin_community\ThinkPHP\Extend\Vendor\weixin\jssdk.php 第 78 行.
NOTIC: [8] curl_setopt(): CURLOPT_SSL_VERIFYHOST no longer accepts the value 1, value 2 will be used instead F:\WWW\weixin_community\ThinkPHP\Extend\Vendor\weixin\jssdk.php 第 99 行.
NOTIC: [8] Trying to get property of non-object F:\WWW\weixin_community\ThinkPHP\Extend\Vendor\weixin\jssdk.php 第 55 行.
INFO: [ view_parse ] --START--
INFO: ParseTemplate Behavior ::run [ RunTime:0.017001s ]
INFO: [ view_parse ] --END-- [ RunTime:0.017001s ]
INFO: [ view_filter ] --START--
INFO: ContentReplace Behavior ::run [ RunTime:0.002000s ]
INFO: TokenBuild Behavior ::run [ RunTime:0.001000s ]
INFO: WriteHtmlCache Behavior ::run [ RunTime:0.001000s ]
INFO: ShowRuntime Behavior ::run [ RunTime:0.001000s ]
INFO: [ view_filter ] --END-- [ RunTime:0.005000s ]
INFO: [ view_end ] --START--
INFO: ShowPageTrace Behavior ::run [ RunTime:0.001000s ]
INFO: [ view_end ] --END-- [ RunTime:0.001000s ]

[ 2016-06-29T11:14:44+08:00 ] 0.0.0.0 /weixin_community/
INFO: [ app_begin ] --START--
INFO: ReadHtmlCache Behavior ::run [ RunTime:0.002000s ]
INFO: [ app_begin ] --END-- [ RunTime:0.002000s ]
NOTIC: [8] curl_setopt(): CURLOPT_SSL_VERIFYHOST no longer accepts the value 1, value 2 will be used instead F:\WWW\weixin_community\ThinkPHP\Extend\Vendor\weixin\jssdk.php 第 99 行.
NOTIC: [8] Trying to get property of non-object F:\WWW\weixin_community\ThinkPHP\Extend\Vendor\weixin\jssdk.php 第 78 行.
NOTIC: [8] curl_setopt(): CURLOPT_SSL_VERIFYHOST no longer accepts the value 1, value 2 will be used instead F:\WWW\weixin_community\ThinkPHP\Extend\Vendor\weixin\jssdk.php 第 99 行.
NOTIC: [8] Trying to get property of non-object F:\WWW\weixin_community\ThinkPHP\Extend\Vendor\weixin\jssdk.php 第 55 行.
INFO: [ view_parse ] --START--
INFO: ParseTemplate Behavior ::run [ RunTime:0.018002s ]
INFO: [ view_parse ] --END-- [ RunTime:0.018002s ]
INFO: [ view_filter ] --START--
INFO: ContentReplace Behavior ::run [ RunTime:0.002000s ]
INFO: TokenBuild Behavior ::run [ RunTime:0.001000s ]
INFO: WriteHtmlCache Behavior ::run [ RunTime:0.001000s ]
INFO: ShowRuntime Behavior ::run [ RunTime:0.001000s ]
INFO: [ view_filter ] --END-- [ RunTime:0.005000s ]
INFO: [ view_end ] --START--
INFO: ShowPageTrace Behavior ::run [ RunTime:0.002000s ]
INFO: [ view_end ] --END-- [ RunTime:0.002000s ]

[ 2016-06-29T11:15:06+08:00 ] 0.0.0.0 /weixin_community/
INFO: [ app_begin ] --START--
INFO: ReadHtmlCache Behavior ::run [ RunTime:0.001000s ]
INFO: [ app_begin ] --END-- [ RunTime:0.002000s ]
NOTIC: [8] curl_setopt(): CURLOPT_SSL_VERIFYHOST no longer accepts the value 1, value 2 will be used instead F:\WWW\weixin_community\ThinkPHP\Extend\Vendor\weixin\jssdk.php 第 99 行.
NOTIC: [8] Trying to get property of non-object F:\WWW\weixin_community\ThinkPHP\Extend\Vendor\weixin\jssdk.php 第 78 行.
NOTIC: [8] curl_setopt(): CURLOPT_SSL_VERIFYHOST no longer accepts the value 1, value 2 will be used instead F:\WWW\weixin_community\ThinkPHP\Extend\Vendor\weixin\jssdk.php 第 99 行.
NOTIC: [8] Trying to get property of non-object F:\WWW\weixin_community\ThinkPHP\Extend\Vendor\weixin\jssdk.php 第 55 行.
INFO: [ view_parse ] --START--
INFO: ParseTemplate Behavior ::run [ RunTime:0.016001s ]
INFO: [ view_parse ] --END-- [ RunTime:0.016001s ]
INFO: [ view_filter ] --START--
INFO: ContentReplace Behavior ::run [ RunTime:0.002000s ]
INFO: TokenBuild Behavior ::run [ RunTime:0.001000s ]
INFO: WriteHtmlCache Behavior ::run [ RunTime:0.003000s ]
INFO: ShowRuntime Behavior ::run [ RunTime:0.002000s ]
INFO: [ view_filter ] --END-- [ RunTime:0.008000s ]
INFO: [ view_end ] --START--
INFO: ShowPageTrace Behavior ::run [ RunTime:0.002000s ]
INFO: [ view_end ] --END-- [ RunTime:0.002000s ]

[ 2016-06-29T11:15:56+08:00 ] 0.0.0.0 /weixin_community/
INFO: [ app_begin ] --START--
INFO: ReadHtmlCache Behavior ::run [ RunTime:0.003000s ]
INFO: [ app_begin ] --END-- [ RunTime:0.003000s ]
NOTIC: [8] curl_setopt(): CURLOPT_SSL_VERIFYHOST no longer accepts the value 1, value 2 will be used instead F:\WWW\weixin_community\ThinkPHP\Extend\Vendor\weixin\jssdk.php 第 99 行.
NOTIC: [8] Trying to get property of non-object F:\WWW\weixin_community\ThinkPHP\Extend\Vendor\weixin\jssdk.php 第 78 行.
NOTIC: [8] curl_setopt(): CURLOPT_SSL_VERIFYHOST no longer accepts the value 1, value 2 will be used instead F:\WWW\weixin_community\ThinkPHP\Extend\Vendor\weixin\jssdk.php 第 99 行.
NOTIC: [8] Trying to get property of non-object F:\WWW\weixin_community\ThinkPHP\Extend\Vendor\weixin\jssdk.php 第 55 行.
INFO: [ view_parse ] --START--
INFO: ParseTemplate Behavior ::run [ RunTime:0.022001s ]
INFO: [ view_parse ] --END-- [ RunTime:0.022001s ]
INFO: [ view_filter ] --START--
INFO: ContentReplace Behavior ::run [ RunTime:0.001000s ]
INFO: TokenBuild Behavior ::run [ RunTime:0.003000s ]
INFO: WriteHtmlCache Behavior ::run [ RunTime:0.003000s ]
INFO: ShowRuntime Behavior ::run [ RunTime:0.002001s ]
INFO: [ view_filter ] --END-- [ RunTime:0.009001s ]
INFO: [ view_end ] --START--
INFO: ShowPageTrace Behavior ::run [ RunTime:0.002000s ]
INFO: [ view_end ] --END-- [ RunTime:0.002000s ]

[ 2016-06-29T11:16:38+08:00 ] 0.0.0.0 /weixin_community/
INFO: [ app_begin ] --START--
INFO: ReadHtmlCache Behavior ::run [ RunTime:0.002000s ]
INFO: [ app_begin ] --END-- [ RunTime:0.003000s ]
NOTIC: [8] curl_setopt(): CURLOPT_SSL_VERIFYHOST no longer accepts the value 1, value 2 will be used instead F:\WWW\weixin_community\ThinkPHP\Extend\Vendor\weixin\jssdk.php 第 99 行.
NOTIC: [8] Trying to get property of non-object F:\WWW\weixin_community\ThinkPHP\Extend\Vendor\weixin\jssdk.php 第 78 行.
NOTIC: [8] curl_setopt(): CURLOPT_SSL_VERIFYHOST no longer accepts the value 1, value 2 will be used instead F:\WWW\weixin_community\ThinkPHP\Extend\Vendor\weixin\jssdk.php 第 99 行.
NOTIC: [8] Trying to get property of non-object F:\WWW\weixin_community\ThinkPHP\Extend\Vendor\weixin\jssdk.php 第 55 行.
INFO: [ view_parse ] --START--
INFO: ParseTemplate Behavior ::run [ RunTime:0.015001s ]
INFO: [ view_parse ] --END-- [ RunTime:0.015001s ]
INFO: [ view_filter ] --START--
INFO: ContentReplace Behavior ::run [ RunTime:0.001000s ]
INFO: TokenBuild Behavior ::run [ RunTime:0.002000s ]
INFO: WriteHtmlCache Behavior ::run [ RunTime:0.001000s ]
INFO: ShowRuntime Behavior ::run [ RunTime:0.001000s ]
INFO: [ view_filter ] --END-- [ RunTime:0.006000s ]
INFO: [ view_end ] --START--
INFO: ShowPageTrace Behavior ::run [ RunTime:0.002000s ]
INFO: [ view_end ] --END-- [ RunTime:0.002000s ]

[ 2016-06-29T11:18:51+08:00 ] 0.0.0.0 /weixin_community/
INFO: [ app_begin ] --START--
INFO: ReadHtmlCache Behavior ::run [ RunTime:0.002000s ]
INFO: [ app_begin ] --END-- [ RunTime:0.002000s ]
NOTIC: [8] curl_setopt(): CURLOPT_SSL_VERIFYHOST no longer accepts the value 1, value 2 will be used instead F:\WWW\weixin_community\ThinkPHP\Extend\Vendor\weixin\jssdk.php 第 99 行.
NOTIC: [8] Trying to get property of non-object F:\WWW\weixin_community\ThinkPHP\Extend\Vendor\weixin\jssdk.php 第 78 行.
NOTIC: [8] curl_setopt(): CURLOPT_SSL_VERIFYHOST no longer accepts the value 1, value 2 will be used instead F:\WWW\weixin_community\ThinkPHP\Extend\Vendor\weixin\jssdk.php 第 99 行.
NOTIC: [8] Trying to get property of non-object F:\WWW\weixin_community\ThinkPHP\Extend\Vendor\weixin\jssdk.php 第 55 行.
INFO: [ view_parse ] --START--
INFO: ParseTemplate Behavior ::run [ RunTime:0.033002s ]
INFO: [ view_parse ] --END-- [ RunTime:0.033002s ]
INFO: [ view_filter ] --START--
INFO: ContentReplace Behavior ::run [ RunTime:0.002000s ]
INFO: TokenBuild Behavior ::run [ RunTime:0.001000s ]
INFO: WriteHtmlCache Behavior ::run [ RunTime:0.002001s ]
INFO: ShowRuntime Behavior ::run [ RunTime:0.002000s ]
INFO: [ view_filter ] --END-- [ RunTime:0.007001s ]
INFO: [ view_end ] --START--
INFO: ShowPageTrace Behavior ::run [ RunTime:0.003000s ]
INFO: [ view_end ] --END-- [ RunTime:0.003000s ]

[ 2016-06-29T11:19:55+08:00 ] 0.0.0.0 /weixin_community/
INFO: [ app_begin ] --START--
INFO: ReadHtmlCache Behavior ::run [ RunTime:0.001000s ]
INFO: [ app_begin ] --END-- [ RunTime:0.002000s ]
NOTIC: [8] curl_setopt(): CURLOPT_SSL_VERIFYHOST no longer accepts the value 1, value 2 will be used instead F:\WWW\weixin_community\ThinkPHP\Extend\Vendor\weixin\jssdk.php 第 99 行.
NOTIC: [8] Trying to get property of non-object F:\WWW\weixin_community\ThinkPHP\Extend\Vendor\weixin\jssdk.php 第 78 行.
NOTIC: [8] curl_setopt(): CURLOPT_SSL_VERIFYHOST no longer accepts the value 1, value 2 will be used instead F:\WWW\weixin_community\ThinkPHP\Extend\Vendor\weixin\jssdk.php 第 99 行.
NOTIC: [8] Trying to get property of non-object F:\WWW\weixin_community\ThinkPHP\Extend\Vendor\weixin\jssdk.php 第 55 行.
INFO: [ view_parse ] --START--
INFO: ParseTemplate Behavior ::run [ RunTime:0.018001s ]
INFO: [ view_parse ] --END-- [ RunTime:0.018001s ]
INFO: [ view_filter ] --START--
INFO: ContentReplace Behavior ::run [ RunTime:0.002001s ]
INFO: TokenBuild Behavior ::run [ RunTime:0.001000s ]
INFO: WriteHtmlCache Behavior ::run [ RunTime:0.001000s ]
INFO: ShowRuntime Behavior ::run [ RunTime:0.002000s ]
INFO: [ view_filter ] --END-- [ RunTime:0.006001s ]
INFO: [ view_end ] --START--
INFO: ShowPageTrace Behavior ::run [ RunTime:0.003000s ]
INFO: [ view_end ] --END-- [ RunTime:0.003000s ]

[ 2016-06-29T11:20:35+08:00 ] 0.0.0.0 /weixin_community/
INFO: [ app_begin ] --START--
INFO: ReadHtmlCache Behavior ::run [ RunTime:0.003000s ]
INFO: [ app_begin ] --END-- [ RunTime:0.003000s ]
NOTIC: [8] curl_setopt(): CURLOPT_SSL_VERIFYHOST no longer accepts the value 1, value 2 will be used instead F:\WWW\weixin_community\ThinkPHP\Extend\Vendor\weixin\jssdk.php 第 99 行.
NOTIC: [8] Trying to get property of non-object F:\WWW\weixin_community\ThinkPHP\Extend\Vendor\weixin\jssdk.php 第 78 行.
NOTIC: [8] curl_setopt(): CURLOPT_SSL_VERIFYHOST no longer accepts the value 1, value 2 will be used instead F:\WWW\weixin_community\ThinkPHP\Extend\Vendor\weixin\jssdk.php 第 99 行.
NOTIC: [8] Trying to get property of non-object F:\WWW\weixin_community\ThinkPHP\Extend\Vendor\weixin\jssdk.php 第 55 行.
INFO: [ view_parse ] --START--
INFO: ParseTemplate Behavior ::run [ RunTime:0.019001s ]
INFO: [ view_parse ] --END-- [ RunTime:0.019001s ]
INFO: [ view_filter ] --START--
INFO: ContentReplace Behavior ::run [ RunTime:0.001000s ]
INFO: TokenBuild Behavior ::run [ RunTime:0.002000s ]
INFO: WriteHtmlCache Behavior ::run [ RunTime:0.001000s ]
INFO: ShowRuntime Behavior ::run [ RunTime:0.002000s ]
INFO: [ view_filter ] --END-- [ RunTime:0.006000s ]
INFO: [ view_end ] --START--
INFO: ShowPageTrace Behavior ::run [ RunTime:0.002000s ]
INFO: [ view_end ] --END-- [ RunTime:0.002000s ]

[ 2016-06-29T11:21:07+08:00 ] 0.0.0.0 /weixin_community/
INFO: [ app_begin ] --START--
INFO: ReadHtmlCache Behavior ::run [ RunTime:0.002000s ]
INFO: [ app_begin ] --END-- [ RunTime:0.002000s ]
NOTIC: [8] curl_setopt(): CURLOPT_SSL_VERIFYHOST no longer accepts the value 1, value 2 will be used instead F:\WWW\weixin_community\ThinkPHP\Extend\Vendor\weixin\jssdk.php 第 99 行.
NOTIC: [8] Trying to get property of non-object F:\WWW\weixin_community\ThinkPHP\Extend\Vendor\weixin\jssdk.php 第 78 行.
NOTIC: [8] curl_setopt(): CURLOPT_SSL_VERIFYHOST no longer accepts the value 1, value 2 will be used instead F:\WWW\weixin_community\ThinkPHP\Extend\Vendor\weixin\jssdk.php 第 99 行.
NOTIC: [8] Trying to get property of non-object F:\WWW\weixin_community\ThinkPHP\Extend\Vendor\weixin\jssdk.php 第 55 行.
INFO: [ view_parse ] --START--
INFO: ParseTemplate Behavior ::run [ RunTime:0.023001s ]
INFO: [ view_parse ] --END-- [ RunTime:0.023001s ]
INFO: [ view_filter ] --START--
INFO: ContentReplace Behavior ::run [ RunTime:0.003000s ]
INFO: TokenBuild Behavior ::run [ RunTime:0.002000s ]
INFO: WriteHtmlCache Behavior ::run [ RunTime:0.001000s ]
INFO: ShowRuntime Behavior ::run [ RunTime:0.002000s ]
INFO: [ view_filter ] --END-- [ RunTime:0.008000s ]
INFO: [ view_end ] --START--
INFO: ShowPageTrace Behavior ::run [ RunTime:0.003001s ]
INFO: [ view_end ] --END-- [ RunTime:0.003001s ]

[ 2016-06-29T11:22:05+08:00 ] 0.0.0.0 /weixin_community/
INFO: [ app_begin ] --START--
INFO: ReadHtmlCache Behavior ::run [ RunTime:0.002000s ]
INFO: [ app_begin ] --END-- [ RunTime:0.002000s ]
NOTIC: [8] curl_setopt(): CURLOPT_SSL_VERIFYHOST no longer accepts the value 1, value 2 will be used instead F:\WWW\weixin_community\ThinkPHP\Extend\Vendor\weixin\jssdk.php 第 99 行.
NOTIC: [8] Trying to get property of non-object F:\WWW\weixin_community\ThinkPHP\Extend\Vendor\weixin\jssdk.php 第 78 行.
NOTIC: [8] curl_setopt(): CURLOPT_SSL_VERIFYHOST no longer accepts the value 1, value 2 will be used instead F:\WWW\weixin_community\ThinkPHP\Extend\Vendor\weixin\jssdk.php 第 99 行.
NOTIC: [8] Trying to get property of non-object F:\WWW\weixin_community\ThinkPHP\Extend\Vendor\weixin\jssdk.php 第 55 行.
INFO: [ view_parse ] --START--
INFO: ParseTemplate Behavior ::run [ RunTime:0.019001s ]
INFO: [ view_parse ] --END-- [ RunTime:0.019001s ]
INFO: [ view_filter ] --START--
INFO: ContentReplace Behavior ::run [ RunTime:0.002000s ]
INFO: TokenBuild Behavior ::run [ RunTime:0.001000s ]
INFO: WriteHtmlCache Behavior ::run [ RunTime:0.002000s ]
INFO: ShowRuntime Behavior ::run [ RunTime:0.001000s ]
INFO: [ view_filter ] --END-- [ RunTime:0.006000s ]
INFO: [ view_end ] --START--
INFO: ShowPageTrace Behavior ::run [ RunTime:0.002000s ]
INFO: [ view_end ] --END-- [ RunTime:0.002000s ]

[ 2016-06-29T11:22:36+08:00 ] 0.0.0.0 /weixin_community/
INFO: [ app_begin ] --START--
INFO: ReadHtmlCache Behavior ::run [ RunTime:0.002000s ]
INFO: [ app_begin ] --END-- [ RunTime:0.002000s ]
NOTIC: [8] curl_setopt(): CURLOPT_SSL_VERIFYHOST no longer accepts the value 1, value 2 will be used instead F:\WWW\weixin_community\ThinkPHP\Extend\Vendor\weixin\jssdk.php 第 99 行.
NOTIC: [8] Trying to get property of non-object F:\WWW\weixin_community\ThinkPHP\Extend\Vendor\weixin\jssdk.php 第 78 行.
NOTIC: [8] curl_setopt(): CURLOPT_SSL_VERIFYHOST no longer accepts the value 1, value 2 will be used instead F:\WWW\weixin_community\ThinkPHP\Extend\Vendor\weixin\jssdk.php 第 99 行.
NOTIC: [8] Trying to get property of non-object F:\WWW\weixin_community\ThinkPHP\Extend\Vendor\weixin\jssdk.php 第 55 行.
INFO: [ view_parse ] --START--
INFO: ParseTemplate Behavior ::run [ RunTime:0.017001s ]
INFO: [ view_parse ] --END-- [ RunTime:0.018001s ]
INFO: [ view_filter ] --START--
INFO: ContentReplace Behavior ::run [ RunTime:0.001000s ]
INFO: TokenBuild Behavior ::run [ RunTime:0.001001s ]
INFO: WriteHtmlCache Behavior ::run [ RunTime:0.001000s ]
INFO: ShowRuntime Behavior ::run [ RunTime:0.002000s ]
INFO: [ view_filter ] --END-- [ RunTime:0.005001s ]
INFO: [ view_end ] --START--
INFO: ShowPageTrace Behavior ::run [ RunTime:0.002000s ]
INFO: [ view_end ] --END-- [ RunTime:0.002000s ]

[ 2016-06-29T11:22:57+08:00 ] 0.0.0.0 /weixin_community/
INFO: [ app_begin ] --START--
INFO: ReadHtmlCache Behavior ::run [ RunTime:0.001000s ]
INFO: [ app_begin ] --END-- [ RunTime:0.001000s ]
NOTIC: [8] curl_setopt(): CURLOPT_SSL_VERIFYHOST no longer accepts the value 1, value 2 will be used instead F:\WWW\weixin_community\ThinkPHP\Extend\Vendor\weixin\jssdk.php 第 99 行.
NOTIC: [8] Trying to get property of non-object F:\WWW\weixin_community\ThinkPHP\Extend\Vendor\weixin\jssdk.php 第 78 行.
NOTIC: [8] curl_setopt(): CURLOPT_SSL_VERIFYHOST no longer accepts the value 1, value 2 will be used instead F:\WWW\weixin_community\ThinkPHP\Extend\Vendor\weixin\jssdk.php 第 99 行.
NOTIC: [8] Trying to get property of non-object F:\WWW\weixin_community\ThinkPHP\Extend\Vendor\weixin\jssdk.php 第 55 行.
INFO: [ view_parse ] --START--
INFO: ParseTemplate Behavior ::run [ RunTime:0.017001s ]
INFO: [ view_parse ] --END-- [ RunTime:0.017001s ]
INFO: [ view_filter ] --START--
INFO: ContentReplace Behavior ::run [ RunTime:0.001001s ]
INFO: TokenBuild Behavior ::run [ RunTime:0.001000s ]
INFO: WriteHtmlCache Behavior ::run [ RunTime:0.001000s ]
INFO: ShowRuntime Behavior ::run [ RunTime:0.002000s ]
INFO: [ view_filter ] --END-- [ RunTime:0.005001s ]
INFO: [ view_end ] --START--
INFO: ShowPageTrace Behavior ::run [ RunTime:0.003000s ]
INFO: [ view_end ] --END-- [ RunTime:0.003000s ]

[ 2016-06-29T11:24:04+08:00 ] 0.0.0.0 /weixin_community/
INFO: [ app_begin ] --START--
INFO: ReadHtmlCache Behavior ::run [ RunTime:0.002000s ]
INFO: [ app_begin ] --END-- [ RunTime:0.003001s ]
NOTIC: [8] curl_setopt(): CURLOPT_SSL_VERIFYHOST no longer accepts the value 1, value 2 will be used instead F:\WWW\weixin_community\ThinkPHP\Extend\Vendor\weixin\jssdk.php 第 99 行.
NOTIC: [8] Trying to get property of non-object F:\WWW\weixin_community\ThinkPHP\Extend\Vendor\weixin\jssdk.php 第 78 行.
NOTIC: [8] curl_setopt(): CURLOPT_SSL_VERIFYHOST no longer accepts the value 1, value 2 will be used instead F:\WWW\weixin_community\ThinkPHP\Extend\Vendor\weixin\jssdk.php 第 99 行.
NOTIC: [8] Trying to get property of non-object F:\WWW\weixin_community\ThinkPHP\Extend\Vendor\weixin\jssdk.php 第 55 行.
INFO: [ view_parse ] --START--
INFO: ParseTemplate Behavior ::run [ RunTime:0.023002s ]
INFO: [ view_parse ] --END-- [ RunTime:0.023002s ]
INFO: [ view_filter ] --START--
INFO: ContentReplace Behavior ::run [ RunTime:0.002000s ]
INFO: TokenBuild Behavior ::run [ RunTime:0.002000s ]
INFO: WriteHtmlCache Behavior ::run [ RunTime:0.002000s ]
INFO: ShowRuntime Behavior ::run [ RunTime:0.003000s ]
INFO: [ view_filter ] --END-- [ RunTime:0.009000s ]
INFO: [ view_end ] --START--
INFO: ShowPageTrace Behavior ::run [ RunTime:0.003000s ]
INFO: [ view_end ] --END-- [ RunTime:0.004000s ]

[ 2016-06-29T11:24:27+08:00 ] 0.0.0.0 /weixin_community/
INFO: [ app_begin ] --START--
INFO: ReadHtmlCache Behavior ::run [ RunTime:0.003001s ]
INFO: [ app_begin ] --END-- [ RunTime:0.003001s ]
NOTIC: [8] curl_setopt(): CURLOPT_SSL_VERIFYHOST no longer accepts the value 1, value 2 will be used instead F:\WWW\weixin_community\ThinkPHP\Extend\Vendor\weixin\jssdk.php 第 99 行.
NOTIC: [8] Trying to get property of non-object F:\WWW\weixin_community\ThinkPHP\Extend\Vendor\weixin\jssdk.php 第 78 行.
NOTIC: [8] curl_setopt(): CURLOPT_SSL_VERIFYHOST no longer accepts the value 1, value 2 will be used instead F:\WWW\weixin_community\ThinkPHP\Extend\Vendor\weixin\jssdk.php 第 99 行.
NOTIC: [8] Trying to get property of non-object F:\WWW\weixin_community\ThinkPHP\Extend\Vendor\weixin\jssdk.php 第 55 行.
INFO: [ view_parse ] --START--
INFO: ParseTemplate Behavior ::run [ RunTime:0.016001s ]
INFO: [ view_parse ] --END-- [ RunTime:0.016001s ]
INFO: [ view_filter ] --START--
INFO: ContentReplace Behavior ::run [ RunTime:0.001000s ]
INFO: TokenBuild Behavior ::run [ RunTime:0.002000s ]
INFO: WriteHtmlCache Behavior ::run [ RunTime:0.002001s ]
INFO: ShowRuntime Behavior ::run [ RunTime:0.001000s ]
INFO: [ view_filter ] --END-- [ RunTime:0.007001s ]
INFO: [ view_end ] --START--
INFO: ShowPageTrace Behavior ::run [ RunTime:0.002000s ]
INFO: [ view_end ] --END-- [ RunTime:0.002000s ]

[ 2016-06-29T11:25:29+08:00 ] 0.0.0.0 /weixin_community/
INFO: [ app_begin ] --START--
INFO: ReadHtmlCache Behavior ::run [ RunTime:0.002000s ]
INFO: [ app_begin ] --END-- [ RunTime:0.002000s ]
NOTIC: [8] curl_setopt(): CURLOPT_SSL_VERIFYHOST no longer accepts the value 1, value 2 will be used instead F:\WWW\weixin_community\ThinkPHP\Extend\Vendor\weixin\jssdk.php 第 99 行.
NOTIC: [8] Trying to get property of non-object F:\WWW\weixin_community\ThinkPHP\Extend\Vendor\weixin\jssdk.php 第 78 行.
NOTIC: [8] curl_setopt(): CURLOPT_SSL_VERIFYHOST no longer accepts the value 1, value 2 will be used instead F:\WWW\weixin_community\ThinkPHP\Extend\Vendor\weixin\jssdk.php 第 99 行.
NOTIC: [8] Trying to get property of non-object F:\WWW\weixin_community\ThinkPHP\Extend\Vendor\weixin\jssdk.php 第 55 行.
INFO: [ view_parse ] --START--
INFO: ParseTemplate Behavior ::run [ RunTime:0.030002s ]
INFO: [ view_parse ] --END-- [ RunTime:0.030002s ]
INFO: [ view_filter ] --START--
INFO: ContentReplace Behavior ::run [ RunTime:0.002000s ]
INFO: TokenBuild Behavior ::run [ RunTime:0.001000s ]
INFO: WriteHtmlCache Behavior ::run [ RunTime:0.002000s ]
INFO: ShowRuntime Behavior ::run [ RunTime:0.001000s ]
INFO: [ view_filter ] --END-- [ RunTime:0.006000s ]
INFO: [ view_end ] --START--
INFO: ShowPageTrace Behavior ::run [ RunTime:0.004001s ]
INFO: [ view_end ] --END-- [ RunTime:0.004001s ]

[ 2016-06-29T11:26:37+08:00 ] 0.0.0.0 /weixin_community/
INFO: [ app_begin ] --START--
INFO: ReadHtmlCache Behavior ::run [ RunTime:0.002000s ]
INFO: [ app_begin ] --END-- [ RunTime:0.002000s ]
NOTIC: [8] curl_setopt(): CURLOPT_SSL_VERIFYHOST no longer accepts the value 1, value 2 will be used instead F:\WWW\weixin_community\ThinkPHP\Extend\Vendor\weixin\jssdk.php 第 99 行.
NOTIC: [8] Trying to get property of non-object F:\WWW\weixin_community\ThinkPHP\Extend\Vendor\weixin\jssdk.php 第 78 行.
NOTIC: [8] curl_setopt(): CURLOPT_SSL_VERIFYHOST no longer accepts the value 1, value 2 will be used instead F:\WWW\weixin_community\ThinkPHP\Extend\Vendor\weixin\jssdk.php 第 99 行.
NOTIC: [8] Trying to get property of non-object F:\WWW\weixin_community\ThinkPHP\Extend\Vendor\weixin\jssdk.php 第 55 行.
INFO: [ view_parse ] --START--
INFO: ParseTemplate Behavior ::run [ RunTime:0.018001s ]
INFO: [ view_parse ] --END-- [ RunTime:0.018001s ]
INFO: [ view_filter ] --START--
INFO: ContentReplace Behavior ::run [ RunTime:0.002000s ]
INFO: TokenBuild Behavior ::run [ RunTime:0.001000s ]
INFO: WriteHtmlCache Behavior ::run [ RunTime:0.001000s ]
INFO: ShowRuntime Behavior ::run [ RunTime:0.001000s ]
INFO: [ view_filter ] --END-- [ RunTime:0.005000s ]
INFO: [ view_end ] --START--
INFO: ShowPageTrace Behavior ::run [ RunTime:0.002000s ]
INFO: [ view_end ] --END-- [ RunTime:0.002000s ]

[ 2016-06-29T11:26:51+08:00 ] 0.0.0.0 /weixin_community/
INFO: [ app_begin ] --START--
INFO: ReadHtmlCache Behavior ::run [ RunTime:0.003000s ]
INFO: [ app_begin ] --END-- [ RunTime:0.003000s ]
NOTIC: [8] curl_setopt(): CURLOPT_SSL_VERIFYHOST no longer accepts the value 1, value 2 will be used instead F:\WWW\weixin_community\ThinkPHP\Extend\Vendor\weixin\jssdk.php 第 99 行.
NOTIC: [8] Trying to get property of non-object F:\WWW\weixin_community\ThinkPHP\Extend\Vendor\weixin\jssdk.php 第 78 行.
NOTIC: [8] curl_setopt(): CURLOPT_SSL_VERIFYHOST no longer accepts the value 1, value 2 will be used instead F:\WWW\weixin_community\ThinkPHP\Extend\Vendor\weixin\jssdk.php 第 99 行.
NOTIC: [8] Trying to get property of non-object F:\WWW\weixin_community\ThinkPHP\Extend\Vendor\weixin\jssdk.php 第 55 行.
INFO: [ view_parse ] --START--
INFO: ParseTemplate Behavior ::run [ RunTime:0.018001s ]
INFO: [ view_parse ] --END-- [ RunTime:0.018001s ]
INFO: [ view_filter ] --START--
INFO: ContentReplace Behavior ::run [ RunTime:0.002001s ]
INFO: TokenBuild Behavior ::run [ RunTime:0.002000s ]
INFO: WriteHtmlCache Behavior ::run [ RunTime:0.001000s ]
INFO: ShowRuntime Behavior ::run [ RunTime:0.002000s ]
INFO: [ view_filter ] --END-- [ RunTime:0.007001s ]
INFO: [ view_end ] --START--
INFO: ShowPageTrace Behavior ::run [ RunTime:0.001000s ]
INFO: [ view_end ] --END-- [ RunTime:0.001000s ]

[ 2016-06-29T11:27:22+08:00 ] 0.0.0.0 /weixin_community/
INFO: [ app_begin ] --START--
INFO: ReadHtmlCache Behavior ::run [ RunTime:0.002000s ]
INFO: [ app_begin ] --END-- [ RunTime:0.002000s ]
NOTIC: [8] curl_setopt(): CURLOPT_SSL_VERIFYHOST no longer accepts the value 1, value 2 will be used instead F:\WWW\weixin_community\ThinkPHP\Extend\Vendor\weixin\jssdk.php 第 99 行.
NOTIC: [8] Trying to get property of non-object F:\WWW\weixin_community\ThinkPHP\Extend\Vendor\weixin\jssdk.php 第 78 行.
NOTIC: [8] curl_setopt(): CURLOPT_SSL_VERIFYHOST no longer accepts the value 1, value 2 will be used instead F:\WWW\weixin_community\ThinkPHP\Extend\Vendor\weixin\jssdk.php 第 99 行.
NOTIC: [8] Trying to get property of non-object F:\WWW\weixin_community\ThinkPHP\Extend\Vendor\weixin\jssdk.php 第 55 行.
INFO: [ view_parse ] --START--
INFO: ParseTemplate Behavior ::run [ RunTime:0.017001s ]
INFO: [ view_parse ] --END-- [ RunTime:0.018001s ]
INFO: [ view_filter ] --START--
INFO: ContentReplace Behavior ::run [ RunTime:0.002000s ]
INFO: TokenBuild Behavior ::run [ RunTime:0.003001s ]
INFO: WriteHtmlCache Behavior ::run [ RunTime:0.002000s ]
INFO: ShowRuntime Behavior ::run [ RunTime:0.002000s ]
INFO: [ view_filter ] --END-- [ RunTime:0.009001s ]
INFO: [ view_end ] --START--
INFO: ShowPageTrace Behavior ::run [ RunTime:0.005000s ]
INFO: [ view_end ] --END-- [ RunTime:0.005000s ]

[ 2016-06-29T11:28:44+08:00 ] 0.0.0.0 /weixin_community/
INFO: [ app_begin ] --START--
INFO: ReadHtmlCache Behavior ::run [ RunTime:0.002000s ]
INFO: [ app_begin ] --END-- [ RunTime:0.002000s ]
NOTIC: [8] curl_setopt(): CURLOPT_SSL_VERIFYHOST no longer accepts the value 1, value 2 will be used instead F:\WWW\weixin_community\ThinkPHP\Extend\Vendor\weixin\jssdk.php 第 99 行.
NOTIC: [8] Trying to get property of non-object F:\WWW\weixin_community\ThinkPHP\Extend\Vendor\weixin\jssdk.php 第 78 行.
NOTIC: [8] curl_setopt(): CURLOPT_SSL_VERIFYHOST no longer accepts the value 1, value 2 will be used instead F:\WWW\weixin_community\ThinkPHP\Extend\Vendor\weixin\jssdk.php 第 99 行.
NOTIC: [8] Trying to get property of non-object F:\WWW\weixin_community\ThinkPHP\Extend\Vendor\weixin\jssdk.php 第 55 行.
INFO: [ view_parse ] --START--
INFO: ParseTemplate Behavior ::run [ RunTime:0.022001s ]
INFO: [ view_parse ] --END-- [ RunTime:0.023001s ]
INFO: [ view_filter ] --START--
INFO: ContentReplace Behavior ::run [ RunTime:0.002000s ]
INFO: TokenBuild Behavior ::run [ RunTime:0.002001s ]
INFO: WriteHtmlCache Behavior ::run [ RunTime:0.002000s ]
INFO: ShowRuntime Behavior ::run [ RunTime:0.001000s ]
INFO: [ view_filter ] --END-- [ RunTime:0.007001s ]
INFO: [ view_end ] --START--
INFO: ShowPageTrace Behavior ::run [ RunTime:0.002000s ]
INFO: [ view_end ] --END-- [ RunTime:0.003000s ]

[ 2016-06-29T11:29:01+08:00 ] 0.0.0.0 /weixin_community/
INFO: [ app_begin ] --START--
INFO: ReadHtmlCache Behavior ::run [ RunTime:0.002000s ]
INFO: [ app_begin ] --END-- [ RunTime:0.002000s ]
NOTIC: [8] curl_setopt(): CURLOPT_SSL_VERIFYHOST no longer accepts the value 1, value 2 will be used instead F:\WWW\weixin_community\ThinkPHP\Extend\Vendor\weixin\jssdk.php 第 99 行.
NOTIC: [8] Trying to get property of non-object F:\WWW\weixin_community\ThinkPHP\Extend\Vendor\weixin\jssdk.php 第 78 行.
NOTIC: [8] curl_setopt(): CURLOPT_SSL_VERIFYHOST no longer accepts the value 1, value 2 will be used instead F:\WWW\weixin_community\ThinkPHP\Extend\Vendor\weixin\jssdk.php 第 99 行.
NOTIC: [8] Trying to get property of non-object F:\WWW\weixin_community\ThinkPHP\Extend\Vendor\weixin\jssdk.php 第 55 行.
INFO: [ view_parse ] --START--
INFO: ParseTemplate Behavior ::run [ RunTime:0.017001s ]
INFO: [ view_parse ] --END-- [ RunTime:0.017001s ]
INFO: [ view_filter ] --START--
INFO: ContentReplace Behavior ::run [ RunTime:0.002000s ]
INFO: TokenBuild Behavior ::run [ RunTime:0.001000s ]
INFO: WriteHtmlCache Behavior ::run [ RunTime:0.001000s ]
INFO: ShowRuntime Behavior ::run [ RunTime:0.002000s ]
INFO: [ view_filter ] --END-- [ RunTime:0.006000s ]
INFO: [ view_end ] --START--
INFO: ShowPageTrace Behavior ::run [ RunTime:0.003000s ]
INFO: [ view_end ] --END-- [ RunTime:0.003000s ]

[ 2016-06-29T11:31:45+08:00 ] 0.0.0.0 /weixin_community/
INFO: [ app_begin ] --START--
INFO: ReadHtmlCache Behavior ::run [ RunTime:0.002001s ]
INFO: [ app_begin ] --END-- [ RunTime:0.002001s ]
NOTIC: [8] curl_setopt(): CURLOPT_SSL_VERIFYHOST no longer accepts the value 1, value 2 will be used instead F:\WWW\weixin_community\ThinkPHP\Extend\Vendor\weixin\jssdk.php 第 99 行.
NOTIC: [8] Trying to get property of non-object F:\WWW\weixin_community\ThinkPHP\Extend\Vendor\weixin\jssdk.php 第 78 行.
NOTIC: [8] curl_setopt(): CURLOPT_SSL_VERIFYHOST no longer accepts the value 1, value 2 will be used instead F:\WWW\weixin_community\ThinkPHP\Extend\Vendor\weixin\jssdk.php 第 99 行.
NOTIC: [8] Trying to get property of non-object F:\WWW\weixin_community\ThinkPHP\Extend\Vendor\weixin\jssdk.php 第 55 行.
INFO: [ view_parse ] --START--
INFO: ParseTemplate Behavior ::run [ RunTime:0.023002s ]
INFO: [ view_parse ] --END-- [ RunTime:0.023002s ]
INFO: [ view_filter ] --START--
INFO: ContentReplace Behavior ::run [ RunTime:0.002000s ]
INFO: TokenBuild Behavior ::run [ RunTime:0.003000s ]
INFO: WriteHtmlCache Behavior ::run [ RunTime:0.002000s ]
INFO: ShowRuntime Behavior ::run [ RunTime:0.001000s ]
INFO: [ view_filter ] --END-- [ RunTime:0.008000s ]
INFO: [ view_end ] --START--
INFO: ShowPageTrace Behavior ::run [ RunTime:0.002000s ]
INFO: [ view_end ] --END-- [ RunTime:0.002000s ]

[ 2016-06-29T11:32:12+08:00 ] 0.0.0.0 /weixin_community/
INFO: [ app_begin ] --START--
INFO: ReadHtmlCache Behavior ::run [ RunTime:0.002000s ]
INFO: [ app_begin ] --END-- [ RunTime:0.002000s ]
NOTIC: [8] curl_setopt(): CURLOPT_SSL_VERIFYHOST no longer accepts the value 1, value 2 will be used instead F:\WWW\weixin_community\ThinkPHP\Extend\Vendor\weixin\jssdk.php 第 99 行.
NOTIC: [8] Trying to get property of non-object F:\WWW\weixin_community\ThinkPHP\Extend\Vendor\weixin\jssdk.php 第 78 行.
NOTIC: [8] curl_setopt(): CURLOPT_SSL_VERIFYHOST no longer accepts the value 1, value 2 will be used instead F:\WWW\weixin_community\ThinkPHP\Extend\Vendor\weixin\jssdk.php 第 99 行.
NOTIC: [8] Trying to get property of non-object F:\WWW\weixin_community\ThinkPHP\Extend\Vendor\weixin\jssdk.php 第 55 行.
INFO: [ view_parse ] --START--
INFO: ParseTemplate Behavior ::run [ RunTime:0.017001s ]
INFO: [ view_parse ] --END-- [ RunTime:0.017001s ]
INFO: [ view_filter ] --START--
INFO: ContentReplace Behavior ::run [ RunTime:0.002000s ]
INFO: TokenBuild Behavior ::run [ RunTime:0.001000s ]
INFO: WriteHtmlCache Behavior ::run [ RunTime:0.002000s ]
INFO: ShowRuntime Behavior ::run [ RunTime:0.001000s ]
INFO: [ view_filter ] --END-- [ RunTime:0.007000s ]
INFO: [ view_end ] --START--
INFO: ShowPageTrace Behavior ::run [ RunTime:0.003001s ]
INFO: [ view_end ] --END-- [ RunTime:0.003001s ]

[ 2016-06-29T11:33:24+08:00 ] 0.0.0.0 /weixin_community/
INFO: [ app_begin ] --START--
INFO: ReadHtmlCache Behavior ::run [ RunTime:0.002000s ]
INFO: [ app_begin ] --END-- [ RunTime:0.002000s ]
NOTIC: [8] curl_setopt(): CURLOPT_SSL_VERIFYHOST no longer accepts the value 1, value 2 will be used instead F:\WWW\weixin_community\ThinkPHP\Extend\Vendor\weixin\jssdk.php 第 99 行.
NOTIC: [8] Trying to get property of non-object F:\WWW\weixin_community\ThinkPHP\Extend\Vendor\weixin\jssdk.php 第 78 行.
NOTIC: [8] curl_setopt(): CURLOPT_SSL_VERIFYHOST no longer accepts the value 1, value 2 will be used instead F:\WWW\weixin_community\ThinkPHP\Extend\Vendor\weixin\jssdk.php 第 99 行.
NOTIC: [8] Trying to get property of non-object F:\WWW\weixin_community\ThinkPHP\Extend\Vendor\weixin\jssdk.php 第 55 行.
INFO: [ view_parse ] --START--
INFO: ParseTemplate Behavior ::run [ RunTime:0.032002s ]
INFO: [ view_parse ] --END-- [ RunTime:0.032002s ]
INFO: [ view_filter ] --START--
INFO: ContentReplace Behavior ::run [ RunTime:0.002000s ]
INFO: TokenBuild Behavior ::run [ RunTime:0.002000s ]
INFO: WriteHtmlCache Behavior ::run [ RunTime:0.001000s ]
INFO: ShowRuntime Behavior ::run [ RunTime:0.002000s ]
INFO: [ view_filter ] --END-- [ RunTime:0.008000s ]
INFO: [ view_end ] --START--
INFO: ShowPageTrace Behavior ::run [ RunTime:0.003000s ]
INFO: [ view_end ] --END-- [ RunTime:0.003000s ]

[ 2016-06-29T11:33:58+08:00 ] 0.0.0.0 /weixin_community/
INFO: [ app_begin ] --START--
INFO: ReadHtmlCache Behavior ::run [ RunTime:0.002000s ]
INFO: [ app_begin ] --END-- [ RunTime:0.002000s ]
NOTIC: [8] curl_setopt(): CURLOPT_SSL_VERIFYHOST no longer accepts the value 1, value 2 will be used instead F:\WWW\weixin_community\ThinkPHP\Extend\Vendor\weixin\jssdk.php 第 99 行.
NOTIC: [8] Trying to get property of non-object F:\WWW\weixin_community\ThinkPHP\Extend\Vendor\weixin\jssdk.php 第 78 行.
NOTIC: [8] curl_setopt(): CURLOPT_SSL_VERIFYHOST no longer accepts the value 1, value 2 will be used instead F:\WWW\weixin_community\ThinkPHP\Extend\Vendor\weixin\jssdk.php 第 99 行.
NOTIC: [8] Trying to get property of non-object F:\WWW\weixin_community\ThinkPHP\Extend\Vendor\weixin\jssdk.php 第 55 行.
INFO: [ view_parse ] --START--
INFO: ParseTemplate Behavior ::run [ RunTime:0.016001s ]
INFO: [ view_parse ] --END-- [ RunTime:0.016001s ]
INFO: [ view_filter ] --START--
INFO: ContentReplace Behavior ::run [ RunTime:0.002001s ]
INFO: TokenBuild Behavior ::run [ RunTime:0.001000s ]
INFO: WriteHtmlCache Behavior ::run [ RunTime:0.001000s ]
INFO: ShowRuntime Behavior ::run [ RunTime:0.001000s ]
INFO: [ view_filter ] --END-- [ RunTime:0.005001s ]
INFO: [ view_end ] --START--
INFO: ShowPageTrace Behavior ::run [ RunTime:0.002000s ]
INFO: [ view_end ] --END-- [ RunTime:0.002000s ]

[ 2016-06-29T11:34:25+08:00 ] 0.0.0.0 /weixin_community/
INFO: [ app_begin ] --START--
INFO: ReadHtmlCache Behavior ::run [ RunTime:0.003000s ]
INFO: [ app_begin ] --END-- [ RunTime:0.004000s ]
NOTIC: [8] curl_setopt(): CURLOPT_SSL_VERIFYHOST no longer accepts the value 1, value 2 will be used instead F:\WWW\weixin_community\ThinkPHP\Extend\Vendor\weixin\jssdk.php 第 99 行.
NOTIC: [8] Trying to get property of non-object F:\WWW\weixin_community\ThinkPHP\Extend\Vendor\weixin\jssdk.php 第 78 行.
NOTIC: [8] curl_setopt(): CURLOPT_SSL_VERIFYHOST no longer accepts the value 1, value 2 will be used instead F:\WWW\weixin_community\ThinkPHP\Extend\Vendor\weixin\jssdk.php 第 99 行.
NOTIC: [8] Trying to get property of non-object F:\WWW\weixin_community\ThinkPHP\Extend\Vendor\weixin\jssdk.php 第 55 行.
INFO: [ view_parse ] --START--
INFO: ParseTemplate Behavior ::run [ RunTime:0.018001s ]
INFO: [ view_parse ] --END-- [ RunTime:0.018001s ]
INFO: [ view_filter ] --START--
INFO: ContentReplace Behavior ::run [ RunTime:0.001000s ]
INFO: TokenBuild Behavior ::run [ RunTime:0.002001s ]
INFO: WriteHtmlCache Behavior ::run [ RunTime:0.002000s ]
INFO: ShowRuntime Behavior ::run [ RunTime:0.002000s ]
INFO: [ view_filter ] --END-- [ RunTime:0.007001s ]
INFO: [ view_end ] --START--
INFO: ShowPageTrace Behavior ::run [ RunTime:0.002000s ]
INFO: [ view_end ] --END-- [ RunTime:0.003000s ]

[ 2016-06-29T11:34:37+08:00 ] 0.0.0.0 /weixin_community/
INFO: [ app_begin ] --START--
INFO: ReadHtmlCache Behavior ::run [ RunTime:0.004000s ]
INFO: [ app_begin ] --END-- [ RunTime:0.004000s ]
NOTIC: [8] curl_setopt(): CURLOPT_SSL_VERIFYHOST no longer accepts the value 1, value 2 will be used instead F:\WWW\weixin_community\ThinkPHP\Extend\Vendor\weixin\jssdk.php 第 99 行.
NOTIC: [8] Trying to get property of non-object F:\WWW\weixin_community\ThinkPHP\Extend\Vendor\weixin\jssdk.php 第 78 行.
NOTIC: [8] curl_setopt(): CURLOPT_SSL_VERIFYHOST no longer accepts the value 1, value 2 will be used instead F:\WWW\weixin_community\ThinkPHP\Extend\Vendor\weixin\jssdk.php 第 99 行.
NOTIC: [8] Trying to get property of non-object F:\WWW\weixin_community\ThinkPHP\Extend\Vendor\weixin\jssdk.php 第 55 行.
INFO: [ view_parse ] --START--
INFO: ParseTemplate Behavior ::run [ RunTime:0.021002s ]
INFO: [ view_parse ] --END-- [ RunTime:0.022002s ]
INFO: [ view_filter ] --START--
INFO: ContentReplace Behavior ::run [ RunTime:0.002000s ]
INFO: TokenBuild Behavior ::run [ RunTime:0.002000s ]
INFO: WriteHtmlCache Behavior ::run [ RunTime:0.002000s ]
INFO: ShowRuntime Behavior ::run [ RunTime:0.003000s ]
INFO: [ view_filter ] --END-- [ RunTime:0.009000s ]
INFO: [ view_end ] --START--
INFO: ShowPageTrace Behavior ::run [ RunTime:0.003000s ]
INFO: [ view_end ] --END-- [ RunTime:0.003000s ]

[ 2016-06-29T11:37:14+08:00 ] 0.0.0.0 /weixin_community/
INFO: [ app_begin ] --START--
INFO: ReadHtmlCache Behavior ::run [ RunTime:0.002000s ]
INFO: [ app_begin ] --END-- [ RunTime:0.002000s ]
NOTIC: [8] curl_setopt(): CURLOPT_SSL_VERIFYHOST no longer accepts the value 1, value 2 will be used instead F:\WWW\weixin_community\ThinkPHP\Extend\Vendor\weixin\jssdk.php 第 99 行.
NOTIC: [8] Trying to get property of non-object F:\WWW\weixin_community\ThinkPHP\Extend\Vendor\weixin\jssdk.php 第 78 行.
NOTIC: [8] curl_setopt(): CURLOPT_SSL_VERIFYHOST no longer accepts the value 1, value 2 will be used instead F:\WWW\weixin_community\ThinkPHP\Extend\Vendor\weixin\jssdk.php 第 99 行.
NOTIC: [8] Trying to get property of non-object F:\WWW\weixin_community\ThinkPHP\Extend\Vendor\weixin\jssdk.php 第 55 行.
INFO: [ view_parse ] --START--
INFO: ParseTemplate Behavior ::run [ RunTime:0.019001s ]
INFO: [ view_parse ] --END-- [ RunTime:0.020001s ]
INFO: [ view_filter ] --START--
INFO: ContentReplace Behavior ::run [ RunTime:0.002001s ]
INFO: TokenBuild Behavior ::run [ RunTime:0.001000s ]
INFO: WriteHtmlCache Behavior ::run [ RunTime:0.002000s ]
INFO: ShowRuntime Behavior ::run [ RunTime:0.001000s ]
INFO: [ view_filter ] --END-- [ RunTime:0.006001s ]
INFO: [ view_end ] --START--
INFO: ShowPageTrace Behavior ::run [ RunTime:0.002000s ]
INFO: [ view_end ] --END-- [ RunTime:0.002000s ]

[ 2016-06-29T11:38:14+08:00 ] 0.0.0.0 /weixin_community/
INFO: [ app_begin ] --START--
INFO: ReadHtmlCache Behavior ::run [ RunTime:0.002000s ]
INFO: [ app_begin ] --END-- [ RunTime:0.002000s ]
NOTIC: [8] curl_setopt(): CURLOPT_SSL_VERIFYHOST no longer accepts the value 1, value 2 will be used instead F:\WWW\weixin_community\ThinkPHP\Extend\Vendor\weixin\jssdk.php 第 99 行.
NOTIC: [8] Trying to get property of non-object F:\WWW\weixin_community\ThinkPHP\Extend\Vendor\weixin\jssdk.php 第 78 行.
NOTIC: [8] curl_setopt(): CURLOPT_SSL_VERIFYHOST no longer accepts the value 1, value 2 will be used instead F:\WWW\weixin_community\ThinkPHP\Extend\Vendor\weixin\jssdk.php 第 99 行.
NOTIC: [8] Trying to get property of non-object F:\WWW\weixin_community\ThinkPHP\Extend\Vendor\weixin\jssdk.php 第 55 行.
INFO: [ view_parse ] --START--
INFO: ParseTemplate Behavior ::run [ RunTime:0.015001s ]
INFO: [ view_parse ] --END-- [ RunTime:0.015001s ]
INFO: [ view_filter ] --START--
INFO: ContentReplace Behavior ::run [ RunTime:0.002000s ]
INFO: TokenBuild Behavior ::run [ RunTime:0.001000s ]
INFO: WriteHtmlCache Behavior ::run [ RunTime:0.001001s ]
INFO: ShowRuntime Behavior ::run [ RunTime:0.001000s ]
INFO: [ view_filter ] --END-- [ RunTime:0.005001s ]
INFO: [ view_end ] --START--
INFO: ShowPageTrace Behavior ::run [ RunTime:0.002000s ]
INFO: [ view_end ] --END-- [ RunTime:0.002000s ]

[ 2016-06-29T11:38:39+08:00 ] 0.0.0.0 /weixin_community/
INFO: [ app_begin ] --START--
INFO: ReadHtmlCache Behavior ::run [ RunTime:0.002000s ]
INFO: [ app_begin ] --END-- [ RunTime:0.002000s ]
NOTIC: [8] curl_setopt(): CURLOPT_SSL_VERIFYHOST no longer accepts the value 1, value 2 will be used instead F:\WWW\weixin_community\ThinkPHP\Extend\Vendor\weixin\jssdk.php 第 99 行.
NOTIC: [8] Trying to get property of non-object F:\WWW\weixin_community\ThinkPHP\Extend\Vendor\weixin\jssdk.php 第 78 行.
NOTIC: [8] curl_setopt(): CURLOPT_SSL_VERIFYHOST no longer accepts the value 1, value 2 will be used instead F:\WWW\weixin_community\ThinkPHP\Extend\Vendor\weixin\jssdk.php 第 99 行.
NOTIC: [8] Trying to get property of non-object F:\WWW\weixin_community\ThinkPHP\Extend\Vendor\weixin\jssdk.php 第 55 行.
INFO: [ view_parse ] --START--
INFO: ParseTemplate Behavior ::run [ RunTime:0.018001s ]
INFO: [ view_parse ] --END-- [ RunTime:0.018001s ]
INFO: [ view_filter ] --START--
INFO: ContentReplace Behavior ::run [ RunTime:0.001000s ]
INFO: TokenBuild Behavior ::run [ RunTime:0.001000s ]
INFO: WriteHtmlCache Behavior ::run [ RunTime:0.002000s ]
INFO: ShowRuntime Behavior ::run [ RunTime:0.001000s ]
INFO: [ view_filter ] --END-- [ RunTime:0.005000s ]
INFO: [ view_end ] --START--
INFO: ShowPageTrace Behavior ::run [ RunTime:0.001000s ]
INFO: [ view_end ] --END-- [ RunTime:0.001000s ]

[ 2016-06-29T11:39:16+08:00 ] 0.0.0.0 /weixin_community/
INFO: [ app_begin ] --START--
INFO: ReadHtmlCache Behavior ::run [ RunTime:0.002000s ]
INFO: [ app_begin ] --END-- [ RunTime:0.002000s ]
NOTIC: [8] curl_setopt(): CURLOPT_SSL_VERIFYHOST no longer accepts the value 1, value 2 will be used instead F:\WWW\weixin_community\ThinkPHP\Extend\Vendor\weixin\jssdk.php 第 99 行.
NOTIC: [8] Trying to get property of non-object F:\WWW\weixin_community\ThinkPHP\Extend\Vendor\weixin\jssdk.php 第 78 行.
NOTIC: [8] curl_setopt(): CURLOPT_SSL_VERIFYHOST no longer accepts the value 1, value 2 will be used instead F:\WWW\weixin_community\ThinkPHP\Extend\Vendor\weixin\jssdk.php 第 99 行.
NOTIC: [8] Trying to get property of non-object F:\WWW\weixin_community\ThinkPHP\Extend\Vendor\weixin\jssdk.php 第 55 行.
INFO: [ view_parse ] --START--
INFO: ParseTemplate Behavior ::run [ RunTime:0.024001s ]
INFO: [ view_parse ] --END-- [ RunTime:0.024001s ]
INFO: [ view_filter ] --START--
INFO: ContentReplace Behavior ::run [ RunTime:0.003000s ]
INFO: TokenBuild Behavior ::run [ RunTime:0.002000s ]
INFO: WriteHtmlCache Behavior ::run [ RunTime:0.002000s ]
INFO: ShowRuntime Behavior ::run [ RunTime:0.003001s ]
INFO: [ view_filter ] --END-- [ RunTime:0.010001s ]
INFO: [ view_end ] --START--
INFO: ShowPageTrace Behavior ::run [ RunTime:0.004000s ]
INFO: [ view_end ] --END-- [ RunTime:0.005000s ]

[ 2016-06-29T11:49:57+08:00 ] 0.0.0.0 /weixin_community/
INFO: [ app_begin ] --START--
INFO: ReadHtmlCache Behavior ::run [ RunTime:0.002000s ]
INFO: [ app_begin ] --END-- [ RunTime:0.002000s ]
NOTIC: [8] curl_setopt(): CURLOPT_SSL_VERIFYHOST no longer accepts the value 1, value 2 will be used instead F:\WWW\weixin_community\ThinkPHP\Extend\Vendor\weixin\jssdk.php 第 99 行.
NOTIC: [8] Trying to get property of non-object F:\WWW\weixin_community\ThinkPHP\Extend\Vendor\weixin\jssdk.php 第 78 行.
NOTIC: [8] curl_setopt(): CURLOPT_SSL_VERIFYHOST no longer accepts the value 1, value 2 will be used instead F:\WWW\weixin_community\ThinkPHP\Extend\Vendor\weixin\jssdk.php 第 99 行.
NOTIC: [8] Trying to get property of non-object F:\WWW\weixin_community\ThinkPHP\Extend\Vendor\weixin\jssdk.php 第 55 行.
INFO: [ view_parse ] --START--
INFO: ParseTemplate Behavior ::run [ RunTime:0.034002s ]
INFO: [ view_parse ] --END-- [ RunTime:0.034002s ]
INFO: [ view_filter ] --START--
INFO: ContentReplace Behavior ::run [ RunTime:0.002000s ]
INFO: TokenBuild Behavior ::run [ RunTime:0.002000s ]
INFO: WriteHtmlCache Behavior ::run [ RunTime:0.002000s ]
INFO: ShowRuntime Behavior ::run [ RunTime:0.002000s ]
INFO: [ view_filter ] --END-- [ RunTime:0.008000s ]
INFO: [ view_end ] --START--
INFO: ShowPageTrace Behavior ::run [ RunTime:0.003000s ]
INFO: [ view_end ] --END-- [ RunTime:0.003000s ]

[ 2016-06-29T11:50:02+08:00 ] 0.0.0.0 /weixin_community/index.php?m=Index&a=upload_chw
INFO: [ app_begin ] --START--
INFO: ReadHtmlCache Behavior ::run [ RunTime:0.001000s ]
INFO: [ app_begin ] --END-- [ RunTime:0.001000s ]
NOTIC: [8] curl_setopt(): CURLOPT_SSL_VERIFYHOST no longer accepts the value 1, value 2 will be used instead F:\WWW\weixin_community\ThinkPHP\Extend\Vendor\weixin\jssdk.php 第 99 行.
NOTIC: [8] Trying to get property of non-object F:\WWW\weixin_community\ThinkPHP\Extend\Vendor\weixin\jssdk.php 第 78 行.
NOTIC: [8] curl_setopt(): CURLOPT_SSL_VERIFYHOST no longer accepts the value 1, value 2 will be used instead F:\WWW\weixin_community\ThinkPHP\Extend\Vendor\weixin\jssdk.php 第 99 行.
NOTIC: [8] Trying to get property of non-object F:\WWW\weixin_community\ThinkPHP\Extend\Vendor\weixin\jssdk.php 第 55 行.
SQL: SHOW COLUMNS FROM `taobao` [ RunTime:0.011001s ]
SQL: INSERT INTO `taobao` (`url`) VALUES ('http://chw.image.alimmdn.com/guangjia/7d050d4b89b35e703da2b2c3b128c873_1.jpg') [ RunTime:0.011001s ]
SQL: SELECT * FROM `taobao` WHERE ( id=1 ) LIMIT 1   [ RunTime:0.012001s ]

[ 2016-06-29T11:53:00+08:00 ] 0.0.0.0 /weixin_community/
INFO: [ app_begin ] --START--
INFO: ReadHtmlCache Behavior ::run [ RunTime:0.002000s ]
INFO: [ app_begin ] --END-- [ RunTime:0.003001s ]
NOTIC: [8] curl_setopt(): CURLOPT_SSL_VERIFYHOST no longer accepts the value 1, value 2 will be used instead F:\WWW\weixin_community\ThinkPHP\Extend\Vendor\weixin\jssdk.php 第 99 行.
NOTIC: [8] Trying to get property of non-object F:\WWW\weixin_community\ThinkPHP\Extend\Vendor\weixin\jssdk.php 第 78 行.
NOTIC: [8] curl_setopt(): CURLOPT_SSL_VERIFYHOST no longer accepts the value 1, value 2 will be used instead F:\WWW\weixin_community\ThinkPHP\Extend\Vendor\weixin\jssdk.php 第 99 行.
NOTIC: [8] Trying to get property of non-object F:\WWW\weixin_community\ThinkPHP\Extend\Vendor\weixin\jssdk.php 第 55 行.
INFO: [ view_parse ] --START--
INFO: ParseTemplate Behavior ::run [ RunTime:0.021001s ]
INFO: [ view_parse ] --END-- [ RunTime:0.021001s ]
INFO: [ view_filter ] --START--
INFO: ContentReplace Behavior ::run [ RunTime:0.003000s ]
INFO: TokenBuild Behavior ::run [ RunTime:0.002000s ]
INFO: WriteHtmlCache Behavior ::run [ RunTime:0.002001s ]
INFO: ShowRuntime Behavior ::run [ RunTime:0.002000s ]
INFO: [ view_filter ] --END-- [ RunTime:0.009001s ]
INFO: [ view_end ] --START--
INFO: ShowPageTrace Behavior ::run [ RunTime:0.002000s ]
INFO: [ view_end ] --END-- [ RunTime:0.003000s ]

[ 2016-06-29T11:54:20+08:00 ] 0.0.0.0 /weixin_community/
INFO: [ app_begin ] --START--
INFO: ReadHtmlCache Behavior ::run [ RunTime:0.001000s ]
INFO: [ app_begin ] --END-- [ RunTime:0.001000s ]
NOTIC: [8] curl_setopt(): CURLOPT_SSL_VERIFYHOST no longer accepts the value 1, value 2 will be used instead F:\WWW\weixin_community\ThinkPHP\Extend\Vendor\weixin\jssdk.php 第 99 行.
NOTIC: [8] Trying to get property of non-object F:\WWW\weixin_community\ThinkPHP\Extend\Vendor\weixin\jssdk.php 第 78 行.
NOTIC: [8] curl_setopt(): CURLOPT_SSL_VERIFYHOST no longer accepts the value 1, value 2 will be used instead F:\WWW\weixin_community\ThinkPHP\Extend\Vendor\weixin\jssdk.php 第 99 行.
NOTIC: [8] Trying to get property of non-object F:\WWW\weixin_community\ThinkPHP\Extend\Vendor\weixin\jssdk.php 第 55 行.
INFO: [ view_parse ] --START--
INFO: ParseTemplate Behavior ::run [ RunTime:0.024002s ]
INFO: [ view_parse ] --END-- [ RunTime:0.024002s ]
INFO: [ view_filter ] --START--
INFO: ContentReplace Behavior ::run [ RunTime:0.002000s ]
INFO: TokenBuild Behavior ::run [ RunTime:0.001000s ]
INFO: WriteHtmlCache Behavior ::run [ RunTime:0.001000s ]
INFO: ShowRuntime Behavior ::run [ RunTime:0.002000s ]
INFO: [ view_filter ] --END-- [ RunTime:0.006000s ]
INFO: [ view_end ] --START--
INFO: ShowPageTrace Behavior ::run [ RunTime:0.002000s ]
INFO: [ view_end ] --END-- [ RunTime:0.002000s ]

[ 2016-06-29T11:54:25+08:00 ] 0.0.0.0 /weixin_community/index.php?m=Index&a=upload_chw
INFO: [ app_begin ] --START--
INFO: ReadHtmlCache Behavior ::run [ RunTime:0.002000s ]
INFO: [ app_begin ] --END-- [ RunTime:0.002000s ]
NOTIC: [8] curl_setopt(): CURLOPT_SSL_VERIFYHOST no longer accepts the value 1, value 2 will be used instead F:\WWW\weixin_community\ThinkPHP\Extend\Vendor\weixin\jssdk.php 第 99 行.
NOTIC: [8] Trying to get property of non-object F:\WWW\weixin_community\ThinkPHP\Extend\Vendor\weixin\jssdk.php 第 78 行.
NOTIC: [8] curl_setopt(): CURLOPT_SSL_VERIFYHOST no longer accepts the value 1, value 2 will be used instead F:\WWW\weixin_community\ThinkPHP\Extend\Vendor\weixin\jssdk.php 第 99 行.
NOTIC: [8] Trying to get property of non-object F:\WWW\weixin_community\ThinkPHP\Extend\Vendor\weixin\jssdk.php 第 55 行.
SQL: SHOW COLUMNS FROM `taobao` [ RunTime:0.010001s ]
SQL: INSERT INTO `taobao` (`url`) VALUES ('http://chw.image.alimmdn.com/guangjia/05f66f5663dfc26c40bd4127f9bc796b_1.jpg') [ RunTime:0.011001s ]
SQL: SELECT * FROM `taobao` WHERE ( id=2 ) LIMIT 1   [ RunTime:0.012000s ]

[ 2016-06-29T14:24:44+08:00 ] 0.0.0.0 /weixin_community/
INFO: [ app_begin ] --START--
INFO: ReadHtmlCache Behavior ::run [ RunTime:0.003000s ]
INFO: [ app_begin ] --END-- [ RunTime:0.003000s ]
NOTIC: [8] curl_setopt(): CURLOPT_SSL_VERIFYHOST no longer accepts the value 1, value 2 will be used instead F:\WWW\weixin_community\ThinkPHP\Extend\Vendor\weixin\jssdk.php 第 99 行.
NOTIC: [8] Trying to get property of non-object F:\WWW\weixin_community\ThinkPHP\Extend\Vendor\weixin\jssdk.php 第 78 行.
NOTIC: [8] curl_setopt(): CURLOPT_SSL_VERIFYHOST no longer accepts the value 1, value 2 will be used instead F:\WWW\weixin_community\ThinkPHP\Extend\Vendor\weixin\jssdk.php 第 99 行.
NOTIC: [8] Trying to get property of non-object F:\WWW\weixin_community\ThinkPHP\Extend\Vendor\weixin\jssdk.php 第 55 行.
INFO: [ view_parse ] --START--
INFO: ParseTemplate Behavior ::run [ RunTime:0.035002s ]
INFO: [ view_parse ] --END-- [ RunTime:0.035002s ]
INFO: [ view_filter ] --START--
INFO: ContentReplace Behavior ::run [ RunTime:0.001000s ]
INFO: TokenBuild Behavior ::run [ RunTime:0.002000s ]
INFO: WriteHtmlCache Behavior ::run [ RunTime:0.001000s ]
INFO: ShowRuntime Behavior ::run [ RunTime:0.002001s ]
INFO: [ view_filter ] --END-- [ RunTime:0.006001s ]
INFO: [ view_end ] --START--
INFO: ShowPageTrace Behavior ::run [ RunTime:0.003000s ]
INFO: [ view_end ] --END-- [ RunTime:0.003000s ]

[ 2016-06-29T14:31:53+08:00 ] 0.0.0.0 /weixin_community/
INFO: [ app_begin ] --START--
INFO: ReadHtmlCache Behavior ::run [ RunTime:0.002000s ]
INFO: [ app_begin ] --END-- [ RunTime:0.002000s ]
NOTIC: [8] curl_setopt(): CURLOPT_SSL_VERIFYHOST no longer accepts the value 1, value 2 will be used instead F:\WWW\weixin_community\ThinkPHP\Extend\Vendor\weixin\jssdk.php 第 99 行.
NOTIC: [8] Trying to get property of non-object F:\WWW\weixin_community\ThinkPHP\Extend\Vendor\weixin\jssdk.php 第 78 行.
NOTIC: [8] curl_setopt(): CURLOPT_SSL_VERIFYHOST no longer accepts the value 1, value 2 will be used instead F:\WWW\weixin_community\ThinkPHP\Extend\Vendor\weixin\jssdk.php 第 99 行.
NOTIC: [8] Trying to get property of non-object F:\WWW\weixin_community\ThinkPHP\Extend\Vendor\weixin\jssdk.php 第 55 行.
INFO: [ view_parse ] --START--
INFO: ParseTemplate Behavior ::run [ RunTime:0.040002s ]
INFO: [ view_parse ] --END-- [ RunTime:0.040002s ]
INFO: [ view_filter ] --START--
INFO: ContentReplace Behavior ::run [ RunTime:0.005001s ]
INFO: TokenBuild Behavior ::run [ RunTime:0.002000s ]
INFO: WriteHtmlCache Behavior ::run [ RunTime:0.002000s ]
INFO: ShowRuntime Behavior ::run [ RunTime:0.004000s ]
INFO: [ view_filter ] --END-- [ RunTime:0.013001s ]
INFO: [ view_end ] --START--
INFO: ShowPageTrace Behavior ::run [ RunTime:0.006001s ]
INFO: [ view_end ] --END-- [ RunTime:0.006001s ]

[ 2016-06-29T14:32:05+08:00 ] 0.0.0.0 /weixin_community/index.php?m=Index&a=upload_chw
INFO: [ app_begin ] --START--
INFO: ReadHtmlCache Behavior ::run [ RunTime:0.001000s ]
INFO: [ app_begin ] --END-- [ RunTime:0.001000s ]
NOTIC: [8] curl_setopt(): CURLOPT_SSL_VERIFYHOST no longer accepts the value 1, value 2 will be used instead F:\WWW\weixin_community\ThinkPHP\Extend\Vendor\weixin\jssdk.php 第 99 行.
NOTIC: [8] Trying to get property of non-object F:\WWW\weixin_community\ThinkPHP\Extend\Vendor\weixin\jssdk.php 第 78 行.
NOTIC: [8] curl_setopt(): CURLOPT_SSL_VERIFYHOST no longer accepts the value 1, value 2 will be used instead F:\WWW\weixin_community\ThinkPHP\Extend\Vendor\weixin\jssdk.php 第 99 行.
NOTIC: [8] Trying to get property of non-object F:\WWW\weixin_community\ThinkPHP\Extend\Vendor\weixin\jssdk.php 第 55 行.
SQL: SHOW COLUMNS FROM `taobao` [ RunTime:0.011000s ]
SQL: INSERT INTO `taobao` (`url`) VALUES ('http://chw.image.alimmdn.com/guangjia/cebHoNp1R73rY.jpg') [ RunTime:0.010001s ]
SQL: SELECT * FROM `taobao` WHERE ( id=19 ) LIMIT 1   [ RunTime:0.010000s ]

[ 2016-06-29T14:35:10+08:00 ] 0.0.0.0 /weixin_community/
INFO: [ app_begin ] --START--
INFO: ReadHtmlCache Behavior ::run [ RunTime:0.002000s ]
INFO: [ app_begin ] --END-- [ RunTime:0.002000s ]
NOTIC: [8] curl_setopt(): CURLOPT_SSL_VERIFYHOST no longer accepts the value 1, value 2 will be used instead F:\WWW\weixin_community\ThinkPHP\Extend\Vendor\weixin\jssdk.php 第 99 行.
NOTIC: [8] Trying to get property of non-object F:\WWW\weixin_community\ThinkPHP\Extend\Vendor\weixin\jssdk.php 第 78 行.
NOTIC: [8] curl_setopt(): CURLOPT_SSL_VERIFYHOST no longer accepts the value 1, value 2 will be used instead F:\WWW\weixin_community\ThinkPHP\Extend\Vendor\weixin\jssdk.php 第 99 行.
NOTIC: [8] Trying to get property of non-object F:\WWW\weixin_community\ThinkPHP\Extend\Vendor\weixin\jssdk.php 第 55 行.
INFO: [ view_parse ] --START--
INFO: ParseTemplate Behavior ::run [ RunTime:0.021001s ]
INFO: [ view_parse ] --END-- [ RunTime:0.021001s ]
INFO: [ view_filter ] --START--
INFO: ContentReplace Behavior ::run [ RunTime:0.002000s ]
INFO: TokenBuild Behavior ::run [ RunTime:0.002000s ]
INFO: WriteHtmlCache Behavior ::run [ RunTime:0.001000s ]
INFO: ShowRuntime Behavior ::run [ RunTime:0.002000s ]
INFO: [ view_filter ] --END-- [ RunTime:0.007000s ]
INFO: [ view_end ] --START--
INFO: ShowPageTrace Behavior ::run [ RunTime:0.003001s ]
INFO: [ view_end ] --END-- [ RunTime:0.005001s ]

[ 2016-06-29T14:36:30+08:00 ] 0.0.0.0 /weixin_community/index.php?m=Index&a=upload_chw
INFO: [ app_begin ] --START--
INFO: ReadHtmlCache Behavior ::run [ RunTime:0.001000s ]
INFO: [ app_begin ] --END-- [ RunTime:0.001000s ]
NOTIC: [8] curl_setopt(): CURLOPT_SSL_VERIFYHOST no longer accepts the value 1, value 2 will be used instead F:\WWW\weixin_community\ThinkPHP\Extend\Vendor\weixin\jssdk.php 第 99 行.
NOTIC: [8] Trying to get property of non-object F:\WWW\weixin_community\ThinkPHP\Extend\Vendor\weixin\jssdk.php 第 78 行.
NOTIC: [8] curl_setopt(): CURLOPT_SSL_VERIFYHOST no longer accepts the value 1, value 2 will be used instead F:\WWW\weixin_community\ThinkPHP\Extend\Vendor\weixin\jssdk.php 第 99 行.
NOTIC: [8] Trying to get property of non-object F:\WWW\weixin_community\ThinkPHP\Extend\Vendor\weixin\jssdk.php 第 55 行.
SQL: SHOW COLUMNS FROM `taobao` [ RunTime:0.012000s ]
SQL: INSERT INTO `taobao` (`url`) VALUES ('http://chw.image.alimmdn.com/guangjia/beauty.png') [ RunTime:0.010001s ]
SQL: SELECT * FROM `taobao` WHERE ( id=20 ) LIMIT 1   [ RunTime:0.010000s ]

[ 2016-06-29T14:37:40+08:00 ] 0.0.0.0 /weixin_community/
INFO: [ app_begin ] --START--
INFO: ReadHtmlCache Behavior ::run [ RunTime:0.002000s ]
INFO: [ app_begin ] --END-- [ RunTime:0.002000s ]
NOTIC: [8] curl_setopt(): CURLOPT_SSL_VERIFYHOST no longer accepts the value 1, value 2 will be used instead F:\WWW\weixin_community\ThinkPHP\Extend\Vendor\weixin\jssdk.php 第 99 行.
NOTIC: [8] Trying to get property of non-object F:\WWW\weixin_community\ThinkPHP\Extend\Vendor\weixin\jssdk.php 第 78 行.
NOTIC: [8] curl_setopt(): CURLOPT_SSL_VERIFYHOST no longer accepts the value 1, value 2 will be used instead F:\WWW\weixin_community\ThinkPHP\Extend\Vendor\weixin\jssdk.php 第 99 行.
NOTIC: [8] Trying to get property of non-object F:\WWW\weixin_community\ThinkPHP\Extend\Vendor\weixin\jssdk.php 第 55 行.
INFO: [ view_parse ] --START--
INFO: ParseTemplate Behavior ::run [ RunTime:0.021001s ]
INFO: [ view_parse ] --END-- [ RunTime:0.022001s ]
INFO: [ view_filter ] --START--
INFO: ContentReplace Behavior ::run [ RunTime:0.002001s ]
INFO: TokenBuild Behavior ::run [ RunTime:0.001000s ]
INFO: WriteHtmlCache Behavior ::run [ RunTime:0.002000s ]
INFO: ShowRuntime Behavior ::run [ RunTime:0.001000s ]
INFO: [ view_filter ] --END-- [ RunTime:0.006001s ]
INFO: [ view_end ] --START--
INFO: ShowPageTrace Behavior ::run [ RunTime:0.003000s ]
INFO: [ view_end ] --END-- [ RunTime:0.003000s ]

[ 2016-06-29T14:38:33+08:00 ] 0.0.0.0 /weixin_community/
INFO: [ app_begin ] --START--
INFO: ReadHtmlCache Behavior ::run [ RunTime:0.003000s ]
INFO: [ app_begin ] --END-- [ RunTime:0.003000s ]
NOTIC: [8] curl_setopt(): CURLOPT_SSL_VERIFYHOST no longer accepts the value 1, value 2 will be used instead F:\WWW\weixin_community\ThinkPHP\Extend\Vendor\weixin\jssdk.php 第 99 行.
NOTIC: [8] Trying to get property of non-object F:\WWW\weixin_community\ThinkPHP\Extend\Vendor\weixin\jssdk.php 第 78 行.
NOTIC: [8] curl_setopt(): CURLOPT_SSL_VERIFYHOST no longer accepts the value 1, value 2 will be used instead F:\WWW\weixin_community\ThinkPHP\Extend\Vendor\weixin\jssdk.php 第 99 行.
NOTIC: [8] Trying to get property of non-object F:\WWW\weixin_community\ThinkPHP\Extend\Vendor\weixin\jssdk.php 第 55 行.
INFO: [ view_parse ] --START--
INFO: ParseTemplate Behavior ::run [ RunTime:0.020001s ]
INFO: [ view_parse ] --END-- [ RunTime:0.020001s ]
INFO: [ view_filter ] --START--
INFO: ContentReplace Behavior ::run [ RunTime:0.002000s ]
INFO: TokenBuild Behavior ::run [ RunTime:0.002000s ]
INFO: WriteHtmlCache Behavior ::run [ RunTime:0.001000s ]
INFO: ShowRuntime Behavior ::run [ RunTime:0.001000s ]
INFO: [ view_filter ] --END-- [ RunTime:0.006000s ]
INFO: [ view_end ] --START--
INFO: ShowPageTrace Behavior ::run [ RunTime:0.002000s ]
INFO: [ view_end ] --END-- [ RunTime:0.002000s ]

[ 2016-06-29T15:40:49+08:00 ] 0.0.0.0 /weixin_community/
INFO: [ app_begin ] --START--
INFO: ReadHtmlCache Behavior ::run [ RunTime:0.002000s ]
INFO: [ app_begin ] --END-- [ RunTime:0.002000s ]
NOTIC: [8] curl_setopt(): CURLOPT_SSL_VERIFYHOST no longer accepts the value 1, value 2 will be used instead F:\WWW\weixin_community\ThinkPHP\Extend\Vendor\weixin\jssdk.php 第 99 行.
NOTIC: [8] Trying to get property of non-object F:\WWW\weixin_community\ThinkPHP\Extend\Vendor\weixin\jssdk.php 第 78 行.
NOTIC: [8] curl_setopt(): CURLOPT_SSL_VERIFYHOST no longer accepts the value 1, value 2 will be used instead F:\WWW\weixin_community\ThinkPHP\Extend\Vendor\weixin\jssdk.php 第 99 行.
NOTIC: [8] Trying to get property of non-object F:\WWW\weixin_community\ThinkPHP\Extend\Vendor\weixin\jssdk.php 第 55 行.
INFO: [ view_parse ] --START--
INFO: ParseTemplate Behavior ::run [ RunTime:0.031002s ]
INFO: [ view_parse ] --END-- [ RunTime:0.031002s ]
INFO: [ view_filter ] --START--
INFO: ContentReplace Behavior ::run [ RunTime:0.003000s ]
INFO: TokenBuild Behavior ::run [ RunTime:0.002000s ]
INFO: WriteHtmlCache Behavior ::run [ RunTime:0.002000s ]
INFO: ShowRuntime Behavior ::run [ RunTime:0.001000s ]
INFO: [ view_filter ] --END-- [ RunTime:0.008000s ]
INFO: [ view_end ] --START--
INFO: ShowPageTrace Behavior ::run [ RunTime:0.002000s ]
INFO: [ view_end ] --END-- [ RunTime:0.003001s ]

[ 2016-06-29T15:40:53+08:00 ] 0.0.0.0 /weixin_community/
INFO: [ app_begin ] --START--
INFO: ReadHtmlCache Behavior ::run [ RunTime:0.001000s ]
INFO: [ app_begin ] --END-- [ RunTime:0.001000s ]
NOTIC: [8] curl_setopt(): CURLOPT_SSL_VERIFYHOST no longer accepts the value 1, value 2 will be used instead F:\WWW\weixin_community\ThinkPHP\Extend\Vendor\weixin\jssdk.php 第 99 行.
NOTIC: [8] Trying to get property of non-object F:\WWW\weixin_community\ThinkPHP\Extend\Vendor\weixin\jssdk.php 第 78 行.
NOTIC: [8] curl_setopt(): CURLOPT_SSL_VERIFYHOST no longer accepts the value 1, value 2 will be used instead F:\WWW\weixin_community\ThinkPHP\Extend\Vendor\weixin\jssdk.php 第 99 行.
NOTIC: [8] Trying to get property of non-object F:\WWW\weixin_community\ThinkPHP\Extend\Vendor\weixin\jssdk.php 第 55 行.
INFO: [ view_parse ] --START--
INFO: ParseTemplate Behavior ::run [ RunTime:0.025002s ]
INFO: [ view_parse ] --END-- [ RunTime:0.025002s ]
INFO: [ view_filter ] --START--
INFO: ContentReplace Behavior ::run [ RunTime:0.004000s ]
INFO: TokenBuild Behavior ::run [ RunTime:0.002000s ]
INFO: WriteHtmlCache Behavior ::run [ RunTime:0.001000s ]
INFO: ShowRuntime Behavior ::run [ RunTime:0.002000s ]
INFO: [ view_filter ] --END-- [ RunTime:0.010000s ]
INFO: [ view_end ] --START--
INFO: ShowPageTrace Behavior ::run [ RunTime:0.002000s ]
INFO: [ view_end ] --END-- [ RunTime:0.002000s ]

[ 2016-06-29T15:41:16+08:00 ] 0.0.0.0 /weixin_community/
INFO: [ app_begin ] --START--
INFO: ReadHtmlCache Behavior ::run [ RunTime:0.001000s ]
INFO: [ app_begin ] --END-- [ RunTime:0.001000s ]
NOTIC: [8] curl_setopt(): CURLOPT_SSL_VERIFYHOST no longer accepts the value 1, value 2 will be used instead F:\WWW\weixin_community\ThinkPHP\Extend\Vendor\weixin\jssdk.php 第 99 行.
NOTIC: [8] Trying to get property of non-object F:\WWW\weixin_community\ThinkPHP\Extend\Vendor\weixin\jssdk.php 第 78 行.
NOTIC: [8] curl_setopt(): CURLOPT_SSL_VERIFYHOST no longer accepts the value 1, value 2 will be used instead F:\WWW\weixin_community\ThinkPHP\Extend\Vendor\weixin\jssdk.php 第 99 行.
NOTIC: [8] Trying to get property of non-object F:\WWW\weixin_community\ThinkPHP\Extend\Vendor\weixin\jssdk.php 第 55 行.
INFO: [ view_parse ] --START--
INFO: ParseTemplate Behavior ::run [ RunTime:0.019001s ]
INFO: [ view_parse ] --END-- [ RunTime:0.019001s ]
INFO: [ view_filter ] --START--
INFO: ContentReplace Behavior ::run [ RunTime:0.001000s ]
INFO: TokenBuild Behavior ::run [ RunTime:0.001000s ]
INFO: WriteHtmlCache Behavior ::run [ RunTime:0.002000s ]
INFO: ShowRuntime Behavior ::run [ RunTime:0.001000s ]
INFO: [ view_filter ] --END-- [ RunTime:0.006000s ]
INFO: [ view_end ] --START--
INFO: ShowPageTrace Behavior ::run [ RunTime:0.002000s ]
INFO: [ view_end ] --END-- [ RunTime:0.002000s ]

[ 2016-06-29T15:41:24+08:00 ] 0.0.0.0 /weixin_community/index.php?m=Index&a=friends
INFO: [ app_begin ] --START--
INFO: ReadHtmlCache Behavior ::run [ RunTime:0.001001s ]
INFO: [ app_begin ] --END-- [ RunTime:0.002001s ]
NOTIC: [8] curl_setopt(): CURLOPT_SSL_VERIFYHOST no longer accepts the value 1, value 2 will be used instead F:\WWW\weixin_community\ThinkPHP\Extend\Vendor\weixin\jssdk.php 第 99 行.
NOTIC: [8] Trying to get property of non-object F:\WWW\weixin_community\ThinkPHP\Extend\Vendor\weixin\jssdk.php 第 78 行.
NOTIC: [8] curl_setopt(): CURLOPT_SSL_VERIFYHOST no longer accepts the value 1, value 2 will be used instead F:\WWW\weixin_community\ThinkPHP\Extend\Vendor\weixin\jssdk.php 第 99 行.
NOTIC: [8] Trying to get property of non-object F:\WWW\weixin_community\ThinkPHP\Extend\Vendor\weixin\jssdk.php 第 55 行.
INFO: [ view_parse ] --START--
INFO: ParseTemplate Behavior ::run [ RunTime:0.021001s ]
INFO: [ view_parse ] --END-- [ RunTime:0.021001s ]
INFO: [ view_filter ] --START--
INFO: ContentReplace Behavior ::run [ RunTime:0.002000s ]
INFO: TokenBuild Behavior ::run [ RunTime:0.001000s ]
INFO: WriteHtmlCache Behavior ::run [ RunTime:0.001000s ]
INFO: ShowRuntime Behavior ::run [ RunTime:0.001000s ]
INFO: [ view_filter ] --END-- [ RunTime:0.005000s ]
INFO: [ view_end ] --START--
INFO: ShowPageTrace Behavior ::run [ RunTime:0.002000s ]
INFO: [ view_end ] --END-- [ RunTime:0.002000s ]

[ 2016-06-29T15:41:53+08:00 ] 0.0.0.0 /weixin_community/index.php?m=Index&a=friends
INFO: [ app_begin ] --START--
INFO: ReadHtmlCache Behavior ::run [ RunTime:0.001000s ]
INFO: [ app_begin ] --END-- [ RunTime:0.002001s ]
NOTIC: [8] curl_setopt(): CURLOPT_SSL_VERIFYHOST no longer accepts the value 1, value 2 will be used instead F:\WWW\weixin_community\ThinkPHP\Extend\Vendor\weixin\jssdk.php 第 99 行.
NOTIC: [8] Trying to get property of non-object F:\WWW\weixin_community\ThinkPHP\Extend\Vendor\weixin\jssdk.php 第 78 行.
NOTIC: [8] curl_setopt(): CURLOPT_SSL_VERIFYHOST no longer accepts the value 1, value 2 will be used instead F:\WWW\weixin_community\ThinkPHP\Extend\Vendor\weixin\jssdk.php 第 99 行.
NOTIC: [8] Trying to get property of non-object F:\WWW\weixin_community\ThinkPHP\Extend\Vendor\weixin\jssdk.php 第 55 行.
INFO: [ view_parse ] --START--
INFO: ParseTemplate Behavior ::run [ RunTime:0.019001s ]
INFO: [ view_parse ] --END-- [ RunTime:0.019001s ]
INFO: [ view_filter ] --START--
INFO: ContentReplace Behavior ::run [ RunTime:0.002000s ]
INFO: TokenBuild Behavior ::run [ RunTime:0.001001s ]
INFO: WriteHtmlCache Behavior ::run [ RunTime:0.001000s ]
INFO: ShowRuntime Behavior ::run [ RunTime:0.001000s ]
INFO: [ view_filter ] --END-- [ RunTime:0.005001s ]
INFO: [ view_end ] --START--
INFO: ShowPageTrace Behavior ::run [ RunTime:0.007000s ]
INFO: [ view_end ] --END-- [ RunTime:0.007000s ]

[ 2016-06-29T15:41:56+08:00 ] 0.0.0.0 /weixin_community/index.php?m=Index&a=friends
INFO: [ app_begin ] --START--
INFO: ReadHtmlCache Behavior ::run [ RunTime:0.002000s ]
INFO: [ app_begin ] --END-- [ RunTime:0.002000s ]
NOTIC: [8] curl_setopt(): CURLOPT_SSL_VERIFYHOST no longer accepts the value 1, value 2 will be used instead F:\WWW\weixin_community\ThinkPHP\Extend\Vendor\weixin\jssdk.php 第 99 行.
NOTIC: [8] Trying to get property of non-object F:\WWW\weixin_community\ThinkPHP\Extend\Vendor\weixin\jssdk.php 第 78 行.
NOTIC: [8] curl_setopt(): CURLOPT_SSL_VERIFYHOST no longer accepts the value 1, value 2 will be used instead F:\WWW\weixin_community\ThinkPHP\Extend\Vendor\weixin\jssdk.php 第 99 行.
NOTIC: [8] Trying to get property of non-object F:\WWW\weixin_community\ThinkPHP\Extend\Vendor\weixin\jssdk.php 第 55 行.
INFO: [ view_parse ] --START--
INFO: ParseTemplate Behavior ::run [ RunTime:0.019002s ]
INFO: [ view_parse ] --END-- [ RunTime:0.020002s ]
INFO: [ view_filter ] --START--
INFO: ContentReplace Behavior ::run [ RunTime:0.002000s ]
INFO: TokenBuild Behavior ::run [ RunTime:0.002000s ]
INFO: WriteHtmlCache Behavior ::run [ RunTime:0.001000s ]
INFO: ShowRuntime Behavior ::run [ RunTime:0.002000s ]
INFO: [ view_filter ] --END-- [ RunTime:0.008000s ]
INFO: [ view_end ] --START--
INFO: ShowPageTrace Behavior ::run [ RunTime:0.002000s ]
INFO: [ view_end ] --END-- [ RunTime:0.002000s ]

[ 2016-06-29T15:41:57+08:00 ] 0.0.0.0 /weixin_community/index.php?m=Index&a=friends
INFO: [ app_begin ] --START--
INFO: ReadHtmlCache Behavior ::run [ RunTime:0.001000s ]
INFO: [ app_begin ] --END-- [ RunTime:0.001000s ]
NOTIC: [8] curl_setopt(): CURLOPT_SSL_VERIFYHOST no longer accepts the value 1, value 2 will be used instead F:\WWW\weixin_community\ThinkPHP\Extend\Vendor\weixin\jssdk.php 第 99 行.
NOTIC: [8] Trying to get property of non-object F:\WWW\weixin_community\ThinkPHP\Extend\Vendor\weixin\jssdk.php 第 78 行.
NOTIC: [8] curl_setopt(): CURLOPT_SSL_VERIFYHOST no longer accepts the value 1, value 2 will be used instead F:\WWW\weixin_community\ThinkPHP\Extend\Vendor\weixin\jssdk.php 第 99 行.
NOTIC: [8] Trying to get property of non-object F:\WWW\weixin_community\ThinkPHP\Extend\Vendor\weixin\jssdk.php 第 55 行.
INFO: [ view_parse ] --START--
INFO: ParseTemplate Behavior ::run [ RunTime:0.018001s ]
INFO: [ view_parse ] --END-- [ RunTime:0.019001s ]
INFO: [ view_filter ] --START--
INFO: ContentReplace Behavior ::run [ RunTime:0.001000s ]
INFO: TokenBuild Behavior ::run [ RunTime:0.001001s ]
INFO: WriteHtmlCache Behavior ::run [ RunTime:0.001000s ]
INFO: ShowRuntime Behavior ::run [ RunTime:0.002000s ]
INFO: [ view_filter ] --END-- [ RunTime:0.005001s ]
INFO: [ view_end ] --START--
INFO: ShowPageTrace Behavior ::run [ RunTime:0.002000s ]
INFO: [ view_end ] --END-- [ RunTime:0.002000s ]

[ 2016-06-29T15:42:55+08:00 ] 0.0.0.0 /weixin_community/index.php?m=Index&a=friends
INFO: [ app_begin ] --START--
INFO: ReadHtmlCache Behavior ::run [ RunTime:0.001000s ]
INFO: [ app_begin ] --END-- [ RunTime:0.002000s ]
NOTIC: [8] curl_setopt(): CURLOPT_SSL_VERIFYHOST no longer accepts the value 1, value 2 will be used instead F:\WWW\weixin_community\ThinkPHP\Extend\Vendor\weixin\jssdk.php 第 99 行.
NOTIC: [8] Trying to get property of non-object F:\WWW\weixin_community\ThinkPHP\Extend\Vendor\weixin\jssdk.php 第 78 行.
NOTIC: [8] curl_setopt(): CURLOPT_SSL_VERIFYHOST no longer accepts the value 1, value 2 will be used instead F:\WWW\weixin_community\ThinkPHP\Extend\Vendor\weixin\jssdk.php 第 99 行.
NOTIC: [8] Trying to get property of non-object F:\WWW\weixin_community\ThinkPHP\Extend\Vendor\weixin\jssdk.php 第 55 行.
INFO: [ view_parse ] --START--
INFO: ParseTemplate Behavior ::run [ RunTime:0.022002s ]
INFO: [ view_parse ] --END-- [ RunTime:0.022002s ]
INFO: [ view_filter ] --START--
INFO: ContentReplace Behavior ::run [ RunTime:0.002000s ]
INFO: TokenBuild Behavior ::run [ RunTime:0.002000s ]
INFO: WriteHtmlCache Behavior ::run [ RunTime:0.002000s ]
INFO: ShowRuntime Behavior ::run [ RunTime:0.002000s ]
INFO: [ view_filter ] --END-- [ RunTime:0.009000s ]
INFO: [ view_end ] --START--
INFO: ShowPageTrace Behavior ::run [ RunTime:0.003000s ]
INFO: [ view_end ] --END-- [ RunTime:0.003000s ]

[ 2016-06-29T15:45:15+08:00 ] 0.0.0.0 /weixin_community/index.php?m=Index&a=friends
INFO: [ app_begin ] --START--
INFO: ReadHtmlCache Behavior ::run [ RunTime:0.002000s ]
INFO: [ app_begin ] --END-- [ RunTime:0.002000s ]
NOTIC: [8] curl_setopt(): CURLOPT_SSL_VERIFYHOST no longer accepts the value 1, value 2 will be used instead F:\WWW\weixin_community\ThinkPHP\Extend\Vendor\weixin\jssdk.php 第 99 行.
NOTIC: [8] Trying to get property of non-object F:\WWW\weixin_community\ThinkPHP\Extend\Vendor\weixin\jssdk.php 第 78 行.
NOTIC: [8] curl_setopt(): CURLOPT_SSL_VERIFYHOST no longer accepts the value 1, value 2 will be used instead F:\WWW\weixin_community\ThinkPHP\Extend\Vendor\weixin\jssdk.php 第 99 行.
NOTIC: [8] Trying to get property of non-object F:\WWW\weixin_community\ThinkPHP\Extend\Vendor\weixin\jssdk.php 第 55 行.
INFO: [ view_parse ] --START--
INFO: ParseTemplate Behavior ::run [ RunTime:0.028002s ]
INFO: [ view_parse ] --END-- [ RunTime:0.028002s ]
INFO: [ view_filter ] --START--
INFO: ContentReplace Behavior ::run [ RunTime:0.003000s ]
INFO: TokenBuild Behavior ::run [ RunTime:0.002000s ]
INFO: WriteHtmlCache Behavior ::run [ RunTime:0.002000s ]
INFO: ShowRuntime Behavior ::run [ RunTime:0.002001s ]
INFO: [ view_filter ] --END-- [ RunTime:0.009001s ]
INFO: [ view_end ] --START--
INFO: ShowPageTrace Behavior ::run [ RunTime:0.003000s ]
INFO: [ view_end ] --END-- [ RunTime:0.003000s ]

[ 2016-06-29T15:46:57+08:00 ] 0.0.0.0 /weixin_community/index.php?m=Index&a=friends
INFO: [ app_begin ] --START--
INFO: ReadHtmlCache Behavior ::run [ RunTime:0.002000s ]
INFO: [ app_begin ] --END-- [ RunTime:0.002000s ]
NOTIC: [8] curl_setopt(): CURLOPT_SSL_VERIFYHOST no longer accepts the value 1, value 2 will be used instead F:\WWW\weixin_community\ThinkPHP\Extend\Vendor\weixin\jssdk.php 第 99 行.
NOTIC: [8] Trying to get property of non-object F:\WWW\weixin_community\ThinkPHP\Extend\Vendor\weixin\jssdk.php 第 78 行.
NOTIC: [8] curl_setopt(): CURLOPT_SSL_VERIFYHOST no longer accepts the value 1, value 2 will be used instead F:\WWW\weixin_community\ThinkPHP\Extend\Vendor\weixin\jssdk.php 第 99 行.
NOTIC: [8] Trying to get property of non-object F:\WWW\weixin_community\ThinkPHP\Extend\Vendor\weixin\jssdk.php 第 55 行.
INFO: [ view_parse ] --START--
INFO: ParseTemplate Behavior ::run [ RunTime:0.034002s ]
INFO: [ view_parse ] --END-- [ RunTime:0.034002s ]
INFO: [ view_filter ] --START--
INFO: ContentReplace Behavior ::run [ RunTime:0.002000s ]
INFO: TokenBuild Behavior ::run [ RunTime:0.001000s ]
INFO: WriteHtmlCache Behavior ::run [ RunTime:0.002000s ]
INFO: ShowRuntime Behavior ::run [ RunTime:0.002001s ]
INFO: [ view_filter ] --END-- [ RunTime:0.007001s ]
INFO: [ view_end ] --START--
INFO: ShowPageTrace Behavior ::run [ RunTime:0.003000s ]
INFO: [ view_end ] --END-- [ RunTime:0.003000s ]

[ 2016-06-29T15:47:30+08:00 ] 0.0.0.0 /weixin_community/index.php?m=Index&a=friends
INFO: [ app_begin ] --START--
INFO: ReadHtmlCache Behavior ::run [ RunTime:0.002000s ]
INFO: [ app_begin ] --END-- [ RunTime:0.002000s ]
NOTIC: [8] curl_setopt(): CURLOPT_SSL_VERIFYHOST no longer accepts the value 1, value 2 will be used instead F:\WWW\weixin_community\ThinkPHP\Extend\Vendor\weixin\jssdk.php 第 99 行.
NOTIC: [8] Trying to get property of non-object F:\WWW\weixin_community\ThinkPHP\Extend\Vendor\weixin\jssdk.php 第 78 行.
NOTIC: [8] curl_setopt(): CURLOPT_SSL_VERIFYHOST no longer accepts the value 1, value 2 will be used instead F:\WWW\weixin_community\ThinkPHP\Extend\Vendor\weixin\jssdk.php 第 99 行.
NOTIC: [8] Trying to get property of non-object F:\WWW\weixin_community\ThinkPHP\Extend\Vendor\weixin\jssdk.php 第 55 行.
INFO: [ view_parse ] --START--
INFO: ParseTemplate Behavior ::run [ RunTime:0.025001s ]
INFO: [ view_parse ] --END-- [ RunTime:0.025001s ]
INFO: [ view_filter ] --START--
INFO: ContentReplace Behavior ::run [ RunTime:0.001000s ]
INFO: TokenBuild Behavior ::run [ RunTime:0.002000s ]
INFO: WriteHtmlCache Behavior ::run [ RunTime:0.002000s ]
INFO: ShowRuntime Behavior ::run [ RunTime:0.002000s ]
INFO: [ view_filter ] --END-- [ RunTime:0.007000s ]
INFO: [ view_end ] --START--
INFO: ShowPageTrace Behavior ::run [ RunTime:0.002000s ]
INFO: [ view_end ] --END-- [ RunTime:0.003001s ]

[ 2016-06-29T15:51:22+08:00 ] 0.0.0.0 /weixin_community/index.php?m=Index&a=friends
INFO: [ app_begin ] --START--
INFO: ReadHtmlCache Behavior ::run [ RunTime:0.005000s ]
INFO: [ app_begin ] --END-- [ RunTime:0.005000s ]
NOTIC: [8] curl_setopt(): CURLOPT_SSL_VERIFYHOST no longer accepts the value 1, value 2 will be used instead F:\WWW\weixin_community\ThinkPHP\Extend\Vendor\weixin\jssdk.php 第 99 行.
NOTIC: [8] Trying to get property of non-object F:\WWW\weixin_community\ThinkPHP\Extend\Vendor\weixin\jssdk.php 第 78 行.
NOTIC: [8] curl_setopt(): CURLOPT_SSL_VERIFYHOST no longer accepts the value 1, value 2 will be used instead F:\WWW\weixin_community\ThinkPHP\Extend\Vendor\weixin\jssdk.php 第 99 行.
NOTIC: [8] Trying to get property of non-object F:\WWW\weixin_community\ThinkPHP\Extend\Vendor\weixin\jssdk.php 第 55 行.
INFO: [ view_parse ] --START--
INFO: ParseTemplate Behavior ::run [ RunTime:0.025001s ]
INFO: [ view_parse ] --END-- [ RunTime:0.025001s ]
INFO: [ view_filter ] --START--
INFO: ContentReplace Behavior ::run [ RunTime:0.002000s ]
INFO: TokenBuild Behavior ::run [ RunTime:0.004000s ]
INFO: WriteHtmlCache Behavior ::run [ RunTime:0.003000s ]
INFO: ShowRuntime Behavior ::run [ RunTime:0.003001s ]
INFO: [ view_filter ] --END-- [ RunTime:0.012001s ]
INFO: [ view_end ] --START--
INFO: ShowPageTrace Behavior ::run [ RunTime:0.004000s ]
INFO: [ view_end ] --END-- [ RunTime:0.004000s ]

[ 2016-06-29T15:53:28+08:00 ] 0.0.0.0 /weixin_community/index.php?m=Index&a=friends
INFO: [ app_begin ] --START--
INFO: ReadHtmlCache Behavior ::run [ RunTime:0.004001s ]
INFO: [ app_begin ] --END-- [ RunTime:0.004001s ]
NOTIC: [8] curl_setopt(): CURLOPT_SSL_VERIFYHOST no longer accepts the value 1, value 2 will be used instead F:\WWW\weixin_community\ThinkPHP\Extend\Vendor\weixin\jssdk.php 第 99 行.
NOTIC: [8] Trying to get property of non-object F:\WWW\weixin_community\ThinkPHP\Extend\Vendor\weixin\jssdk.php 第 78 行.
NOTIC: [8] curl_setopt(): CURLOPT_SSL_VERIFYHOST no longer accepts the value 1, value 2 will be used instead F:\WWW\weixin_community\ThinkPHP\Extend\Vendor\weixin\jssdk.php 第 99 行.
NOTIC: [8] Trying to get property of non-object F:\WWW\weixin_community\ThinkPHP\Extend\Vendor\weixin\jssdk.php 第 55 行.
INFO: [ view_parse ] --START--
INFO: ParseTemplate Behavior ::run [ RunTime:0.033002s ]
INFO: [ view_parse ] --END-- [ RunTime:0.034002s ]
INFO: [ view_filter ] --START--
INFO: ContentReplace Behavior ::run [ RunTime:0.002000s ]
INFO: TokenBuild Behavior ::run [ RunTime:0.002000s ]
INFO: WriteHtmlCache Behavior ::run [ RunTime:0.002000s ]
INFO: ShowRuntime Behavior ::run [ RunTime:0.005001s ]
INFO: [ view_filter ] --END-- [ RunTime:0.011001s ]
INFO: [ view_end ] --START--
INFO: ShowPageTrace Behavior ::run [ RunTime:0.005000s ]
INFO: [ view_end ] --END-- [ RunTime:0.005000s ]

[ 2016-06-29T15:54:14+08:00 ] 0.0.0.0 /weixin_community/index.php?m=Index&a=friends
INFO: [ app_begin ] --START--
INFO: ReadHtmlCache Behavior ::run [ RunTime:0.001000s ]
INFO: [ app_begin ] --END-- [ RunTime:0.002000s ]
NOTIC: [8] curl_setopt(): CURLOPT_SSL_VERIFYHOST no longer accepts the value 1, value 2 will be used instead F:\WWW\weixin_community\ThinkPHP\Extend\Vendor\weixin\jssdk.php 第 99 行.
NOTIC: [8] Trying to get property of non-object F:\WWW\weixin_community\ThinkPHP\Extend\Vendor\weixin\jssdk.php 第 78 行.
NOTIC: [8] curl_setopt(): CURLOPT_SSL_VERIFYHOST no longer accepts the value 1, value 2 will be used instead F:\WWW\weixin_community\ThinkPHP\Extend\Vendor\weixin\jssdk.php 第 99 行.
NOTIC: [8] Trying to get property of non-object F:\WWW\weixin_community\ThinkPHP\Extend\Vendor\weixin\jssdk.php 第 55 行.
INFO: [ view_parse ] --START--
INFO: ParseTemplate Behavior ::run [ RunTime:0.018001s ]
INFO: [ view_parse ] --END-- [ RunTime:0.018001s ]
INFO: [ view_filter ] --START--
INFO: ContentReplace Behavior ::run [ RunTime:0.002000s ]
INFO: TokenBuild Behavior ::run [ RunTime:0.001000s ]
INFO: WriteHtmlCache Behavior ::run [ RunTime:0.001000s ]
INFO: ShowRuntime Behavior ::run [ RunTime:0.002001s ]
INFO: [ view_filter ] --END-- [ RunTime:0.006001s ]
INFO: [ view_end ] --START--
INFO: ShowPageTrace Behavior ::run [ RunTime:0.002000s ]
INFO: [ view_end ] --END-- [ RunTime:0.002000s ]

[ 2016-06-29T16:12:04+08:00 ] 0.0.0.0 /weixin_community/index.php?m=Index&a=friends
INFO: [ app_begin ] --START--
INFO: ReadHtmlCache Behavior ::run [ RunTime:0.003000s ]
INFO: [ app_begin ] --END-- [ RunTime:0.003000s ]
NOTIC: [8] curl_setopt(): CURLOPT_SSL_VERIFYHOST no longer accepts the value 1, value 2 will be used instead F:\WWW\weixin_community\ThinkPHP\Extend\Vendor\weixin\jssdk.php 第 99 行.
NOTIC: [8] Trying to get property of non-object F:\WWW\weixin_community\ThinkPHP\Extend\Vendor\weixin\jssdk.php 第 78 行.
NOTIC: [8] curl_setopt(): CURLOPT_SSL_VERIFYHOST no longer accepts the value 1, value 2 will be used instead F:\WWW\weixin_community\ThinkPHP\Extend\Vendor\weixin\jssdk.php 第 99 行.
NOTIC: [8] Trying to get property of non-object F:\WWW\weixin_community\ThinkPHP\Extend\Vendor\weixin\jssdk.php 第 55 行.
INFO: [ view_parse ] --START--
INFO: ParseTemplate Behavior ::run [ RunTime:0.053003s ]
INFO: [ view_parse ] --END-- [ RunTime:0.054003s ]
INFO: [ view_filter ] --START--
INFO: ContentReplace Behavior ::run [ RunTime:0.003000s ]
INFO: TokenBuild Behavior ::run [ RunTime:0.004001s ]
INFO: WriteHtmlCache Behavior ::run [ RunTime:0.004000s ]
INFO: ShowRuntime Behavior ::run [ RunTime:0.004000s ]
INFO: [ view_filter ] --END-- [ RunTime:0.015001s ]
INFO: [ view_end ] --START--
INFO: ShowPageTrace Behavior ::run [ RunTime:0.003000s ]
INFO: [ view_end ] --END-- [ RunTime:0.004000s ]

