[ 2017-08-21T10:24:41+08:00 ] 0.0.0.0 /Rose/index.php?g=Wap&m=JuicerCode&a=index&scan_code=JUICER000001
INFO: [ app_begin ] --START--
INFO: Run ReadHtmlCache Behavior [ RunTime:0.001000s ]
INFO: [ app_begin ] --END-- [ RunTime:0.001000s ]
SQL: SHOW COLUMNS FROM `ju_device_info_detail` [ RunTime:0.008000s ]
SQL: SELECT * FROM `ju_device_info_detail` WHERE ( `del_flag` = '0' ) AND ( `scan_code` = 'JUICER000001' ) LIMIT 1   [ RunTime:0.001000s ]
INFO: [ view_template ] --START--
INFO: Run LocationTemplate Behavior [ RunTime:-1.826104s ]
INFO: [ view_template ] --END-- [ RunTime:0.001000s ]
INFO: [ view_parse ] --START--
NOTIC: [8] Undefined variable: count D:\phpStudy\WWW\Rose\logs\Cache\Wap\b07b7a6c3149a27487a211ea65e138dd.php 第 48 行.
NOTIC: [8] Undefined offset: 4 D:\phpStudy\WWW\Rose\logs\Cache\Wap\b07b7a6c3149a27487a211ea65e138dd.php 第 80 行.
NOTIC: [8] Undefined variable: openid D:\phpStudy\WWW\Rose\logs\Cache\Wap\b07b7a6c3149a27487a211ea65e138dd.php 第 90 行.
NOTIC: [8] Use of undefined constant wechat - assumed 'wechat' D:\phpStudy\WWW\Rose\logs\Cache\Wap\b07b7a6c3149a27487a211ea65e138dd.php 第 91 行.
NOTIC: [8] Undefined variable: buyer_id D:\phpStudy\WWW\Rose\logs\Cache\Wap\b07b7a6c3149a27487a211ea65e138dd.php 第 93 行.
NOTIC: [8] Undefined variable: openid D:\phpStudy\WWW\Rose\logs\Cache\Wap\b07b7a6c3149a27487a211ea65e138dd.php 第 101 行.
NOTIC: [8] Undefined variable: buyer_id D:\phpStudy\WWW\Rose\logs\Cache\Wap\b07b7a6c3149a27487a211ea65e138dd.php 第 102 行.
INFO: Run ParseTemplate Behavior [ RunTime:-1.828104s ]
INFO: [ view_parse ] --END-- [ RunTime:0.961055s ]
INFO: [ view_filter ] --START--
INFO: Run ContentReplace Behavior [ RunTime:-2.789159s ]
INFO: Run TokenBuild Behavior [ RunTime:-2.858163s ]
INFO: Run WriteHtmlCache Behavior [ RunTime:-2.893165s ]
INFO: Run ShowRuntime Behavior [ RunTime:-2.917166s ]
INFO: [ view_filter ] --END-- [ RunTime:0.155009s ]
INFO: [ view_end ] --START--
INFO: Run ShowPageTrace Behavior [ RunTime:-2.944168s ]
INFO: [ view_end ] --END-- [ RunTime:0.045003s ]

[ 2017-08-21T14:20:11+08:00 ] 0.0.0.0 /Rose/index.php?g=Wap&m=JuicerCode&a=index&scan_code=JUICER000001
INFO: [ app_begin ] --START--
INFO: Run ReadHtmlCache Behavior [ RunTime:0.045003s ]
INFO: [ app_begin ] --END-- [ RunTime:0.084005s ]
SQL: SHOW COLUMNS FROM `ju_device_info_detail` [ RunTime:0.366021s ]
SQL: SELECT * FROM `ju_device_info_detail` WHERE ( `del_flag` = '0' ) AND ( `scan_code` = 'JUICER000001' ) LIMIT 1   [ RunTime:0.102006s ]
INFO: [ view_template ] --START--
INFO: Run LocationTemplate Behavior [ RunTime:-6.732385s ]
INFO: [ view_template ] --END-- [ RunTime:0.086005s ]
INFO: [ view_parse ] --START--
NOTIC: [8] Undefined variable: count D:\phpStudy\WWW\Rose\logs\Cache\Wap\b07b7a6c3149a27487a211ea65e138dd.php 第 48 行.
NOTIC: [8] Undefined offset: 4 D:\phpStudy\WWW\Rose\logs\Cache\Wap\b07b7a6c3149a27487a211ea65e138dd.php 第 80 行.
NOTIC: [8] Undefined variable: openid D:\phpStudy\WWW\Rose\logs\Cache\Wap\b07b7a6c3149a27487a211ea65e138dd.php 第 90 行.
NOTIC: [8] Use of undefined constant wechat - assumed 'wechat' D:\phpStudy\WWW\Rose\logs\Cache\Wap\b07b7a6c3149a27487a211ea65e138dd.php 第 91 行.
NOTIC: [8] Undefined variable: buyer_id D:\phpStudy\WWW\Rose\logs\Cache\Wap\b07b7a6c3149a27487a211ea65e138dd.php 第 93 行.
NOTIC: [8] Undefined variable: openid D:\phpStudy\WWW\Rose\logs\Cache\Wap\b07b7a6c3149a27487a211ea65e138dd.php 第 101 行.
NOTIC: [8] Undefined variable: buyer_id D:\phpStudy\WWW\Rose\logs\Cache\Wap\b07b7a6c3149a27487a211ea65e138dd.php 第 102 行.
INFO: Run ParseTemplate Behavior [ RunTime:-6.819390s ]
INFO: [ view_parse ] --END-- [ RunTime:0.377021s ]
INFO: [ view_filter ] --START--
INFO: Run ContentReplace Behavior [ RunTime:-7.195411s ]
INFO: Run TokenBuild Behavior [ RunTime:-7.216413s ]
INFO: Run WriteHtmlCache Behavior [ RunTime:-7.218413s ]
INFO: Run ShowRuntime Behavior [ RunTime:-7.219413s ]
INFO: [ view_filter ] --END-- [ RunTime:0.026002s ]
INFO: [ view_end ] --START--
INFO: Run ShowPageTrace Behavior [ RunTime:-7.236414s ]
INFO: [ view_end ] --END-- [ RunTime:0.002000s ]

[ 2017-08-21T15:55:58+08:00 ] 0.0.0.0 /Rose/index.php?g=Wap&m=Rose2Personal&a=index&openid=odOIPv5RJwDqO94UaCbpKQvdjhLE
INFO: [ app_begin ] --START--
INFO: Run ReadHtmlCache Behavior [ RunTime:0.027001s ]
INFO: [ app_begin ] --END-- [ RunTime:0.027001s ]
NOTIC: [8] A session had already been started - ignoring session_start() D:\phpStudy\WWW\Rose\Lib\Action\Wap\Rose2BaseAction.class.php 第 2 行.
SQL: SHOW COLUMNS FROM `sys_user` [ RunTime:0.473027s ]
SQL: SELECT * FROM `sys_user` WHERE ( `del_flag` = 0 ) AND ( `openid` = 'odOIPv4ru6Afo8yH-LPijpMFRsWE' ) LIMIT 1   [ RunTime:0.027001s ]
NOTIC: [8] Trying to get property of non-object D:\phpStudy\WWW\Rose\Core\Extend\Vendor\weixin\jssdk.php 第 75 行.
NOTIC: [8] Trying to get property of non-object D:\phpStudy\WWW\Rose\Core\Extend\Vendor\weixin\jssdk.php 第 53 行.
SQL: SHOW COLUMNS FROM `weixin_userinfo` [ RunTime:0.162009s ]
SQL: SELECT * FROM `weixin_userinfo` WHERE ( `del_flag` = 0 ) AND ( `from_username` = 'odOIPv4ru6Afo8yH-LPijpMFRsWE' ) LIMIT 1   [ RunTime:0.109006s ]
SQL: SELECT count(*) as adv
            FROM
                `device_info` di
            LEFT JOIN adv_uservisit_rec pwi ON pwi.di_id = di.id
            LEFT JOIN adv_weixin_info awi ON awi.id = pwi.adv_id
            WHERE
                pwi.status = 2
            and pwi.del_flag=0
            and pwi.transfer_status = 0
			and awi.status=1
			and awi.del_flag=0
            AND di.office_id = '2017033016_55B01A6FFA5D8FCA4794C4FB512F8615'
            AND di.del_flag = 0 [ RunTime:0.293016s ]
SQL: SELECT sum(pwi.consume_account) as count
            FROM
                `device_info` di
            LEFT JOIN device_consume_rec pwi ON pwi.di_id = di.id
            WHERE
                pwi.command_status = 2
            and pwi.del_flag=0
            and pwi.type in(1,3,5,9,11,13,15,17)
			and pwi.transfer_status = 0
			and pwi.consume_status = 1
            AND pwi.create_by = '2017081514_DD0CC66382FAB6CED4CF5241EEB7B016'
            AND di.del_flag = 0 [ RunTime:1.605092s ]
SQL: SELECT sum(pwi.consume_account) as alipay
            FROM
                `device_info` di
            LEFT JOIN device_consume_rec pwi ON pwi.di_id = di.id
            WHERE
                pwi.command_status = 2
            and pwi.del_flag=0
            and pwi.type in(2,4,6,10,12,14,16,18)
			and pwi.transfer_status = 0
			and pwi.consume_status = 1
            AND pwi.create_by = '2017081514_DD0CC66382FAB6CED4CF5241EEB7B016'
            AND di.del_flag = 0 [ RunTime:0.169010s ]
SQL: SELECT sum(pwi.consume_account) as anm_weixin
            FROM
                `device_info` di
            LEFT JOIN device_consume_rec pwi ON pwi.di_id = di.id
            WHERE
                pwi.command_status = 2
            and pwi.del_flag=0
            and pwi.type=3
			and pwi.transfer_status = 0
            AND di.office_id = '2017033016_55B01A6FFA5D8FCA4794C4FB512F8615'
            AND di.del_flag = 0 [ RunTime:0.235013s ]
SQL: SELECT sum(pwi.consume_account) as anm_alipay
            FROM
                `device_info` di
            LEFT JOIN device_consume_rec pwi ON pwi.di_id = di.id
            WHERE
                pwi.command_status = 2
            and pwi.del_flag=0
            and pwi.type=4
			and pwi.transfer_status = 0
            AND di.office_id = '2017033016_55B01A6FFA5D8FCA4794C4FB512F8615'
            AND di.del_flag = 0 [ RunTime:0.129008s ]
SQL: SHOW COLUMNS FROM `device_info` [ RunTime:0.010000s ]
SQL: SELECT sum(dw.LOC_OP) c from (SELECT * from (SELECT dr.* FROM `device_info` LEFT JOIN device_record
 dr on dr.dev_id=device_info.device_command WHERE ( device_info.del_flag = 0 )
 AND ( device_info.office_id = '2017033016_55B01A6FFA5D8FCA4794C4FB512F8615' ) ORDER BY dr.LOC_OP desc)
 da GROUP BY da.dev_id ORDER BY da.LOC_OP desc) dw [ RunTime:1.657095s ]
SQL: SELECT * FROM `sys_user` WHERE ( `del_flag` = 0 ) AND ( `openid` = 'odOIPv4ru6Afo8yH-LPijpMFRsWE' ) LIMIT 1   [ RunTime:0.001000s ]
SQL: UPDATE `sys_user` SET `totals`=11 WHERE ( `del_flag` = 0 ) AND ( `id` = '2017081514_DD0CC66382FAB6CED4CF5241EEB7B016' ) [ RunTime:0.056003s ]
SQL: SELECT SUM(totals-consume) AS tp_sum FROM `sys_user` WHERE ( `del_flag` = 0 ) AND ( `openid` = 'odOIPv4ru6Afo8yH-LPijpMFRsWE' ) LIMIT 1   [ RunTime:0.034002s ]
INFO: [ view_template ] --START--
INFO: Run LocationTemplate Behavior [ RunTime:-7.500429s ]
INFO: [ view_template ] --END-- [ RunTime:0.133008s ]
INFO: [ view_parse ] --START--
INFO: Run ParseTemplate Behavior [ RunTime:-7.634437s ]
INFO: [ view_parse ] --END-- [ RunTime:0.343019s ]
INFO: [ view_filter ] --START--
INFO: Run ContentReplace Behavior [ RunTime:-7.977456s ]
INFO: Run TokenBuild Behavior [ RunTime:-7.983457s ]
INFO: Run WriteHtmlCache Behavior [ RunTime:-7.992457s ]
INFO: Run ShowRuntime Behavior [ RunTime:-8.008458s ]
INFO: [ view_filter ] --END-- [ RunTime:0.045003s ]
INFO: [ view_end ] --START--
INFO: Run ShowPageTrace Behavior [ RunTime:-8.036460s ]
INFO: [ view_end ] --END-- [ RunTime:0.018001s ]

[ 2017-08-21T15:56:51+08:00 ] 0.0.0.0 /Rose/index.php?g=Wap&m=Device&a=device_list&openid=odOIPv4ru6Afo8yH-LPijpMFRsWE
INFO: [ app_begin ] --START--
INFO: Run ReadHtmlCache Behavior [ RunTime:0.000000s ]
INFO: [ app_begin ] --END-- [ RunTime:0.019001s ]
NOTIC: [8] A session had already been started - ignoring session_start() D:\phpStudy\WWW\Rose\Lib\Action\Wap\Rose2BaseAction.class.php 第 2 行.
SQL: SHOW COLUMNS FROM `sys_user` [ RunTime:0.013001s ]
SQL: SELECT * FROM `sys_user` WHERE ( `del_flag` = 0 ) AND ( `openid` = 'odOIPv4ru6Afo8yH-LPijpMFRsWE' ) LIMIT 1   [ RunTime:0.002000s ]
NOTIC: [8] Trying to get property of non-object D:\phpStudy\WWW\Rose\Core\Extend\Vendor\weixin\jssdk.php 第 75 行.
NOTIC: [8] Trying to get property of non-object D:\phpStudy\WWW\Rose\Core\Extend\Vendor\weixin\jssdk.php 第 53 行.
SQL: SHOW COLUMNS FROM `weixin_userinfo` [ RunTime:0.011001s ]
SQL: SELECT * FROM `weixin_userinfo` WHERE ( `del_flag` = 0 ) AND ( `from_username` = 'odOIPv4ru6Afo8yH-LPijpMFRsWE' ) LIMIT 1   [ RunTime:0.019001s ]
SQL: SELECT * FROM `sys_user` WHERE ( `del_flag` = 0 ) AND ( `openid` = 'odOIPv4ru6Afo8yH-LPijpMFRsWE' ) LIMIT 1   [ RunTime:0.000000s ]
SQL: SHOW COLUMNS FROM `device_relation_group` [ RunTime:0.081005s ]
SQL: SELECT device_relation_group.*,dgi.group_name,di.scan_code FROM `device_relation_group` LEFT JOIN deivce_group_info dgi on dgi.id = device_relation_group.dgi_id LEFT JOIN device_info di on di.id = device_relation_group.di_id WHERE ( di.owner_id = '2017081514_DD0CC66382FAB6CED4CF5241EEB7B016' ) AND ( dgi.del_flag = 0 ) ORDER BY device_relation_group.online_status desc  [ RunTime:0.112006s ]
INFO: [ view_template ] --START--
INFO: Run LocationTemplate Behavior [ RunTime:-1.810103s ]
INFO: [ view_template ] --END-- [ RunTime:0.029002s ]
INFO: [ view_parse ] --START--
INFO: Run ParseTemplate Behavior [ RunTime:-1.839105s ]
INFO: [ view_parse ] --END-- [ RunTime:0.050003s ]
INFO: [ view_filter ] --START--
INFO: Run ContentReplace Behavior [ RunTime:-1.889108s ]
INFO: Run TokenBuild Behavior [ RunTime:-1.890108s ]
INFO: Run WriteHtmlCache Behavior [ RunTime:-1.891108s ]
INFO: Run ShowRuntime Behavior [ RunTime:-1.892108s ]
INFO: [ view_filter ] --END-- [ RunTime:0.004000s ]
INFO: [ view_end ] --START--
INFO: Run ShowPageTrace Behavior [ RunTime:-1.905109s ]
INFO: [ view_end ] --END-- [ RunTime:0.002000s ]

