[ 2017-09-26T09:37:29+08:00 ] 0.0.0.0 /Rose/index.php?g=Wap&m=VendLogin&a=login
INFO: [ app_begin ] --START--
INFO: Run ReadHtmlCache Behavior [ RunTime:0.063004s ]
INFO: [ app_begin ] --END-- [ RunTime:0.133008s ]
NOTIC: [8] A session had already been started - ignoring session_start() D:\phpStudy\WWW\Rose\Lib\Action\Wap\VendLoginAction.class.php 第 2 行.
INFO: [ view_template ] --START--
INFO: Run LocationTemplate Behavior [ RunTime:-0.701040s ]
INFO: [ view_template ] --END-- [ RunTime:0.069004s ]
INFO: [ view_parse ] --START--
INFO: Run ParseTemplate Behavior [ RunTime:-0.770044s ]
INFO: [ view_parse ] --END-- [ RunTime:0.200011s ]
INFO: [ view_filter ] --START--
INFO: Run ContentReplace Behavior [ RunTime:-0.971055s ]
INFO: Run TokenBuild Behavior [ RunTime:-0.997057s ]
INFO: Run WriteHtmlCache Behavior [ RunTime:-1.021058s ]
INFO: Run ShowRuntime Behavior [ RunTime:-1.036059s ]
INFO: [ view_filter ] --END-- [ RunTime:0.085005s ]
INFO: [ view_end ] --START--
INFO: Run ShowPageTrace Behavior [ RunTime:-1.055060s ]
INFO: [ view_end ] --END-- [ RunTime:0.014001s ]

[ 2017-09-26T09:53:34+08:00 ] 0.0.0.0 /Rose/index.php?g=Wap&m=VendLogin&a=login
INFO: [ app_begin ] --START--
INFO: Run ReadHtmlCache Behavior [ RunTime:0.003000s ]
INFO: [ app_begin ] --END-- [ RunTime:0.003000s ]
NOTIC: [8] A session had already been started - ignoring session_start() D:\phpStudy\WWW\Rose\Lib\Action\Wap\VendLoginAction.class.php 第 2 行.
INFO: [ view_template ] --START--
INFO: Run LocationTemplate Behavior [ RunTime:-0.048003s ]
INFO: [ view_template ] --END-- [ RunTime:0.014001s ]
INFO: [ view_parse ] --START--
INFO: Run ParseTemplate Behavior [ RunTime:-0.063004s ]
INFO: [ view_parse ] --END-- [ RunTime:0.024001s ]
INFO: [ view_filter ] --START--
INFO: Run ContentReplace Behavior [ RunTime:-0.086005s ]
INFO: Run TokenBuild Behavior [ RunTime:-0.087005s ]
INFO: Run WriteHtmlCache Behavior [ RunTime:-0.089005s ]
INFO: Run ShowRuntime Behavior [ RunTime:-0.090005s ]
INFO: [ view_filter ] --END-- [ RunTime:0.005000s ]
INFO: [ view_end ] --START--
INFO: Run ShowPageTrace Behavior [ RunTime:-0.091005s ]
INFO: [ view_end ] --END-- [ RunTime:0.002000s ]

[ 2017-09-26T09:54:29+08:00 ] 0.0.0.0 /Rose/index.php?g=Wap&m=VendLogin&a=login
INFO: [ app_begin ] --START--
INFO: Run ReadHtmlCache Behavior [ RunTime:0.001000s ]
INFO: [ app_begin ] --END-- [ RunTime:0.001000s ]
NOTIC: [8] A session had already been started - ignoring session_start() D:\phpStudy\WWW\Rose\Lib\Action\Wap\VendLoginAction.class.php 第 2 行.
INFO: [ view_template ] --START--
INFO: Run LocationTemplate Behavior [ RunTime:-0.013001s ]
INFO: [ view_template ] --END-- [ RunTime:0.002000s ]
INFO: [ view_parse ] --START--
INFO: Run ParseTemplate Behavior [ RunTime:-0.015001s ]
INFO: [ view_parse ] --END-- [ RunTime:0.021001s ]
INFO: [ view_filter ] --START--
INFO: Run ContentReplace Behavior [ RunTime:-0.036002s ]
INFO: Run TokenBuild Behavior [ RunTime:-0.038002s ]
INFO: Run WriteHtmlCache Behavior [ RunTime:-0.039002s ]
INFO: Run ShowRuntime Behavior [ RunTime:-0.039002s ]
INFO: [ view_filter ] --END-- [ RunTime:0.004000s ]
INFO: [ view_end ] --START--
INFO: Run ShowPageTrace Behavior [ RunTime:-0.040002s ]
INFO: [ view_end ] --END-- [ RunTime:0.001000s ]

[ 2017-09-26T10:17:41+08:00 ] 0.0.0.0 /Rose/index.php?g=Wap&m=Vendmanage&a=index
INFO: [ app_begin ] --START--
INFO: Run ReadHtmlCache Behavior [ RunTime:0.001000s ]
INFO: [ app_begin ] --END-- [ RunTime:0.001000s ]
NOTIC: [8] A session had already been started - ignoring session_start() D:\phpStudy\WWW\Rose\Lib\Action\VendinghomeAction.class.php 第 2 行.
SQL: SHOW COLUMNS FROM `sys_user` [ RunTime:0.016001s ]
SQL: SELECT * FROM `sys_user` WHERE ( `del_flag` = 0 ) AND ( `openid` = 'odOIPv8267xTj4vLdcQ2xNb3Divo' ) AND ( `no` = '售货机' ) AND ( `id` = '2017091315_7D29AF66AE2DBB98A0718A6D9B90FCE1' ) LIMIT 1   [ RunTime:0.001000s ]
NOTIC: [8] Trying to get property of non-object D:\phpStudy\WWW\Rose\Core\Extend\Vendor\weixin\jssdk.php 第 75 行.
NOTIC: [8] Trying to get property of non-object D:\phpStudy\WWW\Rose\Core\Extend\Vendor\weixin\jssdk.php 第 53 行.
SQL: SHOW COLUMNS FROM `goods_consume_rec` [ RunTime:0.022001s ]
SQL: SELECT SUM(consume_account) AS tp_sum FROM `goods_consume_rec` WHERE ( `type` = '1' ) AND ( `owner_id` = '2017091315_7D29AF66AE2DBB98A0718A6D9B90FCE1' ) AND ( `command_status` = '2' ) AND ( `is_close` = '0' ) AND ( `del_flag` = '0' ) LIMIT 1   [ RunTime:0.001000s ]
SQL: SELECT SUM(consume_account) AS tp_sum FROM `goods_consume_rec` WHERE ( `type` = '2' ) AND ( `owner_id` = '2017091315_7D29AF66AE2DBB98A0718A6D9B90FCE1' ) AND ( `command_status` = '2' ) AND ( `is_close` = '0' ) AND ( `del_flag` = '0' ) LIMIT 1   [ RunTime:0.001000s ]
SQL: SHOW COLUMNS FROM `goods_rose_consume_rec` [ RunTime:0.023002s ]
SQL: SELECT SUM(consume_account) AS tp_sum FROM `goods_rose_consume_rec` WHERE ( `type` = '1' ) AND ( `owner_id` = '2017091315_7D29AF66AE2DBB98A0718A6D9B90FCE1' ) AND ( `command_status` = '2' ) AND ( `is_close` = '0' ) AND ( `del_flag` = '0' ) LIMIT 1   [ RunTime:0.001000s ]
SQL: SELECT SUM(consume_account) AS tp_sum FROM `goods_rose_consume_rec` WHERE ( `type` = '2' ) AND ( `owner_id` = '2017091315_7D29AF66AE2DBB98A0718A6D9B90FCE1' ) AND ( `command_status` = '2' ) AND ( `is_close` = '0' ) AND ( `del_flag` = '0' ) LIMIT 1   [ RunTime:0.001000s ]
SQL: UPDATE `sys_user` SET `totals`=6 WHERE ( `del_flag` = 0 ) AND ( `id` = '2017091315_7D29AF66AE2DBB98A0718A6D9B90FCE1' ) [ RunTime:0.043002s ]
INFO: [ view_template ] --START--
INFO: Run LocationTemplate Behavior [ RunTime:-1.536088s ]
INFO: [ view_template ] --END-- [ RunTime:0.002000s ]
INFO: [ view_parse ] --START--
INFO: Run ParseTemplate Behavior [ RunTime:-1.538088s ]
INFO: [ view_parse ] --END-- [ RunTime:0.057004s ]
INFO: [ view_filter ] --START--
INFO: Run ContentReplace Behavior [ RunTime:-1.595092s ]
INFO: Run TokenBuild Behavior [ RunTime:-1.597092s ]
INFO: Run WriteHtmlCache Behavior [ RunTime:-1.598092s ]
INFO: Run ShowRuntime Behavior [ RunTime:-1.599092s ]
INFO: [ view_filter ] --END-- [ RunTime:0.005000s ]
INFO: [ view_end ] --START--
INFO: Run ShowPageTrace Behavior [ RunTime:-1.600092s ]
INFO: [ view_end ] --END-- [ RunTime:0.001000s ]

[ 2017-09-26T10:17:44+08:00 ] 0.0.0.0 /Rose/index.php?g=Wap&m=Vendmanage&a=index
INFO: [ app_begin ] --START--
INFO: Run ReadHtmlCache Behavior [ RunTime:0.001000s ]
INFO: [ app_begin ] --END-- [ RunTime:0.001000s ]
NOTIC: [8] A session had already been started - ignoring session_start() D:\phpStudy\WWW\Rose\Lib\Action\VendinghomeAction.class.php 第 2 行.
SQL: SHOW COLUMNS FROM `sys_user` [ RunTime:0.017000s ]
SQL: SELECT * FROM `sys_user` WHERE ( `del_flag` = 0 ) AND ( `openid` = 'odOIPv8267xTj4vLdcQ2xNb3Divo' ) AND ( `no` = '售货机' ) AND ( `id` = '2017091315_7D29AF66AE2DBB98A0718A6D9B90FCE1' ) LIMIT 1   [ RunTime:0.000000s ]
NOTIC: [8] Trying to get property of non-object D:\phpStudy\WWW\Rose\Core\Extend\Vendor\weixin\jssdk.php 第 75 行.
NOTIC: [8] Trying to get property of non-object D:\phpStudy\WWW\Rose\Core\Extend\Vendor\weixin\jssdk.php 第 53 行.
SQL: SHOW COLUMNS FROM `goods_consume_rec` [ RunTime:0.021001s ]
SQL: SELECT SUM(consume_account) AS tp_sum FROM `goods_consume_rec` WHERE ( `type` = '1' ) AND ( `owner_id` = '2017091315_7D29AF66AE2DBB98A0718A6D9B90FCE1' ) AND ( `command_status` = '2' ) AND ( `is_close` = '0' ) AND ( `del_flag` = '0' ) LIMIT 1   [ RunTime:0.001000s ]
SQL: SELECT SUM(consume_account) AS tp_sum FROM `goods_consume_rec` WHERE ( `type` = '2' ) AND ( `owner_id` = '2017091315_7D29AF66AE2DBB98A0718A6D9B90FCE1' ) AND ( `command_status` = '2' ) AND ( `is_close` = '0' ) AND ( `del_flag` = '0' ) LIMIT 1   [ RunTime:0.000000s ]
SQL: SHOW COLUMNS FROM `goods_rose_consume_rec` [ RunTime:0.020002s ]
SQL: SELECT SUM(consume_account) AS tp_sum FROM `goods_rose_consume_rec` WHERE ( `type` = '1' ) AND ( `owner_id` = '2017091315_7D29AF66AE2DBB98A0718A6D9B90FCE1' ) AND ( `command_status` = '2' ) AND ( `is_close` = '0' ) AND ( `del_flag` = '0' ) LIMIT 1   [ RunTime:0.000000s ]
SQL: SELECT SUM(consume_account) AS tp_sum FROM `goods_rose_consume_rec` WHERE ( `type` = '2' ) AND ( `owner_id` = '2017091315_7D29AF66AE2DBB98A0718A6D9B90FCE1' ) AND ( `command_status` = '2' ) AND ( `is_close` = '0' ) AND ( `del_flag` = '0' ) LIMIT 1   [ RunTime:0.001000s ]
SQL: UPDATE `sys_user` SET `totals`=6 WHERE ( `del_flag` = 0 ) AND ( `id` = '2017091315_7D29AF66AE2DBB98A0718A6D9B90FCE1' ) [ RunTime:0.043002s ]
INFO: [ view_template ] --START--
INFO: Run LocationTemplate Behavior [ RunTime:-1.301074s ]
INFO: [ view_template ] --END-- [ RunTime:0.002000s ]
INFO: [ view_parse ] --START--
INFO: Run ParseTemplate Behavior [ RunTime:-1.303074s ]
INFO: [ view_parse ] --END-- [ RunTime:0.014001s ]
INFO: [ view_filter ] --START--
INFO: Run ContentReplace Behavior [ RunTime:-1.317075s ]
INFO: Run TokenBuild Behavior [ RunTime:-1.318075s ]
INFO: Run WriteHtmlCache Behavior [ RunTime:-1.318075s ]
INFO: Run ShowRuntime Behavior [ RunTime:-1.319075s ]
INFO: [ view_filter ] --END-- [ RunTime:0.003000s ]
INFO: [ view_end ] --START--
INFO: Run ShowPageTrace Behavior [ RunTime:-1.320075s ]
INFO: [ view_end ] --END-- [ RunTime:0.001000s ]

[ 2017-09-26T10:17:46+08:00 ] 0.0.0.0 /Rose/index.php?g=Wap&m=Vendmanage&a=Wallet
INFO: [ app_begin ] --START--
INFO: Run ReadHtmlCache Behavior [ RunTime:0.001000s ]
INFO: [ app_begin ] --END-- [ RunTime:0.001000s ]
NOTIC: [8] A session had already been started - ignoring session_start() D:\phpStudy\WWW\Rose\Lib\Action\VendinghomeAction.class.php 第 2 行.
SQL: SHOW COLUMNS FROM `sys_user` [ RunTime:0.018001s ]
SQL: SELECT * FROM `sys_user` WHERE ( `del_flag` = 0 ) AND ( `openid` = 'odOIPv8267xTj4vLdcQ2xNb3Divo' ) AND ( `no` = '售货机' ) AND ( `id` = '2017091315_7D29AF66AE2DBB98A0718A6D9B90FCE1' ) LIMIT 1   [ RunTime:0.003000s ]
NOTIC: [8] Trying to get property of non-object D:\phpStudy\WWW\Rose\Core\Extend\Vendor\weixin\jssdk.php 第 75 行.
NOTIC: [8] Trying to get property of non-object D:\phpStudy\WWW\Rose\Core\Extend\Vendor\weixin\jssdk.php 第 53 行.
SQL: SELECT * FROM `sys_user` WHERE ( `del_flag` = 0 ) AND ( `id` = '2017091315_7D29AF66AE2DBB98A0718A6D9B90FCE1' ) LIMIT 1   [ RunTime:0.000000s ]
INFO: [ view_template ] --START--
INFO: Run LocationTemplate Behavior [ RunTime:-1.221069s ]
INFO: [ view_template ] --END-- [ RunTime:0.002001s ]
INFO: [ view_parse ] --START--
INFO: Run ParseTemplate Behavior [ RunTime:-1.222070s ]
INFO: [ view_parse ] --END-- [ RunTime:0.030001s ]
INFO: [ view_filter ] --START--
INFO: Run ContentReplace Behavior [ RunTime:-1.252071s ]
INFO: Run TokenBuild Behavior [ RunTime:-1.253071s ]
INFO: Run WriteHtmlCache Behavior [ RunTime:-1.253071s ]
INFO: Run ShowRuntime Behavior [ RunTime:-1.254071s ]
INFO: [ view_filter ] --END-- [ RunTime:0.003000s ]
INFO: [ view_end ] --START--
INFO: Run ShowPageTrace Behavior [ RunTime:-1.255071s ]
INFO: [ view_end ] --END-- [ RunTime:0.001000s ]

[ 2017-09-26T10:17:48+08:00 ] 0.0.0.0 /Rose/index.php?g=Wap&m=Vendmanage&a=fu_cash
INFO: [ app_begin ] --START--
INFO: Run ReadHtmlCache Behavior [ RunTime:0.000000s ]
INFO: [ app_begin ] --END-- [ RunTime:0.001000s ]
NOTIC: [8] A session had already been started - ignoring session_start() D:\phpStudy\WWW\Rose\Lib\Action\VendinghomeAction.class.php 第 2 行.
SQL: SHOW COLUMNS FROM `sys_user` [ RunTime:0.023002s ]
SQL: SELECT * FROM `sys_user` WHERE ( `del_flag` = 0 ) AND ( `openid` = 'odOIPv8267xTj4vLdcQ2xNb3Divo' ) AND ( `no` = '售货机' ) AND ( `id` = '2017091315_7D29AF66AE2DBB98A0718A6D9B90FCE1' ) LIMIT 1   [ RunTime:0.001000s ]
NOTIC: [8] Trying to get property of non-object D:\phpStudy\WWW\Rose\Core\Extend\Vendor\weixin\jssdk.php 第 75 行.
NOTIC: [8] Trying to get property of non-object D:\phpStudy\WWW\Rose\Core\Extend\Vendor\weixin\jssdk.php 第 53 行.
SQL: SELECT SUM(totals-consume) AS tp_sum FROM `sys_user` WHERE ( `del_flag` = 0 ) AND ( `id` = '2017091315_7D29AF66AE2DBB98A0718A6D9B90FCE1' ) LIMIT 1   [ RunTime:0.032002s ]

[ 2017-09-26T10:19:54+08:00 ] 0.0.0.0 /Rose/index.php?g=Wap&m=Vendmanage&a=index
INFO: [ app_begin ] --START--
INFO: Run ReadHtmlCache Behavior [ RunTime:0.003001s ]
INFO: [ app_begin ] --END-- [ RunTime:0.003001s ]
NOTIC: [8] A session had already been started - ignoring session_start() D:\phpStudy\WWW\Rose\Lib\Action\VendinghomeAction.class.php 第 2 行.
SQL: SHOW COLUMNS FROM `sys_user` [ RunTime:0.014000s ]
SQL: SELECT * FROM `sys_user` WHERE ( `del_flag` = 0 ) AND ( `openid` = 'odOIPv8267xTj4vLdcQ2xNb3Divo' ) AND ( `no` = '售货机' ) AND ( `id` = '2017091315_7D29AF66AE2DBB98A0718A6D9B90FCE1' ) LIMIT 1   [ RunTime:0.001000s ]
NOTIC: [8] Trying to get property of non-object D:\phpStudy\WWW\Rose\Core\Extend\Vendor\weixin\jssdk.php 第 75 行.
NOTIC: [8] Trying to get property of non-object D:\phpStudy\WWW\Rose\Core\Extend\Vendor\weixin\jssdk.php 第 53 行.
SQL: SHOW COLUMNS FROM `goods_consume_rec` [ RunTime:0.013001s ]
SQL: SELECT SUM(consume_account) AS tp_sum FROM `goods_consume_rec` WHERE ( `type` = '1' ) AND ( `owner_id` = '2017091315_7D29AF66AE2DBB98A0718A6D9B90FCE1' ) AND ( `command_status` = '2' ) AND ( `is_close` = '0' ) AND ( `del_flag` = '0' ) LIMIT 1   [ RunTime:0.000000s ]
SQL: SELECT SUM(consume_account) AS tp_sum FROM `goods_consume_rec` WHERE ( `type` = '2' ) AND ( `owner_id` = '2017091315_7D29AF66AE2DBB98A0718A6D9B90FCE1' ) AND ( `command_status` = '2' ) AND ( `is_close` = '0' ) AND ( `del_flag` = '0' ) LIMIT 1   [ RunTime:0.000000s ]
SQL: SHOW COLUMNS FROM `goods_rose_consume_rec` [ RunTime:0.014001s ]
SQL: SELECT SUM(consume_account) AS tp_sum FROM `goods_rose_consume_rec` WHERE ( `type` = '1' ) AND ( `owner_id` = '2017091315_7D29AF66AE2DBB98A0718A6D9B90FCE1' ) AND ( `command_status` = '2' ) AND ( `is_close` = '0' ) AND ( `del_flag` = '0' ) LIMIT 1   [ RunTime:0.001000s ]
SQL: SELECT SUM(consume_account) AS tp_sum FROM `goods_rose_consume_rec` WHERE ( `type` = '2' ) AND ( `owner_id` = '2017091315_7D29AF66AE2DBB98A0718A6D9B90FCE1' ) AND ( `command_status` = '2' ) AND ( `is_close` = '0' ) AND ( `del_flag` = '0' ) LIMIT 1   [ RunTime:0.001000s ]
SQL: UPDATE `sys_user` SET `totals`=6 WHERE ( `del_flag` = 0 ) AND ( `id` = '2017091315_7D29AF66AE2DBB98A0718A6D9B90FCE1' ) [ RunTime:0.038002s ]
INFO: [ view_template ] --START--
INFO: Run LocationTemplate Behavior [ RunTime:-1.338076s ]
INFO: [ view_template ] --END-- [ RunTime:0.001000s ]
INFO: [ view_parse ] --START--
INFO: Run ParseTemplate Behavior [ RunTime:-1.339076s ]
INFO: [ view_parse ] --END-- [ RunTime:0.014001s ]
INFO: [ view_filter ] --START--
INFO: Run ContentReplace Behavior [ RunTime:-1.353077s ]
INFO: Run TokenBuild Behavior [ RunTime:-1.354077s ]
INFO: Run WriteHtmlCache Behavior [ RunTime:-1.354077s ]
INFO: Run ShowRuntime Behavior [ RunTime:-1.355077s ]
INFO: [ view_filter ] --END-- [ RunTime:0.003000s ]
INFO: [ view_end ] --START--
INFO: Run ShowPageTrace Behavior [ RunTime:-1.356077s ]
INFO: [ view_end ] --END-- [ RunTime:0.001000s ]

[ 2017-09-26T10:19:58+08:00 ] 0.0.0.0 /Rose/index.php?g=Wap&m=Vendmanage&a=personal
INFO: [ app_begin ] --START--
INFO: Run ReadHtmlCache Behavior [ RunTime:0.001000s ]
INFO: [ app_begin ] --END-- [ RunTime:0.001000s ]
NOTIC: [8] A session had already been started - ignoring session_start() D:\phpStudy\WWW\Rose\Lib\Action\VendinghomeAction.class.php 第 2 行.
SQL: SHOW COLUMNS FROM `sys_user` [ RunTime:0.015001s ]
SQL: SELECT * FROM `sys_user` WHERE ( `del_flag` = 0 ) AND ( `openid` = 'odOIPv8267xTj4vLdcQ2xNb3Divo' ) AND ( `no` = '售货机' ) AND ( `id` = '2017091315_7D29AF66AE2DBB98A0718A6D9B90FCE1' ) LIMIT 1   [ RunTime:0.000000s ]
NOTIC: [8] Trying to get property of non-object D:\phpStudy\WWW\Rose\Core\Extend\Vendor\weixin\jssdk.php 第 75 行.
NOTIC: [8] Trying to get property of non-object D:\phpStudy\WWW\Rose\Core\Extend\Vendor\weixin\jssdk.php 第 53 行.
SQL: SHOW COLUMNS FROM `goods_consume_rec` [ RunTime:0.015001s ]
SQL: SELECT SUM(consume_account) AS tp_sum FROM `goods_consume_rec` WHERE ( `create_date` >= '2017-09-26 00:00:00' ) AND ( `command_status` = 2 ) AND ( `del_flag` = 0 ) AND ( `owner_id` = '2017091315_7D29AF66AE2DBB98A0718A6D9B90FCE1' ) LIMIT 1   [ RunTime:0.000000s ]
SQL: SELECT SUM(totals-consume) AS tp_sum FROM `sys_user` WHERE ( `del_flag` = 0 ) AND ( `id` = '2017091315_7D29AF66AE2DBB98A0718A6D9B90FCE1' ) LIMIT 1   [ RunTime:0.000000s ]
NOTIC: [2] trim() expects parameter 1 to be string, array given D:\phpStudy\WWW\Rose\Core\Lib\Core\Db.class.php 第 459 行.
SQL: SELECT SUM(consume_account) AS tp_sum FROM `goods_consume_rec` WHERE ( (`create_date` >= '2017-09')  ) AND ( `command_status` = 2 ) AND ( `del_flag` = 0 ) AND ( `owner_id` = '2017091315_7D29AF66AE2DBB98A0718A6D9B90FCE1' ) LIMIT 1   [ RunTime:0.000000s ]
SQL: SELECT sum(consume_account) as count FROM `goods_consume_rec` WHERE ( `command_status` = 2 ) AND ( `del_flag` = 0 ) AND ( `owner_id` = '2017091315_7D29AF66AE2DBB98A0718A6D9B90FCE1' ) GROUP BY deivce_code ORDER BY count desc LIMIT 1   [ RunTime:0.006000s ]
SQL: SHOW COLUMNS FROM `goods_vending` [ RunTime:0.013001s ]
SQL: SELECT sum(1) as count,`online_status` FROM `goods_vending` WHERE ( `del_flag` = 0 ) AND ( `owner_id` = '2017091315_7D29AF66AE2DBB98A0718A6D9B90FCE1' ) GROUP BY online_status ORDER BY online_status asc  [ RunTime:0.002000s ]
INFO: [ view_template ] --START--
INFO: Run LocationTemplate Behavior [ RunTime:-1.257072s ]
INFO: [ view_template ] --END-- [ RunTime:0.008001s ]
INFO: [ view_parse ] --START--
NOTIC: [8] Undefined variable: rose D:\phpStudy\WWW\Rose\logs\Cache\Wap\0d24bcd97e63343c12b935aa0d6975b0.php 第 144 行.
NOTIC: [8] Undefined variable: scan_code D:\phpStudy\WWW\Rose\logs\Cache\Wap\0d24bcd97e63343c12b935aa0d6975b0.php 第 155 行.
INFO: Run ParseTemplate Behavior [ RunTime:-1.265073s ]
INFO: [ view_parse ] --END-- [ RunTime:0.032002s ]
INFO: [ view_filter ] --START--
INFO: Run ContentReplace Behavior [ RunTime:-1.298075s ]
INFO: Run TokenBuild Behavior [ RunTime:-1.298075s ]
INFO: Run WriteHtmlCache Behavior [ RunTime:-1.299075s ]
INFO: Run ShowRuntime Behavior [ RunTime:-1.300075s ]
INFO: [ view_filter ] --END-- [ RunTime:0.002000s ]
INFO: [ view_end ] --START--
INFO: Run ShowPageTrace Behavior [ RunTime:-1.300075s ]
INFO: [ view_end ] --END-- [ RunTime:0.001000s ]

[ 2017-09-26T10:20:07+08:00 ] 0.0.0.0 /Rose/index.php?g=Wap&m=Vendmanage&a=device_list
INFO: [ app_begin ] --START--
INFO: Run ReadHtmlCache Behavior [ RunTime:0.001000s ]
INFO: [ app_begin ] --END-- [ RunTime:0.001000s ]
NOTIC: [8] A session had already been started - ignoring session_start() D:\phpStudy\WWW\Rose\Lib\Action\VendinghomeAction.class.php 第 2 行.
SQL: SHOW COLUMNS FROM `sys_user` [ RunTime:0.020001s ]
SQL: SELECT * FROM `sys_user` WHERE ( `del_flag` = 0 ) AND ( `openid` = 'odOIPv8267xTj4vLdcQ2xNb3Divo' ) AND ( `no` = '售货机' ) AND ( `id` = '2017091315_7D29AF66AE2DBB98A0718A6D9B90FCE1' ) LIMIT 1   [ RunTime:0.001000s ]
NOTIC: [8] Trying to get property of non-object D:\phpStudy\WWW\Rose\Core\Extend\Vendor\weixin\jssdk.php 第 75 行.
NOTIC: [8] Trying to get property of non-object D:\phpStudy\WWW\Rose\Core\Extend\Vendor\weixin\jssdk.php 第 53 行.
SQL: SHOW COLUMNS FROM `goods_vending` [ RunTime:0.022002s ]
SQL: SELECT * FROM `goods_vending` WHERE ( `del_flag` = '0' ) AND ( `owner_id` = '2017091315_7D29AF66AE2DBB98A0718A6D9B90FCE1' )  [ RunTime:0.000000s ]
INFO: [ view_template ] --START--
INFO: Run LocationTemplate Behavior [ RunTime:-1.246072s ]
INFO: [ view_template ] --END-- [ RunTime:0.001000s ]
INFO: [ view_parse ] --START--
INFO: Run ParseTemplate Behavior [ RunTime:-1.247072s ]
INFO: [ view_parse ] --END-- [ RunTime:0.041002s ]
INFO: [ view_filter ] --START--
INFO: Run ContentReplace Behavior [ RunTime:-1.288074s ]
INFO: Run TokenBuild Behavior [ RunTime:-1.289074s ]
INFO: Run WriteHtmlCache Behavior [ RunTime:-1.290074s ]
INFO: Run ShowRuntime Behavior [ RunTime:-1.290074s ]
INFO: [ view_filter ] --END-- [ RunTime:0.003000s ]
INFO: [ view_end ] --START--
INFO: Run ShowPageTrace Behavior [ RunTime:-1.291074s ]
INFO: [ view_end ] --END-- [ RunTime:0.001000s ]

[ 2017-09-26T10:20:11+08:00 ] 0.0.0.0 /Rose/index.php?g=Wap&m=Vendmanage&a=device_list
INFO: [ app_begin ] --START--
INFO: Run ReadHtmlCache Behavior [ RunTime:0.001000s ]
INFO: [ app_begin ] --END-- [ RunTime:0.001000s ]
NOTIC: [8] A session had already been started - ignoring session_start() D:\phpStudy\WWW\Rose\Lib\Action\VendinghomeAction.class.php 第 2 行.
SQL: SHOW COLUMNS FROM `sys_user` [ RunTime:0.022001s ]
SQL: SELECT * FROM `sys_user` WHERE ( `del_flag` = 0 ) AND ( `openid` = 'odOIPv8267xTj4vLdcQ2xNb3Divo' ) AND ( `no` = '售货机' ) AND ( `id` = '2017091315_7D29AF66AE2DBB98A0718A6D9B90FCE1' ) LIMIT 1   [ RunTime:0.001000s ]
NOTIC: [8] Trying to get property of non-object D:\phpStudy\WWW\Rose\Core\Extend\Vendor\weixin\jssdk.php 第 75 行.
NOTIC: [8] Trying to get property of non-object D:\phpStudy\WWW\Rose\Core\Extend\Vendor\weixin\jssdk.php 第 53 行.
SQL: SHOW COLUMNS FROM `goods_vending` [ RunTime:0.016001s ]
SQL: SELECT * FROM `goods_vending` WHERE ( `del_flag` = '0' ) AND ( `owner_id` = '2017091315_7D29AF66AE2DBB98A0718A6D9B90FCE1' )  [ RunTime:0.001000s ]
INFO: [ view_template ] --START--
INFO: Run LocationTemplate Behavior [ RunTime:-1.250072s ]
INFO: [ view_template ] --END-- [ RunTime:0.001000s ]
INFO: [ view_parse ] --START--
INFO: Run ParseTemplate Behavior [ RunTime:-1.251072s ]
INFO: [ view_parse ] --END-- [ RunTime:0.015001s ]
INFO: [ view_filter ] --START--
INFO: Run ContentReplace Behavior [ RunTime:-1.266073s ]
INFO: Run TokenBuild Behavior [ RunTime:-1.267073s ]
INFO: Run WriteHtmlCache Behavior [ RunTime:-1.268073s ]
INFO: Run ShowRuntime Behavior [ RunTime:-1.269073s ]
INFO: [ view_filter ] --END-- [ RunTime:0.003000s ]
INFO: [ view_end ] --START--
INFO: Run ShowPageTrace Behavior [ RunTime:-1.269073s ]
INFO: [ view_end ] --END-- [ RunTime:0.001000s ]

[ 2017-09-26T10:20:15+08:00 ] 0.0.0.0 /Rose/index.php?g=Wap&m=Vendmanage&a=device_list
INFO: [ app_begin ] --START--
INFO: Run ReadHtmlCache Behavior [ RunTime:0.001000s ]
INFO: [ app_begin ] --END-- [ RunTime:0.001000s ]
NOTIC: [8] A session had already been started - ignoring session_start() D:\phpStudy\WWW\Rose\Lib\Action\VendinghomeAction.class.php 第 2 行.
SQL: SHOW COLUMNS FROM `sys_user` [ RunTime:0.019001s ]
SQL: SELECT * FROM `sys_user` WHERE ( `del_flag` = 0 ) AND ( `openid` = 'odOIPv8267xTj4vLdcQ2xNb3Divo' ) AND ( `no` = '售货机' ) AND ( `id` = '2017091315_7D29AF66AE2DBB98A0718A6D9B90FCE1' ) LIMIT 1   [ RunTime:0.000000s ]
NOTIC: [8] Trying to get property of non-object D:\phpStudy\WWW\Rose\Core\Extend\Vendor\weixin\jssdk.php 第 75 行.
NOTIC: [8] Trying to get property of non-object D:\phpStudy\WWW\Rose\Core\Extend\Vendor\weixin\jssdk.php 第 53 行.
SQL: SHOW COLUMNS FROM `goods_vending` [ RunTime:0.014000s ]
SQL: SELECT * FROM `goods_vending` WHERE ( `del_flag` = '0' ) AND ( `owner_id` = '2017091315_7D29AF66AE2DBB98A0718A6D9B90FCE1' )  [ RunTime:0.000000s ]
INFO: [ view_template ] --START--
INFO: Run LocationTemplate Behavior [ RunTime:-1.259072s ]
INFO: [ view_template ] --END-- [ RunTime:0.001000s ]
INFO: [ view_parse ] --START--
INFO: Run ParseTemplate Behavior [ RunTime:-1.260072s ]
INFO: [ view_parse ] --END-- [ RunTime:0.016001s ]
INFO: [ view_filter ] --START--
INFO: Run ContentReplace Behavior [ RunTime:-1.276073s ]
INFO: Run TokenBuild Behavior [ RunTime:-1.277073s ]
INFO: Run WriteHtmlCache Behavior [ RunTime:-1.278074s ]
INFO: Run ShowRuntime Behavior [ RunTime:-1.279074s ]
INFO: [ view_filter ] --END-- [ RunTime:0.004001s ]
INFO: [ view_end ] --START--
INFO: Run ShowPageTrace Behavior [ RunTime:-1.280074s ]
INFO: [ view_end ] --END-- [ RunTime:0.001000s ]

[ 2017-09-26T10:20:34+08:00 ] 0.0.0.0 /Rose/index.php?g=Wap&m=VendLogin&a=login
INFO: [ app_begin ] --START--
INFO: Run ReadHtmlCache Behavior [ RunTime:0.001000s ]
INFO: [ app_begin ] --END-- [ RunTime:0.001000s ]
NOTIC: [8] A session had already been started - ignoring session_start() D:\phpStudy\WWW\Rose\Lib\Action\Wap\VendLoginAction.class.php 第 2 行.
INFO: [ view_template ] --START--
INFO: Run LocationTemplate Behavior [ RunTime:-0.010000s ]
INFO: [ view_template ] --END-- [ RunTime:0.001000s ]
INFO: [ view_parse ] --START--
INFO: Run ParseTemplate Behavior [ RunTime:-0.011000s ]
INFO: [ view_parse ] --END-- [ RunTime:0.022002s ]
INFO: [ view_filter ] --START--
INFO: Run ContentReplace Behavior [ RunTime:-0.033002s ]
INFO: Run TokenBuild Behavior [ RunTime:-0.034002s ]
INFO: Run WriteHtmlCache Behavior [ RunTime:-0.034002s ]
INFO: Run ShowRuntime Behavior [ RunTime:-0.035002s ]
INFO: [ view_filter ] --END-- [ RunTime:0.003000s ]
INFO: [ view_end ] --START--
INFO: Run ShowPageTrace Behavior [ RunTime:-0.036002s ]
INFO: [ view_end ] --END-- [ RunTime:0.001000s ]

[ 2017-09-26T10:20:37+08:00 ] 0.0.0.0 /Rose/index.php?g=Wap&m=VendLogin&a=login
INFO: [ app_begin ] --START--
INFO: Run ReadHtmlCache Behavior [ RunTime:0.002000s ]
INFO: [ app_begin ] --END-- [ RunTime:0.002000s ]
NOTIC: [8] A session had already been started - ignoring session_start() D:\phpStudy\WWW\Rose\Lib\Action\Wap\VendLoginAction.class.php 第 2 行.
INFO: [ view_template ] --START--
INFO: Run LocationTemplate Behavior [ RunTime:-0.013001s ]
INFO: [ view_template ] --END-- [ RunTime:0.002000s ]
INFO: [ view_parse ] --START--
INFO: Run ParseTemplate Behavior [ RunTime:-0.015001s ]
INFO: [ view_parse ] --END-- [ RunTime:0.126007s ]
INFO: [ view_filter ] --START--
INFO: Run ContentReplace Behavior [ RunTime:-0.141008s ]
INFO: Run TokenBuild Behavior [ RunTime:-0.142008s ]
INFO: Run WriteHtmlCache Behavior [ RunTime:-0.143009s ]
INFO: Run ShowRuntime Behavior [ RunTime:-0.144009s ]
INFO: [ view_filter ] --END-- [ RunTime:0.003001s ]
INFO: [ view_end ] --START--
INFO: Run ShowPageTrace Behavior [ RunTime:-0.145009s ]
INFO: [ view_end ] --END-- [ RunTime:0.001000s ]

[ 2017-09-26T10:22:27+08:00 ] 0.0.0.0 /Rose/index.php?g=Wap&m=Vendmanage&a=device_list
INFO: [ app_begin ] --START--
INFO: Run ReadHtmlCache Behavior [ RunTime:0.002000s ]
INFO: [ app_begin ] --END-- [ RunTime:0.002000s ]
NOTIC: [8] A session had already been started - ignoring session_start() D:\phpStudy\WWW\Rose\Lib\Action\VendinghomeAction.class.php 第 2 行.
SQL: SHOW COLUMNS FROM `sys_user` [ RunTime:0.017001s ]
SQL: SELECT * FROM `sys_user` WHERE ( `del_flag` = 0 ) AND ( `openid` = 'odOIPv8267xTj4vLdcQ2xNb3Divo' ) AND ( `no` = '售货机' ) AND ( `id` = '2017091315_7D29AF66AE2DBB98A0718A6D9B90FCE1' ) LIMIT 1   [ RunTime:0.001000s ]
NOTIC: [8] Trying to get property of non-object D:\phpStudy\WWW\Rose\Core\Extend\Vendor\weixin\jssdk.php 第 75 行.
NOTIC: [8] Trying to get property of non-object D:\phpStudy\WWW\Rose\Core\Extend\Vendor\weixin\jssdk.php 第 53 行.
SQL: SHOW COLUMNS FROM `goods_vending` [ RunTime:0.018001s ]
SQL: SELECT * FROM `goods_vending` WHERE ( `del_flag` = '0' ) AND ( `owner_id` = '2017091315_7D29AF66AE2DBB98A0718A6D9B90FCE1' )  [ RunTime:0.001000s ]
INFO: [ view_template ] --START--
INFO: Run LocationTemplate Behavior [ RunTime:-1.230070s ]
INFO: [ view_template ] --END-- [ RunTime:0.001000s ]
INFO: [ view_parse ] --START--
INFO: Run ParseTemplate Behavior [ RunTime:-1.231070s ]
INFO: [ view_parse ] --END-- [ RunTime:0.015001s ]
INFO: [ view_filter ] --START--
INFO: Run ContentReplace Behavior [ RunTime:-1.246071s ]
INFO: Run TokenBuild Behavior [ RunTime:-1.247071s ]
INFO: Run WriteHtmlCache Behavior [ RunTime:-1.248071s ]
INFO: Run ShowRuntime Behavior [ RunTime:-1.248071s ]
INFO: [ view_filter ] --END-- [ RunTime:0.003000s ]
INFO: [ view_end ] --START--
INFO: Run ShowPageTrace Behavior [ RunTime:-1.249071s ]
INFO: [ view_end ] --END-- [ RunTime:0.001001s ]

[ 2017-09-26T10:24:15+08:00 ] 0.0.0.0 /Rose/index.php?g=Wap&m=VendLogin&a=login
INFO: [ app_begin ] --START--
INFO: Run ReadHtmlCache Behavior [ RunTime:0.012000s ]
INFO: [ app_begin ] --END-- [ RunTime:0.012000s ]
NOTIC: [8] A session had already been started - ignoring session_start() D:\phpStudy\WWW\Rose\Lib\Action\Wap\VendLoginAction.class.php 第 2 行.
INFO: [ view_template ] --START--
INFO: Run LocationTemplate Behavior [ RunTime:-0.024002s ]
INFO: [ view_template ] --END-- [ RunTime:0.003000s ]
INFO: [ view_parse ] --START--
INFO: Run ParseTemplate Behavior [ RunTime:-0.027002s ]
INFO: [ view_parse ] --END-- [ RunTime:0.016001s ]
INFO: [ view_filter ] --START--
INFO: Run ContentReplace Behavior [ RunTime:-0.043003s ]
INFO: Run TokenBuild Behavior [ RunTime:-0.044003s ]
INFO: Run WriteHtmlCache Behavior [ RunTime:-0.045003s ]
INFO: Run ShowRuntime Behavior [ RunTime:-0.046003s ]
INFO: [ view_filter ] --END-- [ RunTime:0.004000s ]
INFO: [ view_end ] --START--
INFO: Run ShowPageTrace Behavior [ RunTime:-0.047003s ]
INFO: [ view_end ] --END-- [ RunTime:0.000000s ]

[ 2017-09-26T10:24:44+08:00 ] 0.0.0.0 /Rose/index.php?g=Wap&m=Vendmanage&a=personal
INFO: [ app_begin ] --START--
INFO: Run ReadHtmlCache Behavior [ RunTime:0.000000s ]
INFO: [ app_begin ] --END-- [ RunTime:0.001000s ]
NOTIC: [8] A session had already been started - ignoring session_start() D:\phpStudy\WWW\Rose\Lib\Action\VendinghomeAction.class.php 第 2 行.
SQL: SHOW COLUMNS FROM `sys_user` [ RunTime:0.015001s ]
SQL: SELECT * FROM `sys_user` WHERE ( `del_flag` = 0 ) AND ( `openid` = 'odOIPv8267xTj4vLdcQ2xNb3Divo' ) AND ( `no` = '售货机' ) AND ( `id` = '2017091315_7D29AF66AE2DBB98A0718A6D9B90FCE1' ) LIMIT 1   [ RunTime:0.001000s ]
NOTIC: [8] Trying to get property of non-object D:\phpStudy\WWW\Rose\Core\Extend\Vendor\weixin\jssdk.php 第 75 行.
NOTIC: [8] Trying to get property of non-object D:\phpStudy\WWW\Rose\Core\Extend\Vendor\weixin\jssdk.php 第 53 行.
SQL: SHOW COLUMNS FROM `goods_consume_rec` [ RunTime:0.014001s ]
SQL: SELECT SUM(consume_account) AS tp_sum FROM `goods_consume_rec` WHERE ( `create_date` >= '2017-09-26 00:00:00' ) AND ( `command_status` = 2 ) AND ( `del_flag` = 0 ) AND ( `owner_id` = '2017091315_7D29AF66AE2DBB98A0718A6D9B90FCE1' ) LIMIT 1   [ RunTime:0.003000s ]
SQL: SELECT SUM(totals-consume) AS tp_sum FROM `sys_user` WHERE ( `del_flag` = 0 ) AND ( `id` = '2017091315_7D29AF66AE2DBB98A0718A6D9B90FCE1' ) LIMIT 1   [ RunTime:0.001000s ]
NOTIC: [2] trim() expects parameter 1 to be string, array given D:\phpStudy\WWW\Rose\Core\Lib\Core\Db.class.php 第 459 行.
SQL: SELECT SUM(consume_account) AS tp_sum FROM `goods_consume_rec` WHERE ( (`create_date` >= '2017-09')  ) AND ( `command_status` = 2 ) AND ( `del_flag` = 0 ) AND ( `owner_id` = '2017091315_7D29AF66AE2DBB98A0718A6D9B90FCE1' ) LIMIT 1   [ RunTime:0.001000s ]
SQL: SELECT sum(consume_account) as count FROM `goods_consume_rec` WHERE ( `command_status` = 2 ) AND ( `del_flag` = 0 ) AND ( `owner_id` = '2017091315_7D29AF66AE2DBB98A0718A6D9B90FCE1' ) GROUP BY deivce_code ORDER BY count desc LIMIT 1   [ RunTime:0.002000s ]
SQL: SHOW COLUMNS FROM `goods_vending` [ RunTime:0.012001s ]
SQL: SELECT sum(1) as count,`online_status` FROM `goods_vending` WHERE ( `del_flag` = 0 ) AND ( `owner_id` = '2017091315_7D29AF66AE2DBB98A0718A6D9B90FCE1' ) GROUP BY online_status ORDER BY online_status asc  [ RunTime:0.002000s ]
INFO: [ view_template ] --START--
INFO: Run LocationTemplate Behavior [ RunTime:-1.232071s ]
INFO: [ view_template ] --END-- [ RunTime:0.001000s ]
INFO: [ view_parse ] --START--
NOTIC: [8] Undefined variable: rose D:\phpStudy\WWW\Rose\logs\Cache\Wap\0d24bcd97e63343c12b935aa0d6975b0.php 第 144 行.
NOTIC: [8] Undefined variable: scan_code D:\phpStudy\WWW\Rose\logs\Cache\Wap\0d24bcd97e63343c12b935aa0d6975b0.php 第 155 行.
INFO: Run ParseTemplate Behavior [ RunTime:-1.233071s ]
INFO: [ view_parse ] --END-- [ RunTime:0.017001s ]
INFO: [ view_filter ] --START--
INFO: Run ContentReplace Behavior [ RunTime:-1.250072s ]
INFO: Run TokenBuild Behavior [ RunTime:-1.251072s ]
INFO: Run WriteHtmlCache Behavior [ RunTime:-1.252072s ]
INFO: Run ShowRuntime Behavior [ RunTime:-1.252072s ]
INFO: [ view_filter ] --END-- [ RunTime:0.003000s ]
INFO: [ view_end ] --START--
INFO: Run ShowPageTrace Behavior [ RunTime:-1.253072s ]
INFO: [ view_end ] --END-- [ RunTime:0.001000s ]

[ 2017-09-26T10:24:46+08:00 ] 0.0.0.0 /Rose/index.php?g=Wap&m=Vendmanage&a=panding
INFO: [ app_begin ] --START--
INFO: Run ReadHtmlCache Behavior [ RunTime:0.001000s ]
INFO: [ app_begin ] --END-- [ RunTime:0.001000s ]
NOTIC: [8] A session had already been started - ignoring session_start() D:\phpStudy\WWW\Rose\Lib\Action\VendinghomeAction.class.php 第 2 行.
SQL: SHOW COLUMNS FROM `sys_user` [ RunTime:0.021001s ]
SQL: SELECT * FROM `sys_user` WHERE ( `del_flag` = 0 ) AND ( `openid` = 'odOIPv8267xTj4vLdcQ2xNb3Divo' ) AND ( `no` = '售货机' ) AND ( `id` = '2017091315_7D29AF66AE2DBB98A0718A6D9B90FCE1' ) LIMIT 1   [ RunTime:0.001000s ]
NOTIC: [8] Trying to get property of non-object D:\phpStudy\WWW\Rose\Core\Extend\Vendor\weixin\jssdk.php 第 75 行.
NOTIC: [8] Trying to get property of non-object D:\phpStudy\WWW\Rose\Core\Extend\Vendor\weixin\jssdk.php 第 53 行.
SQL: SHOW COLUMNS FROM `goods_consume_rec` [ RunTime:0.020002s ]
SQL: SELECT `command_status`,`deivce_code`,sum(consume_account) as count FROM `goods_consume_rec` WHERE ( `command_status` = 2 ) AND ( `del_flag` = 0 ) AND ( `owner_id` = '2017091315_7D29AF66AE2DBB98A0718A6D9B90FCE1' ) GROUP BY deivce_code ORDER BY count desc LIMIT 10   [ RunTime:0.002000s ]
INFO: [ view_template ] --START--
INFO: Run LocationTemplate Behavior [ RunTime:-1.247072s ]
INFO: [ view_template ] --END-- [ RunTime:0.002000s ]
INFO: [ view_parse ] --START--
NOTIC: [8] Undefined variable: openid D:\phpStudy\WWW\Rose\logs\Cache\Wap\5d287f80891fa5b398997e611b0d0216.php 第 57 行.
INFO: Run ParseTemplate Behavior [ RunTime:-1.249072s ]
INFO: [ view_parse ] --END-- [ RunTime:0.034002s ]
INFO: [ view_filter ] --START--
INFO: Run ContentReplace Behavior [ RunTime:-1.283074s ]
INFO: Run TokenBuild Behavior [ RunTime:-1.284074s ]
INFO: Run WriteHtmlCache Behavior [ RunTime:-1.284074s ]
INFO: Run ShowRuntime Behavior [ RunTime:-1.285074s ]
INFO: [ view_filter ] --END-- [ RunTime:0.003000s ]
INFO: [ view_end ] --START--
INFO: Run ShowPageTrace Behavior [ RunTime:-1.286074s ]
INFO: [ view_end ] --END-- [ RunTime:0.001000s ]

[ 2017-09-26T10:33:25+08:00 ] 0.0.0.0 /Rose/index.php?g=Wap&m=Vendmanage&a=device_list
INFO: [ app_begin ] --START--
INFO: Run ReadHtmlCache Behavior [ RunTime:0.001000s ]
INFO: [ app_begin ] --END-- [ RunTime:0.001000s ]
NOTIC: [8] A session had already been started - ignoring session_start() D:\phpStudy\WWW\Rose\Lib\Action\VendinghomeAction.class.php 第 2 行.
SQL: SHOW COLUMNS FROM `sys_user` [ RunTime:0.018001s ]
SQL: SELECT * FROM `sys_user` WHERE ( `del_flag` = 0 ) AND ( `openid` = 'odOIPv8267xTj4vLdcQ2xNb3Divo' ) AND ( `no` = '售货机' ) AND ( `id` = '2017091315_7D29AF66AE2DBB98A0718A6D9B90FCE1' ) LIMIT 1   [ RunTime:0.000000s ]
NOTIC: [8] Trying to get property of non-object D:\phpStudy\WWW\Rose\Core\Extend\Vendor\weixin\jssdk.php 第 75 行.
NOTIC: [8] Trying to get property of non-object D:\phpStudy\WWW\Rose\Core\Extend\Vendor\weixin\jssdk.php 第 53 行.
SQL: SHOW COLUMNS FROM `goods_vending` [ RunTime:0.019001s ]
SQL: SELECT * FROM `goods_vending` WHERE ( `del_flag` = '0' ) AND ( `owner_id` = '2017091315_7D29AF66AE2DBB98A0718A6D9B90FCE1' )  [ RunTime:0.000000s ]
INFO: [ view_template ] --START--
INFO: Run LocationTemplate Behavior [ RunTime:-1.315075s ]
INFO: [ view_template ] --END-- [ RunTime:0.002000s ]
INFO: [ view_parse ] --START--
INFO: Run ParseTemplate Behavior [ RunTime:-1.317075s ]
INFO: [ view_parse ] --END-- [ RunTime:0.015001s ]
INFO: [ view_filter ] --START--
INFO: Run ContentReplace Behavior [ RunTime:-1.332076s ]
INFO: Run TokenBuild Behavior [ RunTime:-1.333076s ]
INFO: Run WriteHtmlCache Behavior [ RunTime:-1.333076s ]
INFO: Run ShowRuntime Behavior [ RunTime:-1.334076s ]
INFO: [ view_filter ] --END-- [ RunTime:0.003000s ]
INFO: [ view_end ] --START--
INFO: Run ShowPageTrace Behavior [ RunTime:-1.335076s ]
INFO: [ view_end ] --END-- [ RunTime:0.001000s ]

[ 2017-09-26T11:15:21+08:00 ] 0.0.0.0 /Rose/index.php?g=Wap&m=Vendmanage&a=device_list
INFO: [ app_begin ] --START--
INFO: Run ReadHtmlCache Behavior [ RunTime:0.018001s ]
INFO: [ app_begin ] --END-- [ RunTime:0.018001s ]
NOTIC: [8] A session had already been started - ignoring session_start() D:\phpStudy\WWW\Rose\Lib\Action\VendinghomeAction.class.php 第 2 行.
SQL: SHOW COLUMNS FROM `sys_user` [ RunTime:0.125008s ]
SQL: SELECT * FROM `sys_user` WHERE ( `del_flag` = 0 ) AND ( `openid` = 'odOIPv8267xTj4vLdcQ2xNb3Divo' ) AND ( `no` = '售货机' ) AND ( `id` = '2017091315_7D29AF66AE2DBB98A0718A6D9B90FCE1' ) LIMIT 1   [ RunTime:0.002000s ]
NOTIC: [8] Trying to get property of non-object D:\phpStudy\WWW\Rose\Core\Extend\Vendor\weixin\jssdk.php 第 75 行.
NOTIC: [8] Trying to get property of non-object D:\phpStudy\WWW\Rose\Core\Extend\Vendor\weixin\jssdk.php 第 53 行.
SQL: SHOW COLUMNS FROM `goods_vending` [ RunTime:0.070004s ]
SQL: SELECT * FROM `goods_vending` WHERE ( `del_flag` = '0' ) AND ( `owner_id` = '2017091315_7D29AF66AE2DBB98A0718A6D9B90FCE1' )  [ RunTime:0.013001s ]
INFO: [ view_template ] --START--
INFO: Run LocationTemplate Behavior [ RunTime:-1.568090s ]
INFO: [ view_template ] --END-- [ RunTime:0.009000s ]
INFO: [ view_parse ] --START--
NOTIC: [8] Use of undefined constant id - assumed 'id' D:\phpStudy\WWW\Rose\logs\Cache\Wap\19da079a6988dafc27b27133743454c4.php 第 74 行.
NOTIC: [8] Array to string conversion D:\phpStudy\WWW\Rose\logs\Cache\Wap\19da079a6988dafc27b27133743454c4.php 第 74 行.
NOTIC: [8] Use of undefined constant id - assumed 'id' D:\phpStudy\WWW\Rose\logs\Cache\Wap\19da079a6988dafc27b27133743454c4.php 第 74 行.
NOTIC: [8] Array to string conversion D:\phpStudy\WWW\Rose\logs\Cache\Wap\19da079a6988dafc27b27133743454c4.php 第 74 行.
NOTIC: [8] Use of undefined constant id - assumed 'id' D:\phpStudy\WWW\Rose\logs\Cache\Wap\19da079a6988dafc27b27133743454c4.php 第 74 行.
NOTIC: [8] Array to string conversion D:\phpStudy\WWW\Rose\logs\Cache\Wap\19da079a6988dafc27b27133743454c4.php 第 74 行.
INFO: Run ParseTemplate Behavior [ RunTime:-1.578090s ]
INFO: [ view_parse ] --END-- [ RunTime:0.048003s ]
INFO: [ view_filter ] --START--
INFO: Run ContentReplace Behavior [ RunTime:-1.625093s ]
INFO: Run TokenBuild Behavior [ RunTime:-1.627093s ]
INFO: Run WriteHtmlCache Behavior [ RunTime:-1.628093s ]
INFO: Run ShowRuntime Behavior [ RunTime:-1.629093s ]
INFO: [ view_filter ] --END-- [ RunTime:0.005000s ]
INFO: [ view_end ] --START--
INFO: Run ShowPageTrace Behavior [ RunTime:-1.630093s ]
INFO: [ view_end ] --END-- [ RunTime:0.001000s ]

[ 2017-09-26T11:15:37+08:00 ] ERR: (ThinkException) 无法加载模块:Index
[ 2017-09-26T11:15:37+08:00 ] 0.0.0.0 /Rose/index.php?g=Wap&m=Vendmanage&a=device_list
INFO: [ app_begin ] --START--
INFO: Run ReadHtmlCache Behavior [ RunTime:0.001001s ]
INFO: [ app_begin ] --END-- [ RunTime:0.001001s ]
NOTIC: [8] A session had already been started - ignoring session_start() D:\phpStudy\WWW\Rose\Lib\Action\VendinghomeAction.class.php 第 2 行.
SQL: SHOW COLUMNS FROM `sys_user` [ RunTime:0.021001s ]
SQL: SELECT * FROM `sys_user` WHERE ( `del_flag` = 0 ) AND ( `openid` = 'odOIPv8267xTj4vLdcQ2xNb3Divo' ) AND ( `no` = '售货机' ) AND ( `id` = '2017091315_7D29AF66AE2DBB98A0718A6D9B90FCE1' ) LIMIT 1   [ RunTime:0.000000s ]
NOTIC: [8] Trying to get property of non-object D:\phpStudy\WWW\Rose\Core\Extend\Vendor\weixin\jssdk.php 第 75 行.
NOTIC: [8] Trying to get property of non-object D:\phpStudy\WWW\Rose\Core\Extend\Vendor\weixin\jssdk.php 第 53 行.
SQL: SHOW COLUMNS FROM `goods_vending` [ RunTime:0.027001s ]
SQL: SELECT * FROM `goods_vending` WHERE ( `del_flag` = '0' ) AND ( `owner_id` = '2017091315_7D29AF66AE2DBB98A0718A6D9B90FCE1' )  [ RunTime:0.001000s ]
INFO: [ view_template ] --START--
INFO: Run LocationTemplate Behavior [ RunTime:-1.273072s ]
INFO: [ view_template ] --END-- [ RunTime:0.003000s ]
INFO: [ view_parse ] --START--
INFO: Run ParseTemplate Behavior [ RunTime:-1.276072s ]
INFO: [ view_parse ] --END-- [ RunTime:0.017001s ]
INFO: [ view_filter ] --START--
INFO: Run ContentReplace Behavior [ RunTime:-1.293073s ]
INFO: Run TokenBuild Behavior [ RunTime:-1.294074s ]
INFO: Run WriteHtmlCache Behavior [ RunTime:-1.294074s ]
INFO: Run ShowRuntime Behavior [ RunTime:-1.295074s ]
INFO: [ view_filter ] --END-- [ RunTime:0.003001s ]
INFO: [ view_end ] --START--
INFO: Run ShowPageTrace Behavior [ RunTime:-1.296074s ]
INFO: [ view_end ] --END-- [ RunTime:0.001000s ]

