[ 2017-08-14T15:41:46+08:00 ] 0.0.0.0 /Rose/index.php?g=Wap&m=Rose2Personal&a=presonal_new&openid=odOIPv5RJwDqO94UaCbpKQvdjhLE
INFO: [ app_begin ] --START--
INFO: Run ReadHtmlCache Behavior [ RunTime:0.032002s ]
INFO: [ app_begin ] --END-- [ RunTime:0.049003s ]
NOTIC: [8] A session had already been started - ignoring session_start() D:\phpStudy\WWW\Rose\Lib\Action\Wap\Rose2BaseAction.class.php 第 2 行.
SQL: SHOW COLUMNS FROM `sys_user` [ RunTime:0.262015s ]
SQL: SELECT * FROM `sys_user` WHERE ( `del_flag` = 0 ) AND ( `openid` = 'odOIPv5RJwDqO94UaCbpKQvdjhLE' ) LIMIT 1   [ RunTime:0.010001s ]
NOTIC: [8] Trying to get property of non-object D:\phpStudy\WWW\Rose\Core\Extend\Vendor\weixin\jssdk.php 第 75 行.
NOTIC: [8] Trying to get property of non-object D:\phpStudy\WWW\Rose\Core\Extend\Vendor\weixin\jssdk.php 第 53 行.
SQL: SHOW COLUMNS FROM `weixin_userinfo` [ RunTime:0.116006s ]
SQL: SELECT * FROM `weixin_userinfo` WHERE ( `del_flag` = 0 ) AND ( `from_username` = 'odOIPv5RJwDqO94UaCbpKQvdjhLE' ) LIMIT 1   [ RunTime:0.016001s ]
SQL: SELECT * FROM `sys_user` WHERE ( `del_flag` = 0 ) AND ( `openid` = 'odOIPv5RJwDqO94UaCbpKQvdjhLE' ) LIMIT 1   [ RunTime:0.001000s ]
SQL: SHOW COLUMNS FROM `sys_office` [ RunTime:0.121007s ]
SQL: SELECT `name` FROM `sys_office` WHERE ( `del_flag` = 0 ) AND ( `id` = 'a721bdccfcb44571a48df2065950d05d' ) LIMIT 1   [ RunTime:0.001000s ]
SQL: SHOW COLUMNS FROM `device_consume_rec` [ RunTime:0.105006s ]
SQL: SELECT SUM(consume_account) AS tp_sum FROM `device_consume_rec` WHERE ( `create_date` >= '2017-08-14 00:00:00' ) AND ( `command_status` = 2 ) AND ( `consume_status` = 1 ) AND ( `del_flag` = 0 ) AND ( `transfer_status` = 0 ) AND ( `create_by` = '0aff0d6c1d9f4a8694b041b338431927' ) LIMIT 1   [ RunTime:0.691040s ]
NOTIC: [2] trim() expects parameter 1 to be string, array given D:\phpStudy\WWW\Rose\Core\Lib\Core\Db.class.php 第 459 行.
SQL: SELECT SUM(consume_account) AS tp_sum FROM `device_consume_rec` WHERE ( (`create_date` >= '2017-08')  ) AND ( `command_status` = 2 ) AND ( `consume_status` = 1 ) AND ( `del_flag` = 0 ) AND ( `transfer_status` = 0 ) AND ( `create_by` = '0aff0d6c1d9f4a8694b041b338431927' ) LIMIT 1   [ RunTime:0.113006s ]
SQL: SELECT SUM(totals-consume) AS tp_sum FROM `sys_user` WHERE ( `del_flag` = 0 ) AND ( `openid` = 'odOIPv5RJwDqO94UaCbpKQvdjhLE' ) LIMIT 1   [ RunTime:0.016001s ]
SQL: SELECT sum(consume_account) as count,`deivce_command` FROM `device_consume_rec` WHERE ( `command_status` = 2 ) AND ( `consume_status` = 1 ) AND ( `del_flag` = 0 ) AND ( `transfer_status` = 0 ) AND ( `create_by` = '0aff0d6c1d9f4a8694b041b338431927' ) GROUP BY deivce_command ORDER BY count desc LIMIT 1   [ RunTime:0.138008s ]
SQL: SHOW COLUMNS FROM `device_info` [ RunTime:0.074004s ]
SQL: SELECT `scan_code` FROM `device_info` WHERE ( `del_flag` = 0 ) AND ( `device_command` = '4051958' ) AND ( `owner_id` = '0aff0d6c1d9f4a8694b041b338431927' ) LIMIT 1   [ RunTime:0.010000s ]
SQL: SELECT sum(1) as count,drg.online_status FROM device_info di LEFT JOIN device_relation_group drg ON drg.di_id = di.id WHERE ( di.del_flag = 0 ) AND ( drg.del_flag = 0 ) AND ( di.owner_id = '0aff0d6c1d9f4a8694b041b338431927' ) GROUP BY drg.online_status ORDER BY drg.online_status asc  [ RunTime:0.092005s ]
SQL: SHOW COLUMNS FROM `userefund` [ RunTime:0.060004s ]
SQL: SELECT COUNT(*) AS tp_count FROM `userefund` WHERE ( `owner_id` = '0aff0d6c1d9f4a8694b041b338431927' ) LIMIT 1   [ RunTime:0.017001s ]
INFO: [ view_template ] --START--
INFO: Run LocationTemplate Behavior [ RunTime:-10.470599s ]
INFO: [ view_template ] --END-- [ RunTime:0.120007s ]
INFO: [ view_parse ] --START--
INFO: Run ParseTemplate Behavior [ RunTime:-10.590606s ]
INFO: [ view_parse ] --END-- [ RunTime:0.273015s ]
INFO: [ view_filter ] --START--
INFO: Run ContentReplace Behavior [ RunTime:-10.863621s ]
INFO: Run TokenBuild Behavior [ RunTime:-10.864621s ]
INFO: Run WriteHtmlCache Behavior [ RunTime:-10.866622s ]
INFO: Run ShowRuntime Behavior [ RunTime:-10.866622s ]
INFO: [ view_filter ] --END-- [ RunTime:0.005001s ]
INFO: [ view_end ] --START--
INFO: Run ShowPageTrace Behavior [ RunTime:-10.868622s ]
INFO: [ view_end ] --END-- [ RunTime:0.013000s ]

[ 2017-08-14T15:41:57+08:00 ] 0.0.0.0 /Rose/index.php?g=Wap&m=Rose2Personal&a=refund&openid=odOIPv5RJwDqO94UaCbpKQvdjhLE
INFO: [ app_begin ] --START--
INFO: Run ReadHtmlCache Behavior [ RunTime:0.001000s ]
INFO: [ app_begin ] --END-- [ RunTime:0.001000s ]
NOTIC: [8] A session had already been started - ignoring session_start() D:\phpStudy\WWW\Rose\Lib\Action\Wap\Rose2BaseAction.class.php 第 2 行.
SQL: SHOW COLUMNS FROM `sys_user` [ RunTime:0.009000s ]
SQL: SELECT * FROM `sys_user` WHERE ( `del_flag` = 0 ) AND ( `openid` = 'odOIPv5RJwDqO94UaCbpKQvdjhLE' ) LIMIT 1   [ RunTime:0.001001s ]
NOTIC: [8] Trying to get property of non-object D:\phpStudy\WWW\Rose\Core\Extend\Vendor\weixin\jssdk.php 第 75 行.
NOTIC: [8] Trying to get property of non-object D:\phpStudy\WWW\Rose\Core\Extend\Vendor\weixin\jssdk.php 第 53 行.
SQL: SHOW COLUMNS FROM `weixin_userinfo` [ RunTime:0.060003s ]
SQL: SELECT * FROM `weixin_userinfo` WHERE ( `del_flag` = 0 ) AND ( `from_username` = 'odOIPv5RJwDqO94UaCbpKQvdjhLE' ) LIMIT 1   [ RunTime:0.001000s ]
SQL: SELECT * FROM `sys_user` WHERE ( `del_flag` = 0 ) AND ( `openid` = 'odOIPv5RJwDqO94UaCbpKQvdjhLE' ) LIMIT 1   [ RunTime:0.000000s ]
SQL: SHOW COLUMNS FROM `userefund` [ RunTime:0.007001s ]
SQL: SELECT * FROM `userefund` WHERE ( `owner_id` = '0aff0d6c1d9f4a8694b041b338431927' ) ORDER BY apple_time desc  [ RunTime:0.001000s ]
INFO: [ view_template ] --START--
INFO: Run LocationTemplate Behavior [ RunTime:-1.274073s ]
INFO: [ view_template ] --END-- [ RunTime:0.014000s ]
INFO: [ view_parse ] --START--
INFO: Run ParseTemplate Behavior [ RunTime:-1.288073s ]
INFO: [ view_parse ] --END-- [ RunTime:0.040003s ]
INFO: [ view_filter ] --START--
INFO: Run ContentReplace Behavior [ RunTime:-1.328076s ]
INFO: Run TokenBuild Behavior [ RunTime:-1.329076s ]
INFO: Run WriteHtmlCache Behavior [ RunTime:-1.334076s ]
INFO: Run ShowRuntime Behavior [ RunTime:-1.335076s ]
INFO: [ view_filter ] --END-- [ RunTime:0.008000s ]
INFO: [ view_end ] --START--
INFO: Run ShowPageTrace Behavior [ RunTime:-1.336076s ]
INFO: [ view_end ] --END-- [ RunTime:0.001000s ]

[ 2017-08-14T16:03:15+08:00 ] 0.0.0.0 /Rose/index.php?g=Wap&m=Rose2Personal&a=index&openid=odOIPv5RJwDqO94UaCbpKQvdjhLE
INFO: [ app_begin ] --START--
INFO: Run ReadHtmlCache Behavior [ RunTime:0.014001s ]
INFO: [ app_begin ] --END-- [ RunTime:0.014001s ]
NOTIC: [8] A session had already been started - ignoring session_start() D:\phpStudy\WWW\Rose\Lib\Action\Wap\Rose2BaseAction.class.php 第 2 行.
SQL: SHOW COLUMNS FROM `sys_user` [ RunTime:0.038002s ]
SQL: SELECT * FROM `sys_user` WHERE ( `del_flag` = 0 ) AND ( `openid` = 'odOIPv5RJwDqO94UaCbpKQvdjhLE' ) LIMIT 1   [ RunTime:0.001000s ]
NOTIC: [8] Trying to get property of non-object D:\phpStudy\WWW\Rose\Core\Extend\Vendor\weixin\jssdk.php 第 75 行.
NOTIC: [8] Trying to get property of non-object D:\phpStudy\WWW\Rose\Core\Extend\Vendor\weixin\jssdk.php 第 53 行.
SQL: SHOW COLUMNS FROM `weixin_userinfo` [ RunTime:0.010001s ]
SQL: SELECT * FROM `weixin_userinfo` WHERE ( `del_flag` = 0 ) AND ( `from_username` = 'odOIPv5RJwDqO94UaCbpKQvdjhLE' ) LIMIT 1   [ RunTime:0.001000s ]
SQL: SELECT count(*) as adv
            FROM
                `device_info` di
            LEFT JOIN adv_uservisit_rec pwi ON pwi.di_id = di.id
            LEFT JOIN adv_weixin_info awi ON awi.id = pwi.adv_id
            WHERE
                pwi.status = 2
            and pwi.del_flag=0
            and pwi.transfer_status = 0
			and awi.status=1
			and awi.del_flag=0
            AND di.office_id = 'a721bdccfcb44571a48df2065950d05d'
            AND di.del_flag = 0 [ RunTime:0.118007s ]
SQL: SELECT sum(pwi.consume_account) as count
            FROM
                `device_info` di
            LEFT JOIN device_consume_rec pwi ON pwi.di_id = di.id
            WHERE
                pwi.command_status = 2
            and pwi.del_flag=0
            and pwi.type in(1,3,5,9,11,13,15,17)
			and pwi.transfer_status = 0
			and pwi.consume_status = 1
            AND pwi.create_by = '0aff0d6c1d9f4a8694b041b338431927'
            AND di.del_flag = 0 [ RunTime:0.174010s ]
SQL: SELECT sum(pwi.consume_account) as alipay
            FROM
                `device_info` di
            LEFT JOIN device_consume_rec pwi ON pwi.di_id = di.id
            WHERE
                pwi.command_status = 2
            and pwi.del_flag=0
            and pwi.type in(2,4,6,10,12,14,16,18)
			and pwi.transfer_status = 0
			and pwi.consume_status = 1
            AND pwi.create_by = '0aff0d6c1d9f4a8694b041b338431927'
            AND di.del_flag = 0 [ RunTime:0.109006s ]
SQL: SELECT sum(pwi.consume_account) as anm_weixin
            FROM
                `device_info` di
            LEFT JOIN device_consume_rec pwi ON pwi.di_id = di.id
            WHERE
                pwi.command_status = 2
            and pwi.del_flag=0
            and pwi.type=3
			and pwi.transfer_status = 0
            AND di.office_id = 'a721bdccfcb44571a48df2065950d05d'
            AND di.del_flag = 0 [ RunTime:0.092005s ]
SQL: SELECT sum(pwi.consume_account) as anm_alipay
            FROM
                `device_info` di
            LEFT JOIN device_consume_rec pwi ON pwi.di_id = di.id
            WHERE
                pwi.command_status = 2
            and pwi.del_flag=0
            and pwi.type=4
			and pwi.transfer_status = 0
            AND di.office_id = 'a721bdccfcb44571a48df2065950d05d'
            AND di.del_flag = 0 [ RunTime:0.090005s ]
SQL: SHOW COLUMNS FROM `device_info` [ RunTime:0.006001s ]
SQL: SELECT sum(dw.LOC_OP) c from (SELECT * from (SELECT dr.* FROM `device_info` LEFT JOIN device_record
 dr on dr.dev_id=device_info.device_command WHERE ( device_info.del_flag = 0 )
 AND ( device_info.office_id = 'a721bdccfcb44571a48df2065950d05d' ) ORDER BY dr.LOC_OP desc)
 da GROUP BY da.dev_id ORDER BY da.LOC_OP desc) dw [ RunTime:1.533088s ]
SQL: SELECT * FROM `sys_user` WHERE ( `del_flag` = 0 ) AND ( `openid` = 'odOIPv5RJwDqO94UaCbpKQvdjhLE' ) LIMIT 1   [ RunTime:0.001000s ]
SQL: UPDATE `sys_user` SET `totals`=2776 WHERE ( `del_flag` = 0 ) AND ( `id` = '0aff0d6c1d9f4a8694b041b338431927' ) [ RunTime:0.096005s ]
SQL: SELECT SUM(totals-consume) AS tp_sum FROM `sys_user` WHERE ( `del_flag` = 0 ) AND ( `openid` = 'odOIPv5RJwDqO94UaCbpKQvdjhLE' ) LIMIT 1   [ RunTime:0.000000s ]
INFO: [ view_template ] --START--
INFO: Run LocationTemplate Behavior [ RunTime:-3.646208s ]
INFO: [ view_template ] --END-- [ RunTime:0.025002s ]
INFO: [ view_parse ] --START--
INFO: Run ParseTemplate Behavior [ RunTime:-3.671210s ]
INFO: [ view_parse ] --END-- [ RunTime:0.080004s ]
INFO: [ view_filter ] --START--
INFO: Run ContentReplace Behavior [ RunTime:-3.751214s ]
INFO: Run TokenBuild Behavior [ RunTime:-3.753214s ]
INFO: Run WriteHtmlCache Behavior [ RunTime:-3.754214s ]
INFO: Run ShowRuntime Behavior [ RunTime:-3.756214s ]
INFO: [ view_filter ] --END-- [ RunTime:0.015001s ]
INFO: [ view_end ] --START--
INFO: Run ShowPageTrace Behavior [ RunTime:-3.767215s ]
INFO: [ view_end ] --END-- [ RunTime:0.003000s ]

[ 2017-08-14T17:23:34+08:00 ] 0.0.0.0 /Rose/index.php?g=Wap&m=Rose2Personal&a=index&openid=odOIPv5RJwDqO94UaCbpKQvdjhLE
INFO: [ app_begin ] --START--
INFO: Run ReadHtmlCache Behavior [ RunTime:0.064004s ]
INFO: [ app_begin ] --END-- [ RunTime:0.093006s ]
NOTIC: [8] A session had already been started - ignoring session_start() D:\phpStudy\WWW\Rose\Lib\Action\Wap\Rose2BaseAction.class.php 第 2 行.
SQL: SHOW COLUMNS FROM `sys_user` [ RunTime:0.297017s ]
SQL: SELECT * FROM `sys_user` WHERE ( `del_flag` = 0 ) AND ( `openid` = 'odOIPv5RJwDqO94UaCbpKQvdjhLE' ) LIMIT 1   [ RunTime:0.091005s ]
NOTIC: [8] Trying to get property of non-object D:\phpStudy\WWW\Rose\Core\Extend\Vendor\weixin\jssdk.php 第 75 行.
NOTIC: [8] Trying to get property of non-object D:\phpStudy\WWW\Rose\Core\Extend\Vendor\weixin\jssdk.php 第 53 行.
SQL: SHOW COLUMNS FROM `weixin_userinfo` [ RunTime:0.010000s ]
SQL: SELECT * FROM `weixin_userinfo` WHERE ( `del_flag` = 0 ) AND ( `from_username` = 'odOIPv5RJwDqO94UaCbpKQvdjhLE' ) LIMIT 1   [ RunTime:0.023002s ]
SQL: SELECT count(*) as adv
            FROM
                `device_info` di
            LEFT JOIN adv_uservisit_rec pwi ON pwi.di_id = di.id
            LEFT JOIN adv_weixin_info awi ON awi.id = pwi.adv_id
            WHERE
                pwi.status = 2
            and pwi.del_flag=0
            and pwi.transfer_status = 0
			and awi.status=1
			and awi.del_flag=0
            AND di.office_id = 'a721bdccfcb44571a48df2065950d05d'
            AND di.del_flag = 0 [ RunTime:0.103006s ]
SQL: SELECT sum(pwi.consume_account) as count
            FROM
                `device_info` di
            LEFT JOIN device_consume_rec pwi ON pwi.di_id = di.id
            WHERE
                pwi.command_status = 2
            and pwi.del_flag=0
            and pwi.type in(1,3,5,9,11,13,15,17)
			and pwi.transfer_status = 0
			and pwi.consume_status = 1
            AND pwi.create_by = '0aff0d6c1d9f4a8694b041b338431927'
            AND di.del_flag = 0 [ RunTime:2.826162s ]
SQL: SELECT sum(pwi.consume_account) as alipay
            FROM
                `device_info` di
            LEFT JOIN device_consume_rec pwi ON pwi.di_id = di.id
            WHERE
                pwi.command_status = 2
            and pwi.del_flag=0
            and pwi.type in(2,4,6,10,12,14,16,18)
			and pwi.transfer_status = 0
			and pwi.consume_status = 1
            AND pwi.create_by = '0aff0d6c1d9f4a8694b041b338431927'
            AND di.del_flag = 0 [ RunTime:0.259014s ]
SQL: SELECT sum(pwi.consume_account) as anm_weixin
            FROM
                `device_info` di
            LEFT JOIN device_consume_rec pwi ON pwi.di_id = di.id
            WHERE
                pwi.command_status = 2
            and pwi.del_flag=0
            and pwi.type=3
			and pwi.transfer_status = 0
            AND di.office_id = 'a721bdccfcb44571a48df2065950d05d'
            AND di.del_flag = 0 [ RunTime:0.672039s ]
SQL: SELECT sum(pwi.consume_account) as anm_alipay
            FROM
                `device_info` di
            LEFT JOIN device_consume_rec pwi ON pwi.di_id = di.id
            WHERE
                pwi.command_status = 2
            and pwi.del_flag=0
            and pwi.type=4
			and pwi.transfer_status = 0
            AND di.office_id = 'a721bdccfcb44571a48df2065950d05d'
            AND di.del_flag = 0 [ RunTime:0.105006s ]
SQL: SHOW COLUMNS FROM `device_info` [ RunTime:0.006000s ]
SQL: SELECT sum(dw.LOC_OP) c from (SELECT * from (SELECT dr.* FROM `device_info` LEFT JOIN device_record
 dr on dr.dev_id=device_info.device_command WHERE ( device_info.del_flag = 0 )
 AND ( device_info.office_id = 'a721bdccfcb44571a48df2065950d05d' ) ORDER BY dr.LOC_OP desc)
 da GROUP BY da.dev_id ORDER BY da.LOC_OP desc) dw [ RunTime:4.348249s ]
SQL: SELECT * FROM `sys_user` WHERE ( `del_flag` = 0 ) AND ( `openid` = 'odOIPv5RJwDqO94UaCbpKQvdjhLE' ) LIMIT 1   [ RunTime:0.001000s ]
SQL: UPDATE `sys_user` SET `totals`=2776 WHERE ( `del_flag` = 0 ) AND ( `id` = '0aff0d6c1d9f4a8694b041b338431927' ) [ RunTime:0.249014s ]
SQL: SELECT SUM(totals-consume) AS tp_sum FROM `sys_user` WHERE ( `del_flag` = 0 ) AND ( `openid` = 'odOIPv5RJwDqO94UaCbpKQvdjhLE' ) LIMIT 1   [ RunTime:0.016001s ]
INFO: [ view_template ] --START--
INFO: Run LocationTemplate Behavior [ RunTime:-13.552775s ]
INFO: [ view_template ] --END-- [ RunTime:0.063004s ]
INFO: [ view_parse ] --START--
INFO: Run ParseTemplate Behavior [ RunTime:-13.615779s ]
INFO: [ view_parse ] --END-- [ RunTime:0.253014s ]
INFO: [ view_filter ] --START--
INFO: Run ContentReplace Behavior [ RunTime:-13.868793s ]
INFO: Run TokenBuild Behavior [ RunTime:-13.878794s ]
INFO: Run WriteHtmlCache Behavior [ RunTime:-13.879794s ]
INFO: Run ShowRuntime Behavior [ RunTime:-13.880794s ]
INFO: [ view_filter ] --END-- [ RunTime:0.013001s ]
INFO: [ view_end ] --START--
INFO: Run ShowPageTrace Behavior [ RunTime:-13.893795s ]
INFO: [ view_end ] --END-- [ RunTime:0.001000s ]

