[ 2017-09-13T09:57:09+08:00 ] 0.0.0.0 /Rose/index.php?g=Wap&m=Car_wash&a=index&openid=odOIPv5RJwDqO94UaCbpKQvdjhLE&scan_code=ZHGZPY000641
INFO: [ app_begin ] --START--
INFO: Run ReadHtmlCache Behavior [ RunTime:0.011001s ]
INFO: [ app_begin ] --END-- [ RunTime:0.011001s ]
SQL: SHOW COLUMNS FROM `device_info` [ RunTime:0.218013s ]
SQL: SELECT * FROM `device_info` WHERE ( `scan_code` = 'ZHGZPY000641' ) AND ( `device_status` = 1 ) AND ( `del_flag` = 0 ) LIMIT 1   [ RunTime:0.084005s ]
SQL: SHOW COLUMNS FROM `device_relation_group` [ RunTime:0.029001s ]
SQL: SELECT * FROM `device_relation_group` WHERE ( `di_id` = '2017083010_CAA2B24650DA45D2E7931350AFCBABD8' ) AND ( `del_flag` = 0 ) AND ( `device_type` = 7 ) LIMIT 1   [ RunTime:0.023002s ]
SQL: SHOW COLUMNS FROM `sys_user` [ RunTime:0.050002s ]
SQL: SELECT su.phone FROM sys_user su LEFT JOIN device_info di on di.owner_id=su.id WHERE ( di.scan_code = 'ZHGZPY000641' ) AND ( di.del_flag = 0 ) AND ( su.del_flag = 0 ) LIMIT 1   [ RunTime:0.020002s ]
INFO: [ view_template ] --START--
INFO: Run LocationTemplate Behavior [ RunTime:-3.332191s ]
INFO: [ view_template ] --END-- [ RunTime:0.026001s ]
INFO: [ view_parse ] --START--
NOTIC: [8] Undefined variable: openid D:\phpStudy\WWW\Rose\logs\Cache\Wap\5574db36d939e6247611fac2ed8dfced.php 第 67 行.
NOTIC: [8] Use of undefined constant wechat - assumed 'wechat' D:\phpStudy\WWW\Rose\logs\Cache\Wap\5574db36d939e6247611fac2ed8dfced.php 第 74 行.
NOTIC: [8] Undefined variable: buyer_id D:\phpStudy\WWW\Rose\logs\Cache\Wap\5574db36d939e6247611fac2ed8dfced.php 第 78 行.
NOTIC: [8] Undefined variable: openid D:\phpStudy\WWW\Rose\logs\Cache\Wap\5574db36d939e6247611fac2ed8dfced.php 第 96 行.
NOTIC: [8] Undefined variable: buyer_id D:\phpStudy\WWW\Rose\logs\Cache\Wap\5574db36d939e6247611fac2ed8dfced.php 第 98 行.
NOTIC: [8] Undefined variable: openid D:\phpStudy\WWW\Rose\logs\Cache\Wap\5574db36d939e6247611fac2ed8dfced.php 第 139 行.
NOTIC: [8] Undefined variable: buyer_id D:\phpStudy\WWW\Rose\logs\Cache\Wap\5574db36d939e6247611fac2ed8dfced.php 第 141 行.
INFO: Run ParseTemplate Behavior [ RunTime:-3.358192s ]
INFO: [ view_parse ] --END-- [ RunTime:0.078005s ]
INFO: [ view_filter ] --START--
INFO: Run ContentReplace Behavior [ RunTime:-3.436197s ]
INFO: Run TokenBuild Behavior [ RunTime:-3.438197s ]
INFO: Run WriteHtmlCache Behavior [ RunTime:-3.447197s ]
INFO: Run ShowRuntime Behavior [ RunTime:-3.448197s ]
INFO: [ view_filter ] --END-- [ RunTime:0.013000s ]
INFO: [ view_end ] --START--
INFO: Run ShowPageTrace Behavior [ RunTime:-3.459198s ]
INFO: [ view_end ] --END-- [ RunTime:0.010000s ]

[ 2017-09-13T10:58:37+08:00 ] 0.0.0.0 /Rose/index.php?g=Wap&m=Rose2Personal&a=index&openid=odOIPv5RJwDqO94UaCbpKQvdjhLE
INFO: [ app_begin ] --START--
INFO: Run ReadHtmlCache Behavior [ RunTime:0.002001s ]
INFO: [ app_begin ] --END-- [ RunTime:0.002001s ]
NOTIC: [8] A session had already been started - ignoring session_start() D:\phpStudy\WWW\Rose\Lib\Action\Wap\Rose2BaseAction.class.php 第 2 行.
SQL: SHOW COLUMNS FROM `sys_user` [ RunTime:0.011001s ]
SQL: SELECT * FROM `sys_user` WHERE ( `del_flag` = 0 ) AND ( `openid` = 'odOIPv4WtdWt9ebczeYuYByhYr_0' ) LIMIT 1   [ RunTime:0.059003s ]
NOTIC: [8] Trying to get property of non-object D:\phpStudy\WWW\Rose\Core\Extend\Vendor\weixin\jssdk.php 第 75 行.
NOTIC: [8] Trying to get property of non-object D:\phpStudy\WWW\Rose\Core\Extend\Vendor\weixin\jssdk.php 第 53 行.
SQL: SHOW COLUMNS FROM `weixin_userinfo` [ RunTime:0.012000s ]
SQL: SELECT * FROM `weixin_userinfo` WHERE ( `del_flag` = 0 ) AND ( `from_username` = 'odOIPv4WtdWt9ebczeYuYByhYr_0' ) LIMIT 1   [ RunTime:0.025001s ]
SQL: SELECT count(*) as adv
            FROM
                `device_info` di
            LEFT JOIN adv_uservisit_rec pwi ON pwi.di_id = di.id
            LEFT JOIN adv_weixin_info awi ON awi.id = pwi.adv_id
            WHERE
                pwi.status = 2
            and pwi.del_flag=0
            and pwi.transfer_status = 0
			and awi.status=1
			and awi.del_flag=0
            AND di.office_id = '2017030716_6BDA47092DB42A856AA52C2F26C808D6'
            AND di.del_flag = 0 [ RunTime:0.019001s ]
SQL: SELECT sum(pwi.consume_account) as count
            FROM
                `device_info` di
            LEFT JOIN device_consume_rec pwi ON pwi.di_id = di.id
            WHERE
                pwi.command_status = 2
            and pwi.del_flag=0
            and pwi.type in(1,3,5,9,11,13,15,17)
			and pwi.transfer_status = 0
			and pwi.consume_status = 1
            AND pwi.create_by = '2017030716_447B2A753E1709D698E21C32DECDBA77'
            AND di.del_flag = 0 [ RunTime:0.889051s ]
SQL: SELECT sum(pwi.consume_account) as alipay
            FROM
                `device_info` di
            LEFT JOIN device_consume_rec pwi ON pwi.di_id = di.id
            WHERE
                pwi.command_status = 2
            and pwi.del_flag=0
            and pwi.type in(2,4,6,10,12,14,16,18)
			and pwi.transfer_status = 0
			and pwi.consume_status = 1
            AND pwi.create_by = '2017030716_447B2A753E1709D698E21C32DECDBA77'
            AND di.del_flag = 0 [ RunTime:0.292017s ]
SQL: SELECT sum(pwi.consume_account) as anm_weixin
            FROM
                `device_info` di
            LEFT JOIN device_consume_rec pwi ON pwi.di_id = di.id
            WHERE
                pwi.command_status = 2
            and pwi.del_flag=0
            and pwi.type=3
			and pwi.transfer_status = 0
            AND di.office_id = '2017030716_6BDA47092DB42A856AA52C2F26C808D6'
            AND di.del_flag = 0 [ RunTime:0.229013s ]
SQL: SELECT sum(pwi.consume_account) as anm_alipay
            FROM
                `device_info` di
            LEFT JOIN device_consume_rec pwi ON pwi.di_id = di.id
            WHERE
                pwi.command_status = 2
            and pwi.del_flag=0
            and pwi.type=4
			and pwi.transfer_status = 0
            AND di.office_id = '2017030716_6BDA47092DB42A856AA52C2F26C808D6'
            AND di.del_flag = 0 [ RunTime:0.180010s ]
SQL: SHOW COLUMNS FROM `device_info` [ RunTime:0.013001s ]
SQL: SELECT sum(dw.LOC_OP) c from (SELECT * from (SELECT dr.* FROM `device_info` LEFT JOIN device_record
 dr on dr.dev_id=device_info.device_command WHERE ( device_info.del_flag = 0 )
 AND ( device_info.office_id = '2017030716_6BDA47092DB42A856AA52C2F26C808D6' ) ORDER BY dr.LOC_OP desc)
 da GROUP BY da.dev_id ORDER BY da.LOC_OP desc) dw [ RunTime:0.656037s ]
SQL: SELECT * FROM `sys_user` WHERE ( `del_flag` = 0 ) AND ( `openid` = 'odOIPv4WtdWt9ebczeYuYByhYr_0' ) LIMIT 1   [ RunTime:0.001000s ]
SQL: UPDATE `sys_user` SET `totals`=20642 WHERE ( `del_flag` = 0 ) AND ( `id` = '2017030716_447B2A753E1709D698E21C32DECDBA77' ) [ RunTime:0.051003s ]
SQL: SELECT SUM(totals-consume) AS tp_sum FROM `sys_user` WHERE ( `del_flag` = 0 ) AND ( `openid` = 'odOIPv4WtdWt9ebczeYuYByhYr_0' ) LIMIT 1   [ RunTime:0.023002s ]
INFO: [ view_template ] --START--
INFO: Run LocationTemplate Behavior [ RunTime:-4.652266s ]
INFO: [ view_template ] --END-- [ RunTime:0.024001s ]
INFO: [ view_parse ] --START--
INFO: Run ParseTemplate Behavior [ RunTime:-4.676267s ]
INFO: [ view_parse ] --END-- [ RunTime:0.086005s ]
INFO: [ view_filter ] --START--
INFO: Run ContentReplace Behavior [ RunTime:-4.762272s ]
INFO: Run TokenBuild Behavior [ RunTime:-4.764272s ]
INFO: Run WriteHtmlCache Behavior [ RunTime:-4.766272s ]
INFO: Run ShowRuntime Behavior [ RunTime:-4.768272s ]
INFO: [ view_filter ] --END-- [ RunTime:0.009000s ]
INFO: [ view_end ] --START--
INFO: Run ShowPageTrace Behavior [ RunTime:-4.771272s ]
INFO: [ view_end ] --END-- [ RunTime:0.002001s ]

[ 2017-09-13T10:58:44+08:00 ] 0.0.0.0 /Rose/index.php?g=Wap&m=Rose2Alllist&a=weixin_list&openid=odOIPv4WtdWt9ebczeYuYByhYr_0
INFO: [ app_begin ] --START--
INFO: Run ReadHtmlCache Behavior [ RunTime:0.003000s ]
INFO: [ app_begin ] --END-- [ RunTime:0.003000s ]
NOTIC: [8] A session had already been started - ignoring session_start() D:\phpStudy\WWW\Rose\Lib\Action\Wap\Rose2BaseAction.class.php 第 2 行.
SQL: SHOW COLUMNS FROM `sys_user` [ RunTime:0.017001s ]
SQL: SELECT * FROM `sys_user` WHERE ( `del_flag` = 0 ) AND ( `openid` = 'odOIPv4WtdWt9ebczeYuYByhYr_0' ) LIMIT 1   [ RunTime:0.001000s ]
NOTIC: [8] Trying to get property of non-object D:\phpStudy\WWW\Rose\Core\Extend\Vendor\weixin\jssdk.php 第 75 行.
NOTIC: [8] Trying to get property of non-object D:\phpStudy\WWW\Rose\Core\Extend\Vendor\weixin\jssdk.php 第 53 行.
SQL: SHOW COLUMNS FROM `weixin_userinfo` [ RunTime:0.008000s ]
SQL: SELECT * FROM `weixin_userinfo` WHERE ( `del_flag` = 0 ) AND ( `from_username` = 'odOIPv4WtdWt9ebczeYuYByhYr_0' ) LIMIT 1   [ RunTime:0.003000s ]
SQL: SHOW COLUMNS FROM `device_consume_rec` [ RunTime:0.009001s ]
SQL: SELECT dcr.type,sum(dcr.consume_account) as consume_account,dcr.consume_status,dcr.create_date FROM device_consume_rec dcr left join device_info di on di.id=dcr.di_id WHERE ( dcr.del_flag = 0 ) AND ( di.del_flag = 0 ) AND ( dcr.command_status = 2 ) AND ( dcr.type IN ('1','3','5','9','11','13','15') ) AND ( dcr.transfer_status = 0 ) AND ( dcr.create_by = '2017030716_447B2A753E1709D698E21C32DECDBA77' ) GROUP BY dcr.create_date ORDER BY dcr.create_date desc LIMIT 20   [ RunTime:0.742042s ]
INFO: [ view_template ] --START--
INFO: Run LocationTemplate Behavior [ RunTime:-2.098120s ]
INFO: [ view_template ] --END-- [ RunTime:0.062004s ]
INFO: [ view_parse ] --START--
INFO: Run ParseTemplate Behavior [ RunTime:-2.160124s ]
INFO: [ view_parse ] --END-- [ RunTime:0.123007s ]
INFO: [ view_filter ] --START--
INFO: Run ContentReplace Behavior [ RunTime:-2.283131s ]
INFO: Run TokenBuild Behavior [ RunTime:-2.285131s ]
INFO: Run WriteHtmlCache Behavior [ RunTime:-2.286131s ]
INFO: Run ShowRuntime Behavior [ RunTime:-2.288131s ]
INFO: [ view_filter ] --END-- [ RunTime:0.007000s ]
INFO: [ view_end ] --START--
INFO: Run ShowPageTrace Behavior [ RunTime:-2.290131s ]
INFO: [ view_end ] --END-- [ RunTime:0.003001s ]

[ 2017-09-13T10:58:56+08:00 ] 0.0.0.0 /Rose/index.php?g=Wap&m=Rose2Alllist&a=weixin_list&openid=odOIPv4WtdWt9ebczeYuYByhYr_0
INFO: [ app_begin ] --START--
INFO: Run ReadHtmlCache Behavior [ RunTime:0.001000s ]
INFO: [ app_begin ] --END-- [ RunTime:0.001000s ]
NOTIC: [8] A session had already been started - ignoring session_start() D:\phpStudy\WWW\Rose\Lib\Action\Wap\Rose2BaseAction.class.php 第 2 行.
SQL: SHOW COLUMNS FROM `sys_user` [ RunTime:0.015001s ]
SQL: SELECT * FROM `sys_user` WHERE ( `del_flag` = 0 ) AND ( `openid` = 'odOIPv4WtdWt9ebczeYuYByhYr_0' ) LIMIT 1   [ RunTime:0.001000s ]
NOTIC: [8] Trying to get property of non-object D:\phpStudy\WWW\Rose\Core\Extend\Vendor\weixin\jssdk.php 第 75 行.
NOTIC: [8] Trying to get property of non-object D:\phpStudy\WWW\Rose\Core\Extend\Vendor\weixin\jssdk.php 第 53 行.
SQL: SHOW COLUMNS FROM `weixin_userinfo` [ RunTime:0.011001s ]
SQL: SELECT * FROM `weixin_userinfo` WHERE ( `del_flag` = 0 ) AND ( `from_username` = 'odOIPv4WtdWt9ebczeYuYByhYr_0' ) LIMIT 1   [ RunTime:0.004000s ]
SQL: SHOW COLUMNS FROM `device_consume_rec` [ RunTime:0.010001s ]
SQL: SELECT dcr.type,sum(dcr.consume_account) as consume_account,dcr.consume_status,dcr.create_date FROM device_consume_rec dcr left join device_info di on di.id=dcr.di_id WHERE ( dcr.del_flag = 0 ) AND ( di.del_flag = 0 ) AND ( dcr.command_status = 2 ) AND ( dcr.type IN ('1','3','5','9','11','13','15') ) AND ( dcr.transfer_status = 0 ) AND ( dcr.create_by = '2017030716_447B2A753E1709D698E21C32DECDBA77' ) GROUP BY dcr.create_date ORDER BY dcr.create_date desc LIMIT 20   [ RunTime:0.502029s ]
INFO: [ view_template ] --START--
INFO: Run LocationTemplate Behavior [ RunTime:-6.997401s ]
INFO: [ view_template ] --END-- [ RunTime:0.002000s ]
INFO: [ view_parse ] --START--
INFO: Run ParseTemplate Behavior [ RunTime:-6.999401s ]
INFO: [ view_parse ] --END-- [ RunTime:0.013000s ]
INFO: [ view_filter ] --START--
INFO: Run ContentReplace Behavior [ RunTime:-7.012401s ]
INFO: Run TokenBuild Behavior [ RunTime:-7.013402s ]
INFO: Run WriteHtmlCache Behavior [ RunTime:-7.014402s ]
INFO: Run ShowRuntime Behavior [ RunTime:-7.015402s ]
INFO: [ view_filter ] --END-- [ RunTime:0.003001s ]
INFO: [ view_end ] --START--
INFO: Run ShowPageTrace Behavior [ RunTime:-7.016402s ]
INFO: [ view_end ] --END-- [ RunTime:0.000000s ]

[ 2017-09-13T11:07:38+08:00 ] 0.0.0.0 /Rose/index.php?g=Wap&m=Car_wash&a=index&openid=odOIPv5RJwDqO94UaCbpKQvdjhLE&scan_code=ZHGZPY000641
INFO: [ app_begin ] --START--
INFO: Run ReadHtmlCache Behavior [ RunTime:0.001000s ]
INFO: [ app_begin ] --END-- [ RunTime:0.001000s ]
SQL: SHOW COLUMNS FROM `device_info` [ RunTime:0.012001s ]
SQL: SELECT * FROM `device_info` WHERE ( `scan_code` = 'ZHGZPY000641' ) AND ( `device_status` = 1 ) AND ( `del_flag` = 0 ) LIMIT 1   [ RunTime:0.011001s ]
SQL: SHOW COLUMNS FROM `device_relation_group` [ RunTime:0.012000s ]
SQL: SELECT * FROM `device_relation_group` WHERE ( `di_id` = '2017083010_CAA2B24650DA45D2E7931350AFCBABD8' ) AND ( `del_flag` = 0 ) AND ( `device_type` = 7 ) LIMIT 1   [ RunTime:0.014001s ]
SQL: SHOW COLUMNS FROM `sys_user` [ RunTime:0.013001s ]
SQL: SELECT su.phone FROM sys_user su LEFT JOIN device_info di on di.owner_id=su.id WHERE ( di.scan_code = 'ZHGZPY000641' ) AND ( di.del_flag = 0 ) AND ( su.del_flag = 0 ) LIMIT 1   [ RunTime:0.001000s ]
INFO: [ view_template ] --START--
INFO: Run LocationTemplate Behavior [ RunTime:-2.387137s ]
INFO: [ view_template ] --END-- [ RunTime:0.002000s ]
INFO: [ view_parse ] --START--
NOTIC: [8] Undefined variable: openid D:\phpStudy\WWW\Rose\logs\Cache\Wap\5574db36d939e6247611fac2ed8dfced.php 第 68 行.
NOTIC: [8] Use of undefined constant wechat - assumed 'wechat' D:\phpStudy\WWW\Rose\logs\Cache\Wap\5574db36d939e6247611fac2ed8dfced.php 第 75 行.
NOTIC: [8] Undefined variable: buyer_id D:\phpStudy\WWW\Rose\logs\Cache\Wap\5574db36d939e6247611fac2ed8dfced.php 第 79 行.
NOTIC: [8] Undefined variable: openid D:\phpStudy\WWW\Rose\logs\Cache\Wap\5574db36d939e6247611fac2ed8dfced.php 第 97 行.
NOTIC: [8] Undefined variable: buyer_id D:\phpStudy\WWW\Rose\logs\Cache\Wap\5574db36d939e6247611fac2ed8dfced.php 第 99 行.
NOTIC: [8] Undefined variable: openid D:\phpStudy\WWW\Rose\logs\Cache\Wap\5574db36d939e6247611fac2ed8dfced.php 第 121 行.
NOTIC: [8] Undefined variable: buyer_id D:\phpStudy\WWW\Rose\logs\Cache\Wap\5574db36d939e6247611fac2ed8dfced.php 第 123 行.
NOTIC: [8] Undefined variable: openid D:\phpStudy\WWW\Rose\logs\Cache\Wap\5574db36d939e6247611fac2ed8dfced.php 第 149 行.
NOTIC: [8] Undefined variable: buyer_id D:\phpStudy\WWW\Rose\logs\Cache\Wap\5574db36d939e6247611fac2ed8dfced.php 第 151 行.
INFO: Run ParseTemplate Behavior [ RunTime:-2.389137s ]
INFO: [ view_parse ] --END-- [ RunTime:0.014001s ]
INFO: [ view_filter ] --START--
INFO: Run ContentReplace Behavior [ RunTime:-2.403138s ]
INFO: Run TokenBuild Behavior [ RunTime:-2.404138s ]
INFO: Run WriteHtmlCache Behavior [ RunTime:-2.405138s ]
INFO: Run ShowRuntime Behavior [ RunTime:-2.406138s ]
INFO: [ view_filter ] --END-- [ RunTime:0.004000s ]
INFO: [ view_end ] --START--
INFO: Run ShowPageTrace Behavior [ RunTime:-2.407138s ]
INFO: [ view_end ] --END-- [ RunTime:0.002000s ]

[ 2017-09-13T11:08:10+08:00 ] 0.0.0.0 /Rose/index.php?g=Wap&m=Car_wash&a=index&openid=odOIPv5RJwDqO94UaCbpKQvdjhLE&scan_code=ZHGZPY000641
INFO: [ app_begin ] --START--
INFO: Run ReadHtmlCache Behavior [ RunTime:0.001000s ]
INFO: [ app_begin ] --END-- [ RunTime:0.001000s ]
SQL: SHOW COLUMNS FROM `device_info` [ RunTime:0.016000s ]
SQL: SELECT * FROM `device_info` WHERE ( `scan_code` = 'ZHGZPY000641' ) AND ( `device_status` = 1 ) AND ( `del_flag` = 0 ) LIMIT 1   [ RunTime:0.001001s ]
SQL: SHOW COLUMNS FROM `device_relation_group` [ RunTime:0.016000s ]
SQL: SELECT * FROM `device_relation_group` WHERE ( `di_id` = '2017083010_CAA2B24650DA45D2E7931350AFCBABD8' ) AND ( `del_flag` = 0 ) AND ( `device_type` = 7 ) LIMIT 1   [ RunTime:0.001001s ]
SQL: SHOW COLUMNS FROM `sys_user` [ RunTime:0.015000s ]
SQL: SELECT su.phone FROM sys_user su LEFT JOIN device_info di on di.owner_id=su.id WHERE ( di.scan_code = 'ZHGZPY000641' ) AND ( di.del_flag = 0 ) AND ( su.del_flag = 0 ) LIMIT 1   [ RunTime:0.001001s ]
INFO: [ view_template ] --START--
INFO: Run LocationTemplate Behavior [ RunTime:-2.178125s ]
INFO: [ view_template ] --END-- [ RunTime:0.002000s ]
INFO: [ view_parse ] --START--
NOTIC: [8] Undefined variable: openid D:\phpStudy\WWW\Rose\logs\Cache\Wap\5574db36d939e6247611fac2ed8dfced.php 第 67 行.
NOTIC: [8] Use of undefined constant wechat - assumed 'wechat' D:\phpStudy\WWW\Rose\logs\Cache\Wap\5574db36d939e6247611fac2ed8dfced.php 第 74 行.
NOTIC: [8] Undefined variable: buyer_id D:\phpStudy\WWW\Rose\logs\Cache\Wap\5574db36d939e6247611fac2ed8dfced.php 第 78 行.
NOTIC: [8] Undefined variable: openid D:\phpStudy\WWW\Rose\logs\Cache\Wap\5574db36d939e6247611fac2ed8dfced.php 第 96 行.
NOTIC: [8] Undefined variable: buyer_id D:\phpStudy\WWW\Rose\logs\Cache\Wap\5574db36d939e6247611fac2ed8dfced.php 第 98 行.
NOTIC: [8] Undefined variable: openid D:\phpStudy\WWW\Rose\logs\Cache\Wap\5574db36d939e6247611fac2ed8dfced.php 第 120 行.
NOTIC: [8] Undefined variable: buyer_id D:\phpStudy\WWW\Rose\logs\Cache\Wap\5574db36d939e6247611fac2ed8dfced.php 第 122 行.
NOTIC: [8] Undefined variable: openid D:\phpStudy\WWW\Rose\logs\Cache\Wap\5574db36d939e6247611fac2ed8dfced.php 第 148 行.
NOTIC: [8] Undefined variable: buyer_id D:\phpStudy\WWW\Rose\logs\Cache\Wap\5574db36d939e6247611fac2ed8dfced.php 第 150 行.
INFO: Run ParseTemplate Behavior [ RunTime:-2.180125s ]
INFO: [ view_parse ] --END-- [ RunTime:0.014000s ]
INFO: [ view_filter ] --START--
INFO: Run ContentReplace Behavior [ RunTime:-2.194125s ]
INFO: Run TokenBuild Behavior [ RunTime:-2.195125s ]
INFO: Run WriteHtmlCache Behavior [ RunTime:-2.196126s ]
INFO: Run ShowRuntime Behavior [ RunTime:-2.196126s ]
INFO: [ view_filter ] --END-- [ RunTime:0.004001s ]
INFO: [ view_end ] --START--
INFO: Run ShowPageTrace Behavior [ RunTime:-2.198126s ]
INFO: [ view_end ] --END-- [ RunTime:0.001000s ]

[ 2017-09-13T11:09:02+08:00 ] 0.0.0.0 /Rose/index.php?g=Wap&m=Car_wash&a=index&openid=odOIPv5RJwDqO94UaCbpKQvdjhLE&scan_code=ZHGZPY000641
INFO: [ app_begin ] --START--
INFO: Run ReadHtmlCache Behavior [ RunTime:0.001000s ]
INFO: [ app_begin ] --END-- [ RunTime:0.001000s ]
SQL: SHOW COLUMNS FROM `device_info` [ RunTime:0.010001s ]
SQL: SELECT * FROM `device_info` WHERE ( `scan_code` = 'ZHGZPY000641' ) AND ( `device_status` = 1 ) AND ( `del_flag` = 0 ) LIMIT 1   [ RunTime:0.001000s ]
SQL: SHOW COLUMNS FROM `device_relation_group` [ RunTime:0.008000s ]
SQL: SELECT * FROM `device_relation_group` WHERE ( `di_id` = '2017083010_CAA2B24650DA45D2E7931350AFCBABD8' ) AND ( `del_flag` = 0 ) AND ( `device_type` = 7 ) LIMIT 1   [ RunTime:0.014001s ]
SQL: SHOW COLUMNS FROM `sys_user` [ RunTime:0.010001s ]
SQL: SELECT su.phone FROM sys_user su LEFT JOIN device_info di on di.owner_id=su.id WHERE ( di.scan_code = 'ZHGZPY000641' ) AND ( di.del_flag = 0 ) AND ( su.del_flag = 0 ) LIMIT 1   [ RunTime:0.000000s ]
INFO: [ view_template ] --START--
INFO: Run LocationTemplate Behavior [ RunTime:-1.597092s ]
INFO: [ view_template ] --END-- [ RunTime:0.002000s ]
INFO: [ view_parse ] --START--
NOTIC: [8] Undefined variable: openid D:\phpStudy\WWW\Rose\logs\Cache\Wap\5574db36d939e6247611fac2ed8dfced.php 第 67 行.
NOTIC: [8] Use of undefined constant wechat - assumed 'wechat' D:\phpStudy\WWW\Rose\logs\Cache\Wap\5574db36d939e6247611fac2ed8dfced.php 第 74 行.
NOTIC: [8] Undefined variable: buyer_id D:\phpStudy\WWW\Rose\logs\Cache\Wap\5574db36d939e6247611fac2ed8dfced.php 第 78 行.
NOTIC: [8] Undefined variable: openid D:\phpStudy\WWW\Rose\logs\Cache\Wap\5574db36d939e6247611fac2ed8dfced.php 第 96 行.
NOTIC: [8] Undefined variable: buyer_id D:\phpStudy\WWW\Rose\logs\Cache\Wap\5574db36d939e6247611fac2ed8dfced.php 第 98 行.
NOTIC: [8] Undefined variable: openid D:\phpStudy\WWW\Rose\logs\Cache\Wap\5574db36d939e6247611fac2ed8dfced.php 第 120 行.
NOTIC: [8] Undefined variable: buyer_id D:\phpStudy\WWW\Rose\logs\Cache\Wap\5574db36d939e6247611fac2ed8dfced.php 第 122 行.
NOTIC: [8] Undefined variable: openid D:\phpStudy\WWW\Rose\logs\Cache\Wap\5574db36d939e6247611fac2ed8dfced.php 第 148 行.
NOTIC: [8] Undefined variable: buyer_id D:\phpStudy\WWW\Rose\logs\Cache\Wap\5574db36d939e6247611fac2ed8dfced.php 第 150 行.
INFO: Run ParseTemplate Behavior [ RunTime:-1.599092s ]
INFO: [ view_parse ] --END-- [ RunTime:0.016001s ]
INFO: [ view_filter ] --START--
INFO: Run ContentReplace Behavior [ RunTime:-1.615093s ]
INFO: Run TokenBuild Behavior [ RunTime:-1.615093s ]
INFO: Run WriteHtmlCache Behavior [ RunTime:-1.616093s ]
INFO: Run ShowRuntime Behavior [ RunTime:-1.617093s ]
INFO: [ view_filter ] --END-- [ RunTime:0.003000s ]
INFO: [ view_end ] --START--
INFO: Run ShowPageTrace Behavior [ RunTime:-1.618093s ]
INFO: [ view_end ] --END-- [ RunTime:0.001000s ]

[ 2017-09-13T11:09:18+08:00 ] 0.0.0.0 /Rose/index.php?g=Wap&m=Car_wash&a=index&openid=odOIPv5RJwDqO94UaCbpKQvdjhLE&scan_code=ZHGZPY000641
INFO: [ app_begin ] --START--
INFO: Run ReadHtmlCache Behavior [ RunTime:0.001000s ]
INFO: [ app_begin ] --END-- [ RunTime:0.001000s ]
SQL: SHOW COLUMNS FROM `device_info` [ RunTime:0.013001s ]
SQL: SELECT * FROM `device_info` WHERE ( `scan_code` = 'ZHGZPY000641' ) AND ( `device_status` = 1 ) AND ( `del_flag` = 0 ) LIMIT 1   [ RunTime:0.001000s ]
SQL: SHOW COLUMNS FROM `device_relation_group` [ RunTime:0.014000s ]
SQL: SELECT * FROM `device_relation_group` WHERE ( `di_id` = '2017083010_CAA2B24650DA45D2E7931350AFCBABD8' ) AND ( `del_flag` = 0 ) AND ( `device_type` = 7 ) LIMIT 1   [ RunTime:0.001000s ]
SQL: SHOW COLUMNS FROM `sys_user` [ RunTime:0.008001s ]
SQL: SELECT su.phone FROM sys_user su LEFT JOIN device_info di on di.owner_id=su.id WHERE ( di.scan_code = 'ZHGZPY000641' ) AND ( di.del_flag = 0 ) AND ( su.del_flag = 0 ) LIMIT 1   [ RunTime:0.002000s ]
INFO: [ view_template ] --START--
INFO: Run LocationTemplate Behavior [ RunTime:-2.258129s ]
INFO: [ view_template ] --END-- [ RunTime:0.002000s ]
INFO: [ view_parse ] --START--
NOTIC: [8] Undefined variable: openid D:\phpStudy\WWW\Rose\logs\Cache\Wap\5574db36d939e6247611fac2ed8dfced.php 第 67 行.
NOTIC: [8] Use of undefined constant wechat - assumed 'wechat' D:\phpStudy\WWW\Rose\logs\Cache\Wap\5574db36d939e6247611fac2ed8dfced.php 第 74 行.
NOTIC: [8] Undefined variable: buyer_id D:\phpStudy\WWW\Rose\logs\Cache\Wap\5574db36d939e6247611fac2ed8dfced.php 第 78 行.
NOTIC: [8] Undefined variable: openid D:\phpStudy\WWW\Rose\logs\Cache\Wap\5574db36d939e6247611fac2ed8dfced.php 第 96 行.
NOTIC: [8] Undefined variable: buyer_id D:\phpStudy\WWW\Rose\logs\Cache\Wap\5574db36d939e6247611fac2ed8dfced.php 第 98 行.
NOTIC: [8] Undefined variable: openid D:\phpStudy\WWW\Rose\logs\Cache\Wap\5574db36d939e6247611fac2ed8dfced.php 第 120 行.
NOTIC: [8] Undefined variable: buyer_id D:\phpStudy\WWW\Rose\logs\Cache\Wap\5574db36d939e6247611fac2ed8dfced.php 第 122 行.
NOTIC: [8] Undefined variable: openid D:\phpStudy\WWW\Rose\logs\Cache\Wap\5574db36d939e6247611fac2ed8dfced.php 第 148 行.
NOTIC: [8] Undefined variable: buyer_id D:\phpStudy\WWW\Rose\logs\Cache\Wap\5574db36d939e6247611fac2ed8dfced.php 第 150 行.
INFO: Run ParseTemplate Behavior [ RunTime:-2.260129s ]
INFO: [ view_parse ] --END-- [ RunTime:0.014001s ]
INFO: [ view_filter ] --START--
INFO: Run ContentReplace Behavior [ RunTime:-2.274130s ]
INFO: Run TokenBuild Behavior [ RunTime:-2.275130s ]
INFO: Run WriteHtmlCache Behavior [ RunTime:-2.275130s ]
INFO: Run ShowRuntime Behavior [ RunTime:-2.276130s ]
INFO: [ view_filter ] --END-- [ RunTime:0.003000s ]
INFO: [ view_end ] --START--
INFO: Run ShowPageTrace Behavior [ RunTime:-2.278130s ]
INFO: [ view_end ] --END-- [ RunTime:0.001000s ]

[ 2017-09-13T11:09:37+08:00 ] 0.0.0.0 /Rose/index.php?g=Wap&m=Car_wash&a=index&openid=odOIPv5RJwDqO94UaCbpKQvdjhLE&scan_code=ZHGZPY000641
INFO: [ app_begin ] --START--
INFO: Run ReadHtmlCache Behavior [ RunTime:0.001000s ]
INFO: [ app_begin ] --END-- [ RunTime:0.001000s ]
SQL: SHOW COLUMNS FROM `device_info` [ RunTime:0.016001s ]
SQL: SELECT * FROM `device_info` WHERE ( `scan_code` = 'ZHGZPY000641' ) AND ( `device_status` = 1 ) AND ( `del_flag` = 0 ) LIMIT 1   [ RunTime:0.001000s ]
SQL: SHOW COLUMNS FROM `device_relation_group` [ RunTime:0.015001s ]
SQL: SELECT * FROM `device_relation_group` WHERE ( `di_id` = '2017083010_CAA2B24650DA45D2E7931350AFCBABD8' ) AND ( `del_flag` = 0 ) AND ( `device_type` = 7 ) LIMIT 1   [ RunTime:0.001000s ]
SQL: SHOW COLUMNS FROM `sys_user` [ RunTime:0.015001s ]
SQL: SELECT su.phone FROM sys_user su LEFT JOIN device_info di on di.owner_id=su.id WHERE ( di.scan_code = 'ZHGZPY000641' ) AND ( di.del_flag = 0 ) AND ( su.del_flag = 0 ) LIMIT 1   [ RunTime:0.001000s ]
INFO: [ view_template ] --START--
INFO: Run LocationTemplate Behavior [ RunTime:-1.639094s ]
INFO: [ view_template ] --END-- [ RunTime:0.003000s ]
INFO: [ view_parse ] --START--
NOTIC: [8] Undefined variable: openid D:\phpStudy\WWW\Rose\logs\Cache\Wap\5574db36d939e6247611fac2ed8dfced.php 第 67 行.
NOTIC: [8] Use of undefined constant wechat - assumed 'wechat' D:\phpStudy\WWW\Rose\logs\Cache\Wap\5574db36d939e6247611fac2ed8dfced.php 第 74 行.
NOTIC: [8] Undefined variable: buyer_id D:\phpStudy\WWW\Rose\logs\Cache\Wap\5574db36d939e6247611fac2ed8dfced.php 第 78 行.
NOTIC: [8] Undefined variable: openid D:\phpStudy\WWW\Rose\logs\Cache\Wap\5574db36d939e6247611fac2ed8dfced.php 第 96 行.
NOTIC: [8] Undefined variable: buyer_id D:\phpStudy\WWW\Rose\logs\Cache\Wap\5574db36d939e6247611fac2ed8dfced.php 第 98 行.
NOTIC: [8] Undefined variable: openid D:\phpStudy\WWW\Rose\logs\Cache\Wap\5574db36d939e6247611fac2ed8dfced.php 第 120 行.
NOTIC: [8] Undefined variable: buyer_id D:\phpStudy\WWW\Rose\logs\Cache\Wap\5574db36d939e6247611fac2ed8dfced.php 第 122 行.
NOTIC: [8] Undefined variable: openid D:\phpStudy\WWW\Rose\logs\Cache\Wap\5574db36d939e6247611fac2ed8dfced.php 第 148 行.
NOTIC: [8] Undefined variable: buyer_id D:\phpStudy\WWW\Rose\logs\Cache\Wap\5574db36d939e6247611fac2ed8dfced.php 第 150 行.
INFO: Run ParseTemplate Behavior [ RunTime:-1.642094s ]
INFO: [ view_parse ] --END-- [ RunTime:0.014001s ]
INFO: [ view_filter ] --START--
INFO: Run ContentReplace Behavior [ RunTime:-1.656095s ]
INFO: Run TokenBuild Behavior [ RunTime:-1.658095s ]
INFO: Run WriteHtmlCache Behavior [ RunTime:-1.658095s ]
INFO: Run ShowRuntime Behavior [ RunTime:-1.659095s ]
INFO: [ view_filter ] --END-- [ RunTime:0.004000s ]
INFO: [ view_end ] --START--
INFO: Run ShowPageTrace Behavior [ RunTime:-1.660095s ]
INFO: [ view_end ] --END-- [ RunTime:0.001000s ]

[ 2017-09-13T11:09:48+08:00 ] 0.0.0.0 /Rose/index.php?g=Wap&m=Car_wash&a=index&openid=odOIPv5RJwDqO94UaCbpKQvdjhLE&scan_code=ZHGZPY000641
INFO: [ app_begin ] --START--
INFO: Run ReadHtmlCache Behavior [ RunTime:0.001000s ]
INFO: [ app_begin ] --END-- [ RunTime:0.001000s ]
SQL: SHOW COLUMNS FROM `device_info` [ RunTime:0.014001s ]
SQL: SELECT * FROM `device_info` WHERE ( `scan_code` = 'ZHGZPY000641' ) AND ( `device_status` = 1 ) AND ( `del_flag` = 0 ) LIMIT 1   [ RunTime:0.000000s ]
SQL: SHOW COLUMNS FROM `device_relation_group` [ RunTime:0.008001s ]
SQL: SELECT * FROM `device_relation_group` WHERE ( `di_id` = '2017083010_CAA2B24650DA45D2E7931350AFCBABD8' ) AND ( `del_flag` = 0 ) AND ( `device_type` = 7 ) LIMIT 1   [ RunTime:0.001000s ]
SQL: SHOW COLUMNS FROM `sys_user` [ RunTime:0.011000s ]
SQL: SELECT su.phone FROM sys_user su LEFT JOIN device_info di on di.owner_id=su.id WHERE ( di.scan_code = 'ZHGZPY000641' ) AND ( di.del_flag = 0 ) AND ( su.del_flag = 0 ) LIMIT 1   [ RunTime:0.001001s ]
INFO: [ view_template ] --START--
INFO: Run LocationTemplate Behavior [ RunTime:-1.864107s ]
INFO: [ view_template ] --END-- [ RunTime:0.002000s ]
INFO: [ view_parse ] --START--
NOTIC: [8] Undefined variable: openid D:\phpStudy\WWW\Rose\logs\Cache\Wap\5574db36d939e6247611fac2ed8dfced.php 第 67 行.
NOTIC: [8] Use of undefined constant wechat - assumed 'wechat' D:\phpStudy\WWW\Rose\logs\Cache\Wap\5574db36d939e6247611fac2ed8dfced.php 第 74 行.
NOTIC: [8] Undefined variable: buyer_id D:\phpStudy\WWW\Rose\logs\Cache\Wap\5574db36d939e6247611fac2ed8dfced.php 第 78 行.
NOTIC: [8] Undefined variable: openid D:\phpStudy\WWW\Rose\logs\Cache\Wap\5574db36d939e6247611fac2ed8dfced.php 第 96 行.
NOTIC: [8] Undefined variable: buyer_id D:\phpStudy\WWW\Rose\logs\Cache\Wap\5574db36d939e6247611fac2ed8dfced.php 第 98 行.
NOTIC: [8] Undefined variable: openid D:\phpStudy\WWW\Rose\logs\Cache\Wap\5574db36d939e6247611fac2ed8dfced.php 第 120 行.
NOTIC: [8] Undefined variable: buyer_id D:\phpStudy\WWW\Rose\logs\Cache\Wap\5574db36d939e6247611fac2ed8dfced.php 第 122 行.
NOTIC: [8] Undefined variable: openid D:\phpStudy\WWW\Rose\logs\Cache\Wap\5574db36d939e6247611fac2ed8dfced.php 第 148 行.
NOTIC: [8] Undefined variable: buyer_id D:\phpStudy\WWW\Rose\logs\Cache\Wap\5574db36d939e6247611fac2ed8dfced.php 第 150 行.
INFO: Run ParseTemplate Behavior [ RunTime:-1.866107s ]
INFO: [ view_parse ] --END-- [ RunTime:0.015001s ]
INFO: [ view_filter ] --START--
INFO: Run ContentReplace Behavior [ RunTime:-1.881108s ]
INFO: Run TokenBuild Behavior [ RunTime:-1.882108s ]
INFO: Run WriteHtmlCache Behavior [ RunTime:-1.882108s ]
INFO: Run ShowRuntime Behavior [ RunTime:-1.883108s ]
INFO: [ view_filter ] --END-- [ RunTime:0.003000s ]
INFO: [ view_end ] --START--
INFO: Run ShowPageTrace Behavior [ RunTime:-1.884108s ]
INFO: [ view_end ] --END-- [ RunTime:0.001000s ]

[ 2017-09-13T11:10:10+08:00 ] 0.0.0.0 /Rose/index.php?g=Wap&m=Car_wash&a=index&openid=odOIPv5RJwDqO94UaCbpKQvdjhLE&scan_code=ZHGZPY000641
INFO: [ app_begin ] --START--
INFO: Run ReadHtmlCache Behavior [ RunTime:0.002001s ]
INFO: [ app_begin ] --END-- [ RunTime:0.002001s ]
SQL: SHOW COLUMNS FROM `device_info` [ RunTime:0.018001s ]
SQL: SELECT * FROM `device_info` WHERE ( `scan_code` = 'ZHGZPY000641' ) AND ( `device_status` = 1 ) AND ( `del_flag` = 0 ) LIMIT 1   [ RunTime:0.002000s ]
SQL: SHOW COLUMNS FROM `device_relation_group` [ RunTime:0.012001s ]
SQL: SELECT * FROM `device_relation_group` WHERE ( `di_id` = '2017083010_CAA2B24650DA45D2E7931350AFCBABD8' ) AND ( `del_flag` = 0 ) AND ( `device_type` = 7 ) LIMIT 1   [ RunTime:0.001000s ]
SQL: SHOW COLUMNS FROM `sys_user` [ RunTime:0.011001s ]
SQL: SELECT su.phone FROM sys_user su LEFT JOIN device_info di on di.owner_id=su.id WHERE ( di.scan_code = 'ZHGZPY000641' ) AND ( di.del_flag = 0 ) AND ( su.del_flag = 0 ) LIMIT 1   [ RunTime:0.000000s ]
INFO: [ view_template ] --START--
INFO: Run LocationTemplate Behavior [ RunTime:-1.768101s ]
INFO: [ view_template ] --END-- [ RunTime:0.003000s ]
INFO: [ view_parse ] --START--
NOTIC: [8] Undefined variable: openid D:\phpStudy\WWW\Rose\logs\Cache\Wap\5574db36d939e6247611fac2ed8dfced.php 第 67 行.
NOTIC: [8] Use of undefined constant wechat - assumed 'wechat' D:\phpStudy\WWW\Rose\logs\Cache\Wap\5574db36d939e6247611fac2ed8dfced.php 第 74 行.
NOTIC: [8] Undefined variable: buyer_id D:\phpStudy\WWW\Rose\logs\Cache\Wap\5574db36d939e6247611fac2ed8dfced.php 第 78 行.
NOTIC: [8] Undefined variable: openid D:\phpStudy\WWW\Rose\logs\Cache\Wap\5574db36d939e6247611fac2ed8dfced.php 第 96 行.
NOTIC: [8] Undefined variable: buyer_id D:\phpStudy\WWW\Rose\logs\Cache\Wap\5574db36d939e6247611fac2ed8dfced.php 第 98 行.
NOTIC: [8] Undefined variable: openid D:\phpStudy\WWW\Rose\logs\Cache\Wap\5574db36d939e6247611fac2ed8dfced.php 第 120 行.
NOTIC: [8] Undefined variable: buyer_id D:\phpStudy\WWW\Rose\logs\Cache\Wap\5574db36d939e6247611fac2ed8dfced.php 第 122 行.
NOTIC: [8] Undefined variable: openid D:\phpStudy\WWW\Rose\logs\Cache\Wap\5574db36d939e6247611fac2ed8dfced.php 第 148 行.
NOTIC: [8] Undefined variable: buyer_id D:\phpStudy\WWW\Rose\logs\Cache\Wap\5574db36d939e6247611fac2ed8dfced.php 第 150 行.
INFO: Run ParseTemplate Behavior [ RunTime:-1.770101s ]
INFO: [ view_parse ] --END-- [ RunTime:0.014001s ]
INFO: [ view_filter ] --START--
INFO: Run ContentReplace Behavior [ RunTime:-1.784102s ]
INFO: Run TokenBuild Behavior [ RunTime:-1.785102s ]
INFO: Run WriteHtmlCache Behavior [ RunTime:-1.786102s ]
INFO: Run ShowRuntime Behavior [ RunTime:-1.787102s ]
INFO: [ view_filter ] --END-- [ RunTime:0.004000s ]
INFO: [ view_end ] --START--
INFO: Run ShowPageTrace Behavior [ RunTime:-1.788102s ]
INFO: [ view_end ] --END-- [ RunTime:0.001000s ]

[ 2017-09-13T11:10:50+08:00 ] 0.0.0.0 /Rose/index.php?g=Wap&m=Car_wash&a=index&openid=odOIPv5RJwDqO94UaCbpKQvdjhLE&scan_code=ZHGZPY000641
INFO: [ app_begin ] --START--
INFO: Run ReadHtmlCache Behavior [ RunTime:0.001000s ]
INFO: [ app_begin ] --END-- [ RunTime:0.002000s ]
SQL: SHOW COLUMNS FROM `device_info` [ RunTime:0.014001s ]
SQL: SELECT * FROM `device_info` WHERE ( `scan_code` = 'ZHGZPY000641' ) AND ( `device_status` = 1 ) AND ( `del_flag` = 0 ) LIMIT 1   [ RunTime:0.001000s ]
SQL: SHOW COLUMNS FROM `device_relation_group` [ RunTime:0.009001s ]
SQL: SELECT * FROM `device_relation_group` WHERE ( `di_id` = '2017083010_CAA2B24650DA45D2E7931350AFCBABD8' ) AND ( `del_flag` = 0 ) AND ( `device_type` = 7 ) LIMIT 1   [ RunTime:0.001000s ]
SQL: SHOW COLUMNS FROM `sys_user` [ RunTime:0.014001s ]
SQL: SELECT su.phone FROM sys_user su LEFT JOIN device_info di on di.owner_id=su.id WHERE ( di.scan_code = 'ZHGZPY000641' ) AND ( di.del_flag = 0 ) AND ( su.del_flag = 0 ) LIMIT 1   [ RunTime:0.001000s ]
INFO: [ view_template ] --START--
INFO: Run LocationTemplate Behavior [ RunTime:-1.712098s ]
INFO: [ view_template ] --END-- [ RunTime:0.001000s ]
INFO: [ view_parse ] --START--
NOTIC: [8] Undefined variable: openid D:\phpStudy\WWW\Rose\logs\Cache\Wap\5574db36d939e6247611fac2ed8dfced.php 第 67 行.
NOTIC: [8] Use of undefined constant wechat - assumed 'wechat' D:\phpStudy\WWW\Rose\logs\Cache\Wap\5574db36d939e6247611fac2ed8dfced.php 第 74 行.
NOTIC: [8] Undefined variable: buyer_id D:\phpStudy\WWW\Rose\logs\Cache\Wap\5574db36d939e6247611fac2ed8dfced.php 第 78 行.
NOTIC: [8] Undefined variable: openid D:\phpStudy\WWW\Rose\logs\Cache\Wap\5574db36d939e6247611fac2ed8dfced.php 第 96 行.
NOTIC: [8] Undefined variable: buyer_id D:\phpStudy\WWW\Rose\logs\Cache\Wap\5574db36d939e6247611fac2ed8dfced.php 第 98 行.
NOTIC: [8] Undefined variable: openid D:\phpStudy\WWW\Rose\logs\Cache\Wap\5574db36d939e6247611fac2ed8dfced.php 第 120 行.
NOTIC: [8] Undefined variable: buyer_id D:\phpStudy\WWW\Rose\logs\Cache\Wap\5574db36d939e6247611fac2ed8dfced.php 第 122 行.
NOTIC: [8] Undefined variable: openid D:\phpStudy\WWW\Rose\logs\Cache\Wap\5574db36d939e6247611fac2ed8dfced.php 第 148 行.
NOTIC: [8] Undefined variable: buyer_id D:\phpStudy\WWW\Rose\logs\Cache\Wap\5574db36d939e6247611fac2ed8dfced.php 第 150 行.
INFO: Run ParseTemplate Behavior [ RunTime:-1.713098s ]
INFO: [ view_parse ] --END-- [ RunTime:0.014000s ]
INFO: [ view_filter ] --START--
INFO: Run ContentReplace Behavior [ RunTime:-1.727098s ]
INFO: Run TokenBuild Behavior [ RunTime:-1.728098s ]
INFO: Run WriteHtmlCache Behavior [ RunTime:-1.729099s ]
INFO: Run ShowRuntime Behavior [ RunTime:-1.729099s ]
INFO: [ view_filter ] --END-- [ RunTime:0.003001s ]
INFO: [ view_end ] --START--
INFO: Run ShowPageTrace Behavior [ RunTime:-1.731099s ]
INFO: [ view_end ] --END-- [ RunTime:0.002000s ]

[ 2017-09-13T11:11:08+08:00 ] 0.0.0.0 /Rose/index.php?g=Wap&m=Car_wash&a=index&openid=odOIPv5RJwDqO94UaCbpKQvdjhLE&scan_code=ZHGZPY000641
INFO: [ app_begin ] --START--
INFO: Run ReadHtmlCache Behavior [ RunTime:0.001000s ]
INFO: [ app_begin ] --END-- [ RunTime:0.001000s ]
SQL: SHOW COLUMNS FROM `device_info` [ RunTime:0.018001s ]
SQL: SELECT * FROM `device_info` WHERE ( `scan_code` = 'ZHGZPY000641' ) AND ( `device_status` = 1 ) AND ( `del_flag` = 0 ) LIMIT 1   [ RunTime:0.001000s ]
SQL: SHOW COLUMNS FROM `device_relation_group` [ RunTime:0.013001s ]
SQL: SELECT * FROM `device_relation_group` WHERE ( `di_id` = '2017083010_CAA2B24650DA45D2E7931350AFCBABD8' ) AND ( `del_flag` = 0 ) AND ( `device_type` = 7 ) LIMIT 1   [ RunTime:0.001000s ]
SQL: SHOW COLUMNS FROM `sys_user` [ RunTime:0.015001s ]
SQL: SELECT su.phone FROM sys_user su LEFT JOIN device_info di on di.owner_id=su.id WHERE ( di.scan_code = 'ZHGZPY000641' ) AND ( di.del_flag = 0 ) AND ( su.del_flag = 0 ) LIMIT 1   [ RunTime:0.000000s ]
INFO: [ view_template ] --START--
INFO: Run LocationTemplate Behavior [ RunTime:-1.698097s ]
INFO: [ view_template ] --END-- [ RunTime:0.002000s ]
INFO: [ view_parse ] --START--
NOTIC: [8] Undefined variable: openid D:\phpStudy\WWW\Rose\logs\Cache\Wap\5574db36d939e6247611fac2ed8dfced.php 第 67 行.
NOTIC: [8] Use of undefined constant wechat - assumed 'wechat' D:\phpStudy\WWW\Rose\logs\Cache\Wap\5574db36d939e6247611fac2ed8dfced.php 第 74 行.
NOTIC: [8] Undefined variable: buyer_id D:\phpStudy\WWW\Rose\logs\Cache\Wap\5574db36d939e6247611fac2ed8dfced.php 第 78 行.
NOTIC: [8] Undefined variable: openid D:\phpStudy\WWW\Rose\logs\Cache\Wap\5574db36d939e6247611fac2ed8dfced.php 第 96 行.
NOTIC: [8] Undefined variable: buyer_id D:\phpStudy\WWW\Rose\logs\Cache\Wap\5574db36d939e6247611fac2ed8dfced.php 第 98 行.
NOTIC: [8] Undefined variable: openid D:\phpStudy\WWW\Rose\logs\Cache\Wap\5574db36d939e6247611fac2ed8dfced.php 第 120 行.
NOTIC: [8] Undefined variable: buyer_id D:\phpStudy\WWW\Rose\logs\Cache\Wap\5574db36d939e6247611fac2ed8dfced.php 第 122 行.
NOTIC: [8] Undefined variable: openid D:\phpStudy\WWW\Rose\logs\Cache\Wap\5574db36d939e6247611fac2ed8dfced.php 第 148 行.
NOTIC: [8] Undefined variable: buyer_id D:\phpStudy\WWW\Rose\logs\Cache\Wap\5574db36d939e6247611fac2ed8dfced.php 第 150 行.
INFO: Run ParseTemplate Behavior [ RunTime:-1.700097s ]
INFO: [ view_parse ] --END-- [ RunTime:0.014001s ]
INFO: [ view_filter ] --START--
INFO: Run ContentReplace Behavior [ RunTime:-1.714098s ]
INFO: Run TokenBuild Behavior [ RunTime:-1.715098s ]
INFO: Run WriteHtmlCache Behavior [ RunTime:-1.716098s ]
INFO: Run ShowRuntime Behavior [ RunTime:-1.717098s ]
INFO: [ view_filter ] --END-- [ RunTime:0.003000s ]
INFO: [ view_end ] --START--
INFO: Run ShowPageTrace Behavior [ RunTime:-1.718098s ]
INFO: [ view_end ] --END-- [ RunTime:0.001000s ]

[ 2017-09-13T14:20:51+08:00 ] 0.0.0.0 /Rose/index.php?g=Wap&m=Car_wash&a=index&openid=odOIPv5RJwDqO94UaCbpKQvdjhLE&scan_code=ZHGZPY000641
INFO: [ app_begin ] --START--
INFO: Run ReadHtmlCache Behavior [ RunTime:0.001000s ]
INFO: [ app_begin ] --END-- [ RunTime:0.001000s ]
SQL: SHOW COLUMNS FROM `device_info` [ RunTime:0.046002s ]
SQL: SELECT * FROM `device_info` WHERE ( `scan_code` = 'ZHGZPY000641' ) AND ( `device_status` = 1 ) AND ( `del_flag` = 0 ) LIMIT 1   [ RunTime:0.001000s ]
SQL: SHOW COLUMNS FROM `device_relation_group` [ RunTime:0.022002s ]
SQL: SELECT * FROM `device_relation_group` WHERE ( `di_id` = '2017083010_CAA2B24650DA45D2E7931350AFCBABD8' ) AND ( `del_flag` = 0 ) AND ( `device_type` = 7 ) LIMIT 1   [ RunTime:0.001000s ]
SQL: SHOW COLUMNS FROM `sys_user` [ RunTime:0.028001s ]
SQL: SELECT su.phone FROM sys_user su LEFT JOIN device_info di on di.owner_id=su.id WHERE ( di.scan_code = 'ZHGZPY000641' ) AND ( di.del_flag = 0 ) AND ( su.del_flag = 0 ) LIMIT 1   [ RunTime:0.000000s ]
INFO: [ view_template ] --START--
INFO: Run LocationTemplate Behavior [ RunTime:-2.376136s ]
INFO: [ view_template ] --END-- [ RunTime:0.021002s ]
INFO: [ view_parse ] --START--
NOTIC: [8] Undefined variable: openid D:\phpStudy\WWW\Rose\logs\Cache\Wap\5574db36d939e6247611fac2ed8dfced.php 第 69 行.
NOTIC: [8] Use of undefined constant wechat - assumed 'wechat' D:\phpStudy\WWW\Rose\logs\Cache\Wap\5574db36d939e6247611fac2ed8dfced.php 第 76 行.
NOTIC: [8] Undefined variable: buyer_id D:\phpStudy\WWW\Rose\logs\Cache\Wap\5574db36d939e6247611fac2ed8dfced.php 第 80 行.
NOTIC: [8] Undefined variable: openid D:\phpStudy\WWW\Rose\logs\Cache\Wap\5574db36d939e6247611fac2ed8dfced.php 第 98 行.
NOTIC: [8] Undefined variable: buyer_id D:\phpStudy\WWW\Rose\logs\Cache\Wap\5574db36d939e6247611fac2ed8dfced.php 第 100 行.
NOTIC: [8] Undefined variable: openid D:\phpStudy\WWW\Rose\logs\Cache\Wap\5574db36d939e6247611fac2ed8dfced.php 第 122 行.
NOTIC: [8] Undefined variable: buyer_id D:\phpStudy\WWW\Rose\logs\Cache\Wap\5574db36d939e6247611fac2ed8dfced.php 第 124 行.
NOTIC: [8] Undefined variable: openid D:\phpStudy\WWW\Rose\logs\Cache\Wap\5574db36d939e6247611fac2ed8dfced.php 第 150 行.
NOTIC: [8] Undefined variable: buyer_id D:\phpStudy\WWW\Rose\logs\Cache\Wap\5574db36d939e6247611fac2ed8dfced.php 第 152 行.
INFO: Run ParseTemplate Behavior [ RunTime:-2.397138s ]
INFO: [ view_parse ] --END-- [ RunTime:0.019001s ]
INFO: [ view_filter ] --START--
INFO: Run ContentReplace Behavior [ RunTime:-2.416139s ]
INFO: Run TokenBuild Behavior [ RunTime:-2.424139s ]
INFO: Run WriteHtmlCache Behavior [ RunTime:-2.426139s ]
INFO: Run ShowRuntime Behavior [ RunTime:-2.427139s ]
INFO: [ view_filter ] --END-- [ RunTime:0.013000s ]
INFO: [ view_end ] --START--
INFO: Run ShowPageTrace Behavior [ RunTime:-2.429139s ]
INFO: [ view_end ] --END-- [ RunTime:0.001000s ]

[ 2017-09-13T14:21:02+08:00 ] 0.0.0.0 /Rose/index.php?g=Wap&m=Car_wash&a=index&openid=odOIPv5RJwDqO94UaCbpKQvdjhLE&scan_code=ZHGZPY000641
INFO: [ app_begin ] --START--
INFO: Run ReadHtmlCache Behavior [ RunTime:0.002000s ]
INFO: [ app_begin ] --END-- [ RunTime:0.002000s ]
SQL: SHOW COLUMNS FROM `device_info` [ RunTime:0.021002s ]
SQL: SELECT * FROM `device_info` WHERE ( `scan_code` = 'ZHGZPY000641' ) AND ( `device_status` = 1 ) AND ( `del_flag` = 0 ) LIMIT 1   [ RunTime:0.000000s ]
SQL: SHOW COLUMNS FROM `device_relation_group` [ RunTime:0.016001s ]
SQL: SELECT * FROM `device_relation_group` WHERE ( `di_id` = '2017083010_CAA2B24650DA45D2E7931350AFCBABD8' ) AND ( `del_flag` = 0 ) AND ( `device_type` = 7 ) LIMIT 1   [ RunTime:0.001000s ]
SQL: SHOW COLUMNS FROM `sys_user` [ RunTime:0.014001s ]
SQL: SELECT su.phone FROM sys_user su LEFT JOIN device_info di on di.owner_id=su.id WHERE ( di.scan_code = 'ZHGZPY000641' ) AND ( di.del_flag = 0 ) AND ( su.del_flag = 0 ) LIMIT 1   [ RunTime:0.001000s ]
INFO: [ view_template ] --START--
INFO: Run LocationTemplate Behavior [ RunTime:-1.621093s ]
INFO: [ view_template ] --END-- [ RunTime:0.001000s ]
INFO: [ view_parse ] --START--
NOTIC: [8] Undefined variable: openid D:\phpStudy\WWW\Rose\logs\Cache\Wap\5574db36d939e6247611fac2ed8dfced.php 第 69 行.
NOTIC: [8] Use of undefined constant wechat - assumed 'wechat' D:\phpStudy\WWW\Rose\logs\Cache\Wap\5574db36d939e6247611fac2ed8dfced.php 第 76 行.
NOTIC: [8] Undefined variable: buyer_id D:\phpStudy\WWW\Rose\logs\Cache\Wap\5574db36d939e6247611fac2ed8dfced.php 第 80 行.
NOTIC: [8] Undefined variable: openid D:\phpStudy\WWW\Rose\logs\Cache\Wap\5574db36d939e6247611fac2ed8dfced.php 第 98 行.
NOTIC: [8] Undefined variable: buyer_id D:\phpStudy\WWW\Rose\logs\Cache\Wap\5574db36d939e6247611fac2ed8dfced.php 第 100 行.
NOTIC: [8] Undefined variable: openid D:\phpStudy\WWW\Rose\logs\Cache\Wap\5574db36d939e6247611fac2ed8dfced.php 第 122 行.
NOTIC: [8] Undefined variable: buyer_id D:\phpStudy\WWW\Rose\logs\Cache\Wap\5574db36d939e6247611fac2ed8dfced.php 第 124 行.
NOTIC: [8] Undefined variable: openid D:\phpStudy\WWW\Rose\logs\Cache\Wap\5574db36d939e6247611fac2ed8dfced.php 第 150 行.
NOTIC: [8] Undefined variable: buyer_id D:\phpStudy\WWW\Rose\logs\Cache\Wap\5574db36d939e6247611fac2ed8dfced.php 第 152 行.
INFO: Run ParseTemplate Behavior [ RunTime:-1.623093s ]
INFO: [ view_parse ] --END-- [ RunTime:0.015001s ]
INFO: [ view_filter ] --START--
INFO: Run ContentReplace Behavior [ RunTime:-1.638094s ]
INFO: Run TokenBuild Behavior [ RunTime:-1.639094s ]
INFO: Run WriteHtmlCache Behavior [ RunTime:-1.640094s ]
INFO: Run ShowRuntime Behavior [ RunTime:-1.641094s ]
INFO: [ view_filter ] --END-- [ RunTime:0.003000s ]
INFO: [ view_end ] --START--
INFO: Run ShowPageTrace Behavior [ RunTime:-1.642094s ]
INFO: [ view_end ] --END-- [ RunTime:0.001000s ]

[ 2017-09-13T14:22:31+08:00 ] 0.0.0.0 /Rose/index.php?g=Wap&m=Car_wash&a=index&openid=odOIPv5RJwDqO94UaCbpKQvdjhLE&scan_code=ZHGZPY000641
INFO: [ app_begin ] --START--
INFO: Run ReadHtmlCache Behavior [ RunTime:0.002000s ]
INFO: [ app_begin ] --END-- [ RunTime:0.002000s ]
SQL: SHOW COLUMNS FROM `device_info` [ RunTime:0.012001s ]
SQL: SELECT * FROM `device_info` WHERE ( `scan_code` = 'ZHGZPY000641' ) AND ( `device_status` = 1 ) AND ( `del_flag` = 0 ) LIMIT 1   [ RunTime:0.000000s ]
SQL: SHOW COLUMNS FROM `device_relation_group` [ RunTime:0.011001s ]
SQL: SELECT * FROM `device_relation_group` WHERE ( `di_id` = '2017083010_CAA2B24650DA45D2E7931350AFCBABD8' ) AND ( `del_flag` = 0 ) AND ( `device_type` = 7 ) LIMIT 1   [ RunTime:0.001000s ]
SQL: SHOW COLUMNS FROM `sys_user` [ RunTime:0.012000s ]
SQL: SELECT su.phone FROM sys_user su LEFT JOIN device_info di on di.owner_id=su.id WHERE ( di.scan_code = 'ZHGZPY000641' ) AND ( di.del_flag = 0 ) AND ( su.del_flag = 0 ) LIMIT 1   [ RunTime:0.001000s ]
INFO: [ view_template ] --START--
INFO: Run LocationTemplate Behavior [ RunTime:-1.629093s ]
INFO: [ view_template ] --END-- [ RunTime:0.001000s ]
INFO: [ view_parse ] --START--
NOTIC: [8] Undefined variable: openid D:\phpStudy\WWW\Rose\logs\Cache\Wap\5574db36d939e6247611fac2ed8dfced.php 第 69 行.
NOTIC: [8] Use of undefined constant wechat - assumed 'wechat' D:\phpStudy\WWW\Rose\logs\Cache\Wap\5574db36d939e6247611fac2ed8dfced.php 第 76 行.
NOTIC: [8] Undefined variable: buyer_id D:\phpStudy\WWW\Rose\logs\Cache\Wap\5574db36d939e6247611fac2ed8dfced.php 第 80 行.
NOTIC: [8] Undefined variable: openid D:\phpStudy\WWW\Rose\logs\Cache\Wap\5574db36d939e6247611fac2ed8dfced.php 第 98 行.
NOTIC: [8] Undefined variable: buyer_id D:\phpStudy\WWW\Rose\logs\Cache\Wap\5574db36d939e6247611fac2ed8dfced.php 第 100 行.
NOTIC: [8] Undefined variable: openid D:\phpStudy\WWW\Rose\logs\Cache\Wap\5574db36d939e6247611fac2ed8dfced.php 第 122 行.
NOTIC: [8] Undefined variable: buyer_id D:\phpStudy\WWW\Rose\logs\Cache\Wap\5574db36d939e6247611fac2ed8dfced.php 第 124 行.
NOTIC: [8] Undefined variable: openid D:\phpStudy\WWW\Rose\logs\Cache\Wap\5574db36d939e6247611fac2ed8dfced.php 第 150 行.
NOTIC: [8] Undefined variable: buyer_id D:\phpStudy\WWW\Rose\logs\Cache\Wap\5574db36d939e6247611fac2ed8dfced.php 第 152 行.
INFO: Run ParseTemplate Behavior [ RunTime:-1.630093s ]
INFO: [ view_parse ] --END-- [ RunTime:0.013001s ]
INFO: [ view_filter ] --START--
INFO: Run ContentReplace Behavior [ RunTime:-1.643094s ]
INFO: Run TokenBuild Behavior [ RunTime:-1.644094s ]
INFO: Run WriteHtmlCache Behavior [ RunTime:-1.645094s ]
INFO: Run ShowRuntime Behavior [ RunTime:-1.645094s ]
INFO: [ view_filter ] --END-- [ RunTime:0.003000s ]
INFO: [ view_end ] --START--
INFO: Run ShowPageTrace Behavior [ RunTime:-1.646094s ]
INFO: [ view_end ] --END-- [ RunTime:0.001000s ]

[ 2017-09-13T14:22:35+08:00 ] 0.0.0.0 /Rose/index.php?g=Wap&m=Car_wash&a=index&openid=odOIPv5RJwDqO94UaCbpKQvdjhLE&scan_code=ZHGZPY000641
INFO: [ app_begin ] --START--
INFO: Run ReadHtmlCache Behavior [ RunTime:0.001000s ]
INFO: [ app_begin ] --END-- [ RunTime:0.001000s ]
SQL: SHOW COLUMNS FROM `device_info` [ RunTime:0.016001s ]
SQL: SELECT * FROM `device_info` WHERE ( `scan_code` = 'ZHGZPY000641' ) AND ( `device_status` = 1 ) AND ( `del_flag` = 0 ) LIMIT 1   [ RunTime:0.001000s ]
SQL: SHOW COLUMNS FROM `device_relation_group` [ RunTime:0.009001s ]
SQL: SELECT * FROM `device_relation_group` WHERE ( `di_id` = '2017083010_CAA2B24650DA45D2E7931350AFCBABD8' ) AND ( `del_flag` = 0 ) AND ( `device_type` = 7 ) LIMIT 1   [ RunTime:0.001000s ]
SQL: SHOW COLUMNS FROM `sys_user` [ RunTime:0.016001s ]
SQL: SELECT su.phone FROM sys_user su LEFT JOIN device_info di on di.owner_id=su.id WHERE ( di.scan_code = 'ZHGZPY000641' ) AND ( di.del_flag = 0 ) AND ( su.del_flag = 0 ) LIMIT 1   [ RunTime:0.000000s ]
INFO: [ view_template ] --START--
INFO: Run LocationTemplate Behavior [ RunTime:-1.582091s ]
INFO: [ view_template ] --END-- [ RunTime:0.001000s ]
INFO: [ view_parse ] --START--
NOTIC: [8] Undefined variable: openid D:\phpStudy\WWW\Rose\logs\Cache\Wap\5574db36d939e6247611fac2ed8dfced.php 第 69 行.
NOTIC: [8] Use of undefined constant wechat - assumed 'wechat' D:\phpStudy\WWW\Rose\logs\Cache\Wap\5574db36d939e6247611fac2ed8dfced.php 第 76 行.
NOTIC: [8] Undefined variable: buyer_id D:\phpStudy\WWW\Rose\logs\Cache\Wap\5574db36d939e6247611fac2ed8dfced.php 第 80 行.
NOTIC: [8] Undefined variable: openid D:\phpStudy\WWW\Rose\logs\Cache\Wap\5574db36d939e6247611fac2ed8dfced.php 第 98 行.
NOTIC: [8] Undefined variable: buyer_id D:\phpStudy\WWW\Rose\logs\Cache\Wap\5574db36d939e6247611fac2ed8dfced.php 第 100 行.
NOTIC: [8] Undefined variable: openid D:\phpStudy\WWW\Rose\logs\Cache\Wap\5574db36d939e6247611fac2ed8dfced.php 第 122 行.
NOTIC: [8] Undefined variable: buyer_id D:\phpStudy\WWW\Rose\logs\Cache\Wap\5574db36d939e6247611fac2ed8dfced.php 第 124 行.
NOTIC: [8] Undefined variable: openid D:\phpStudy\WWW\Rose\logs\Cache\Wap\5574db36d939e6247611fac2ed8dfced.php 第 150 行.
NOTIC: [8] Undefined variable: buyer_id D:\phpStudy\WWW\Rose\logs\Cache\Wap\5574db36d939e6247611fac2ed8dfced.php 第 152 行.
INFO: Run ParseTemplate Behavior [ RunTime:-1.583091s ]
INFO: [ view_parse ] --END-- [ RunTime:0.013001s ]
INFO: [ view_filter ] --START--
INFO: Run ContentReplace Behavior [ RunTime:-1.596092s ]
INFO: Run TokenBuild Behavior [ RunTime:-1.597092s ]
INFO: Run WriteHtmlCache Behavior [ RunTime:-1.598092s ]
INFO: Run ShowRuntime Behavior [ RunTime:-1.598092s ]
INFO: [ view_filter ] --END-- [ RunTime:0.003000s ]
INFO: [ view_end ] --START--
INFO: Run ShowPageTrace Behavior [ RunTime:-1.599092s ]
INFO: [ view_end ] --END-- [ RunTime:0.001000s ]

[ 2017-09-13T14:23:04+08:00 ] 0.0.0.0 /Rose/index.php?g=Wap&m=Car_wash&a=index&openid=odOIPv5RJwDqO94UaCbpKQvdjhLE&scan_code=ZHGZPY000641
INFO: [ app_begin ] --START--
INFO: Run ReadHtmlCache Behavior [ RunTime:0.001000s ]
INFO: [ app_begin ] --END-- [ RunTime:0.002000s ]
SQL: SHOW COLUMNS FROM `device_info` [ RunTime:0.016001s ]
SQL: SELECT * FROM `device_info` WHERE ( `scan_code` = 'ZHGZPY000641' ) AND ( `device_status` = 1 ) AND ( `del_flag` = 0 ) LIMIT 1   [ RunTime:0.001000s ]
SQL: SHOW COLUMNS FROM `device_relation_group` [ RunTime:0.016001s ]
SQL: SELECT * FROM `device_relation_group` WHERE ( `di_id` = '2017083010_CAA2B24650DA45D2E7931350AFCBABD8' ) AND ( `del_flag` = 0 ) AND ( `device_type` = 7 ) LIMIT 1   [ RunTime:0.002000s ]
SQL: SHOW COLUMNS FROM `sys_user` [ RunTime:0.007000s ]
SQL: SELECT su.phone FROM sys_user su LEFT JOIN device_info di on di.owner_id=su.id WHERE ( di.scan_code = 'ZHGZPY000641' ) AND ( di.del_flag = 0 ) AND ( su.del_flag = 0 ) LIMIT 1   [ RunTime:0.001000s ]
INFO: [ view_template ] --START--
INFO: Run LocationTemplate Behavior [ RunTime:-1.685096s ]
INFO: [ view_template ] --END-- [ RunTime:0.002001s ]
INFO: [ view_parse ] --START--
NOTIC: [8] Undefined variable: openid D:\phpStudy\WWW\Rose\logs\Cache\Wap\5574db36d939e6247611fac2ed8dfced.php 第 69 行.
NOTIC: [8] Use of undefined constant wechat - assumed 'wechat' D:\phpStudy\WWW\Rose\logs\Cache\Wap\5574db36d939e6247611fac2ed8dfced.php 第 76 行.
NOTIC: [8] Undefined variable: buyer_id D:\phpStudy\WWW\Rose\logs\Cache\Wap\5574db36d939e6247611fac2ed8dfced.php 第 80 行.
NOTIC: [8] Undefined variable: openid D:\phpStudy\WWW\Rose\logs\Cache\Wap\5574db36d939e6247611fac2ed8dfced.php 第 98 行.
NOTIC: [8] Undefined variable: buyer_id D:\phpStudy\WWW\Rose\logs\Cache\Wap\5574db36d939e6247611fac2ed8dfced.php 第 100 行.
NOTIC: [8] Undefined variable: openid D:\phpStudy\WWW\Rose\logs\Cache\Wap\5574db36d939e6247611fac2ed8dfced.php 第 122 行.
NOTIC: [8] Undefined variable: buyer_id D:\phpStudy\WWW\Rose\logs\Cache\Wap\5574db36d939e6247611fac2ed8dfced.php 第 124 行.
NOTIC: [8] Undefined variable: openid D:\phpStudy\WWW\Rose\logs\Cache\Wap\5574db36d939e6247611fac2ed8dfced.php 第 150 行.
NOTIC: [8] Undefined variable: buyer_id D:\phpStudy\WWW\Rose\logs\Cache\Wap\5574db36d939e6247611fac2ed8dfced.php 第 152 行.
INFO: Run ParseTemplate Behavior [ RunTime:-1.687097s ]
INFO: [ view_parse ] --END-- [ RunTime:0.014000s ]
INFO: [ view_filter ] --START--
INFO: Run ContentReplace Behavior [ RunTime:-1.701097s ]
INFO: Run TokenBuild Behavior [ RunTime:-1.702097s ]
INFO: Run WriteHtmlCache Behavior [ RunTime:-1.702097s ]
INFO: Run ShowRuntime Behavior [ RunTime:-1.703098s ]
INFO: [ view_filter ] --END-- [ RunTime:0.002001s ]
INFO: [ view_end ] --START--
INFO: Run ShowPageTrace Behavior [ RunTime:-1.704098s ]
INFO: [ view_end ] --END-- [ RunTime:0.001000s ]

[ 2017-09-13T14:23:54+08:00 ] 0.0.0.0 /Rose/index.php?g=Wap&m=Car_wash&a=index&openid=odOIPv5RJwDqO94UaCbpKQvdjhLE&scan_code=ZHGZPY000641
INFO: [ app_begin ] --START--
INFO: Run ReadHtmlCache Behavior [ RunTime:0.000000s ]
INFO: [ app_begin ] --END-- [ RunTime:0.001000s ]
SQL: SHOW COLUMNS FROM `device_info` [ RunTime:0.013001s ]
SQL: SELECT * FROM `device_info` WHERE ( `scan_code` = 'ZHGZPY000641' ) AND ( `device_status` = 1 ) AND ( `del_flag` = 0 ) LIMIT 1   [ RunTime:0.001000s ]
SQL: SHOW COLUMNS FROM `device_relation_group` [ RunTime:0.012001s ]
SQL: SELECT * FROM `device_relation_group` WHERE ( `di_id` = '2017083010_CAA2B24650DA45D2E7931350AFCBABD8' ) AND ( `del_flag` = 0 ) AND ( `device_type` = 7 ) LIMIT 1   [ RunTime:0.001000s ]
SQL: SHOW COLUMNS FROM `sys_user` [ RunTime:0.011000s ]
SQL: SELECT su.phone FROM sys_user su LEFT JOIN device_info di on di.owner_id=su.id WHERE ( di.scan_code = 'ZHGZPY000641' ) AND ( di.del_flag = 0 ) AND ( su.del_flag = 0 ) LIMIT 1   [ RunTime:0.000000s ]
INFO: [ view_template ] --START--
INFO: Run LocationTemplate Behavior [ RunTime:-1.606091s ]
INFO: [ view_template ] --END-- [ RunTime:0.002001s ]
INFO: [ view_parse ] --START--
NOTIC: [8] Undefined variable: openid D:\phpStudy\WWW\Rose\logs\Cache\Wap\5574db36d939e6247611fac2ed8dfced.php 第 69 行.
NOTIC: [8] Use of undefined constant wechat - assumed 'wechat' D:\phpStudy\WWW\Rose\logs\Cache\Wap\5574db36d939e6247611fac2ed8dfced.php 第 76 行.
NOTIC: [8] Undefined variable: buyer_id D:\phpStudy\WWW\Rose\logs\Cache\Wap\5574db36d939e6247611fac2ed8dfced.php 第 80 行.
NOTIC: [8] Undefined variable: openid D:\phpStudy\WWW\Rose\logs\Cache\Wap\5574db36d939e6247611fac2ed8dfced.php 第 98 行.
NOTIC: [8] Undefined variable: buyer_id D:\phpStudy\WWW\Rose\logs\Cache\Wap\5574db36d939e6247611fac2ed8dfced.php 第 100 行.
NOTIC: [8] Undefined variable: openid D:\phpStudy\WWW\Rose\logs\Cache\Wap\5574db36d939e6247611fac2ed8dfced.php 第 122 行.
NOTIC: [8] Undefined variable: buyer_id D:\phpStudy\WWW\Rose\logs\Cache\Wap\5574db36d939e6247611fac2ed8dfced.php 第 124 行.
NOTIC: [8] Undefined variable: openid D:\phpStudy\WWW\Rose\logs\Cache\Wap\5574db36d939e6247611fac2ed8dfced.php 第 150 行.
NOTIC: [8] Undefined variable: buyer_id D:\phpStudy\WWW\Rose\logs\Cache\Wap\5574db36d939e6247611fac2ed8dfced.php 第 152 行.
INFO: Run ParseTemplate Behavior [ RunTime:-1.608092s ]
INFO: [ view_parse ] --END-- [ RunTime:0.016001s ]
INFO: [ view_filter ] --START--
INFO: Run ContentReplace Behavior [ RunTime:-1.624093s ]
INFO: Run TokenBuild Behavior [ RunTime:-1.625093s ]
INFO: Run WriteHtmlCache Behavior [ RunTime:-1.625093s ]
INFO: Run ShowRuntime Behavior [ RunTime:-1.626093s ]
INFO: [ view_filter ] --END-- [ RunTime:0.002000s ]
INFO: [ view_end ] --START--
INFO: Run ShowPageTrace Behavior [ RunTime:-1.627093s ]
INFO: [ view_end ] --END-- [ RunTime:0.001000s ]

[ 2017-09-13T14:24:51+08:00 ] 0.0.0.0 /Rose/index.php?g=Wap&m=Car_wash&a=index&openid=odOIPv5RJwDqO94UaCbpKQvdjhLE&scan_code=ZHGZPY000641
INFO: [ app_begin ] --START--
INFO: Run ReadHtmlCache Behavior [ RunTime:0.001000s ]
INFO: [ app_begin ] --END-- [ RunTime:0.001000s ]
SQL: SHOW COLUMNS FROM `device_info` [ RunTime:0.017001s ]
SQL: SELECT * FROM `device_info` WHERE ( `scan_code` = 'ZHGZPY000641' ) AND ( `device_status` = 1 ) AND ( `del_flag` = 0 ) LIMIT 1   [ RunTime:0.001000s ]
SQL: SHOW COLUMNS FROM `device_relation_group` [ RunTime:0.010001s ]
SQL: SELECT * FROM `device_relation_group` WHERE ( `di_id` = '2017083010_CAA2B24650DA45D2E7931350AFCBABD8' ) AND ( `del_flag` = 0 ) AND ( `device_type` = 7 ) LIMIT 1   [ RunTime:0.001000s ]
SQL: SHOW COLUMNS FROM `sys_user` [ RunTime:0.012001s ]
SQL: SELECT su.phone FROM sys_user su LEFT JOIN device_info di on di.owner_id=su.id WHERE ( di.scan_code = 'ZHGZPY000641' ) AND ( di.del_flag = 0 ) AND ( su.del_flag = 0 ) LIMIT 1   [ RunTime:0.000000s ]
INFO: [ view_template ] --START--
INFO: Run LocationTemplate Behavior [ RunTime:-1.690097s ]
INFO: [ view_template ] --END-- [ RunTime:0.003000s ]
INFO: [ view_parse ] --START--
NOTIC: [8] Undefined variable: openid D:\phpStudy\WWW\Rose\logs\Cache\Wap\5574db36d939e6247611fac2ed8dfced.php 第 69 行.
NOTIC: [8] Use of undefined constant wechat - assumed 'wechat' D:\phpStudy\WWW\Rose\logs\Cache\Wap\5574db36d939e6247611fac2ed8dfced.php 第 76 行.
NOTIC: [8] Undefined variable: buyer_id D:\phpStudy\WWW\Rose\logs\Cache\Wap\5574db36d939e6247611fac2ed8dfced.php 第 80 行.
NOTIC: [8] Undefined variable: openid D:\phpStudy\WWW\Rose\logs\Cache\Wap\5574db36d939e6247611fac2ed8dfced.php 第 98 行.
NOTIC: [8] Undefined variable: buyer_id D:\phpStudy\WWW\Rose\logs\Cache\Wap\5574db36d939e6247611fac2ed8dfced.php 第 100 行.
NOTIC: [8] Undefined variable: openid D:\phpStudy\WWW\Rose\logs\Cache\Wap\5574db36d939e6247611fac2ed8dfced.php 第 122 行.
NOTIC: [8] Undefined variable: buyer_id D:\phpStudy\WWW\Rose\logs\Cache\Wap\5574db36d939e6247611fac2ed8dfced.php 第 124 行.
NOTIC: [8] Undefined variable: openid D:\phpStudy\WWW\Rose\logs\Cache\Wap\5574db36d939e6247611fac2ed8dfced.php 第 150 行.
NOTIC: [8] Undefined variable: buyer_id D:\phpStudy\WWW\Rose\logs\Cache\Wap\5574db36d939e6247611fac2ed8dfced.php 第 152 行.
INFO: Run ParseTemplate Behavior [ RunTime:-1.693097s ]
INFO: [ view_parse ] --END-- [ RunTime:0.012001s ]
INFO: [ view_filter ] --START--
INFO: Run ContentReplace Behavior [ RunTime:-1.705098s ]
INFO: Run TokenBuild Behavior [ RunTime:-1.706098s ]
INFO: Run WriteHtmlCache Behavior [ RunTime:-1.707098s ]
INFO: Run ShowRuntime Behavior [ RunTime:-1.707098s ]
INFO: [ view_filter ] --END-- [ RunTime:0.003000s ]
INFO: [ view_end ] --START--
INFO: Run ShowPageTrace Behavior [ RunTime:-1.708098s ]
INFO: [ view_end ] --END-- [ RunTime:0.001000s ]

[ 2017-09-13T14:25:15+08:00 ] 0.0.0.0 /Rose/index.php?g=Wap&m=Car_wash&a=index&openid=odOIPv5RJwDqO94UaCbpKQvdjhLE&scan_code=ZHGZPY000641
INFO: [ app_begin ] --START--
INFO: Run ReadHtmlCache Behavior [ RunTime:0.001000s ]
INFO: [ app_begin ] --END-- [ RunTime:0.001000s ]
SQL: SHOW COLUMNS FROM `device_info` [ RunTime:0.019001s ]
SQL: SELECT * FROM `device_info` WHERE ( `scan_code` = 'ZHGZPY000641' ) AND ( `device_status` = 1 ) AND ( `del_flag` = 0 ) LIMIT 1   [ RunTime:0.001000s ]
SQL: SHOW COLUMNS FROM `device_relation_group` [ RunTime:0.015001s ]
SQL: SELECT * FROM `device_relation_group` WHERE ( `di_id` = '2017083010_CAA2B24650DA45D2E7931350AFCBABD8' ) AND ( `del_flag` = 0 ) AND ( `device_type` = 7 ) LIMIT 1   [ RunTime:0.001000s ]
SQL: SHOW COLUMNS FROM `sys_user` [ RunTime:0.011000s ]
SQL: SELECT su.phone FROM sys_user su LEFT JOIN device_info di on di.owner_id=su.id WHERE ( di.scan_code = 'ZHGZPY000641' ) AND ( di.del_flag = 0 ) AND ( su.del_flag = 0 ) LIMIT 1   [ RunTime:0.000000s ]
INFO: [ view_template ] --START--
INFO: Run LocationTemplate Behavior [ RunTime:-1.680096s ]
INFO: [ view_template ] --END-- [ RunTime:0.002000s ]
INFO: [ view_parse ] --START--
NOTIC: [8] Undefined variable: openid D:\phpStudy\WWW\Rose\logs\Cache\Wap\5574db36d939e6247611fac2ed8dfced.php 第 69 行.
NOTIC: [8] Use of undefined constant wechat - assumed 'wechat' D:\phpStudy\WWW\Rose\logs\Cache\Wap\5574db36d939e6247611fac2ed8dfced.php 第 76 行.
NOTIC: [8] Undefined variable: buyer_id D:\phpStudy\WWW\Rose\logs\Cache\Wap\5574db36d939e6247611fac2ed8dfced.php 第 80 行.
NOTIC: [8] Undefined variable: openid D:\phpStudy\WWW\Rose\logs\Cache\Wap\5574db36d939e6247611fac2ed8dfced.php 第 98 行.
NOTIC: [8] Undefined variable: buyer_id D:\phpStudy\WWW\Rose\logs\Cache\Wap\5574db36d939e6247611fac2ed8dfced.php 第 100 行.
NOTIC: [8] Undefined variable: openid D:\phpStudy\WWW\Rose\logs\Cache\Wap\5574db36d939e6247611fac2ed8dfced.php 第 122 行.
NOTIC: [8] Undefined variable: buyer_id D:\phpStudy\WWW\Rose\logs\Cache\Wap\5574db36d939e6247611fac2ed8dfced.php 第 124 行.
NOTIC: [8] Undefined variable: openid D:\phpStudy\WWW\Rose\logs\Cache\Wap\5574db36d939e6247611fac2ed8dfced.php 第 150 行.
NOTIC: [8] Undefined variable: buyer_id D:\phpStudy\WWW\Rose\logs\Cache\Wap\5574db36d939e6247611fac2ed8dfced.php 第 152 行.
INFO: Run ParseTemplate Behavior [ RunTime:-1.682096s ]
INFO: [ view_parse ] --END-- [ RunTime:0.013001s ]
INFO: [ view_filter ] --START--
INFO: Run ContentReplace Behavior [ RunTime:-1.695097s ]
INFO: Run TokenBuild Behavior [ RunTime:-1.696097s ]
INFO: Run WriteHtmlCache Behavior [ RunTime:-1.696097s ]
INFO: Run ShowRuntime Behavior [ RunTime:-1.697097s ]
INFO: [ view_filter ] --END-- [ RunTime:0.002000s ]
INFO: [ view_end ] --START--
INFO: Run ShowPageTrace Behavior [ RunTime:-1.698097s ]
INFO: [ view_end ] --END-- [ RunTime:0.001000s ]

[ 2017-09-13T14:39:05+08:00 ] 0.0.0.0 /Rose/index.php?g=Wap&m=Rose2Alllist&a=weixin_list&openid=odOIPv4WtdWt9ebczeYuYByhYr_0
INFO: [ app_begin ] --START--
INFO: Run ReadHtmlCache Behavior [ RunTime:0.001000s ]
INFO: [ app_begin ] --END-- [ RunTime:0.001000s ]
NOTIC: [8] A session had already been started - ignoring session_start() D:\phpStudy\WWW\Rose\Lib\Action\Wap\Rose2BaseAction.class.php 第 2 行.
SQL: SHOW COLUMNS FROM `sys_user` [ RunTime:0.014001s ]
SQL: SELECT * FROM `sys_user` WHERE ( `del_flag` = 0 ) AND ( `openid` = 'odOIPv4WtdWt9ebczeYuYByhYr_0' ) LIMIT 1   [ RunTime:0.001000s ]
NOTIC: [8] Trying to get property of non-object D:\phpStudy\WWW\Rose\Core\Extend\Vendor\weixin\jssdk.php 第 75 行.
NOTIC: [8] Trying to get property of non-object D:\phpStudy\WWW\Rose\Core\Extend\Vendor\weixin\jssdk.php 第 53 行.
SQL: SHOW COLUMNS FROM `weixin_userinfo` [ RunTime:0.020001s ]
SQL: SELECT * FROM `weixin_userinfo` WHERE ( `del_flag` = 0 ) AND ( `from_username` = 'odOIPv4WtdWt9ebczeYuYByhYr_0' ) LIMIT 1   [ RunTime:0.003001s ]
SQL: SHOW COLUMNS FROM `device_consume_rec` [ RunTime:0.014000s ]
SQL: SELECT dcr.type,sum(dcr.consume_account) as consume_account,dcr.consume_status,dcr.create_date FROM device_consume_rec dcr left join device_info di on di.id=dcr.di_id WHERE ( dcr.del_flag = 0 ) AND ( di.del_flag = 0 ) AND ( dcr.command_status = 2 ) AND ( dcr.type IN ('1','3','5','9','11','13','15') ) AND ( dcr.transfer_status = 0 ) AND ( dcr.create_by = '2017030716_447B2A753E1709D698E21C32DECDBA77' ) GROUP BY dcr.create_date ORDER BY dcr.create_date desc LIMIT 20   [ RunTime:0.449025s ]
INFO: [ view_template ] --START--
INFO: Run LocationTemplate Behavior [ RunTime:-1.798103s ]
INFO: [ view_template ] --END-- [ RunTime:0.002000s ]
INFO: [ view_parse ] --START--
NOTIC: [8] Undefined index: command_status D:\phpStudy\WWW\Rose\logs\Cache\Wap\c24d7381acf3f63667c2a0781a50cc3e.php 第 38 行.
NOTIC: [8] Undefined index: command_status D:\phpStudy\WWW\Rose\logs\Cache\Wap\c24d7381acf3f63667c2a0781a50cc3e.php 第 39 行.
NOTIC: [8] Undefined index: command_status D:\phpStudy\WWW\Rose\logs\Cache\Wap\c24d7381acf3f63667c2a0781a50cc3e.php 第 40 行.
NOTIC: [8] Undefined index: command_status D:\phpStudy\WWW\Rose\logs\Cache\Wap\c24d7381acf3f63667c2a0781a50cc3e.php 第 38 行.
NOTIC: [8] Undefined index: command_status D:\phpStudy\WWW\Rose\logs\Cache\Wap\c24d7381acf3f63667c2a0781a50cc3e.php 第 39 行.
NOTIC: [8] Undefined index: command_status D:\phpStudy\WWW\Rose\logs\Cache\Wap\c24d7381acf3f63667c2a0781a50cc3e.php 第 40 行.
NOTIC: [8] Undefined index: command_status D:\phpStudy\WWW\Rose\logs\Cache\Wap\c24d7381acf3f63667c2a0781a50cc3e.php 第 38 行.
NOTIC: [8] Undefined index: command_status D:\phpStudy\WWW\Rose\logs\Cache\Wap\c24d7381acf3f63667c2a0781a50cc3e.php 第 39 行.
NOTIC: [8] Undefined index: command_status D:\phpStudy\WWW\Rose\logs\Cache\Wap\c24d7381acf3f63667c2a0781a50cc3e.php 第 40 行.
NOTIC: [8] Undefined index: command_status D:\phpStudy\WWW\Rose\logs\Cache\Wap\c24d7381acf3f63667c2a0781a50cc3e.php 第 38 行.
NOTIC: [8] Undefined index: command_status D:\phpStudy\WWW\Rose\logs\Cache\Wap\c24d7381acf3f63667c2a0781a50cc3e.php 第 39 行.
NOTIC: [8] Undefined index: command_status D:\phpStudy\WWW\Rose\logs\Cache\Wap\c24d7381acf3f63667c2a0781a50cc3e.php 第 40 行.
NOTIC: [8] Undefined index: command_status D:\phpStudy\WWW\Rose\logs\Cache\Wap\c24d7381acf3f63667c2a0781a50cc3e.php 第 38 行.
NOTIC: [8] Undefined index: command_status D:\phpStudy\WWW\Rose\logs\Cache\Wap\c24d7381acf3f63667c2a0781a50cc3e.php 第 39 行.
NOTIC: [8] Undefined index: command_status D:\phpStudy\WWW\Rose\logs\Cache\Wap\c24d7381acf3f63667c2a0781a50cc3e.php 第 40 行.
NOTIC: [8] Undefined index: command_status D:\phpStudy\WWW\Rose\logs\Cache\Wap\c24d7381acf3f63667c2a0781a50cc3e.php 第 38 行.
NOTIC: [8] Undefined index: command_status D:\phpStudy\WWW\Rose\logs\Cache\Wap\c24d7381acf3f63667c2a0781a50cc3e.php 第 39 行.
NOTIC: [8] Undefined index: command_status D:\phpStudy\WWW\Rose\logs\Cache\Wap\c24d7381acf3f63667c2a0781a50cc3e.php 第 40 行.
NOTIC: [8] Undefined index: command_status D:\phpStudy\WWW\Rose\logs\Cache\Wap\c24d7381acf3f63667c2a0781a50cc3e.php 第 38 行.
NOTIC: [8] Undefined index: command_status D:\phpStudy\WWW\Rose\logs\Cache\Wap\c24d7381acf3f63667c2a0781a50cc3e.php 第 39 行.
NOTIC: [8] Undefined index: command_status D:\phpStudy\WWW\Rose\logs\Cache\Wap\c24d7381acf3f63667c2a0781a50cc3e.php 第 40 行.
NOTIC: [8] Undefined index: command_status D:\phpStudy\WWW\Rose\logs\Cache\Wap\c24d7381acf3f63667c2a0781a50cc3e.php 第 38 行.
NOTIC: [8] Undefined index: command_status D:\phpStudy\WWW\Rose\logs\Cache\Wap\c24d7381acf3f63667c2a0781a50cc3e.php 第 39 行.
NOTIC: [8] Undefined index: command_status D:\phpStudy\WWW\Rose\logs\Cache\Wap\c24d7381acf3f63667c2a0781a50cc3e.php 第 40 行.
NOTIC: [8] Undefined index: command_status D:\phpStudy\WWW\Rose\logs\Cache\Wap\c24d7381acf3f63667c2a0781a50cc3e.php 第 38 行.
NOTIC: [8] Undefined index: command_status D:\phpStudy\WWW\Rose\logs\Cache\Wap\c24d7381acf3f63667c2a0781a50cc3e.php 第 39 行.
NOTIC: [8] Undefined index: command_status D:\phpStudy\WWW\Rose\logs\Cache\Wap\c24d7381acf3f63667c2a0781a50cc3e.php 第 40 行.
NOTIC: [8] Undefined index: command_status D:\phpStudy\WWW\Rose\logs\Cache\Wap\c24d7381acf3f63667c2a0781a50cc3e.php 第 38 行.
NOTIC: [8] Undefined index: command_status D:\phpStudy\WWW\Rose\logs\Cache\Wap\c24d7381acf3f63667c2a0781a50cc3e.php 第 39 行.
NOTIC: [8] Undefined index: command_status D:\phpStudy\WWW\Rose\logs\Cache\Wap\c24d7381acf3f63667c2a0781a50cc3e.php 第 40 行.
NOTIC: [8] Undefined index: command_status D:\phpStudy\WWW\Rose\logs\Cache\Wap\c24d7381acf3f63667c2a0781a50cc3e.php 第 38 行.
NOTIC: [8] Undefined index: command_status D:\phpStudy\WWW\Rose\logs\Cache\Wap\c24d7381acf3f63667c2a0781a50cc3e.php 第 39 行.
NOTIC: [8] Undefined index: command_status D:\phpStudy\WWW\Rose\logs\Cache\Wap\c24d7381acf3f63667c2a0781a50cc3e.php 第 40 行.
NOTIC: [8] Undefined index: command_status D:\phpStudy\WWW\Rose\logs\Cache\Wap\c24d7381acf3f63667c2a0781a50cc3e.php 第 38 行.
NOTIC: [8] Undefined index: command_status D:\phpStudy\WWW\Rose\logs\Cache\Wap\c24d7381acf3f63667c2a0781a50cc3e.php 第 39 行.
NOTIC: [8] Undefined index: command_status D:\phpStudy\WWW\Rose\logs\Cache\Wap\c24d7381acf3f63667c2a0781a50cc3e.php 第 40 行.
NOTIC: [8] Undefined index: command_status D:\phpStudy\WWW\Rose\logs\Cache\Wap\c24d7381acf3f63667c2a0781a50cc3e.php 第 38 行.
NOTIC: [8] Undefined index: command_status D:\phpStudy\WWW\Rose\logs\Cache\Wap\c24d7381acf3f63667c2a0781a50cc3e.php 第 39 行.
NOTIC: [8] Undefined index: command_status D:\phpStudy\WWW\Rose\logs\Cache\Wap\c24d7381acf3f63667c2a0781a50cc3e.php 第 40 行.
NOTIC: [8] Undefined index: command_status D:\phpStudy\WWW\Rose\logs\Cache\Wap\c24d7381acf3f63667c2a0781a50cc3e.php 第 38 行.
NOTIC: [8] Undefined index: command_status D:\phpStudy\WWW\Rose\logs\Cache\Wap\c24d7381acf3f63667c2a0781a50cc3e.php 第 39 行.
NOTIC: [8] Undefined index: command_status D:\phpStudy\WWW\Rose\logs\Cache\Wap\c24d7381acf3f63667c2a0781a50cc3e.php 第 40 行.
NOTIC: [8] Undefined index: command_status D:\phpStudy\WWW\Rose\logs\Cache\Wap\c24d7381acf3f63667c2a0781a50cc3e.php 第 38 行.
NOTIC: [8] Undefined index: command_status D:\phpStudy\WWW\Rose\logs\Cache\Wap\c24d7381acf3f63667c2a0781a50cc3e.php 第 39 行.
NOTIC: [8] Undefined index: command_status D:\phpStudy\WWW\Rose\logs\Cache\Wap\c24d7381acf3f63667c2a0781a50cc3e.php 第 40 行.
NOTIC: [8] Undefined index: command_status D:\phpStudy\WWW\Rose\logs\Cache\Wap\c24d7381acf3f63667c2a0781a50cc3e.php 第 38 行.
NOTIC: [8] Undefined index: command_status D:\phpStudy\WWW\Rose\logs\Cache\Wap\c24d7381acf3f63667c2a0781a50cc3e.php 第 39 行.
NOTIC: [8] Undefined index: command_status D:\phpStudy\WWW\Rose\logs\Cache\Wap\c24d7381acf3f63667c2a0781a50cc3e.php 第 40 行.
NOTIC: [8] Undefined index: command_status D:\phpStudy\WWW\Rose\logs\Cache\Wap\c24d7381acf3f63667c2a0781a50cc3e.php 第 38 行.
NOTIC: [8] Undefined index: command_status D:\phpStudy\WWW\Rose\logs\Cache\Wap\c24d7381acf3f63667c2a0781a50cc3e.php 第 39 行.
NOTIC: [8] Undefined index: command_status D:\phpStudy\WWW\Rose\logs\Cache\Wap\c24d7381acf3f63667c2a0781a50cc3e.php 第 40 行.
NOTIC: [8] Undefined index: command_status D:\phpStudy\WWW\Rose\logs\Cache\Wap\c24d7381acf3f63667c2a0781a50cc3e.php 第 38 行.
NOTIC: [8] Undefined index: command_status D:\phpStudy\WWW\Rose\logs\Cache\Wap\c24d7381acf3f63667c2a0781a50cc3e.php 第 39 行.
NOTIC: [8] Undefined index: command_status D:\phpStudy\WWW\Rose\logs\Cache\Wap\c24d7381acf3f63667c2a0781a50cc3e.php 第 40 行.
NOTIC: [8] Undefined index: command_status D:\phpStudy\WWW\Rose\logs\Cache\Wap\c24d7381acf3f63667c2a0781a50cc3e.php 第 38 行.
NOTIC: [8] Undefined index: command_status D:\phpStudy\WWW\Rose\logs\Cache\Wap\c24d7381acf3f63667c2a0781a50cc3e.php 第 39 行.
NOTIC: [8] Undefined index: command_status D:\phpStudy\WWW\Rose\logs\Cache\Wap\c24d7381acf3f63667c2a0781a50cc3e.php 第 40 行.
NOTIC: [8] Undefined index: command_status D:\phpStudy\WWW\Rose\logs\Cache\Wap\c24d7381acf3f63667c2a0781a50cc3e.php 第 38 行.
NOTIC: [8] Undefined index: command_status D:\phpStudy\WWW\Rose\logs\Cache\Wap\c24d7381acf3f63667c2a0781a50cc3e.php 第 39 行.
NOTIC: [8] Undefined index: command_status D:\phpStudy\WWW\Rose\logs\Cache\Wap\c24d7381acf3f63667c2a0781a50cc3e.php 第 40 行.
INFO: Run ParseTemplate Behavior [ RunTime:-1.800103s ]
INFO: [ view_parse ] --END-- [ RunTime:0.032002s ]
INFO: [ view_filter ] --START--
INFO: Run ContentReplace Behavior [ RunTime:-1.832105s ]
INFO: Run TokenBuild Behavior [ RunTime:-1.833105s ]
INFO: Run WriteHtmlCache Behavior [ RunTime:-1.833105s ]
INFO: Run ShowRuntime Behavior [ RunTime:-1.834105s ]
INFO: [ view_filter ] --END-- [ RunTime:0.003000s ]
INFO: [ view_end ] --START--
INFO: Run ShowPageTrace Behavior [ RunTime:-1.835105s ]
INFO: [ view_end ] --END-- [ RunTime:0.001000s ]

