[ 2017-09-14T11:32:22+08:00 ] ERR: (ThinkException) 无法加载模块:Index
[ 2017-09-14T18:30:03+08:00 ] 0.0.0.0 /Rose/index.php?g=Wap&m=Rose2Personal&a=index&openid=odOIPv5RJwDqO94UaCbpKQvdjhLE
INFO: [ app_begin ] --START--
INFO: Run ReadHtmlCache Behavior [ RunTime:0.001000s ]
INFO: [ app_begin ] --END-- [ RunTime:0.001000s ]
NOTIC: [8] A session had already been started - ignoring session_start() D:\phpStudy\WWW\Rose\Lib\Action\Wap\Rose2BaseAction.class.php 第 2 行.
SQL: SHOW COLUMNS FROM `sys_user` [ RunTime:0.017001s ]
SQL: SELECT * FROM `sys_user` WHERE ( `del_flag` = 0 ) AND ( `openid` = 'odOIPv4WtdWt9ebczeYuYByhYr_0' ) LIMIT 1   [ RunTime:0.001000s ]
NOTIC: [8] Trying to get property of non-object D:\phpStudy\WWW\Rose\Core\Extend\Vendor\weixin\jssdk.php 第 75 行.
NOTIC: [8] Trying to get property of non-object D:\phpStudy\WWW\Rose\Core\Extend\Vendor\weixin\jssdk.php 第 53 行.
SQL: SHOW COLUMNS FROM `weixin_userinfo` [ RunTime:0.017001s ]
SQL: SELECT * FROM `weixin_userinfo` WHERE ( `del_flag` = 0 ) AND ( `from_username` = 'odOIPv4WtdWt9ebczeYuYByhYr_0' ) LIMIT 1   [ RunTime:0.065003s ]
SQL: SELECT count(*) as adv
            FROM
                `device_info` di
            LEFT JOIN adv_uservisit_rec pwi ON pwi.di_id = di.id
            LEFT JOIN adv_weixin_info awi ON awi.id = pwi.adv_id
            WHERE
                pwi.status = 2
            and pwi.del_flag=0
            and pwi.transfer_status = 0
			and awi.status=1
			and awi.del_flag=0
            AND di.office_id = '2017030716_6BDA47092DB42A856AA52C2F26C808D6'
            AND di.del_flag = 0 [ RunTime:0.001001s ]
SQL: SELECT sum(pwi.consume_account) as count
            FROM
                `device_info` di
            LEFT JOIN device_consume_rec pwi ON pwi.di_id = di.id
            WHERE
                pwi.command_status = 2
            and pwi.del_flag=0
            and pwi.type in(1,3,5,9,11,13,15,17)
			and pwi.transfer_status = 0
			and pwi.consume_status = 1
            AND pwi.create_by = '2017030716_447B2A753E1709D698E21C32DECDBA77'
            AND di.del_flag = 0 [ RunTime:3.032173s ]
SQL: SELECT sum(pwi.consume_account) as alipay
            FROM
                `device_info` di
            LEFT JOIN device_consume_rec pwi ON pwi.di_id = di.id
            WHERE
                pwi.command_status = 2
            and pwi.del_flag=0
            and pwi.type in(2,4,6,10,12,14,16,18)
			and pwi.transfer_status = 0
			and pwi.consume_status = 1
            AND pwi.create_by = '2017030716_447B2A753E1709D698E21C32DECDBA77'
            AND di.del_flag = 0 [ RunTime:0.246014s ]
SQL: SELECT sum(pwi.consume_account) as anm_weixin
            FROM
                `device_info` di
            LEFT JOIN device_consume_rec pwi ON pwi.di_id = di.id
            WHERE
                pwi.command_status = 2
            and pwi.del_flag=0
            and pwi.type=3
			and pwi.transfer_status = 0
            AND di.office_id = '2017030716_6BDA47092DB42A856AA52C2F26C808D6'
            AND di.del_flag = 0 [ RunTime:0.406023s ]
SQL: SELECT sum(pwi.consume_account) as anm_alipay
            FROM
                `device_info` di
            LEFT JOIN device_consume_rec pwi ON pwi.di_id = di.id
            WHERE
                pwi.command_status = 2
            and pwi.del_flag=0
            and pwi.type=4
			and pwi.transfer_status = 0
            AND di.office_id = '2017030716_6BDA47092DB42A856AA52C2F26C808D6'
            AND di.del_flag = 0 [ RunTime:0.242014s ]
SQL: SHOW COLUMNS FROM `device_info` [ RunTime:0.014001s ]
SQL: SELECT sum(dw.LOC_OP) c from (SELECT * from (SELECT dr.* FROM `device_info` LEFT JOIN device_record
 dr on dr.dev_id=device_info.device_command WHERE ( device_info.del_flag = 0 )
 AND ( device_info.office_id = '2017030716_6BDA47092DB42A856AA52C2F26C808D6' ) ORDER BY dr.LOC_OP desc)
 da GROUP BY da.dev_id ORDER BY da.LOC_OP desc) dw [ RunTime:1.045060s ]
SQL: SELECT * FROM `sys_user` WHERE ( `del_flag` = 0 ) AND ( `openid` = 'odOIPv4WtdWt9ebczeYuYByhYr_0' ) LIMIT 1   [ RunTime:0.025001s ]
SQL: UPDATE `sys_user` SET `totals`=20642 WHERE ( `del_flag` = 0 ) AND ( `id` = '2017030716_447B2A753E1709D698E21C32DECDBA77' ) [ RunTime:0.159009s ]
SQL: SELECT SUM(totals-consume) AS tp_sum FROM `sys_user` WHERE ( `del_flag` = 0 ) AND ( `openid` = 'odOIPv4WtdWt9ebczeYuYByhYr_0' ) LIMIT 1   [ RunTime:0.045003s ]
INFO: [ view_template ] --START--
INFO: Run LocationTemplate Behavior [ RunTime:-7.065404s ]
INFO: [ view_template ] --END-- [ RunTime:0.021001s ]
INFO: [ view_parse ] --START--
INFO: Run ParseTemplate Behavior [ RunTime:-7.087405s ]
INFO: [ view_parse ] --END-- [ RunTime:0.081005s ]
INFO: [ view_filter ] --START--
INFO: Run ContentReplace Behavior [ RunTime:-7.168410s ]
INFO: Run TokenBuild Behavior [ RunTime:-7.170410s ]
INFO: Run WriteHtmlCache Behavior [ RunTime:-7.171410s ]
INFO: Run ShowRuntime Behavior [ RunTime:-7.173410s ]
INFO: [ view_filter ] --END-- [ RunTime:0.020001s ]
INFO: [ view_end ] --START--
INFO: Run ShowPageTrace Behavior [ RunTime:-7.188411s ]
INFO: [ view_end ] --END-- [ RunTime:0.002000s ]

[ 2017-09-14T18:30:14+08:00 ] 0.0.0.0 /Rose/index.php?g=Wap&m=Rose2Alllist&a=weixin_list&openid=odOIPv4WtdWt9ebczeYuYByhYr_0
INFO: [ app_begin ] --START--
INFO: Run ReadHtmlCache Behavior [ RunTime:0.001000s ]
INFO: [ app_begin ] --END-- [ RunTime:0.001000s ]
NOTIC: [8] A session had already been started - ignoring session_start() D:\phpStudy\WWW\Rose\Lib\Action\Wap\Rose2BaseAction.class.php 第 2 行.
SQL: SHOW COLUMNS FROM `sys_user` [ RunTime:0.012001s ]
SQL: SELECT * FROM `sys_user` WHERE ( `del_flag` = 0 ) AND ( `openid` = 'odOIPv4WtdWt9ebczeYuYByhYr_0' ) LIMIT 1   [ RunTime:0.000000s ]
NOTIC: [8] Trying to get property of non-object D:\phpStudy\WWW\Rose\Core\Extend\Vendor\weixin\jssdk.php 第 75 行.
NOTIC: [8] Trying to get property of non-object D:\phpStudy\WWW\Rose\Core\Extend\Vendor\weixin\jssdk.php 第 53 行.
SQL: SHOW COLUMNS FROM `weixin_userinfo` [ RunTime:0.014000s ]
SQL: SELECT * FROM `weixin_userinfo` WHERE ( `del_flag` = 0 ) AND ( `from_username` = 'odOIPv4WtdWt9ebczeYuYByhYr_0' ) LIMIT 1   [ RunTime:0.004001s ]
SQL: SHOW COLUMNS FROM `device_consume_rec` [ RunTime:0.015001s ]
SQL: SELECT dcr.type,sum(dcr.consume_account) as consume_account,dcr.consume_status,dcr.create_date FROM device_consume_rec dcr left join device_info di on di.id=dcr.di_id WHERE ( dcr.del_flag = 0 ) AND ( di.del_flag = 0 ) AND ( dcr.command_status = 2 ) AND ( dcr.type IN ('1','3','5','9','11','13','15') ) AND ( dcr.transfer_status = 0 ) AND ( dcr.create_by = '2017030716_447B2A753E1709D698E21C32DECDBA77' ) GROUP BY dcr.create_date ORDER BY dcr.create_date desc LIMIT 20   [ RunTime:0.406023s ]
INFO: [ view_template ] --START--
INFO: Run LocationTemplate Behavior [ RunTime:-1.687097s ]
INFO: [ view_template ] --END-- [ RunTime:0.023001s ]
INFO: [ view_parse ] --START--
NOTIC: [8] Undefined index: command_status D:\phpStudy\WWW\Rose\logs\Cache\Wap\c24d7381acf3f63667c2a0781a50cc3e.php 第 38 行.
NOTIC: [8] Undefined index: command_status D:\phpStudy\WWW\Rose\logs\Cache\Wap\c24d7381acf3f63667c2a0781a50cc3e.php 第 39 行.
NOTIC: [8] Undefined index: command_status D:\phpStudy\WWW\Rose\logs\Cache\Wap\c24d7381acf3f63667c2a0781a50cc3e.php 第 40 行.
NOTIC: [8] Undefined index: command_status D:\phpStudy\WWW\Rose\logs\Cache\Wap\c24d7381acf3f63667c2a0781a50cc3e.php 第 38 行.
NOTIC: [8] Undefined index: command_status D:\phpStudy\WWW\Rose\logs\Cache\Wap\c24d7381acf3f63667c2a0781a50cc3e.php 第 39 行.
NOTIC: [8] Undefined index: command_status D:\phpStudy\WWW\Rose\logs\Cache\Wap\c24d7381acf3f63667c2a0781a50cc3e.php 第 40 行.
NOTIC: [8] Undefined index: command_status D:\phpStudy\WWW\Rose\logs\Cache\Wap\c24d7381acf3f63667c2a0781a50cc3e.php 第 38 行.
NOTIC: [8] Undefined index: command_status D:\phpStudy\WWW\Rose\logs\Cache\Wap\c24d7381acf3f63667c2a0781a50cc3e.php 第 39 行.
NOTIC: [8] Undefined index: command_status D:\phpStudy\WWW\Rose\logs\Cache\Wap\c24d7381acf3f63667c2a0781a50cc3e.php 第 40 行.
NOTIC: [8] Undefined index: command_status D:\phpStudy\WWW\Rose\logs\Cache\Wap\c24d7381acf3f63667c2a0781a50cc3e.php 第 38 行.
NOTIC: [8] Undefined index: command_status D:\phpStudy\WWW\Rose\logs\Cache\Wap\c24d7381acf3f63667c2a0781a50cc3e.php 第 39 行.
NOTIC: [8] Undefined index: command_status D:\phpStudy\WWW\Rose\logs\Cache\Wap\c24d7381acf3f63667c2a0781a50cc3e.php 第 40 行.
NOTIC: [8] Undefined index: command_status D:\phpStudy\WWW\Rose\logs\Cache\Wap\c24d7381acf3f63667c2a0781a50cc3e.php 第 38 行.
NOTIC: [8] Undefined index: command_status D:\phpStudy\WWW\Rose\logs\Cache\Wap\c24d7381acf3f63667c2a0781a50cc3e.php 第 39 行.
NOTIC: [8] Undefined index: command_status D:\phpStudy\WWW\Rose\logs\Cache\Wap\c24d7381acf3f63667c2a0781a50cc3e.php 第 40 行.
NOTIC: [8] Undefined index: command_status D:\phpStudy\WWW\Rose\logs\Cache\Wap\c24d7381acf3f63667c2a0781a50cc3e.php 第 38 行.
NOTIC: [8] Undefined index: command_status D:\phpStudy\WWW\Rose\logs\Cache\Wap\c24d7381acf3f63667c2a0781a50cc3e.php 第 39 行.
NOTIC: [8] Undefined index: command_status D:\phpStudy\WWW\Rose\logs\Cache\Wap\c24d7381acf3f63667c2a0781a50cc3e.php 第 40 行.
NOTIC: [8] Undefined index: command_status D:\phpStudy\WWW\Rose\logs\Cache\Wap\c24d7381acf3f63667c2a0781a50cc3e.php 第 38 行.
NOTIC: [8] Undefined index: command_status D:\phpStudy\WWW\Rose\logs\Cache\Wap\c24d7381acf3f63667c2a0781a50cc3e.php 第 39 行.
NOTIC: [8] Undefined index: command_status D:\phpStudy\WWW\Rose\logs\Cache\Wap\c24d7381acf3f63667c2a0781a50cc3e.php 第 40 行.
NOTIC: [8] Undefined index: command_status D:\phpStudy\WWW\Rose\logs\Cache\Wap\c24d7381acf3f63667c2a0781a50cc3e.php 第 38 行.
NOTIC: [8] Undefined index: command_status D:\phpStudy\WWW\Rose\logs\Cache\Wap\c24d7381acf3f63667c2a0781a50cc3e.php 第 39 行.
NOTIC: [8] Undefined index: command_status D:\phpStudy\WWW\Rose\logs\Cache\Wap\c24d7381acf3f63667c2a0781a50cc3e.php 第 40 行.
NOTIC: [8] Undefined index: command_status D:\phpStudy\WWW\Rose\logs\Cache\Wap\c24d7381acf3f63667c2a0781a50cc3e.php 第 38 行.
NOTIC: [8] Undefined index: command_status D:\phpStudy\WWW\Rose\logs\Cache\Wap\c24d7381acf3f63667c2a0781a50cc3e.php 第 39 行.
NOTIC: [8] Undefined index: command_status D:\phpStudy\WWW\Rose\logs\Cache\Wap\c24d7381acf3f63667c2a0781a50cc3e.php 第 40 行.
NOTIC: [8] Undefined index: command_status D:\phpStudy\WWW\Rose\logs\Cache\Wap\c24d7381acf3f63667c2a0781a50cc3e.php 第 38 行.
NOTIC: [8] Undefined index: command_status D:\phpStudy\WWW\Rose\logs\Cache\Wap\c24d7381acf3f63667c2a0781a50cc3e.php 第 39 行.
NOTIC: [8] Undefined index: command_status D:\phpStudy\WWW\Rose\logs\Cache\Wap\c24d7381acf3f63667c2a0781a50cc3e.php 第 40 行.
NOTIC: [8] Undefined index: command_status D:\phpStudy\WWW\Rose\logs\Cache\Wap\c24d7381acf3f63667c2a0781a50cc3e.php 第 38 行.
NOTIC: [8] Undefined index: command_status D:\phpStudy\WWW\Rose\logs\Cache\Wap\c24d7381acf3f63667c2a0781a50cc3e.php 第 39 行.
NOTIC: [8] Undefined index: command_status D:\phpStudy\WWW\Rose\logs\Cache\Wap\c24d7381acf3f63667c2a0781a50cc3e.php 第 40 行.
NOTIC: [8] Undefined index: command_status D:\phpStudy\WWW\Rose\logs\Cache\Wap\c24d7381acf3f63667c2a0781a50cc3e.php 第 38 行.
NOTIC: [8] Undefined index: command_status D:\phpStudy\WWW\Rose\logs\Cache\Wap\c24d7381acf3f63667c2a0781a50cc3e.php 第 39 行.
NOTIC: [8] Undefined index: command_status D:\phpStudy\WWW\Rose\logs\Cache\Wap\c24d7381acf3f63667c2a0781a50cc3e.php 第 40 行.
NOTIC: [8] Undefined index: command_status D:\phpStudy\WWW\Rose\logs\Cache\Wap\c24d7381acf3f63667c2a0781a50cc3e.php 第 38 行.
NOTIC: [8] Undefined index: command_status D:\phpStudy\WWW\Rose\logs\Cache\Wap\c24d7381acf3f63667c2a0781a50cc3e.php 第 39 行.
NOTIC: [8] Undefined index: command_status D:\phpStudy\WWW\Rose\logs\Cache\Wap\c24d7381acf3f63667c2a0781a50cc3e.php 第 40 行.
NOTIC: [8] Undefined index: command_status D:\phpStudy\WWW\Rose\logs\Cache\Wap\c24d7381acf3f63667c2a0781a50cc3e.php 第 38 行.
NOTIC: [8] Undefined index: command_status D:\phpStudy\WWW\Rose\logs\Cache\Wap\c24d7381acf3f63667c2a0781a50cc3e.php 第 39 行.
NOTIC: [8] Undefined index: command_status D:\phpStudy\WWW\Rose\logs\Cache\Wap\c24d7381acf3f63667c2a0781a50cc3e.php 第 40 行.
NOTIC: [8] Undefined index: command_status D:\phpStudy\WWW\Rose\logs\Cache\Wap\c24d7381acf3f63667c2a0781a50cc3e.php 第 38 行.
NOTIC: [8] Undefined index: command_status D:\phpStudy\WWW\Rose\logs\Cache\Wap\c24d7381acf3f63667c2a0781a50cc3e.php 第 39 行.
NOTIC: [8] Undefined index: command_status D:\phpStudy\WWW\Rose\logs\Cache\Wap\c24d7381acf3f63667c2a0781a50cc3e.php 第 40 行.
NOTIC: [8] Undefined index: command_status D:\phpStudy\WWW\Rose\logs\Cache\Wap\c24d7381acf3f63667c2a0781a50cc3e.php 第 38 行.
NOTIC: [8] Undefined index: command_status D:\phpStudy\WWW\Rose\logs\Cache\Wap\c24d7381acf3f63667c2a0781a50cc3e.php 第 39 行.
NOTIC: [8] Undefined index: command_status D:\phpStudy\WWW\Rose\logs\Cache\Wap\c24d7381acf3f63667c2a0781a50cc3e.php 第 40 行.
NOTIC: [8] Undefined index: command_status D:\phpStudy\WWW\Rose\logs\Cache\Wap\c24d7381acf3f63667c2a0781a50cc3e.php 第 38 行.
NOTIC: [8] Undefined index: command_status D:\phpStudy\WWW\Rose\logs\Cache\Wap\c24d7381acf3f63667c2a0781a50cc3e.php 第 39 行.
NOTIC: [8] Undefined index: command_status D:\phpStudy\WWW\Rose\logs\Cache\Wap\c24d7381acf3f63667c2a0781a50cc3e.php 第 40 行.
NOTIC: [8] Undefined index: command_status D:\phpStudy\WWW\Rose\logs\Cache\Wap\c24d7381acf3f63667c2a0781a50cc3e.php 第 38 行.
NOTIC: [8] Undefined index: command_status D:\phpStudy\WWW\Rose\logs\Cache\Wap\c24d7381acf3f63667c2a0781a50cc3e.php 第 39 行.
NOTIC: [8] Undefined index: command_status D:\phpStudy\WWW\Rose\logs\Cache\Wap\c24d7381acf3f63667c2a0781a50cc3e.php 第 40 行.
NOTIC: [8] Undefined index: command_status D:\phpStudy\WWW\Rose\logs\Cache\Wap\c24d7381acf3f63667c2a0781a50cc3e.php 第 38 行.
NOTIC: [8] Undefined index: command_status D:\phpStudy\WWW\Rose\logs\Cache\Wap\c24d7381acf3f63667c2a0781a50cc3e.php 第 39 行.
NOTIC: [8] Undefined index: command_status D:\phpStudy\WWW\Rose\logs\Cache\Wap\c24d7381acf3f63667c2a0781a50cc3e.php 第 40 行.
NOTIC: [8] Undefined index: command_status D:\phpStudy\WWW\Rose\logs\Cache\Wap\c24d7381acf3f63667c2a0781a50cc3e.php 第 38 行.
NOTIC: [8] Undefined index: command_status D:\phpStudy\WWW\Rose\logs\Cache\Wap\c24d7381acf3f63667c2a0781a50cc3e.php 第 39 行.
NOTIC: [8] Undefined index: command_status D:\phpStudy\WWW\Rose\logs\Cache\Wap\c24d7381acf3f63667c2a0781a50cc3e.php 第 40 行.
INFO: Run ParseTemplate Behavior [ RunTime:-1.710098s ]
INFO: [ view_parse ] --END-- [ RunTime:0.039002s ]
INFO: [ view_filter ] --START--
INFO: Run ContentReplace Behavior [ RunTime:-1.749100s ]
INFO: Run TokenBuild Behavior [ RunTime:-1.750100s ]
INFO: Run WriteHtmlCache Behavior [ RunTime:-1.751100s ]
INFO: Run ShowRuntime Behavior [ RunTime:-1.752100s ]
INFO: [ view_filter ] --END-- [ RunTime:0.004001s ]
INFO: [ view_end ] --START--
INFO: Run ShowPageTrace Behavior [ RunTime:-1.754101s ]
INFO: [ view_end ] --END-- [ RunTime:0.001000s ]

[ 2017-09-14T18:30:42+08:00 ] 0.0.0.0 /Rose/index.php?g=Wap&m=VendingWeixin&a=index&openid=odOIPv4WtdWt9ebczeYuYByhYr_0&device_code=A352425021231090
INFO: [ app_begin ] --START--
INFO: Run ReadHtmlCache Behavior [ RunTime:0.003000s ]
INFO: [ app_begin ] --END-- [ RunTime:0.003000s ]
SQL: SHOW COLUMNS FROM `goods_weixin_alipay_pay_rec` [ RunTime:0.014001s ]
SQL: SELECT SUM(pay_account) AS tp_sum FROM `goods_weixin_alipay_pay_rec` WHERE ( `wechat_alipay_id` = 'odOIPv4WtdWt9ebczeYuYByhYr_0' ) AND ( `pay_status` = '1' ) AND ( `is_close` = '0' ) AND ( `del_flag` = '0' ) AND ( `type` = '1' ) LIMIT 1   [ RunTime:0.009001s ]
SQL: SHOW COLUMNS FROM `goods_consume_rec` [ RunTime:0.015000s ]
SQL: SELECT SUM(consume_account) AS tp_sum FROM `goods_consume_rec` WHERE ( `type` = '1' ) AND ( `wechat_alipay_id` = 'odOIPv4WtdWt9ebczeYuYByhYr_0' ) AND ( `command_status` IN ('1','2') ) AND ( `is_close` = '0' ) AND ( `del_flag` = '0' ) LIMIT 1   [ RunTime:0.005000s ]
SQL: SHOW COLUMNS FROM `goods_vending` [ RunTime:0.017001s ]
SQL: SELECT * FROM `goods_vending` WHERE ( `device_code` = 'A352425021231090' ) AND ( `del_flag` = '0' ) LIMIT 1   [ RunTime:0.001000s ]
INFO: [ view_template ] --START--
INFO: Run LocationTemplate Behavior [ RunTime:-3.252186s ]
INFO: [ view_template ] --END-- [ RunTime:0.001000s ]
INFO: [ view_parse ] --START--
NOTIC: [8] Undefined variable: shop D:\phpStudy\WWW\Rose\logs\Cache\Wap\7c5ef67b62d4b41eedec1c5622c0a2b5.php 第 64 行.
NOTIC: [8] Undefined variable: token D:\phpStudy\WWW\Rose\logs\Cache\Wap\7c5ef67b62d4b41eedec1c5622c0a2b5.php 第 93 行.
NOTIC: [8] Undefined variable: openid D:\phpStudy\WWW\Rose\logs\Cache\Wap\7c5ef67b62d4b41eedec1c5622c0a2b5.php 第 93 行.
NOTIC: [8] Undefined variable: token D:\phpStudy\WWW\Rose\logs\Cache\Wap\7c5ef67b62d4b41eedec1c5622c0a2b5.php 第 97 行.
NOTIC: [8] Undefined variable: openid D:\phpStudy\WWW\Rose\logs\Cache\Wap\7c5ef67b62d4b41eedec1c5622c0a2b5.php 第 97 行.
NOTIC: [8] Undefined variable: add D:\phpStudy\WWW\Rose\logs\Cache\Wap\7c5ef67b62d4b41eedec1c5622c0a2b5.php 第 98 行.
NOTIC: [8] Undefined variable: add D:\phpStudy\WWW\Rose\logs\Cache\Wap\7c5ef67b62d4b41eedec1c5622c0a2b5.php 第 99 行.
NOTIC: [8] Undefined variable: add D:\phpStudy\WWW\Rose\logs\Cache\Wap\7c5ef67b62d4b41eedec1c5622c0a2b5.php 第 100 行.
INFO: Run ParseTemplate Behavior [ RunTime:-3.253186s ]
INFO: [ view_parse ] --END-- [ RunTime:0.023002s ]
INFO: [ view_filter ] --START--
INFO: Run ContentReplace Behavior [ RunTime:-3.276188s ]
INFO: Run TokenBuild Behavior [ RunTime:-3.277188s ]
INFO: Run WriteHtmlCache Behavior [ RunTime:-3.278188s ]
INFO: Run ShowRuntime Behavior [ RunTime:-3.278188s ]
INFO: [ view_filter ] --END-- [ RunTime:0.003000s ]
INFO: [ view_end ] --START--
INFO: Run ShowPageTrace Behavior [ RunTime:-3.279188s ]
INFO: [ view_end ] --END-- [ RunTime:0.003000s ]

[ 2017-09-14T18:33:08+08:00 ] 0.0.0.0 /Rose/index.php?g=Wap&m=VendingWeixin&a=index&openid=odOIPv4WtdWt9ebczeYuYByhYr_0&device_code=A352425021231090
INFO: [ app_begin ] --START--
INFO: Run ReadHtmlCache Behavior [ RunTime:0.011001s ]
INFO: [ app_begin ] --END-- [ RunTime:0.011001s ]
SQL: SHOW COLUMNS FROM `goods_weixin_alipay_pay_rec` [ RunTime:0.013000s ]
SQL: SELECT SUM(pay_account) AS tp_sum FROM `goods_weixin_alipay_pay_rec` WHERE ( `wechat_alipay_id` = 'odOIPv4WtdWt9ebczeYuYByhYr_0' ) AND ( `pay_status` = '1' ) AND ( `is_close` = '0' ) AND ( `del_flag` = '0' ) AND ( `type` = '1' ) LIMIT 1   [ RunTime:0.001000s ]
SQL: SHOW COLUMNS FROM `goods_consume_rec` [ RunTime:0.010001s ]
SQL: SELECT SUM(consume_account) AS tp_sum FROM `goods_consume_rec` WHERE ( `type` = '1' ) AND ( `wechat_alipay_id` = 'odOIPv4WtdWt9ebczeYuYByhYr_0' ) AND ( `command_status` IN ('1','2') ) AND ( `is_close` = '0' ) AND ( `del_flag` = '0' ) LIMIT 1   [ RunTime:0.001000s ]
SQL: SHOW COLUMNS FROM `goods_vending` [ RunTime:0.012001s ]
SQL: SELECT * FROM `goods_vending` WHERE ( `device_code` = 'A352425021231090' ) AND ( `del_flag` = '0' ) LIMIT 1   [ RunTime:0.000000s ]
INFO: [ view_template ] --START--
INFO: Run LocationTemplate Behavior [ RunTime:-1.663095s ]
INFO: [ view_template ] --END-- [ RunTime:0.002000s ]
INFO: [ view_parse ] --START--
NOTIC: [8] Undefined variable: shop D:\phpStudy\WWW\Rose\logs\Cache\Wap\7c5ef67b62d4b41eedec1c5622c0a2b5.php 第 64 行.
NOTIC: [8] Undefined variable: token D:\phpStudy\WWW\Rose\logs\Cache\Wap\7c5ef67b62d4b41eedec1c5622c0a2b5.php 第 93 行.
NOTIC: [8] Undefined variable: openid D:\phpStudy\WWW\Rose\logs\Cache\Wap\7c5ef67b62d4b41eedec1c5622c0a2b5.php 第 93 行.
NOTIC: [8] Undefined variable: token D:\phpStudy\WWW\Rose\logs\Cache\Wap\7c5ef67b62d4b41eedec1c5622c0a2b5.php 第 97 行.
NOTIC: [8] Undefined variable: openid D:\phpStudy\WWW\Rose\logs\Cache\Wap\7c5ef67b62d4b41eedec1c5622c0a2b5.php 第 97 行.
NOTIC: [8] Undefined variable: add D:\phpStudy\WWW\Rose\logs\Cache\Wap\7c5ef67b62d4b41eedec1c5622c0a2b5.php 第 98 行.
NOTIC: [8] Undefined variable: add D:\phpStudy\WWW\Rose\logs\Cache\Wap\7c5ef67b62d4b41eedec1c5622c0a2b5.php 第 99 行.
NOTIC: [8] Undefined variable: add D:\phpStudy\WWW\Rose\logs\Cache\Wap\7c5ef67b62d4b41eedec1c5622c0a2b5.php 第 100 行.
INFO: Run ParseTemplate Behavior [ RunTime:-1.665095s ]
INFO: [ view_parse ] --END-- [ RunTime:0.013001s ]
INFO: [ view_filter ] --START--
INFO: Run ContentReplace Behavior [ RunTime:-1.678096s ]
INFO: Run TokenBuild Behavior [ RunTime:-1.679096s ]
INFO: Run WriteHtmlCache Behavior [ RunTime:-1.679096s ]
INFO: Run ShowRuntime Behavior [ RunTime:-1.680096s ]
INFO: [ view_filter ] --END-- [ RunTime:0.003000s ]
INFO: [ view_end ] --START--
INFO: Run ShowPageTrace Behavior [ RunTime:-1.681096s ]
INFO: [ view_end ] --END-- [ RunTime:0.000000s ]

[ 2017-09-14T18:42:02+08:00 ] ERR: (ThinkException) Unknown column 'hs' in 'field list'
 [ SQL语句 ] : SELECT gh.number,`hs`,`id`,gh.shop_number,gh.shop_price,gh.toubi_price,gh.status,gs.name,gs.image FROM goods_huodao gh left join goods_shop gs on gh.shop_id=gs.id WHERE ( gh.shipment_id = '2017091316_B93FDE7CBB8F76AA025D5D94E90F6538' ) ORDER BY gs.ords desc 
[ 2017-09-14T18:42:20+08:00 ] ERR: (ThinkException) Unknown column 'gs' in 'field list'
 [ SQL语句 ] : SELECT gh.number,`gs`,`id`,gh.shop_number,gh.shop_price,gh.toubi_price,gh.status,gs.name,gs.image FROM goods_huodao gh left join goods_shop gs on gh.shop_id=gs.id WHERE ( gh.shipment_id = '2017091316_B93FDE7CBB8F76AA025D5D94E90F6538' ) ORDER BY gs.ords desc 
[ 2017-09-14T18:43:30+08:00 ] ERR: (ThinkException) Unknown column 'gs' in 'field list'
 [ SQL语句 ] : SELECT gh.number,`gs`,`id`,gh.shop_number,gh.shop_price,gh.toubi_price,gh.status,gs.name,gs.image FROM goods_huodao gh LEFT JOIN goods_shop gs on gh.shop_id=gs.id WHERE ( gh.shipment_id = '2017091316_B93FDE7CBB8F76AA025D5D94E90F6538' ) ORDER BY gs.ords desc 
[ 2017-09-14T18:45:26+08:00 ] 0.0.0.0 /Rose/index.php?g=Wap&m=VendingWeixin&a=index&openid=odOIPv4WtdWt9ebczeYuYByhYr_0&device_code=A352425021231090
INFO: [ app_begin ] --START--
INFO: Run ReadHtmlCache Behavior [ RunTime:0.000000s ]
INFO: [ app_begin ] --END-- [ RunTime:0.000000s ]
SQL: SHOW COLUMNS FROM `goods_weixin_alipay_pay_rec` [ RunTime:0.015001s ]
SQL: SELECT SUM(pay_account) AS tp_sum FROM `goods_weixin_alipay_pay_rec` WHERE ( `wechat_alipay_id` = 'odOIPv4WtdWt9ebczeYuYByhYr_0' ) AND ( `pay_status` = '1' ) AND ( `is_close` = '0' ) AND ( `del_flag` = '0' ) AND ( `type` = '1' ) LIMIT 1   [ RunTime:0.000000s ]
SQL: SHOW COLUMNS FROM `goods_consume_rec` [ RunTime:0.016001s ]
SQL: SELECT SUM(consume_account) AS tp_sum FROM `goods_consume_rec` WHERE ( `type` = '1' ) AND ( `wechat_alipay_id` = 'odOIPv4WtdWt9ebczeYuYByhYr_0' ) AND ( `command_status` IN ('1','2') ) AND ( `is_close` = '0' ) AND ( `del_flag` = '0' ) LIMIT 1   [ RunTime:0.001000s ]
SQL: SHOW COLUMNS FROM `goods_vending` [ RunTime:0.025001s ]
SQL: SELECT * FROM `goods_vending` WHERE ( `device_code` = 'A352425021231090' ) AND ( `del_flag` = '0' ) LIMIT 1   [ RunTime:0.001000s ]
SQL: SHOW COLUMNS FROM `goods_huodao` [ RunTime:0.018002s ]
SQL: SELECT gh.number,gs.id,gh.shop_number,gh.shop_price,gh.toubi_price,gh.status,gs.name,gs.image FROM goods_huodao gh LEFT JOIN goods_shop gs on gh.shop_id=gs.id WHERE ( gh.shipment_id = '2017091316_B93FDE7CBB8F76AA025D5D94E90F6538' ) ORDER BY gs.ords desc  [ RunTime:0.003000s ]
NOTIC: [8] Undefined variable: shop D:\phpStudy\WWW\Rose\Lib\Action\Wap\VendingWeixinAction.class.php 第 47 行.
INFO: [ view_template ] --START--
INFO: Run LocationTemplate Behavior [ RunTime:-1.611092s ]
INFO: [ view_template ] --END-- [ RunTime:0.002000s ]
INFO: [ view_parse ] --START--
NOTIC: [8] Undefined variable: token D:\phpStudy\WWW\Rose\logs\Cache\Wap\7c5ef67b62d4b41eedec1c5622c0a2b5.php 第 91 行.
NOTIC: [8] Undefined variable: openid D:\phpStudy\WWW\Rose\logs\Cache\Wap\7c5ef67b62d4b41eedec1c5622c0a2b5.php 第 91 行.
NOTIC: [8] Undefined variable: token D:\phpStudy\WWW\Rose\logs\Cache\Wap\7c5ef67b62d4b41eedec1c5622c0a2b5.php 第 95 行.
NOTIC: [8] Undefined variable: openid D:\phpStudy\WWW\Rose\logs\Cache\Wap\7c5ef67b62d4b41eedec1c5622c0a2b5.php 第 95 行.
NOTIC: [8] Undefined variable: add D:\phpStudy\WWW\Rose\logs\Cache\Wap\7c5ef67b62d4b41eedec1c5622c0a2b5.php 第 96 行.
NOTIC: [8] Undefined variable: add D:\phpStudy\WWW\Rose\logs\Cache\Wap\7c5ef67b62d4b41eedec1c5622c0a2b5.php 第 97 行.
NOTIC: [8] Undefined variable: add D:\phpStudy\WWW\Rose\logs\Cache\Wap\7c5ef67b62d4b41eedec1c5622c0a2b5.php 第 98 行.
INFO: Run ParseTemplate Behavior [ RunTime:-1.613092s ]
INFO: [ view_parse ] --END-- [ RunTime:0.020001s ]
INFO: [ view_filter ] --START--
INFO: Run ContentReplace Behavior [ RunTime:-1.633093s ]
INFO: Run TokenBuild Behavior [ RunTime:-1.641093s ]
INFO: Run WriteHtmlCache Behavior [ RunTime:-1.644094s ]
INFO: Run ShowRuntime Behavior [ RunTime:-1.650094s ]
INFO: [ view_filter ] --END-- [ RunTime:0.023001s ]
INFO: [ view_end ] --START--
INFO: Run ShowPageTrace Behavior [ RunTime:-1.656094s ]
INFO: [ view_end ] --END-- [ RunTime:0.001000s ]

[ 2017-09-14T18:47:30+08:00 ] 0.0.0.0 /Rose/index.php?g=Wap&m=VendingWeixin&a=index&openid=odOIPv4WtdWt9ebczeYuYByhYr_0&device_code=A352425021231090
INFO: [ app_begin ] --START--
INFO: Run ReadHtmlCache Behavior [ RunTime:0.002000s ]
INFO: [ app_begin ] --END-- [ RunTime:0.002000s ]
SQL: SHOW COLUMNS FROM `goods_weixin_alipay_pay_rec` [ RunTime:0.011000s ]
SQL: SELECT SUM(pay_account) AS tp_sum FROM `goods_weixin_alipay_pay_rec` WHERE ( `wechat_alipay_id` = 'odOIPv4WtdWt9ebczeYuYByhYr_0' ) AND ( `pay_status` = '1' ) AND ( `is_close` = '0' ) AND ( `del_flag` = '0' ) AND ( `type` = '1' ) LIMIT 1   [ RunTime:0.001001s ]
SQL: SHOW COLUMNS FROM `goods_consume_rec` [ RunTime:0.012000s ]
SQL: SELECT SUM(consume_account) AS tp_sum FROM `goods_consume_rec` WHERE ( `type` = '1' ) AND ( `wechat_alipay_id` = 'odOIPv4WtdWt9ebczeYuYByhYr_0' ) AND ( `command_status` IN ('1','2') ) AND ( `is_close` = '0' ) AND ( `del_flag` = '0' ) LIMIT 1   [ RunTime:0.000000s ]
SQL: SHOW COLUMNS FROM `goods_vending` [ RunTime:0.031002s ]
SQL: SELECT * FROM `goods_vending` WHERE ( `device_code` = 'A352425021231090' ) AND ( `del_flag` = '0' ) LIMIT 1   [ RunTime:0.001000s ]
SQL: SHOW COLUMNS FROM `goods_huodao` [ RunTime:0.012001s ]
SQL: SELECT gh.number,gs.id,gh.shop_number,gh.shop_price,gh.toubi_price,gh.status,gs.name,gs.image FROM goods_huodao gh LEFT JOIN goods_shop gs on gh.shop_id=gs.id WHERE ( gh.shipment_id = '2017091316_B93FDE7CBB8F76AA025D5D94E90F6538' ) ORDER BY gs.ords desc  [ RunTime:0.002000s ]
INFO: [ view_template ] --START--
INFO: Run LocationTemplate Behavior [ RunTime:-1.688097s ]
INFO: [ view_template ] --END-- [ RunTime:0.002000s ]
INFO: [ view_parse ] --START--
NOTIC: [8] Undefined variable: token D:\phpStudy\WWW\Rose\logs\Cache\Wap\7c5ef67b62d4b41eedec1c5622c0a2b5.php 第 89 行.
NOTIC: [8] Undefined variable: openid D:\phpStudy\WWW\Rose\logs\Cache\Wap\7c5ef67b62d4b41eedec1c5622c0a2b5.php 第 89 行.
NOTIC: [8] Undefined variable: token D:\phpStudy\WWW\Rose\logs\Cache\Wap\7c5ef67b62d4b41eedec1c5622c0a2b5.php 第 93 行.
NOTIC: [8] Undefined variable: openid D:\phpStudy\WWW\Rose\logs\Cache\Wap\7c5ef67b62d4b41eedec1c5622c0a2b5.php 第 93 行.
NOTIC: [8] Undefined variable: add D:\phpStudy\WWW\Rose\logs\Cache\Wap\7c5ef67b62d4b41eedec1c5622c0a2b5.php 第 94 行.
NOTIC: [8] Undefined variable: add D:\phpStudy\WWW\Rose\logs\Cache\Wap\7c5ef67b62d4b41eedec1c5622c0a2b5.php 第 95 行.
NOTIC: [8] Undefined variable: add D:\phpStudy\WWW\Rose\logs\Cache\Wap\7c5ef67b62d4b41eedec1c5622c0a2b5.php 第 96 行.
INFO: Run ParseTemplate Behavior [ RunTime:-1.690097s ]
INFO: [ view_parse ] --END-- [ RunTime:0.016001s ]
INFO: [ view_filter ] --START--
INFO: Run ContentReplace Behavior [ RunTime:-1.706098s ]
INFO: Run TokenBuild Behavior [ RunTime:-1.707098s ]
INFO: Run WriteHtmlCache Behavior [ RunTime:-1.708098s ]
INFO: Run ShowRuntime Behavior [ RunTime:-1.710098s ]
INFO: [ view_filter ] --END-- [ RunTime:0.005000s ]
INFO: [ view_end ] --START--
INFO: Run ShowPageTrace Behavior [ RunTime:-1.712098s ]
INFO: [ view_end ] --END-- [ RunTime:0.001000s ]

[ 2017-09-14T18:47:35+08:00 ] 0.0.0.0 /Rose/index.php?g=Wap&m=VendingWeixin&a=index&openid=odOIPv4WtdWt9ebczeYuYByhYr_0&device_code=A352425021231090
INFO: [ app_begin ] --START--
INFO: Run ReadHtmlCache Behavior [ RunTime:0.001000s ]
INFO: [ app_begin ] --END-- [ RunTime:0.001000s ]
SQL: SHOW COLUMNS FROM `goods_weixin_alipay_pay_rec` [ RunTime:0.011001s ]
SQL: SELECT SUM(pay_account) AS tp_sum FROM `goods_weixin_alipay_pay_rec` WHERE ( `wechat_alipay_id` = 'odOIPv4WtdWt9ebczeYuYByhYr_0' ) AND ( `pay_status` = '1' ) AND ( `is_close` = '0' ) AND ( `del_flag` = '0' ) AND ( `type` = '1' ) LIMIT 1   [ RunTime:0.001000s ]
SQL: SHOW COLUMNS FROM `goods_consume_rec` [ RunTime:0.010001s ]
SQL: SELECT SUM(consume_account) AS tp_sum FROM `goods_consume_rec` WHERE ( `type` = '1' ) AND ( `wechat_alipay_id` = 'odOIPv4WtdWt9ebczeYuYByhYr_0' ) AND ( `command_status` IN ('1','2') ) AND ( `is_close` = '0' ) AND ( `del_flag` = '0' ) LIMIT 1   [ RunTime:0.001000s ]
SQL: SHOW COLUMNS FROM `goods_vending` [ RunTime:0.012001s ]
SQL: SELECT * FROM `goods_vending` WHERE ( `device_code` = 'A352425021231090' ) AND ( `del_flag` = '0' ) LIMIT 1   [ RunTime:0.000000s ]
SQL: SHOW COLUMNS FROM `goods_huodao` [ RunTime:0.011000s ]
SQL: SELECT gh.number,gs.id,gh.shop_number,gh.shop_price,gh.toubi_price,gh.status,gs.name,gs.image FROM goods_huodao gh LEFT JOIN goods_shop gs on gh.shop_id=gs.id WHERE ( gh.shipment_id = '2017091316_B93FDE7CBB8F76AA025D5D94E90F6538' ) ORDER BY gs.ords desc  [ RunTime:0.001000s ]
INFO: [ view_template ] --START--
INFO: Run LocationTemplate Behavior [ RunTime:-1.653094s ]
INFO: [ view_template ] --END-- [ RunTime:0.002000s ]
INFO: [ view_parse ] --START--
NOTIC: [8] Undefined variable: token D:\phpStudy\WWW\Rose\logs\Cache\Wap\7c5ef67b62d4b41eedec1c5622c0a2b5.php 第 89 行.
NOTIC: [8] Undefined variable: openid D:\phpStudy\WWW\Rose\logs\Cache\Wap\7c5ef67b62d4b41eedec1c5622c0a2b5.php 第 89 行.
NOTIC: [8] Undefined variable: token D:\phpStudy\WWW\Rose\logs\Cache\Wap\7c5ef67b62d4b41eedec1c5622c0a2b5.php 第 93 行.
NOTIC: [8] Undefined variable: openid D:\phpStudy\WWW\Rose\logs\Cache\Wap\7c5ef67b62d4b41eedec1c5622c0a2b5.php 第 93 行.
NOTIC: [8] Undefined variable: add D:\phpStudy\WWW\Rose\logs\Cache\Wap\7c5ef67b62d4b41eedec1c5622c0a2b5.php 第 94 行.
NOTIC: [8] Undefined variable: add D:\phpStudy\WWW\Rose\logs\Cache\Wap\7c5ef67b62d4b41eedec1c5622c0a2b5.php 第 95 行.
NOTIC: [8] Undefined variable: add D:\phpStudy\WWW\Rose\logs\Cache\Wap\7c5ef67b62d4b41eedec1c5622c0a2b5.php 第 96 行.
INFO: Run ParseTemplate Behavior [ RunTime:-1.655094s ]
INFO: [ view_parse ] --END-- [ RunTime:0.012001s ]
INFO: [ view_filter ] --START--
INFO: Run ContentReplace Behavior [ RunTime:-1.667095s ]
INFO: Run TokenBuild Behavior [ RunTime:-1.668095s ]
INFO: Run WriteHtmlCache Behavior [ RunTime:-1.669095s ]
INFO: Run ShowRuntime Behavior [ RunTime:-1.671095s ]
INFO: [ view_filter ] --END-- [ RunTime:0.004000s ]
INFO: [ view_end ] --START--
INFO: Run ShowPageTrace Behavior [ RunTime:-1.672095s ]
INFO: [ view_end ] --END-- [ RunTime:0.001000s ]

