[ 2017-08-10T14:10:51+08:00 ] 0.0.0.0 /Rose/index.php?g=Wap&m=Rose2Personal&a=presonal_new&openid=odOIPv5RJwDqO94UaCbpKQvdjhLE
INFO: [ app_begin ] --START--
INFO: Run ReadHtmlCache Behavior [ RunTime:0.229013s ]
INFO: [ app_begin ] --END-- [ RunTime:0.384022s ]
NOTIC: [8] A session had already been started - ignoring session_start() D:\phpStudy\WWW\Rose\Lib\Action\Wap\Rose2BaseAction.class.php 第 2 行.
SQL: SHOW COLUMNS FROM `sys_user` [ RunTime:1.299074s ]
SQL: SELECT * FROM `sys_user` WHERE ( `del_flag` = 0 ) AND ( `openid` = 'odOIPv5RJwDqO94UaCbpKQvdjhLE' ) LIMIT 1   [ RunTime:0.062003s ]
NOTIC: [8] Trying to get property of non-object D:\phpStudy\WWW\Rose\Core\Extend\Vendor\weixin\jssdk.php 第 75 行.
NOTIC: [8] Trying to get property of non-object D:\phpStudy\WWW\Rose\Core\Extend\Vendor\weixin\jssdk.php 第 53 行.
SQL: SHOW COLUMNS FROM `weixin_userinfo` [ RunTime:1.368078s ]
SQL: SELECT * FROM `weixin_userinfo` WHERE ( `del_flag` = 0 ) AND ( `from_username` = 'odOIPv5RJwDqO94UaCbpKQvdjhLE' ) LIMIT 1   [ RunTime:0.089005s ]
SQL: SELECT * FROM `sys_user` WHERE ( `del_flag` = 0 ) AND ( `openid` = 'odOIPv5RJwDqO94UaCbpKQvdjhLE' ) LIMIT 1   [ RunTime:0.001000s ]
SQL: SHOW COLUMNS FROM `sys_office` [ RunTime:0.800046s ]
SQL: SELECT `name` FROM `sys_office` WHERE ( `del_flag` = 0 ) AND ( `id` = 'a721bdccfcb44571a48df2065950d05d' ) LIMIT 1   [ RunTime:0.089005s ]
SQL: SHOW COLUMNS FROM `device_consume_rec` [ RunTime:1.440082s ]
SQL: SELECT SUM(consume_account) AS tp_sum FROM `device_consume_rec` WHERE ( `create_date` >= '2017-08-10 00:00:00' ) AND ( `command_status` = 2 ) AND ( `consume_status` = 1 ) AND ( `del_flag` = 0 ) AND ( `transfer_status` = 0 ) AND ( `create_by` = '0aff0d6c1d9f4a8694b041b338431927' ) LIMIT 1   [ RunTime:7.311418s ]
NOTIC: [2] trim() expects parameter 1 to be string, array given D:\phpStudy\WWW\Rose\Core\Lib\Core\Db.class.php 第 459 行.
SQL: SELECT SUM(consume_account) AS tp_sum FROM `device_consume_rec` WHERE ( (`create_date` >= '2017-08')  ) AND ( `command_status` = 2 ) AND ( `consume_status` = 1 ) AND ( `del_flag` = 0 ) AND ( `transfer_status` = 0 ) AND ( `create_by` = '0aff0d6c1d9f4a8694b041b338431927' ) LIMIT 1   [ RunTime:0.106006s ]
SQL: SELECT SUM(totals-consume) AS tp_sum FROM `sys_user` WHERE ( `del_flag` = 0 ) AND ( `openid` = 'odOIPv5RJwDqO94UaCbpKQvdjhLE' ) LIMIT 1   [ RunTime:0.000000s ]
SQL: SELECT sum(consume_account) as count,`deivce_command` FROM `device_consume_rec` WHERE ( `command_status` = 2 ) AND ( `consume_status` = 1 ) AND ( `del_flag` = 0 ) AND ( `transfer_status` = 0 ) AND ( `create_by` = '0aff0d6c1d9f4a8694b041b338431927' ) GROUP BY deivce_command ORDER BY count desc LIMIT 1   [ RunTime:0.149009s ]
SQL: SHOW COLUMNS FROM `device_info` [ RunTime:0.864049s ]
SQL: SELECT `scan_code` FROM `device_info` WHERE ( `del_flag` = 0 ) AND ( `device_command` = '4051958' ) AND ( `owner_id` = '0aff0d6c1d9f4a8694b041b338431927' ) LIMIT 1   [ RunTime:0.377022s ]
SQL: SELECT sum(1) as count,drg.online_status FROM device_info di LEFT JOIN device_relation_group drg ON drg.di_id = di.id WHERE ( di.del_flag = 0 ) AND ( drg.del_flag = 0 ) AND ( di.owner_id = '0aff0d6c1d9f4a8694b041b338431927' ) GROUP BY drg.online_status ORDER BY drg.online_status asc  [ RunTime:0.958054s ]
SQL: SHOW COLUMNS FROM `userefund` [ RunTime:0.157009s ]
SQL: SELECT COUNT(*) AS tp_count FROM `userefund` WHERE ( `owner_id` = '0aff0d6c1d9f4a8694b041b338431927' ) LIMIT 1   [ RunTime:0.001000s ]
INFO: [ view_template ] --START--
INFO: Run LocationTemplate Behavior [ RunTime:-19.401109s ]
INFO: [ view_template ] --END-- [ RunTime:0.081005s ]
INFO: [ view_parse ] --START--
INFO: Run ParseTemplate Behavior [ RunTime:-19.482114s ]
INFO: [ view_parse ] --END-- [ RunTime:0.470027s ]
INFO: [ view_filter ] --START--
INFO: Run ContentReplace Behavior [ RunTime:-19.952141s ]
INFO: Run TokenBuild Behavior [ RunTime:-20.020145s ]
INFO: Run WriteHtmlCache Behavior [ RunTime:-20.114150s ]
INFO: Run ShowRuntime Behavior [ RunTime:-20.139152s ]
INFO: [ view_filter ] --END-- [ RunTime:0.226013s ]
INFO: [ view_end ] --START--
INFO: Run ShowPageTrace Behavior [ RunTime:-20.181154s ]
INFO: [ view_end ] --END-- [ RunTime:0.029002s ]

[ 2017-08-10T14:52:42+08:00 ] 0.0.0.0 /Rose/index.php?g=Wap&m=Rose2Personal&a=order&openid=odOIPv5RJwDqO94UaCbpKQvdjhLE
INFO: [ app_begin ] --START--
INFO: Run ReadHtmlCache Behavior [ RunTime:0.001000s ]
INFO: [ app_begin ] --END-- [ RunTime:0.001000s ]
NOTIC: [8] A session had already been started - ignoring session_start() D:\phpStudy\WWW\Rose\Lib\Action\Wap\Rose2BaseAction.class.php 第 2 行.
SQL: SHOW COLUMNS FROM `sys_user` [ RunTime:0.278016s ]
SQL: SELECT * FROM `sys_user` WHERE ( `del_flag` = 0 ) AND ( `openid` = 'odOIPv5RJwDqO94UaCbpKQvdjhLE' ) LIMIT 1   [ RunTime:0.044003s ]
NOTIC: [8] Trying to get property of non-object D:\phpStudy\WWW\Rose\Core\Extend\Vendor\weixin\jssdk.php 第 75 行.
NOTIC: [8] Trying to get property of non-object D:\phpStudy\WWW\Rose\Core\Extend\Vendor\weixin\jssdk.php 第 53 行.
SQL: SHOW COLUMNS FROM `weixin_userinfo` [ RunTime:0.034002s ]
SQL: SELECT * FROM `weixin_userinfo` WHERE ( `del_flag` = 0 ) AND ( `from_username` = 'odOIPv5RJwDqO94UaCbpKQvdjhLE' ) LIMIT 1   [ RunTime:0.013000s ]
SQL: SELECT * FROM `sys_user` WHERE ( `del_flag` = 0 ) AND ( `openid` = 'odOIPv5RJwDqO94UaCbpKQvdjhLE' ) LIMIT 1   [ RunTime:0.001000s ]
SQL: SHOW COLUMNS FROM `device_consume_rec` [ RunTime:0.020001s ]
SQL: SELECT `from_username` FROM `device_consume_rec` WHERE ( `del_flag` = 0 ) AND ( `create_by` = '0aff0d6c1d9f4a8694b041b338431927' ) GROUP BY from_username  [ RunTime:0.915052s ]
SQL: SHOW COLUMNS FROM `weixin_pay_rec` [ RunTime:0.035002s ]
SQL: SELECT * FROM `weixin_pay_rec` WHERE ( `del_flag` = 0 ) AND ( `pay_status` = 1 ) AND ( `from_username` = '2088022153901744' ) AND ( `create_date` >= '2017-08' ) ORDER BY create_date desc  [ RunTime:0.310017s ]
SQL: SELECT * FROM `weixin_pay_rec` WHERE ( `del_flag` = 0 ) AND ( `pay_status` = 1 ) AND ( `from_username` = '2088102143023644' ) AND ( `create_date` >= '2017-08' ) ORDER BY create_date desc  [ RunTime:0.054003s ]
SQL: SELECT * FROM `weixin_pay_rec` WHERE ( `del_flag` = 0 ) AND ( `pay_status` = 1 ) AND ( `from_username` = '2088102842734609' ) AND ( `create_date` >= '2017-08' ) ORDER BY create_date desc  [ RunTime:0.061004s ]
SQL: SELECT * FROM `weixin_pay_rec` WHERE ( `del_flag` = 0 ) AND ( `pay_status` = 1 ) AND ( `from_username` = '2088112444391593' ) AND ( `create_date` >= '2017-08' ) ORDER BY create_date desc  [ RunTime:0.057003s ]
SQL: SELECT * FROM `weixin_pay_rec` WHERE ( `del_flag` = 0 ) AND ( `pay_status` = 1 ) AND ( `from_username` = '2088122692591692' ) AND ( `create_date` >= '2017-08' ) ORDER BY create_date desc  [ RunTime:0.053003s ]
SQL: SELECT * FROM `weixin_pay_rec` WHERE ( `del_flag` = 0 ) AND ( `pay_status` = 1 ) AND ( `from_username` = '2088202817142182' ) AND ( `create_date` >= '2017-08' ) ORDER BY create_date desc  [ RunTime:0.067004s ]
SQL: SELECT * FROM `weixin_pay_rec` WHERE ( `del_flag` = 0 ) AND ( `pay_status` = 1 ) AND ( `from_username` = '2088412139332628' ) AND ( `create_date` >= '2017-08' ) ORDER BY create_date desc  [ RunTime:0.056003s ]
SQL: SELECT * FROM `weixin_pay_rec` WHERE ( `del_flag` = 0 ) AND ( `pay_status` = 1 ) AND ( `from_username` = '2088422624071437' ) AND ( `create_date` >= '2017-08' ) ORDER BY create_date desc  [ RunTime:0.068004s ]
SQL: SELECT * FROM `weixin_pay_rec` WHERE ( `del_flag` = 0 ) AND ( `pay_status` = 1 ) AND ( `from_username` = '2088422686267728' ) AND ( `create_date` >= '2017-08' ) ORDER BY create_date desc  [ RunTime:0.080005s ]
SQL: SELECT * FROM `weixin_pay_rec` WHERE ( `del_flag` = 0 ) AND ( `pay_status` = 1 ) AND ( `from_username` = '2088422849917323' ) AND ( `create_date` >= '2017-08' ) ORDER BY create_date desc  [ RunTime:0.060003s ]
SQL: SELECT * FROM `weixin_pay_rec` WHERE ( `del_flag` = 0 ) AND ( `pay_status` = 1 ) AND ( `from_username` = '2088622059217882' ) AND ( `create_date` >= '2017-08' ) ORDER BY create_date desc  [ RunTime:0.056003s ]
SQL: SELECT * FROM `weixin_pay_rec` WHERE ( `del_flag` = 0 ) AND ( `pay_status` = 1 ) AND ( `from_username` = '2088622110907802' ) AND ( `create_date` >= '2017-08' ) ORDER BY create_date desc  [ RunTime:0.053003s ]
SQL: SELECT * FROM `weixin_pay_rec` WHERE ( `del_flag` = 0 ) AND ( `pay_status` = 1 ) AND ( `from_username` = '2088702638848907' ) AND ( `create_date` >= '2017-08' ) ORDER BY create_date desc  [ RunTime:0.054004s ]
SQL: SELECT * FROM `weixin_pay_rec` WHERE ( `del_flag` = 0 ) AND ( `pay_status` = 1 ) AND ( `from_username` = '2088802430332610' ) AND ( `create_date` >= '2017-08' ) ORDER BY create_date desc  [ RunTime:0.052003s ]
SQL: SELECT * FROM `weixin_pay_rec` WHERE ( `del_flag` = 0 ) AND ( `pay_status` = 1 ) AND ( `from_username` = '2088802633259583' ) AND ( `create_date` >= '2017-08' ) ORDER BY create_date desc  [ RunTime:0.051002s ]
SQL: SELECT * FROM `weixin_pay_rec` WHERE ( `del_flag` = 0 ) AND ( `pay_status` = 1 ) AND ( `from_username` = '2088812071833124' ) AND ( `create_date` >= '2017-08' ) ORDER BY create_date desc  [ RunTime:0.051003s ]
SQL: SELECT * FROM `weixin_pay_rec` WHERE ( `del_flag` = 0 ) AND ( `pay_status` = 1 ) AND ( `from_username` = '2088812270355544' ) AND ( `create_date` >= '2017-08' ) ORDER BY create_date desc  [ RunTime:0.055004s ]
SQL: SELECT * FROM `weixin_pay_rec` WHERE ( `del_flag` = 0 ) AND ( `pay_status` = 1 ) AND ( `from_username` = '2088902652354725' ) AND ( `create_date` >= '2017-08' ) ORDER BY create_date desc  [ RunTime:0.050002s ]
SQL: SELECT * FROM `weixin_pay_rec` WHERE ( `del_flag` = 0 ) AND ( `pay_status` = 1 ) AND ( `from_username` = '346534656' ) AND ( `create_date` >= '2017-08' ) ORDER BY create_date desc  [ RunTime:0.054003s ]
SQL: SELECT * FROM `weixin_pay_rec` WHERE ( `del_flag` = 0 ) AND ( `pay_status` = 1 ) AND ( `from_username` = 'odOIPv-1aqZzNegfjlN2_hz-xZyU' ) AND ( `create_date` >= '2017-08' ) ORDER BY create_date desc  [ RunTime:0.052003s ]
SQL: SELECT * FROM `weixin_pay_rec` WHERE ( `del_flag` = 0 ) AND ( `pay_status` = 1 ) AND ( `from_username` = 'odOIPv-5fjEMCDecvLL40JjWllM0' ) AND ( `create_date` >= '2017-08' ) ORDER BY create_date desc  [ RunTime:0.061004s ]
SQL: SELECT * FROM `weixin_pay_rec` WHERE ( `del_flag` = 0 ) AND ( `pay_status` = 1 ) AND ( `from_username` = 'odOIPv-fb_yY_gvYOEWAfC4wHMEQ' ) AND ( `create_date` >= '2017-08' ) ORDER BY create_date desc  [ RunTime:0.052003s ]
SQL: SELECT * FROM `weixin_pay_rec` WHERE ( `del_flag` = 0 ) AND ( `pay_status` = 1 ) AND ( `from_username` = 'odOIPv-ftJNs_oVVUd5dsum9GfzM' ) AND ( `create_date` >= '2017-08' ) ORDER BY create_date desc  [ RunTime:0.052003s ]
SQL: SELECT * FROM `weixin_pay_rec` WHERE ( `del_flag` = 0 ) AND ( `pay_status` = 1 ) AND ( `from_username` = 'odOIPv-hZVn6Xcl8y3--ZDL0YWqM' ) AND ( `create_date` >= '2017-08' ) ORDER BY create_date desc  [ RunTime:0.053003s ]
SQL: SELECT * FROM `weixin_pay_rec` WHERE ( `del_flag` = 0 ) AND ( `pay_status` = 1 ) AND ( `from_username` = 'odOIPv-Jb6o_BSgbWhbQ_5sk-Lu4' ) AND ( `create_date` >= '2017-08' ) ORDER BY create_date desc  [ RunTime:0.053003s ]
SQL: SELECT * FROM `weixin_pay_rec` WHERE ( `del_flag` = 0 ) AND ( `pay_status` = 1 ) AND ( `from_username` = 'odOIPv-KfAangUpHmzYMJUkHzPso' ) AND ( `create_date` >= '2017-08' ) ORDER BY create_date desc  [ RunTime:0.053003s ]
SQL: SELECT * FROM `weixin_pay_rec` WHERE ( `del_flag` = 0 ) AND ( `pay_status` = 1 ) AND ( `from_username` = 'odOIPv-lFg-GL8GNMJJkBuXl75Mw' ) AND ( `create_date` >= '2017-08' ) ORDER BY create_date desc  [ RunTime:0.052003s ]
SQL: SELECT * FROM `weixin_pay_rec` WHERE ( `del_flag` = 0 ) AND ( `pay_status` = 1 ) AND ( `from_username` = 'odOIPv-o3n7gtOtExYmOCZXGFOKc' ) AND ( `create_date` >= '2017-08' ) ORDER BY create_date desc  [ RunTime:0.053003s ]
SQL: SELECT * FROM `weixin_pay_rec` WHERE ( `del_flag` = 0 ) AND ( `pay_status` = 1 ) AND ( `from_username` = 'odOIPv-PvfIrY04fJKYxj90YKrQs' ) AND ( `create_date` >= '2017-08' ) ORDER BY create_date desc  [ RunTime:0.053003s ]
SQL: SELECT * FROM `weixin_pay_rec` WHERE ( `del_flag` = 0 ) AND ( `pay_status` = 1 ) AND ( `from_username` = 'odOIPv-pXtIzo4A4inixKfwQKhIU' ) AND ( `create_date` >= '2017-08' ) ORDER BY create_date desc  [ RunTime:0.054003s ]
SQL: SELECT * FROM `weixin_pay_rec` WHERE ( `del_flag` = 0 ) AND ( `pay_status` = 1 ) AND ( `from_username` = 'odOIPv-upXTM8_bihb2F4sYuIXHU' ) AND ( `create_date` >= '2017-08' ) ORDER BY create_date desc  [ RunTime:0.082005s ]
SQL: SELECT * FROM `weixin_pay_rec` WHERE ( `del_flag` = 0 ) AND ( `pay_status` = 1 ) AND ( `from_username` = 'odOIPv-uRXDPxWg6jMiJO2ui1fOw' ) AND ( `create_date` >= '2017-08' ) ORDER BY create_date desc  [ RunTime:0.052003s ]
SQL: SELECT * FROM `weixin_pay_rec` WHERE ( `del_flag` = 0 ) AND ( `pay_status` = 1 ) AND ( `from_username` = 'odOIPv-vORmnvqMrXiED8znc1yxo' ) AND ( `create_date` >= '2017-08' ) ORDER BY create_date desc  [ RunTime:0.056003s ]
SQL: SELECT * FROM `weixin_pay_rec` WHERE ( `del_flag` = 0 ) AND ( `pay_status` = 1 ) AND ( `from_username` = 'odOIPv-_nBhg54GynXTFyKIAUU54' ) AND ( `create_date` >= '2017-08' ) ORDER BY create_date desc  [ RunTime:0.052003s ]
SQL: SELECT * FROM `weixin_pay_rec` WHERE ( `del_flag` = 0 ) AND ( `pay_status` = 1 ) AND ( `from_username` = 'odOIPv000kYp78QmGp5zeIh3h-tY' ) AND ( `create_date` >= '2017-08' ) ORDER BY create_date desc  [ RunTime:0.064004s ]
SQL: SELECT * FROM `weixin_pay_rec` WHERE ( `del_flag` = 0 ) AND ( `pay_status` = 1 ) AND ( `from_username` = 'odOIPv0358TIdCzk79Em0fLQBdGw' ) AND ( `create_date` >= '2017-08' ) ORDER BY create_date desc  [ RunTime:0.056003s ]
SQL: SELECT * FROM `weixin_pay_rec` WHERE ( `del_flag` = 0 ) AND ( `pay_status` = 1 ) AND ( `from_username` = 'odOIPv095GRY4ZWECKVUg6BhY_EI' ) AND ( `create_date` >= '2017-08' ) ORDER BY create_date desc  [ RunTime:0.056003s ]
SQL: SELECT * FROM `weixin_pay_rec` WHERE ( `del_flag` = 0 ) AND ( `pay_status` = 1 ) AND ( `from_username` = 'odOIPv09CBzIZ4JBKyTIUmc8GwWo' ) AND ( `create_date` >= '2017-08' ) ORDER BY create_date desc  [ RunTime:0.056003s ]
SQL: SELECT * FROM `weixin_pay_rec` WHERE ( `del_flag` = 0 ) AND ( `pay_status` = 1 ) AND ( `from_username` = 'odOIPv0d9dPc24pE4btdHtsC-yJA' ) AND ( `create_date` >= '2017-08' ) ORDER BY create_date desc  [ RunTime:0.053003s ]
SQL: SELECT * FROM `weixin_pay_rec` WHERE ( `del_flag` = 0 ) AND ( `pay_status` = 1 ) AND ( `from_username` = 'odOIPv0e8-7F4aBVkUhAb1YCqmL8' ) AND ( `create_date` >= '2017-08' ) ORDER BY create_date desc  [ RunTime:0.058004s ]
SQL: SELECT * FROM `weixin_pay_rec` WHERE ( `del_flag` = 0 ) AND ( `pay_status` = 1 ) AND ( `from_username` = 'odOIPv0EM8-Q7_kpASh3l2tFxIDY' ) AND ( `create_date` >= '2017-08' ) ORDER BY create_date desc  [ RunTime:0.054003s ]
SQL: SELECT * FROM `weixin_pay_rec` WHERE ( `del_flag` = 0 ) AND ( `pay_status` = 1 ) AND ( `from_username` = 'odOIPv0GrevbrOvuqsS7UvVgz0vc' ) AND ( `create_date` >= '2017-08' ) ORDER BY create_date desc  [ RunTime:0.054003s ]
SQL: SELECT * FROM `weixin_pay_rec` WHERE ( `del_flag` = 0 ) AND ( `pay_status` = 1 ) AND ( `from_username` = 'odOIPv0hq1MvX5p6vhH7hT08iNXY' ) AND ( `create_date` >= '2017-08' ) ORDER BY create_date desc  [ RunTime:0.054003s ]
SQL: SELECT * FROM `weixin_pay_rec` WHERE ( `del_flag` = 0 ) AND ( `pay_status` = 1 ) AND ( `from_username` = 'odOIPv0l6cu13gyY1pfTcTIfmZr0' ) AND ( `create_date` >= '2017-08' ) ORDER BY create_date desc  [ RunTime:0.056003s ]
SQL: SELECT * FROM `weixin_pay_rec` WHERE ( `del_flag` = 0 ) AND ( `pay_status` = 1 ) AND ( `from_username` = 'odOIPv0lSxTfcXQggB_SfzQjIvg8' ) AND ( `create_date` >= '2017-08' ) ORDER BY create_date desc  [ RunTime:0.056004s ]
SQL: SELECT * FROM `weixin_pay_rec` WHERE ( `del_flag` = 0 ) AND ( `pay_status` = 1 ) AND ( `from_username` = 'odOIPv0mR0ibwCYkBo5OjqCBfm70' ) AND ( `create_date` >= '2017-08' ) ORDER BY create_date desc  [ RunTime:0.058003s ]
SQL: SELECT * FROM `weixin_pay_rec` WHERE ( `del_flag` = 0 ) AND ( `pay_status` = 1 ) AND ( `from_username` = 'odOIPv0Mwsm6KP_-XqVUTyddFRE8' ) AND ( `create_date` >= '2017-08' ) ORDER BY create_date desc  [ RunTime:0.054003s ]
SQL: SELECT * FROM `weixin_pay_rec` WHERE ( `del_flag` = 0 ) AND ( `pay_status` = 1 ) AND ( `from_username` = 'odOIPv0NdE1XJPFhT-6_JT5Pqnro' ) AND ( `create_date` >= '2017-08' ) ORDER BY create_date desc  [ RunTime:0.055003s ]
SQL: SELECT * FROM `weixin_pay_rec` WHERE ( `del_flag` = 0 ) AND ( `pay_status` = 1 ) AND ( `from_username` = 'odOIPv0nF3KsyxWlxubEJ6YumI64' ) AND ( `create_date` >= '2017-08' ) ORDER BY create_date desc  [ RunTime:0.052003s ]
SQL: SELECT * FROM `weixin_pay_rec` WHERE ( `del_flag` = 0 ) AND ( `pay_status` = 1 ) AND ( `from_username` = 'odOIPv0NHkSvn9KdFbmyEty67qa4' ) AND ( `create_date` >= '2017-08' ) ORDER BY create_date desc  [ RunTime:0.055003s ]
SQL: SELECT * FROM `weixin_pay_rec` WHERE ( `del_flag` = 0 ) AND ( `pay_status` = 1 ) AND ( `from_username` = 'odOIPv0NMwc5syJFaMNRTpEnN2mE' ) AND ( `create_date` >= '2017-08' ) ORDER BY create_date desc  [ RunTime:0.052003s ]
SQL: SELECT * FROM `weixin_pay_rec` WHERE ( `del_flag` = 0 ) AND ( `pay_status` = 1 ) AND ( `from_username` = 'odOIPv0OoKFckL-udVOUboYX0MSI' ) AND ( `create_date` >= '2017-08' ) ORDER BY create_date desc  [ RunTime:0.054004s ]
SQL: SELECT * FROM `weixin_pay_rec` WHERE ( `del_flag` = 0 ) AND ( `pay_status` = 1 ) AND ( `from_username` = 'odOIPv0qRULKM5P4RPh3rkzXSIDU' ) AND ( `create_date` >= '2017-08' ) ORDER BY create_date desc  [ RunTime:0.054003s ]
SQL: SELECT * FROM `weixin_pay_rec` WHERE ( `del_flag` = 0 ) AND ( `pay_status` = 1 ) AND ( `from_username` = 'odOIPv0s2XG6t20nqGF0KAcNkhfo' ) AND ( `create_date` >= '2017-08' ) ORDER BY create_date desc  [ RunTime:0.053003s ]
SQL: SELECT * FROM `weixin_pay_rec` WHERE ( `del_flag` = 0 ) AND ( `pay_status` = 1 ) AND ( `from_username` = 'odOIPv0smGK9voNJ50nnJxjP_9zU' ) AND ( `create_date` >= '2017-08' ) ORDER BY create_date desc  [ RunTime:0.052003s ]
SQL: SELECT * FROM `weixin_pay_rec` WHERE ( `del_flag` = 0 ) AND ( `pay_status` = 1 ) AND ( `from_username` = 'odOIPv0uXpxtaQIoH4ozHt94x4sQ' ) AND ( `create_date` >= '2017-08' ) ORDER BY create_date desc  [ RunTime:0.052003s ]
SQL: SELECT * FROM `weixin_pay_rec` WHERE ( `del_flag` = 0 ) AND ( `pay_status` = 1 ) AND ( `from_username` = 'odOIPv0uy0zq2ha8QuZILDJLw-GQ' ) AND ( `create_date` >= '2017-08' ) ORDER BY create_date desc  [ RunTime:0.056003s ]
SQL: SELECT * FROM `weixin_pay_rec` WHERE ( `del_flag` = 0 ) AND ( `pay_status` = 1 ) AND ( `from_username` = 'odOIPv0wRY8SGilMZSX3gzYXZR-s' ) AND ( `create_date` >= '2017-08' ) ORDER BY create_date desc  [ RunTime:0.056003s ]
SQL: SELECT * FROM `weixin_pay_rec` WHERE ( `del_flag` = 0 ) AND ( `pay_status` = 1 ) AND ( `from_username` = 'odOIPv0XJ04eIAQKLXrxZkUvem7s' ) AND ( `create_date` >= '2017-08' ) ORDER BY create_date desc  [ RunTime:0.052003s ]
SQL: SELECT * FROM `weixin_pay_rec` WHERE ( `del_flag` = 0 ) AND ( `pay_status` = 1 ) AND ( `from_username` = 'odOIPv0zBAdgoIB0DK0Wvi4Ho6F0' ) AND ( `create_date` >= '2017-08' ) ORDER BY create_date desc  [ RunTime:0.058003s ]
SQL: SELECT * FROM `weixin_pay_rec` WHERE ( `del_flag` = 0 ) AND ( `pay_status` = 1 ) AND ( `from_username` = 'odOIPv0_J1AVdHU4XAlBYG5qTDfM' ) AND ( `create_date` >= '2017-08' ) ORDER BY create_date desc  [ RunTime:0.065004s ]
SQL: SELECT * FROM `weixin_pay_rec` WHERE ( `del_flag` = 0 ) AND ( `pay_status` = 1 ) AND ( `from_username` = 'odOIPv11suCVfRgJz0yE6VHZa1xY' ) AND ( `create_date` >= '2017-08' ) ORDER BY create_date desc  [ RunTime:0.060004s ]
SQL: SELECT * FROM `weixin_pay_rec` WHERE ( `del_flag` = 0 ) AND ( `pay_status` = 1 ) AND ( `from_username` = 'odOIPv19USCL20ZX2ydXRBVJlPNo' ) AND ( `create_date` >= '2017-08' ) ORDER BY create_date desc  [ RunTime:0.072004s ]
SQL: SELECT * FROM `weixin_pay_rec` WHERE ( `del_flag` = 0 ) AND ( `pay_status` = 1 ) AND ( `from_username` = 'odOIPv1AoYKYgynIMsvGEWr22TdU' ) AND ( `create_date` >= '2017-08' ) ORDER BY create_date desc  [ RunTime:0.055003s ]
SQL: SELECT * FROM `weixin_pay_rec` WHERE ( `del_flag` = 0 ) AND ( `pay_status` = 1 ) AND ( `from_username` = 'odOIPv1AQWH65ABUrs2t-HtW4m8o' ) AND ( `create_date` >= '2017-08' ) ORDER BY create_date desc  [ RunTime:0.054003s ]
SQL: SELECT * FROM `weixin_pay_rec` WHERE ( `del_flag` = 0 ) AND ( `pay_status` = 1 ) AND ( `from_username` = 'odOIPv1Fo5ECwSryqtygzYANl9bc' ) AND ( `create_date` >= '2017-08' ) ORDER BY create_date desc  [ RunTime:0.052003s ]
SQL: SELECT * FROM `weixin_pay_rec` WHERE ( `del_flag` = 0 ) AND ( `pay_status` = 1 ) AND ( `from_username` = 'odOIPv1HAmXxsAgcfh4wrHYJZDck' ) AND ( `create_date` >= '2017-08' ) ORDER BY create_date desc  [ RunTime:0.054003s ]
SQL: SELECT * FROM `weixin_pay_rec` WHERE ( `del_flag` = 0 ) AND ( `pay_status` = 1 ) AND ( `from_username` = 'odOIPv1i2OlNu9Mu6l7USJw-VmAU' ) AND ( `create_date` >= '2017-08' ) ORDER BY create_date desc  [ RunTime:0.053003s ]
SQL: SELECT * FROM `weixin_pay_rec` WHERE ( `del_flag` = 0 ) AND ( `pay_status` = 1 ) AND ( `from_username` = 'odOIPv1ioWkSjqvO_ZVmjbR70cx4' ) AND ( `create_date` >= '2017-08' ) ORDER BY create_date desc  [ RunTime:0.053003s ]
SQL: SELECT * FROM `weixin_pay_rec` WHERE ( `del_flag` = 0 ) AND ( `pay_status` = 1 ) AND ( `from_username` = 'odOIPv1iq0CHsm-Ox_ZX-RcFJFy0' ) AND ( `create_date` >= '2017-08' ) ORDER BY create_date desc  [ RunTime:0.052003s ]
SQL: SELECT * FROM `weixin_pay_rec` WHERE ( `del_flag` = 0 ) AND ( `pay_status` = 1 ) AND ( `from_username` = 'odOIPv1kK9QVbB2Yqn0RjljLoafE' ) AND ( `create_date` >= '2017-08' ) ORDER BY create_date desc  [ RunTime:0.053003s ]
SQL: SELECT * FROM `weixin_pay_rec` WHERE ( `del_flag` = 0 ) AND ( `pay_status` = 1 ) AND ( `from_username` = 'odOIPv1lwdvURpEQJyDB9Enw9Eio' ) AND ( `create_date` >= '2017-08' ) ORDER BY create_date desc  [ RunTime:0.053003s ]
SQL: SELECT * FROM `weixin_pay_rec` WHERE ( `del_flag` = 0 ) AND ( `pay_status` = 1 ) AND ( `from_username` = 'odOIPv1MrbIWLKlOiglnbX6Wc9So' ) AND ( `create_date` >= '2017-08' ) ORDER BY create_date desc  [ RunTime:0.053003s ]
SQL: SELECT * FROM `weixin_pay_rec` WHERE ( `del_flag` = 0 ) AND ( `pay_status` = 1 ) AND ( `from_username` = 'odOIPv1mXINpxakvis5vukPLAzf0' ) AND ( `create_date` >= '2017-08' ) ORDER BY create_date desc  [ RunTime:0.053003s ]
SQL: SELECT * FROM `weixin_pay_rec` WHERE ( `del_flag` = 0 ) AND ( `pay_status` = 1 ) AND ( `from_username` = 'odOIPv1mzMfCXEa90_vde8MYbVTU' ) AND ( `create_date` >= '2017-08' ) ORDER BY create_date desc  [ RunTime:0.053003s ]
SQL: SELECT * FROM `weixin_pay_rec` WHERE ( `del_flag` = 0 ) AND ( `pay_status` = 1 ) AND ( `from_username` = 'odOIPv1OOwQrgA_wAodfJvSvlf7c' ) AND ( `create_date` >= '2017-08' ) ORDER BY create_date desc  [ RunTime:0.055003s ]
SQL: SELECT * FROM `weixin_pay_rec` WHERE ( `del_flag` = 0 ) AND ( `pay_status` = 1 ) AND ( `from_username` = 'odOIPv1OSYpMZJ7gA_bBV9_PhyWw' ) AND ( `create_date` >= '2017-08' ) ORDER BY create_date desc  [ RunTime:0.058004s ]
SQL: SELECT * FROM `weixin_pay_rec` WHERE ( `del_flag` = 0 ) AND ( `pay_status` = 1 ) AND ( `from_username` = 'odOIPv1Q8rDJm9PsqmpdiDG1PBUw' ) AND ( `create_date` >= '2017-08' ) ORDER BY create_date desc  [ RunTime:0.057003s ]
SQL: SELECT * FROM `weixin_pay_rec` WHERE ( `del_flag` = 0 ) AND ( `pay_status` = 1 ) AND ( `from_username` = 'odOIPv1Rfzap0S8ZVwZSLq7MjWzo' ) AND ( `create_date` >= '2017-08' ) ORDER BY create_date desc  [ RunTime:0.053003s ]
SQL: SELECT * FROM `weixin_pay_rec` WHERE ( `del_flag` = 0 ) AND ( `pay_status` = 1 ) AND ( `from_username` = 'odOIPv1s--Np5xpjzgVJmTOVFcZQ' ) AND ( `create_date` >= '2017-08' ) ORDER BY create_date desc  [ RunTime:0.057003s ]
SQL: SELECT * FROM `weixin_pay_rec` WHERE ( `del_flag` = 0 ) AND ( `pay_status` = 1 ) AND ( `from_username` = 'odOIPv1TIKUEICYmTiSdJKY8qNkU' ) AND ( `create_date` >= '2017-08' ) ORDER BY create_date desc  [ RunTime:0.056004s ]
SQL: SELECT * FROM `weixin_pay_rec` WHERE ( `del_flag` = 0 ) AND ( `pay_status` = 1 ) AND ( `from_username` = 'odOIPv1y5FTRLKIR1066KrX061Pw' ) AND ( `create_date` >= '2017-08' ) ORDER BY create_date desc  [ RunTime:0.053003s ]
SQL: SELECT * FROM `weixin_pay_rec` WHERE ( `del_flag` = 0 ) AND ( `pay_status` = 1 ) AND ( `from_username` = 'odOIPv1yEcJEKStlDEL_Ycx9BKgs' ) AND ( `create_date` >= '2017-08' ) ORDER BY create_date desc  [ RunTime:0.052003s ]
SQL: SELECT * FROM `weixin_pay_rec` WHERE ( `del_flag` = 0 ) AND ( `pay_status` = 1 ) AND ( `from_username` = 'odOIPv1zrFLe-36-clbM4TtCY5fg' ) AND ( `create_date` >= '2017-08' ) ORDER BY create_date desc  [ RunTime:0.053003s ]
SQL: SELECT * FROM `weixin_pay_rec` WHERE ( `del_flag` = 0 ) AND ( `pay_status` = 1 ) AND ( `from_username` = 'odOIPv1zWPHCG58FSlfyKP2WU2Vw' ) AND ( `create_date` >= '2017-08' ) ORDER BY create_date desc  [ RunTime:0.056003s ]
SQL: SELECT * FROM `weixin_pay_rec` WHERE ( `del_flag` = 0 ) AND ( `pay_status` = 1 ) AND ( `from_username` = 'odOIPv22SspW_SibyQ5EjvhamZmo' ) AND ( `create_date` >= '2017-08' ) ORDER BY create_date desc  [ RunTime:0.052003s ]
SQL: SELECT * FROM `weixin_pay_rec` WHERE ( `del_flag` = 0 ) AND ( `pay_status` = 1 ) AND ( `from_username` = 'odOIPv230YODw232QFiDAl_WVqNc' ) AND ( `create_date` >= '2017-08' ) ORDER BY create_date desc  [ RunTime:0.052003s ]
SQL: SELECT * FROM `weixin_pay_rec` WHERE ( `del_flag` = 0 ) AND ( `pay_status` = 1 ) AND ( `from_username` = 'odOIPv26VpbXAUmX3G_LpIBR0rak' ) AND ( `create_date` >= '2017-08' ) ORDER BY create_date desc  [ RunTime:0.057003s ]
SQL: SELECT * FROM `weixin_pay_rec` WHERE ( `del_flag` = 0 ) AND ( `pay_status` = 1 ) AND ( `from_username` = 'odOIPv2AhVcdbt2qMv2FRcA0sR-c' ) AND ( `create_date` >= '2017-08' ) ORDER BY create_date desc  [ RunTime:0.054003s ]
SQL: SELECT * FROM `weixin_pay_rec` WHERE ( `del_flag` = 0 ) AND ( `pay_status` = 1 ) AND ( `from_username` = 'odOIPv2btNUOkaMHKqelMWEQqRfU' ) AND ( `create_date` >= '2017-08' ) ORDER BY create_date desc  [ RunTime:0.056003s ]
SQL: SELECT * FROM `weixin_pay_rec` WHERE ( `del_flag` = 0 ) AND ( `pay_status` = 1 ) AND ( `from_username` = 'odOIPv2CtobgW-cks4nZRYfHYJqQ' ) AND ( `create_date` >= '2017-08' ) ORDER BY create_date desc  [ RunTime:0.054004s ]
SQL: SELECT * FROM `weixin_pay_rec` WHERE ( `del_flag` = 0 ) AND ( `pay_status` = 1 ) AND ( `from_username` = 'odOIPv2d0GTgzmIpYFfycYrsi1dk' ) AND ( `create_date` >= '2017-08' ) ORDER BY create_date desc  [ RunTime:0.054003s ]
SQL: SELECT * FROM `weixin_pay_rec` WHERE ( `del_flag` = 0 ) AND ( `pay_status` = 1 ) AND ( `from_username` = 'odOIPv2dzgG0OhsykLSXnVRsHjiU' ) AND ( `create_date` >= '2017-08' ) ORDER BY create_date desc  [ RunTime:0.053003s ]
SQL: SELECT * FROM `weixin_pay_rec` WHERE ( `del_flag` = 0 ) AND ( `pay_status` = 1 ) AND ( `from_username` = 'odOIPv2ekdfmlkTsxqZLKnYYKJ_4' ) AND ( `create_date` >= '2017-08' ) ORDER BY create_date desc  [ RunTime:0.052003s ]
SQL: SELECT * FROM `weixin_pay_rec` WHERE ( `del_flag` = 0 ) AND ( `pay_status` = 1 ) AND ( `from_username` = 'odOIPv2El0zhNdrKtp81IboA-AVA' ) AND ( `create_date` >= '2017-08' ) ORDER BY create_date desc  [ RunTime:0.053003s ]
SQL: SELECT * FROM `weixin_pay_rec` WHERE ( `del_flag` = 0 ) AND ( `pay_status` = 1 ) AND ( `from_username` = 'odOIPv2F9Ke3TuitxbxmsyTgL36s' ) AND ( `create_date` >= '2017-08' ) ORDER BY create_date desc  [ RunTime:0.054003s ]
SQL: SELECT * FROM `weixin_pay_rec` WHERE ( `del_flag` = 0 ) AND ( `pay_status` = 1 ) AND ( `from_username` = 'odOIPv2Ga3VsNscdjjfUmBYvnLQE' ) AND ( `create_date` >= '2017-08' ) ORDER BY create_date desc  [ RunTime:0.051003s ]
SQL: SELECT * FROM `weixin_pay_rec` WHERE ( `del_flag` = 0 ) AND ( `pay_status` = 1 ) AND ( `from_username` = 'odOIPv2GENO-B27RROabruw1bhss' ) AND ( `create_date` >= '2017-08' ) ORDER BY create_date desc  [ RunTime:0.053003s ]
SQL: SELECT * FROM `weixin_pay_rec` WHERE ( `del_flag` = 0 ) AND ( `pay_status` = 1 ) AND ( `from_username` = 'odOIPv2hcrHH5gL6-YIoDKjO6bX4' ) AND ( `create_date` >= '2017-08' ) ORDER BY create_date desc  [ RunTime:0.054003s ]
SQL: SELECT * FROM `weixin_pay_rec` WHERE ( `del_flag` = 0 ) AND ( `pay_status` = 1 ) AND ( `from_username` = 'odOIPv2J8GoZO2eVa7tRENaaMp10' ) AND ( `create_date` >= '2017-08' ) ORDER BY create_date desc  [ RunTime:0.052003s ]
SQL: SELECT * FROM `weixin_pay_rec` WHERE ( `del_flag` = 0 ) AND ( `pay_status` = 1 ) AND ( `from_username` = 'odOIPv2nk4GRFady2ix1mukB3ZjM' ) AND ( `create_date` >= '2017-08' ) ORDER BY create_date desc  [ RunTime:0.051003s ]
SQL: SELECT * FROM `weixin_pay_rec` WHERE ( `del_flag` = 0 ) AND ( `pay_status` = 1 ) AND ( `from_username` = 'odOIPv2NuqHAAto4ZKyxXKpDzxJw' ) AND ( `create_date` >= '2017-08' ) ORDER BY create_date desc  [ RunTime:0.052003s ]
SQL: SELECT * FROM `weixin_pay_rec` WHERE ( `del_flag` = 0 ) AND ( `pay_status` = 1 ) AND ( `from_username` = 'odOIPv2o2m3ZPmcq_PBygHqGD1Pg' ) AND ( `create_date` >= '2017-08' ) ORDER BY create_date desc  [ RunTime:0.052003s ]
SQL: SELECT * FROM `weixin_pay_rec` WHERE ( `del_flag` = 0 ) AND ( `pay_status` = 1 ) AND ( `from_username` = 'odOIPv2SZ5PK_Y5BCPh1NcsKYT8A' ) AND ( `create_date` >= '2017-08' ) ORDER BY create_date desc  [ RunTime:0.061004s ]
SQL: SELECT * FROM `weixin_pay_rec` WHERE ( `del_flag` = 0 ) AND ( `pay_status` = 1 ) AND ( `from_username` = 'odOIPv2u8o5owHpjVL9LA2sWmVxo' ) AND ( `create_date` >= '2017-08' ) ORDER BY create_date desc  [ RunTime:0.052003s ]
SQL: SELECT * FROM `weixin_pay_rec` WHERE ( `del_flag` = 0 ) AND ( `pay_status` = 1 ) AND ( `from_username` = 'odOIPv2w8ydwpwQKmOkwQ__jXNXY' ) AND ( `create_date` >= '2017-08' ) ORDER BY create_date desc  [ RunTime:0.238013s ]
SQL: SELECT * FROM `weixin_pay_rec` WHERE ( `del_flag` = 0 ) AND ( `pay_status` = 1 ) AND ( `from_username` = 'odOIPv2XNIbnrJ4C76Ubv74wTD-U' ) AND ( `create_date` >= '2017-08' ) ORDER BY create_date desc  [ RunTime:0.051003s ]
SQL: SELECT * FROM `weixin_pay_rec` WHERE ( `del_flag` = 0 ) AND ( `pay_status` = 1 ) AND ( `from_username` = 'odOIPv2yIcGTBb7QGtRubw6gTLzM' ) AND ( `create_date` >= '2017-08' ) ORDER BY create_date desc  [ RunTime:0.052003s ]
SQL: SELECT * FROM `weixin_pay_rec` WHERE ( `del_flag` = 0 ) AND ( `pay_status` = 1 ) AND ( `from_username` = 'odOIPv306WAIJ_lVNdq3P-GGfsU4' ) AND ( `create_date` >= '2017-08' ) ORDER BY create_date desc  [ RunTime:0.068004s ]
SQL: SELECT * FROM `weixin_pay_rec` WHERE ( `del_flag` = 0 ) AND ( `pay_status` = 1 ) AND ( `from_username` = 'odOIPv32-ZELRW5H1WYqJoR73vTY' ) AND ( `create_date` >= '2017-08' ) ORDER BY create_date desc  [ RunTime:0.052003s ]
SQL: SELECT * FROM `weixin_pay_rec` WHERE ( `del_flag` = 0 ) AND ( `pay_status` = 1 ) AND ( `from_username` = 'odOIPv36e54pCbv5xzkxNAo-x0yw' ) AND ( `create_date` >= '2017-08' ) ORDER BY create_date desc  [ RunTime:0.058003s ]
SQL: SELECT * FROM `weixin_pay_rec` WHERE ( `del_flag` = 0 ) AND ( `pay_status` = 1 ) AND ( `from_username` = 'odOIPv3a7RoQiaJAxI6vtrM8z2aM' ) AND ( `create_date` >= '2017-08' ) ORDER BY create_date desc  [ RunTime:0.052003s ]
SQL: SELECT * FROM `weixin_pay_rec` WHERE ( `del_flag` = 0 ) AND ( `pay_status` = 1 ) AND ( `from_username` = 'odOIPv3b4hnMLuoI2TfooL-E6c6E' ) AND ( `create_date` >= '2017-08' ) ORDER BY create_date desc  [ RunTime:0.072004s ]
SQL: SELECT * FROM `weixin_pay_rec` WHERE ( `del_flag` = 0 ) AND ( `pay_status` = 1 ) AND ( `from_username` = 'odOIPv3dUmg4__Z5cB2aCXYwSe8Y' ) AND ( `create_date` >= '2017-08' ) ORDER BY create_date desc  [ RunTime:0.054004s ]
SQL: SELECT * FROM `weixin_pay_rec` WHERE ( `del_flag` = 0 ) AND ( `pay_status` = 1 ) AND ( `from_username` = 'odOIPv3edojVUKKCk6uyhJJwemPE' ) AND ( `create_date` >= '2017-08' ) ORDER BY create_date desc  [ RunTime:0.053003s ]
SQL: SELECT * FROM `weixin_pay_rec` WHERE ( `del_flag` = 0 ) AND ( `pay_status` = 1 ) AND ( `from_username` = 'odOIPv3E_tvEw3Cq1o4fgxTlcJgw' ) AND ( `create_date` >= '2017-08' ) ORDER BY create_date desc  [ RunTime:0.051003s ]
SQL: SELECT * FROM `weixin_pay_rec` WHERE ( `del_flag` = 0 ) AND ( `pay_status` = 1 ) AND ( `from_username` = 'odOIPv3fsArAb6yJs0T45QBacTCU' ) AND ( `create_date` >= '2017-08' ) ORDER BY create_date desc  [ RunTime:0.058003s ]
SQL: SELECT * FROM `weixin_pay_rec` WHERE ( `del_flag` = 0 ) AND ( `pay_status` = 1 ) AND ( `from_username` = 'odOIPv3hAnyEGQ7n84ap9THKbf48' ) AND ( `create_date` >= '2017-08' ) ORDER BY create_date desc  [ RunTime:0.058003s ]
SQL: SELECT * FROM `weixin_pay_rec` WHERE ( `del_flag` = 0 ) AND ( `pay_status` = 1 ) AND ( `from_username` = 'odOIPv3iqCj_2JJNE4LXTHNDxBQQ' ) AND ( `create_date` >= '2017-08' ) ORDER BY create_date desc  [ RunTime:0.087005s ]
SQL: SELECT * FROM `weixin_pay_rec` WHERE ( `del_flag` = 0 ) AND ( `pay_status` = 1 ) AND ( `from_username` = 'odOIPv3jUyWaj0BZmplvd0Rdu8j0' ) AND ( `create_date` >= '2017-08' ) ORDER BY create_date desc  [ RunTime:0.055003s ]
SQL: SELECT * FROM `weixin_pay_rec` WHERE ( `del_flag` = 0 ) AND ( `pay_status` = 1 ) AND ( `from_username` = 'odOIPv3KMGAFOVL8ttcy1JaYy-k4' ) AND ( `create_date` >= '2017-08' ) ORDER BY create_date desc  [ RunTime:0.057004s ]
SQL: SELECT * FROM `weixin_pay_rec` WHERE ( `del_flag` = 0 ) AND ( `pay_status` = 1 ) AND ( `from_username` = 'odOIPv3lm6pXp8qwD8z-8zdZJTqc' ) AND ( `create_date` >= '2017-08' ) ORDER BY create_date desc  [ RunTime:0.054003s ]
SQL: SELECT * FROM `weixin_pay_rec` WHERE ( `del_flag` = 0 ) AND ( `pay_status` = 1 ) AND ( `from_username` = 'odOIPv3NH1iI_0AD-BTT4-dI5R38' ) AND ( `create_date` >= '2017-08' ) ORDER BY create_date desc  [ RunTime:0.052003s ]
SQL: SELECT * FROM `weixin_pay_rec` WHERE ( `del_flag` = 0 ) AND ( `pay_status` = 1 ) AND ( `from_username` = 'odOIPv3pZqgB_0AV0Ue0LqZTVqKk' ) AND ( `create_date` >= '2017-08' ) ORDER BY create_date desc  [ RunTime:0.054003s ]
SQL: SELECT * FROM `weixin_pay_rec` WHERE ( `del_flag` = 0 ) AND ( `pay_status` = 1 ) AND ( `from_username` = 'odOIPv3wGztUGAN15shE8VI3HHpI' ) AND ( `create_date` >= '2017-08' ) ORDER BY create_date desc  [ RunTime:0.052003s ]
SQL: SELECT * FROM `weixin_pay_rec` WHERE ( `del_flag` = 0 ) AND ( `pay_status` = 1 ) AND ( `from_username` = 'odOIPv3WyUop5HSsjF7MJDkxrg4E' ) AND ( `create_date` >= '2017-08' ) ORDER BY create_date desc  [ RunTime:0.055003s ]
SQL: SELECT * FROM `weixin_pay_rec` WHERE ( `del_flag` = 0 ) AND ( `pay_status` = 1 ) AND ( `from_username` = 'odOIPv3Xx2Ga_p8wJHGTev4p-qaM' ) AND ( `create_date` >= '2017-08' ) ORDER BY create_date desc  [ RunTime:0.056003s ]
SQL: SELECT * FROM `weixin_pay_rec` WHERE ( `del_flag` = 0 ) AND ( `pay_status` = 1 ) AND ( `from_username` = 'odOIPv3YY2c3LWVXcAEBUBO9FVIw' ) AND ( `create_date` >= '2017-08' ) ORDER BY create_date desc  [ RunTime:0.058004s ]
SQL: SELECT * FROM `weixin_pay_rec` WHERE ( `del_flag` = 0 ) AND ( `pay_status` = 1 ) AND ( `from_username` = 'odOIPv3ZkKHmiZ3qIVDDGnAz17uw' ) AND ( `create_date` >= '2017-08' ) ORDER BY create_date desc  [ RunTime:0.056003s ]
SQL: SELECT * FROM `weixin_pay_rec` WHERE ( `del_flag` = 0 ) AND ( `pay_status` = 1 ) AND ( `from_username` = 'odOIPv41QvT3w_K7n_nH9rj7VYHc' ) AND ( `create_date` >= '2017-08' ) ORDER BY create_date desc  [ RunTime:0.054003s ]
SQL: SELECT * FROM `weixin_pay_rec` WHERE ( `del_flag` = 0 ) AND ( `pay_status` = 1 ) AND ( `from_username` = 'odOIPv443ymga3H8DQQg5NXiD_aQ' ) AND ( `create_date` >= '2017-08' ) ORDER BY create_date desc  [ RunTime:0.055003s ]
SQL: SELECT * FROM `weixin_pay_rec` WHERE ( `del_flag` = 0 ) AND ( `pay_status` = 1 ) AND ( `from_username` = 'odOIPv45nCh0NylYN1ShbmnYteuM' ) AND ( `create_date` >= '2017-08' ) ORDER BY create_date desc  [ RunTime:0.053003s ]
SQL: SELECT * FROM `weixin_pay_rec` WHERE ( `del_flag` = 0 ) AND ( `pay_status` = 1 ) AND ( `from_username` = 'odOIPv4a79Na6EFL_3MyGGPjL_os' ) AND ( `create_date` >= '2017-08' ) ORDER BY create_date desc  [ RunTime:0.053003s ]
SQL: SELECT * FROM `weixin_pay_rec` WHERE ( `del_flag` = 0 ) AND ( `pay_status` = 1 ) AND ( `from_username` = 'odOIPv4b8OMK2cgVb5V9DgTOLILs' ) AND ( `create_date` >= '2017-08' ) ORDER BY create_date desc  [ RunTime:0.053003s ]
SQL: SELECT * FROM `weixin_pay_rec` WHERE ( `del_flag` = 0 ) AND ( `pay_status` = 1 ) AND ( `from_username` = 'odOIPv4CASQQ2JYopA1vFymRr-ZM' ) AND ( `create_date` >= '2017-08' ) ORDER BY create_date desc  [ RunTime:0.053003s ]
SQL: SELECT * FROM `weixin_pay_rec` WHERE ( `del_flag` = 0 ) AND ( `pay_status` = 1 ) AND ( `from_username` = 'odOIPv4ceLyZPZ9BlTiXihuDO1iI' ) AND ( `create_date` >= '2017-08' ) ORDER BY create_date desc  [ RunTime:0.054003s ]
SQL: SELECT * FROM `weixin_pay_rec` WHERE ( `del_flag` = 0 ) AND ( `pay_status` = 1 ) AND ( `from_username` = 'odOIPv4dUftDHPhlfiX_QtGGuv7I' ) AND ( `create_date` >= '2017-08' ) ORDER BY create_date desc  [ RunTime:0.054004s ]
SQL: SELECT * FROM `weixin_pay_rec` WHERE ( `del_flag` = 0 ) AND ( `pay_status` = 1 ) AND ( `from_username` = 'odOIPv4EAs-7pM-Uq-dynJILWRJI' ) AND ( `create_date` >= '2017-08' ) ORDER BY create_date desc  [ RunTime:0.053003s ]
SQL: SELECT * FROM `weixin_pay_rec` WHERE ( `del_flag` = 0 ) AND ( `pay_status` = 1 ) AND ( `from_username` = 'odOIPv4eVC553qkmHyOSmFxPukHo' ) AND ( `create_date` >= '2017-08' ) ORDER BY create_date desc  [ RunTime:0.053003s ]
SQL: SELECT * FROM `weixin_pay_rec` WHERE ( `del_flag` = 0 ) AND ( `pay_status` = 1 ) AND ( `from_username` = 'odOIPv4eyR9d5q9b1GQz-DFLWekY' ) AND ( `create_date` >= '2017-08' ) ORDER BY create_date desc  [ RunTime:0.060003s ]
SQL: SELECT * FROM `weixin_pay_rec` WHERE ( `del_flag` = 0 ) AND ( `pay_status` = 1 ) AND ( `from_username` = 'odOIPv4I5G_BFACkKi0TfCs-uQTs' ) AND ( `create_date` >= '2017-08' ) ORDER BY create_date desc  [ RunTime:0.057003s ]
SQL: SELECT * FROM `weixin_pay_rec` WHERE ( `del_flag` = 0 ) AND ( `pay_status` = 1 ) AND ( `from_username` = 'odOIPv4IvEYJ6joHA-3Nm020k9MU' ) AND ( `create_date` >= '2017-08' ) ORDER BY create_date desc  [ RunTime:0.059004s ]
SQL: SELECT * FROM `weixin_pay_rec` WHERE ( `del_flag` = 0 ) AND ( `pay_status` = 1 ) AND ( `from_username` = 'odOIPv4kK1J0m9Pr2gJFdHGSWnW4' ) AND ( `create_date` >= '2017-08' ) ORDER BY create_date desc  [ RunTime:0.055003s ]
SQL: SELECT * FROM `weixin_pay_rec` WHERE ( `del_flag` = 0 ) AND ( `pay_status` = 1 ) AND ( `from_username` = 'odOIPv4lLRuidvEqCpzs3dPOI6oY' ) AND ( `create_date` >= '2017-08' ) ORDER BY create_date desc  [ RunTime:0.055003s ]
SQL: SELECT * FROM `weixin_pay_rec` WHERE ( `del_flag` = 0 ) AND ( `pay_status` = 1 ) AND ( `from_username` = 'odOIPv4m3I-dbf83N9xjYKkjA2LI' ) AND ( `create_date` >= '2017-08' ) ORDER BY create_date desc  [ RunTime:0.086005s ]
SQL: SELECT * FROM `weixin_pay_rec` WHERE ( `del_flag` = 0 ) AND ( `pay_status` = 1 ) AND ( `from_username` = 'odOIPv4Nur3mQW0bGaJaUNaeyqkg' ) AND ( `create_date` >= '2017-08' ) ORDER BY create_date desc  [ RunTime:0.075004s ]
SQL: SELECT * FROM `weixin_pay_rec` WHERE ( `del_flag` = 0 ) AND ( `pay_status` = 1 ) AND ( `from_username` = 'odOIPv4qsXwc8z3O0Qj-GNggK7tM' ) AND ( `create_date` >= '2017-08' ) ORDER BY create_date desc  [ RunTime:0.059004s ]
SQL: SELECT * FROM `weixin_pay_rec` WHERE ( `del_flag` = 0 ) AND ( `pay_status` = 1 ) AND ( `from_username` = 'odOIPv4qU65rEvFz6o4yeh6oXD1k' ) AND ( `create_date` >= '2017-08' ) ORDER BY create_date desc  [ RunTime:0.096005s ]
SQL: SELECT * FROM `weixin_pay_rec` WHERE ( `del_flag` = 0 ) AND ( `pay_status` = 1 ) AND ( `from_username` = 'odOIPv4rwDgxjZqt98vYXdvuf0r4' ) AND ( `create_date` >= '2017-08' ) ORDER BY create_date desc  [ RunTime:0.062004s ]
SQL: SELECT * FROM `weixin_pay_rec` WHERE ( `del_flag` = 0 ) AND ( `pay_status` = 1 ) AND ( `from_username` = 'odOIPv4SqJJIFRVJ_uEDBFsuc3RY' ) AND ( `create_date` >= '2017-08' ) ORDER BY create_date desc  [ RunTime:0.077004s ]
SQL: SELECT * FROM `weixin_pay_rec` WHERE ( `del_flag` = 0 ) AND ( `pay_status` = 1 ) AND ( `from_username` = 'odOIPv4wM8RSN-fPbh_0ssqY1m_Y' ) AND ( `create_date` >= '2017-08' ) ORDER BY create_date desc  [ RunTime:0.062004s ]
SQL: SELECT * FROM `weixin_pay_rec` WHERE ( `del_flag` = 0 ) AND ( `pay_status` = 1 ) AND ( `from_username` = 'odOIPv4WtdWt9ebczeYuYByhYr_0' ) AND ( `create_date` >= '2017-08' ) ORDER BY create_date desc  [ RunTime:0.053003s ]
SQL: SELECT * FROM `weixin_pay_rec` WHERE ( `del_flag` = 0 ) AND ( `pay_status` = 1 ) AND ( `from_username` = 'odOIPv4wwyGaQ5_gcRJD43BeUqX4' ) AND ( `create_date` >= '2017-08' ) ORDER BY create_date desc  [ RunTime:0.056003s ]
SQL: SELECT * FROM `weixin_pay_rec` WHERE ( `del_flag` = 0 ) AND ( `pay_status` = 1 ) AND ( `from_username` = 'odOIPv4WYWLptQhD2NH_69M16ngY' ) AND ( `create_date` >= '2017-08' ) ORDER BY create_date desc  [ RunTime:0.056003s ]
SQL: SELECT * FROM `weixin_pay_rec` WHERE ( `del_flag` = 0 ) AND ( `pay_status` = 1 ) AND ( `from_username` = 'odOIPv4xkuvISnEGMW4NDaXrVStQ' ) AND ( `create_date` >= '2017-08' ) ORDER BY create_date desc  [ RunTime:0.054003s ]
SQL: SELECT * FROM `weixin_pay_rec` WHERE ( `del_flag` = 0 ) AND ( `pay_status` = 1 ) AND ( `from_username` = 'odOIPv4xtduPUrve7Zp1XeL_5n94' ) AND ( `create_date` >= '2017-08' ) ORDER BY create_date desc  [ RunTime:0.052003s ]
SQL: SELECT * FROM `weixin_pay_rec` WHERE ( `del_flag` = 0 ) AND ( `pay_status` = 1 ) AND ( `from_username` = 'odOIPv51nyOuMsPxyDVkfYr51BYc' ) AND ( `create_date` >= '2017-08' ) ORDER BY create_date desc  [ RunTime:0.052003s ]
SQL: SELECT * FROM `weixin_pay_rec` WHERE ( `del_flag` = 0 ) AND ( `pay_status` = 1 ) AND ( `from_username` = 'odOIPv52G3k2Bn68eydUSIUF25no' ) AND ( `create_date` >= '2017-08' ) ORDER BY create_date desc  [ RunTime:0.053003s ]
SQL: SELECT * FROM `weixin_pay_rec` WHERE ( `del_flag` = 0 ) AND ( `pay_status` = 1 ) AND ( `from_username` = 'odOIPv5d3GqaPfN_-unMoTeMvXNQ' ) AND ( `create_date` >= '2017-08' ) ORDER BY create_date desc  [ RunTime:0.053003s ]
SQL: SELECT * FROM `weixin_pay_rec` WHERE ( `del_flag` = 0 ) AND ( `pay_status` = 1 ) AND ( `from_username` = 'odOIPv5iLpcQju58yA0DKrN4y0H8' ) AND ( `create_date` >= '2017-08' ) ORDER BY create_date desc  [ RunTime:0.053003s ]
SQL: SELECT * FROM `weixin_pay_rec` WHERE ( `del_flag` = 0 ) AND ( `pay_status` = 1 ) AND ( `from_username` = 'odOIPv5j_MW9Pru63zCDDNpWUzB0' ) AND ( `create_date` >= '2017-08' ) ORDER BY create_date desc  [ RunTime:0.058004s ]
SQL: SELECT * FROM `weixin_pay_rec` WHERE ( `del_flag` = 0 ) AND ( `pay_status` = 1 ) AND ( `from_username` = 'odOIPv5LBtIRQ2hTEEeajgOW8d5c' ) AND ( `create_date` >= '2017-08' ) ORDER BY create_date desc  [ RunTime:0.053003s ]
SQL: SELECT * FROM `weixin_pay_rec` WHERE ( `del_flag` = 0 ) AND ( `pay_status` = 1 ) AND ( `from_username` = 'odOIPv5nZORgnVhqbf2fUp4c3HHM' ) AND ( `create_date` >= '2017-08' ) ORDER BY create_date desc  [ RunTime:0.056003s ]
SQL: SELECT * FROM `weixin_pay_rec` WHERE ( `del_flag` = 0 ) AND ( `pay_status` = 1 ) AND ( `from_username` = 'odOIPv5oZpTSVdTqh44xbaweQ6d4' ) AND ( `create_date` >= '2017-08' ) ORDER BY create_date desc  [ RunTime:0.064004s ]
SQL: SELECT * FROM `weixin_pay_rec` WHERE ( `del_flag` = 0 ) AND ( `pay_status` = 1 ) AND ( `from_username` = 'odOIPv5r-2WMH8Ukr2mMkGPsIQvk' ) AND ( `create_date` >= '2017-08' ) ORDER BY create_date desc  [ RunTime:0.056003s ]
SQL: SELECT * FROM `weixin_pay_rec` WHERE ( `del_flag` = 0 ) AND ( `pay_status` = 1 ) AND ( `from_username` = 'odOIPv5RJwDqO94UaCbpKQvdjhLE' ) AND ( `create_date` >= '2017-08' ) ORDER BY create_date desc  [ RunTime:0.055003s ]
SQL: SELECT * FROM `weixin_pay_rec` WHERE ( `del_flag` = 0 ) AND ( `pay_status` = 1 ) AND ( `from_username` = 'odOIPv5t1ltdXOr-AwzKzbwjaOag' ) AND ( `create_date` >= '2017-08' ) ORDER BY create_date desc  [ RunTime:0.054003s ]
SQL: SELECT * FROM `weixin_pay_rec` WHERE ( `del_flag` = 0 ) AND ( `pay_status` = 1 ) AND ( `from_username` = 'odOIPv5T9q4AsSUk9Mj0zqTigGf8' ) AND ( `create_date` >= '2017-08' ) ORDER BY create_date desc  [ RunTime:0.055003s ]
SQL: SELECT * FROM `weixin_pay_rec` WHERE ( `del_flag` = 0 ) AND ( `pay_status` = 1 ) AND ( `from_username` = 'odOIPv5uxnn_y7JeIFyevBjqGB4k' ) AND ( `create_date` >= '2017-08' ) ORDER BY create_date desc  [ RunTime:0.054003s ]
SQL: SELECT * FROM `weixin_pay_rec` WHERE ( `del_flag` = 0 ) AND ( `pay_status` = 1 ) AND ( `from_username` = 'odOIPv5VtA4MOMh2JncAHmOlIsUA' ) AND ( `create_date` >= '2017-08' ) ORDER BY create_date desc  [ RunTime:0.053003s ]
SQL: SELECT * FROM `weixin_pay_rec` WHERE ( `del_flag` = 0 ) AND ( `pay_status` = 1 ) AND ( `from_username` = 'odOIPv5W8P7Dc5wLfHovcxqqLWJc' ) AND ( `create_date` >= '2017-08' ) ORDER BY create_date desc  [ RunTime:0.063003s ]
SQL: SELECT * FROM `weixin_pay_rec` WHERE ( `del_flag` = 0 ) AND ( `pay_status` = 1 ) AND ( `from_username` = 'odOIPv5Wq2vS3TK0h7yobUk1w-DA' ) AND ( `create_date` >= '2017-08' ) ORDER BY create_date desc  [ RunTime:0.053003s ]
SQL: SELECT * FROM `weixin_pay_rec` WHERE ( `del_flag` = 0 ) AND ( `pay_status` = 1 ) AND ( `from_username` = 'odOIPv5xeEF9vW1Zl6h-xmFEBNnQ' ) AND ( `create_date` >= '2017-08' ) ORDER BY create_date desc  [ RunTime:0.054004s ]
SQL: SELECT * FROM `weixin_pay_rec` WHERE ( `del_flag` = 0 ) AND ( `pay_status` = 1 ) AND ( `from_username` = 'odOIPv5Y06TOXH8kK-ZbYTSTWsTA' ) AND ( `create_date` >= '2017-08' ) ORDER BY create_date desc  [ RunTime:0.053003s ]
SQL: SELECT * FROM `weixin_pay_rec` WHERE ( `del_flag` = 0 ) AND ( `pay_status` = 1 ) AND ( `from_username` = 'odOIPv5YGxzUdyZyuosp1eU0_7uc' ) AND ( `create_date` >= '2017-08' ) ORDER BY create_date desc  [ RunTime:0.055003s ]
SQL: SELECT * FROM `weixin_pay_rec` WHERE ( `del_flag` = 0 ) AND ( `pay_status` = 1 ) AND ( `from_username` = 'odOIPv5Z_KDvQ1JzNlaeR6cnes-w' ) AND ( `create_date` >= '2017-08' ) ORDER BY create_date desc  [ RunTime:0.059003s ]
SQL: SELECT * FROM `weixin_pay_rec` WHERE ( `del_flag` = 0 ) AND ( `pay_status` = 1 ) AND ( `from_username` = 'odOIPv6-xUBQxhnMdSbkgiCEnKCw' ) AND ( `create_date` >= '2017-08' ) ORDER BY create_date desc  [ RunTime:0.060004s ]
SQL: SELECT * FROM `weixin_pay_rec` WHERE ( `del_flag` = 0 ) AND ( `pay_status` = 1 ) AND ( `from_username` = 'odOIPv60ZTkmbxVL0PQCl-H0WF4s' ) AND ( `create_date` >= '2017-08' ) ORDER BY create_date desc  [ RunTime:0.054003s ]
SQL: SELECT * FROM `weixin_pay_rec` WHERE ( `del_flag` = 0 ) AND ( `pay_status` = 1 ) AND ( `from_username` = 'odOIPv6BBFwVYd7DdRIrp2Dk07ZE' ) AND ( `create_date` >= '2017-08' ) ORDER BY create_date desc  [ RunTime:0.058003s ]
SQL: SELECT * FROM `weixin_pay_rec` WHERE ( `del_flag` = 0 ) AND ( `pay_status` = 1 ) AND ( `from_username` = 'odOIPv6BzLohBBiuSmYsnlDieOU0' ) AND ( `create_date` >= '2017-08' ) ORDER BY create_date desc  [ RunTime:0.054003s ]
SQL: SELECT * FROM `weixin_pay_rec` WHERE ( `del_flag` = 0 ) AND ( `pay_status` = 1 ) AND ( `from_username` = 'odOIPv6CBBQ2S5FtY9Z_lMyy8fTM' ) AND ( `create_date` >= '2017-08' ) ORDER BY create_date desc  [ RunTime:0.052003s ]
SQL: SELECT * FROM `weixin_pay_rec` WHERE ( `del_flag` = 0 ) AND ( `pay_status` = 1 ) AND ( `from_username` = 'odOIPv6jFbIzdL3G5JJxjZyGBi_8' ) AND ( `create_date` >= '2017-08' ) ORDER BY create_date desc  [ RunTime:0.055004s ]
SQL: SELECT * FROM `weixin_pay_rec` WHERE ( `del_flag` = 0 ) AND ( `pay_status` = 1 ) AND ( `from_username` = 'odOIPv6O8Ga7vAzAUmkgdR9QAuvc' ) AND ( `create_date` >= '2017-08' ) ORDER BY create_date desc  [ RunTime:0.055003s ]
SQL: SELECT * FROM `weixin_pay_rec` WHERE ( `del_flag` = 0 ) AND ( `pay_status` = 1 ) AND ( `from_username` = 'odOIPv6pkhruMMRkk4p7xVEPQM_E' ) AND ( `create_date` >= '2017-08' ) ORDER BY create_date desc  [ RunTime:0.052003s ]
SQL: SELECT * FROM `weixin_pay_rec` WHERE ( `del_flag` = 0 ) AND ( `pay_status` = 1 ) AND ( `from_username` = 'odOIPv6qqmvzn5JQ8n4oi7CZbvPk' ) AND ( `create_date` >= '2017-08' ) ORDER BY create_date desc  [ RunTime:0.055003s ]
SQL: SELECT * FROM `weixin_pay_rec` WHERE ( `del_flag` = 0 ) AND ( `pay_status` = 1 ) AND ( `from_username` = 'odOIPv6QVU0ymSUFinb906hal4hw' ) AND ( `create_date` >= '2017-08' ) ORDER BY create_date desc  [ RunTime:0.052003s ]
SQL: SELECT * FROM `weixin_pay_rec` WHERE ( `del_flag` = 0 ) AND ( `pay_status` = 1 ) AND ( `from_username` = 'odOIPv6QyYCalyx0nDdEI74v9qY0' ) AND ( `create_date` >= '2017-08' ) ORDER BY create_date desc  [ RunTime:0.052003s ]
SQL: SELECT * FROM `weixin_pay_rec` WHERE ( `del_flag` = 0 ) AND ( `pay_status` = 1 ) AND ( `from_username` = 'odOIPv6snaeVGtsxsYSFn7Dmn0RA' ) AND ( `create_date` >= '2017-08' ) ORDER BY create_date desc  [ RunTime:0.052003s ]
SQL: SELECT * FROM `weixin_pay_rec` WHERE ( `del_flag` = 0 ) AND ( `pay_status` = 1 ) AND ( `from_username` = 'odOIPv6TiEcX1BQIIH-N53c6qd-s' ) AND ( `create_date` >= '2017-08' ) ORDER BY create_date desc  [ RunTime:0.054003s ]
SQL: SELECT * FROM `weixin_pay_rec` WHERE ( `del_flag` = 0 ) AND ( `pay_status` = 1 ) AND ( `from_username` = 'odOIPv6ToP9vorJvxZcO-WT1l-r0' ) AND ( `create_date` >= '2017-08' ) ORDER BY create_date desc  [ RunTime:0.052003s ]
SQL: SELECT * FROM `weixin_pay_rec` WHERE ( `del_flag` = 0 ) AND ( `pay_status` = 1 ) AND ( `from_username` = 'odOIPv6Uyapl6KuR7SP2F5arLVQg' ) AND ( `create_date` >= '2017-08' ) ORDER BY create_date desc  [ RunTime:0.052003s ]
SQL: SELECT * FROM `weixin_pay_rec` WHERE ( `del_flag` = 0 ) AND ( `pay_status` = 1 ) AND ( `from_username` = 'odOIPv6Wv-by0auX2YGpneE8YzsU' ) AND ( `create_date` >= '2017-08' ) ORDER BY create_date desc  [ RunTime:0.051003s ]
SQL: SELECT * FROM `weixin_pay_rec` WHERE ( `del_flag` = 0 ) AND ( `pay_status` = 1 ) AND ( `from_username` = 'odOIPv71H5DRh8nSbIaqavIqd7_s' ) AND ( `create_date` >= '2017-08' ) ORDER BY create_date desc  [ RunTime:0.051003s ]
SQL: SELECT * FROM `weixin_pay_rec` WHERE ( `del_flag` = 0 ) AND ( `pay_status` = 1 ) AND ( `from_username` = 'odOIPv73HYODP5uOCRjyFa7D3Q38' ) AND ( `create_date` >= '2017-08' ) ORDER BY create_date desc  [ RunTime:0.052003s ]
SQL: SELECT * FROM `weixin_pay_rec` WHERE ( `del_flag` = 0 ) AND ( `pay_status` = 1 ) AND ( `from_username` = 'odOIPv74ZO7rlDCpNfKiArqmE10k' ) AND ( `create_date` >= '2017-08' ) ORDER BY create_date desc  [ RunTime:0.054003s ]
SQL: SELECT * FROM `weixin_pay_rec` WHERE ( `del_flag` = 0 ) AND ( `pay_status` = 1 ) AND ( `from_username` = 'odOIPv77CAlKHPy3rmntcFaImRqg' ) AND ( `create_date` >= '2017-08' ) ORDER BY create_date desc  [ RunTime:0.053003s ]
SQL: SELECT * FROM `weixin_pay_rec` WHERE ( `del_flag` = 0 ) AND ( `pay_status` = 1 ) AND ( `from_username` = 'odOIPv79CwpBaXqY47T1Q0Tq98ZQ' ) AND ( `create_date` >= '2017-08' ) ORDER BY create_date desc  [ RunTime:0.054003s ]
SQL: SELECT * FROM `weixin_pay_rec` WHERE ( `del_flag` = 0 ) AND ( `pay_status` = 1 ) AND ( `from_username` = 'odOIPv7aD0Lrx6Hal4wjEzmu35oM' ) AND ( `create_date` >= '2017-08' ) ORDER BY create_date desc  [ RunTime:0.053003s ]
SQL: SELECT * FROM `weixin_pay_rec` WHERE ( `del_flag` = 0 ) AND ( `pay_status` = 1 ) AND ( `from_username` = 'odOIPv7Eg4P30rzv-zp_QftCWxvc' ) AND ( `create_date` >= '2017-08' ) ORDER BY create_date desc  [ RunTime:0.054003s ]
SQL: SELECT * FROM `weixin_pay_rec` WHERE ( `del_flag` = 0 ) AND ( `pay_status` = 1 ) AND ( `from_username` = 'odOIPv7i40uYAJODXRoLrum4wdxc' ) AND ( `create_date` >= '2017-08' ) ORDER BY create_date desc  [ RunTime:0.053003s ]
SQL: SELECT * FROM `weixin_pay_rec` WHERE ( `del_flag` = 0 ) AND ( `pay_status` = 1 ) AND ( `from_username` = 'odOIPv7lVN473eqJk3aZY7fPRfeE' ) AND ( `create_date` >= '2017-08' ) ORDER BY create_date desc  [ RunTime:0.056003s ]
SQL: SELECT * FROM `weixin_pay_rec` WHERE ( `del_flag` = 0 ) AND ( `pay_status` = 1 ) AND ( `from_username` = 'odOIPv7M3TtGXpNRMpGjBkLPVQcQ' ) AND ( `create_date` >= '2017-08' ) ORDER BY create_date desc  [ RunTime:0.054004s ]
SQL: SELECT * FROM `weixin_pay_rec` WHERE ( `del_flag` = 0 ) AND ( `pay_status` = 1 ) AND ( `from_username` = 'odOIPv7mTpxyWkP5zhMSSCyhSLVg' ) AND ( `create_date` >= '2017-08' ) ORDER BY create_date desc  [ RunTime:0.053003s ]
SQL: SELECT * FROM `weixin_pay_rec` WHERE ( `del_flag` = 0 ) AND ( `pay_status` = 1 ) AND ( `from_username` = 'odOIPv7NLYWlqA_2c7Gtbno8gPnU' ) AND ( `create_date` >= '2017-08' ) ORDER BY create_date desc  [ RunTime:0.052003s ]
SQL: SELECT * FROM `weixin_pay_rec` WHERE ( `del_flag` = 0 ) AND ( `pay_status` = 1 ) AND ( `from_username` = 'odOIPv7O35a0ILIh1NB2Wy5ZlguY' ) AND ( `create_date` >= '2017-08' ) ORDER BY create_date desc  [ RunTime:0.053003s ]
SQL: SELECT * FROM `weixin_pay_rec` WHERE ( `del_flag` = 0 ) AND ( `pay_status` = 1 ) AND ( `from_username` = 'odOIPv7pZhuWlmv5tjUOqIOR-l_s' ) AND ( `create_date` >= '2017-08' ) ORDER BY create_date desc  [ RunTime:0.064003s ]
SQL: SELECT * FROM `weixin_pay_rec` WHERE ( `del_flag` = 0 ) AND ( `pay_status` = 1 ) AND ( `from_username` = 'odOIPv7vnsMs92EDX9VJRciUpPxg' ) AND ( `create_date` >= '2017-08' ) ORDER BY create_date desc  [ RunTime:0.059004s ]
SQL: SELECT * FROM `weixin_pay_rec` WHERE ( `del_flag` = 0 ) AND ( `pay_status` = 1 ) AND ( `from_username` = 'odOIPv7X1w1vVbIipEySYF8Mfd5M' ) AND ( `create_date` >= '2017-08' ) ORDER BY create_date desc  [ RunTime:0.068004s ]
SQL: SELECT * FROM `weixin_pay_rec` WHERE ( `del_flag` = 0 ) AND ( `pay_status` = 1 ) AND ( `from_username` = 'odOIPv7XZlxw10QVZoMHhD-mAPXk' ) AND ( `create_date` >= '2017-08' ) ORDER BY create_date desc  [ RunTime:0.056003s ]
SQL: SELECT * FROM `weixin_pay_rec` WHERE ( `del_flag` = 0 ) AND ( `pay_status` = 1 ) AND ( `from_username` = 'odOIPv7yFjYGY6lDUYJpe7l4SPh4' ) AND ( `create_date` >= '2017-08' ) ORDER BY create_date desc  [ RunTime:0.055003s ]
SQL: SELECT * FROM `weixin_pay_rec` WHERE ( `del_flag` = 0 ) AND ( `pay_status` = 1 ) AND ( `from_username` = 'odOIPv7yfw5GeeoHYIw39SQ9Qcfc' ) AND ( `create_date` >= '2017-08' ) ORDER BY create_date desc  [ RunTime:0.058003s ]
SQL: SELECT * FROM `weixin_pay_rec` WHERE ( `del_flag` = 0 ) AND ( `pay_status` = 1 ) AND ( `from_username` = 'odOIPv7YHmfenJK7SVEkVrq91prg' ) AND ( `create_date` >= '2017-08' ) ORDER BY create_date desc  [ RunTime:0.059004s ]
SQL: SELECT * FROM `weixin_pay_rec` WHERE ( `del_flag` = 0 ) AND ( `pay_status` = 1 ) AND ( `from_username` = 'odOIPv7zzI3CIhDmKOG_tn40RpqM' ) AND ( `create_date` >= '2017-08' ) ORDER BY create_date desc  [ RunTime:0.059003s ]
SQL: SELECT * FROM `weixin_pay_rec` WHERE ( `del_flag` = 0 ) AND ( `pay_status` = 1 ) AND ( `from_username` = 'odOIPv859aC0UHcUKqgLbELWlRGE' ) AND ( `create_date` >= '2017-08' ) ORDER BY create_date desc  [ RunTime:0.057003s ]
SQL: SELECT * FROM `weixin_pay_rec` WHERE ( `del_flag` = 0 ) AND ( `pay_status` = 1 ) AND ( `from_username` = 'odOIPv8AE5XwIYOVV5pN40VA8asg' ) AND ( `create_date` >= '2017-08' ) ORDER BY create_date desc  [ RunTime:0.053003s ]
SQL: SELECT * FROM `weixin_pay_rec` WHERE ( `del_flag` = 0 ) AND ( `pay_status` = 1 ) AND ( `from_username` = 'odOIPv8b8CxCclXGCqjQ5y7URwAs' ) AND ( `create_date` >= '2017-08' ) ORDER BY create_date desc  [ RunTime:0.054003s ]
SQL: SELECT * FROM `weixin_pay_rec` WHERE ( `del_flag` = 0 ) AND ( `pay_status` = 1 ) AND ( `from_username` = 'odOIPv8bNnFyJAMwDw8gP79zAfQk' ) AND ( `create_date` >= '2017-08' ) ORDER BY create_date desc  [ RunTime:0.054003s ]
SQL: SELECT * FROM `weixin_pay_rec` WHERE ( `del_flag` = 0 ) AND ( `pay_status` = 1 ) AND ( `from_username` = 'odOIPv8C1YAl-GIcIx4_DOQkT-D0' ) AND ( `create_date` >= '2017-08' ) ORDER BY create_date desc  [ RunTime:0.051003s ]
SQL: SELECT * FROM `weixin_pay_rec` WHERE ( `del_flag` = 0 ) AND ( `pay_status` = 1 ) AND ( `from_username` = 'odOIPv8C3Jd97LWUN7qacrOQDHAs' ) AND ( `create_date` >= '2017-08' ) ORDER BY create_date desc  [ RunTime:0.063003s ]
SQL: SELECT * FROM `weixin_pay_rec` WHERE ( `del_flag` = 0 ) AND ( `pay_status` = 1 ) AND ( `from_username` = 'odOIPv8DAqIdGaopnU1DWygagzI4' ) AND ( `create_date` >= '2017-08' ) ORDER BY create_date desc  [ RunTime:0.052003s ]
SQL: SELECT * FROM `weixin_pay_rec` WHERE ( `del_flag` = 0 ) AND ( `pay_status` = 1 ) AND ( `from_username` = 'odOIPv8F9_D1RtbmgSWiifzEkPP4' ) AND ( `create_date` >= '2017-08' ) ORDER BY create_date desc  [ RunTime:0.052003s ]
SQL: SELECT * FROM `weixin_pay_rec` WHERE ( `del_flag` = 0 ) AND ( `pay_status` = 1 ) AND ( `from_username` = 'odOIPv8kNacvcpQ6LVhbdHsfTiC4' ) AND ( `create_date` >= '2017-08' ) ORDER BY create_date desc  [ RunTime:0.052003s ]
SQL: SELECT * FROM `weixin_pay_rec` WHERE ( `del_flag` = 0 ) AND ( `pay_status` = 1 ) AND ( `from_username` = 'odOIPv8mAeqIeEEqf6JTXrMetmLA' ) AND ( `create_date` >= '2017-08' ) ORDER BY create_date desc  [ RunTime:0.052003s ]
SQL: SELECT * FROM `weixin_pay_rec` WHERE ( `del_flag` = 0 ) AND ( `pay_status` = 1 ) AND ( `from_username` = 'odOIPv8M_8V-uYeY42jDoXuOlehw' ) AND ( `create_date` >= '2017-08' ) ORDER BY create_date desc  [ RunTime:0.052003s ]
SQL: SELECT * FROM `weixin_pay_rec` WHERE ( `del_flag` = 0 ) AND ( `pay_status` = 1 ) AND ( `from_username` = 'odOIPv8RxMucn93Mt70j1GQu5FOA' ) AND ( `create_date` >= '2017-08' ) ORDER BY create_date desc  [ RunTime:0.052003s ]
SQL: SELECT * FROM `weixin_pay_rec` WHERE ( `del_flag` = 0 ) AND ( `pay_status` = 1 ) AND ( `from_username` = 'odOIPv8ym2LJpiVO7vcZL3NbODug' ) AND ( `create_date` >= '2017-08' ) ORDER BY create_date desc  [ RunTime:0.055003s ]
SQL: SELECT * FROM `weixin_pay_rec` WHERE ( `del_flag` = 0 ) AND ( `pay_status` = 1 ) AND ( `from_username` = 'odOIPv8yTT4CFAZ03M4q7lpO58h8' ) AND ( `create_date` >= '2017-08' ) ORDER BY create_date desc  [ RunTime:0.053004s ]
SQL: SELECT * FROM `weixin_pay_rec` WHERE ( `del_flag` = 0 ) AND ( `pay_status` = 1 ) AND ( `from_username` = 'odOIPv91IGl7uctH4J5qpclm4x54' ) AND ( `create_date` >= '2017-08' ) ORDER BY create_date desc  [ RunTime:0.054003s ]
SQL: SELECT * FROM `weixin_pay_rec` WHERE ( `del_flag` = 0 ) AND ( `pay_status` = 1 ) AND ( `from_username` = 'odOIPv96piCeiUj4cLSkLto0Ps_4' ) AND ( `create_date` >= '2017-08' ) ORDER BY create_date desc  [ RunTime:0.052003s ]
SQL: SELECT * FROM `weixin_pay_rec` WHERE ( `del_flag` = 0 ) AND ( `pay_status` = 1 ) AND ( `from_username` = 'odOIPv96QEy29xYM6cH8Nh4W-4_I' ) AND ( `create_date` >= '2017-08' ) ORDER BY create_date desc  [ RunTime:0.054003s ]
SQL: SELECT * FROM `weixin_pay_rec` WHERE ( `del_flag` = 0 ) AND ( `pay_status` = 1 ) AND ( `from_username` = 'odOIPv99A6IWBnqzEKqWktvBXn3M' ) AND ( `create_date` >= '2017-08' ) ORDER BY create_date desc  [ RunTime:0.056003s ]
SQL: SELECT * FROM `weixin_pay_rec` WHERE ( `del_flag` = 0 ) AND ( `pay_status` = 1 ) AND ( `from_username` = 'odOIPv9bpNhHBavOvPn3LeuKf6T4' ) AND ( `create_date` >= '2017-08' ) ORDER BY create_date desc  [ RunTime:0.054003s ]
SQL: SELECT * FROM `weixin_pay_rec` WHERE ( `del_flag` = 0 ) AND ( `pay_status` = 1 ) AND ( `from_username` = 'odOIPv9e779jxJaBn5_aBMfHWZ2Y' ) AND ( `create_date` >= '2017-08' ) ORDER BY create_date desc  [ RunTime:0.052003s ]
SQL: SELECT * FROM `weixin_pay_rec` WHERE ( `del_flag` = 0 ) AND ( `pay_status` = 1 ) AND ( `from_username` = 'odOIPv9ge7PTIrwa5ELR0Bz_L1bg' ) AND ( `create_date` >= '2017-08' ) ORDER BY create_date desc  [ RunTime:0.052003s ]
SQL: SELECT * FROM `weixin_pay_rec` WHERE ( `del_flag` = 0 ) AND ( `pay_status` = 1 ) AND ( `from_username` = 'odOIPv9hiuhNFJBWJdKrQyvxfQjo' ) AND ( `create_date` >= '2017-08' ) ORDER BY create_date desc  [ RunTime:0.052003s ]
SQL: SELECT * FROM `weixin_pay_rec` WHERE ( `del_flag` = 0 ) AND ( `pay_status` = 1 ) AND ( `from_username` = 'odOIPv9HjZI4Ootfts_0vu6zRBNI' ) AND ( `create_date` >= '2017-08' ) ORDER BY create_date desc  [ RunTime:0.053003s ]
SQL: SELECT * FROM `weixin_pay_rec` WHERE ( `del_flag` = 0 ) AND ( `pay_status` = 1 ) AND ( `from_username` = 'odOIPv9i4oXVXVTsfZS30DsSUMbo' ) AND ( `create_date` >= '2017-08' ) ORDER BY create_date desc  [ RunTime:0.052003s ]
SQL: SELECT * FROM `weixin_pay_rec` WHERE ( `del_flag` = 0 ) AND ( `pay_status` = 1 ) AND ( `from_username` = 'odOIPv9ifirOHJfJAGMda9n1rHlw' ) AND ( `create_date` >= '2017-08' ) ORDER BY create_date desc  [ RunTime:0.052003s ]
SQL: SELECT * FROM `weixin_pay_rec` WHERE ( `del_flag` = 0 ) AND ( `pay_status` = 1 ) AND ( `from_username` = 'odOIPv9Ij5zcfrKdyFFtLc6ez4P0' ) AND ( `create_date` >= '2017-08' ) ORDER BY create_date desc  [ RunTime:0.053003s ]
SQL: SELECT * FROM `weixin_pay_rec` WHERE ( `del_flag` = 0 ) AND ( `pay_status` = 1 ) AND ( `from_username` = 'odOIPv9LCJRKY5IDfbqEX2oSshY0' ) AND ( `create_date` >= '2017-08' ) ORDER BY create_date desc  [ RunTime:0.051003s ]
SQL: SELECT * FROM `weixin_pay_rec` WHERE ( `del_flag` = 0 ) AND ( `pay_status` = 1 ) AND ( `from_username` = 'odOIPv9lHLiBYkFoJtPeQqgIFA1Q' ) AND ( `create_date` >= '2017-08' ) ORDER BY create_date desc  [ RunTime:0.054003s ]
SQL: SELECT * FROM `weixin_pay_rec` WHERE ( `del_flag` = 0 ) AND ( `pay_status` = 1 ) AND ( `from_username` = 'odOIPv9mpRhQTFFU0E-_0qa6bPGU' ) AND ( `create_date` >= '2017-08' ) ORDER BY create_date desc  [ RunTime:0.053003s ]
SQL: SELECT * FROM `weixin_pay_rec` WHERE ( `del_flag` = 0 ) AND ( `pay_status` = 1 ) AND ( `from_username` = 'odOIPv9MqP_ngxASwCRbNVfFQWGI' ) AND ( `create_date` >= '2017-08' ) ORDER BY create_date desc  [ RunTime:0.053003s ]
SQL: SELECT * FROM `weixin_pay_rec` WHERE ( `del_flag` = 0 ) AND ( `pay_status` = 1 ) AND ( `from_username` = 'odOIPv9UcOs4N_jKX0452dfrg45drfr5y' ) AND ( `create_date` >= '2017-08' ) ORDER BY create_date desc  [ RunTime:0.053003s ]
SQL: SELECT * FROM `weixin_pay_rec` WHERE ( `del_flag` = 0 ) AND ( `pay_status` = 1 ) AND ( `from_username` = 'odOIPv9UcOs4N_jKX0JECOwADE7s' ) AND ( `create_date` >= '2017-08' ) ORDER BY create_date desc  [ RunTime:0.056004s ]
SQL: SELECT * FROM `weixin_pay_rec` WHERE ( `del_flag` = 0 ) AND ( `pay_status` = 1 ) AND ( `from_username` = 'odOIPv9VvY1CD2hDgl1e11jobOcY' ) AND ( `create_date` >= '2017-08' ) ORDER BY create_date desc  [ RunTime:0.051002s ]
SQL: SELECT * FROM `weixin_pay_rec` WHERE ( `del_flag` = 0 ) AND ( `pay_status` = 1 ) AND ( `from_username` = 'odOIPv9XHgM-RQAQlv5rQAwTXowc' ) AND ( `create_date` >= '2017-08' ) ORDER BY create_date desc  [ RunTime:0.053004s ]
SQL: SELECT * FROM `weixin_pay_rec` WHERE ( `del_flag` = 0 ) AND ( `pay_status` = 1 ) AND ( `from_username` = 'odOIPvw-QwLcTBo94klksYFvQmMQ' ) AND ( `create_date` >= '2017-08' ) ORDER BY create_date desc  [ RunTime:0.052002s ]
SQL: SELECT * FROM `weixin_pay_rec` WHERE ( `del_flag` = 0 ) AND ( `pay_status` = 1 ) AND ( `from_username` = 'odOIPvw3s8w3_m_MCQhCellVEiyk' ) AND ( `create_date` >= '2017-08' ) ORDER BY create_date desc  [ RunTime:0.053004s ]
SQL: SELECT * FROM `weixin_pay_rec` WHERE ( `del_flag` = 0 ) AND ( `pay_status` = 1 ) AND ( `from_username` = 'odOIPvw5Esn7hmtmyFFSDn5Naiog' ) AND ( `create_date` >= '2017-08' ) ORDER BY create_date desc  [ RunTime:0.052002s ]
SQL: SELECT * FROM `weixin_pay_rec` WHERE ( `del_flag` = 0 ) AND ( `pay_status` = 1 ) AND ( `from_username` = 'odOIPvw7xmR9ea1J3Cw_WJ1TvWo0' ) AND ( `create_date` >= '2017-08' ) ORDER BY create_date desc  [ RunTime:0.057004s ]
SQL: SELECT * FROM `weixin_pay_rec` WHERE ( `del_flag` = 0 ) AND ( `pay_status` = 1 ) AND ( `from_username` = 'odOIPvwf7CpyhsM_WBb_n3sZliNc' ) AND ( `create_date` >= '2017-08' ) ORDER BY create_date desc  [ RunTime:0.051003s ]
SQL: SELECT * FROM `weixin_pay_rec` WHERE ( `del_flag` = 0 ) AND ( `pay_status` = 1 ) AND ( `from_username` = 'odOIPvwFUySJTOsht9xpmQjT08oI' ) AND ( `create_date` >= '2017-08' ) ORDER BY create_date desc  [ RunTime:0.053003s ]
SQL: SELECT * FROM `weixin_pay_rec` WHERE ( `del_flag` = 0 ) AND ( `pay_status` = 1 ) AND ( `from_username` = 'odOIPvwg5Vppvv2vBRFkhsc2W6NM' ) AND ( `create_date` >= '2017-08' ) ORDER BY create_date desc  [ RunTime:0.052003s ]
SQL: SELECT * FROM `weixin_pay_rec` WHERE ( `del_flag` = 0 ) AND ( `pay_status` = 1 ) AND ( `from_username` = 'odOIPvwHRSvJt7vxpqd-3XRL0InI' ) AND ( `create_date` >= '2017-08' ) ORDER BY create_date desc  [ RunTime:0.053003s ]
SQL: SELECT * FROM `weixin_pay_rec` WHERE ( `del_flag` = 0 ) AND ( `pay_status` = 1 ) AND ( `from_username` = 'odOIPvwhVsv2Z0olGm2KMzUSpKlI' ) AND ( `create_date` >= '2017-08' ) ORDER BY create_date desc  [ RunTime:0.053003s ]
SQL: SELECT * FROM `weixin_pay_rec` WHERE ( `del_flag` = 0 ) AND ( `pay_status` = 1 ) AND ( `from_username` = 'odOIPvwn4zeAT8Qlmt_SgXbuOZs4' ) AND ( `create_date` >= '2017-08' ) ORDER BY create_date desc  [ RunTime:0.056003s ]
SQL: SELECT * FROM `weixin_pay_rec` WHERE ( `del_flag` = 0 ) AND ( `pay_status` = 1 ) AND ( `from_username` = 'odOIPvwrHB1icwysVHtiazbuqxho' ) AND ( `create_date` >= '2017-08' ) ORDER BY create_date desc  [ RunTime:0.054003s ]
SQL: SELECT * FROM `weixin_pay_rec` WHERE ( `del_flag` = 0 ) AND ( `pay_status` = 1 ) AND ( `from_username` = 'odOIPvwsOtg-nOd9FnYFtMB3ZI_8' ) AND ( `create_date` >= '2017-08' ) ORDER BY create_date desc  [ RunTime:0.054003s ]
SQL: SELECT * FROM `weixin_pay_rec` WHERE ( `del_flag` = 0 ) AND ( `pay_status` = 1 ) AND ( `from_username` = 'odOIPvwvBUUbRFQPG0I3ji4ix-qU' ) AND ( `create_date` >= '2017-08' ) ORDER BY create_date desc  [ RunTime:0.052003s ]
SQL: SELECT * FROM `weixin_pay_rec` WHERE ( `del_flag` = 0 ) AND ( `pay_status` = 1 ) AND ( `from_username` = 'odOIPvwW9I4U2NkNyH3oeRRnsdJg' ) AND ( `create_date` >= '2017-08' ) ORDER BY create_date desc  [ RunTime:0.054003s ]
SQL: SELECT * FROM `weixin_pay_rec` WHERE ( `del_flag` = 0 ) AND ( `pay_status` = 1 ) AND ( `from_username` = 'odOIPvwWoXa7LfOQsa_TXwcJkEfQ' ) AND ( `create_date` >= '2017-08' ) ORDER BY create_date desc  [ RunTime:0.052003s ]
SQL: SELECT * FROM `weixin_pay_rec` WHERE ( `del_flag` = 0 ) AND ( `pay_status` = 1 ) AND ( `from_username` = 'odOIPvwXsNbwWb7dHBtBMEeNRI-8' ) AND ( `create_date` >= '2017-08' ) ORDER BY create_date desc  [ RunTime:0.053003s ]
SQL: SELECT * FROM `weixin_pay_rec` WHERE ( `del_flag` = 0 ) AND ( `pay_status` = 1 ) AND ( `from_username` = 'odOIPvwxXooWv2fX0y9gjb8x-iEE' ) AND ( `create_date` >= '2017-08' ) ORDER BY create_date desc  [ RunTime:0.054003s ]
SQL: SELECT * FROM `weixin_pay_rec` WHERE ( `del_flag` = 0 ) AND ( `pay_status` = 1 ) AND ( `from_username` = 'odOIPvx7KrZ_Z1INZbnrnVICTI-o' ) AND ( `create_date` >= '2017-08' ) ORDER BY create_date desc  [ RunTime:0.056004s ]
SQL: SELECT * FROM `weixin_pay_rec` WHERE ( `del_flag` = 0 ) AND ( `pay_status` = 1 ) AND ( `from_username` = 'odOIPvxB9XcQNrRwGibOXKHcyRPw' ) AND ( `create_date` >= '2017-08' ) ORDER BY create_date desc  [ RunTime:0.060003s ]
SQL: SELECT * FROM `weixin_pay_rec` WHERE ( `del_flag` = 0 ) AND ( `pay_status` = 1 ) AND ( `from_username` = 'odOIPvxcEss1cfBjGDcUqCkbWplk' ) AND ( `create_date` >= '2017-08' ) ORDER BY create_date desc  [ RunTime:0.053003s ]
SQL: SELECT * FROM `weixin_pay_rec` WHERE ( `del_flag` = 0 ) AND ( `pay_status` = 1 ) AND ( `from_username` = 'odOIPvxdUNZPj6m3ENG17qpmhsbQ' ) AND ( `create_date` >= '2017-08' ) ORDER BY create_date desc  [ RunTime:0.055003s ]
SQL: SELECT * FROM `weixin_pay_rec` WHERE ( `del_flag` = 0 ) AND ( `pay_status` = 1 ) AND ( `from_username` = 'odOIPvxEeMH1QVT5cR6eAypcTbP8' ) AND ( `create_date` >= '2017-08' ) ORDER BY create_date desc  [ RunTime:0.055003s ]
SQL: SELECT * FROM `weixin_pay_rec` WHERE ( `del_flag` = 0 ) AND ( `pay_status` = 1 ) AND ( `from_username` = 'odOIPvxEFmRAqmj3BaqDpGRI62po' ) AND ( `create_date` >= '2017-08' ) ORDER BY create_date desc  [ RunTime:0.054004s ]
SQL: SELECT * FROM `weixin_pay_rec` WHERE ( `del_flag` = 0 ) AND ( `pay_status` = 1 ) AND ( `from_username` = 'odOIPvxELymcSwcNxFMwjmVg4i-0' ) AND ( `create_date` >= '2017-08' ) ORDER BY create_date desc  [ RunTime:0.053003s ]
SQL: SELECT * FROM `weixin_pay_rec` WHERE ( `del_flag` = 0 ) AND ( `pay_status` = 1 ) AND ( `from_username` = 'odOIPvxfRE9xnMH8FlXQurauydag' ) AND ( `create_date` >= '2017-08' ) ORDER BY create_date desc  [ RunTime:0.051003s ]
SQL: SELECT * FROM `weixin_pay_rec` WHERE ( `del_flag` = 0 ) AND ( `pay_status` = 1 ) AND ( `from_username` = 'odOIPvxLj--iTDvSP-uil4t9tbUw' ) AND ( `create_date` >= '2017-08' ) ORDER BY create_date desc  [ RunTime:0.054003s ]
SQL: SELECT * FROM `weixin_pay_rec` WHERE ( `del_flag` = 0 ) AND ( `pay_status` = 1 ) AND ( `from_username` = 'odOIPvxmsTre7bNTlMM6nAnRnoMk' ) AND ( `create_date` >= '2017-08' ) ORDER BY create_date desc  [ RunTime:0.051003s ]
SQL: SELECT * FROM `weixin_pay_rec` WHERE ( `del_flag` = 0 ) AND ( `pay_status` = 1 ) AND ( `from_username` = 'odOIPvxMXw9zIDYf1h35v107qFts' ) AND ( `create_date` >= '2017-08' ) ORDER BY create_date desc  [ RunTime:0.059003s ]
SQL: SELECT * FROM `weixin_pay_rec` WHERE ( `del_flag` = 0 ) AND ( `pay_status` = 1 ) AND ( `from_username` = 'odOIPvxpiqZ-vQttzfQTvOvWvihA' ) AND ( `create_date` >= '2017-08' ) ORDER BY create_date desc  [ RunTime:0.061003s ]
SQL: SELECT * FROM `weixin_pay_rec` WHERE ( `del_flag` = 0 ) AND ( `pay_status` = 1 ) AND ( `from_username` = 'odOIPvxpOoSTIgOQEBGbOv6lJgPM' ) AND ( `create_date` >= '2017-08' ) ORDER BY create_date desc  [ RunTime:0.055004s ]
SQL: SELECT * FROM `weixin_pay_rec` WHERE ( `del_flag` = 0 ) AND ( `pay_status` = 1 ) AND ( `from_username` = 'odOIPvxPSVk0GW_6u9jiQLpS1GeM' ) AND ( `create_date` >= '2017-08' ) ORDER BY create_date desc  [ RunTime:0.052003s ]
SQL: SELECT * FROM `weixin_pay_rec` WHERE ( `del_flag` = 0 ) AND ( `pay_status` = 1 ) AND ( `from_username` = 'odOIPvxWfk8RMP9_A-sOI0vWxvUk' ) AND ( `create_date` >= '2017-08' ) ORDER BY create_date desc  [ RunTime:0.053003s ]
SQL: SELECT * FROM `weixin_pay_rec` WHERE ( `del_flag` = 0 ) AND ( `pay_status` = 1 ) AND ( `from_username` = 'odOIPvy3Hg_KQIHzFmwVehq_Afgc' ) AND ( `create_date` >= '2017-08' ) ORDER BY create_date desc  [ RunTime:0.053003s ]
SQL: SELECT * FROM `weixin_pay_rec` WHERE ( `del_flag` = 0 ) AND ( `pay_status` = 1 ) AND ( `from_username` = 'odOIPvy4os46NsV9PvhOxUWSQVho' ) AND ( `create_date` >= '2017-08' ) ORDER BY create_date desc  [ RunTime:0.058003s ]
SQL: SELECT * FROM `weixin_pay_rec` WHERE ( `del_flag` = 0 ) AND ( `pay_status` = 1 ) AND ( `from_username` = 'odOIPvy5AJmOaw-mMKIvsHHNl9Zg' ) AND ( `create_date` >= '2017-08' ) ORDER BY create_date desc  [ RunTime:0.056003s ]
SQL: SELECT * FROM `weixin_pay_rec` WHERE ( `del_flag` = 0 ) AND ( `pay_status` = 1 ) AND ( `from_username` = 'odOIPvy6JrRpFsQx0lCyJ6a5w9Og' ) AND ( `create_date` >= '2017-08' ) ORDER BY create_date desc  [ RunTime:0.059004s ]
SQL: SELECT * FROM `weixin_pay_rec` WHERE ( `del_flag` = 0 ) AND ( `pay_status` = 1 ) AND ( `from_username` = 'odOIPvy8l3VF6CUMIbFlRZ_bmZr8' ) AND ( `create_date` >= '2017-08' ) ORDER BY create_date desc  [ RunTime:0.055003s ]
SQL: SELECT * FROM `weixin_pay_rec` WHERE ( `del_flag` = 0 ) AND ( `pay_status` = 1 ) AND ( `from_username` = 'odOIPvy9vrIO3nDfzk0zwnyI2UZA' ) AND ( `create_date` >= '2017-08' ) ORDER BY create_date desc  [ RunTime:0.056003s ]
SQL: SELECT * FROM `weixin_pay_rec` WHERE ( `del_flag` = 0 ) AND ( `pay_status` = 1 ) AND ( `from_username` = 'odOIPvyAsdMHXO1uaEIXmhi4lWTE' ) AND ( `create_date` >= '2017-08' ) ORDER BY create_date desc  [ RunTime:0.056003s ]
SQL: SELECT * FROM `weixin_pay_rec` WHERE ( `del_flag` = 0 ) AND ( `pay_status` = 1 ) AND ( `from_username` = 'odOIPvyf2t-dsOXdxyKMSZ2FPGg8' ) AND ( `create_date` >= '2017-08' ) ORDER BY create_date desc  [ RunTime:0.055003s ]
SQL: SELECT * FROM `weixin_pay_rec` WHERE ( `del_flag` = 0 ) AND ( `pay_status` = 1 ) AND ( `from_username` = 'odOIPvyF8cGeF2s7gVmIjoaK39T8' ) AND ( `create_date` >= '2017-08' ) ORDER BY create_date desc  [ RunTime:0.057004s ]
SQL: SELECT * FROM `weixin_pay_rec` WHERE ( `del_flag` = 0 ) AND ( `pay_status` = 1 ) AND ( `from_username` = 'odOIPvyfxkdk3t1AQ9gfy-SMU6Aw' ) AND ( `create_date` >= '2017-08' ) ORDER BY create_date desc  [ RunTime:0.054003s ]
SQL: SELECT * FROM `weixin_pay_rec` WHERE ( `del_flag` = 0 ) AND ( `pay_status` = 1 ) AND ( `from_username` = 'odOIPvyGq12FFuVPOSnfK4hsJMSw' ) AND ( `create_date` >= '2017-08' ) ORDER BY create_date desc  [ RunTime:0.051003s ]
SQL: SELECT * FROM `weixin_pay_rec` WHERE ( `del_flag` = 0 ) AND ( `pay_status` = 1 ) AND ( `from_username` = 'odOIPvygVmVT6GnzLWu_rtuPxf2M' ) AND ( `create_date` >= '2017-08' ) ORDER BY create_date desc  [ RunTime:0.055003s ]
SQL: SELECT * FROM `weixin_pay_rec` WHERE ( `del_flag` = 0 ) AND ( `pay_status` = 1 ) AND ( `from_username` = 'odOIPvyhhhE9uLoDlfSivuvp9Bas' ) AND ( `create_date` >= '2017-08' ) ORDER BY create_date desc  [ RunTime:0.051003s ]
SQL: SELECT * FROM `weixin_pay_rec` WHERE ( `del_flag` = 0 ) AND ( `pay_status` = 1 ) AND ( `from_username` = 'odOIPvyHYI9IiBM0xKrLNRM3oYDY' ) AND ( `create_date` >= '2017-08' ) ORDER BY create_date desc  [ RunTime:0.058003s ]
SQL: SELECT * FROM `weixin_pay_rec` WHERE ( `del_flag` = 0 ) AND ( `pay_status` = 1 ) AND ( `from_username` = 'odOIPvyhZ-oedhsM-F-n2JraV6qA' ) AND ( `create_date` >= '2017-08' ) ORDER BY create_date desc  [ RunTime:0.060004s ]
SQL: SELECT * FROM `weixin_pay_rec` WHERE ( `del_flag` = 0 ) AND ( `pay_status` = 1 ) AND ( `from_username` = 'odOIPvyI5C8VBxdt-RkQoF84p-Kk' ) AND ( `create_date` >= '2017-08' ) ORDER BY create_date desc  [ RunTime:0.064004s ]
SQL: SELECT * FROM `weixin_pay_rec` WHERE ( `del_flag` = 0 ) AND ( `pay_status` = 1 ) AND ( `from_username` = 'odOIPvyQo73HzsWvKg4DsJP7_hFQ' ) AND ( `create_date` >= '2017-08' ) ORDER BY create_date desc  [ RunTime:0.102005s ]
SQL: SELECT * FROM `weixin_pay_rec` WHERE ( `del_flag` = 0 ) AND ( `pay_status` = 1 ) AND ( `from_username` = 'odOIPvyqpOYoqNuhga3npxGvTnHE' ) AND ( `create_date` >= '2017-08' ) ORDER BY create_date desc  [ RunTime:0.100006s ]
SQL: SELECT * FROM `weixin_pay_rec` WHERE ( `del_flag` = 0 ) AND ( `pay_status` = 1 ) AND ( `from_username` = 'odOIPvysF51UUvH7kF8p5lFbPLic' ) AND ( `create_date` >= '2017-08' ) ORDER BY create_date desc  [ RunTime:0.061004s ]
SQL: SELECT * FROM `weixin_pay_rec` WHERE ( `del_flag` = 0 ) AND ( `pay_status` = 1 ) AND ( `from_username` = 'odOIPvyTY9zjvh8n6L_98qsOKdOI' ) AND ( `create_date` >= '2017-08' ) ORDER BY create_date desc  [ RunTime:0.058003s ]
SQL: SELECT * FROM `weixin_pay_rec` WHERE ( `del_flag` = 0 ) AND ( `pay_status` = 1 ) AND ( `from_username` = 'odOIPvyWJW2sQRoho479y3fXGouc' ) AND ( `create_date` >= '2017-08' ) ORDER BY create_date desc  [ RunTime:0.054003s ]
SQL: SELECT * FROM `weixin_pay_rec` WHERE ( `del_flag` = 0 ) AND ( `pay_status` = 1 ) AND ( `from_username` = 'odOIPvyyHLYwdLvGQcUk769v5UbM' ) AND ( `create_date` >= '2017-08' ) ORDER BY create_date desc  [ RunTime:0.058003s ]
SQL: SELECT * FROM `weixin_pay_rec` WHERE ( `del_flag` = 0 ) AND ( `pay_status` = 1 ) AND ( `from_username` = 'odOIPvyZ2DLOI9Kr2uWU-3mCBd5w' ) AND ( `create_date` >= '2017-08' ) ORDER BY create_date desc  [ RunTime:0.055004s ]
SQL: SELECT * FROM `weixin_pay_rec` WHERE ( `del_flag` = 0 ) AND ( `pay_status` = 1 ) AND ( `from_username` = 'odOIPvyzG_J2QsM7ItxYzXINx8wI' ) AND ( `create_date` >= '2017-08' ) ORDER BY create_date desc  [ RunTime:0.058003s ]
SQL: SELECT * FROM `weixin_pay_rec` WHERE ( `del_flag` = 0 ) AND ( `pay_status` = 1 ) AND ( `from_username` = 'odOIPvyzRU6R5KRbAZzjcaMRNyMI' ) AND ( `create_date` >= '2017-08' ) ORDER BY create_date desc  [ RunTime:0.061003s ]
SQL: SELECT * FROM `weixin_pay_rec` WHERE ( `del_flag` = 0 ) AND ( `pay_status` = 1 ) AND ( `from_username` = 'odOIPvz0LK99oPOpDo4ztLQT0Mzk' ) AND ( `create_date` >= '2017-08' ) ORDER BY create_date desc  [ RunTime:0.060004s ]
SQL: SELECT * FROM `weixin_pay_rec` WHERE ( `del_flag` = 0 ) AND ( `pay_status` = 1 ) AND ( `from_username` = 'odOIPvz1pWnhBVbBlE0hAyk6CJ9s' ) AND ( `create_date` >= '2017-08' ) ORDER BY create_date desc  [ RunTime:0.060003s ]
SQL: SELECT * FROM `weixin_pay_rec` WHERE ( `del_flag` = 0 ) AND ( `pay_status` = 1 ) AND ( `from_username` = 'odOIPvz2IEMKQCAOr5Fc2g73CaUU' ) AND ( `create_date` >= '2017-08' ) ORDER BY create_date desc  [ RunTime:0.056003s ]
SQL: SELECT * FROM `weixin_pay_rec` WHERE ( `del_flag` = 0 ) AND ( `pay_status` = 1 ) AND ( `from_username` = 'odOIPvz3i9_9nWG0BjVInylcwXu0' ) AND ( `create_date` >= '2017-08' ) ORDER BY create_date desc  [ RunTime:0.058004s ]
SQL: SELECT * FROM `weixin_pay_rec` WHERE ( `del_flag` = 0 ) AND ( `pay_status` = 1 ) AND ( `from_username` = 'odOIPvz5J72V42nWXA_GdtHYU8Xg' ) AND ( `create_date` >= '2017-08' ) ORDER BY create_date desc  [ RunTime:0.067004s ]
SQL: SELECT * FROM `weixin_pay_rec` WHERE ( `del_flag` = 0 ) AND ( `pay_status` = 1 ) AND ( `from_username` = 'odOIPvz9SEFYBghGOgQzNb9v9RuM' ) AND ( `create_date` >= '2017-08' ) ORDER BY create_date desc  [ RunTime:0.053003s ]
SQL: SELECT * FROM `weixin_pay_rec` WHERE ( `del_flag` = 0 ) AND ( `pay_status` = 1 ) AND ( `from_username` = 'odOIPvzC4JAGiJvBQGcqeYXPGDcU' ) AND ( `create_date` >= '2017-08' ) ORDER BY create_date desc  [ RunTime:0.070004s ]
SQL: SELECT * FROM `weixin_pay_rec` WHERE ( `del_flag` = 0 ) AND ( `pay_status` = 1 ) AND ( `from_username` = 'odOIPvzDnHE11zy5Anw6VxT8IRfc' ) AND ( `create_date` >= '2017-08' ) ORDER BY create_date desc  [ RunTime:0.074004s ]
SQL: SELECT * FROM `weixin_pay_rec` WHERE ( `del_flag` = 0 ) AND ( `pay_status` = 1 ) AND ( `from_username` = 'odOIPvzDWUiJZgUsQvnuxsp8XIkE' ) AND ( `create_date` >= '2017-08' ) ORDER BY create_date desc  [ RunTime:0.063004s ]
SQL: SELECT * FROM `weixin_pay_rec` WHERE ( `del_flag` = 0 ) AND ( `pay_status` = 1 ) AND ( `from_username` = 'odOIPvzg-YrojJl5QXVrMo7J9OJU' ) AND ( `create_date` >= '2017-08' ) ORDER BY create_date desc  [ RunTime:0.056003s ]
SQL: SELECT * FROM `weixin_pay_rec` WHERE ( `del_flag` = 0 ) AND ( `pay_status` = 1 ) AND ( `from_username` = 'odOIPvzh1cMTzaUciNOoMccQOo8Y' ) AND ( `create_date` >= '2017-08' ) ORDER BY create_date desc  [ RunTime:0.059003s ]
SQL: SELECT * FROM `weixin_pay_rec` WHERE ( `del_flag` = 0 ) AND ( `pay_status` = 1 ) AND ( `from_username` = 'odOIPvzHLDcpMxeGJho6qJCcgDe8' ) AND ( `create_date` >= '2017-08' ) ORDER BY create_date desc  [ RunTime:0.058004s ]
SQL: SELECT * FROM `weixin_pay_rec` WHERE ( `del_flag` = 0 ) AND ( `pay_status` = 1 ) AND ( `from_username` = 'odOIPvziJy7wg7JBTl2tkj8DbrBI' ) AND ( `create_date` >= '2017-08' ) ORDER BY create_date desc  [ RunTime:0.055003s ]
SQL: SELECT * FROM `weixin_pay_rec` WHERE ( `del_flag` = 0 ) AND ( `pay_status` = 1 ) AND ( `from_username` = 'odOIPvzlmBpW0ggh_DbJcQhnHv1o' ) AND ( `create_date` >= '2017-08' ) ORDER BY create_date desc  [ RunTime:0.061003s ]
SQL: SELECT * FROM `weixin_pay_rec` WHERE ( `del_flag` = 0 ) AND ( `pay_status` = 1 ) AND ( `from_username` = 'odOIPvzLPoiX52rqhT1rp9u7-HFw' ) AND ( `create_date` >= '2017-08' ) ORDER BY create_date desc  [ RunTime:0.071004s ]
SQL: SELECT * FROM `weixin_pay_rec` WHERE ( `del_flag` = 0 ) AND ( `pay_status` = 1 ) AND ( `from_username` = 'odOIPvzlrsXiJe_JafgAqFW3kzyA' ) AND ( `create_date` >= '2017-08' ) ORDER BY create_date desc  [ RunTime:0.063004s ]
SQL: SELECT * FROM `weixin_pay_rec` WHERE ( `del_flag` = 0 ) AND ( `pay_status` = 1 ) AND ( `from_username` = 'odOIPvzlXVaBNO03aWci6QKlSA9I' ) AND ( `create_date` >= '2017-08' ) ORDER BY create_date desc  [ RunTime:0.056003s ]
SQL: SELECT * FROM `weixin_pay_rec` WHERE ( `del_flag` = 0 ) AND ( `pay_status` = 1 ) AND ( `from_username` = 'odOIPvzNRHbCUFzqfU_h-8HZQEGE' ) AND ( `create_date` >= '2017-08' ) ORDER BY create_date desc  [ RunTime:0.061004s ]
SQL: SELECT * FROM `weixin_pay_rec` WHERE ( `del_flag` = 0 ) AND ( `pay_status` = 1 ) AND ( `from_username` = 'odOIPvzrs-7s92nIJ2EHGjkprt8k' ) AND ( `create_date` >= '2017-08' ) ORDER BY create_date desc  [ RunTime:0.052003s ]
SQL: SELECT * FROM `weixin_pay_rec` WHERE ( `del_flag` = 0 ) AND ( `pay_status` = 1 ) AND ( `from_username` = 'odOIPvzsRS0OHkGsihJWyZrIp7aM' ) AND ( `create_date` >= '2017-08' ) ORDER BY create_date desc  [ RunTime:0.056003s ]
SQL: SELECT * FROM `weixin_pay_rec` WHERE ( `del_flag` = 0 ) AND ( `pay_status` = 1 ) AND ( `from_username` = 'odOIPvzunFdKCGG7Oe99LF0jSi8k' ) AND ( `create_date` >= '2017-08' ) ORDER BY create_date desc  [ RunTime:0.066004s ]
SQL: SELECT * FROM `weixin_pay_rec` WHERE ( `del_flag` = 0 ) AND ( `pay_status` = 1 ) AND ( `from_username` = 'odOIPvzWP-vsD2xv7uK1lmoUBjmY' ) AND ( `create_date` >= '2017-08' ) ORDER BY create_date desc  [ RunTime:0.058003s ]
SQL: SELECT * FROM `weixin_pay_rec` WHERE ( `del_flag` = 0 ) AND ( `pay_status` = 1 ) AND ( `from_username` = 'odOIPvzxSRPr_I8iVXKRpAIIGrlY' ) AND ( `create_date` >= '2017-08' ) ORDER BY create_date desc  [ RunTime:0.070004s ]
SQL: SELECT * FROM `weixin_pay_rec` WHERE ( `del_flag` = 0 ) AND ( `pay_status` = 1 ) AND ( `from_username` = 'odOIPvzyeghMmmuRQ7qSXk5xBejY' ) AND ( `create_date` >= '2017-08' ) ORDER BY create_date desc  [ RunTime:0.062004s ]
SQL: SELECT * FROM `weixin_pay_rec` WHERE ( `del_flag` = 0 ) AND ( `pay_status` = 1 ) AND ( `from_username` = 'odOIPvzyvOaNCHEhHWyV81tngh_8' ) AND ( `create_date` >= '2017-08' ) ORDER BY create_date desc  [ RunTime:0.054003s ]
SQL: SELECT * FROM `weixin_pay_rec` WHERE ( `del_flag` = 0 ) AND ( `pay_status` = 1 ) AND ( `from_username` = 'odOIPv_-43Hud5fKCGWeWmDUARjI' ) AND ( `create_date` >= '2017-08' ) ORDER BY create_date desc  [ RunTime:0.060003s ]
SQL: SELECT * FROM `weixin_pay_rec` WHERE ( `del_flag` = 0 ) AND ( `pay_status` = 1 ) AND ( `from_username` = 'odOIPv_1dxh33pskVSsNTW_UpCC4' ) AND ( `create_date` >= '2017-08' ) ORDER BY create_date desc  [ RunTime:0.063004s ]
SQL: SELECT * FROM `weixin_pay_rec` WHERE ( `del_flag` = 0 ) AND ( `pay_status` = 1 ) AND ( `from_username` = 'odOIPv_6hb4QjTzvAne2iIyUPHwg' ) AND ( `create_date` >= '2017-08' ) ORDER BY create_date desc  [ RunTime:0.069004s ]
SQL: SELECT * FROM `weixin_pay_rec` WHERE ( `del_flag` = 0 ) AND ( `pay_status` = 1 ) AND ( `from_username` = 'odOIPv_a1l2Won1Y4SnEt2rkzj-U' ) AND ( `create_date` >= '2017-08' ) ORDER BY create_date desc  [ RunTime:0.059003s ]
SQL: SELECT * FROM `weixin_pay_rec` WHERE ( `del_flag` = 0 ) AND ( `pay_status` = 1 ) AND ( `from_username` = 'odOIPv_AuFTw1B9tlmD0vzx_CGDQ' ) AND ( `create_date` >= '2017-08' ) ORDER BY create_date desc  [ RunTime:0.053003s ]
SQL: SELECT * FROM `weixin_pay_rec` WHERE ( `del_flag` = 0 ) AND ( `pay_status` = 1 ) AND ( `from_username` = 'odOIPv_CjPM2qSIPz6juCkdkPIhY' ) AND ( `create_date` >= '2017-08' ) ORDER BY create_date desc  [ RunTime:0.057004s ]
SQL: SELECT * FROM `weixin_pay_rec` WHERE ( `del_flag` = 0 ) AND ( `pay_status` = 1 ) AND ( `from_username` = 'odOIPv_E3U1GaQd-STiaKv_61CHo' ) AND ( `create_date` >= '2017-08' ) ORDER BY create_date desc  [ RunTime:0.052002s ]
SQL: SELECT * FROM `weixin_pay_rec` WHERE ( `del_flag` = 0 ) AND ( `pay_status` = 1 ) AND ( `from_username` = 'odOIPv_GJ42iNlaMJZpBhZY64XBM' ) AND ( `create_date` >= '2017-08' ) ORDER BY create_date desc  [ RunTime:0.054004s ]
SQL: SELECT * FROM `weixin_pay_rec` WHERE ( `del_flag` = 0 ) AND ( `pay_status` = 1 ) AND ( `from_username` = 'odOIPv_Hbcqmm1m3ViPFyN7xdwks' ) AND ( `create_date` >= '2017-08' ) ORDER BY create_date desc  [ RunTime:0.052003s ]
SQL: SELECT * FROM `weixin_pay_rec` WHERE ( `del_flag` = 0 ) AND ( `pay_status` = 1 ) AND ( `from_username` = 'odOIPv_IoSTJkqIrEtEbawoC7Jpc' ) AND ( `create_date` >= '2017-08' ) ORDER BY create_date desc  [ RunTime:0.066003s ]
SQL: SELECT * FROM `weixin_pay_rec` WHERE ( `del_flag` = 0 ) AND ( `pay_status` = 1 ) AND ( `from_username` = 'odOIPv_IVh3hnQNk6wIk1rGVrPc8' ) AND ( `create_date` >= '2017-08' ) ORDER BY create_date desc  [ RunTime:0.074005s ]
SQL: SELECT * FROM `weixin_pay_rec` WHERE ( `del_flag` = 0 ) AND ( `pay_status` = 1 ) AND ( `from_username` = 'odOIPv_J9mqAlCYLIhMr3tksOKWA' ) AND ( `create_date` >= '2017-08' ) ORDER BY create_date desc  [ RunTime:0.054003s ]
SQL: SELECT * FROM `weixin_pay_rec` WHERE ( `del_flag` = 0 ) AND ( `pay_status` = 1 ) AND ( `from_username` = 'odOIPv_K25p8c4Ul3rUhC0Ib-ny4' ) AND ( `create_date` >= '2017-08' ) ORDER BY create_date desc  [ RunTime:0.061003s ]
SQL: SELECT * FROM `weixin_pay_rec` WHERE ( `del_flag` = 0 ) AND ( `pay_status` = 1 ) AND ( `from_username` = 'odOIPv_KgosUu8O4U0vGm9gZgg3U' ) AND ( `create_date` >= '2017-08' ) ORDER BY create_date desc  [ RunTime:0.053003s ]
SQL: SELECT * FROM `weixin_pay_rec` WHERE ( `del_flag` = 0 ) AND ( `pay_status` = 1 ) AND ( `from_username` = 'odOIPv_Lfyg-dAIZ1G2rEkYxhKbQ' ) AND ( `create_date` >= '2017-08' ) ORDER BY create_date desc  [ RunTime:0.050003s ]
SQL: SELECT * FROM `weixin_pay_rec` WHERE ( `del_flag` = 0 ) AND ( `pay_status` = 1 ) AND ( `from_username` = 'odOIPv_PTXevoZCK2zY3iMCg8OIk' ) AND ( `create_date` >= '2017-08' ) ORDER BY create_date desc  [ RunTime:0.051003s ]
SQL: SELECT * FROM `weixin_pay_rec` WHERE ( `del_flag` = 0 ) AND ( `pay_status` = 1 ) AND ( `from_username` = 'odOIPv_r9FNEq-mF3sqYiprKZZWI' ) AND ( `create_date` >= '2017-08' ) ORDER BY create_date desc  [ RunTime:0.051003s ]
SQL: SELECT * FROM `weixin_pay_rec` WHERE ( `del_flag` = 0 ) AND ( `pay_status` = 1 ) AND ( `from_username` = 'odOIPv_t9oEU7RfmCTW3_ConbDss' ) AND ( `create_date` >= '2017-08' ) ORDER BY create_date desc  [ RunTime:0.070004s ]
SQL: SELECT * FROM `weixin_pay_rec` WHERE ( `del_flag` = 0 ) AND ( `pay_status` = 1 ) AND ( `from_username` = 'odOIPv_Uhd4kp03jnt1X4SipnzYk' ) AND ( `create_date` >= '2017-08' ) ORDER BY create_date desc  [ RunTime:0.051003s ]
SQL: SELECT * FROM `weixin_pay_rec` WHERE ( `del_flag` = 0 ) AND ( `pay_status` = 1 ) AND ( `from_username` = 'odOIPv_uihDLWoWWf-qQhqDCCAaY' ) AND ( `create_date` >= '2017-08' ) ORDER BY create_date desc  [ RunTime:0.051003s ]
SQL: SELECT * FROM `weixin_pay_rec` WHERE ( `del_flag` = 0 ) AND ( `pay_status` = 1 ) AND ( `from_username` = 'odOIPv_u_nC4QSVooToQQ7q0EIPA' ) AND ( `create_date` >= '2017-08' ) ORDER BY create_date desc  [ RunTime:0.052003s ]
SQL: SELECT * FROM `weixin_pay_rec` WHERE ( `del_flag` = 0 ) AND ( `pay_status` = 1 ) AND ( `from_username` = 'odOIPv_W8xeoYBEzj93VZZ2xXmsc' ) AND ( `create_date` >= '2017-08' ) ORDER BY create_date desc  [ RunTime:0.050003s ]
SQL: SELECT * FROM `weixin_pay_rec` WHERE ( `del_flag` = 0 ) AND ( `pay_status` = 1 ) AND ( `from_username` = 'odOIPv_wgGkJYYfvMerv4i93BZX0' ) AND ( `create_date` >= '2017-08' ) ORDER BY create_date desc  [ RunTime:0.051003s ]
SQL: SELECT * FROM `weixin_pay_rec` WHERE ( `del_flag` = 0 ) AND ( `pay_status` = 1 ) AND ( `from_username` = 'odOIPv_WprMrEA5cu178PIeJLySY' ) AND ( `create_date` >= '2017-08' ) ORDER BY create_date desc  [ RunTime:0.051003s ]
SQL: SELECT * FROM `weixin_pay_rec` WHERE ( `del_flag` = 0 ) AND ( `pay_status` = 1 ) AND ( `from_username` = 'odOIPv_XhzV7rXLF414zbtaRZ1S0' ) AND ( `create_date` >= '2017-08' ) ORDER BY create_date desc  [ RunTime:0.051003s ]
SQL: SELECT * FROM `weixin_pay_rec` WHERE ( `del_flag` = 0 ) AND ( `pay_status` = 1 ) AND ( `from_username` = 'odOIPv_xuyK4dodW-NtapayxZRUw' ) AND ( `create_date` >= '2017-08' ) ORDER BY create_date desc  [ RunTime:0.052003s ]
SQL: SELECT * FROM `weixin_pay_rec` WHERE ( `del_flag` = 0 ) AND ( `pay_status` = 1 ) AND ( `from_username` = '洗车' ) AND ( `create_date` >= '2017-08' ) ORDER BY create_date desc  [ RunTime:0.076004s ]
INFO: [ view_template ] --START--
INFO: Run LocationTemplate Behavior [ RunTime:-24.444398s ]
INFO: [ view_template ] --END-- [ RunTime:0.124007s ]
INFO: [ view_parse ] --START--
INFO: Run ParseTemplate Behavior [ RunTime:-24.568405s ]
INFO: [ view_parse ] --END-- [ RunTime:0.283016s ]
INFO: [ view_filter ] --START--
INFO: Run ContentReplace Behavior [ RunTime:-24.851421s ]
INFO: Run TokenBuild Behavior [ RunTime:-24.878423s ]
INFO: Run WriteHtmlCache Behavior [ RunTime:-24.889423s ]
INFO: Run ShowRuntime Behavior [ RunTime:-24.891424s ]
INFO: [ view_filter ] --END-- [ RunTime:0.056003s ]
INFO: [ view_end ] --START--
INFO: Run ShowPageTrace Behavior [ RunTime:-24.907424s ]
INFO: [ view_end ] --END-- [ RunTime:0.002001s ]

