[ 2017-08-09T09:31:46+08:00 ] 0.0.0.0 /Rose/index.php?g=Wap&m=Rose2Personal&a=presonal_new&openid=odOIPv5RJwDqO94UaCbpKQvdjhLE
INFO: [ app_begin ] --START--
INFO: Run ReadHtmlCache Behavior [ RunTime:0.234013s ]
INFO: [ app_begin ] --END-- [ RunTime:0.278016s ]
NOTIC: [8] A session had already been started - ignoring session_start() D:\phpStudy\WWW\Rose\Lib\Action\Wap\Rose2BaseAction.class.php 第 2 行.
SQL: SHOW COLUMNS FROM `sys_user` [ RunTime:0.746042s ]
SQL: SELECT * FROM `sys_user` WHERE ( `del_flag` = 0 ) AND ( `openid` = 'odOIPv5RJwDqO94UaCbpKQvdjhLE' ) LIMIT 1   [ RunTime:0.001000s ]
NOTIC: [8] Trying to get property of non-object D:\phpStudy\WWW\Rose\Core\Extend\Vendor\weixin\jssdk.php 第 75 行.
NOTIC: [8] Trying to get property of non-object D:\phpStudy\WWW\Rose\Core\Extend\Vendor\weixin\jssdk.php 第 53 行.
SQL: SHOW COLUMNS FROM `weixin_userinfo` [ RunTime:1.028059s ]
SQL: SELECT * FROM `weixin_userinfo` WHERE ( `del_flag` = 0 ) AND ( `from_username` = 'odOIPv5RJwDqO94UaCbpKQvdjhLE' ) LIMIT 1   [ RunTime:0.054003s ]
SQL: SELECT * FROM `sys_user` WHERE ( `del_flag` = 0 ) AND ( `openid` = 'odOIPv5RJwDqO94UaCbpKQvdjhLE' ) LIMIT 1   [ RunTime:0.001000s ]
SQL: SHOW COLUMNS FROM `sys_office` [ RunTime:0.498029s ]
SQL: SELECT `name` FROM `sys_office` WHERE ( `del_flag` = 0 ) AND ( `id` = 'a721bdccfcb44571a48df2065950d05d' ) LIMIT 1   [ RunTime:0.075004s ]
SQL: SHOW COLUMNS FROM `device_consume_rec` [ RunTime:0.966055s ]
SQL: SELECT SUM(consume_account) AS tp_sum FROM `device_consume_rec` WHERE ( `create_date` >= '2017-08-09 00:00:00' ) AND ( `command_status` = 2 ) AND ( `consume_status` = 1 ) AND ( `del_flag` = 0 ) AND ( `transfer_status` = 0 ) AND ( `create_by` = '0aff0d6c1d9f4a8694b041b338431927' ) LIMIT 1   [ RunTime:6.198355s ]
NOTIC: [2] trim() expects parameter 1 to be string, array given D:\phpStudy\WWW\Rose\Core\Lib\Core\Db.class.php 第 459 行.
SQL: SELECT SUM(consume_account) AS tp_sum FROM `device_consume_rec` WHERE ( (`create_date` >= '2017-08')  ) AND ( `command_status` = 2 ) AND ( `consume_status` = 1 ) AND ( `del_flag` = 0 ) AND ( `transfer_status` = 0 ) AND ( `create_by` = '0aff0d6c1d9f4a8694b041b338431927' ) LIMIT 1   [ RunTime:0.094005s ]
SQL: SELECT SUM(totals-consume) AS tp_sum FROM `sys_user` WHERE ( `del_flag` = 0 ) AND ( `openid` = 'odOIPv5RJwDqO94UaCbpKQvdjhLE' ) LIMIT 1   [ RunTime:0.074005s ]
SQL: SELECT sum(consume_account) as count,`deivce_command` FROM `device_consume_rec` WHERE ( `command_status` = 2 ) AND ( `consume_status` = 1 ) AND ( `del_flag` = 0 ) AND ( `transfer_status` = 0 ) AND ( `create_by` = '0aff0d6c1d9f4a8694b041b338431927' ) GROUP BY deivce_command ORDER BY count desc LIMIT 1   [ RunTime:0.121007s ]
SQL: SHOW COLUMNS FROM `device_info` [ RunTime:1.576090s ]
SQL: SELECT `scan_code` FROM `device_info` WHERE ( `del_flag` = 0 ) AND ( `device_command` = '4051958' ) AND ( `owner_id` = '0aff0d6c1d9f4a8694b041b338431927' ) LIMIT 1   [ RunTime:0.284016s ]
SQL: SELECT sum(1) as count,drg.online_status FROM device_info di LEFT JOIN device_relation_group drg ON drg.di_id = di.id WHERE ( di.del_flag = 0 ) AND ( drg.del_flag = 0 ) AND ( di.owner_id = '0aff0d6c1d9f4a8694b041b338431927' ) GROUP BY drg.online_status ORDER BY drg.online_status asc  [ RunTime:0.753043s ]
SQL: SHOW COLUMNS FROM `userefund` [ RunTime:0.302017s ]
SQL: SELECT COUNT(*) AS tp_count FROM `userefund` WHERE ( `owner_id` = '0aff0d6c1d9f4a8694b041b338431927' ) LIMIT 1   [ RunTime:0.001000s ]
INFO: [ view_template ] --START--
INFO: Run LocationTemplate Behavior [ RunTime:-16.789960s ]
INFO: [ view_template ] --END-- [ RunTime:0.195012s ]
INFO: [ view_parse ] --START--
INFO: Run ParseTemplate Behavior [ RunTime:-16.984972s ]
INFO: [ view_parse ] --END-- [ RunTime:0.643036s ]
INFO: [ view_filter ] --START--
INFO: Run ContentReplace Behavior [ RunTime:-17.628008s ]
INFO: Run TokenBuild Behavior [ RunTime:-17.663010s ]
INFO: Run WriteHtmlCache Behavior [ RunTime:-17.713013s ]
INFO: Run ShowRuntime Behavior [ RunTime:-17.845021s ]
INFO: [ view_filter ] --END-- [ RunTime:0.305018s ]
INFO: [ view_end ] --START--
INFO: Run ShowPageTrace Behavior [ RunTime:-17.933026s ]
INFO: [ view_end ] --END-- [ RunTime:0.065004s ]

