[ 2017-09-12T09:50:20+08:00 ] 0.0.0.0 /Rose/index.php?g=Wap&m=Car_wash&a=index&openid=odOIPv5RJwDqO94UaCbpKQvdjhLE&scan_code=ZHGZPY000641
INFO: [ app_begin ] --START--
INFO: Run ReadHtmlCache Behavior [ RunTime:0.099006s ]
INFO: [ app_begin ] --END-- [ RunTime:0.151009s ]
SQL: SHOW COLUMNS FROM `device_info` [ RunTime:0.401023s ]
SQL: SELECT * FROM `device_info` WHERE ( `scan_code` = 'ZHGZPY000641' ) AND ( `device_status` = 1 ) AND ( `del_flag` = 0 ) LIMIT 1   [ RunTime:0.002000s ]
SQL: SHOW COLUMNS FROM `device_relation_group` [ RunTime:0.587034s ]
SQL: SELECT * FROM `device_relation_group` WHERE ( `di_id` = '2017083010_CAA2B24650DA45D2E7931350AFCBABD8' ) AND ( `del_flag` = 0 ) AND ( `device_type` = 7 ) LIMIT 1   [ RunTime:0.049003s ]
SQL: SHOW COLUMNS FROM `sys_user` [ RunTime:0.306017s ]
SQL: SELECT su.phone FROM sys_user su LEFT JOIN device_info di on di.owner_id=su.id WHERE ( di.scan_code = 'ZHGZPY000641' ) AND ( di.del_flag = 0 ) AND ( su.del_flag = 0 ) LIMIT 1   [ RunTime:0.001000s ]
INFO: [ view_template ] --START--
INFO: Run LocationTemplate Behavior [ RunTime:-23.999372s ]
INFO: [ view_template ] --END-- [ RunTime:0.031002s ]
INFO: [ view_parse ] --START--
NOTIC: [8] Undefined variable: openid D:\phpStudy\WWW\Rose\logs\Cache\Wap\5574db36d939e6247611fac2ed8dfced.php 第 67 行.
NOTIC: [8] Use of undefined constant wechat - assumed 'wechat' D:\phpStudy\WWW\Rose\logs\Cache\Wap\5574db36d939e6247611fac2ed8dfced.php 第 74 行.
NOTIC: [8] Undefined variable: buyer_id D:\phpStudy\WWW\Rose\logs\Cache\Wap\5574db36d939e6247611fac2ed8dfced.php 第 78 行.
NOTIC: [8] Undefined variable: openid D:\phpStudy\WWW\Rose\logs\Cache\Wap\5574db36d939e6247611fac2ed8dfced.php 第 96 行.
NOTIC: [8] Undefined variable: buyer_id D:\phpStudy\WWW\Rose\logs\Cache\Wap\5574db36d939e6247611fac2ed8dfced.php 第 98 行.
NOTIC: [8] Undefined variable: openid D:\phpStudy\WWW\Rose\logs\Cache\Wap\5574db36d939e6247611fac2ed8dfced.php 第 139 行.
NOTIC: [8] Undefined variable: buyer_id D:\phpStudy\WWW\Rose\logs\Cache\Wap\5574db36d939e6247611fac2ed8dfced.php 第 141 行.
INFO: Run ParseTemplate Behavior [ RunTime:-24.030374s ]
INFO: [ view_parse ] --END-- [ RunTime:0.090005s ]
INFO: [ view_filter ] --START--
INFO: Run ContentReplace Behavior [ RunTime:-24.120379s ]
INFO: Run TokenBuild Behavior [ RunTime:-24.138380s ]
INFO: Run WriteHtmlCache Behavior [ RunTime:-24.156381s ]
INFO: Run ShowRuntime Behavior [ RunTime:-24.161382s ]
INFO: [ view_filter ] --END-- [ RunTime:0.074005s ]
INFO: [ view_end ] --START--
INFO: Run ShowPageTrace Behavior [ RunTime:-24.194384s ]
INFO: [ view_end ] --END-- [ RunTime:0.041002s ]

[ 2017-09-12T10:36:26+08:00 ] 0.0.0.0 /Rose/index.php?g=Wap&m=Car_wash&a=index&openid=odOIPv5RJwDqO94UaCbpKQvdjhLE&scan_code=ZHGZPY000641
INFO: [ app_begin ] --START--
INFO: Run ReadHtmlCache Behavior [ RunTime:0.006000s ]
INFO: [ app_begin ] --END-- [ RunTime:0.007000s ]
SQL: SHOW COLUMNS FROM `device_info` [ RunTime:0.031002s ]
SQL: SELECT * FROM `device_info` WHERE ( `scan_code` = 'ZHGZPY000641' ) AND ( `device_status` = 1 ) AND ( `del_flag` = 0 ) LIMIT 1   [ RunTime:0.001000s ]
SQL: SHOW COLUMNS FROM `device_relation_group` [ RunTime:0.029002s ]
SQL: SELECT * FROM `device_relation_group` WHERE ( `di_id` = '2017083010_CAA2B24650DA45D2E7931350AFCBABD8' ) AND ( `del_flag` = 0 ) AND ( `device_type` = 7 ) LIMIT 1   [ RunTime:0.000000s ]
SQL: SHOW COLUMNS FROM `sys_user` [ RunTime:0.020001s ]
SQL: SELECT su.phone FROM sys_user su LEFT JOIN device_info di on di.owner_id=su.id WHERE ( di.scan_code = 'ZHGZPY000641' ) AND ( di.del_flag = 0 ) AND ( su.del_flag = 0 ) LIMIT 1   [ RunTime:0.001000s ]
INFO: [ view_template ] --START--
INFO: Run LocationTemplate Behavior [ RunTime:-3.478199s ]
INFO: [ view_template ] --END-- [ RunTime:0.021001s ]
INFO: [ view_parse ] --START--
NOTIC: [8] Undefined variable: openid D:\phpStudy\WWW\Rose\logs\Cache\Wap\5574db36d939e6247611fac2ed8dfced.php 第 67 行.
NOTIC: [8] Use of undefined constant wechat - assumed 'wechat' D:\phpStudy\WWW\Rose\logs\Cache\Wap\5574db36d939e6247611fac2ed8dfced.php 第 74 行.
NOTIC: [8] Undefined variable: buyer_id D:\phpStudy\WWW\Rose\logs\Cache\Wap\5574db36d939e6247611fac2ed8dfced.php 第 78 行.
NOTIC: [8] Undefined variable: openid D:\phpStudy\WWW\Rose\logs\Cache\Wap\5574db36d939e6247611fac2ed8dfced.php 第 96 行.
NOTIC: [8] Undefined variable: buyer_id D:\phpStudy\WWW\Rose\logs\Cache\Wap\5574db36d939e6247611fac2ed8dfced.php 第 98 行.
NOTIC: [8] Undefined variable: openid D:\phpStudy\WWW\Rose\logs\Cache\Wap\5574db36d939e6247611fac2ed8dfced.php 第 139 行.
NOTIC: [8] Undefined variable: buyer_id D:\phpStudy\WWW\Rose\logs\Cache\Wap\5574db36d939e6247611fac2ed8dfced.php 第 141 行.
INFO: Run ParseTemplate Behavior [ RunTime:-3.499200s ]
INFO: [ view_parse ] --END-- [ RunTime:0.089006s ]
INFO: [ view_filter ] --START--
INFO: Run ContentReplace Behavior [ RunTime:-3.588206s ]
INFO: Run TokenBuild Behavior [ RunTime:-3.592206s ]
INFO: Run WriteHtmlCache Behavior [ RunTime:-3.603206s ]
INFO: Run ShowRuntime Behavior [ RunTime:-3.609207s ]
INFO: [ view_filter ] --END-- [ RunTime:0.027001s ]
INFO: [ view_end ] --START--
INFO: Run ShowPageTrace Behavior [ RunTime:-3.615207s ]
INFO: [ view_end ] --END-- [ RunTime:0.013001s ]

