[ 2017-09-19T09:46:12+08:00 ] 0.0.0.0 /Rose/index.php?g=Wap&m=VendingWeixin&a=index&openid=odOIPv4WtdWt9ebczeYuYByhYr_0&device_code=v
INFO: [ app_begin ] --START--
INFO: Run ReadHtmlCache Behavior [ RunTime:0.043002s ]
INFO: [ app_begin ] --END-- [ RunTime:0.055003s ]
SQL: SHOW COLUMNS FROM `goods_weixin_alipay_pay_rec` [ RunTime:0.131007s ]
SQL: SELECT SUM(pay_account) AS tp_sum FROM `goods_weixin_alipay_pay_rec` WHERE ( `wechat_alipay_id` = 'odOIPv4WtdWt9ebczeYuYByhYr_0' ) AND ( `pay_status` = '1' ) AND ( `is_close` = '0' ) AND ( `del_flag` = '0' ) AND ( `type` = '1' ) LIMIT 1   [ RunTime:0.001001s ]
SQL: SHOW COLUMNS FROM `goods_consume_rec` [ RunTime:0.135007s ]
SQL: SELECT SUM(consume_account) AS tp_sum FROM `goods_consume_rec` WHERE ( `type` = '1' ) AND ( `wechat_alipay_id` = 'odOIPv4WtdWt9ebczeYuYByhYr_0' ) AND ( `command_status` IN ('1','2') ) AND ( `is_close` = '0' ) AND ( `del_flag` = '0' ) LIMIT 1   [ RunTime:0.000000s ]
SQL: SHOW COLUMNS FROM `goods_vending` [ RunTime:0.378022s ]
SQL: SELECT * FROM `goods_vending` WHERE ( `device_code` = 'v' ) AND ( `del_flag` = '0' ) LIMIT 1   [ RunTime:0.113007s ]
SQL: SHOW COLUMNS FROM `goods_huodao` [ RunTime:0.205011s ]
SQL: SELECT gh.number,gh.id as gid,gs.id,gh.shop_number,gh.shop_price,gh.toubi_price,gh.status,gs.name,gs.image FROM goods_huodao gh LEFT JOIN goods_shop gs on gh.shop_id=gs.id WHERE ( gh.shipment_id = null ) ORDER BY gh.number asc  [ RunTime:0.157009s ]
INFO: [ view_template ] --START--
INFO: Run LocationTemplate Behavior [ RunTime:-10.019573s ]
INFO: [ view_template ] --END-- [ RunTime:0.009001s ]
INFO: [ view_parse ] --START--
INFO: Run ParseTemplate Behavior [ RunTime:-10.028574s ]
INFO: [ view_parse ] --END-- [ RunTime:0.163009s ]
INFO: [ view_filter ] --START--
INFO: Run ContentReplace Behavior [ RunTime:-10.191583s ]
INFO: Run TokenBuild Behavior [ RunTime:-10.195583s ]
INFO: Run WriteHtmlCache Behavior [ RunTime:-10.198583s ]
INFO: Run ShowRuntime Behavior [ RunTime:-10.201584s ]
INFO: [ view_filter ] --END-- [ RunTime:0.038002s ]
INFO: [ view_end ] --START--
INFO: Run ShowPageTrace Behavior [ RunTime:-10.229585s ]
INFO: [ view_end ] --END-- [ RunTime:0.024002s ]

[ 2017-09-19T10:06:14+08:00 ] 0.0.0.0 /Rose/index.php?g=Wap&m=VendingWeixin&a=index&openid=odOIPv4WtdWt9ebczeYuYByhYr_0&device_code=A352425021222040
INFO: [ app_begin ] --START--
INFO: Run ReadHtmlCache Behavior [ RunTime:0.001000s ]
INFO: [ app_begin ] --END-- [ RunTime:0.001000s ]
SQL: SHOW COLUMNS FROM `goods_weixin_alipay_pay_rec` [ RunTime:0.008001s ]
SQL: SELECT SUM(pay_account) AS tp_sum FROM `goods_weixin_alipay_pay_rec` WHERE ( `wechat_alipay_id` = 'odOIPv4WtdWt9ebczeYuYByhYr_0' ) AND ( `pay_status` = '1' ) AND ( `is_close` = '0' ) AND ( `del_flag` = '0' ) AND ( `type` = '1' ) LIMIT 1   [ RunTime:0.000000s ]
SQL: SHOW COLUMNS FROM `goods_consume_rec` [ RunTime:0.006000s ]
SQL: SELECT SUM(consume_account) AS tp_sum FROM `goods_consume_rec` WHERE ( `type` = '1' ) AND ( `wechat_alipay_id` = 'odOIPv4WtdWt9ebczeYuYByhYr_0' ) AND ( `command_status` IN ('1','2') ) AND ( `is_close` = '0' ) AND ( `del_flag` = '0' ) LIMIT 1   [ RunTime:0.000000s ]
SQL: SHOW COLUMNS FROM `goods_vending` [ RunTime:0.006001s ]
SQL: SELECT * FROM `goods_vending` WHERE ( `device_code` = 'A352425021222040' ) AND ( `del_flag` = '0' ) LIMIT 1   [ RunTime:0.000000s ]
SQL: SHOW COLUMNS FROM `goods_huodao` [ RunTime:0.007000s ]
SQL: SELECT gh.number,gh.id as gid,gs.id,gh.shop_number,gh.shop_price,gh.toubi_price,gh.status,gs.name,gs.image FROM goods_huodao gh LEFT JOIN goods_shop gs on gh.shop_id=gs.id WHERE ( gh.shipment_id = '2017091316_B93FDE7CBB8F76AA025D5D94E90F6538' ) ORDER BY gh.number asc  [ RunTime:0.045003s ]
INFO: [ view_template ] --START--
INFO: Run LocationTemplate Behavior [ RunTime:-2.004115s ]
INFO: [ view_template ] --END-- [ RunTime:0.038002s ]
INFO: [ view_parse ] --START--
INFO: Run ParseTemplate Behavior [ RunTime:-2.042117s ]
INFO: [ view_parse ] --END-- [ RunTime:0.090005s ]
INFO: [ view_filter ] --START--
INFO: Run ContentReplace Behavior [ RunTime:-2.132122s ]
INFO: Run TokenBuild Behavior [ RunTime:-2.134122s ]
INFO: Run WriteHtmlCache Behavior [ RunTime:-2.137122s ]
INFO: Run ShowRuntime Behavior [ RunTime:-2.142123s ]
INFO: [ view_filter ] --END-- [ RunTime:0.012001s ]
INFO: [ view_end ] --START--
INFO: Run ShowPageTrace Behavior [ RunTime:-2.144123s ]
INFO: [ view_end ] --END-- [ RunTime:0.005000s ]

[ 2017-09-19T10:06:17+08:00 ] 0.0.0.0 /Rose/index.php?g=Wap&m=VendingWeixin&a=index&openid=odOIPv4WtdWt9ebczeYuYByhYr_0&device_code=A352425021222040
INFO: [ app_begin ] --START--
INFO: Run ReadHtmlCache Behavior [ RunTime:0.001000s ]
INFO: [ app_begin ] --END-- [ RunTime:0.001000s ]
SQL: SHOW COLUMNS FROM `goods_weixin_alipay_pay_rec` [ RunTime:0.010000s ]
SQL: SELECT SUM(pay_account) AS tp_sum FROM `goods_weixin_alipay_pay_rec` WHERE ( `wechat_alipay_id` = 'odOIPv4WtdWt9ebczeYuYByhYr_0' ) AND ( `pay_status` = '1' ) AND ( `is_close` = '0' ) AND ( `del_flag` = '0' ) AND ( `type` = '1' ) LIMIT 1   [ RunTime:0.000000s ]
SQL: SHOW COLUMNS FROM `goods_consume_rec` [ RunTime:0.007001s ]
SQL: SELECT SUM(consume_account) AS tp_sum FROM `goods_consume_rec` WHERE ( `type` = '1' ) AND ( `wechat_alipay_id` = 'odOIPv4WtdWt9ebczeYuYByhYr_0' ) AND ( `command_status` IN ('1','2') ) AND ( `is_close` = '0' ) AND ( `del_flag` = '0' ) LIMIT 1   [ RunTime:0.002000s ]
SQL: SHOW COLUMNS FROM `goods_vending` [ RunTime:0.007000s ]
SQL: SELECT * FROM `goods_vending` WHERE ( `device_code` = 'A352425021222040' ) AND ( `del_flag` = '0' ) LIMIT 1   [ RunTime:0.000000s ]
SQL: SHOW COLUMNS FROM `goods_huodao` [ RunTime:0.010001s ]
SQL: SELECT gh.number,gh.id as gid,gs.id,gh.shop_number,gh.shop_price,gh.toubi_price,gh.status,gs.name,gs.image FROM goods_huodao gh LEFT JOIN goods_shop gs on gh.shop_id=gs.id WHERE ( gh.shipment_id = '2017091316_B93FDE7CBB8F76AA025D5D94E90F6538' ) ORDER BY gh.number asc  [ RunTime:0.000000s ]
INFO: [ view_template ] --START--
INFO: Run LocationTemplate Behavior [ RunTime:-1.683096s ]
INFO: [ view_template ] --END-- [ RunTime:0.003000s ]
INFO: [ view_parse ] --START--
INFO: Run ParseTemplate Behavior [ RunTime:-1.686096s ]
INFO: [ view_parse ] --END-- [ RunTime:0.018001s ]
INFO: [ view_filter ] --START--
INFO: Run ContentReplace Behavior [ RunTime:-1.704097s ]
INFO: Run TokenBuild Behavior [ RunTime:-1.705097s ]
INFO: Run WriteHtmlCache Behavior [ RunTime:-1.706097s ]
INFO: Run ShowRuntime Behavior [ RunTime:-1.706097s ]
INFO: [ view_filter ] --END-- [ RunTime:0.003000s ]
INFO: [ view_end ] --START--
INFO: Run ShowPageTrace Behavior [ RunTime:-1.708097s ]
INFO: [ view_end ] --END-- [ RunTime:0.001001s ]

[ 2017-09-19T10:07:16+08:00 ] ERR: (ThinkException) 无法加载模块:Index
[ 2017-09-19T11:04:12+08:00 ] 0.0.0.0 /Rose/index.php?g=Wap&m=VendingWeixin&a=index&openid=odOIPv4WtdWt9ebczeYuYByhYr_0&device_code=A352425021222040
INFO: [ app_begin ] --START--
INFO: Run ReadHtmlCache Behavior [ RunTime:0.033002s ]
INFO: [ app_begin ] --END-- [ RunTime:0.040003s ]
SQL: SHOW COLUMNS FROM `goods_weixin_alipay_pay_rec` [ RunTime:3.587205s ]
SQL: SELECT SUM(pay_account) AS tp_sum FROM `goods_weixin_alipay_pay_rec` WHERE ( `wechat_alipay_id` = 'odOIPv4WtdWt9ebczeYuYByhYr_0' ) AND ( `pay_status` = '1' ) AND ( `is_close` = '0' ) AND ( `del_flag` = '0' ) AND ( `type` = '1' ) LIMIT 1   [ RunTime:0.697039s ]
SQL: SHOW COLUMNS FROM `goods_consume_rec` [ RunTime:0.123008s ]
SQL: SELECT SUM(consume_account) AS tp_sum FROM `goods_consume_rec` WHERE ( `type` = '1' ) AND ( `wechat_alipay_id` = 'odOIPv4WtdWt9ebczeYuYByhYr_0' ) AND ( `command_status` IN ('1','2') ) AND ( `is_close` = '0' ) AND ( `del_flag` = '0' ) LIMIT 1   [ RunTime:0.227013s ]
SQL: SHOW COLUMNS FROM `goods_vending` [ RunTime:0.137008s ]
SQL: SELECT * FROM `goods_vending` WHERE ( `device_code` = 'A352425021222040' ) AND ( `del_flag` = '0' ) LIMIT 1   [ RunTime:0.053003s ]
SQL: SHOW COLUMNS FROM `goods_huodao` [ RunTime:0.143008s ]
SQL: SELECT gh.number,gh.id as gid,gs.id,gh.shop_number,gh.shop_price,gh.toubi_price,gh.status,gs.name,gs.image FROM goods_huodao gh LEFT JOIN goods_shop gs on gh.shop_id=gs.id WHERE ( gh.shipment_id = '2017091316_B93FDE7CBB8F76AA025D5D94E90F6538' ) ORDER BY gh.number asc  [ RunTime:0.623036s ]
INFO: [ view_template ] --START--
INFO: Run LocationTemplate Behavior [ RunTime:-15.245872s ]
INFO: [ view_template ] --END-- [ RunTime:0.025002s ]
INFO: [ view_parse ] --START--
INFO: Run ParseTemplate Behavior [ RunTime:-15.270874s ]
INFO: [ view_parse ] --END-- [ RunTime:0.330019s ]
INFO: [ view_filter ] --START--
INFO: Run ContentReplace Behavior [ RunTime:-15.600893s ]
INFO: Run TokenBuild Behavior [ RunTime:-15.612893s ]
INFO: Run WriteHtmlCache Behavior [ RunTime:-15.613893s ]
INFO: Run ShowRuntime Behavior [ RunTime:-15.615894s ]
INFO: [ view_filter ] --END-- [ RunTime:0.016001s ]
INFO: [ view_end ] --START--
INFO: Run ShowPageTrace Behavior [ RunTime:-15.617894s ]
INFO: [ view_end ] --END-- [ RunTime:0.002000s ]

[ 2017-09-19T11:05:03+08:00 ] 0.0.0.0 /Rose/index.php?g=Wap&m=VendingWeixin&a=index&openid=odOIPv4WtdWt9ebczeYuYByhYr_0&device_code=A352425021222040
INFO: [ app_begin ] --START--
INFO: Run ReadHtmlCache Behavior [ RunTime:0.001000s ]
INFO: [ app_begin ] --END-- [ RunTime:0.001000s ]
SQL: SHOW COLUMNS FROM `goods_weixin_alipay_pay_rec` [ RunTime:0.016001s ]
SQL: SELECT SUM(pay_account) AS tp_sum FROM `goods_weixin_alipay_pay_rec` WHERE ( `wechat_alipay_id` = 'odOIPv4WtdWt9ebczeYuYByhYr_0' ) AND ( `pay_status` = '1' ) AND ( `is_close` = '0' ) AND ( `del_flag` = '0' ) AND ( `type` = '1' ) LIMIT 1   [ RunTime:0.000000s ]
SQL: SHOW COLUMNS FROM `goods_consume_rec` [ RunTime:0.012001s ]
SQL: SELECT SUM(consume_account) AS tp_sum FROM `goods_consume_rec` WHERE ( `type` = '1' ) AND ( `wechat_alipay_id` = 'odOIPv4WtdWt9ebczeYuYByhYr_0' ) AND ( `command_status` IN ('1','2') ) AND ( `is_close` = '0' ) AND ( `del_flag` = '0' ) LIMIT 1   [ RunTime:0.000000s ]
SQL: SHOW COLUMNS FROM `goods_vending` [ RunTime:0.012001s ]
SQL: SELECT * FROM `goods_vending` WHERE ( `device_code` = 'A352425021222040' ) AND ( `del_flag` = '0' ) LIMIT 1   [ RunTime:0.001000s ]
SQL: SHOW COLUMNS FROM `goods_huodao` [ RunTime:0.009000s ]
SQL: SELECT gh.number,gh.id as gid,gs.id,gh.shop_number,gh.shop_price,gh.toubi_price,gh.status,gs.name,gs.image FROM goods_huodao gh LEFT JOIN goods_shop gs on gh.shop_id=gs.id WHERE ( gh.shipment_id = '2017091316_B93FDE7CBB8F76AA025D5D94E90F6538' ) ORDER BY gh.number asc  [ RunTime:0.004001s ]
INFO: [ view_template ] --START--
INFO: Run LocationTemplate Behavior [ RunTime:-1.547089s ]
INFO: [ view_template ] --END-- [ RunTime:0.002000s ]
INFO: [ view_parse ] --START--
INFO: Run ParseTemplate Behavior [ RunTime:-1.549089s ]
INFO: [ view_parse ] --END-- [ RunTime:0.016001s ]
INFO: [ view_filter ] --START--
INFO: Run ContentReplace Behavior [ RunTime:-1.565090s ]
INFO: Run TokenBuild Behavior [ RunTime:-1.569090s ]
INFO: Run WriteHtmlCache Behavior [ RunTime:-1.570090s ]
INFO: Run ShowRuntime Behavior [ RunTime:-1.571090s ]
INFO: [ view_filter ] --END-- [ RunTime:0.007000s ]
INFO: [ view_end ] --START--
INFO: Run ShowPageTrace Behavior [ RunTime:-1.572090s ]
INFO: [ view_end ] --END-- [ RunTime:0.003000s ]

[ 2017-09-19T11:22:09+08:00 ] 0.0.0.0 /Rose/index.php?g=Wap&m=VendingWeixin&a=index&openid=odOIPv4WtdWt9ebczeYuYByhYr_0&device_code=A352425021222040
INFO: [ app_begin ] --START--
INFO: Run ReadHtmlCache Behavior [ RunTime:0.001000s ]
INFO: [ app_begin ] --END-- [ RunTime:0.001000s ]
SQL: SHOW COLUMNS FROM `goods_weixin_alipay_pay_rec` [ RunTime:0.009001s ]
SQL: SELECT SUM(pay_account) AS tp_sum FROM `goods_weixin_alipay_pay_rec` WHERE ( `wechat_alipay_id` = 'odOIPv4WtdWt9ebczeYuYByhYr_0' ) AND ( `pay_status` = '1' ) AND ( `is_close` = '0' ) AND ( `del_flag` = '0' ) AND ( `type` = '1' ) LIMIT 1   [ RunTime:0.000000s ]
SQL: SHOW COLUMNS FROM `goods_consume_rec` [ RunTime:0.009000s ]
SQL: SELECT SUM(consume_account) AS tp_sum FROM `goods_consume_rec` WHERE ( `type` = '1' ) AND ( `wechat_alipay_id` = 'odOIPv4WtdWt9ebczeYuYByhYr_0' ) AND ( `command_status` IN ('1','2') ) AND ( `is_close` = '0' ) AND ( `del_flag` = '0' ) LIMIT 1   [ RunTime:0.002000s ]
SQL: SHOW COLUMNS FROM `goods_vending` [ RunTime:0.012001s ]
SQL: SELECT * FROM `goods_vending` WHERE ( `device_code` = 'A352425021222040' ) AND ( `del_flag` = '0' ) LIMIT 1   [ RunTime:0.002000s ]
SQL: SHOW COLUMNS FROM `goods_huodao` [ RunTime:0.013001s ]
SQL: SELECT gh.number,gh.id as gid,gs.id,gh.shop_number,gh.shop_price,gh.toubi_price,gh.status,gs.name,gs.image FROM goods_huodao gh LEFT JOIN goods_shop gs on gh.shop_id=gs.id WHERE ( gh.shipment_id = '2017091316_B93FDE7CBB8F76AA025D5D94E90F6538' ) ORDER BY gh.number asc  [ RunTime:0.001000s ]
INFO: [ view_template ] --START--
INFO: Run LocationTemplate Behavior [ RunTime:-1.763101s ]
INFO: [ view_template ] --END-- [ RunTime:0.002000s ]
INFO: [ view_parse ] --START--
INFO: Run ParseTemplate Behavior [ RunTime:-1.765101s ]
INFO: [ view_parse ] --END-- [ RunTime:0.015001s ]
INFO: [ view_filter ] --START--
INFO: Run ContentReplace Behavior [ RunTime:-1.780102s ]
INFO: Run TokenBuild Behavior [ RunTime:-1.781102s ]
INFO: Run WriteHtmlCache Behavior [ RunTime:-1.783102s ]
INFO: Run ShowRuntime Behavior [ RunTime:-1.784102s ]
INFO: [ view_filter ] --END-- [ RunTime:0.005000s ]
INFO: [ view_end ] --START--
INFO: Run ShowPageTrace Behavior [ RunTime:-1.785102s ]
INFO: [ view_end ] --END-- [ RunTime:0.003000s ]

[ 2017-09-19T11:27:33+08:00 ] 0.0.0.0 /Rose/index.php?g=Wap&m=VendingWeixin&a=index&openid=odOIPv4WtdWt9ebczeYuYByhYr_0&device_code=A352425021222040
INFO: [ app_begin ] --START--
INFO: Run ReadHtmlCache Behavior [ RunTime:0.001000s ]
INFO: [ app_begin ] --END-- [ RunTime:0.001000s ]
SQL: SHOW COLUMNS FROM `goods_weixin_alipay_pay_rec` [ RunTime:0.017001s ]
SQL: SELECT SUM(pay_account) AS tp_sum FROM `goods_weixin_alipay_pay_rec` WHERE ( `wechat_alipay_id` = 'odOIPv4WtdWt9ebczeYuYByhYr_0' ) AND ( `pay_status` = '1' ) AND ( `is_close` = '0' ) AND ( `del_flag` = '0' ) AND ( `type` = '1' ) LIMIT 1   [ RunTime:0.001001s ]
SQL: SHOW COLUMNS FROM `goods_consume_rec` [ RunTime:0.017001s ]
SQL: SELECT SUM(consume_account) AS tp_sum FROM `goods_consume_rec` WHERE ( `type` = '1' ) AND ( `wechat_alipay_id` = 'odOIPv4WtdWt9ebczeYuYByhYr_0' ) AND ( `command_status` IN ('1','2') ) AND ( `is_close` = '0' ) AND ( `del_flag` = '0' ) LIMIT 1   [ RunTime:0.000000s ]
SQL: SHOW COLUMNS FROM `goods_vending` [ RunTime:0.009000s ]
SQL: SELECT * FROM `goods_vending` WHERE ( `device_code` = 'A352425021222040' ) AND ( `del_flag` = '0' ) LIMIT 1   [ RunTime:0.001000s ]
SQL: SHOW COLUMNS FROM `goods_huodao` [ RunTime:0.011001s ]
SQL: SELECT gh.number,gh.id as gid,gs.id,gh.shop_number,gh.shop_price,gh.toubi_price,gh.status,gs.name,gs.image FROM goods_huodao gh LEFT JOIN goods_shop gs on gh.shop_id=gs.id WHERE ( gh.shipment_id = '2017091316_B93FDE7CBB8F76AA025D5D94E90F6538' ) ORDER BY gh.number asc  [ RunTime:0.001000s ]
INFO: [ view_template ] --START--
INFO: Run LocationTemplate Behavior [ RunTime:-1.555089s ]
INFO: [ view_template ] --END-- [ RunTime:0.002000s ]
INFO: [ view_parse ] --START--
INFO: Run ParseTemplate Behavior [ RunTime:-1.557089s ]
INFO: [ view_parse ] --END-- [ RunTime:0.016001s ]
INFO: [ view_filter ] --START--
INFO: Run ContentReplace Behavior [ RunTime:-1.573090s ]
INFO: Run TokenBuild Behavior [ RunTime:-1.574090s ]
INFO: Run WriteHtmlCache Behavior [ RunTime:-1.575090s ]
INFO: Run ShowRuntime Behavior [ RunTime:-1.576090s ]
INFO: [ view_filter ] --END-- [ RunTime:0.004000s ]
INFO: [ view_end ] --START--
INFO: Run ShowPageTrace Behavior [ RunTime:-1.578090s ]
INFO: [ view_end ] --END-- [ RunTime:0.001000s ]

[ 2017-09-19T11:27:36+08:00 ] 0.0.0.0 /Rose/index.php?g=Wap&m=VendingWeixin&a=index&openid=odOIPv4WtdWt9ebczeYuYByhYr_0&device_code=A352425021222041
INFO: [ app_begin ] --START--
INFO: Run ReadHtmlCache Behavior [ RunTime:0.001000s ]
INFO: [ app_begin ] --END-- [ RunTime:0.001000s ]
SQL: SHOW COLUMNS FROM `goods_weixin_alipay_pay_rec` [ RunTime:0.011000s ]
SQL: SELECT SUM(pay_account) AS tp_sum FROM `goods_weixin_alipay_pay_rec` WHERE ( `wechat_alipay_id` = 'odOIPv4WtdWt9ebczeYuYByhYr_0' ) AND ( `pay_status` = '1' ) AND ( `is_close` = '0' ) AND ( `del_flag` = '0' ) AND ( `type` = '1' ) LIMIT 1   [ RunTime:0.000000s ]
SQL: SHOW COLUMNS FROM `goods_consume_rec` [ RunTime:0.012000s ]
SQL: SELECT SUM(consume_account) AS tp_sum FROM `goods_consume_rec` WHERE ( `type` = '1' ) AND ( `wechat_alipay_id` = 'odOIPv4WtdWt9ebczeYuYByhYr_0' ) AND ( `command_status` IN ('1','2') ) AND ( `is_close` = '0' ) AND ( `del_flag` = '0' ) LIMIT 1   [ RunTime:0.001000s ]
SQL: SHOW COLUMNS FROM `goods_vending` [ RunTime:0.013001s ]
SQL: SELECT * FROM `goods_vending` WHERE ( `device_code` = 'A352425021222041' ) AND ( `del_flag` = '0' ) LIMIT 1   [ RunTime:0.001000s ]
SQL: SHOW COLUMNS FROM `goods_huodao` [ RunTime:0.006000s ]
SQL: SELECT gh.number,gh.id as gid,gs.id,gh.shop_number,gh.shop_price,gh.toubi_price,gh.status,gs.name,gs.image FROM goods_huodao gh LEFT JOIN goods_shop gs on gh.shop_id=gs.id WHERE ( gh.shipment_id = '2017091911_9396FD634F85D24C43315F2126B53F13' ) ORDER BY gh.number asc  [ RunTime:0.002001s ]
INFO: [ view_template ] --START--
INFO: Run LocationTemplate Behavior [ RunTime:-1.609093s ]
INFO: [ view_template ] --END-- [ RunTime:0.003000s ]
INFO: [ view_parse ] --START--
INFO: Run ParseTemplate Behavior [ RunTime:-1.612093s ]
INFO: [ view_parse ] --END-- [ RunTime:0.027001s ]
INFO: [ view_filter ] --START--
INFO: Run ContentReplace Behavior [ RunTime:-1.639094s ]
INFO: Run TokenBuild Behavior [ RunTime:-1.640094s ]
INFO: Run WriteHtmlCache Behavior [ RunTime:-1.641094s ]
INFO: Run ShowRuntime Behavior [ RunTime:-1.642094s ]
INFO: [ view_filter ] --END-- [ RunTime:0.003000s ]
INFO: [ view_end ] --START--
INFO: Run ShowPageTrace Behavior [ RunTime:-1.642094s ]
INFO: [ view_end ] --END-- [ RunTime:0.001000s ]

[ 2017-09-19T11:28:16+08:00 ] 0.0.0.0 /Rose/index.php?g=Wap&m=VendingWeixin&a=index&openid=odOIPv4WtdWt9ebczeYuYByhYr_0&device_code=A352425021222041
INFO: [ app_begin ] --START--
INFO: Run ReadHtmlCache Behavior [ RunTime:0.002000s ]
INFO: [ app_begin ] --END-- [ RunTime:0.002000s ]
SQL: SHOW COLUMNS FROM `goods_weixin_alipay_pay_rec` [ RunTime:0.014001s ]
SQL: SELECT SUM(pay_account) AS tp_sum FROM `goods_weixin_alipay_pay_rec` WHERE ( `wechat_alipay_id` = 'odOIPv4WtdWt9ebczeYuYByhYr_0' ) AND ( `pay_status` = '1' ) AND ( `is_close` = '0' ) AND ( `del_flag` = '0' ) AND ( `type` = '1' ) LIMIT 1   [ RunTime:0.001000s ]
SQL: SHOW COLUMNS FROM `goods_consume_rec` [ RunTime:0.012000s ]
SQL: SELECT SUM(consume_account) AS tp_sum FROM `goods_consume_rec` WHERE ( `type` = '1' ) AND ( `wechat_alipay_id` = 'odOIPv4WtdWt9ebczeYuYByhYr_0' ) AND ( `command_status` IN ('1','2') ) AND ( `is_close` = '0' ) AND ( `del_flag` = '0' ) LIMIT 1   [ RunTime:0.001000s ]
SQL: SHOW COLUMNS FROM `goods_vending` [ RunTime:0.013001s ]
SQL: SELECT * FROM `goods_vending` WHERE ( `device_code` = 'A352425021222041' ) AND ( `del_flag` = '0' ) LIMIT 1   [ RunTime:0.001000s ]
SQL: SHOW COLUMNS FROM `goods_huodao` [ RunTime:0.013001s ]
SQL: SELECT gh.number,gh.id as gid,gs.id,gh.shop_number,gh.shop_price,gh.toubi_price,gh.status,gs.name,gs.image FROM goods_huodao gh LEFT JOIN goods_shop gs on gh.shop_id=gs.id WHERE ( gh.shipment_id = '2017091911_9396FD634F85D24C43315F2126B53F13' ) ORDER BY gh.number asc  [ RunTime:0.001000s ]
INFO: [ view_template ] --START--
INFO: Run LocationTemplate Behavior [ RunTime:-1.853106s ]
INFO: [ view_template ] --END-- [ RunTime:0.002000s ]
INFO: [ view_parse ] --START--
INFO: Run ParseTemplate Behavior [ RunTime:-1.855106s ]
INFO: [ view_parse ] --END-- [ RunTime:0.014001s ]
INFO: [ view_filter ] --START--
INFO: Run ContentReplace Behavior [ RunTime:-1.869107s ]
INFO: Run TokenBuild Behavior [ RunTime:-1.870107s ]
INFO: Run WriteHtmlCache Behavior [ RunTime:-1.872107s ]
INFO: Run ShowRuntime Behavior [ RunTime:-1.872107s ]
INFO: [ view_filter ] --END-- [ RunTime:0.004000s ]
INFO: [ view_end ] --START--
INFO: Run ShowPageTrace Behavior [ RunTime:-1.873107s ]
INFO: [ view_end ] --END-- [ RunTime:0.001000s ]

[ 2017-09-19T11:28:21+08:00 ] 0.0.0.0 /Rose/index.php?g=Wap&m=VendingWeixin&a=index&openid=odOIPv4WtdWt9ebczeYuYByhYr_0&device_code=A352425021222041
INFO: [ app_begin ] --START--
INFO: Run ReadHtmlCache Behavior [ RunTime:0.002000s ]
INFO: [ app_begin ] --END-- [ RunTime:0.002000s ]
SQL: SHOW COLUMNS FROM `goods_weixin_alipay_pay_rec` [ RunTime:0.016000s ]
SQL: SELECT SUM(pay_account) AS tp_sum FROM `goods_weixin_alipay_pay_rec` WHERE ( `wechat_alipay_id` = 'odOIPv4WtdWt9ebczeYuYByhYr_0' ) AND ( `pay_status` = '1' ) AND ( `is_close` = '0' ) AND ( `del_flag` = '0' ) AND ( `type` = '1' ) LIMIT 1   [ RunTime:0.001000s ]
SQL: SHOW COLUMNS FROM `goods_consume_rec` [ RunTime:0.013000s ]
SQL: SELECT SUM(consume_account) AS tp_sum FROM `goods_consume_rec` WHERE ( `type` = '1' ) AND ( `wechat_alipay_id` = 'odOIPv4WtdWt9ebczeYuYByhYr_0' ) AND ( `command_status` IN ('1','2') ) AND ( `is_close` = '0' ) AND ( `del_flag` = '0' ) LIMIT 1   [ RunTime:0.000000s ]
SQL: SHOW COLUMNS FROM `goods_vending` [ RunTime:0.013001s ]
SQL: SELECT * FROM `goods_vending` WHERE ( `device_code` = 'A352425021222041' ) AND ( `del_flag` = '0' ) LIMIT 1   [ RunTime:0.000000s ]
SQL: SHOW COLUMNS FROM `goods_huodao` [ RunTime:0.013001s ]
SQL: SELECT gh.number,gh.id as gid,gs.id,gh.shop_number,gh.shop_price,gh.toubi_price,gh.status,gs.name,gs.image FROM goods_huodao gh LEFT JOIN goods_shop gs on gh.shop_id=gs.id WHERE ( gh.shipment_id = '2017091911_9396FD634F85D24C43315F2126B53F13' ) ORDER BY gh.number asc  [ RunTime:0.001000s ]
INFO: [ view_template ] --START--
INFO: Run LocationTemplate Behavior [ RunTime:-1.560089s ]
INFO: [ view_template ] --END-- [ RunTime:0.002000s ]
INFO: [ view_parse ] --START--
INFO: Run ParseTemplate Behavior [ RunTime:-1.562089s ]
INFO: [ view_parse ] --END-- [ RunTime:0.014001s ]
INFO: [ view_filter ] --START--
INFO: Run ContentReplace Behavior [ RunTime:-1.576090s ]
INFO: Run TokenBuild Behavior [ RunTime:-1.577090s ]
INFO: Run WriteHtmlCache Behavior [ RunTime:-1.578090s ]
INFO: Run ShowRuntime Behavior [ RunTime:-1.579090s ]
INFO: [ view_filter ] --END-- [ RunTime:0.005000s ]
INFO: [ view_end ] --START--
INFO: Run ShowPageTrace Behavior [ RunTime:-1.581090s ]
INFO: [ view_end ] --END-- [ RunTime:0.002000s ]

[ 2017-09-19T11:28:41+08:00 ] 0.0.0.0 /Rose/index.php?g=Wap&m=VendingWeixin&a=index&openid=odOIPv4WtdWt9ebczeYuYByhYr_0&device_code=A352425021222041
INFO: [ app_begin ] --START--
INFO: Run ReadHtmlCache Behavior [ RunTime:0.001000s ]
INFO: [ app_begin ] --END-- [ RunTime:0.001000s ]
SQL: SHOW COLUMNS FROM `goods_weixin_alipay_pay_rec` [ RunTime:0.015001s ]
SQL: SELECT SUM(pay_account) AS tp_sum FROM `goods_weixin_alipay_pay_rec` WHERE ( `wechat_alipay_id` = 'odOIPv4WtdWt9ebczeYuYByhYr_0' ) AND ( `pay_status` = '1' ) AND ( `is_close` = '0' ) AND ( `del_flag` = '0' ) AND ( `type` = '1' ) LIMIT 1   [ RunTime:0.001000s ]
SQL: SHOW COLUMNS FROM `goods_consume_rec` [ RunTime:0.018001s ]
SQL: SELECT SUM(consume_account) AS tp_sum FROM `goods_consume_rec` WHERE ( `type` = '1' ) AND ( `wechat_alipay_id` = 'odOIPv4WtdWt9ebczeYuYByhYr_0' ) AND ( `command_status` IN ('1','2') ) AND ( `is_close` = '0' ) AND ( `del_flag` = '0' ) LIMIT 1   [ RunTime:0.001000s ]
SQL: SHOW COLUMNS FROM `goods_vending` [ RunTime:0.011000s ]
SQL: SELECT * FROM `goods_vending` WHERE ( `device_code` = 'A352425021222041' ) AND ( `del_flag` = '0' ) LIMIT 1   [ RunTime:0.001000s ]
SQL: SHOW COLUMNS FROM `goods_huodao` [ RunTime:0.013001s ]
SQL: SELECT gh.number,gh.id as gid,gs.id,gh.shop_number,gh.shop_price,gh.toubi_price,gh.status,gs.name,gs.image FROM goods_huodao gh LEFT JOIN goods_shop gs on gh.shop_id=gs.id WHERE ( gh.shipment_id = '2017091911_9396FD634F85D24C43315F2126B53F13' ) ORDER BY gh.number asc  [ RunTime:0.001000s ]
INFO: [ view_template ] --START--
INFO: Run LocationTemplate Behavior [ RunTime:-1.859106s ]
INFO: [ view_template ] --END-- [ RunTime:0.002000s ]
INFO: [ view_parse ] --START--
INFO: Run ParseTemplate Behavior [ RunTime:-1.861106s ]
INFO: [ view_parse ] --END-- [ RunTime:0.016001s ]
INFO: [ view_filter ] --START--
INFO: Run ContentReplace Behavior [ RunTime:-1.877107s ]
INFO: Run TokenBuild Behavior [ RunTime:-1.878107s ]
INFO: Run WriteHtmlCache Behavior [ RunTime:-1.879107s ]
INFO: Run ShowRuntime Behavior [ RunTime:-1.879107s ]
INFO: [ view_filter ] --END-- [ RunTime:0.004001s ]
INFO: [ view_end ] --START--
INFO: Run ShowPageTrace Behavior [ RunTime:-1.881108s ]
INFO: [ view_end ] --END-- [ RunTime:0.001000s ]

[ 2017-09-19T11:29:05+08:00 ] 0.0.0.0 /Rose/index.php?g=Wap&m=VendingWeixin&a=index&openid=odOIPv4WtdWt9ebczeYuYByhYr_0&device_code=A352425021222041
INFO: [ app_begin ] --START--
INFO: Run ReadHtmlCache Behavior [ RunTime:0.000000s ]
INFO: [ app_begin ] --END-- [ RunTime:0.000000s ]
SQL: SHOW COLUMNS FROM `goods_weixin_alipay_pay_rec` [ RunTime:0.015001s ]
SQL: SELECT SUM(pay_account) AS tp_sum FROM `goods_weixin_alipay_pay_rec` WHERE ( `wechat_alipay_id` = 'odOIPv4WtdWt9ebczeYuYByhYr_0' ) AND ( `pay_status` = '1' ) AND ( `is_close` = '0' ) AND ( `del_flag` = '0' ) AND ( `type` = '1' ) LIMIT 1   [ RunTime:0.000000s ]
SQL: SHOW COLUMNS FROM `goods_consume_rec` [ RunTime:0.015001s ]
SQL: SELECT SUM(consume_account) AS tp_sum FROM `goods_consume_rec` WHERE ( `type` = '1' ) AND ( `wechat_alipay_id` = 'odOIPv4WtdWt9ebczeYuYByhYr_0' ) AND ( `command_status` IN ('1','2') ) AND ( `is_close` = '0' ) AND ( `del_flag` = '0' ) LIMIT 1   [ RunTime:0.000000s ]
SQL: SHOW COLUMNS FROM `goods_vending` [ RunTime:0.013000s ]
SQL: SELECT * FROM `goods_vending` WHERE ( `device_code` = 'A352425021222041' ) AND ( `del_flag` = '0' ) LIMIT 1   [ RunTime:0.001000s ]
SQL: SHOW COLUMNS FROM `goods_huodao` [ RunTime:0.014001s ]
SQL: SELECT gh.number,gh.id as gid,gs.id,gh.shop_number,gh.shop_price,gh.toubi_price,gh.status,gs.name,gs.image FROM goods_huodao gh LEFT JOIN goods_shop gs on gh.shop_id=gs.id WHERE ( gh.shipment_id = '2017091911_9396FD634F85D24C43315F2126B53F13' ) ORDER BY gh.number asc  [ RunTime:0.002000s ]
INFO: [ view_template ] --START--
INFO: Run LocationTemplate Behavior [ RunTime:-1.672095s ]
INFO: [ view_template ] --END-- [ RunTime:0.001000s ]
INFO: [ view_parse ] --START--
INFO: Run ParseTemplate Behavior [ RunTime:-1.674095s ]
INFO: [ view_parse ] --END-- [ RunTime:0.015001s ]
INFO: [ view_filter ] --START--
INFO: Run ContentReplace Behavior [ RunTime:-1.689096s ]
INFO: Run TokenBuild Behavior [ RunTime:-1.690096s ]
INFO: Run WriteHtmlCache Behavior [ RunTime:-1.691096s ]
INFO: Run ShowRuntime Behavior [ RunTime:-1.692097s ]
INFO: [ view_filter ] --END-- [ RunTime:0.004001s ]
INFO: [ view_end ] --START--
INFO: Run ShowPageTrace Behavior [ RunTime:-1.693097s ]
INFO: [ view_end ] --END-- [ RunTime:0.001000s ]

[ 2017-09-19T11:29:14+08:00 ] 0.0.0.0 /Rose/index.php?g=Wap&m=VendingWeixin&a=index&openid=odOIPv4WtdWt9ebczeYuYByhYr_0&device_code=A352425021222041
INFO: [ app_begin ] --START--
INFO: Run ReadHtmlCache Behavior [ RunTime:0.000000s ]
INFO: [ app_begin ] --END-- [ RunTime:0.000000s ]
SQL: SHOW COLUMNS FROM `goods_weixin_alipay_pay_rec` [ RunTime:0.015000s ]
SQL: SELECT SUM(pay_account) AS tp_sum FROM `goods_weixin_alipay_pay_rec` WHERE ( `wechat_alipay_id` = 'odOIPv4WtdWt9ebczeYuYByhYr_0' ) AND ( `pay_status` = '1' ) AND ( `is_close` = '0' ) AND ( `del_flag` = '0' ) AND ( `type` = '1' ) LIMIT 1   [ RunTime:0.000000s ]
SQL: SHOW COLUMNS FROM `goods_consume_rec` [ RunTime:0.015000s ]
SQL: SELECT SUM(consume_account) AS tp_sum FROM `goods_consume_rec` WHERE ( `type` = '1' ) AND ( `wechat_alipay_id` = 'odOIPv4WtdWt9ebczeYuYByhYr_0' ) AND ( `command_status` IN ('1','2') ) AND ( `is_close` = '0' ) AND ( `del_flag` = '0' ) LIMIT 1   [ RunTime:0.001000s ]
SQL: SHOW COLUMNS FROM `goods_vending` [ RunTime:0.015001s ]
SQL: SELECT * FROM `goods_vending` WHERE ( `device_code` = 'A352425021222041' ) AND ( `del_flag` = '0' ) LIMIT 1   [ RunTime:0.000000s ]
SQL: SHOW COLUMNS FROM `goods_huodao` [ RunTime:0.011001s ]
SQL: SELECT gh.number,gh.id as gid,gs.id,gh.shop_number,gh.shop_price,gh.toubi_price,gh.status,gs.name,gs.image FROM goods_huodao gh LEFT JOIN goods_shop gs on gh.shop_id=gs.id WHERE ( gh.shipment_id = '2017091911_9396FD634F85D24C43315F2126B53F13' ) ORDER BY gh.number asc  [ RunTime:0.000000s ]
INFO: [ view_template ] --START--
INFO: Run LocationTemplate Behavior [ RunTime:-1.607092s ]
INFO: [ view_template ] --END-- [ RunTime:0.002000s ]
INFO: [ view_parse ] --START--
INFO: Run ParseTemplate Behavior [ RunTime:-1.609092s ]
INFO: [ view_parse ] --END-- [ RunTime:0.018001s ]
INFO: [ view_filter ] --START--
INFO: Run ContentReplace Behavior [ RunTime:-1.626093s ]
INFO: Run TokenBuild Behavior [ RunTime:-1.627093s ]
INFO: Run WriteHtmlCache Behavior [ RunTime:-1.628093s ]
INFO: Run ShowRuntime Behavior [ RunTime:-1.628093s ]
INFO: [ view_filter ] --END-- [ RunTime:0.003000s ]
INFO: [ view_end ] --START--
INFO: Run ShowPageTrace Behavior [ RunTime:-1.629093s ]
INFO: [ view_end ] --END-- [ RunTime:0.001000s ]

[ 2017-09-19T11:29:38+08:00 ] 0.0.0.0 /Rose/index.php?g=Wap&m=VendingWeixin&a=index&openid=odOIPv4WtdWt9ebczeYuYByhYr_0&device_code=A352425021222041
INFO: [ app_begin ] --START--
INFO: Run ReadHtmlCache Behavior [ RunTime:0.001001s ]
INFO: [ app_begin ] --END-- [ RunTime:0.001001s ]
SQL: SHOW COLUMNS FROM `goods_weixin_alipay_pay_rec` [ RunTime:0.022001s ]
SQL: SELECT SUM(pay_account) AS tp_sum FROM `goods_weixin_alipay_pay_rec` WHERE ( `wechat_alipay_id` = 'odOIPv4WtdWt9ebczeYuYByhYr_0' ) AND ( `pay_status` = '1' ) AND ( `is_close` = '0' ) AND ( `del_flag` = '0' ) AND ( `type` = '1' ) LIMIT 1   [ RunTime:0.000000s ]
SQL: SHOW COLUMNS FROM `goods_consume_rec` [ RunTime:0.014001s ]
SQL: SELECT SUM(consume_account) AS tp_sum FROM `goods_consume_rec` WHERE ( `type` = '1' ) AND ( `wechat_alipay_id` = 'odOIPv4WtdWt9ebczeYuYByhYr_0' ) AND ( `command_status` IN ('1','2') ) AND ( `is_close` = '0' ) AND ( `del_flag` = '0' ) LIMIT 1   [ RunTime:0.001000s ]
SQL: SHOW COLUMNS FROM `goods_vending` [ RunTime:0.014001s ]
SQL: SELECT * FROM `goods_vending` WHERE ( `device_code` = 'A352425021222041' ) AND ( `del_flag` = '0' ) LIMIT 1   [ RunTime:0.000000s ]
SQL: SHOW COLUMNS FROM `goods_huodao` [ RunTime:0.013001s ]
SQL: SELECT gh.number,gh.id as gid,gs.id,gh.shop_number,gh.shop_price,gh.toubi_price,gh.status,gs.name,gs.image FROM goods_huodao gh LEFT JOIN goods_shop gs on gh.shop_id=gs.id WHERE ( gh.shipment_id = '2017091911_9396FD634F85D24C43315F2126B53F13' ) ORDER BY gh.number asc  [ RunTime:0.001000s ]
INFO: [ view_template ] --START--
INFO: Run LocationTemplate Behavior [ RunTime:-1.524087s ]
INFO: [ view_template ] --END-- [ RunTime:0.001000s ]
INFO: [ view_parse ] --START--
INFO: Run ParseTemplate Behavior [ RunTime:-1.525087s ]
INFO: [ view_parse ] --END-- [ RunTime:0.015001s ]
INFO: [ view_filter ] --START--
INFO: Run ContentReplace Behavior [ RunTime:-1.540088s ]
INFO: Run TokenBuild Behavior [ RunTime:-1.541088s ]
INFO: Run WriteHtmlCache Behavior [ RunTime:-1.542088s ]
INFO: Run ShowRuntime Behavior [ RunTime:-1.542088s ]
INFO: [ view_filter ] --END-- [ RunTime:0.003000s ]
INFO: [ view_end ] --START--
INFO: Run ShowPageTrace Behavior [ RunTime:-1.544088s ]
INFO: [ view_end ] --END-- [ RunTime:0.002000s ]

[ 2017-09-19T11:30:13+08:00 ] 0.0.0.0 /Rose/index.php?g=Wap&m=VendingWeixin&a=index&openid=odOIPv4WtdWt9ebczeYuYByhYr_0&device_code=A3524250212220423
INFO: [ app_begin ] --START--
INFO: Run ReadHtmlCache Behavior [ RunTime:0.001000s ]
INFO: [ app_begin ] --END-- [ RunTime:0.001000s ]
SQL: SHOW COLUMNS FROM `goods_weixin_alipay_pay_rec` [ RunTime:0.013000s ]
SQL: SELECT SUM(pay_account) AS tp_sum FROM `goods_weixin_alipay_pay_rec` WHERE ( `wechat_alipay_id` = 'odOIPv4WtdWt9ebczeYuYByhYr_0' ) AND ( `pay_status` = '1' ) AND ( `is_close` = '0' ) AND ( `del_flag` = '0' ) AND ( `type` = '1' ) LIMIT 1   [ RunTime:0.001001s ]
SQL: SHOW COLUMNS FROM `goods_consume_rec` [ RunTime:0.013000s ]
SQL: SELECT SUM(consume_account) AS tp_sum FROM `goods_consume_rec` WHERE ( `type` = '1' ) AND ( `wechat_alipay_id` = 'odOIPv4WtdWt9ebczeYuYByhYr_0' ) AND ( `command_status` IN ('1','2') ) AND ( `is_close` = '0' ) AND ( `del_flag` = '0' ) LIMIT 1   [ RunTime:0.001000s ]
SQL: SHOW COLUMNS FROM `goods_vending` [ RunTime:0.012001s ]
SQL: SELECT * FROM `goods_vending` WHERE ( `device_code` = 'A3524250212220423' ) AND ( `del_flag` = '0' ) LIMIT 1   [ RunTime:0.000000s ]
SQL: SHOW COLUMNS FROM `goods_huodao` [ RunTime:0.010001s ]
SQL: SELECT gh.number,gh.id as gid,gs.id,gh.shop_number,gh.shop_price,gh.toubi_price,gh.status,gs.name,gs.image FROM goods_huodao gh LEFT JOIN goods_shop gs on gh.shop_id=gs.id WHERE ( gh.shipment_id = null ) ORDER BY gh.number asc  [ RunTime:0.001000s ]
INFO: [ view_template ] --START--
INFO: Run LocationTemplate Behavior [ RunTime:-1.532088s ]
INFO: [ view_template ] --END-- [ RunTime:0.001000s ]
INFO: [ view_parse ] --START--
INFO: Run ParseTemplate Behavior [ RunTime:-1.533088s ]
INFO: [ view_parse ] --END-- [ RunTime:0.016001s ]
INFO: [ view_filter ] --START--
INFO: Run ContentReplace Behavior [ RunTime:-1.549089s ]
INFO: Run TokenBuild Behavior [ RunTime:-1.550089s ]
INFO: Run WriteHtmlCache Behavior [ RunTime:-1.550089s ]
INFO: Run ShowRuntime Behavior [ RunTime:-1.551089s ]
INFO: [ view_filter ] --END-- [ RunTime:0.002000s ]
INFO: [ view_end ] --START--
INFO: Run ShowPageTrace Behavior [ RunTime:-1.551089s ]
INFO: [ view_end ] --END-- [ RunTime:0.001000s ]

[ 2017-09-19T11:31:20+08:00 ] 0.0.0.0 /Rose/index.php?g=Wap&m=VendingWeixin&a=index&openid=odOIPv4WtdWt9ebczeYuYByhYr_0&device_code=A3524250212220423
INFO: [ app_begin ] --START--
INFO: Run ReadHtmlCache Behavior [ RunTime:0.001000s ]
INFO: [ app_begin ] --END-- [ RunTime:0.001000s ]
SQL: SHOW COLUMNS FROM `goods_weixin_alipay_pay_rec` [ RunTime:0.009001s ]
SQL: SELECT SUM(pay_account) AS tp_sum FROM `goods_weixin_alipay_pay_rec` WHERE ( `wechat_alipay_id` = 'odOIPv4WtdWt9ebczeYuYByhYr_0' ) AND ( `pay_status` = '1' ) AND ( `is_close` = '0' ) AND ( `del_flag` = '0' ) AND ( `type` = '1' ) LIMIT 1   [ RunTime:0.000000s ]
SQL: SHOW COLUMNS FROM `goods_consume_rec` [ RunTime:0.014001s ]
SQL: SELECT SUM(consume_account) AS tp_sum FROM `goods_consume_rec` WHERE ( `type` = '1' ) AND ( `wechat_alipay_id` = 'odOIPv4WtdWt9ebczeYuYByhYr_0' ) AND ( `command_status` IN ('1','2') ) AND ( `is_close` = '0' ) AND ( `del_flag` = '0' ) LIMIT 1   [ RunTime:0.000000s ]
SQL: SHOW COLUMNS FROM `goods_vending` [ RunTime:0.013001s ]
SQL: SELECT * FROM `goods_vending` WHERE ( `device_code` = 'A3524250212220423' ) AND ( `del_flag` = '0' ) LIMIT 1   [ RunTime:0.001000s ]
SQL: SHOW COLUMNS FROM `goods_huodao` [ RunTime:0.015001s ]
SQL: SELECT gh.number,gh.id as gid,gs.id,gh.shop_number,gh.shop_price,gh.toubi_price,gh.status,gs.name,gs.image FROM goods_huodao gh LEFT JOIN goods_shop gs on gh.shop_id=gs.id WHERE ( gh.shipment_id = null ) ORDER BY gh.number asc  [ RunTime:0.001000s ]
INFO: [ view_template ] --START--
INFO: Run LocationTemplate Behavior [ RunTime:-1.542089s ]
INFO: [ view_template ] --END-- [ RunTime:0.002000s ]
INFO: [ view_parse ] --START--
INFO: Run ParseTemplate Behavior [ RunTime:-1.544089s ]
INFO: [ view_parse ] --END-- [ RunTime:0.015001s ]
INFO: [ view_filter ] --START--
INFO: Run ContentReplace Behavior [ RunTime:-1.559090s ]
INFO: Run TokenBuild Behavior [ RunTime:-1.560090s ]
INFO: Run WriteHtmlCache Behavior [ RunTime:-1.560090s ]
INFO: Run ShowRuntime Behavior [ RunTime:-1.561090s ]
INFO: [ view_filter ] --END-- [ RunTime:0.002000s ]
INFO: [ view_end ] --START--
INFO: Run ShowPageTrace Behavior [ RunTime:-1.562090s ]
INFO: [ view_end ] --END-- [ RunTime:0.000000s ]

[ 2017-09-19T11:32:24+08:00 ] 0.0.0.0 /Rose/index.php?g=Wap&m=VendingWeixin&a=index&openid=odOIPv4WtdWt9ebczeYuYByhYr_0&device_code=A3524250212220423
INFO: [ app_begin ] --START--
INFO: Run ReadHtmlCache Behavior [ RunTime:0.001000s ]
INFO: [ app_begin ] --END-- [ RunTime:0.001000s ]
SQL: SHOW COLUMNS FROM `goods_weixin_alipay_pay_rec` [ RunTime:0.015001s ]
SQL: SELECT SUM(pay_account) AS tp_sum FROM `goods_weixin_alipay_pay_rec` WHERE ( `wechat_alipay_id` = 'odOIPv4WtdWt9ebczeYuYByhYr_0' ) AND ( `pay_status` = '1' ) AND ( `is_close` = '0' ) AND ( `del_flag` = '0' ) AND ( `type` = '1' ) LIMIT 1   [ RunTime:0.000000s ]
SQL: SHOW COLUMNS FROM `goods_consume_rec` [ RunTime:0.011001s ]
SQL: SELECT SUM(consume_account) AS tp_sum FROM `goods_consume_rec` WHERE ( `type` = '1' ) AND ( `wechat_alipay_id` = 'odOIPv4WtdWt9ebczeYuYByhYr_0' ) AND ( `command_status` IN ('1','2') ) AND ( `is_close` = '0' ) AND ( `del_flag` = '0' ) LIMIT 1   [ RunTime:0.000000s ]
SQL: SHOW COLUMNS FROM `goods_vending` [ RunTime:0.012001s ]
SQL: SELECT * FROM `goods_vending` WHERE ( `device_code` = 'A3524250212220423' ) AND ( `del_flag` = '0' ) LIMIT 1   [ RunTime:0.001000s ]
SQL: SHOW COLUMNS FROM `goods_huodao` [ RunTime:0.010000s ]
SQL: SELECT gh.number,gh.id as gid,gs.id,gh.shop_number,gh.shop_price,gh.toubi_price,gh.status,gs.name,gs.image FROM goods_huodao gh LEFT JOIN goods_shop gs on gh.shop_id=gs.id WHERE ( gh.shipment_id = null ) ORDER BY gh.number asc  [ RunTime:0.000000s ]
INFO: [ view_template ] --START--
INFO: Run LocationTemplate Behavior [ RunTime:-1.558089s ]
INFO: [ view_template ] --END-- [ RunTime:0.002000s ]
INFO: [ view_parse ] --START--
INFO: Run ParseTemplate Behavior [ RunTime:-1.560089s ]
INFO: [ view_parse ] --END-- [ RunTime:0.021002s ]
INFO: [ view_filter ] --START--
INFO: Run ContentReplace Behavior [ RunTime:-1.581091s ]
INFO: Run TokenBuild Behavior [ RunTime:-1.582091s ]
INFO: Run WriteHtmlCache Behavior [ RunTime:-1.583091s ]
INFO: Run ShowRuntime Behavior [ RunTime:-1.583091s ]
INFO: [ view_filter ] --END-- [ RunTime:0.003000s ]
INFO: [ view_end ] --START--
INFO: Run ShowPageTrace Behavior [ RunTime:-1.584091s ]
INFO: [ view_end ] --END-- [ RunTime:0.002000s ]

[ 2017-09-19T17:02:21+08:00 ] 0.0.0.0 /Rose/index.php?g=Wap&m=VendingWeixin&a=index&openid=odOIPv4WtdWt9ebczeYuYByhYr_0&device_code=A352425021222040
INFO: [ app_begin ] --START--
INFO: Run ReadHtmlCache Behavior [ RunTime:0.033001s ]
INFO: [ app_begin ] --END-- [ RunTime:0.033001s ]
SQL: SHOW COLUMNS FROM `goods_weixin_alipay_pay_rec` [ RunTime:0.035002s ]
SQL: SELECT SUM(pay_account) AS tp_sum FROM `goods_weixin_alipay_pay_rec` WHERE ( `wechat_alipay_id` = 'odOIPv4WtdWt9ebczeYuYByhYr_0' ) AND ( `pay_status` = '1' ) AND ( `is_close` = '0' ) AND ( `del_flag` = '0' ) AND ( `type` = '1' ) LIMIT 1   [ RunTime:0.001000s ]
SQL: SHOW COLUMNS FROM `goods_consume_rec` [ RunTime:0.044003s ]
SQL: SELECT SUM(consume_account) AS tp_sum FROM `goods_consume_rec` WHERE ( `type` = '1' ) AND ( `wechat_alipay_id` = 'odOIPv4WtdWt9ebczeYuYByhYr_0' ) AND ( `command_status` IN ('1','2') ) AND ( `is_close` = '0' ) AND ( `del_flag` = '0' ) LIMIT 1   [ RunTime:0.001000s ]
SQL: SHOW COLUMNS FROM `goods_vending` [ RunTime:0.011001s ]
SQL: SELECT * FROM `goods_vending` WHERE ( `device_code` = 'A352425021222040' ) AND ( `del_flag` = '0' ) LIMIT 1   [ RunTime:0.001000s ]
SQL: SHOW COLUMNS FROM `goods_huodao` [ RunTime:0.030001s ]
SQL: SELECT gh.number,gh.id as gid,gs.id,gh.shop_number,gh.shop_price,gh.toubi_price,gh.status,gs.name,gs.image FROM goods_huodao gh LEFT JOIN goods_shop gs on gh.shop_id=gs.id WHERE ( gh.shipment_id = '2017091316_B93FDE7CBB8F76AA025D5D94E90F6538' ) ORDER BY gh.number asc  [ RunTime:0.053004s ]
INFO: [ view_template ] --START--
INFO: Run LocationTemplate Behavior [ RunTime:-2.099121s ]
INFO: [ view_template ] --END-- [ RunTime:0.021001s ]
INFO: [ view_parse ] --START--
INFO: Run ParseTemplate Behavior [ RunTime:-2.120122s ]
INFO: [ view_parse ] --END-- [ RunTime:0.127007s ]
INFO: [ view_filter ] --START--
INFO: Run ContentReplace Behavior [ RunTime:-2.247129s ]
INFO: Run TokenBuild Behavior [ RunTime:-2.249129s ]
INFO: Run WriteHtmlCache Behavior [ RunTime:-2.250129s ]
INFO: Run ShowRuntime Behavior [ RunTime:-2.252129s ]
INFO: [ view_filter ] --END-- [ RunTime:0.019001s ]
INFO: [ view_end ] --START--
INFO: Run ShowPageTrace Behavior [ RunTime:-2.266130s ]
INFO: [ view_end ] --END-- [ RunTime:0.010001s ]

[ 2017-09-19T17:03:10+08:00 ] 0.0.0.0 /Rose/index.php?g=Wap&m=VendingWeixin&a=index&openid=odOIPv4WtdWt9ebczeYuYByhYr_0&device_code=A352425021222040
INFO: [ app_begin ] --START--
INFO: Run ReadHtmlCache Behavior [ RunTime:0.001000s ]
INFO: [ app_begin ] --END-- [ RunTime:0.001000s ]
SQL: SHOW COLUMNS FROM `goods_weixin_alipay_pay_rec` [ RunTime:0.016000s ]
SQL: SELECT SUM(pay_account) AS tp_sum FROM `goods_weixin_alipay_pay_rec` WHERE ( `wechat_alipay_id` = 'odOIPv4WtdWt9ebczeYuYByhYr_0' ) AND ( `pay_status` = '1' ) AND ( `is_close` = '0' ) AND ( `del_flag` = '0' ) AND ( `type` = '1' ) LIMIT 1   [ RunTime:0.001001s ]
SQL: SHOW COLUMNS FROM `goods_consume_rec` [ RunTime:0.014000s ]
SQL: SELECT SUM(consume_account) AS tp_sum FROM `goods_consume_rec` WHERE ( `type` = '1' ) AND ( `wechat_alipay_id` = 'odOIPv4WtdWt9ebczeYuYByhYr_0' ) AND ( `command_status` IN ('1','2') ) AND ( `is_close` = '0' ) AND ( `del_flag` = '0' ) LIMIT 1   [ RunTime:0.001000s ]
SQL: SHOW COLUMNS FROM `goods_vending` [ RunTime:0.013001s ]
SQL: SELECT * FROM `goods_vending` WHERE ( `device_code` = 'A352425021222040' ) AND ( `del_flag` = '0' ) LIMIT 1   [ RunTime:0.000000s ]
SQL: SHOW COLUMNS FROM `goods_huodao` [ RunTime:0.012001s ]
SQL: SELECT gh.number,gh.id as gid,gs.id,gh.shop_number,gh.shop_price,gh.toubi_price,gh.status,gs.name,gs.image FROM goods_huodao gh LEFT JOIN goods_shop gs on gh.shop_id=gs.id WHERE ( gh.shipment_id = '2017091316_B93FDE7CBB8F76AA025D5D94E90F6538' ) ORDER BY gh.number asc  [ RunTime:0.000000s ]
INFO: [ view_template ] --START--
INFO: Run LocationTemplate Behavior [ RunTime:-1.530088s ]
INFO: [ view_template ] --END-- [ RunTime:0.002000s ]
INFO: [ view_parse ] --START--
INFO: Run ParseTemplate Behavior [ RunTime:-1.532088s ]
INFO: [ view_parse ] --END-- [ RunTime:0.015001s ]
INFO: [ view_filter ] --START--
INFO: Run ContentReplace Behavior [ RunTime:-1.548089s ]
INFO: Run TokenBuild Behavior [ RunTime:-1.548089s ]
INFO: Run WriteHtmlCache Behavior [ RunTime:-1.549089s ]
INFO: Run ShowRuntime Behavior [ RunTime:-1.550089s ]
INFO: [ view_filter ] --END-- [ RunTime:0.003000s ]
INFO: [ view_end ] --START--
INFO: Run ShowPageTrace Behavior [ RunTime:-1.551089s ]
INFO: [ view_end ] --END-- [ RunTime:0.001000s ]

[ 2017-09-19T17:03:55+08:00 ] 0.0.0.0 /Rose/index.php?g=Wap&m=VendingWeixin&a=index&openid=odOIPv4WtdWt9ebczeYuYByhYr_0&device_code=A352425021222040
INFO: [ app_begin ] --START--
INFO: Run ReadHtmlCache Behavior [ RunTime:0.000000s ]
INFO: [ app_begin ] --END-- [ RunTime:0.001000s ]
SQL: SHOW COLUMNS FROM `goods_weixin_alipay_pay_rec` [ RunTime:0.012000s ]
SQL: SELECT SUM(pay_account) AS tp_sum FROM `goods_weixin_alipay_pay_rec` WHERE ( `wechat_alipay_id` = 'odOIPv4WtdWt9ebczeYuYByhYr_0' ) AND ( `pay_status` = '1' ) AND ( `is_close` = '0' ) AND ( `del_flag` = '0' ) AND ( `type` = '1' ) LIMIT 1   [ RunTime:0.002000s ]
SQL: SHOW COLUMNS FROM `goods_consume_rec` [ RunTime:0.010001s ]
SQL: SELECT SUM(consume_account) AS tp_sum FROM `goods_consume_rec` WHERE ( `type` = '1' ) AND ( `wechat_alipay_id` = 'odOIPv4WtdWt9ebczeYuYByhYr_0' ) AND ( `command_status` IN ('1','2') ) AND ( `is_close` = '0' ) AND ( `del_flag` = '0' ) LIMIT 1   [ RunTime:0.001000s ]
SQL: SHOW COLUMNS FROM `goods_vending` [ RunTime:0.007001s ]
SQL: SELECT * FROM `goods_vending` WHERE ( `device_code` = 'A352425021222040' ) AND ( `del_flag` = '0' ) LIMIT 1   [ RunTime:0.000000s ]
SQL: SHOW COLUMNS FROM `goods_huodao` [ RunTime:0.014000s ]
SQL: SELECT gh.number,gh.id as gid,gs.id,gh.shop_number,gh.shop_price,gh.toubi_price,gh.status,gs.name,gs.image FROM goods_huodao gh LEFT JOIN goods_shop gs on gh.shop_id=gs.id WHERE ( gh.shipment_id = '2017091316_B93FDE7CBB8F76AA025D5D94E90F6538' ) ORDER BY gh.number asc  [ RunTime:0.001000s ]
INFO: [ view_template ] --START--
INFO: Run LocationTemplate Behavior [ RunTime:-1.560089s ]
INFO: [ view_template ] --END-- [ RunTime:0.002001s ]
INFO: [ view_parse ] --START--
INFO: Run ParseTemplate Behavior [ RunTime:-1.562090s ]
INFO: [ view_parse ] --END-- [ RunTime:0.022001s ]
INFO: [ view_filter ] --START--
INFO: Run ContentReplace Behavior [ RunTime:-1.584091s ]
INFO: Run TokenBuild Behavior [ RunTime:-1.585091s ]
INFO: Run WriteHtmlCache Behavior [ RunTime:-1.585091s ]
INFO: Run ShowRuntime Behavior [ RunTime:-1.586091s ]
INFO: [ view_filter ] --END-- [ RunTime:0.003000s ]
INFO: [ view_end ] --START--
INFO: Run ShowPageTrace Behavior [ RunTime:-1.587091s ]
INFO: [ view_end ] --END-- [ RunTime:0.001000s ]

[ 2017-09-19T17:07:54+08:00 ] 0.0.0.0 /Rose/index.php?g=Wap&m=VendingWeixin&a=index&openid=odOIPv4WtdWt9ebczeYuYByhYr_0&device_code=A352425021222040
INFO: [ app_begin ] --START--
INFO: Run ReadHtmlCache Behavior [ RunTime:0.001000s ]
INFO: [ app_begin ] --END-- [ RunTime:0.001000s ]
SQL: SHOW COLUMNS FROM `goods_weixin_alipay_pay_rec` [ RunTime:0.013000s ]
SQL: SELECT SUM(pay_account) AS tp_sum FROM `goods_weixin_alipay_pay_rec` WHERE ( `wechat_alipay_id` = 'odOIPv4WtdWt9ebczeYuYByhYr_0' ) AND ( `pay_status` = '1' ) AND ( `is_close` = '0' ) AND ( `del_flag` = '0' ) AND ( `type` = '1' ) LIMIT 1   [ RunTime:0.002001s ]
SQL: SHOW COLUMNS FROM `goods_consume_rec` [ RunTime:0.008000s ]
SQL: SELECT SUM(consume_account) AS tp_sum FROM `goods_consume_rec` WHERE ( `type` = '1' ) AND ( `wechat_alipay_id` = 'odOIPv4WtdWt9ebczeYuYByhYr_0' ) AND ( `command_status` IN ('1','2') ) AND ( `is_close` = '0' ) AND ( `del_flag` = '0' ) LIMIT 1   [ RunTime:0.002000s ]
SQL: SHOW COLUMNS FROM `goods_vending` [ RunTime:0.014001s ]
SQL: SELECT * FROM `goods_vending` WHERE ( `device_code` = 'A352425021222040' ) AND ( `del_flag` = '0' ) LIMIT 1   [ RunTime:0.001000s ]
SQL: SHOW COLUMNS FROM `goods_huodao` [ RunTime:0.012001s ]
SQL: SELECT gh.number,gh.id as gid,gs.id,gh.shop_number,gh.shop_price,gh.toubi_price,gh.status,gs.name,gs.image FROM goods_huodao gh LEFT JOIN goods_shop gs on gh.shop_id=gs.id WHERE ( gh.shipment_id = '2017091316_B93FDE7CBB8F76AA025D5D94E90F6538' ) ORDER BY gh.number asc  [ RunTime:0.001000s ]
INFO: [ view_template ] --START--
INFO: Run LocationTemplate Behavior [ RunTime:-1.782102s ]
INFO: [ view_template ] --END-- [ RunTime:0.002000s ]
INFO: [ view_parse ] --START--
INFO: Run ParseTemplate Behavior [ RunTime:-1.784102s ]
INFO: [ view_parse ] --END-- [ RunTime:0.015001s ]
INFO: [ view_filter ] --START--
INFO: Run ContentReplace Behavior [ RunTime:-1.799103s ]
INFO: Run TokenBuild Behavior [ RunTime:-1.800103s ]
INFO: Run WriteHtmlCache Behavior [ RunTime:-1.801103s ]
INFO: Run ShowRuntime Behavior [ RunTime:-1.801103s ]
INFO: [ view_filter ] --END-- [ RunTime:0.004000s ]
INFO: [ view_end ] --START--
INFO: Run ShowPageTrace Behavior [ RunTime:-1.803103s ]
INFO: [ view_end ] --END-- [ RunTime:0.002000s ]

[ 2017-09-19T17:09:37+08:00 ] 0.0.0.0 /Rose/index.php?g=Wap&m=VendingWeixin&a=index&openid=odOIPv4WtdWt9ebczeYuYByhYr_0&device_code=A352425021222040
INFO: [ app_begin ] --START--
INFO: Run ReadHtmlCache Behavior [ RunTime:0.001000s ]
INFO: [ app_begin ] --END-- [ RunTime:0.001000s ]
SQL: SHOW COLUMNS FROM `goods_weixin_alipay_pay_rec` [ RunTime:0.013000s ]
SQL: SELECT SUM(pay_account) AS tp_sum FROM `goods_weixin_alipay_pay_rec` WHERE ( `wechat_alipay_id` = 'odOIPv4WtdWt9ebczeYuYByhYr_0' ) AND ( `pay_status` = '1' ) AND ( `is_close` = '0' ) AND ( `del_flag` = '0' ) AND ( `type` = '1' ) LIMIT 1   [ RunTime:0.001000s ]
SQL: SHOW COLUMNS FROM `goods_consume_rec` [ RunTime:0.014001s ]
SQL: SELECT SUM(consume_account) AS tp_sum FROM `goods_consume_rec` WHERE ( `type` = '1' ) AND ( `wechat_alipay_id` = 'odOIPv4WtdWt9ebczeYuYByhYr_0' ) AND ( `command_status` IN ('1','2') ) AND ( `is_close` = '0' ) AND ( `del_flag` = '0' ) LIMIT 1   [ RunTime:0.018001s ]
SQL: SHOW COLUMNS FROM `goods_vending` [ RunTime:0.011001s ]
SQL: SELECT * FROM `goods_vending` WHERE ( `device_code` = 'A352425021222040' ) AND ( `del_flag` = '0' ) LIMIT 1   [ RunTime:0.000000s ]
SQL: SHOW COLUMNS FROM `goods_huodao` [ RunTime:0.011001s ]
SQL: SELECT gh.number,gh.id as gid,gs.id,gh.shop_number,gh.shop_price,gh.toubi_price,gh.status,gs.name,gs.image FROM goods_huodao gh LEFT JOIN goods_shop gs on gh.shop_id=gs.id WHERE ( gh.shipment_id = '2017091316_B93FDE7CBB8F76AA025D5D94E90F6538' ) ORDER BY gh.number asc  [ RunTime:0.001000s ]
INFO: [ view_template ] --START--
INFO: Run LocationTemplate Behavior [ RunTime:-1.821104s ]
INFO: [ view_template ] --END-- [ RunTime:0.001000s ]
INFO: [ view_parse ] --START--
INFO: Run ParseTemplate Behavior [ RunTime:-1.822104s ]
INFO: [ view_parse ] --END-- [ RunTime:0.017001s ]
INFO: [ view_filter ] --START--
INFO: Run ContentReplace Behavior [ RunTime:-1.839105s ]
INFO: Run TokenBuild Behavior [ RunTime:-1.839105s ]
INFO: Run WriteHtmlCache Behavior [ RunTime:-1.840105s ]
INFO: Run ShowRuntime Behavior [ RunTime:-1.841105s ]
INFO: [ view_filter ] --END-- [ RunTime:0.002000s ]
INFO: [ view_end ] --START--
INFO: Run ShowPageTrace Behavior [ RunTime:-1.842105s ]
INFO: [ view_end ] --END-- [ RunTime:0.001000s ]

