[ 2017-09-21T14:18:44+08:00 ] 0.0.0.0 /Rose/index.php?g=Wap&m=VendingWeixin&a=index&openid=odOIPv4WtdWt9ebczeYuYByhYr_0&device_code=A352425021222040
INFO: [ app_begin ] --START--
INFO: Run ReadHtmlCache Behavior [ RunTime:0.022002s ]
INFO: [ app_begin ] --END-- [ RunTime:0.083005s ]
SQL: SHOW COLUMNS FROM `goods_weixin_alipay_pay_rec` [ RunTime:0.171010s ]
SQL: SELECT SUM(pay_account) AS tp_sum FROM `goods_weixin_alipay_pay_rec` WHERE ( `wechat_alipay_id` = 'odOIPv4WtdWt9ebczeYuYByhYr_0' ) AND ( `pay_status` = '1' ) AND ( `is_close` = '0' ) AND ( `del_flag` = '0' ) AND ( `type` = '1' ) LIMIT 1   [ RunTime:0.000000s ]
SQL: SHOW COLUMNS FROM `goods_consume_rec` [ RunTime:0.169009s ]
SQL: SELECT SUM(consume_account) AS tp_sum FROM `goods_consume_rec` WHERE ( `type` = '1' ) AND ( `wechat_alipay_id` = 'odOIPv4WtdWt9ebczeYuYByhYr_0' ) AND ( `command_status` IN ('1','2') ) AND ( `is_close` = '0' ) AND ( `del_flag` = '0' ) LIMIT 1   [ RunTime:0.000000s ]
SQL: SHOW COLUMNS FROM `goods_rose` [ RunTime:0.197012s ]
SQL: SELECT SUM(account) AS tp_sum FROM `goods_rose` WHERE ( `wechat_alipay_id` = 'odOIPv4WtdWt9ebczeYuYByhYr_0' ) AND ( `status` = '1' ) AND ( `is_close` = '0' ) AND ( `del_flag` = '0' ) AND ( `type` = '1' ) LIMIT 1   [ RunTime:0.001000s ]
SQL: SHOW COLUMNS FROM `goods_rose_consume_rec` [ RunTime:0.185010s ]
SQL: SELECT SUM(consume_account) AS tp_sum FROM `goods_rose_consume_rec` WHERE ( `type` = '1' ) AND ( `wechat_alipay_id` = 'odOIPv4WtdWt9ebczeYuYByhYr_0' ) AND ( `command_status` IN ('1','2') ) AND ( `is_close` = '0' ) AND ( `del_flag` = '0' ) LIMIT 1   [ RunTime:0.001000s ]
SQL: SHOW COLUMNS FROM `goods_vending` [ RunTime:0.200012s ]
SQL: SELECT * FROM `goods_vending` WHERE ( `device_code` = 'A352425021222040' ) AND ( `del_flag` = '0' ) LIMIT 1   [ RunTime:0.042002s ]
SQL: SHOW COLUMNS FROM `goods_huodao` [ RunTime:0.144008s ]
SQL: SELECT gh.number,gh.id as gid,gh.number_order,gs.id,gh.shop_number,gh.shop_price,gh.toubi_price,gh.status,gs.name,gs.image FROM goods_huodao gh LEFT JOIN goods_shop gs on gh.shop_id=gs.id WHERE ( gh.shipment_id = '2017091316_B93FDE7CBB8F76AA025D5D94E90F6538' ) ORDER BY gh.number asc  [ RunTime:0.296017s ]
INFO: [ view_template ] --START--
INFO: Run LocationTemplate Behavior [ RunTime:-16.706955s ]
INFO: [ view_template ] --END-- [ RunTime:0.013001s ]
INFO: [ view_parse ] --START--
INFO: Run ParseTemplate Behavior [ RunTime:-16.719956s ]
INFO: [ view_parse ] --END-- [ RunTime:0.309018s ]
INFO: [ view_filter ] --START--
INFO: Run ContentReplace Behavior [ RunTime:-17.028974s ]
INFO: Run TokenBuild Behavior [ RunTime:-17.059976s ]
INFO: Run WriteHtmlCache Behavior [ RunTime:-17.075976s ]
INFO: Run ShowRuntime Behavior [ RunTime:-17.095978s ]
INFO: [ view_filter ] --END-- [ RunTime:0.081004s ]
INFO: [ view_end ] --START--
INFO: Run ShowPageTrace Behavior [ RunTime:-17.109978s ]
INFO: [ view_end ] --END-- [ RunTime:0.032002s ]

[ 2017-09-21T14:27:27+08:00 ] 0.0.0.0 /Rose/index.php?g=Wap&m=VendingWeixin&a=balance_recharge&openid=odOIPv4WtdWt9ebczeYuYByhYr_0&device_code=A352425021222040&owner_id=2017091315_7D29AF66AE2DBB98A0718A6D9B90FCE1&count=13.8
INFO: [ app_begin ] --START--
INFO: Run ReadHtmlCache Behavior [ RunTime:0.012001s ]
INFO: [ app_begin ] --END-- [ RunTime:0.012001s ]
SQL: SHOW COLUMNS FROM `goods_rose` [ RunTime:0.012001s ]
SQL: SELECT SUM(account) AS tp_sum FROM `goods_rose` WHERE ( `wechat_alipay_id` = 'odOIPv4WtdWt9ebczeYuYByhYr_0' ) AND ( `status` = '1' ) AND ( `is_close` = '0' ) AND ( `del_flag` = '0' ) AND ( `type` = '1' ) LIMIT 1   [ RunTime:0.001000s ]
SQL: SHOW COLUMNS FROM `goods_rose_consume_rec` [ RunTime:0.013001s ]
SQL: SELECT SUM(consume_account) AS tp_sum FROM `goods_rose_consume_rec` WHERE ( `type` = '1' ) AND ( `wechat_alipay_id` = 'odOIPv4WtdWt9ebczeYuYByhYr_0' ) AND ( `command_status` IN ('1','2') ) AND ( `is_close` = '0' ) AND ( `del_flag` = '0' ) LIMIT 1   [ RunTime:0.001000s ]
SQL: SHOW COLUMNS FROM `goods_vending` [ RunTime:0.013001s ]
SQL: SELECT `pay_price` FROM `goods_vending` WHERE ( `del_flag` = '0' ) AND ( `device_code` = 'A352425021222040' ) LIMIT 1   [ RunTime:0.001000s ]
INFO: [ view_template ] --START--
INFO: Run LocationTemplate Behavior [ RunTime:-2.672153s ]
INFO: [ view_template ] --END-- [ RunTime:0.241013s ]
INFO: [ view_parse ] --START--
INFO: Run ParseTemplate Behavior [ RunTime:-2.913166s ]
INFO: [ view_parse ] --END-- [ RunTime:0.335020s ]
INFO: [ view_filter ] --START--
INFO: Run ContentReplace Behavior [ RunTime:-3.248186s ]
INFO: Run TokenBuild Behavior [ RunTime:-3.249186s ]
INFO: Run WriteHtmlCache Behavior [ RunTime:-3.254186s ]
INFO: Run ShowRuntime Behavior [ RunTime:-3.255186s ]
INFO: [ view_filter ] --END-- [ RunTime:0.009000s ]
INFO: [ view_end ] --START--
INFO: Run ShowPageTrace Behavior [ RunTime:-3.257186s ]
INFO: [ view_end ] --END-- [ RunTime:0.006000s ]

[ 2017-09-21T14:27:38+08:00 ] 0.0.0.0 /Rose/index.php?g=Wap&m=VendingWeixin&a=weixin_pay&openid=odOIPv4WtdWt9ebczeYuYByhYr_0&device_code=A352425021222040
INFO: [ app_begin ] --START--
INFO: Run ReadHtmlCache Behavior [ RunTime:0.001000s ]
INFO: [ app_begin ] --END-- [ RunTime:0.001000s ]
SQL: SHOW COLUMNS FROM `goods_weixin_alipay_pay_rec` [ RunTime:0.010001s ]
SQL: SELECT * FROM `goods_weixin_alipay_pay_rec` WHERE ( `wechat_alipay_id` = 'odOIPv4WtdWt9ebczeYuYByhYr_0' ) AND ( `is_close` = '0' ) AND ( `del_flag` = '0' ) AND ( `type` = '1' ) ORDER BY create_date desc LIMIT 30   [ RunTime:0.000000s ]
INFO: [ view_template ] --START--
INFO: Run LocationTemplate Behavior [ RunTime:-2.049117s ]
INFO: [ view_template ] --END-- [ RunTime:0.002000s ]
INFO: [ view_parse ] --START--
INFO: Run ParseTemplate Behavior [ RunTime:-2.051117s ]
INFO: [ view_parse ] --END-- [ RunTime:0.020001s ]
INFO: [ view_filter ] --START--
INFO: Run ContentReplace Behavior [ RunTime:-2.071118s ]
INFO: Run TokenBuild Behavior [ RunTime:-2.072118s ]
INFO: Run WriteHtmlCache Behavior [ RunTime:-2.073118s ]
INFO: Run ShowRuntime Behavior [ RunTime:-2.073118s ]
INFO: [ view_filter ] --END-- [ RunTime:0.003000s ]
INFO: [ view_end ] --START--
INFO: Run ShowPageTrace Behavior [ RunTime:-2.074118s ]
INFO: [ view_end ] --END-- [ RunTime:0.001000s ]

[ 2017-09-21T14:27:42+08:00 ] 0.0.0.0 /Rose/index.php?g=Wap&m=VendingWeixin&a=rose_pay&openid=odOIPv4WtdWt9ebczeYuYByhYr_0&device_code=A352425021222040
INFO: [ app_begin ] --START--
INFO: Run ReadHtmlCache Behavior [ RunTime:0.001000s ]
INFO: [ app_begin ] --END-- [ RunTime:0.002001s ]
SQL: SHOW COLUMNS FROM `goods_rose` [ RunTime:0.013001s ]
SQL: SELECT * FROM `goods_rose` WHERE ( `wechat_alipay_id` = 'odOIPv4WtdWt9ebczeYuYByhYr_0' ) AND ( `is_close` = '0' ) AND ( `del_flag` = '0' ) AND ( `type` = '1' ) ORDER BY create_date desc LIMIT 30   [ RunTime:0.000000s ]
INFO: [ view_template ] --START--
INFO: Run LocationTemplate Behavior [ RunTime:-1.872108s ]
INFO: [ view_template ] --END-- [ RunTime:0.002000s ]
INFO: [ view_parse ] --START--
INFO: Run ParseTemplate Behavior [ RunTime:-1.874108s ]
INFO: [ view_parse ] --END-- [ RunTime:0.033002s ]
INFO: [ view_filter ] --START--
INFO: Run ContentReplace Behavior [ RunTime:-1.907110s ]
INFO: Run TokenBuild Behavior [ RunTime:-1.908110s ]
INFO: Run WriteHtmlCache Behavior [ RunTime:-1.909110s ]
INFO: Run ShowRuntime Behavior [ RunTime:-1.909110s ]
INFO: [ view_filter ] --END-- [ RunTime:0.003000s ]
INFO: [ view_end ] --START--
INFO: Run ShowPageTrace Behavior [ RunTime:-1.910110s ]
INFO: [ view_end ] --END-- [ RunTime:0.001000s ]

[ 2017-09-21T15:08:09+08:00 ] 0.0.0.0 /Rose/index.php?g=Wap&m=VendingWeixin&a=index&openid=odOIPv4WtdWt9ebczeYuYByhYr_0&device_code=A352425021222040
INFO: [ app_begin ] --START--
INFO: Run ReadHtmlCache Behavior [ RunTime:0.008000s ]
INFO: [ app_begin ] --END-- [ RunTime:0.008000s ]
SQL: SHOW COLUMNS FROM `goods_weixin_alipay_pay_rec` [ RunTime:0.012001s ]
SQL: SELECT SUM(pay_account) AS tp_sum FROM `goods_weixin_alipay_pay_rec` WHERE ( `wechat_alipay_id` = 'odOIPv4WtdWt9ebczeYuYByhYr_0' ) AND ( `pay_status` = '1' ) AND ( `is_close` = '0' ) AND ( `del_flag` = '0' ) AND ( `type` = '1' ) LIMIT 1   [ RunTime:0.000000s ]
SQL: SHOW COLUMNS FROM `goods_consume_rec` [ RunTime:0.012000s ]
SQL: SELECT SUM(consume_account) AS tp_sum FROM `goods_consume_rec` WHERE ( `type` = '1' ) AND ( `wechat_alipay_id` = 'odOIPv4WtdWt9ebczeYuYByhYr_0' ) AND ( `command_status` IN ('1','2') ) AND ( `is_close` = '0' ) AND ( `del_flag` = '0' ) LIMIT 1   [ RunTime:0.001000s ]
SQL: SHOW COLUMNS FROM `goods_rose` [ RunTime:0.011001s ]
SQL: SELECT SUM(account) AS tp_sum FROM `goods_rose` WHERE ( `wechat_alipay_id` = 'odOIPv4WtdWt9ebczeYuYByhYr_0' ) AND ( `status` = '1' ) AND ( `is_close` = '0' ) AND ( `del_flag` = '0' ) AND ( `type` = '1' ) LIMIT 1   [ RunTime:0.001000s ]
SQL: SHOW COLUMNS FROM `goods_rose_consume_rec` [ RunTime:0.008001s ]
SQL: SELECT SUM(consume_account) AS tp_sum FROM `goods_rose_consume_rec` WHERE ( `type` = '1' ) AND ( `wechat_alipay_id` = 'odOIPv4WtdWt9ebczeYuYByhYr_0' ) AND ( `command_status` IN ('1','2') ) AND ( `is_close` = '0' ) AND ( `del_flag` = '0' ) LIMIT 1   [ RunTime:0.000000s ]
SQL: SHOW COLUMNS FROM `goods_vending` [ RunTime:0.014000s ]
SQL: SELECT * FROM `goods_vending` WHERE ( `device_code` = 'A352425021222040' ) AND ( `del_flag` = '0' ) LIMIT 1   [ RunTime:0.000000s ]
SQL: SHOW COLUMNS FROM `goods_huodao` [ RunTime:0.014001s ]
SQL: SELECT gh.number,gh.id as gid,gh.number_order,gs.id,gh.shop_number,gh.shop_price,gh.toubi_price,gh.status,gs.name,gs.image FROM goods_huodao gh LEFT JOIN goods_shop gs on gh.shop_id=gs.id WHERE ( gh.shipment_id = '2017091316_B93FDE7CBB8F76AA025D5D94E90F6538' ) ORDER BY gh.number asc  [ RunTime:0.008001s ]
INFO: [ view_template ] --START--
INFO: Run LocationTemplate Behavior [ RunTime:-2.564147s ]
INFO: [ view_template ] --END-- [ RunTime:0.003000s ]
INFO: [ view_parse ] --START--
INFO: Run ParseTemplate Behavior [ RunTime:-2.567147s ]
INFO: [ view_parse ] --END-- [ RunTime:0.045003s ]
INFO: [ view_filter ] --START--
INFO: Run ContentReplace Behavior [ RunTime:-2.612150s ]
INFO: Run TokenBuild Behavior [ RunTime:-2.613150s ]
INFO: Run WriteHtmlCache Behavior [ RunTime:-2.615150s ]
INFO: Run ShowRuntime Behavior [ RunTime:-2.616150s ]
INFO: [ view_filter ] --END-- [ RunTime:0.005000s ]
INFO: [ view_end ] --START--
INFO: Run ShowPageTrace Behavior [ RunTime:-2.617150s ]
INFO: [ view_end ] --END-- [ RunTime:0.002000s ]

[ 2017-09-21T15:10:45+08:00 ] 0.0.0.0 /Rose/index.php?g=Wap&m=VendingWeixin&a=index&openid=odOIPv4WtdWt9ebczeYuYByhYr_0&device_code=A352425021222040
INFO: [ app_begin ] --START--
INFO: Run ReadHtmlCache Behavior [ RunTime:0.001000s ]
INFO: [ app_begin ] --END-- [ RunTime:0.001000s ]
SQL: SHOW COLUMNS FROM `goods_weixin_alipay_pay_rec` [ RunTime:0.022002s ]
SQL: SELECT SUM(pay_account) AS tp_sum FROM `goods_weixin_alipay_pay_rec` WHERE ( `wechat_alipay_id` = 'odOIPv4WtdWt9ebczeYuYByhYr_0' ) AND ( `pay_status` = '1' ) AND ( `is_close` = '0' ) AND ( `del_flag` = '0' ) AND ( `type` = '1' ) LIMIT 1   [ RunTime:0.000000s ]
SQL: SHOW COLUMNS FROM `goods_consume_rec` [ RunTime:0.013000s ]
SQL: SELECT SUM(consume_account) AS tp_sum FROM `goods_consume_rec` WHERE ( `type` = '1' ) AND ( `wechat_alipay_id` = 'odOIPv4WtdWt9ebczeYuYByhYr_0' ) AND ( `command_status` IN ('1','2') ) AND ( `is_close` = '0' ) AND ( `del_flag` = '0' ) LIMIT 1   [ RunTime:0.001001s ]
SQL: SHOW COLUMNS FROM `goods_rose` [ RunTime:0.014000s ]
SQL: SELECT SUM(account) AS tp_sum FROM `goods_rose` WHERE ( `wechat_alipay_id` = 'odOIPv4WtdWt9ebczeYuYByhYr_0' ) AND ( `status` = '1' ) AND ( `is_close` = '0' ) AND ( `del_flag` = '0' ) AND ( `type` = '1' ) LIMIT 1   [ RunTime:0.000000s ]
SQL: SHOW COLUMNS FROM `goods_rose_consume_rec` [ RunTime:0.018001s ]
SQL: SELECT SUM(consume_account) AS tp_sum FROM `goods_rose_consume_rec` WHERE ( `type` = '1' ) AND ( `wechat_alipay_id` = 'odOIPv4WtdWt9ebczeYuYByhYr_0' ) AND ( `command_status` IN ('1','2') ) AND ( `is_close` = '0' ) AND ( `del_flag` = '0' ) LIMIT 1   [ RunTime:0.000000s ]
SQL: SHOW COLUMNS FROM `goods_vending` [ RunTime:0.012000s ]
SQL: SELECT * FROM `goods_vending` WHERE ( `device_code` = 'A352425021222040' ) AND ( `del_flag` = '0' ) LIMIT 1   [ RunTime:0.001000s ]
SQL: SHOW COLUMNS FROM `goods_huodao` [ RunTime:0.011001s ]
SQL: SELECT gh.number,gh.id as gid,gh.number_order,gs.id,gh.shop_number,gh.shop_price,gh.toubi_price,gh.status,gs.name,gs.image FROM goods_huodao gh LEFT JOIN goods_shop gs on gh.shop_id=gs.id WHERE ( gh.shipment_id = '2017091316_B93FDE7CBB8F76AA025D5D94E90F6538' ) ORDER BY gh.number asc  [ RunTime:0.001000s ]
INFO: [ view_template ] --START--
INFO: Run LocationTemplate Behavior [ RunTime:-2.028116s ]
INFO: [ view_template ] --END-- [ RunTime:0.002000s ]
INFO: [ view_parse ] --START--
INFO: Run ParseTemplate Behavior [ RunTime:-2.030116s ]
INFO: [ view_parse ] --END-- [ RunTime:0.017001s ]
INFO: [ view_filter ] --START--
INFO: Run ContentReplace Behavior [ RunTime:-2.047117s ]
INFO: Run TokenBuild Behavior [ RunTime:-2.048117s ]
INFO: Run WriteHtmlCache Behavior [ RunTime:-2.049117s ]
INFO: Run ShowRuntime Behavior [ RunTime:-2.050117s ]
INFO: [ view_filter ] --END-- [ RunTime:0.004000s ]
INFO: [ view_end ] --START--
INFO: Run ShowPageTrace Behavior [ RunTime:-2.051117s ]
INFO: [ view_end ] --END-- [ RunTime:0.003000s ]

[ 2017-09-21T15:11:05+08:00 ] 0.0.0.0 /Rose/index.php?g=Wap&m=VendingAlipay&a=index&device_code=A352425021222040
INFO: [ app_begin ] --START--
INFO: Run ReadHtmlCache Behavior [ RunTime:0.001000s ]
INFO: [ app_begin ] --END-- [ RunTime:0.001000s ]
SQL: SHOW COLUMNS FROM `goods_weixin_alipay_pay_rec` [ RunTime:0.008001s ]
SQL: SELECT SUM(pay_account) AS tp_sum FROM `goods_weixin_alipay_pay_rec` WHERE ( `wechat_alipay_id` = '2088802658990276' ) AND ( `pay_status` = '1' ) AND ( `is_close` = '0' ) AND ( `del_flag` = '0' ) AND ( `type` = '2' ) LIMIT 1   [ RunTime:0.001000s ]
SQL: SHOW COLUMNS FROM `goods_consume_rec` [ RunTime:0.010000s ]
SQL: SELECT SUM(consume_account) AS tp_sum FROM `goods_consume_rec` WHERE ( `type` = '2' ) AND ( `wechat_alipay_id` = '2088802658990276' ) AND ( `command_status` IN ('1','2') ) AND ( `is_close` = '0' ) AND ( `del_flag` = '0' ) LIMIT 1   [ RunTime:0.001001s ]
SQL: SHOW COLUMNS FROM `goods_vending` [ RunTime:0.011000s ]
SQL: SELECT * FROM `goods_vending` WHERE ( `device_code` = 'A352425021222040' ) AND ( `del_flag` = '0' ) LIMIT 1   [ RunTime:0.001000s ]
SQL: SHOW COLUMNS FROM `goods_huodao` [ RunTime:0.013001s ]
SQL: SELECT gh.number,gh.id as gid,gs.id,gh.shop_number,gh.shop_price,gh.toubi_price,gh.status,gs.name,gs.image FROM goods_huodao gh LEFT JOIN goods_shop gs on gh.shop_id=gs.id WHERE ( gh.shipment_id = '2017091316_B93FDE7CBB8F76AA025D5D94E90F6538' ) ORDER BY gh.number asc  [ RunTime:0.001000s ]
INFO: [ view_template ] --START--
INFO: Run LocationTemplate Behavior [ RunTime:-1.564089s ]
INFO: [ view_template ] --END-- [ RunTime:0.002000s ]
INFO: [ view_parse ] --START--
NOTIC: [8] Undefined variable: rose D:\phpStudy\WWW\Rose\logs\Cache\Wap\c96e30ab3ff9c5e96db9b7d2872dbd9f.php 第 101 行.
INFO: Run ParseTemplate Behavior [ RunTime:-1.566089s ]
INFO: [ view_parse ] --END-- [ RunTime:0.050003s ]
INFO: [ view_filter ] --START--
INFO: Run ContentReplace Behavior [ RunTime:-1.616092s ]
INFO: Run TokenBuild Behavior [ RunTime:-1.617092s ]
INFO: Run WriteHtmlCache Behavior [ RunTime:-1.618092s ]
INFO: Run ShowRuntime Behavior [ RunTime:-1.619092s ]
INFO: [ view_filter ] --END-- [ RunTime:0.004000s ]
INFO: [ view_end ] --START--
INFO: Run ShowPageTrace Behavior [ RunTime:-1.621092s ]
INFO: [ view_end ] --END-- [ RunTime:0.002000s ]

[ 2017-09-21T15:12:07+08:00 ] 0.0.0.0 /Rose/index.php?g=Wap&m=VendingAlipay&a=index&device_code=A352425021222040
INFO: [ app_begin ] --START--
INFO: Run ReadHtmlCache Behavior [ RunTime:0.001000s ]
INFO: [ app_begin ] --END-- [ RunTime:0.001000s ]
SQL: SHOW COLUMNS FROM `goods_weixin_alipay_pay_rec` [ RunTime:0.014000s ]
SQL: SELECT SUM(pay_account) AS tp_sum FROM `goods_weixin_alipay_pay_rec` WHERE ( `wechat_alipay_id` = '2088802658990276' ) AND ( `pay_status` = '1' ) AND ( `is_close` = '0' ) AND ( `del_flag` = '0' ) AND ( `type` = '2' ) LIMIT 1   [ RunTime:0.001000s ]
SQL: SHOW COLUMNS FROM `goods_consume_rec` [ RunTime:0.011001s ]
SQL: SELECT SUM(consume_account) AS tp_sum FROM `goods_consume_rec` WHERE ( `type` = '2' ) AND ( `wechat_alipay_id` = '2088802658990276' ) AND ( `command_status` IN ('1','2') ) AND ( `is_close` = '0' ) AND ( `del_flag` = '0' ) LIMIT 1   [ RunTime:0.001000s ]
SQL: SHOW COLUMNS FROM `goods_rose` [ RunTime:0.009001s ]
SQL: SELECT SUM(account) AS tp_sum FROM `goods_rose` WHERE ( `wechat_alipay_id` = '2088802658990276' ) AND ( `status` = '1' ) AND ( `is_close` = '0' ) AND ( `del_flag` = '0' ) AND ( `type` = '2' ) LIMIT 1   [ RunTime:0.000000s ]
SQL: SHOW COLUMNS FROM `goods_rose_consume_rec` [ RunTime:0.016001s ]
SQL: SELECT SUM(consume_account) AS tp_sum FROM `goods_rose_consume_rec` WHERE ( `type` = '2' ) AND ( `wechat_alipay_id` = '2088802658990276' ) AND ( `command_status` IN ('1','2') ) AND ( `is_close` = '0' ) AND ( `del_flag` = '0' ) LIMIT 1   [ RunTime:0.000000s ]
SQL: SHOW COLUMNS FROM `goods_vending` [ RunTime:0.013000s ]
SQL: SELECT * FROM `goods_vending` WHERE ( `device_code` = 'A352425021222040' ) AND ( `del_flag` = '0' ) LIMIT 1   [ RunTime:0.000000s ]
SQL: SHOW COLUMNS FROM `goods_huodao` [ RunTime:0.014000s ]
SQL: SELECT gh.number,gh.id as gid,gs.id,gh.shop_number,gh.shop_price,gh.toubi_price,gh.status,gs.name,gs.image FROM goods_huodao gh LEFT JOIN goods_shop gs on gh.shop_id=gs.id WHERE ( gh.shipment_id = '2017091316_B93FDE7CBB8F76AA025D5D94E90F6538' ) ORDER BY gh.number asc  [ RunTime:0.001000s ]
INFO: [ view_template ] --START--
INFO: Run LocationTemplate Behavior [ RunTime:-1.613092s ]
INFO: [ view_template ] --END-- [ RunTime:0.002001s ]
INFO: [ view_parse ] --START--
INFO: Run ParseTemplate Behavior [ RunTime:-1.615093s ]
INFO: [ view_parse ] --END-- [ RunTime:0.017001s ]
INFO: [ view_filter ] --START--
INFO: Run ContentReplace Behavior [ RunTime:-1.632094s ]
INFO: Run TokenBuild Behavior [ RunTime:-1.632094s ]
INFO: Run WriteHtmlCache Behavior [ RunTime:-1.633094s ]
INFO: Run ShowRuntime Behavior [ RunTime:-1.634094s ]
INFO: [ view_filter ] --END-- [ RunTime:0.003000s ]
INFO: [ view_end ] --START--
INFO: Run ShowPageTrace Behavior [ RunTime:-1.635094s ]
INFO: [ view_end ] --END-- [ RunTime:0.001000s ]

[ 2017-09-21T15:13:02+08:00 ] 0.0.0.0 /Rose/index.php?g=Wap&m=VendingAlipay&a=index&device_code=A352425021222040
INFO: [ app_begin ] --START--
INFO: Run ReadHtmlCache Behavior [ RunTime:0.001000s ]
INFO: [ app_begin ] --END-- [ RunTime:0.001000s ]
SQL: SHOW COLUMNS FROM `goods_weixin_alipay_pay_rec` [ RunTime:0.016001s ]
SQL: SELECT SUM(pay_account) AS tp_sum FROM `goods_weixin_alipay_pay_rec` WHERE ( `wechat_alipay_id` = '2088802658990276' ) AND ( `pay_status` = '1' ) AND ( `is_close` = '0' ) AND ( `del_flag` = '0' ) AND ( `type` = '2' ) LIMIT 1   [ RunTime:0.001000s ]
SQL: SHOW COLUMNS FROM `goods_consume_rec` [ RunTime:0.010000s ]
SQL: SELECT SUM(consume_account) AS tp_sum FROM `goods_consume_rec` WHERE ( `type` = '2' ) AND ( `wechat_alipay_id` = '2088802658990276' ) AND ( `command_status` IN ('1','2') ) AND ( `is_close` = '0' ) AND ( `del_flag` = '0' ) LIMIT 1   [ RunTime:0.001000s ]
SQL: SHOW COLUMNS FROM `goods_rose` [ RunTime:0.011001s ]
SQL: SELECT SUM(account) AS tp_sum FROM `goods_rose` WHERE ( `wechat_alipay_id` = '2088802658990276' ) AND ( `status` = '1' ) AND ( `is_close` = '0' ) AND ( `del_flag` = '0' ) AND ( `type` = '2' ) LIMIT 1   [ RunTime:0.001000s ]
SQL: SHOW COLUMNS FROM `goods_rose_consume_rec` [ RunTime:0.011001s ]
SQL: SELECT SUM(consume_account) AS tp_sum FROM `goods_rose_consume_rec` WHERE ( `type` = '2' ) AND ( `wechat_alipay_id` = '2088802658990276' ) AND ( `command_status` IN ('1','2') ) AND ( `is_close` = '0' ) AND ( `del_flag` = '0' ) LIMIT 1   [ RunTime:0.000000s ]
SQL: SHOW COLUMNS FROM `goods_vending` [ RunTime:0.011000s ]
SQL: SELECT * FROM `goods_vending` WHERE ( `device_code` = 'A352425021222040' ) AND ( `del_flag` = '0' ) LIMIT 1   [ RunTime:0.001000s ]
SQL: SHOW COLUMNS FROM `goods_huodao` [ RunTime:0.010001s ]
SQL: SELECT gh.number,gh.id as gid,gh.number_order,gs.id,gh.shop_number,gh.shop_price,gh.toubi_price,gh.status,gs.name,gs.image FROM goods_huodao gh LEFT JOIN goods_shop gs on gh.shop_id=gs.id WHERE ( gh.shipment_id = '2017091316_B93FDE7CBB8F76AA025D5D94E90F6538' ) ORDER BY gh.number asc  [ RunTime:0.001000s ]
INFO: [ view_template ] --START--
INFO: Run LocationTemplate Behavior [ RunTime:-1.956112s ]
INFO: [ view_template ] --END-- [ RunTime:0.002000s ]
INFO: [ view_parse ] --START--
INFO: Run ParseTemplate Behavior [ RunTime:-1.959112s ]
INFO: [ view_parse ] --END-- [ RunTime:0.017001s ]
INFO: [ view_filter ] --START--
INFO: Run ContentReplace Behavior [ RunTime:-1.976113s ]
INFO: Run TokenBuild Behavior [ RunTime:-1.977113s ]
INFO: Run WriteHtmlCache Behavior [ RunTime:-1.978113s ]
INFO: Run ShowRuntime Behavior [ RunTime:-1.978113s ]
INFO: [ view_filter ] --END-- [ RunTime:0.004000s ]
INFO: [ view_end ] --START--
INFO: Run ShowPageTrace Behavior [ RunTime:-1.980113s ]
INFO: [ view_end ] --END-- [ RunTime:0.002000s ]

[ 2017-09-21T15:13:23+08:00 ] 0.0.0.0 /Rose/index.php?g=Wap&m=VendingAlipay&a=index&device_code=A352425021222040
INFO: [ app_begin ] --START--
INFO: Run ReadHtmlCache Behavior [ RunTime:0.001000s ]
INFO: [ app_begin ] --END-- [ RunTime:0.001000s ]
SQL: SHOW COLUMNS FROM `goods_weixin_alipay_pay_rec` [ RunTime:0.015001s ]
SQL: SELECT SUM(pay_account) AS tp_sum FROM `goods_weixin_alipay_pay_rec` WHERE ( `wechat_alipay_id` = '2088802658990276' ) AND ( `pay_status` = '1' ) AND ( `is_close` = '0' ) AND ( `del_flag` = '0' ) AND ( `type` = '2' ) LIMIT 1   [ RunTime:0.001000s ]
SQL: SHOW COLUMNS FROM `goods_consume_rec` [ RunTime:0.013001s ]
SQL: SELECT SUM(consume_account) AS tp_sum FROM `goods_consume_rec` WHERE ( `type` = '2' ) AND ( `wechat_alipay_id` = '2088802658990276' ) AND ( `command_status` IN ('1','2') ) AND ( `is_close` = '0' ) AND ( `del_flag` = '0' ) LIMIT 1   [ RunTime:0.000000s ]
SQL: SHOW COLUMNS FROM `goods_rose` [ RunTime:0.014001s ]
SQL: SELECT SUM(account) AS tp_sum FROM `goods_rose` WHERE ( `wechat_alipay_id` = '2088802658990276' ) AND ( `status` = '1' ) AND ( `is_close` = '0' ) AND ( `del_flag` = '0' ) AND ( `type` = '2' ) LIMIT 1   [ RunTime:0.000000s ]
SQL: SHOW COLUMNS FROM `goods_rose_consume_rec` [ RunTime:0.014001s ]
SQL: SELECT SUM(consume_account) AS tp_sum FROM `goods_rose_consume_rec` WHERE ( `type` = '2' ) AND ( `wechat_alipay_id` = '2088802658990276' ) AND ( `command_status` IN ('1','2') ) AND ( `is_close` = '0' ) AND ( `del_flag` = '0' ) LIMIT 1   [ RunTime:0.000000s ]
SQL: SHOW COLUMNS FROM `goods_vending` [ RunTime:0.011000s ]
SQL: SELECT * FROM `goods_vending` WHERE ( `device_code` = 'A352425021222040' ) AND ( `del_flag` = '0' ) LIMIT 1   [ RunTime:0.001001s ]
SQL: SHOW COLUMNS FROM `goods_huodao` [ RunTime:0.012000s ]
SQL: SELECT gh.number,gh.id as gid,gh.number_order,gs.id,gh.shop_number,gh.shop_price,gh.toubi_price,gh.status,gs.name,gs.image FROM goods_huodao gh LEFT JOIN goods_shop gs on gh.shop_id=gs.id WHERE ( gh.shipment_id = '2017091316_B93FDE7CBB8F76AA025D5D94E90F6538' ) ORDER BY gh.number asc  [ RunTime:0.001000s ]
INFO: [ view_template ] --START--
INFO: Run LocationTemplate Behavior [ RunTime:-1.756100s ]
INFO: [ view_template ] --END-- [ RunTime:0.002000s ]
INFO: [ view_parse ] --START--
INFO: Run ParseTemplate Behavior [ RunTime:-1.758100s ]
INFO: [ view_parse ] --END-- [ RunTime:0.016001s ]
INFO: [ view_filter ] --START--
INFO: Run ContentReplace Behavior [ RunTime:-1.774101s ]
INFO: Run TokenBuild Behavior [ RunTime:-1.775101s ]
INFO: Run WriteHtmlCache Behavior [ RunTime:-1.775101s ]
INFO: Run ShowRuntime Behavior [ RunTime:-1.776101s ]
INFO: [ view_filter ] --END-- [ RunTime:0.003000s ]
INFO: [ view_end ] --START--
INFO: Run ShowPageTrace Behavior [ RunTime:-1.777101s ]
INFO: [ view_end ] --END-- [ RunTime:0.001001s ]

[ 2017-09-21T15:13:37+08:00 ] 0.0.0.0 /Rose/index.php?g=Wap&m=VendingAlipay&a=index&device_code=A352425021222040
INFO: [ app_begin ] --START--
INFO: Run ReadHtmlCache Behavior [ RunTime:0.001000s ]
INFO: [ app_begin ] --END-- [ RunTime:0.001000s ]
SQL: SHOW COLUMNS FROM `goods_weixin_alipay_pay_rec` [ RunTime:0.011000s ]
SQL: SELECT SUM(pay_account) AS tp_sum FROM `goods_weixin_alipay_pay_rec` WHERE ( `wechat_alipay_id` = '2088802658990276' ) AND ( `pay_status` = '1' ) AND ( `is_close` = '0' ) AND ( `del_flag` = '0' ) AND ( `type` = '2' ) LIMIT 1   [ RunTime:0.001001s ]
SQL: SHOW COLUMNS FROM `goods_consume_rec` [ RunTime:0.014000s ]
SQL: SELECT SUM(consume_account) AS tp_sum FROM `goods_consume_rec` WHERE ( `type` = '2' ) AND ( `wechat_alipay_id` = '2088802658990276' ) AND ( `command_status` IN ('1','2') ) AND ( `is_close` = '0' ) AND ( `del_flag` = '0' ) LIMIT 1   [ RunTime:0.001000s ]
SQL: SHOW COLUMNS FROM `goods_rose` [ RunTime:0.009001s ]
SQL: SELECT SUM(account) AS tp_sum FROM `goods_rose` WHERE ( `wechat_alipay_id` = '2088802658990276' ) AND ( `status` = '1' ) AND ( `is_close` = '0' ) AND ( `del_flag` = '0' ) AND ( `type` = '2' ) LIMIT 1   [ RunTime:0.000000s ]
SQL: SHOW COLUMNS FROM `goods_rose_consume_rec` [ RunTime:0.011001s ]
SQL: SELECT SUM(consume_account) AS tp_sum FROM `goods_rose_consume_rec` WHERE ( `type` = '2' ) AND ( `wechat_alipay_id` = '2088802658990276' ) AND ( `command_status` IN ('1','2') ) AND ( `is_close` = '0' ) AND ( `del_flag` = '0' ) LIMIT 1   [ RunTime:0.001000s ]
SQL: SHOW COLUMNS FROM `goods_vending` [ RunTime:0.010000s ]
SQL: SELECT * FROM `goods_vending` WHERE ( `device_code` = 'A352425021222040' ) AND ( `del_flag` = '0' ) LIMIT 1   [ RunTime:0.001000s ]
SQL: SHOW COLUMNS FROM `goods_huodao` [ RunTime:0.008001s ]
SQL: SELECT gh.number,gh.id as gid,gh.number_order,gs.id,gh.shop_number,gh.shop_price,gh.toubi_price,gh.status,gs.name,gs.image FROM goods_huodao gh LEFT JOIN goods_shop gs on gh.shop_id=gs.id WHERE ( gh.shipment_id = '2017091316_B93FDE7CBB8F76AA025D5D94E90F6538' ) ORDER BY gh.number asc  [ RunTime:0.001000s ]
INFO: [ view_template ] --START--
INFO: Run LocationTemplate Behavior [ RunTime:-2.438140s ]
INFO: [ view_template ] --END-- [ RunTime:0.003000s ]
INFO: [ view_parse ] --START--
INFO: Run ParseTemplate Behavior [ RunTime:-2.441140s ]
INFO: [ view_parse ] --END-- [ RunTime:0.019001s ]
INFO: [ view_filter ] --START--
INFO: Run ContentReplace Behavior [ RunTime:-2.460141s ]
INFO: Run TokenBuild Behavior [ RunTime:-2.461141s ]
INFO: Run WriteHtmlCache Behavior [ RunTime:-2.462141s ]
INFO: Run ShowRuntime Behavior [ RunTime:-2.463141s ]
INFO: [ view_filter ] --END-- [ RunTime:0.004000s ]
INFO: [ view_end ] --START--
INFO: Run ShowPageTrace Behavior [ RunTime:-2.464141s ]
INFO: [ view_end ] --END-- [ RunTime:0.002000s ]

[ 2017-09-21T15:14:06+08:00 ] 0.0.0.0 /Rose/index.php?g=Wap&m=VendingAlipay&a=index&device_code=A352425021222040
INFO: [ app_begin ] --START--
INFO: Run ReadHtmlCache Behavior [ RunTime:0.001000s ]
INFO: [ app_begin ] --END-- [ RunTime:0.001000s ]
SQL: SHOW COLUMNS FROM `goods_weixin_alipay_pay_rec` [ RunTime:0.012001s ]
SQL: SELECT SUM(pay_account) AS tp_sum FROM `goods_weixin_alipay_pay_rec` WHERE ( `wechat_alipay_id` = '2088802658990276' ) AND ( `pay_status` = '1' ) AND ( `is_close` = '0' ) AND ( `del_flag` = '0' ) AND ( `type` = '2' ) LIMIT 1   [ RunTime:0.000000s ]
SQL: SHOW COLUMNS FROM `goods_consume_rec` [ RunTime:0.013001s ]
SQL: SELECT SUM(consume_account) AS tp_sum FROM `goods_consume_rec` WHERE ( `type` = '2' ) AND ( `wechat_alipay_id` = '2088802658990276' ) AND ( `command_status` IN ('1','2') ) AND ( `is_close` = '0' ) AND ( `del_flag` = '0' ) LIMIT 1   [ RunTime:0.001000s ]
SQL: SHOW COLUMNS FROM `goods_rose` [ RunTime:0.014001s ]
SQL: SELECT SUM(account) AS tp_sum FROM `goods_rose` WHERE ( `wechat_alipay_id` = '2088802658990276' ) AND ( `status` = '1' ) AND ( `is_close` = '0' ) AND ( `del_flag` = '0' ) AND ( `type` = '2' ) LIMIT 1   [ RunTime:0.000000s ]
SQL: SHOW COLUMNS FROM `goods_rose_consume_rec` [ RunTime:0.012000s ]
SQL: SELECT SUM(consume_account) AS tp_sum FROM `goods_rose_consume_rec` WHERE ( `type` = '2' ) AND ( `wechat_alipay_id` = '2088802658990276' ) AND ( `command_status` IN ('1','2') ) AND ( `is_close` = '0' ) AND ( `del_flag` = '0' ) LIMIT 1   [ RunTime:0.000000s ]
SQL: SHOW COLUMNS FROM `goods_vending` [ RunTime:0.008001s ]
SQL: SELECT * FROM `goods_vending` WHERE ( `device_code` = 'A352425021222040' ) AND ( `del_flag` = '0' ) LIMIT 1   [ RunTime:0.001000s ]
SQL: SHOW COLUMNS FROM `goods_huodao` [ RunTime:0.010001s ]
SQL: SELECT gh.number,gh.id as gid,gh.number_order,gs.id,gh.shop_number,gh.shop_price,gh.toubi_price,gh.status,gs.name,gs.image FROM goods_huodao gh LEFT JOIN goods_shop gs on gh.shop_id=gs.id WHERE ( gh.shipment_id = '2017091316_B93FDE7CBB8F76AA025D5D94E90F6538' ) ORDER BY gh.number asc  [ RunTime:0.001000s ]
INFO: [ view_template ] --START--
INFO: Run LocationTemplate Behavior [ RunTime:-1.579091s ]
INFO: [ view_template ] --END-- [ RunTime:0.001000s ]
INFO: [ view_parse ] --START--
INFO: Run ParseTemplate Behavior [ RunTime:-1.580091s ]
INFO: [ view_parse ] --END-- [ RunTime:0.018001s ]
INFO: [ view_filter ] --START--
INFO: Run ContentReplace Behavior [ RunTime:-1.598092s ]
INFO: Run TokenBuild Behavior [ RunTime:-1.599092s ]
INFO: Run WriteHtmlCache Behavior [ RunTime:-1.599092s ]
INFO: Run ShowRuntime Behavior [ RunTime:-1.600092s ]
INFO: [ view_filter ] --END-- [ RunTime:0.003000s ]
INFO: [ view_end ] --START--
INFO: Run ShowPageTrace Behavior [ RunTime:-1.601092s ]
INFO: [ view_end ] --END-- [ RunTime:0.002000s ]

[ 2017-09-21T15:54:19+08:00 ] 0.0.0.0 /Rose/index.php?g=Wap&m=VendingAlipay&a=balance_recharge&buyer_id=2088802658990276&device_code=A352425021222040&owner_id=2017091315_7D29AF66AE2DBB98A0718A6D9B90FCE1&count=0
INFO: [ app_begin ] --START--
INFO: Run ReadHtmlCache Behavior [ RunTime:0.009000s ]
INFO: [ app_begin ] --END-- [ RunTime:0.009000s ]
SQL: SHOW COLUMNS FROM `goods_rose` [ RunTime:0.017001s ]
NOTIC: [8] Undefined variable: openid D:\phpStudy\WWW\Rose\Lib\Action\Wap\VendingAlipayAction.class.php 第 71 行.
SQL: SELECT SUM(account) AS tp_sum FROM `goods_rose` WHERE ( `wechat_alipay_id` = null ) AND ( `status` = '1' ) AND ( `is_close` = '0' ) AND ( `del_flag` = '0' ) AND ( `type` = '1' ) LIMIT 1   [ RunTime:0.006000s ]
SQL: SHOW COLUMNS FROM `goods_rose_consume_rec` [ RunTime:0.012001s ]
NOTIC: [8] Undefined variable: openid D:\phpStudy\WWW\Rose\Lib\Action\Wap\VendingAlipayAction.class.php 第 74 行.
SQL: SELECT SUM(consume_account) AS tp_sum FROM `goods_rose_consume_rec` WHERE ( `type` = '1' ) AND ( `wechat_alipay_id` = null ) AND ( `command_status` IN ('1','2') ) AND ( `is_close` = '0' ) AND ( `del_flag` = '0' ) LIMIT 1   [ RunTime:0.001000s ]
SQL: SHOW COLUMNS FROM `goods_vending` [ RunTime:0.023001s ]
SQL: SELECT `pay_price` FROM `goods_vending` WHERE ( `del_flag` = '0' ) AND ( `device_code` = 'A352425021222040' ) LIMIT 1   [ RunTime:0.014001s ]
INFO: [ view_template ] --START--
INFO: Run LocationTemplate Behavior [ RunTime:-1.784102s ]
INFO: [ view_template ] --END-- [ RunTime:0.004000s ]
INFO: [ view_parse ] --START--
INFO: Run ParseTemplate Behavior [ RunTime:-1.788102s ]
INFO: [ view_parse ] --END-- [ RunTime:0.017001s ]
INFO: [ view_filter ] --START--
INFO: Run ContentReplace Behavior [ RunTime:-1.805103s ]
INFO: Run TokenBuild Behavior [ RunTime:-1.807104s ]
INFO: Run WriteHtmlCache Behavior [ RunTime:-1.808104s ]
INFO: Run ShowRuntime Behavior [ RunTime:-1.809104s ]
INFO: [ view_filter ] --END-- [ RunTime:0.005001s ]
INFO: [ view_end ] --START--
INFO: Run ShowPageTrace Behavior [ RunTime:-1.811104s ]
INFO: [ view_end ] --END-- [ RunTime:0.002000s ]

[ 2017-09-21T15:54:53+08:00 ] 0.0.0.0 /Rose/index.php?g=Wap&m=VendingAlipay&a=balance_recharge&buyer_id=2088802658990276&device_code=A352425021222040&owner_id=2017091315_7D29AF66AE2DBB98A0718A6D9B90FCE1&count=0
INFO: [ app_begin ] --START--
INFO: Run ReadHtmlCache Behavior [ RunTime:0.001000s ]
INFO: [ app_begin ] --END-- [ RunTime:0.001000s ]
SQL: SHOW COLUMNS FROM `goods_rose` [ RunTime:0.015001s ]
NOTIC: [8] Undefined variable: openid D:\phpStudy\WWW\Rose\Lib\Action\Wap\VendingAlipayAction.class.php 第 71 行.
SQL: SELECT SUM(account) AS tp_sum FROM `goods_rose` WHERE ( `wechat_alipay_id` = null ) AND ( `status` = '1' ) AND ( `is_close` = '0' ) AND ( `del_flag` = '0' ) AND ( `type` = '1' ) LIMIT 1   [ RunTime:0.000000s ]
SQL: SHOW COLUMNS FROM `goods_rose_consume_rec` [ RunTime:0.012001s ]
NOTIC: [8] Undefined variable: openid D:\phpStudy\WWW\Rose\Lib\Action\Wap\VendingAlipayAction.class.php 第 74 行.
SQL: SELECT SUM(consume_account) AS tp_sum FROM `goods_rose_consume_rec` WHERE ( `type` = '1' ) AND ( `wechat_alipay_id` = null ) AND ( `command_status` IN ('1','2') ) AND ( `is_close` = '0' ) AND ( `del_flag` = '0' ) LIMIT 1   [ RunTime:0.001000s ]
SQL: SHOW COLUMNS FROM `goods_vending` [ RunTime:0.013001s ]
SQL: SELECT `pay_price` FROM `goods_vending` WHERE ( `del_flag` = '0' ) AND ( `device_code` = 'A352425021222040' ) LIMIT 1   [ RunTime:0.001000s ]
INFO: [ view_template ] --START--
INFO: Run LocationTemplate Behavior [ RunTime:-1.510087s ]
INFO: [ view_template ] --END-- [ RunTime:0.002000s ]
INFO: [ view_parse ] --START--
INFO: Run ParseTemplate Behavior [ RunTime:-1.512087s ]
INFO: [ view_parse ] --END-- [ RunTime:0.017001s ]
INFO: [ view_filter ] --START--
INFO: Run ContentReplace Behavior [ RunTime:-1.529088s ]
INFO: Run TokenBuild Behavior [ RunTime:-1.530088s ]
INFO: Run WriteHtmlCache Behavior [ RunTime:-1.532088s ]
INFO: Run ShowRuntime Behavior [ RunTime:-1.533088s ]
INFO: [ view_filter ] --END-- [ RunTime:0.005000s ]
INFO: [ view_end ] --START--
INFO: Run ShowPageTrace Behavior [ RunTime:-1.534088s ]
INFO: [ view_end ] --END-- [ RunTime:0.001000s ]

[ 2017-09-21T16:07:04+08:00 ] 0.0.0.0 /Rose/index.php?g=Wap&m=VendingAlipay&a=balance_recharge&buyer_id=2088802658990276&device_code=A352425021222040&owner_id=2017091315_7D29AF66AE2DBB98A0718A6D9B90FCE1&count=0
INFO: [ app_begin ] --START--
INFO: Run ReadHtmlCache Behavior [ RunTime:0.001000s ]
INFO: [ app_begin ] --END-- [ RunTime:0.001000s ]
SQL: SHOW COLUMNS FROM `goods_rose` [ RunTime:0.009000s ]
NOTIC: [8] Undefined variable: openid D:\phpStudy\WWW\Rose\Lib\Action\Wap\VendingAlipayAction.class.php 第 71 行.
SQL: SELECT SUM(account) AS tp_sum FROM `goods_rose` WHERE ( `wechat_alipay_id` = null ) AND ( `status` = '1' ) AND ( `is_close` = '0' ) AND ( `del_flag` = '0' ) AND ( `type` = '1' ) LIMIT 1   [ RunTime:0.001000s ]
SQL: SHOW COLUMNS FROM `goods_rose_consume_rec` [ RunTime:0.014001s ]
NOTIC: [8] Undefined variable: openid D:\phpStudy\WWW\Rose\Lib\Action\Wap\VendingAlipayAction.class.php 第 74 行.
SQL: SELECT SUM(consume_account) AS tp_sum FROM `goods_rose_consume_rec` WHERE ( `type` = '1' ) AND ( `wechat_alipay_id` = null ) AND ( `command_status` IN ('1','2') ) AND ( `is_close` = '0' ) AND ( `del_flag` = '0' ) LIMIT 1   [ RunTime:0.001000s ]
SQL: SHOW COLUMNS FROM `goods_vending` [ RunTime:0.013001s ]
SQL: SELECT `pay_price` FROM `goods_vending` WHERE ( `del_flag` = '0' ) AND ( `device_code` = 'A352425021222040' ) LIMIT 1   [ RunTime:0.000000s ]
INFO: [ view_template ] --START--
INFO: Run LocationTemplate Behavior [ RunTime:-1.581090s ]
INFO: [ view_template ] --END-- [ RunTime:0.002000s ]
INFO: [ view_parse ] --START--
INFO: Run ParseTemplate Behavior [ RunTime:-1.583090s ]
INFO: [ view_parse ] --END-- [ RunTime:0.017001s ]
INFO: [ view_filter ] --START--
INFO: Run ContentReplace Behavior [ RunTime:-1.600091s ]
INFO: Run TokenBuild Behavior [ RunTime:-1.601091s ]
INFO: Run WriteHtmlCache Behavior [ RunTime:-1.602091s ]
INFO: Run ShowRuntime Behavior [ RunTime:-1.603091s ]
INFO: [ view_filter ] --END-- [ RunTime:0.005000s ]
INFO: [ view_end ] --START--
INFO: Run ShowPageTrace Behavior [ RunTime:-1.605091s ]
INFO: [ view_end ] --END-- [ RunTime:0.002001s ]

[ 2017-09-21T16:13:43+08:00 ] 0.0.0.0 /Rose/index.php?g=Wap&m=VendingAlipay&a=index&device_code=A352425021222040
INFO: [ app_begin ] --START--
INFO: Run ReadHtmlCache Behavior [ RunTime:0.001000s ]
INFO: [ app_begin ] --END-- [ RunTime:0.001000s ]
SQL: SHOW COLUMNS FROM `goods_weixin_alipay_pay_rec` [ RunTime:0.012001s ]
SQL: SELECT SUM(pay_account) AS tp_sum FROM `goods_weixin_alipay_pay_rec` WHERE ( `wechat_alipay_id` = '2088802658990276' ) AND ( `pay_status` = '1' ) AND ( `is_close` = '0' ) AND ( `del_flag` = '0' ) AND ( `type` = '2' ) LIMIT 1   [ RunTime:0.000000s ]
SQL: SHOW COLUMNS FROM `goods_consume_rec` [ RunTime:0.008001s ]
SQL: SELECT SUM(consume_account) AS tp_sum FROM `goods_consume_rec` WHERE ( `type` = '2' ) AND ( `wechat_alipay_id` = '2088802658990276' ) AND ( `command_status` IN ('1','2') ) AND ( `is_close` = '0' ) AND ( `del_flag` = '0' ) LIMIT 1   [ RunTime:0.001000s ]
SQL: SHOW COLUMNS FROM `goods_rose` [ RunTime:0.009000s ]
SQL: SELECT SUM(account) AS tp_sum FROM `goods_rose` WHERE ( `wechat_alipay_id` = '2088802658990276' ) AND ( `status` = '1' ) AND ( `is_close` = '0' ) AND ( `del_flag` = '0' ) AND ( `type` = '2' ) LIMIT 1   [ RunTime:0.001000s ]
SQL: SHOW COLUMNS FROM `goods_rose_consume_rec` [ RunTime:0.014001s ]
SQL: SELECT SUM(consume_account) AS tp_sum FROM `goods_rose_consume_rec` WHERE ( `type` = '2' ) AND ( `wechat_alipay_id` = '2088802658990276' ) AND ( `command_status` IN ('1','2') ) AND ( `is_close` = '0' ) AND ( `del_flag` = '0' ) LIMIT 1   [ RunTime:0.000000s ]
SQL: SHOW COLUMNS FROM `goods_vending` [ RunTime:0.011001s ]
SQL: SELECT * FROM `goods_vending` WHERE ( `device_code` = 'A352425021222040' ) AND ( `del_flag` = '0' ) LIMIT 1   [ RunTime:0.000000s ]
SQL: SHOW COLUMNS FROM `goods_huodao` [ RunTime:0.009000s ]
SQL: SELECT gh.number,gh.id as gid,gh.number_order,gs.id,gh.shop_number,gh.shop_price,gh.toubi_price,gh.status,gs.name,gs.image FROM goods_huodao gh LEFT JOIN goods_shop gs on gh.shop_id=gs.id WHERE ( gh.shipment_id = '2017091316_B93FDE7CBB8F76AA025D5D94E90F6538' ) ORDER BY gh.number asc  [ RunTime:0.021001s ]
INFO: [ view_template ] --START--
INFO: Run LocationTemplate Behavior [ RunTime:-1.706097s ]
INFO: [ view_template ] --END-- [ RunTime:0.002001s ]
INFO: [ view_parse ] --START--
INFO: Run ParseTemplate Behavior [ RunTime:-1.708098s ]
INFO: [ view_parse ] --END-- [ RunTime:0.018001s ]
INFO: [ view_filter ] --START--
INFO: Run ContentReplace Behavior [ RunTime:-1.726099s ]
INFO: Run TokenBuild Behavior [ RunTime:-1.727099s ]
INFO: Run WriteHtmlCache Behavior [ RunTime:-1.728099s ]
INFO: Run ShowRuntime Behavior [ RunTime:-1.729099s ]
INFO: [ view_filter ] --END-- [ RunTime:0.004000s ]
INFO: [ view_end ] --START--
INFO: Run ShowPageTrace Behavior [ RunTime:-1.730099s ]
INFO: [ view_end ] --END-- [ RunTime:0.002000s ]

[ 2017-09-21T16:14:18+08:00 ] 0.0.0.0 /Rose/index.php?g=Wap&m=VendingAlipay&a=index&device_code=A352425021222040
INFO: [ app_begin ] --START--
INFO: Run ReadHtmlCache Behavior [ RunTime:0.001000s ]
INFO: [ app_begin ] --END-- [ RunTime:0.001000s ]
SQL: SHOW COLUMNS FROM `goods_weixin_alipay_pay_rec` [ RunTime:0.009000s ]
SQL: SELECT SUM(pay_account) AS tp_sum FROM `goods_weixin_alipay_pay_rec` WHERE ( `wechat_alipay_id` = '2088802658990276' ) AND ( `pay_status` = '1' ) AND ( `is_close` = '0' ) AND ( `del_flag` = '0' ) AND ( `type` = '2' ) LIMIT 1   [ RunTime:0.000000s ]
SQL: SHOW COLUMNS FROM `goods_consume_rec` [ RunTime:0.015001s ]
SQL: SELECT SUM(consume_account) AS tp_sum FROM `goods_consume_rec` WHERE ( `type` = '2' ) AND ( `wechat_alipay_id` = '2088802658990276' ) AND ( `command_status` IN ('1','2') ) AND ( `is_close` = '0' ) AND ( `del_flag` = '0' ) LIMIT 1   [ RunTime:0.001000s ]
SQL: SHOW COLUMNS FROM `goods_rose` [ RunTime:0.014001s ]
SQL: SELECT SUM(account) AS tp_sum FROM `goods_rose` WHERE ( `wechat_alipay_id` = '2088802658990276' ) AND ( `status` = '1' ) AND ( `is_close` = '0' ) AND ( `del_flag` = '0' ) AND ( `type` = '2' ) LIMIT 1   [ RunTime:0.000000s ]
SQL: SHOW COLUMNS FROM `goods_rose_consume_rec` [ RunTime:0.014001s ]
SQL: SELECT SUM(consume_account) AS tp_sum FROM `goods_rose_consume_rec` WHERE ( `type` = '2' ) AND ( `wechat_alipay_id` = '2088802658990276' ) AND ( `command_status` IN ('1','2') ) AND ( `is_close` = '0' ) AND ( `del_flag` = '0' ) LIMIT 1   [ RunTime:0.000000s ]
SQL: SHOW COLUMNS FROM `goods_vending` [ RunTime:0.014001s ]
SQL: SELECT * FROM `goods_vending` WHERE ( `device_code` = 'A352425021222040' ) AND ( `del_flag` = '0' ) LIMIT 1   [ RunTime:0.001000s ]
SQL: SHOW COLUMNS FROM `goods_huodao` [ RunTime:0.012000s ]
SQL: SELECT gh.number,gh.id as gid,gh.number_order,gs.id,gh.shop_number,gh.shop_price,gh.toubi_price,gh.status,gs.name,gs.image FROM goods_huodao gh LEFT JOIN goods_shop gs on gh.shop_id=gs.id WHERE ( gh.shipment_id = '2017091316_B93FDE7CBB8F76AA025D5D94E90F6538' ) ORDER BY gh.number asc  [ RunTime:0.001000s ]
INFO: [ view_template ] --START--
INFO: Run LocationTemplate Behavior [ RunTime:-1.713098s ]
INFO: [ view_template ] --END-- [ RunTime:0.002001s ]
INFO: [ view_parse ] --START--
INFO: Run ParseTemplate Behavior [ RunTime:-1.715099s ]
INFO: [ view_parse ] --END-- [ RunTime:0.017001s ]
INFO: [ view_filter ] --START--
INFO: Run ContentReplace Behavior [ RunTime:-1.732100s ]
INFO: Run TokenBuild Behavior [ RunTime:-1.733100s ]
INFO: Run WriteHtmlCache Behavior [ RunTime:-1.734100s ]
INFO: Run ShowRuntime Behavior [ RunTime:-1.734100s ]
INFO: [ view_filter ] --END-- [ RunTime:0.003000s ]
INFO: [ view_end ] --START--
INFO: Run ShowPageTrace Behavior [ RunTime:-1.735100s ]
INFO: [ view_end ] --END-- [ RunTime:0.001000s ]

[ 2017-09-21T16:14:24+08:00 ] 0.0.0.0 /Rose/index.php?g=Wap&m=VendingAlipay&a=index&device_code=A352425021222040
INFO: [ app_begin ] --START--
INFO: Run ReadHtmlCache Behavior [ RunTime:0.001000s ]
INFO: [ app_begin ] --END-- [ RunTime:0.001000s ]
SQL: SHOW COLUMNS FROM `goods_weixin_alipay_pay_rec` [ RunTime:0.009000s ]
SQL: SELECT SUM(pay_account) AS tp_sum FROM `goods_weixin_alipay_pay_rec` WHERE ( `wechat_alipay_id` = '2088802658990276' ) AND ( `pay_status` = '1' ) AND ( `is_close` = '0' ) AND ( `del_flag` = '0' ) AND ( `type` = '2' ) LIMIT 1   [ RunTime:0.001000s ]
SQL: SHOW COLUMNS FROM `goods_consume_rec` [ RunTime:0.013001s ]
SQL: SELECT SUM(consume_account) AS tp_sum FROM `goods_consume_rec` WHERE ( `type` = '2' ) AND ( `wechat_alipay_id` = '2088802658990276' ) AND ( `command_status` IN ('1','2') ) AND ( `is_close` = '0' ) AND ( `del_flag` = '0' ) LIMIT 1   [ RunTime:0.001000s ]
SQL: SHOW COLUMNS FROM `goods_rose` [ RunTime:0.014001s ]
SQL: SELECT SUM(account) AS tp_sum FROM `goods_rose` WHERE ( `wechat_alipay_id` = '2088802658990276' ) AND ( `status` = '1' ) AND ( `is_close` = '0' ) AND ( `del_flag` = '0' ) AND ( `type` = '2' ) LIMIT 1   [ RunTime:0.001000s ]
SQL: SHOW COLUMNS FROM `goods_rose_consume_rec` [ RunTime:0.008000s ]
SQL: SELECT SUM(consume_account) AS tp_sum FROM `goods_rose_consume_rec` WHERE ( `type` = '2' ) AND ( `wechat_alipay_id` = '2088802658990276' ) AND ( `command_status` IN ('1','2') ) AND ( `is_close` = '0' ) AND ( `del_flag` = '0' ) LIMIT 1   [ RunTime:0.000000s ]
SQL: SHOW COLUMNS FROM `goods_vending` [ RunTime:0.012001s ]
SQL: SELECT * FROM `goods_vending` WHERE ( `device_code` = 'A352425021222040' ) AND ( `del_flag` = '0' ) LIMIT 1   [ RunTime:0.001000s ]
SQL: SHOW COLUMNS FROM `goods_huodao` [ RunTime:0.012001s ]
SQL: SELECT gh.number,gh.id as gid,gh.number_order,gs.id,gh.shop_number,gh.shop_price,gh.toubi_price,gh.status,gs.name,gs.image FROM goods_huodao gh LEFT JOIN goods_shop gs on gh.shop_id=gs.id WHERE ( gh.shipment_id = '2017091316_B93FDE7CBB8F76AA025D5D94E90F6538' ) ORDER BY gh.number asc  [ RunTime:0.001000s ]
INFO: [ view_template ] --START--
INFO: Run LocationTemplate Behavior [ RunTime:-1.753100s ]
INFO: [ view_template ] --END-- [ RunTime:0.001000s ]
INFO: [ view_parse ] --START--
INFO: Run ParseTemplate Behavior [ RunTime:-1.754100s ]
INFO: [ view_parse ] --END-- [ RunTime:0.017001s ]
INFO: [ view_filter ] --START--
INFO: Run ContentReplace Behavior [ RunTime:-1.771101s ]
INFO: Run TokenBuild Behavior [ RunTime:-1.787102s ]
INFO: Run WriteHtmlCache Behavior [ RunTime:-1.788102s ]
INFO: Run ShowRuntime Behavior [ RunTime:-1.788102s ]
INFO: [ view_filter ] --END-- [ RunTime:0.018001s ]
INFO: [ view_end ] --START--
INFO: Run ShowPageTrace Behavior [ RunTime:-1.789102s ]
INFO: [ view_end ] --END-- [ RunTime:0.004000s ]

[ 2017-09-21T16:14:32+08:00 ] 0.0.0.0 /Rose/index.php?g=Wap&m=VendingAlipay&a=index&device_code=A352425021222040
INFO: [ app_begin ] --START--
INFO: Run ReadHtmlCache Behavior [ RunTime:0.001000s ]
INFO: [ app_begin ] --END-- [ RunTime:0.001000s ]
SQL: SHOW COLUMNS FROM `goods_weixin_alipay_pay_rec` [ RunTime:0.014001s ]
SQL: SELECT SUM(pay_account) AS tp_sum FROM `goods_weixin_alipay_pay_rec` WHERE ( `wechat_alipay_id` = '2088802658990276' ) AND ( `pay_status` = '1' ) AND ( `is_close` = '0' ) AND ( `del_flag` = '0' ) AND ( `type` = '2' ) LIMIT 1   [ RunTime:0.000000s ]
SQL: SHOW COLUMNS FROM `goods_consume_rec` [ RunTime:0.014001s ]
SQL: SELECT SUM(consume_account) AS tp_sum FROM `goods_consume_rec` WHERE ( `type` = '2' ) AND ( `wechat_alipay_id` = '2088802658990276' ) AND ( `command_status` IN ('1','2') ) AND ( `is_close` = '0' ) AND ( `del_flag` = '0' ) LIMIT 1   [ RunTime:0.001000s ]
SQL: SHOW COLUMNS FROM `goods_rose` [ RunTime:0.014000s ]
SQL: SELECT SUM(account) AS tp_sum FROM `goods_rose` WHERE ( `wechat_alipay_id` = '2088802658990276' ) AND ( `status` = '1' ) AND ( `is_close` = '0' ) AND ( `del_flag` = '0' ) AND ( `type` = '2' ) LIMIT 1   [ RunTime:0.000000s ]
SQL: SHOW COLUMNS FROM `goods_rose_consume_rec` [ RunTime:0.014001s ]
SQL: SELECT SUM(consume_account) AS tp_sum FROM `goods_rose_consume_rec` WHERE ( `type` = '2' ) AND ( `wechat_alipay_id` = '2088802658990276' ) AND ( `command_status` IN ('1','2') ) AND ( `is_close` = '0' ) AND ( `del_flag` = '0' ) LIMIT 1   [ RunTime:0.001000s ]
SQL: SHOW COLUMNS FROM `goods_vending` [ RunTime:0.008001s ]
SQL: SELECT * FROM `goods_vending` WHERE ( `device_code` = 'A352425021222040' ) AND ( `del_flag` = '0' ) LIMIT 1   [ RunTime:0.000000s ]
SQL: SHOW COLUMNS FROM `goods_huodao` [ RunTime:0.020001s ]
SQL: SELECT gh.number,gh.id as gid,gh.number_order,gs.id,gh.shop_number,gh.shop_price,gh.toubi_price,gh.status,gs.name,gs.image FROM goods_huodao gh LEFT JOIN goods_shop gs on gh.shop_id=gs.id WHERE ( gh.shipment_id = '2017091316_B93FDE7CBB8F76AA025D5D94E90F6538' ) ORDER BY gh.number asc  [ RunTime:0.001000s ]
INFO: [ view_template ] --START--
INFO: Run LocationTemplate Behavior [ RunTime:-1.714098s ]
INFO: [ view_template ] --END-- [ RunTime:0.001000s ]
INFO: [ view_parse ] --START--
INFO: Run ParseTemplate Behavior [ RunTime:-1.715098s ]
INFO: [ view_parse ] --END-- [ RunTime:0.017001s ]
INFO: [ view_filter ] --START--
INFO: Run ContentReplace Behavior [ RunTime:-1.732099s ]
INFO: Run TokenBuild Behavior [ RunTime:-1.733099s ]
INFO: Run WriteHtmlCache Behavior [ RunTime:-1.734099s ]
INFO: Run ShowRuntime Behavior [ RunTime:-1.735099s ]
INFO: [ view_filter ] --END-- [ RunTime:0.004000s ]
INFO: [ view_end ] --START--
INFO: Run ShowPageTrace Behavior [ RunTime:-1.736099s ]
INFO: [ view_end ] --END-- [ RunTime:0.002000s ]

[ 2017-09-21T16:15:40+08:00 ] 0.0.0.0 /Rose/index.php?g=Wap&m=VendingAlipay&a=index&device_code=A352425021222040
INFO: [ app_begin ] --START--
INFO: Run ReadHtmlCache Behavior [ RunTime:0.001000s ]
INFO: [ app_begin ] --END-- [ RunTime:0.001000s ]
SQL: SHOW COLUMNS FROM `goods_weixin_alipay_pay_rec` [ RunTime:0.023001s ]
SQL: SELECT SUM(pay_account) AS tp_sum FROM `goods_weixin_alipay_pay_rec` WHERE ( `wechat_alipay_id` = '2088802658990276' ) AND ( `pay_status` = '1' ) AND ( `is_close` = '0' ) AND ( `del_flag` = '0' ) AND ( `type` = '2' ) LIMIT 1   [ RunTime:0.001000s ]
SQL: SHOW COLUMNS FROM `goods_consume_rec` [ RunTime:0.016001s ]
SQL: SELECT SUM(consume_account) AS tp_sum FROM `goods_consume_rec` WHERE ( `type` = '2' ) AND ( `wechat_alipay_id` = '2088802658990276' ) AND ( `command_status` IN ('1','2') ) AND ( `is_close` = '0' ) AND ( `del_flag` = '0' ) LIMIT 1   [ RunTime:0.001000s ]
SQL: SHOW COLUMNS FROM `goods_rose` [ RunTime:0.015001s ]
SQL: SELECT SUM(account) AS tp_sum FROM `goods_rose` WHERE ( `wechat_alipay_id` = '2088802658990276' ) AND ( `status` = '1' ) AND ( `is_close` = '0' ) AND ( `del_flag` = '0' ) AND ( `type` = '2' ) LIMIT 1   [ RunTime:0.001000s ]
SQL: SHOW COLUMNS FROM `goods_rose_consume_rec` [ RunTime:0.012001s ]
SQL: SELECT SUM(consume_account) AS tp_sum FROM `goods_rose_consume_rec` WHERE ( `type` = '2' ) AND ( `wechat_alipay_id` = '2088802658990276' ) AND ( `command_status` IN ('1','2') ) AND ( `is_close` = '0' ) AND ( `del_flag` = '0' ) LIMIT 1   [ RunTime:0.000000s ]
SQL: SHOW COLUMNS FROM `goods_vending` [ RunTime:0.007000s ]
SQL: SELECT * FROM `goods_vending` WHERE ( `device_code` = 'A352425021222040' ) AND ( `del_flag` = '0' ) LIMIT 1   [ RunTime:0.000000s ]
SQL: SHOW COLUMNS FROM `goods_huodao` [ RunTime:0.013000s ]
SQL: SELECT gh.number,gh.id as gid,gh.number_order,gs.id,gh.shop_number,gh.shop_price,gh.toubi_price,gh.status,gs.name,gs.image FROM goods_huodao gh LEFT JOIN goods_shop gs on gh.shop_id=gs.id WHERE ( gh.shipment_id = '2017091316_B93FDE7CBB8F76AA025D5D94E90F6538' ) ORDER BY gh.number asc  [ RunTime:0.000000s ]
INFO: [ view_template ] --START--
INFO: Run LocationTemplate Behavior [ RunTime:-1.612092s ]
INFO: [ view_template ] --END-- [ RunTime:0.002000s ]
INFO: [ view_parse ] --START--
INFO: Run ParseTemplate Behavior [ RunTime:-1.614092s ]
INFO: [ view_parse ] --END-- [ RunTime:0.015001s ]
INFO: [ view_filter ] --START--
INFO: Run ContentReplace Behavior [ RunTime:-1.630093s ]
INFO: Run TokenBuild Behavior [ RunTime:-1.630093s ]
INFO: Run WriteHtmlCache Behavior [ RunTime:-1.631093s ]
INFO: Run ShowRuntime Behavior [ RunTime:-1.632093s ]
INFO: [ view_filter ] --END-- [ RunTime:0.003001s ]
INFO: [ view_end ] --START--
INFO: Run ShowPageTrace Behavior [ RunTime:-1.634094s ]
INFO: [ view_end ] --END-- [ RunTime:0.005000s ]

[ 2017-09-21T16:15:54+08:00 ] 0.0.0.0 /Rose/index.php?g=Wap&m=VendingAlipay&a=alipay_consume&buyer_id=2088802658990276&device_code=A352425021222040
INFO: [ app_begin ] --START--
INFO: Run ReadHtmlCache Behavior [ RunTime:0.001000s ]
INFO: [ app_begin ] --END-- [ RunTime:0.001000s ]
SQL: SHOW COLUMNS FROM `goods_consume_rec` [ RunTime:0.011001s ]
SQL: SELECT * FROM `goods_consume_rec` WHERE ( `type` = '2' ) AND ( `wechat_alipay_id` = '2088802658990276' ) AND ( `is_close` = '0' ) AND ( `del_flag` = '0' ) ORDER BY create_date desc LIMIT 30   [ RunTime:0.001000s ]
INFO: [ view_template ] --START--
INFO: Run LocationTemplate Behavior [ RunTime:-1.568090s ]
INFO: [ view_template ] --END-- [ RunTime:0.001000s ]
INFO: [ view_parse ] --START--
INFO: Run ParseTemplate Behavior [ RunTime:-1.570090s ]
INFO: [ view_parse ] --END-- [ RunTime:0.013001s ]
INFO: [ view_filter ] --START--
INFO: Run ContentReplace Behavior [ RunTime:-1.583091s ]
INFO: Run TokenBuild Behavior [ RunTime:-1.584091s ]
INFO: Run WriteHtmlCache Behavior [ RunTime:-1.585091s ]
INFO: Run ShowRuntime Behavior [ RunTime:-1.586091s ]
INFO: [ view_filter ] --END-- [ RunTime:0.003000s ]
INFO: [ view_end ] --START--
INFO: Run ShowPageTrace Behavior [ RunTime:-1.587091s ]
INFO: [ view_end ] --END-- [ RunTime:0.002000s ]

[ 2017-09-21T16:15:57+08:00 ] 0.0.0.0 /Rose/index.php?g=Wap&m=VendingAlipay&a=index&buyer_id=2088802658990276&device_code=A352425021222040
INFO: [ app_begin ] --START--
INFO: Run ReadHtmlCache Behavior [ RunTime:0.001000s ]
INFO: [ app_begin ] --END-- [ RunTime:0.001000s ]
SQL: SHOW COLUMNS FROM `goods_weixin_alipay_pay_rec` [ RunTime:0.013001s ]
SQL: SELECT SUM(pay_account) AS tp_sum FROM `goods_weixin_alipay_pay_rec` WHERE ( `wechat_alipay_id` = '2088802658990276' ) AND ( `pay_status` = '1' ) AND ( `is_close` = '0' ) AND ( `del_flag` = '0' ) AND ( `type` = '2' ) LIMIT 1   [ RunTime:0.001000s ]
SQL: SHOW COLUMNS FROM `goods_consume_rec` [ RunTime:0.013001s ]
SQL: SELECT SUM(consume_account) AS tp_sum FROM `goods_consume_rec` WHERE ( `type` = '2' ) AND ( `wechat_alipay_id` = '2088802658990276' ) AND ( `command_status` IN ('1','2') ) AND ( `is_close` = '0' ) AND ( `del_flag` = '0' ) LIMIT 1   [ RunTime:0.001000s ]
SQL: SHOW COLUMNS FROM `goods_rose` [ RunTime:0.012001s ]
SQL: SELECT SUM(account) AS tp_sum FROM `goods_rose` WHERE ( `wechat_alipay_id` = '2088802658990276' ) AND ( `status` = '1' ) AND ( `is_close` = '0' ) AND ( `del_flag` = '0' ) AND ( `type` = '2' ) LIMIT 1   [ RunTime:0.000000s ]
SQL: SHOW COLUMNS FROM `goods_rose_consume_rec` [ RunTime:0.011000s ]
SQL: SELECT SUM(consume_account) AS tp_sum FROM `goods_rose_consume_rec` WHERE ( `type` = '2' ) AND ( `wechat_alipay_id` = '2088802658990276' ) AND ( `command_status` IN ('1','2') ) AND ( `is_close` = '0' ) AND ( `del_flag` = '0' ) LIMIT 1   [ RunTime:0.001000s ]
SQL: SHOW COLUMNS FROM `goods_vending` [ RunTime:0.010000s ]
SQL: SELECT * FROM `goods_vending` WHERE ( `device_code` = 'A352425021222040' ) AND ( `del_flag` = '0' ) LIMIT 1   [ RunTime:0.001000s ]
SQL: SHOW COLUMNS FROM `goods_huodao` [ RunTime:0.009001s ]
SQL: SELECT gh.number,gh.id as gid,gh.number_order,gs.id,gh.shop_number,gh.shop_price,gh.toubi_price,gh.status,gs.name,gs.image FROM goods_huodao gh LEFT JOIN goods_shop gs on gh.shop_id=gs.id WHERE ( gh.shipment_id = '2017091316_B93FDE7CBB8F76AA025D5D94E90F6538' ) ORDER BY gh.number asc  [ RunTime:0.000000s ]
INFO: [ view_template ] --START--
INFO: Run LocationTemplate Behavior [ RunTime:-1.572090s ]
INFO: [ view_template ] --END-- [ RunTime:0.002000s ]
INFO: [ view_parse ] --START--
INFO: Run ParseTemplate Behavior [ RunTime:-1.574090s ]
INFO: [ view_parse ] --END-- [ RunTime:0.018001s ]
INFO: [ view_filter ] --START--
INFO: Run ContentReplace Behavior [ RunTime:-1.592091s ]
INFO: Run TokenBuild Behavior [ RunTime:-1.594091s ]
INFO: Run WriteHtmlCache Behavior [ RunTime:-1.594091s ]
INFO: Run ShowRuntime Behavior [ RunTime:-1.595091s ]
INFO: [ view_filter ] --END-- [ RunTime:0.004000s ]
INFO: [ view_end ] --START--
INFO: Run ShowPageTrace Behavior [ RunTime:-1.596091s ]
INFO: [ view_end ] --END-- [ RunTime:0.001000s ]

[ 2017-09-21T16:16:18+08:00 ] 0.0.0.0 /Rose/index.php?g=Wap&m=VendingAlipay&a=index&buyer_id=2088802658990276&device_code=A352425021222040
INFO: [ app_begin ] --START--
INFO: Run ReadHtmlCache Behavior [ RunTime:0.000000s ]
INFO: [ app_begin ] --END-- [ RunTime:0.000000s ]
SQL: SHOW COLUMNS FROM `goods_weixin_alipay_pay_rec` [ RunTime:0.011001s ]
SQL: SELECT SUM(pay_account) AS tp_sum FROM `goods_weixin_alipay_pay_rec` WHERE ( `wechat_alipay_id` = '2088802658990276' ) AND ( `pay_status` = '1' ) AND ( `is_close` = '0' ) AND ( `del_flag` = '0' ) AND ( `type` = '2' ) LIMIT 1   [ RunTime:0.000000s ]
SQL: SHOW COLUMNS FROM `goods_consume_rec` [ RunTime:0.009001s ]
SQL: SELECT SUM(consume_account) AS tp_sum FROM `goods_consume_rec` WHERE ( `type` = '2' ) AND ( `wechat_alipay_id` = '2088802658990276' ) AND ( `command_status` IN ('1','2') ) AND ( `is_close` = '0' ) AND ( `del_flag` = '0' ) LIMIT 1   [ RunTime:0.001000s ]
SQL: SHOW COLUMNS FROM `goods_rose` [ RunTime:0.012000s ]
SQL: SELECT SUM(account) AS tp_sum FROM `goods_rose` WHERE ( `wechat_alipay_id` = '2088802658990276' ) AND ( `status` = '1' ) AND ( `is_close` = '0' ) AND ( `del_flag` = '0' ) AND ( `type` = '2' ) LIMIT 1   [ RunTime:0.001000s ]
SQL: SHOW COLUMNS FROM `goods_rose_consume_rec` [ RunTime:0.009001s ]
SQL: SELECT SUM(consume_account) AS tp_sum FROM `goods_rose_consume_rec` WHERE ( `type` = '2' ) AND ( `wechat_alipay_id` = '2088802658990276' ) AND ( `command_status` IN ('1','2') ) AND ( `is_close` = '0' ) AND ( `del_flag` = '0' ) LIMIT 1   [ RunTime:0.001000s ]
SQL: SHOW COLUMNS FROM `goods_vending` [ RunTime:0.010001s ]
SQL: SELECT * FROM `goods_vending` WHERE ( `device_code` = 'A352425021222040' ) AND ( `del_flag` = '0' ) LIMIT 1   [ RunTime:0.001000s ]
SQL: SHOW COLUMNS FROM `goods_huodao` [ RunTime:0.009000s ]
SQL: SELECT gh.number,gh.id as gid,gh.number_order,gs.id,gh.shop_number,gh.shop_price,gh.toubi_price,gh.status,gs.name,gs.image FROM goods_huodao gh LEFT JOIN goods_shop gs on gh.shop_id=gs.id WHERE ( gh.shipment_id = '2017091316_B93FDE7CBB8F76AA025D5D94E90F6538' ) ORDER BY gh.number asc  [ RunTime:0.001000s ]
INFO: [ view_template ] --START--
INFO: Run LocationTemplate Behavior [ RunTime:-1.591091s ]
INFO: [ view_template ] --END-- [ RunTime:0.002000s ]
INFO: [ view_parse ] --START--
INFO: Run ParseTemplate Behavior [ RunTime:-1.593091s ]
INFO: [ view_parse ] --END-- [ RunTime:0.017001s ]
INFO: [ view_filter ] --START--
INFO: Run ContentReplace Behavior [ RunTime:-1.610092s ]
INFO: Run TokenBuild Behavior [ RunTime:-1.611092s ]
INFO: Run WriteHtmlCache Behavior [ RunTime:-1.612092s ]
INFO: Run ShowRuntime Behavior [ RunTime:-1.613092s ]
INFO: [ view_filter ] --END-- [ RunTime:0.004001s ]
INFO: [ view_end ] --START--
INFO: Run ShowPageTrace Behavior [ RunTime:-1.614093s ]
INFO: [ view_end ] --END-- [ RunTime:0.003000s ]

[ 2017-09-21T16:17:27+08:00 ] 0.0.0.0 /Rose/index.php?g=Wap&m=VendingWeixin&a=balance_recharge&openid=odOIPv4WtdWt9ebczeYuYByhYr_0&device_code=A352425021222040&owner_id=2017091315_7D29AF66AE2DBB98A0718A6D9B90FCE1&count=13.8
INFO: [ app_begin ] --START--
INFO: Run ReadHtmlCache Behavior [ RunTime:0.001000s ]
INFO: [ app_begin ] --END-- [ RunTime:0.001000s ]
SQL: SHOW COLUMNS FROM `goods_rose` [ RunTime:0.014001s ]
SQL: SELECT SUM(account) AS tp_sum FROM `goods_rose` WHERE ( `wechat_alipay_id` = 'odOIPv4WtdWt9ebczeYuYByhYr_0' ) AND ( `status` = '1' ) AND ( `is_close` = '0' ) AND ( `del_flag` = '0' ) AND ( `type` = '1' ) LIMIT 1   [ RunTime:0.000000s ]
SQL: SHOW COLUMNS FROM `goods_rose_consume_rec` [ RunTime:0.015001s ]
SQL: SELECT SUM(consume_account) AS tp_sum FROM `goods_rose_consume_rec` WHERE ( `type` = '1' ) AND ( `wechat_alipay_id` = 'odOIPv4WtdWt9ebczeYuYByhYr_0' ) AND ( `command_status` IN ('1','2') ) AND ( `is_close` = '0' ) AND ( `del_flag` = '0' ) LIMIT 1   [ RunTime:0.000000s ]
SQL: SHOW COLUMNS FROM `goods_vending` [ RunTime:0.015001s ]
SQL: SELECT `pay_price` FROM `goods_vending` WHERE ( `del_flag` = '0' ) AND ( `device_code` = 'A352425021222040' ) LIMIT 1   [ RunTime:0.000000s ]
INFO: [ view_template ] --START--
INFO: Run LocationTemplate Behavior [ RunTime:-1.518087s ]
INFO: [ view_template ] --END-- [ RunTime:0.001000s ]
INFO: [ view_parse ] --START--
INFO: Run ParseTemplate Behavior [ RunTime:-1.520087s ]
INFO: [ view_parse ] --END-- [ RunTime:0.058004s ]
INFO: [ view_filter ] --START--
INFO: Run ContentReplace Behavior [ RunTime:-1.578091s ]
INFO: Run TokenBuild Behavior [ RunTime:-1.579091s ]
INFO: Run WriteHtmlCache Behavior [ RunTime:-1.580091s ]
INFO: Run ShowRuntime Behavior [ RunTime:-1.580091s ]
INFO: [ view_filter ] --END-- [ RunTime:0.003000s ]
INFO: [ view_end ] --START--
INFO: Run ShowPageTrace Behavior [ RunTime:-1.581091s ]
INFO: [ view_end ] --END-- [ RunTime:0.001000s ]

[ 2017-09-21T16:17:30+08:00 ] 0.0.0.0 /Rose/index.php?g=Wap&m=VendingWeixin&a=weixin_pay&openid=odOIPv4WtdWt9ebczeYuYByhYr_0&device_code=A352425021222040
INFO: [ app_begin ] --START--
INFO: Run ReadHtmlCache Behavior [ RunTime:0.002000s ]
INFO: [ app_begin ] --END-- [ RunTime:0.002000s ]
SQL: SHOW COLUMNS FROM `goods_weixin_alipay_pay_rec` [ RunTime:0.016001s ]
SQL: SELECT * FROM `goods_weixin_alipay_pay_rec` WHERE ( `wechat_alipay_id` = 'odOIPv4WtdWt9ebczeYuYByhYr_0' ) AND ( `is_close` = '0' ) AND ( `del_flag` = '0' ) AND ( `type` = '1' ) ORDER BY create_date desc LIMIT 30   [ RunTime:0.001000s ]
INFO: [ view_template ] --START--
INFO: Run LocationTemplate Behavior [ RunTime:-1.649095s ]
INFO: [ view_template ] --END-- [ RunTime:0.001000s ]
INFO: [ view_parse ] --START--
INFO: Run ParseTemplate Behavior [ RunTime:-1.650095s ]
INFO: [ view_parse ] --END-- [ RunTime:0.038002s ]
INFO: [ view_filter ] --START--
INFO: Run ContentReplace Behavior [ RunTime:-1.688097s ]
INFO: Run TokenBuild Behavior [ RunTime:-1.689097s ]
INFO: Run WriteHtmlCache Behavior [ RunTime:-1.690097s ]
INFO: Run ShowRuntime Behavior [ RunTime:-1.690097s ]
INFO: [ view_filter ] --END-- [ RunTime:0.003000s ]
INFO: [ view_end ] --START--
INFO: Run ShowPageTrace Behavior [ RunTime:-1.691097s ]
INFO: [ view_end ] --END-- [ RunTime:0.001000s ]

[ 2017-09-21T16:17:34+08:00 ] 0.0.0.0 /Rose/index.php?g=Wap&m=VendingWeixin&a=index&openid=odOIPv4WtdWt9ebczeYuYByhYr_0&device_code=A352425021222040
INFO: [ app_begin ] --START--
INFO: Run ReadHtmlCache Behavior [ RunTime:0.001000s ]
INFO: [ app_begin ] --END-- [ RunTime:0.001000s ]
SQL: SHOW COLUMNS FROM `goods_weixin_alipay_pay_rec` [ RunTime:0.015001s ]
SQL: SELECT SUM(pay_account) AS tp_sum FROM `goods_weixin_alipay_pay_rec` WHERE ( `wechat_alipay_id` = 'odOIPv4WtdWt9ebczeYuYByhYr_0' ) AND ( `pay_status` = '1' ) AND ( `is_close` = '0' ) AND ( `del_flag` = '0' ) AND ( `type` = '1' ) LIMIT 1   [ RunTime:0.001000s ]
SQL: SHOW COLUMNS FROM `goods_consume_rec` [ RunTime:0.009000s ]
SQL: SELECT SUM(consume_account) AS tp_sum FROM `goods_consume_rec` WHERE ( `type` = '1' ) AND ( `wechat_alipay_id` = 'odOIPv4WtdWt9ebczeYuYByhYr_0' ) AND ( `command_status` IN ('1','2') ) AND ( `is_close` = '0' ) AND ( `del_flag` = '0' ) LIMIT 1   [ RunTime:0.001000s ]
SQL: SHOW COLUMNS FROM `goods_rose` [ RunTime:0.017001s ]
SQL: SELECT SUM(account) AS tp_sum FROM `goods_rose` WHERE ( `wechat_alipay_id` = 'odOIPv4WtdWt9ebczeYuYByhYr_0' ) AND ( `status` = '1' ) AND ( `is_close` = '0' ) AND ( `del_flag` = '0' ) AND ( `type` = '1' ) LIMIT 1   [ RunTime:0.001000s ]
SQL: SHOW COLUMNS FROM `goods_rose_consume_rec` [ RunTime:0.013001s ]
SQL: SELECT SUM(consume_account) AS tp_sum FROM `goods_rose_consume_rec` WHERE ( `type` = '1' ) AND ( `wechat_alipay_id` = 'odOIPv4WtdWt9ebczeYuYByhYr_0' ) AND ( `command_status` IN ('1','2') ) AND ( `is_close` = '0' ) AND ( `del_flag` = '0' ) LIMIT 1   [ RunTime:0.001000s ]
SQL: SHOW COLUMNS FROM `goods_vending` [ RunTime:0.013001s ]
SQL: SELECT * FROM `goods_vending` WHERE ( `device_code` = 'A352425021222040' ) AND ( `del_flag` = '0' ) LIMIT 1   [ RunTime:0.001000s ]
SQL: SHOW COLUMNS FROM `goods_huodao` [ RunTime:0.013001s ]
SQL: SELECT gh.number,gh.id as gid,gh.number_order,gs.id,gh.shop_number,gh.shop_price,gh.toubi_price,gh.status,gs.name,gs.image FROM goods_huodao gh LEFT JOIN goods_shop gs on gh.shop_id=gs.id WHERE ( gh.shipment_id = '2017091316_B93FDE7CBB8F76AA025D5D94E90F6538' ) ORDER BY gh.number asc  [ RunTime:0.001000s ]
INFO: [ view_template ] --START--
INFO: Run LocationTemplate Behavior [ RunTime:-1.593091s ]
INFO: [ view_template ] --END-- [ RunTime:0.001000s ]
INFO: [ view_parse ] --START--
INFO: Run ParseTemplate Behavior [ RunTime:-1.594091s ]
INFO: [ view_parse ] --END-- [ RunTime:0.049003s ]
INFO: [ view_filter ] --START--
INFO: Run ContentReplace Behavior [ RunTime:-1.643094s ]
INFO: Run TokenBuild Behavior [ RunTime:-1.644094s ]
INFO: Run WriteHtmlCache Behavior [ RunTime:-1.645094s ]
INFO: Run ShowRuntime Behavior [ RunTime:-1.645094s ]
INFO: [ view_filter ] --END-- [ RunTime:0.004000s ]
INFO: [ view_end ] --START--
INFO: Run ShowPageTrace Behavior [ RunTime:-1.647094s ]
INFO: [ view_end ] --END-- [ RunTime:0.001000s ]

[ 2017-09-21T16:17:37+08:00 ] 0.0.0.0 /Rose/index.php?g=Wap&m=VendingWeixin&a=balance_recharge&openid=odOIPv4WtdWt9ebczeYuYByhYr_0&device_code=A352425021222040&owner_id=2017091315_7D29AF66AE2DBB98A0718A6D9B90FCE1&count=13.8
INFO: [ app_begin ] --START--
INFO: Run ReadHtmlCache Behavior [ RunTime:0.001000s ]
INFO: [ app_begin ] --END-- [ RunTime:0.001000s ]
SQL: SHOW COLUMNS FROM `goods_rose` [ RunTime:0.015000s ]
SQL: SELECT SUM(account) AS tp_sum FROM `goods_rose` WHERE ( `wechat_alipay_id` = 'odOIPv4WtdWt9ebczeYuYByhYr_0' ) AND ( `status` = '1' ) AND ( `is_close` = '0' ) AND ( `del_flag` = '0' ) AND ( `type` = '1' ) LIMIT 1   [ RunTime:0.000000s ]
SQL: SHOW COLUMNS FROM `goods_rose_consume_rec` [ RunTime:0.013001s ]
SQL: SELECT SUM(consume_account) AS tp_sum FROM `goods_rose_consume_rec` WHERE ( `type` = '1' ) AND ( `wechat_alipay_id` = 'odOIPv4WtdWt9ebczeYuYByhYr_0' ) AND ( `command_status` IN ('1','2') ) AND ( `is_close` = '0' ) AND ( `del_flag` = '0' ) LIMIT 1   [ RunTime:0.000000s ]
SQL: SHOW COLUMNS FROM `goods_vending` [ RunTime:0.013001s ]
SQL: SELECT `pay_price` FROM `goods_vending` WHERE ( `del_flag` = '0' ) AND ( `device_code` = 'A352425021222040' ) LIMIT 1   [ RunTime:0.001000s ]
INFO: [ view_template ] --START--
INFO: Run LocationTemplate Behavior [ RunTime:-1.521087s ]
INFO: [ view_template ] --END-- [ RunTime:0.002000s ]
INFO: [ view_parse ] --START--
INFO: Run ParseTemplate Behavior [ RunTime:-1.523087s ]
INFO: [ view_parse ] --END-- [ RunTime:0.015001s ]
INFO: [ view_filter ] --START--
INFO: Run ContentReplace Behavior [ RunTime:-1.538088s ]
INFO: Run TokenBuild Behavior [ RunTime:-1.539088s ]
INFO: Run WriteHtmlCache Behavior [ RunTime:-1.540088s ]
INFO: Run ShowRuntime Behavior [ RunTime:-1.540088s ]
INFO: [ view_filter ] --END-- [ RunTime:0.003000s ]
INFO: [ view_end ] --START--
INFO: Run ShowPageTrace Behavior [ RunTime:-1.541088s ]
INFO: [ view_end ] --END-- [ RunTime:0.001000s ]

[ 2017-09-21T16:17:39+08:00 ] 0.0.0.0 /Rose/index.php?g=Wap&m=VendingWeixin&a=weixin_consume&openid=odOIPv4WtdWt9ebczeYuYByhYr_0&device_code=A352425021222040
INFO: [ app_begin ] --START--
INFO: Run ReadHtmlCache Behavior [ RunTime:0.001000s ]
INFO: [ app_begin ] --END-- [ RunTime:0.001000s ]
SQL: SHOW COLUMNS FROM `goods_consume_rec` [ RunTime:0.016001s ]
SQL: SELECT gw.consume_account,gw.command_status,gw.create_date,gs.name FROM goods_consume_rec gw left join goods_shop as gs on gs.id=gw.shop_id WHERE ( gw.type = '1' ) AND ( gw.wechat_alipay_id = 'odOIPv4WtdWt9ebczeYuYByhYr_0' ) AND ( gw.is_close = '0' ) AND ( gw.del_flag = '0' ) ORDER BY gw.create_date desc LIMIT 30   [ RunTime:0.001000s ]
INFO: [ view_template ] --START--
INFO: Run LocationTemplate Behavior [ RunTime:-1.495086s ]
INFO: [ view_template ] --END-- [ RunTime:0.018001s ]
INFO: [ view_parse ] --START--
INFO: Run ParseTemplate Behavior [ RunTime:-1.513087s ]
INFO: [ view_parse ] --END-- [ RunTime:0.023001s ]
INFO: [ view_filter ] --START--
INFO: Run ContentReplace Behavior [ RunTime:-1.536088s ]
INFO: Run TokenBuild Behavior [ RunTime:-1.537088s ]
INFO: Run WriteHtmlCache Behavior [ RunTime:-1.540088s ]
INFO: Run ShowRuntime Behavior [ RunTime:-1.541088s ]
INFO: [ view_filter ] --END-- [ RunTime:0.006000s ]
INFO: [ view_end ] --START--
INFO: Run ShowPageTrace Behavior [ RunTime:-1.542088s ]
INFO: [ view_end ] --END-- [ RunTime:0.001000s ]

[ 2017-09-21T16:18:09+08:00 ] 0.0.0.0 /Rose/index.php?g=Wap&m=VendingAlipay&a=balance_recharge&buyer_id=2088802658990276&device_code=A352425021222040&owner_id=2017091315_7D29AF66AE2DBB98A0718A6D9B90FCE1&count=0
INFO: [ app_begin ] --START--
INFO: Run ReadHtmlCache Behavior [ RunTime:0.001001s ]
INFO: [ app_begin ] --END-- [ RunTime:0.001001s ]
SQL: SHOW COLUMNS FROM `goods_rose` [ RunTime:0.009001s ]
NOTIC: [8] Undefined variable: openid D:\phpStudy\WWW\Rose\Lib\Action\Wap\VendingAlipayAction.class.php 第 71 行.
SQL: SELECT SUM(account) AS tp_sum FROM `goods_rose` WHERE ( `wechat_alipay_id` = null ) AND ( `status` = '1' ) AND ( `is_close` = '0' ) AND ( `del_flag` = '0' ) AND ( `type` = '1' ) LIMIT 1   [ RunTime:0.001000s ]
SQL: SHOW COLUMNS FROM `goods_rose_consume_rec` [ RunTime:0.015001s ]
NOTIC: [8] Undefined variable: openid D:\phpStudy\WWW\Rose\Lib\Action\Wap\VendingAlipayAction.class.php 第 74 行.
SQL: SELECT SUM(consume_account) AS tp_sum FROM `goods_rose_consume_rec` WHERE ( `type` = '1' ) AND ( `wechat_alipay_id` = null ) AND ( `command_status` IN ('1','2') ) AND ( `is_close` = '0' ) AND ( `del_flag` = '0' ) LIMIT 1   [ RunTime:0.000000s ]
SQL: SHOW COLUMNS FROM `goods_vending` [ RunTime:0.011000s ]
SQL: SELECT `pay_price` FROM `goods_vending` WHERE ( `del_flag` = '0' ) AND ( `device_code` = 'A352425021222040' ) LIMIT 1   [ RunTime:0.001000s ]
INFO: [ view_template ] --START--
INFO: Run LocationTemplate Behavior [ RunTime:-1.537087s ]
INFO: [ view_template ] --END-- [ RunTime:0.002001s ]
INFO: [ view_parse ] --START--
INFO: Run ParseTemplate Behavior [ RunTime:-1.539088s ]
INFO: [ view_parse ] --END-- [ RunTime:0.015000s ]
INFO: [ view_filter ] --START--
INFO: Run ContentReplace Behavior [ RunTime:-1.555088s ]
INFO: Run TokenBuild Behavior [ RunTime:-1.555088s ]
INFO: Run WriteHtmlCache Behavior [ RunTime:-1.556089s ]
INFO: Run ShowRuntime Behavior [ RunTime:-1.557089s ]
INFO: [ view_filter ] --END-- [ RunTime:0.003001s ]
INFO: [ view_end ] --START--
INFO: Run ShowPageTrace Behavior [ RunTime:-1.558089s ]
INFO: [ view_end ] --END-- [ RunTime:0.001000s ]

[ 2017-09-21T16:18:11+08:00 ] 0.0.0.0 /Rose/index.php?g=Wap&m=VendingAlipay&a=alipay_consume&buyer_id=2088802658990276&device_code=A352425021222040
INFO: [ app_begin ] --START--
INFO: Run ReadHtmlCache Behavior [ RunTime:0.001000s ]
INFO: [ app_begin ] --END-- [ RunTime:0.001000s ]
SQL: SHOW COLUMNS FROM `goods_consume_rec` [ RunTime:0.018001s ]
SQL: SELECT * FROM `goods_consume_rec` WHERE ( `type` = '2' ) AND ( `wechat_alipay_id` = '2088802658990276' ) AND ( `is_close` = '0' ) AND ( `del_flag` = '0' ) ORDER BY create_date desc LIMIT 30   [ RunTime:0.001000s ]
INFO: [ view_template ] --START--
INFO: Run LocationTemplate Behavior [ RunTime:-1.505086s ]
INFO: [ view_template ] --END-- [ RunTime:0.002000s ]
INFO: [ view_parse ] --START--
INFO: Run ParseTemplate Behavior [ RunTime:-1.507086s ]
INFO: [ view_parse ] --END-- [ RunTime:0.014001s ]
INFO: [ view_filter ] --START--
INFO: Run ContentReplace Behavior [ RunTime:-1.521087s ]
INFO: Run TokenBuild Behavior [ RunTime:-1.522087s ]
INFO: Run WriteHtmlCache Behavior [ RunTime:-1.523087s ]
INFO: Run ShowRuntime Behavior [ RunTime:-1.523087s ]
INFO: [ view_filter ] --END-- [ RunTime:0.003000s ]
INFO: [ view_end ] --START--
INFO: Run ShowPageTrace Behavior [ RunTime:-1.524087s ]
INFO: [ view_end ] --END-- [ RunTime:0.001000s ]

[ 2017-09-21T16:19:16+08:00 ] 0.0.0.0 /Rose/index.php?g=Wap&m=VendingWeixin&a=weixin_consume&openid=odOIPv4WtdWt9ebczeYuYByhYr_0&device_code=A352425021222040
INFO: [ app_begin ] --START--
INFO: Run ReadHtmlCache Behavior [ RunTime:0.001001s ]
INFO: [ app_begin ] --END-- [ RunTime:0.001001s ]
SQL: SHOW COLUMNS FROM `goods_consume_rec` [ RunTime:0.009001s ]
SQL: SELECT gw.consume_account,gw.command_status,gw.create_date,gs.name FROM goods_consume_rec gw left join goods_shop as gs on gs.id=gw.shop_id WHERE ( gw.type = '1' ) AND ( gw.wechat_alipay_id = 'odOIPv4WtdWt9ebczeYuYByhYr_0' ) AND ( gw.is_close = '0' ) AND ( gw.del_flag = '0' ) ORDER BY gw.create_date desc LIMIT 30   [ RunTime:0.001000s ]
INFO: [ view_template ] --START--
INFO: Run LocationTemplate Behavior [ RunTime:-2.240128s ]
INFO: [ view_template ] --END-- [ RunTime:0.002000s ]
INFO: [ view_parse ] --START--
INFO: Run ParseTemplate Behavior [ RunTime:-2.242128s ]
INFO: [ view_parse ] --END-- [ RunTime:0.037002s ]
INFO: [ view_filter ] --START--
INFO: Run ContentReplace Behavior [ RunTime:-2.280130s ]
INFO: Run TokenBuild Behavior [ RunTime:-2.281130s ]
INFO: Run WriteHtmlCache Behavior [ RunTime:-2.282130s ]
INFO: Run ShowRuntime Behavior [ RunTime:-2.283130s ]
INFO: [ view_filter ] --END-- [ RunTime:0.004000s ]
INFO: [ view_end ] --START--
INFO: Run ShowPageTrace Behavior [ RunTime:-2.284130s ]
INFO: [ view_end ] --END-- [ RunTime:0.001000s ]

[ 2017-09-21T16:19:18+08:00 ] 0.0.0.0 /Rose/index.php?g=Wap&m=VendingAlipay&a=alipay_consume&buyer_id=2088802658990276&device_code=A352425021222040
INFO: [ app_begin ] --START--
INFO: Run ReadHtmlCache Behavior [ RunTime:0.001000s ]
INFO: [ app_begin ] --END-- [ RunTime:0.001000s ]
SQL: SHOW COLUMNS FROM `goods_consume_rec` [ RunTime:0.014001s ]
SQL: SELECT * FROM `goods_consume_rec` WHERE ( `type` = '2' ) AND ( `wechat_alipay_id` = '2088802658990276' ) AND ( `is_close` = '0' ) AND ( `del_flag` = '0' ) ORDER BY create_date desc LIMIT 30   [ RunTime:0.001000s ]
INFO: [ view_template ] --START--
INFO: Run LocationTemplate Behavior [ RunTime:-3.069175s ]
INFO: [ view_template ] --END-- [ RunTime:0.001000s ]
INFO: [ view_parse ] --START--
NOTIC: [8] Undefined variable: openid D:\phpStudy\WWW\Rose\logs\Cache\Wap\4d40f8fe47bd1d4fb72b698f24876fac.php 第 43 行.
INFO: Run ParseTemplate Behavior [ RunTime:-3.070175s ]
INFO: [ view_parse ] --END-- [ RunTime:0.014001s ]
INFO: [ view_filter ] --START--
INFO: Run ContentReplace Behavior [ RunTime:-3.084176s ]
INFO: Run TokenBuild Behavior [ RunTime:-3.085176s ]
INFO: Run WriteHtmlCache Behavior [ RunTime:-3.087176s ]
INFO: Run ShowRuntime Behavior [ RunTime:-3.087176s ]
INFO: [ view_filter ] --END-- [ RunTime:0.005000s ]
INFO: [ view_end ] --START--
INFO: Run ShowPageTrace Behavior [ RunTime:-3.089176s ]
INFO: [ view_end ] --END-- [ RunTime:0.001001s ]

[ 2017-09-21T16:20:22+08:00 ] 0.0.0.0 /Rose/index.php?g=Wap&m=VendingAlipay&a=alipay_consume&buyer_id=2088802658990276&device_code=A352425021222040
INFO: [ app_begin ] --START--
INFO: Run ReadHtmlCache Behavior [ RunTime:0.000000s ]
INFO: [ app_begin ] --END-- [ RunTime:0.000000s ]
SQL: SHOW COLUMNS FROM `goods_consume_rec` [ RunTime:0.012001s ]
SQL: SELECT * FROM `goods_consume_rec` WHERE ( `type` = '2' ) AND ( `wechat_alipay_id` = '2088802658990276' ) AND ( `is_close` = '0' ) AND ( `del_flag` = '0' ) ORDER BY create_date desc LIMIT 30   [ RunTime:0.001000s ]
INFO: [ view_template ] --START--
INFO: Run LocationTemplate Behavior [ RunTime:-2.349135s ]
INFO: [ view_template ] --END-- [ RunTime:0.002000s ]
INFO: [ view_parse ] --START--
NOTIC: [8] Undefined variable: openid D:\phpStudy\WWW\Rose\logs\Cache\Wap\4d40f8fe47bd1d4fb72b698f24876fac.php 第 43 行.
INFO: Run ParseTemplate Behavior [ RunTime:-2.351135s ]
INFO: [ view_parse ] --END-- [ RunTime:0.016001s ]
INFO: [ view_filter ] --START--
INFO: Run ContentReplace Behavior [ RunTime:-2.367136s ]
INFO: Run TokenBuild Behavior [ RunTime:-2.367136s ]
INFO: Run WriteHtmlCache Behavior [ RunTime:-2.368136s ]
INFO: Run ShowRuntime Behavior [ RunTime:-2.369136s ]
INFO: [ view_filter ] --END-- [ RunTime:0.002000s ]
INFO: [ view_end ] --START--
INFO: Run ShowPageTrace Behavior [ RunTime:-2.370136s ]
INFO: [ view_end ] --END-- [ RunTime:0.000000s ]

[ 2017-09-21T16:20:40+08:00 ] 0.0.0.0 /Rose/index.php?g=Wap&m=VendingAlipay&a=alipay_consume&buyer_id=2088802658990276&device_code=A352425021222040
INFO: [ app_begin ] --START--
INFO: Run ReadHtmlCache Behavior [ RunTime:0.001000s ]
INFO: [ app_begin ] --END-- [ RunTime:0.001000s ]
SQL: SHOW COLUMNS FROM `goods_consume_rec` [ RunTime:0.016001s ]
SQL: SELECT * FROM `goods_consume_rec` WHERE ( `type` = '2' ) AND ( `wechat_alipay_id` = '2088802658990276' ) AND ( `is_close` = '0' ) AND ( `del_flag` = '0' ) ORDER BY create_date desc LIMIT 30   [ RunTime:0.001000s ]
INFO: [ view_template ] --START--
INFO: Run LocationTemplate Behavior [ RunTime:-2.098120s ]
INFO: [ view_template ] --END-- [ RunTime:0.002001s ]
INFO: [ view_parse ] --START--
NOTIC: [8] Undefined variable: openid D:\phpStudy\WWW\Rose\logs\Cache\Wap\4d40f8fe47bd1d4fb72b698f24876fac.php 第 43 行.
INFO: Run ParseTemplate Behavior [ RunTime:-2.100121s ]
INFO: [ view_parse ] --END-- [ RunTime:0.015000s ]
INFO: [ view_filter ] --START--
INFO: Run ContentReplace Behavior [ RunTime:-2.115121s ]
INFO: Run TokenBuild Behavior [ RunTime:-2.115121s ]
INFO: Run WriteHtmlCache Behavior [ RunTime:-2.116121s ]
INFO: Run ShowRuntime Behavior [ RunTime:-2.117122s ]
INFO: [ view_filter ] --END-- [ RunTime:0.002001s ]
INFO: [ view_end ] --START--
INFO: Run ShowPageTrace Behavior [ RunTime:-2.117122s ]
INFO: [ view_end ] --END-- [ RunTime:0.001000s ]

[ 2017-09-21T16:21:55+08:00 ] 0.0.0.0 /Rose/index.php?g=Wap&m=VendingAlipay&a=alipay_consume&buyer_id=2088802658990276&device_code=A352425021222040
INFO: [ app_begin ] --START--
INFO: Run ReadHtmlCache Behavior [ RunTime:0.000000s ]
INFO: [ app_begin ] --END-- [ RunTime:0.000000s ]
SQL: SHOW COLUMNS FROM `goods_consume_rec` [ RunTime:0.017001s ]
SQL: SELECT * FROM `goods_consume_rec` WHERE ( `type` = '2' ) AND ( `wechat_alipay_id` = '2088802658990276' ) AND ( `is_close` = '0' ) AND ( `del_flag` = '0' ) ORDER BY create_date desc LIMIT 30   [ RunTime:0.001000s ]
INFO: [ view_template ] --START--
INFO: Run LocationTemplate Behavior [ RunTime:-1.708098s ]
INFO: [ view_template ] --END-- [ RunTime:0.002000s ]
INFO: [ view_parse ] --START--
NOTIC: [8] Undefined variable: openid D:\phpStudy\WWW\Rose\logs\Cache\Wap\4d40f8fe47bd1d4fb72b698f24876fac.php 第 43 行.
INFO: Run ParseTemplate Behavior [ RunTime:-1.710098s ]
INFO: [ view_parse ] --END-- [ RunTime:0.015001s ]
INFO: [ view_filter ] --START--
INFO: Run ContentReplace Behavior [ RunTime:-1.725099s ]
INFO: Run TokenBuild Behavior [ RunTime:-1.725099s ]
INFO: Run WriteHtmlCache Behavior [ RunTime:-1.726099s ]
INFO: Run ShowRuntime Behavior [ RunTime:-1.727099s ]
INFO: [ view_filter ] --END-- [ RunTime:0.003000s ]
INFO: [ view_end ] --START--
INFO: Run ShowPageTrace Behavior [ RunTime:-1.728099s ]
INFO: [ view_end ] --END-- [ RunTime:0.001000s ]

[ 2017-09-21T16:22:24+08:00 ] 0.0.0.0 /Rose/index.php?g=Wap&m=VendingAlipay&a=alipay_consume&buyer_id=2088802658990276&device_code=A352425021222040
INFO: [ app_begin ] --START--
INFO: Run ReadHtmlCache Behavior [ RunTime:0.001000s ]
INFO: [ app_begin ] --END-- [ RunTime:0.001000s ]
SQL: SHOW COLUMNS FROM `goods_consume_rec` [ RunTime:0.012001s ]
SQL: SELECT * FROM `goods_consume_rec` WHERE ( `type` = '2' ) AND ( `wechat_alipay_id` = '2088802658990276' ) AND ( `is_close` = '0' ) AND ( `del_flag` = '0' ) ORDER BY create_date desc LIMIT 30   [ RunTime:0.001000s ]
INFO: [ view_template ] --START--
INFO: Run LocationTemplate Behavior [ RunTime:-1.661095s ]
INFO: [ view_template ] --END-- [ RunTime:0.003000s ]
INFO: [ view_parse ] --START--
NOTIC: [8] Undefined variable: openid D:\phpStudy\WWW\Rose\logs\Cache\Wap\4d40f8fe47bd1d4fb72b698f24876fac.php 第 43 行.
INFO: Run ParseTemplate Behavior [ RunTime:-1.664095s ]
INFO: [ view_parse ] --END-- [ RunTime:0.013001s ]
INFO: [ view_filter ] --START--
INFO: Run ContentReplace Behavior [ RunTime:-1.677096s ]
INFO: Run TokenBuild Behavior [ RunTime:-1.678096s ]
INFO: Run WriteHtmlCache Behavior [ RunTime:-1.679096s ]
INFO: Run ShowRuntime Behavior [ RunTime:-1.679096s ]
INFO: [ view_filter ] --END-- [ RunTime:0.003000s ]
INFO: [ view_end ] --START--
INFO: Run ShowPageTrace Behavior [ RunTime:-1.680096s ]
INFO: [ view_end ] --END-- [ RunTime:0.001000s ]

[ 2017-09-21T16:23:35+08:00 ] 0.0.0.0 /Rose/index.php?g=Wap&m=VendingAlipay&a=alipay_consume&buyer_id=2088802658990276&device_code=A352425021222040
INFO: [ app_begin ] --START--
INFO: Run ReadHtmlCache Behavior [ RunTime:0.003000s ]
INFO: [ app_begin ] --END-- [ RunTime:0.003000s ]
SQL: SHOW COLUMNS FROM `goods_consume_rec` [ RunTime:0.022001s ]
SQL: SELECT * FROM `goods_consume_rec` WHERE ( `type` = '2' ) AND ( `wechat_alipay_id` = '2088802658990276' ) AND ( `is_close` = '0' ) AND ( `del_flag` = '0' ) ORDER BY create_date desc LIMIT 30   [ RunTime:0.001000s ]
INFO: [ view_template ] --START--
INFO: Run LocationTemplate Behavior [ RunTime:-1.669096s ]
INFO: [ view_template ] --END-- [ RunTime:0.002000s ]
INFO: [ view_parse ] --START--
NOTIC: [8] Undefined variable: openid D:\phpStudy\WWW\Rose\logs\Cache\Wap\4d40f8fe47bd1d4fb72b698f24876fac.php 第 43 行.
INFO: Run ParseTemplate Behavior [ RunTime:-1.671096s ]
INFO: [ view_parse ] --END-- [ RunTime:0.014001s ]
INFO: [ view_filter ] --START--
INFO: Run ContentReplace Behavior [ RunTime:-1.685097s ]
INFO: Run TokenBuild Behavior [ RunTime:-1.685097s ]
INFO: Run WriteHtmlCache Behavior [ RunTime:-1.687097s ]
INFO: Run ShowRuntime Behavior [ RunTime:-1.687097s ]
INFO: [ view_filter ] --END-- [ RunTime:0.003000s ]
INFO: [ view_end ] --START--
INFO: Run ShowPageTrace Behavior [ RunTime:-1.688097s ]
INFO: [ view_end ] --END-- [ RunTime:0.001000s ]

[ 2017-09-21T16:23:43+08:00 ] 0.0.0.0 /Rose/index.php?g=Wap&m=VendingAlipay&a=alipay_pay&buyer_id=2088802658990276&device_code=A352425021222040
INFO: [ app_begin ] --START--
INFO: Run ReadHtmlCache Behavior [ RunTime:0.003000s ]
INFO: [ app_begin ] --END-- [ RunTime:0.003000s ]
SQL: SHOW COLUMNS FROM `goods_weixin_alipay_pay_rec` [ RunTime:0.015001s ]
SQL: SELECT * FROM `goods_weixin_alipay_pay_rec` WHERE ( `wechat_alipay_id` = '2088802658990276' ) AND ( `is_close` = '0' ) AND ( `del_flag` = '0' ) AND ( `type` = '2' ) ORDER BY create_date desc LIMIT 30   [ RunTime:0.001000s ]
INFO: [ view_template ] --START--
INFO: Run LocationTemplate Behavior [ RunTime:-1.480085s ]
INFO: [ view_template ] --END-- [ RunTime:0.001000s ]
INFO: [ view_parse ] --START--
INFO: Run ParseTemplate Behavior [ RunTime:-1.481085s ]
INFO: [ view_parse ] --END-- [ RunTime:0.015001s ]
INFO: [ view_filter ] --START--
INFO: Run ContentReplace Behavior [ RunTime:-1.496086s ]
INFO: Run TokenBuild Behavior [ RunTime:-1.496086s ]
INFO: Run WriteHtmlCache Behavior [ RunTime:-1.497086s ]
INFO: Run ShowRuntime Behavior [ RunTime:-1.498086s ]
INFO: [ view_filter ] --END-- [ RunTime:0.003000s ]
INFO: [ view_end ] --START--
INFO: Run ShowPageTrace Behavior [ RunTime:-1.499086s ]
INFO: [ view_end ] --END-- [ RunTime:0.001000s ]

[ 2017-09-21T16:23:47+08:00 ] 0.0.0.0 /Rose/index.php?g=Wap&m=VendingWeixin&a=weixin_pay&openid=odOIPv4WtdWt9ebczeYuYByhYr_0&device_code=A352425021222040
INFO: [ app_begin ] --START--
INFO: Run ReadHtmlCache Behavior [ RunTime:0.001000s ]
INFO: [ app_begin ] --END-- [ RunTime:0.001000s ]
SQL: SHOW COLUMNS FROM `goods_weixin_alipay_pay_rec` [ RunTime:0.010000s ]
SQL: SELECT * FROM `goods_weixin_alipay_pay_rec` WHERE ( `wechat_alipay_id` = 'odOIPv4WtdWt9ebczeYuYByhYr_0' ) AND ( `is_close` = '0' ) AND ( `del_flag` = '0' ) AND ( `type` = '1' ) ORDER BY create_date desc LIMIT 30   [ RunTime:0.000000s ]
INFO: [ view_template ] --START--
INFO: Run LocationTemplate Behavior [ RunTime:-1.476084s ]
INFO: [ view_template ] --END-- [ RunTime:0.001000s ]
INFO: [ view_parse ] --START--
INFO: Run ParseTemplate Behavior [ RunTime:-1.477084s ]
INFO: [ view_parse ] --END-- [ RunTime:0.014001s ]
INFO: [ view_filter ] --START--
INFO: Run ContentReplace Behavior [ RunTime:-1.491085s ]
INFO: Run TokenBuild Behavior [ RunTime:-1.492085s ]
INFO: Run WriteHtmlCache Behavior [ RunTime:-1.492085s ]
INFO: Run ShowRuntime Behavior [ RunTime:-1.493085s ]
INFO: [ view_filter ] --END-- [ RunTime:0.003000s ]
INFO: [ view_end ] --START--
INFO: Run ShowPageTrace Behavior [ RunTime:-1.494085s ]
INFO: [ view_end ] --END-- [ RunTime:0.001000s ]

[ 2017-09-21T16:24:52+08:00 ] 0.0.0.0 /Rose/index.php?g=Wap&m=VendingAlipay&a=alipay_pay&buyer_id=2088802658990276&device_code=A352425021222040
INFO: [ app_begin ] --START--
INFO: Run ReadHtmlCache Behavior [ RunTime:0.001000s ]
INFO: [ app_begin ] --END-- [ RunTime:0.001000s ]
SQL: SHOW COLUMNS FROM `goods_weixin_alipay_pay_rec` [ RunTime:0.018001s ]
SQL: SELECT * FROM `goods_weixin_alipay_pay_rec` WHERE ( `wechat_alipay_id` = '2088802658990276' ) AND ( `is_close` = '0' ) AND ( `del_flag` = '0' ) AND ( `type` = '2' ) ORDER BY create_date desc LIMIT 30   [ RunTime:0.001000s ]
INFO: [ view_template ] --START--
INFO: Run LocationTemplate Behavior [ RunTime:-1.603091s ]
INFO: [ view_template ] --END-- [ RunTime:0.002000s ]
INFO: [ view_parse ] --START--
NOTIC: [8] Undefined variable: openid D:\phpStudy\WWW\Rose\logs\Cache\Wap\3d3c4d228db031628536886d85e39301.php 第 39 行.
INFO: Run ParseTemplate Behavior [ RunTime:-1.605091s ]
INFO: [ view_parse ] --END-- [ RunTime:0.014001s ]
INFO: [ view_filter ] --START--
INFO: Run ContentReplace Behavior [ RunTime:-1.619092s ]
INFO: Run TokenBuild Behavior [ RunTime:-1.620092s ]
INFO: Run WriteHtmlCache Behavior [ RunTime:-1.621092s ]
INFO: Run ShowRuntime Behavior [ RunTime:-1.622092s ]
INFO: [ view_filter ] --END-- [ RunTime:0.004001s ]
INFO: [ view_end ] --START--
INFO: Run ShowPageTrace Behavior [ RunTime:-1.623093s ]
INFO: [ view_end ] --END-- [ RunTime:0.001000s ]

[ 2017-09-21T16:25:13+08:00 ] 0.0.0.0 /Rose/index.php?g=Wap&m=VendingAlipay&a=alipay_pay&buyer_id=2088802658990276&device_code=A352425021222040
INFO: [ app_begin ] --START--
INFO: Run ReadHtmlCache Behavior [ RunTime:0.000000s ]
INFO: [ app_begin ] --END-- [ RunTime:0.001000s ]
SQL: SHOW COLUMNS FROM `goods_weixin_alipay_pay_rec` [ RunTime:0.011001s ]
SQL: SELECT * FROM `goods_weixin_alipay_pay_rec` WHERE ( `wechat_alipay_id` = '2088802658990276' ) AND ( `is_close` = '0' ) AND ( `del_flag` = '0' ) AND ( `type` = '2' ) ORDER BY create_date desc LIMIT 30   [ RunTime:0.000000s ]
INFO: [ view_template ] --START--
INFO: Run LocationTemplate Behavior [ RunTime:-1.781102s ]
INFO: [ view_template ] --END-- [ RunTime:0.003000s ]
INFO: [ view_parse ] --START--
NOTIC: [8] Undefined variable: openid D:\phpStudy\WWW\Rose\logs\Cache\Wap\3d3c4d228db031628536886d85e39301.php 第 39 行.
INFO: Run ParseTemplate Behavior [ RunTime:-1.784102s ]
INFO: [ view_parse ] --END-- [ RunTime:0.014001s ]
INFO: [ view_filter ] --START--
INFO: Run ContentReplace Behavior [ RunTime:-1.798103s ]
INFO: Run TokenBuild Behavior [ RunTime:-1.799103s ]
INFO: Run WriteHtmlCache Behavior [ RunTime:-1.800103s ]
INFO: Run ShowRuntime Behavior [ RunTime:-1.801103s ]
INFO: [ view_filter ] --END-- [ RunTime:0.003000s ]
INFO: [ view_end ] --START--
INFO: Run ShowPageTrace Behavior [ RunTime:-1.801103s ]
INFO: [ view_end ] --END-- [ RunTime:0.001000s ]

[ 2017-09-21T16:25:26+08:00 ] 0.0.0.0 /Rose/index.php?g=Wap&m=VendingAlipay&a=alipay_pay&buyer_id=2088802658990276&device_code=A352425021222040
INFO: [ app_begin ] --START--
INFO: Run ReadHtmlCache Behavior [ RunTime:0.001000s ]
INFO: [ app_begin ] --END-- [ RunTime:0.001000s ]
SQL: SHOW COLUMNS FROM `goods_weixin_alipay_pay_rec` [ RunTime:0.009001s ]
SQL: SELECT * FROM `goods_weixin_alipay_pay_rec` WHERE ( `wechat_alipay_id` = '2088802658990276' ) AND ( `is_close` = '0' ) AND ( `del_flag` = '0' ) AND ( `type` = '2' ) ORDER BY create_date desc LIMIT 30   [ RunTime:0.000000s ]
INFO: [ view_template ] --START--
INFO: Run LocationTemplate Behavior [ RunTime:-1.721099s ]
INFO: [ view_template ] --END-- [ RunTime:0.001000s ]
INFO: [ view_parse ] --START--
NOTIC: [8] Undefined variable: openid D:\phpStudy\WWW\Rose\logs\Cache\Wap\3d3c4d228db031628536886d85e39301.php 第 39 行.
INFO: Run ParseTemplate Behavior [ RunTime:-1.723099s ]
INFO: [ view_parse ] --END-- [ RunTime:0.014001s ]
INFO: [ view_filter ] --START--
INFO: Run ContentReplace Behavior [ RunTime:-1.736100s ]
INFO: Run TokenBuild Behavior [ RunTime:-1.737100s ]
INFO: Run WriteHtmlCache Behavior [ RunTime:-1.738100s ]
INFO: Run ShowRuntime Behavior [ RunTime:-1.738100s ]
INFO: [ view_filter ] --END-- [ RunTime:0.004000s ]
INFO: [ view_end ] --START--
INFO: Run ShowPageTrace Behavior [ RunTime:-1.740100s ]
INFO: [ view_end ] --END-- [ RunTime:0.001000s ]

[ 2017-09-21T16:25:34+08:00 ] 0.0.0.0 /Rose/index.php?g=Wap&m=VendingAlipay&a=alipay_pay&buyer_id=2088802658990276&device_code=A352425021222040
INFO: [ app_begin ] --START--
INFO: Run ReadHtmlCache Behavior [ RunTime:0.001000s ]
INFO: [ app_begin ] --END-- [ RunTime:0.001000s ]
SQL: SHOW COLUMNS FROM `goods_weixin_alipay_pay_rec` [ RunTime:0.013001s ]
SQL: SELECT * FROM `goods_weixin_alipay_pay_rec` WHERE ( `wechat_alipay_id` = '2088802658990276' ) AND ( `is_close` = '0' ) AND ( `del_flag` = '0' ) AND ( `type` = '2' ) ORDER BY create_date desc LIMIT 30   [ RunTime:0.000000s ]
INFO: [ view_template ] --START--
INFO: Run LocationTemplate Behavior [ RunTime:-1.817104s ]
INFO: [ view_template ] --END-- [ RunTime:0.003000s ]
INFO: [ view_parse ] --START--
NOTIC: [8] Undefined variable: openid D:\phpStudy\WWW\Rose\logs\Cache\Wap\3d3c4d228db031628536886d85e39301.php 第 39 行.
INFO: Run ParseTemplate Behavior [ RunTime:-1.820104s ]
INFO: [ view_parse ] --END-- [ RunTime:0.014001s ]
INFO: [ view_filter ] --START--
INFO: Run ContentReplace Behavior [ RunTime:-1.834105s ]
INFO: Run TokenBuild Behavior [ RunTime:-1.835105s ]
INFO: Run WriteHtmlCache Behavior [ RunTime:-1.836105s ]
INFO: Run ShowRuntime Behavior [ RunTime:-1.837105s ]
INFO: [ view_filter ] --END-- [ RunTime:0.003000s ]
INFO: [ view_end ] --START--
INFO: Run ShowPageTrace Behavior [ RunTime:-1.837105s ]
INFO: [ view_end ] --END-- [ RunTime:0.001000s ]

[ 2017-09-21T16:25:38+08:00 ] 0.0.0.0 /Rose/index.php?g=Wap&m=VendingAlipay&a=alipay_consume&buyer_id=2088802658990276&device_code=A352425021222040
INFO: [ app_begin ] --START--
INFO: Run ReadHtmlCache Behavior [ RunTime:0.001000s ]
INFO: [ app_begin ] --END-- [ RunTime:0.001000s ]
SQL: SHOW COLUMNS FROM `goods_consume_rec` [ RunTime:0.014001s ]
SQL: SELECT * FROM `goods_consume_rec` WHERE ( `type` = '2' ) AND ( `wechat_alipay_id` = '2088802658990276' ) AND ( `is_close` = '0' ) AND ( `del_flag` = '0' ) ORDER BY create_date desc LIMIT 30   [ RunTime:0.000000s ]
INFO: [ view_template ] --START--
INFO: Run LocationTemplate Behavior [ RunTime:-1.526087s ]
INFO: [ view_template ] --END-- [ RunTime:0.001000s ]
INFO: [ view_parse ] --START--
NOTIC: [8] Undefined variable: openid D:\phpStudy\WWW\Rose\logs\Cache\Wap\4d40f8fe47bd1d4fb72b698f24876fac.php 第 43 行.
INFO: Run ParseTemplate Behavior [ RunTime:-1.527087s ]
INFO: [ view_parse ] --END-- [ RunTime:0.014001s ]
INFO: [ view_filter ] --START--
INFO: Run ContentReplace Behavior [ RunTime:-1.541088s ]
INFO: Run TokenBuild Behavior [ RunTime:-1.542088s ]
INFO: Run WriteHtmlCache Behavior [ RunTime:-1.543088s ]
INFO: Run ShowRuntime Behavior [ RunTime:-1.543088s ]
INFO: [ view_filter ] --END-- [ RunTime:0.003000s ]
INFO: [ view_end ] --START--
INFO: Run ShowPageTrace Behavior [ RunTime:-1.544088s ]
INFO: [ view_end ] --END-- [ RunTime:0.001000s ]

[ 2017-09-21T16:25:39+08:00 ] ERR: (ThinkException) 非法操作:rose_pay
[ 2017-09-21T16:28:56+08:00 ] 0.0.0.0 /Rose/index.php?g=Wap&m=VendingAlipay&a=alipay_consume&buyer_id=2088802658990276&device_code=A352425021222040
INFO: [ app_begin ] --START--
INFO: Run ReadHtmlCache Behavior [ RunTime:0.001000s ]
INFO: [ app_begin ] --END-- [ RunTime:0.001000s ]
SQL: SHOW COLUMNS FROM `goods_consume_rec` [ RunTime:0.021001s ]
SQL: SELECT * FROM `goods_consume_rec` WHERE ( `type` = '2' ) AND ( `wechat_alipay_id` = '2088802658990276' ) AND ( `is_close` = '0' ) AND ( `del_flag` = '0' ) ORDER BY create_date desc LIMIT 30   [ RunTime:0.001000s ]
INFO: [ view_template ] --START--
INFO: Run LocationTemplate Behavior [ RunTime:-1.522087s ]
INFO: [ view_template ] --END-- [ RunTime:0.002000s ]
INFO: [ view_parse ] --START--
NOTIC: [8] Undefined variable: openid D:\phpStudy\WWW\Rose\logs\Cache\Wap\4d40f8fe47bd1d4fb72b698f24876fac.php 第 43 行.
INFO: Run ParseTemplate Behavior [ RunTime:-1.524087s ]
INFO: [ view_parse ] --END-- [ RunTime:0.017001s ]
INFO: [ view_filter ] --START--
INFO: Run ContentReplace Behavior [ RunTime:-1.541088s ]
INFO: Run TokenBuild Behavior [ RunTime:-1.541088s ]
INFO: Run WriteHtmlCache Behavior [ RunTime:-1.542088s ]
INFO: Run ShowRuntime Behavior [ RunTime:-1.543088s ]
INFO: [ view_filter ] --END-- [ RunTime:0.002000s ]
INFO: [ view_end ] --START--
INFO: Run ShowPageTrace Behavior [ RunTime:-1.544088s ]
INFO: [ view_end ] --END-- [ RunTime:0.000000s ]

[ 2017-09-21T16:29:23+08:00 ] 0.0.0.0 /Rose/index.php?g=Wap&m=VendingAlipay&a=alipay_consume&buyer_id=2088802658990276&device_code=A352425021222040
INFO: [ app_begin ] --START--
INFO: Run ReadHtmlCache Behavior [ RunTime:0.002000s ]
INFO: [ app_begin ] --END-- [ RunTime:0.002000s ]
SQL: SHOW COLUMNS FROM `goods_consume_rec` [ RunTime:0.010001s ]
SQL: SELECT * FROM `goods_consume_rec` WHERE ( `type` = '2' ) AND ( `wechat_alipay_id` = '2088802658990276' ) AND ( `is_close` = '0' ) AND ( `del_flag` = '0' ) ORDER BY create_date desc LIMIT 30   [ RunTime:0.001000s ]
INFO: [ view_template ] --START--
INFO: Run LocationTemplate Behavior [ RunTime:-1.653095s ]
INFO: [ view_template ] --END-- [ RunTime:0.002000s ]
INFO: [ view_parse ] --START--
INFO: Run ParseTemplate Behavior [ RunTime:-1.655095s ]
INFO: [ view_parse ] --END-- [ RunTime:0.014001s ]
INFO: [ view_filter ] --START--
INFO: Run ContentReplace Behavior [ RunTime:-1.669096s ]
INFO: Run TokenBuild Behavior [ RunTime:-1.670096s ]
INFO: Run WriteHtmlCache Behavior [ RunTime:-1.671096s ]
INFO: Run ShowRuntime Behavior [ RunTime:-1.672096s ]
INFO: [ view_filter ] --END-- [ RunTime:0.004000s ]
INFO: [ view_end ] --START--
INFO: Run ShowPageTrace Behavior [ RunTime:-1.673096s ]
INFO: [ view_end ] --END-- [ RunTime:0.001000s ]

[ 2017-09-21T16:29:26+08:00 ] 0.0.0.0 /Rose/index.php?g=Wap&m=VendingAlipay&a=rose_pay&buyer_id=2088802658990276&device_code=A352425021222040
INFO: [ app_begin ] --START--
INFO: Run ReadHtmlCache Behavior [ RunTime:0.001000s ]
INFO: [ app_begin ] --END-- [ RunTime:0.001000s ]
SQL: SHOW COLUMNS FROM `goods_rose` [ RunTime:0.010001s ]
SQL: SELECT * FROM `goods_rose` WHERE ( `wechat_alipay_id` = '2088802658990276' ) AND ( `is_close` = '0' ) AND ( `del_flag` = '0' ) AND ( `type` = '2' ) ORDER BY create_date desc LIMIT 30   [ RunTime:0.001000s ]
INFO: [ view_template ] --START--
INFO: Run LocationTemplate Behavior [ RunTime:-1.508087s ]
INFO: [ view_template ] --END-- [ RunTime:0.002000s ]
INFO: [ view_parse ] --START--
INFO: Run ParseTemplate Behavior [ RunTime:-1.510087s ]
INFO: [ view_parse ] --END-- [ RunTime:0.014001s ]
INFO: [ view_filter ] --START--
INFO: Run ContentReplace Behavior [ RunTime:-1.524088s ]
INFO: Run TokenBuild Behavior [ RunTime:-1.525088s ]
INFO: Run WriteHtmlCache Behavior [ RunTime:-1.526088s ]
INFO: Run ShowRuntime Behavior [ RunTime:-1.527088s ]
INFO: [ view_filter ] --END-- [ RunTime:0.004000s ]
INFO: [ view_end ] --START--
INFO: Run ShowPageTrace Behavior [ RunTime:-1.528088s ]
INFO: [ view_end ] --END-- [ RunTime:0.001000s ]

[ 2017-09-21T16:29:32+08:00 ] 0.0.0.0 /Rose/index.php?g=Wap&m=VendingAlipay&a=rose_consume&buyer_id=2088802658990276&device_code=A352425021222040
INFO: [ app_begin ] --START--
INFO: Run ReadHtmlCache Behavior [ RunTime:0.001000s ]
INFO: [ app_begin ] --END-- [ RunTime:0.001000s ]
SQL: SHOW COLUMNS FROM `goods_rose_consume_rec` [ RunTime:0.008000s ]
SQL: SELECT gw.consume_account,gw.command_status,gw.create_date,gs.name FROM goods_rose_consume_rec gw left join goods_shop as gs on gs.id=gw.shop_id WHERE ( gw.type = '2' ) AND ( gw.wechat_alipay_id = '2088802658990276' ) AND ( gw.is_close = '0' ) AND ( gw.del_flag = '0' ) ORDER BY gw.create_date desc LIMIT 30   [ RunTime:0.001000s ]
INFO: [ view_template ] --START--
INFO: Run LocationTemplate Behavior [ RunTime:-1.475084s ]
INFO: [ view_template ] --END-- [ RunTime:0.001000s ]
INFO: [ view_parse ] --START--
INFO: Run ParseTemplate Behavior [ RunTime:-1.476084s ]
INFO: [ view_parse ] --END-- [ RunTime:0.024002s ]
INFO: [ view_filter ] --START--
INFO: Run ContentReplace Behavior [ RunTime:-1.500086s ]
INFO: Run TokenBuild Behavior [ RunTime:-1.501086s ]
INFO: Run WriteHtmlCache Behavior [ RunTime:-1.502086s ]
INFO: Run ShowRuntime Behavior [ RunTime:-1.502086s ]
INFO: [ view_filter ] --END-- [ RunTime:0.003000s ]
INFO: [ view_end ] --START--
INFO: Run ShowPageTrace Behavior [ RunTime:-1.503086s ]
INFO: [ view_end ] --END-- [ RunTime:0.002000s ]

[ 2017-09-21T16:29:35+08:00 ] 0.0.0.0 /Rose/index.php?g=Wap&m=VendingAlipay&a=rose_pay&buyer_id=2088802658990276&device_code=A352425021222040
INFO: [ app_begin ] --START--
INFO: Run ReadHtmlCache Behavior [ RunTime:0.000000s ]
INFO: [ app_begin ] --END-- [ RunTime:0.001000s ]
SQL: SHOW COLUMNS FROM `goods_rose` [ RunTime:0.013001s ]
SQL: SELECT * FROM `goods_rose` WHERE ( `wechat_alipay_id` = '2088802658990276' ) AND ( `is_close` = '0' ) AND ( `del_flag` = '0' ) AND ( `type` = '2' ) ORDER BY create_date desc LIMIT 30   [ RunTime:0.000000s ]
INFO: [ view_template ] --START--
INFO: Run LocationTemplate Behavior [ RunTime:-1.512087s ]
INFO: [ view_template ] --END-- [ RunTime:0.001000s ]
INFO: [ view_parse ] --START--
INFO: Run ParseTemplate Behavior [ RunTime:-1.513087s ]
INFO: [ view_parse ] --END-- [ RunTime:0.013000s ]
INFO: [ view_filter ] --START--
INFO: Run ContentReplace Behavior [ RunTime:-1.526087s ]
INFO: Run TokenBuild Behavior [ RunTime:-1.527087s ]
INFO: Run WriteHtmlCache Behavior [ RunTime:-1.528088s ]
INFO: Run ShowRuntime Behavior [ RunTime:-1.528088s ]
INFO: [ view_filter ] --END-- [ RunTime:0.003001s ]
INFO: [ view_end ] --START--
INFO: Run ShowPageTrace Behavior [ RunTime:-1.529088s ]
INFO: [ view_end ] --END-- [ RunTime:0.001000s ]

[ 2017-09-21T16:29:36+08:00 ] 0.0.0.0 /Rose/index.php?g=Wap&m=VendingAlipay&a=rose_pay&buyer_id=2088802658990276&device_code=A352425021222040
INFO: [ app_begin ] --START--
INFO: Run ReadHtmlCache Behavior [ RunTime:0.001000s ]
INFO: [ app_begin ] --END-- [ RunTime:0.001000s ]
SQL: SHOW COLUMNS FROM `goods_rose` [ RunTime:0.010001s ]
SQL: SELECT * FROM `goods_rose` WHERE ( `wechat_alipay_id` = '2088802658990276' ) AND ( `is_close` = '0' ) AND ( `del_flag` = '0' ) AND ( `type` = '2' ) ORDER BY create_date desc LIMIT 30   [ RunTime:0.002000s ]
INFO: [ view_template ] --START--
INFO: Run LocationTemplate Behavior [ RunTime:-1.842105s ]
INFO: [ view_template ] --END-- [ RunTime:0.002000s ]
INFO: [ view_parse ] --START--
INFO: Run ParseTemplate Behavior [ RunTime:-1.844105s ]
INFO: [ view_parse ] --END-- [ RunTime:0.013001s ]
INFO: [ view_filter ] --START--
INFO: Run ContentReplace Behavior [ RunTime:-1.857106s ]
INFO: Run TokenBuild Behavior [ RunTime:-1.858106s ]
INFO: Run WriteHtmlCache Behavior [ RunTime:-1.859106s ]
INFO: Run ShowRuntime Behavior [ RunTime:-1.860106s ]
INFO: [ view_filter ] --END-- [ RunTime:0.004000s ]
INFO: [ view_end ] --START--
INFO: Run ShowPageTrace Behavior [ RunTime:-1.861106s ]
INFO: [ view_end ] --END-- [ RunTime:0.001000s ]

[ 2017-09-21T17:37:06+08:00 ] 0.0.0.0 /Rose/index.php?g=Wap&m=VendingWeixin&a=weixin_consume&openid=odOIPv4WtdWt9ebczeYuYByhYr_0&device_code=A352425021222040
INFO: [ app_begin ] --START--
INFO: Run ReadHtmlCache Behavior [ RunTime:0.039002s ]
INFO: [ app_begin ] --END-- [ RunTime:0.042003s ]
SQL: SHOW COLUMNS FROM `goods_consume_rec` [ RunTime:0.304017s ]
SQL: SELECT gw.consume_account,gw.command_status,gw.create_date,gs.name FROM goods_consume_rec gw left join goods_shop as gs on gs.id=gw.shop_id WHERE ( gw.type = '1' ) AND ( gw.wechat_alipay_id = 'odOIPv4WtdWt9ebczeYuYByhYr_0' ) AND ( gw.is_close = '0' ) AND ( gw.del_flag = '0' ) ORDER BY gw.create_date desc LIMIT 30   [ RunTime:0.296017s ]
INFO: [ view_template ] --START--
INFO: Run LocationTemplate Behavior [ RunTime:-3.801218s ]
INFO: [ view_template ] --END-- [ RunTime:0.014001s ]
INFO: [ view_parse ] --START--
INFO: Run ParseTemplate Behavior [ RunTime:-3.815219s ]
INFO: [ view_parse ] --END-- [ RunTime:0.165009s ]
INFO: [ view_filter ] --START--
INFO: Run ContentReplace Behavior [ RunTime:-3.980228s ]
INFO: Run TokenBuild Behavior [ RunTime:-3.981228s ]
INFO: Run WriteHtmlCache Behavior [ RunTime:-3.982228s ]
INFO: Run ShowRuntime Behavior [ RunTime:-3.983228s ]
INFO: [ view_filter ] --END-- [ RunTime:0.005000s ]
INFO: [ view_end ] --START--
INFO: Run ShowPageTrace Behavior [ RunTime:-3.985228s ]
INFO: [ view_end ] --END-- [ RunTime:0.002001s ]

