[ 2017-09-06T15:12:51+08:00 ] 0.0.0.0 /Rose/index.php?g=Wap&m=Rose2Personal&a=index&openid=odOIPv5RJwDqO94UaCbpKQvdjhLE
INFO: [ app_begin ] --START--
INFO: Run ReadHtmlCache Behavior [ RunTime:0.003000s ]
INFO: [ app_begin ] --END-- [ RunTime:0.028002s ]
NOTIC: [8] A session had already been started - ignoring session_start() D:\phpStudy\WWW\Rose\Lib\Action\Wap\Rose2BaseAction.class.php 第 2 行.
SQL: SHOW COLUMNS FROM `sys_user` [ RunTime:0.080004s ]
SQL: SELECT * FROM `sys_user` WHERE ( `del_flag` = 0 ) AND ( `openid` = 'odOIPv-HhPTlLGh2fbbAQINEv8Ak' ) LIMIT 1   [ RunTime:0.042002s ]
NOTIC: [8] Trying to get property of non-object D:\phpStudy\WWW\Rose\Core\Extend\Vendor\weixin\jssdk.php 第 75 行.
NOTIC: [8] Trying to get property of non-object D:\phpStudy\WWW\Rose\Core\Extend\Vendor\weixin\jssdk.php 第 53 行.
SQL: SHOW COLUMNS FROM `weixin_userinfo` [ RunTime:0.013001s ]
SQL: SELECT * FROM `weixin_userinfo` WHERE ( `del_flag` = 0 ) AND ( `from_username` = 'odOIPv-HhPTlLGh2fbbAQINEv8Ak' ) LIMIT 1   [ RunTime:0.337019s ]
SQL: SELECT count(*) as adv
            FROM
                `device_info` di
            LEFT JOIN adv_uservisit_rec pwi ON pwi.di_id = di.id
            LEFT JOIN adv_weixin_info awi ON awi.id = pwi.adv_id
            WHERE
                pwi.status = 2
            and pwi.del_flag=0
            and pwi.transfer_status = 0
			and awi.status=1
			and awi.del_flag=0
            AND di.office_id = '4e3915c4322745a0b26c265e9f8c7e2d'
            AND di.del_flag = 0 [ RunTime:0.251014s ]
SQL: SELECT sum(pwi.consume_account) as count
            FROM
                `device_info` di
            LEFT JOIN device_consume_rec pwi ON pwi.di_id = di.id
            WHERE
                pwi.command_status = 2
            and pwi.del_flag=0
            and pwi.type in(1,3,5,9,11,13,15,17)
			and pwi.transfer_status = 0
			and pwi.consume_status = 1
            AND pwi.create_by = '2017060114_F3D7369C9EC0A54EF4CC194F955C2048'
            AND di.del_flag = 0 [ RunTime:3.579204s ]
SQL: SELECT sum(pwi.consume_account) as alipay
            FROM
                `device_info` di
            LEFT JOIN device_consume_rec pwi ON pwi.di_id = di.id
            WHERE
                pwi.command_status = 2
            and pwi.del_flag=0
            and pwi.type in(2,4,6,10,12,14,16,18)
			and pwi.transfer_status = 0
			and pwi.consume_status = 1
            AND pwi.create_by = '2017060114_F3D7369C9EC0A54EF4CC194F955C2048'
            AND di.del_flag = 0 [ RunTime:0.183011s ]
SQL: SELECT sum(pwi.consume_account) as anm_weixin
            FROM
                `device_info` di
            LEFT JOIN device_consume_rec pwi ON pwi.di_id = di.id
            WHERE
                pwi.command_status = 2
            and pwi.del_flag=0
            and pwi.type=3
			and pwi.transfer_status = 0
            AND di.office_id = '4e3915c4322745a0b26c265e9f8c7e2d'
            AND di.del_flag = 0 [ RunTime:0.144008s ]
SQL: SELECT sum(pwi.consume_account) as anm_alipay
            FROM
                `device_info` di
            LEFT JOIN device_consume_rec pwi ON pwi.di_id = di.id
            WHERE
                pwi.command_status = 2
            and pwi.del_flag=0
            and pwi.type=4
			and pwi.transfer_status = 0
            AND di.office_id = '4e3915c4322745a0b26c265e9f8c7e2d'
            AND di.del_flag = 0 [ RunTime:0.148008s ]
SQL: SHOW COLUMNS FROM `device_info` [ RunTime:0.008001s ]
SQL: SELECT sum(dw.LOC_OP) c from (SELECT * from (SELECT dr.* FROM `device_info` LEFT JOIN device_record
 dr on dr.dev_id=device_info.device_command WHERE ( device_info.del_flag = 0 )
 AND ( device_info.office_id = '4e3915c4322745a0b26c265e9f8c7e2d' ) ORDER BY dr.LOC_OP desc)
 da GROUP BY da.dev_id ORDER BY da.LOC_OP desc) dw [ RunTime:0.325019s ]
SQL: SELECT * FROM `sys_user` WHERE ( `del_flag` = 0 ) AND ( `openid` = 'odOIPv-HhPTlLGh2fbbAQINEv8Ak' ) LIMIT 1   [ RunTime:0.001000s ]
SQL: UPDATE `sys_user` SET `totals`=46 WHERE ( `del_flag` = 0 ) AND ( `id` = '2017060114_F3D7369C9EC0A54EF4CC194F955C2048' ) [ RunTime:0.249014s ]
SQL: SELECT SUM(totals-consume) AS tp_sum FROM `sys_user` WHERE ( `del_flag` = 0 ) AND ( `openid` = 'odOIPv-HhPTlLGh2fbbAQINEv8Ak' ) LIMIT 1   [ RunTime:0.029002s ]
INFO: [ view_template ] --START--
INFO: Run LocationTemplate Behavior [ RunTime:-7.995458s ]
INFO: [ view_template ] --END-- [ RunTime:0.020001s ]
INFO: [ view_parse ] --START--
INFO: Run ParseTemplate Behavior [ RunTime:-8.015459s ]
INFO: [ view_parse ] --END-- [ RunTime:0.113006s ]
INFO: [ view_filter ] --START--
INFO: Run ContentReplace Behavior [ RunTime:-8.129465s ]
INFO: Run TokenBuild Behavior [ RunTime:-8.130465s ]
INFO: Run WriteHtmlCache Behavior [ RunTime:-8.131465s ]
INFO: Run ShowRuntime Behavior [ RunTime:-8.132465s ]
INFO: [ view_filter ] --END-- [ RunTime:0.004000s ]
INFO: [ view_end ] --START--
INFO: Run ShowPageTrace Behavior [ RunTime:-8.143466s ]
INFO: [ view_end ] --END-- [ RunTime:0.002000s ]

[ 2017-09-06T15:12:57+08:00 ] 0.0.0.0 /Rose/index.php?g=Wap&m=Rose2Orderflow&a=index&openid=odOIPv-HhPTlLGh2fbbAQINEv8Ak
INFO: [ app_begin ] --START--
INFO: Run ReadHtmlCache Behavior [ RunTime:0.001000s ]
INFO: [ app_begin ] --END-- [ RunTime:0.001000s ]
NOTIC: [8] A session had already been started - ignoring session_start() D:\phpStudy\WWW\Rose\Lib\Action\Wap\Rose2BaseAction.class.php 第 2 行.
SQL: SHOW COLUMNS FROM `sys_user` [ RunTime:0.021001s ]
SQL: SELECT * FROM `sys_user` WHERE ( `del_flag` = 0 ) AND ( `openid` = 'odOIPv-HhPTlLGh2fbbAQINEv8Ak' ) LIMIT 1   [ RunTime:0.001000s ]
NOTIC: [8] Trying to get property of non-object D:\phpStudy\WWW\Rose\Core\Extend\Vendor\weixin\jssdk.php 第 75 行.
NOTIC: [8] Trying to get property of non-object D:\phpStudy\WWW\Rose\Core\Extend\Vendor\weixin\jssdk.php 第 53 行.
SQL: SHOW COLUMNS FROM `weixin_userinfo` [ RunTime:0.016001s ]
SQL: SELECT * FROM `weixin_userinfo` WHERE ( `del_flag` = 0 ) AND ( `from_username` = 'odOIPv-HhPTlLGh2fbbAQINEv8Ak' ) LIMIT 1   [ RunTime:0.008000s ]
SQL: SHOW COLUMNS FROM `device_consume_rec` [ RunTime:0.013001s ]
SQL: SELECT dgi.group_name,dcr.deivce_command,sum(dcr.consume_account) count,dgi.id FROM device_consume_rec dcr LEFT JOIN device_relation_group drg ON drg.di_id = dcr.di_id LEFT JOIN device_info di ON di.id = drg.di_id LEFT JOIN deivce_group_info dgi ON dgi.id = drg.dgi_id WHERE ( di.office_id = '4e3915c4322745a0b26c265e9f8c7e2d' ) AND ( di.del_flag = 0 ) AND ( dgi.office_id = '4e3915c4322745a0b26c265e9f8c7e2d' ) AND ( dcr.consume_status = 1 ) AND ( dcr.command_status = 2 ) AND ( dcr.create_by = '2017060114_F3D7369C9EC0A54EF4CC194F955C2048' ) AND ( drg.status = 1 ) AND ( drg.del_flag = 0 ) AND ( drg.create_by = '4e3915c4322745a0b26c265e9f8c7e2d' ) AND ( dgi.del_flag = 0 ) AND ( dcr.create_date >= '2017-09-06 00:00:00' ) GROUP BY dgi.group_name ORDER BY dcr.create_date DESC LIMIT 10   [ RunTime:0.242014s ]
INFO: [ view_template ] --START--
INFO: Run LocationTemplate Behavior [ RunTime:-1.528088s ]
INFO: [ view_template ] --END-- [ RunTime:0.017001s ]
INFO: [ view_parse ] --START--
INFO: Run ParseTemplate Behavior [ RunTime:-1.545089s ]
INFO: [ view_parse ] --END-- [ RunTime:0.039002s ]
INFO: [ view_filter ] --START--
INFO: Run ContentReplace Behavior [ RunTime:-1.584091s ]
INFO: Run TokenBuild Behavior [ RunTime:-1.585091s ]
INFO: Run WriteHtmlCache Behavior [ RunTime:-1.586091s ]
INFO: Run ShowRuntime Behavior [ RunTime:-1.586091s ]
INFO: [ view_filter ] --END-- [ RunTime:0.003000s ]
INFO: [ view_end ] --START--
INFO: Run ShowPageTrace Behavior [ RunTime:-1.587091s ]
INFO: [ view_end ] --END-- [ RunTime:0.001000s ]

[ 2017-09-06T15:13:13+08:00 ] 0.0.0.0 /Rose/index.php?g=Wap&m=Rose2OrderflowMonth&a=index&openid=odOIPv-HhPTlLGh2fbbAQINEv8Ak
INFO: [ app_begin ] --START--
INFO: Run ReadHtmlCache Behavior [ RunTime:0.001000s ]
INFO: [ app_begin ] --END-- [ RunTime:0.001000s ]
NOTIC: [8] A session had already been started - ignoring session_start() D:\phpStudy\WWW\Rose\Lib\Action\Wap\Rose2BaseAction.class.php 第 2 行.
SQL: SHOW COLUMNS FROM `sys_user` [ RunTime:0.021001s ]
SQL: SELECT * FROM `sys_user` WHERE ( `del_flag` = 0 ) AND ( `openid` = 'odOIPv-HhPTlLGh2fbbAQINEv8Ak' ) LIMIT 1   [ RunTime:0.001000s ]
NOTIC: [8] Trying to get property of non-object D:\phpStudy\WWW\Rose\Core\Extend\Vendor\weixin\jssdk.php 第 75 行.
NOTIC: [8] Trying to get property of non-object D:\phpStudy\WWW\Rose\Core\Extend\Vendor\weixin\jssdk.php 第 53 行.
SQL: SHOW COLUMNS FROM `weixin_userinfo` [ RunTime:0.021001s ]
SQL: SELECT * FROM `weixin_userinfo` WHERE ( `del_flag` = 0 ) AND ( `from_username` = 'odOIPv-HhPTlLGh2fbbAQINEv8Ak' ) LIMIT 1   [ RunTime:0.009001s ]
SQL: SHOW COLUMNS FROM `device_consume_rec` [ RunTime:0.013001s ]
SQL: SELECT year(dcr.create_date) year,sum(dcr.consume_account) count,month(dcr.create_date) month FROM device_consume_rec dcr LEFT JOIN device_relation_group drg ON drg.di_id = dcr.di_id LEFT JOIN device_info di ON di.id = drg.di_id LEFT JOIN deivce_group_info dgi ON dgi.id = drg.dgi_id WHERE ( di.office_id = '4e3915c4322745a0b26c265e9f8c7e2d' ) AND ( di.del_flag = 0 ) AND ( dgi.office_id = '4e3915c4322745a0b26c265e9f8c7e2d' ) AND ( dcr.consume_status = 1 ) AND ( dcr.command_status = 2 ) AND ( dcr.create_by = '2017060114_F3D7369C9EC0A54EF4CC194F955C2048' ) AND ( drg.status = 1 ) AND ( drg.del_flag = 0 ) AND ( drg.create_by = '4e3915c4322745a0b26c265e9f8c7e2d' ) AND ( dgi.del_flag = 0 ) GROUP BY year(dcr.create_date),month(dcr.create_date) ORDER BY dcr.create_date DESC LIMIT 10   [ RunTime:0.227013s ]
INFO: [ view_template ] --START--
INFO: Run LocationTemplate Behavior [ RunTime:-1.508086s ]
INFO: [ view_template ] --END-- [ RunTime:0.009000s ]
INFO: [ view_parse ] --START--
INFO: Run ParseTemplate Behavior [ RunTime:-1.517086s ]
INFO: [ view_parse ] --END-- [ RunTime:0.030002s ]
INFO: [ view_filter ] --START--
INFO: Run ContentReplace Behavior [ RunTime:-1.547088s ]
INFO: Run TokenBuild Behavior [ RunTime:-1.548088s ]
INFO: Run WriteHtmlCache Behavior [ RunTime:-1.548088s ]
INFO: Run ShowRuntime Behavior [ RunTime:-1.549088s ]
INFO: [ view_filter ] --END-- [ RunTime:0.002000s ]
INFO: [ view_end ] --START--
INFO: Run ShowPageTrace Behavior [ RunTime:-1.550088s ]
INFO: [ view_end ] --END-- [ RunTime:0.000000s ]

[ 2017-09-06T15:16:24+08:00 ] 0.0.0.0 /Rose/index.php?g=Wap&m=Rose2OrderflowMonth&a=index&openid=odOIPv4WtdWt9ebczeYuYByhYr_0
INFO: [ app_begin ] --START--
INFO: Run ReadHtmlCache Behavior [ RunTime:0.000000s ]
INFO: [ app_begin ] --END-- [ RunTime:0.000000s ]
NOTIC: [8] A session had already been started - ignoring session_start() D:\phpStudy\WWW\Rose\Lib\Action\Wap\Rose2BaseAction.class.php 第 2 行.
SQL: SHOW COLUMNS FROM `sys_user` [ RunTime:0.020002s ]
SQL: SELECT * FROM `sys_user` WHERE ( `del_flag` = 0 ) AND ( `openid` = 'odOIPv4WtdWt9ebczeYuYByhYr_0' ) LIMIT 1   [ RunTime:0.001000s ]
NOTIC: [8] Trying to get property of non-object D:\phpStudy\WWW\Rose\Core\Extend\Vendor\weixin\jssdk.php 第 75 行.
NOTIC: [8] Trying to get property of non-object D:\phpStudy\WWW\Rose\Core\Extend\Vendor\weixin\jssdk.php 第 53 行.
SQL: SHOW COLUMNS FROM `weixin_userinfo` [ RunTime:0.013001s ]
SQL: SELECT * FROM `weixin_userinfo` WHERE ( `del_flag` = 0 ) AND ( `from_username` = 'odOIPv4WtdWt9ebczeYuYByhYr_0' ) LIMIT 1   [ RunTime:0.003000s ]
SQL: SHOW COLUMNS FROM `device_consume_rec` [ RunTime:0.011001s ]
SQL: SELECT year(dcr.create_date) year,sum(dcr.consume_account) count,month(dcr.create_date) month FROM device_consume_rec dcr LEFT JOIN device_relation_group drg ON drg.di_id = dcr.di_id LEFT JOIN device_info di ON di.id = drg.di_id LEFT JOIN deivce_group_info dgi ON dgi.id = drg.dgi_id WHERE ( di.office_id = '2017030716_6BDA47092DB42A856AA52C2F26C808D6' ) AND ( di.del_flag = 0 ) AND ( dgi.office_id = '2017030716_6BDA47092DB42A856AA52C2F26C808D6' ) AND ( dcr.consume_status = 1 ) AND ( dcr.command_status = 2 ) AND ( dcr.create_by = '2017030716_447B2A753E1709D698E21C32DECDBA77' ) AND ( drg.status = 1 ) AND ( drg.del_flag = 0 ) AND ( drg.create_by = '2017030716_6BDA47092DB42A856AA52C2F26C808D6' ) AND ( dgi.del_flag = 0 ) GROUP BY year(dcr.create_date),month(dcr.create_date) ORDER BY dcr.create_date DESC LIMIT 10   [ RunTime:0.731042s ]
INFO: [ view_template ] --START--
INFO: Run LocationTemplate Behavior [ RunTime:-1.969113s ]
INFO: [ view_template ] --END-- [ RunTime:0.002000s ]
INFO: [ view_parse ] --START--
INFO: Run ParseTemplate Behavior [ RunTime:-1.971113s ]
INFO: [ view_parse ] --END-- [ RunTime:0.013001s ]
INFO: [ view_filter ] --START--
INFO: Run ContentReplace Behavior [ RunTime:-1.984114s ]
INFO: Run TokenBuild Behavior [ RunTime:-1.985114s ]
INFO: Run WriteHtmlCache Behavior [ RunTime:-1.985114s ]
INFO: Run ShowRuntime Behavior [ RunTime:-1.986114s ]
INFO: [ view_filter ] --END-- [ RunTime:0.003000s ]
INFO: [ view_end ] --START--
INFO: Run ShowPageTrace Behavior [ RunTime:-1.987114s ]
INFO: [ view_end ] --END-- [ RunTime:0.001000s ]

[ 2017-09-06T15:18:56+08:00 ] 0.0.0.0 /Rose/index.php?g=Wap&m=Rose2OrderflowMonth&a=index&openid=odOIPv4WtdWt9ebczeYuYByhYr_0
INFO: [ app_begin ] --START--
INFO: Run ReadHtmlCache Behavior [ RunTime:0.001000s ]
INFO: [ app_begin ] --END-- [ RunTime:0.001000s ]
NOTIC: [8] A session had already been started - ignoring session_start() D:\phpStudy\WWW\Rose\Lib\Action\Wap\Rose2BaseAction.class.php 第 2 行.
SQL: SHOW COLUMNS FROM `sys_user` [ RunTime:0.019001s ]
SQL: SELECT * FROM `sys_user` WHERE ( `del_flag` = 0 ) AND ( `openid` = 'odOIPv4WtdWt9ebczeYuYByhYr_0' ) LIMIT 1   [ RunTime:0.032002s ]
NOTIC: [8] Trying to get property of non-object D:\phpStudy\WWW\Rose\Core\Extend\Vendor\weixin\jssdk.php 第 75 行.
NOTIC: [8] Trying to get property of non-object D:\phpStudy\WWW\Rose\Core\Extend\Vendor\weixin\jssdk.php 第 53 行.
SQL: SHOW COLUMNS FROM `weixin_userinfo` [ RunTime:0.021001s ]
SQL: SELECT * FROM `weixin_userinfo` WHERE ( `del_flag` = 0 ) AND ( `from_username` = 'odOIPv4WtdWt9ebczeYuYByhYr_0' ) LIMIT 1   [ RunTime:0.029002s ]
SQL: SHOW COLUMNS FROM `device_consume_rec` [ RunTime:0.022001s ]
SQL: SELECT year(dcr.create_date) year,sum(dcr.consume_account) count,month(dcr.create_date) month FROM device_consume_rec dcr LEFT JOIN device_relation_group drg ON drg.di_id = dcr.di_id LEFT JOIN device_info di ON di.id = drg.di_id LEFT JOIN deivce_group_info dgi ON dgi.id = drg.dgi_id WHERE ( di.office_id = '2017030716_6BDA47092DB42A856AA52C2F26C808D6' ) AND ( di.del_flag = 0 ) AND ( dgi.office_id = '2017030716_6BDA47092DB42A856AA52C2F26C808D6' ) AND ( dcr.consume_status = 1 ) AND ( dcr.command_status = 2 ) AND ( dcr.create_by = '2017030716_447B2A753E1709D698E21C32DECDBA77' ) AND ( drg.status = 1 ) AND ( drg.del_flag = 0 ) AND ( drg.create_by = '2017030716_6BDA47092DB42A856AA52C2F26C808D6' ) AND ( dgi.del_flag = 0 ) GROUP BY year(dcr.create_date),month(dcr.create_date) ORDER BY dcr.create_date DESC LIMIT 10   [ RunTime:0.738043s ]
INFO: [ view_template ] --START--
INFO: Run LocationTemplate Behavior [ RunTime:-2.055118s ]
INFO: [ view_template ] --END-- [ RunTime:0.002000s ]
INFO: [ view_parse ] --START--
INFO: Run ParseTemplate Behavior [ RunTime:-2.057118s ]
INFO: [ view_parse ] --END-- [ RunTime:0.015001s ]
INFO: [ view_filter ] --START--
INFO: Run ContentReplace Behavior [ RunTime:-2.072119s ]
INFO: Run TokenBuild Behavior [ RunTime:-2.073119s ]
INFO: Run WriteHtmlCache Behavior [ RunTime:-2.074119s ]
INFO: Run ShowRuntime Behavior [ RunTime:-2.074119s ]
INFO: [ view_filter ] --END-- [ RunTime:0.003000s ]
INFO: [ view_end ] --START--
INFO: Run ShowPageTrace Behavior [ RunTime:-2.086119s ]
INFO: [ view_end ] --END-- [ RunTime:0.002000s ]

[ 2017-09-06T15:20:04+08:00 ] 0.0.0.0 /Rose/index.php?g=Wap&m=Rose2OrderflowMonth&a=index&openid=odOIPv4WtdWt9ebczeYuYByhYr_0
INFO: [ app_begin ] --START--
INFO: Run ReadHtmlCache Behavior [ RunTime:0.001000s ]
INFO: [ app_begin ] --END-- [ RunTime:0.001000s ]
NOTIC: [8] A session had already been started - ignoring session_start() D:\phpStudy\WWW\Rose\Lib\Action\Wap\Rose2BaseAction.class.php 第 2 行.
SQL: SHOW COLUMNS FROM `sys_user` [ RunTime:0.024001s ]
SQL: SELECT * FROM `sys_user` WHERE ( `del_flag` = 0 ) AND ( `openid` = 'odOIPv4WtdWt9ebczeYuYByhYr_0' ) LIMIT 1   [ RunTime:0.001000s ]
NOTIC: [8] Trying to get property of non-object D:\phpStudy\WWW\Rose\Core\Extend\Vendor\weixin\jssdk.php 第 75 行.
NOTIC: [8] Trying to get property of non-object D:\phpStudy\WWW\Rose\Core\Extend\Vendor\weixin\jssdk.php 第 53 行.
SQL: SHOW COLUMNS FROM `weixin_userinfo` [ RunTime:0.021001s ]
SQL: SELECT * FROM `weixin_userinfo` WHERE ( `del_flag` = 0 ) AND ( `from_username` = 'odOIPv4WtdWt9ebczeYuYByhYr_0' ) LIMIT 1   [ RunTime:0.005001s ]
SQL: SHOW COLUMNS FROM `device_consume_rec` [ RunTime:0.016000s ]
SQL: SELECT year(dcr.create_date) year,sum(dcr.consume_account) count,month(dcr.create_date) month FROM device_consume_rec dcr LEFT JOIN device_relation_group drg ON drg.di_id = dcr.di_id LEFT JOIN device_info di ON di.id = drg.di_id LEFT JOIN deivce_group_info dgi ON dgi.id = drg.dgi_id WHERE ( di.office_id = '2017030716_6BDA47092DB42A856AA52C2F26C808D6' ) AND ( di.del_flag = 0 ) AND ( dgi.office_id = '2017030716_6BDA47092DB42A856AA52C2F26C808D6' ) AND ( dcr.consume_status = 1 ) AND ( dcr.command_status = 2 ) AND ( dcr.create_by = '2017030716_447B2A753E1709D698E21C32DECDBA77' ) AND ( drg.status = 1 ) AND ( drg.del_flag = 0 ) AND ( drg.create_by = '2017030716_6BDA47092DB42A856AA52C2F26C808D6' ) AND ( dgi.del_flag = 0 ) GROUP BY year(dcr.create_date),month(dcr.create_date) ORDER BY dcr.create_date DESC LIMIT 10   [ RunTime:0.706041s ]
INFO: [ view_template ] --START--
INFO: Run LocationTemplate Behavior [ RunTime:-1.973113s ]
INFO: [ view_template ] --END-- [ RunTime:0.001000s ]
INFO: [ view_parse ] --START--
INFO: Run ParseTemplate Behavior [ RunTime:-1.974113s ]
INFO: [ view_parse ] --END-- [ RunTime:0.013001s ]
INFO: [ view_filter ] --START--
INFO: Run ContentReplace Behavior [ RunTime:-1.987114s ]
INFO: Run TokenBuild Behavior [ RunTime:-1.988114s ]
INFO: Run WriteHtmlCache Behavior [ RunTime:-1.988114s ]
INFO: Run ShowRuntime Behavior [ RunTime:-1.989114s ]
INFO: [ view_filter ] --END-- [ RunTime:0.003000s ]
INFO: [ view_end ] --START--
INFO: Run ShowPageTrace Behavior [ RunTime:-1.990114s ]
INFO: [ view_end ] --END-- [ RunTime:0.000000s ]

[ 2017-09-06T15:22:04+08:00 ] 0.0.0.0 /Rose/index.php?g=Wap&m=Rose2OrderflowMonth&a=group_details_list&openid=odOIPv4WtdWt9ebczeYuYByhYr_0&month=8
INFO: [ app_begin ] --START--
INFO: Run ReadHtmlCache Behavior [ RunTime:0.001000s ]
INFO: [ app_begin ] --END-- [ RunTime:0.001000s ]
NOTIC: [8] A session had already been started - ignoring session_start() D:\phpStudy\WWW\Rose\Lib\Action\Wap\Rose2BaseAction.class.php 第 2 行.
SQL: SHOW COLUMNS FROM `sys_user` [ RunTime:0.020001s ]
SQL: SELECT * FROM `sys_user` WHERE ( `del_flag` = 0 ) AND ( `openid` = 'odOIPv4WtdWt9ebczeYuYByhYr_0' ) LIMIT 1   [ RunTime:0.001001s ]
NOTIC: [8] Trying to get property of non-object D:\phpStudy\WWW\Rose\Core\Extend\Vendor\weixin\jssdk.php 第 75 行.
NOTIC: [8] Trying to get property of non-object D:\phpStudy\WWW\Rose\Core\Extend\Vendor\weixin\jssdk.php 第 53 行.
SQL: SHOW COLUMNS FROM `weixin_userinfo` [ RunTime:0.021001s ]
SQL: SELECT * FROM `weixin_userinfo` WHERE ( `del_flag` = 0 ) AND ( `from_username` = 'odOIPv4WtdWt9ebczeYuYByhYr_0' ) LIMIT 1   [ RunTime:0.006001s ]
SQL: SHOW COLUMNS FROM `device_consume_rec` [ RunTime:0.018001s ]
SQL: SELECT dgi.group_name,sum(dcr.consume_account) count,dcr.create_date,dgi.id FROM device_consume_rec dcr LEFT JOIN device_relation_group drg ON drg.di_id = dcr.di_id LEFT JOIN device_info di ON di.id = drg.di_id LEFT JOIN deivce_group_info dgi ON dgi.id = drg.dgi_id WHERE ( di.office_id = '2017030716_6BDA47092DB42A856AA52C2F26C808D6' ) AND ( di.del_flag = 0 ) AND ( dgi.office_id = '2017030716_6BDA47092DB42A856AA52C2F26C808D6' ) AND ( dcr.consume_status = 1 ) AND ( dcr.command_status = 2 ) AND ( dcr.create_by = '2017030716_447B2A753E1709D698E21C32DECDBA77' ) AND ( drg.status = 1 ) AND ( drg.del_flag = 0 ) AND ( drg.create_by = '2017030716_6BDA47092DB42A856AA52C2F26C808D6' ) AND ( dgi.del_flag = 0 ) AND ( month(dcr.create_date) = '8' ) GROUP BY dgi.group_name ORDER BY dcr.create_date DESC LIMIT 10   [ RunTime:0.303017s ]
INFO: [ view_template ] --START--
INFO: Run LocationTemplate Behavior [ RunTime:-1.680096s ]
INFO: [ view_template ] --END-- [ RunTime:0.016001s ]
INFO: [ view_parse ] --START--
INFO: Run ParseTemplate Behavior [ RunTime:-1.696097s ]
INFO: [ view_parse ] --END-- [ RunTime:0.033002s ]
INFO: [ view_filter ] --START--
INFO: Run ContentReplace Behavior [ RunTime:-1.729099s ]
INFO: Run TokenBuild Behavior [ RunTime:-1.730099s ]
INFO: Run WriteHtmlCache Behavior [ RunTime:-1.731099s ]
INFO: Run ShowRuntime Behavior [ RunTime:-1.731099s ]
INFO: [ view_filter ] --END-- [ RunTime:0.003000s ]
INFO: [ view_end ] --START--
INFO: Run ShowPageTrace Behavior [ RunTime:-1.732099s ]
INFO: [ view_end ] --END-- [ RunTime:0.001000s ]

[ 2017-09-06T15:22:11+08:00 ] 0.0.0.0 /Rose/index.php?g=Wap&m=Rose2OrderflowMonth&a=month_group_device_deteil_id&openid=odOIPv4WtdWt9ebczeYuYByhYr_0&group_id=538e1aa351b5e8e14e92ddf24fa109e9&month=8
INFO: [ app_begin ] --START--
INFO: Run ReadHtmlCache Behavior [ RunTime:0.000000s ]
INFO: [ app_begin ] --END-- [ RunTime:0.000000s ]
NOTIC: [8] A session had already been started - ignoring session_start() D:\phpStudy\WWW\Rose\Lib\Action\Wap\Rose2BaseAction.class.php 第 2 行.
SQL: SHOW COLUMNS FROM `sys_user` [ RunTime:0.016001s ]
SQL: SELECT * FROM `sys_user` WHERE ( `del_flag` = 0 ) AND ( `openid` = 'odOIPv4WtdWt9ebczeYuYByhYr_0' ) LIMIT 1   [ RunTime:0.001000s ]
NOTIC: [8] Trying to get property of non-object D:\phpStudy\WWW\Rose\Core\Extend\Vendor\weixin\jssdk.php 第 75 行.
NOTIC: [8] Trying to get property of non-object D:\phpStudy\WWW\Rose\Core\Extend\Vendor\weixin\jssdk.php 第 53 行.
SQL: SHOW COLUMNS FROM `weixin_userinfo` [ RunTime:0.021001s ]
SQL: SELECT * FROM `weixin_userinfo` WHERE ( `del_flag` = 0 ) AND ( `from_username` = 'odOIPv4WtdWt9ebczeYuYByhYr_0' ) LIMIT 1   [ RunTime:0.005000s ]
SQL: SHOW COLUMNS FROM `device_consume_rec` [ RunTime:0.012001s ]
SQL: SELECT di.scan_code,dcr.create_date,sum(dcr.consume_account) consume_account,di.device_type,drg.group_word FROM device_consume_rec dcr LEFT JOIN device_relation_group drg ON drg.di_id = dcr.di_id LEFT JOIN device_info di ON di.id = drg.di_id LEFT JOIN deivce_group_info dgi ON dgi.id = drg.dgi_id WHERE ( di.office_id = '2017030716_6BDA47092DB42A856AA52C2F26C808D6' ) AND ( di.del_flag = 0 ) AND ( dgi.office_id = '2017030716_6BDA47092DB42A856AA52C2F26C808D6' ) AND ( dcr.consume_status = 1 ) AND ( dcr.command_status = 2 ) AND ( dcr.create_by = '2017030716_447B2A753E1709D698E21C32DECDBA77' ) AND ( drg.status = 1 ) AND ( drg.del_flag = 0 ) AND ( drg.create_by = '2017030716_6BDA47092DB42A856AA52C2F26C808D6' ) AND ( dgi.del_flag = 0 ) AND ( dgi.id = '538e1aa351b5e8e14e92ddf24fa109e9' ) AND ( month(dcr.create_date) = '8' ) GROUP BY dcr.create_date,dcr.cmd_uuid ORDER BY dcr.create_date DESC LIMIT 20   [ RunTime:0.298017s ]
INFO: [ view_template ] --START--
INFO: Run LocationTemplate Behavior [ RunTime:-1.521087s ]
INFO: [ view_template ] --END-- [ RunTime:0.008001s ]
INFO: [ view_parse ] --START--
INFO: Run ParseTemplate Behavior [ RunTime:-1.529088s ]
INFO: [ view_parse ] --END-- [ RunTime:0.018001s ]
INFO: [ view_filter ] --START--
INFO: Run ContentReplace Behavior [ RunTime:-1.547089s ]
INFO: Run TokenBuild Behavior [ RunTime:-1.548089s ]
INFO: Run WriteHtmlCache Behavior [ RunTime:-1.549089s ]
INFO: Run ShowRuntime Behavior [ RunTime:-1.549089s ]
INFO: [ view_filter ] --END-- [ RunTime:0.003000s ]
INFO: [ view_end ] --START--
INFO: Run ShowPageTrace Behavior [ RunTime:-1.550089s ]
INFO: [ view_end ] --END-- [ RunTime:0.001000s ]

[ 2017-09-06T15:22:27+08:00 ] 0.0.0.0 /Rose/index.php?g=Wap&m=Rose2OrderflowMonth&a=index&openid=odOIPv4WtdWt9ebczeYuYByhYr_0
INFO: [ app_begin ] --START--
INFO: Run ReadHtmlCache Behavior [ RunTime:0.001000s ]
INFO: [ app_begin ] --END-- [ RunTime:0.001000s ]
NOTIC: [8] A session had already been started - ignoring session_start() D:\phpStudy\WWW\Rose\Lib\Action\Wap\Rose2BaseAction.class.php 第 2 行.
SQL: SHOW COLUMNS FROM `sys_user` [ RunTime:0.021001s ]
SQL: SELECT * FROM `sys_user` WHERE ( `del_flag` = 0 ) AND ( `openid` = 'odOIPv4WtdWt9ebczeYuYByhYr_0' ) LIMIT 1   [ RunTime:0.001000s ]
NOTIC: [8] Trying to get property of non-object D:\phpStudy\WWW\Rose\Core\Extend\Vendor\weixin\jssdk.php 第 75 行.
NOTIC: [8] Trying to get property of non-object D:\phpStudy\WWW\Rose\Core\Extend\Vendor\weixin\jssdk.php 第 53 行.
SQL: SHOW COLUMNS FROM `weixin_userinfo` [ RunTime:0.019002s ]
SQL: SELECT * FROM `weixin_userinfo` WHERE ( `del_flag` = 0 ) AND ( `from_username` = 'odOIPv4WtdWt9ebczeYuYByhYr_0' ) LIMIT 1   [ RunTime:0.006000s ]
SQL: SHOW COLUMNS FROM `device_consume_rec` [ RunTime:0.015001s ]
SQL: SELECT year(dcr.create_date) year,sum(dcr.consume_account) count,month(dcr.create_date) month FROM device_consume_rec dcr LEFT JOIN device_relation_group drg ON drg.di_id = dcr.di_id LEFT JOIN device_info di ON di.id = drg.di_id LEFT JOIN deivce_group_info dgi ON dgi.id = drg.dgi_id WHERE ( di.office_id = '2017030716_6BDA47092DB42A856AA52C2F26C808D6' ) AND ( di.del_flag = 0 ) AND ( dgi.office_id = '2017030716_6BDA47092DB42A856AA52C2F26C808D6' ) AND ( dcr.consume_status = 1 ) AND ( dcr.command_status = 2 ) AND ( dcr.create_by = '2017030716_447B2A753E1709D698E21C32DECDBA77' ) AND ( drg.status = 1 ) AND ( drg.del_flag = 0 ) AND ( drg.create_by = '2017030716_6BDA47092DB42A856AA52C2F26C808D6' ) AND ( dgi.del_flag = 0 ) GROUP BY year(dcr.create_date),month(dcr.create_date) ORDER BY dcr.create_date DESC LIMIT 10   [ RunTime:0.708040s ]
INFO: [ view_template ] --START--
INFO: Run LocationTemplate Behavior [ RunTime:-1.951111s ]
INFO: [ view_template ] --END-- [ RunTime:0.001000s ]
INFO: [ view_parse ] --START--
INFO: Run ParseTemplate Behavior [ RunTime:-1.952111s ]
INFO: [ view_parse ] --END-- [ RunTime:0.013001s ]
INFO: [ view_filter ] --START--
INFO: Run ContentReplace Behavior [ RunTime:-1.965112s ]
INFO: Run TokenBuild Behavior [ RunTime:-1.966112s ]
INFO: Run WriteHtmlCache Behavior [ RunTime:-1.967112s ]
INFO: Run ShowRuntime Behavior [ RunTime:-1.967112s ]
INFO: [ view_filter ] --END-- [ RunTime:0.003000s ]
INFO: [ view_end ] --START--
INFO: Run ShowPageTrace Behavior [ RunTime:-1.968112s ]
INFO: [ view_end ] --END-- [ RunTime:0.001000s ]

[ 2017-09-06T15:30:06+08:00 ] 0.0.0.0 /Rose/index.php?g=Wap&m=Rose2Personal&a=index&openid=odOIPv-HhPTlLGh2fbbAQINEv8Ak
INFO: [ app_begin ] --START--
INFO: Run ReadHtmlCache Behavior [ RunTime:0.001000s ]
INFO: [ app_begin ] --END-- [ RunTime:0.001000s ]
NOTIC: [8] A session had already been started - ignoring session_start() D:\phpStudy\WWW\Rose\Lib\Action\Wap\Rose2BaseAction.class.php 第 2 行.
SQL: SHOW COLUMNS FROM `sys_user` [ RunTime:0.020001s ]
SQL: SELECT * FROM `sys_user` WHERE ( `del_flag` = 0 ) AND ( `openid` = 'odOIPv4WtdWt9ebczeYuYByhYr_0' ) LIMIT 1   [ RunTime:0.001000s ]
NOTIC: [8] Trying to get property of non-object D:\phpStudy\WWW\Rose\Core\Extend\Vendor\weixin\jssdk.php 第 75 行.
NOTIC: [8] Trying to get property of non-object D:\phpStudy\WWW\Rose\Core\Extend\Vendor\weixin\jssdk.php 第 53 行.
SQL: SHOW COLUMNS FROM `weixin_userinfo` [ RunTime:0.022001s ]
SQL: SELECT * FROM `weixin_userinfo` WHERE ( `del_flag` = 0 ) AND ( `from_username` = 'odOIPv4WtdWt9ebczeYuYByhYr_0' ) LIMIT 1   [ RunTime:0.005000s ]
SQL: SELECT count(*) as adv
            FROM
                `device_info` di
            LEFT JOIN adv_uservisit_rec pwi ON pwi.di_id = di.id
            LEFT JOIN adv_weixin_info awi ON awi.id = pwi.adv_id
            WHERE
                pwi.status = 2
            and pwi.del_flag=0
            and pwi.transfer_status = 0
			and awi.status=1
			and awi.del_flag=0
            AND di.office_id = '2017030716_6BDA47092DB42A856AA52C2F26C808D6'
            AND di.del_flag = 0 [ RunTime:0.021002s ]
SQL: SELECT sum(pwi.consume_account) as count
            FROM
                `device_info` di
            LEFT JOIN device_consume_rec pwi ON pwi.di_id = di.id
            WHERE
                pwi.command_status = 2
            and pwi.del_flag=0
            and pwi.type in(1,3,5,9,11,13,15,17)
			and pwi.transfer_status = 0
			and pwi.consume_status = 1
            AND pwi.create_by = '2017030716_447B2A753E1709D698E21C32DECDBA77'
            AND di.del_flag = 0 [ RunTime:0.260014s ]
SQL: SELECT sum(pwi.consume_account) as alipay
            FROM
                `device_info` di
            LEFT JOIN device_consume_rec pwi ON pwi.di_id = di.id
            WHERE
                pwi.command_status = 2
            and pwi.del_flag=0
            and pwi.type in(2,4,6,10,12,14,16,18)
			and pwi.transfer_status = 0
			and pwi.consume_status = 1
            AND pwi.create_by = '2017030716_447B2A753E1709D698E21C32DECDBA77'
            AND di.del_flag = 0 [ RunTime:0.179011s ]
SQL: SELECT sum(pwi.consume_account) as anm_weixin
            FROM
                `device_info` di
            LEFT JOIN device_consume_rec pwi ON pwi.di_id = di.id
            WHERE
                pwi.command_status = 2
            and pwi.del_flag=0
            and pwi.type=3
			and pwi.transfer_status = 0
            AND di.office_id = '2017030716_6BDA47092DB42A856AA52C2F26C808D6'
            AND di.del_flag = 0 [ RunTime:0.156009s ]
SQL: SELECT sum(pwi.consume_account) as anm_alipay
            FROM
                `device_info` di
            LEFT JOIN device_consume_rec pwi ON pwi.di_id = di.id
            WHERE
                pwi.command_status = 2
            and pwi.del_flag=0
            and pwi.type=4
			and pwi.transfer_status = 0
            AND di.office_id = '2017030716_6BDA47092DB42A856AA52C2F26C808D6'
            AND di.del_flag = 0 [ RunTime:0.142008s ]
SQL: SHOW COLUMNS FROM `device_info` [ RunTime:0.014001s ]
SQL: SELECT sum(dw.LOC_OP) c from (SELECT * from (SELECT dr.* FROM `device_info` LEFT JOIN device_record
 dr on dr.dev_id=device_info.device_command WHERE ( device_info.del_flag = 0 )
 AND ( device_info.office_id = '2017030716_6BDA47092DB42A856AA52C2F26C808D6' ) ORDER BY dr.LOC_OP desc)
 da GROUP BY da.dev_id ORDER BY da.LOC_OP desc) dw [ RunTime:0.443025s ]
SQL: SELECT * FROM `sys_user` WHERE ( `del_flag` = 0 ) AND ( `openid` = 'odOIPv4WtdWt9ebczeYuYByhYr_0' ) LIMIT 1   [ RunTime:0.000000s ]
SQL: UPDATE `sys_user` SET `totals`=19078 WHERE ( `del_flag` = 0 ) AND ( `id` = '2017030716_447B2A753E1709D698E21C32DECDBA77' ) [ RunTime:0.061004s ]
SQL: SELECT SUM(totals-consume) AS tp_sum FROM `sys_user` WHERE ( `del_flag` = 0 ) AND ( `openid` = 'odOIPv4WtdWt9ebczeYuYByhYr_0' ) LIMIT 1   [ RunTime:0.000000s ]
INFO: [ view_template ] --START--
INFO: Run LocationTemplate Behavior [ RunTime:-2.526145s ]
INFO: [ view_template ] --END-- [ RunTime:0.002000s ]
INFO: [ view_parse ] --START--
INFO: Run ParseTemplate Behavior [ RunTime:-2.528145s ]
INFO: [ view_parse ] --END-- [ RunTime:0.021001s ]
INFO: [ view_filter ] --START--
INFO: Run ContentReplace Behavior [ RunTime:-2.549146s ]
INFO: Run TokenBuild Behavior [ RunTime:-2.550146s ]
INFO: Run WriteHtmlCache Behavior [ RunTime:-2.551146s ]
INFO: Run ShowRuntime Behavior [ RunTime:-2.552146s ]
INFO: [ view_filter ] --END-- [ RunTime:0.004000s ]
INFO: [ view_end ] --START--
INFO: Run ShowPageTrace Behavior [ RunTime:-2.553146s ]
INFO: [ view_end ] --END-- [ RunTime:0.001000s ]

[ 2017-09-06T15:30:11+08:00 ] 0.0.0.0 /Rose/index.php?g=Wap&m=Rose2Personal&a=index&openid=odOIPv4WtdWt9ebczeYuYByhYr_0
INFO: [ app_begin ] --START--
INFO: Run ReadHtmlCache Behavior [ RunTime:0.001000s ]
INFO: [ app_begin ] --END-- [ RunTime:0.001000s ]
NOTIC: [8] A session had already been started - ignoring session_start() D:\phpStudy\WWW\Rose\Lib\Action\Wap\Rose2BaseAction.class.php 第 2 行.
SQL: SHOW COLUMNS FROM `sys_user` [ RunTime:0.019001s ]
SQL: SELECT * FROM `sys_user` WHERE ( `del_flag` = 0 ) AND ( `openid` = 'odOIPv4WtdWt9ebczeYuYByhYr_0' ) LIMIT 1   [ RunTime:0.001000s ]
NOTIC: [8] Trying to get property of non-object D:\phpStudy\WWW\Rose\Core\Extend\Vendor\weixin\jssdk.php 第 75 行.
NOTIC: [8] Trying to get property of non-object D:\phpStudy\WWW\Rose\Core\Extend\Vendor\weixin\jssdk.php 第 53 行.
SQL: SHOW COLUMNS FROM `weixin_userinfo` [ RunTime:0.023001s ]
SQL: SELECT * FROM `weixin_userinfo` WHERE ( `del_flag` = 0 ) AND ( `from_username` = 'odOIPv4WtdWt9ebczeYuYByhYr_0' ) LIMIT 1   [ RunTime:0.006001s ]
SQL: SELECT count(*) as adv
            FROM
                `device_info` di
            LEFT JOIN adv_uservisit_rec pwi ON pwi.di_id = di.id
            LEFT JOIN adv_weixin_info awi ON awi.id = pwi.adv_id
            WHERE
                pwi.status = 2
            and pwi.del_flag=0
            and pwi.transfer_status = 0
			and awi.status=1
			and awi.del_flag=0
            AND di.office_id = '2017030716_6BDA47092DB42A856AA52C2F26C808D6'
            AND di.del_flag = 0 [ RunTime:0.001000s ]
SQL: SELECT sum(pwi.consume_account) as count
            FROM
                `device_info` di
            LEFT JOIN device_consume_rec pwi ON pwi.di_id = di.id
            WHERE
                pwi.command_status = 2
            and pwi.del_flag=0
            and pwi.type in(1,3,5,9,11,13,15,17)
			and pwi.transfer_status = 0
			and pwi.consume_status = 1
            AND pwi.create_by = '2017030716_447B2A753E1709D698E21C32DECDBA77'
            AND di.del_flag = 0 [ RunTime:0.266015s ]
SQL: SELECT sum(pwi.consume_account) as alipay
            FROM
                `device_info` di
            LEFT JOIN device_consume_rec pwi ON pwi.di_id = di.id
            WHERE
                pwi.command_status = 2
            and pwi.del_flag=0
            and pwi.type in(2,4,6,10,12,14,16,18)
			and pwi.transfer_status = 0
			and pwi.consume_status = 1
            AND pwi.create_by = '2017030716_447B2A753E1709D698E21C32DECDBA77'
            AND di.del_flag = 0 [ RunTime:0.175010s ]
SQL: SELECT sum(pwi.consume_account) as anm_weixin
            FROM
                `device_info` di
            LEFT JOIN device_consume_rec pwi ON pwi.di_id = di.id
            WHERE
                pwi.command_status = 2
            and pwi.del_flag=0
            and pwi.type=3
			and pwi.transfer_status = 0
            AND di.office_id = '2017030716_6BDA47092DB42A856AA52C2F26C808D6'
            AND di.del_flag = 0 [ RunTime:0.142008s ]
SQL: SELECT sum(pwi.consume_account) as anm_alipay
            FROM
                `device_info` di
            LEFT JOIN device_consume_rec pwi ON pwi.di_id = di.id
            WHERE
                pwi.command_status = 2
            and pwi.del_flag=0
            and pwi.type=4
			and pwi.transfer_status = 0
            AND di.office_id = '2017030716_6BDA47092DB42A856AA52C2F26C808D6'
            AND di.del_flag = 0 [ RunTime:0.143008s ]
SQL: SHOW COLUMNS FROM `device_info` [ RunTime:0.014001s ]
SQL: SELECT sum(dw.LOC_OP) c from (SELECT * from (SELECT dr.* FROM `device_info` LEFT JOIN device_record
 dr on dr.dev_id=device_info.device_command WHERE ( device_info.del_flag = 0 )
 AND ( device_info.office_id = '2017030716_6BDA47092DB42A856AA52C2F26C808D6' ) ORDER BY dr.LOC_OP desc)
 da GROUP BY da.dev_id ORDER BY da.LOC_OP desc) dw [ RunTime:0.315018s ]
SQL: SELECT * FROM `sys_user` WHERE ( `del_flag` = 0 ) AND ( `openid` = 'odOIPv4WtdWt9ebczeYuYByhYr_0' ) LIMIT 1   [ RunTime:0.001000s ]
SQL: UPDATE `sys_user` SET `totals`=19078 WHERE ( `del_flag` = 0 ) AND ( `id` = '2017030716_447B2A753E1709D698E21C32DECDBA77' ) [ RunTime:0.032002s ]
SQL: SELECT SUM(totals-consume) AS tp_sum FROM `sys_user` WHERE ( `del_flag` = 0 ) AND ( `openid` = 'odOIPv4WtdWt9ebczeYuYByhYr_0' ) LIMIT 1   [ RunTime:0.001000s ]
INFO: [ view_template ] --START--
INFO: Run LocationTemplate Behavior [ RunTime:-2.381136s ]
INFO: [ view_template ] --END-- [ RunTime:0.001000s ]
INFO: [ view_parse ] --START--
INFO: Run ParseTemplate Behavior [ RunTime:-2.382136s ]
INFO: [ view_parse ] --END-- [ RunTime:0.013001s ]
INFO: [ view_filter ] --START--
INFO: Run ContentReplace Behavior [ RunTime:-2.395137s ]
INFO: Run TokenBuild Behavior [ RunTime:-2.396137s ]
INFO: Run WriteHtmlCache Behavior [ RunTime:-2.396137s ]
INFO: Run ShowRuntime Behavior [ RunTime:-2.397137s ]
INFO: [ view_filter ] --END-- [ RunTime:0.003000s ]
INFO: [ view_end ] --START--
INFO: Run ShowPageTrace Behavior [ RunTime:-2.398137s ]
INFO: [ view_end ] --END-- [ RunTime:0.001000s ]

[ 2017-09-06T15:30:16+08:00 ] 0.0.0.0 /Rose/index.php?g=Wap&m=Rose2Orderflow&a=index&openid=odOIPv4WtdWt9ebczeYuYByhYr_0
INFO: [ app_begin ] --START--
INFO: Run ReadHtmlCache Behavior [ RunTime:0.001000s ]
INFO: [ app_begin ] --END-- [ RunTime:0.001000s ]
NOTIC: [8] A session had already been started - ignoring session_start() D:\phpStudy\WWW\Rose\Lib\Action\Wap\Rose2BaseAction.class.php 第 2 行.
SQL: SHOW COLUMNS FROM `sys_user` [ RunTime:0.021001s ]
SQL: SELECT * FROM `sys_user` WHERE ( `del_flag` = 0 ) AND ( `openid` = 'odOIPv4WtdWt9ebczeYuYByhYr_0' ) LIMIT 1   [ RunTime:0.001000s ]
NOTIC: [8] Trying to get property of non-object D:\phpStudy\WWW\Rose\Core\Extend\Vendor\weixin\jssdk.php 第 75 行.
NOTIC: [8] Trying to get property of non-object D:\phpStudy\WWW\Rose\Core\Extend\Vendor\weixin\jssdk.php 第 53 行.
SQL: SHOW COLUMNS FROM `weixin_userinfo` [ RunTime:0.021002s ]
SQL: SELECT * FROM `weixin_userinfo` WHERE ( `del_flag` = 0 ) AND ( `from_username` = 'odOIPv4WtdWt9ebczeYuYByhYr_0' ) LIMIT 1   [ RunTime:0.004000s ]
SQL: SHOW COLUMNS FROM `device_consume_rec` [ RunTime:0.014001s ]
SQL: SELECT dgi.group_name,dcr.deivce_command,sum(dcr.consume_account) count,dgi.id FROM device_consume_rec dcr LEFT JOIN device_relation_group drg ON drg.di_id = dcr.di_id LEFT JOIN device_info di ON di.id = drg.di_id LEFT JOIN deivce_group_info dgi ON dgi.id = drg.dgi_id WHERE ( di.office_id = '2017030716_6BDA47092DB42A856AA52C2F26C808D6' ) AND ( di.del_flag = 0 ) AND ( dgi.office_id = '2017030716_6BDA47092DB42A856AA52C2F26C808D6' ) AND ( dcr.consume_status = 1 ) AND ( dcr.command_status = 2 ) AND ( dcr.create_by = '2017030716_447B2A753E1709D698E21C32DECDBA77' ) AND ( drg.status = 1 ) AND ( drg.del_flag = 0 ) AND ( drg.create_by = '2017030716_6BDA47092DB42A856AA52C2F26C808D6' ) AND ( dgi.del_flag = 0 ) AND ( dcr.create_date >= '2017-09-06 00:00:00' ) GROUP BY dgi.group_name ORDER BY dcr.create_date DESC LIMIT 10   [ RunTime:0.192011s ]
INFO: [ view_template ] --START--
INFO: Run LocationTemplate Behavior [ RunTime:-1.482085s ]
INFO: [ view_template ] --END-- [ RunTime:0.001000s ]
INFO: [ view_parse ] --START--
INFO: Run ParseTemplate Behavior [ RunTime:-1.483085s ]
INFO: [ view_parse ] --END-- [ RunTime:0.014001s ]
INFO: [ view_filter ] --START--
INFO: Run ContentReplace Behavior [ RunTime:-1.497086s ]
INFO: Run TokenBuild Behavior [ RunTime:-1.497086s ]
INFO: Run WriteHtmlCache Behavior [ RunTime:-1.498086s ]
INFO: Run ShowRuntime Behavior [ RunTime:-1.499086s ]
INFO: [ view_filter ] --END-- [ RunTime:0.003000s ]
INFO: [ view_end ] --START--
INFO: Run ShowPageTrace Behavior [ RunTime:-1.500086s ]
INFO: [ view_end ] --END-- [ RunTime:0.001000s ]

[ 2017-09-06T17:32:34+08:00 ] 0.0.0.0 /Rose/index.php?g=Wap&m=Rose2OrderflowMonth&a=index&openid=odOIPv4WtdWt9ebczeYuYByhYr_0
INFO: [ app_begin ] --START--
INFO: Run ReadHtmlCache Behavior [ RunTime:0.032001s ]
INFO: [ app_begin ] --END-- [ RunTime:0.032001s ]
NOTIC: [8] A session had already been started - ignoring session_start() D:\phpStudy\WWW\Rose\Lib\Action\Wap\Rose2BaseAction.class.php 第 2 行.
SQL: SHOW COLUMNS FROM `sys_user` [ RunTime:0.173010s ]
SQL: SELECT * FROM `sys_user` WHERE ( `del_flag` = 0 ) AND ( `openid` = 'odOIPv4WtdWt9ebczeYuYByhYr_0' ) LIMIT 1   [ RunTime:0.001000s ]
NOTIC: [8] Trying to get property of non-object D:\phpStudy\WWW\Rose\Core\Extend\Vendor\weixin\jssdk.php 第 75 行.
NOTIC: [8] Trying to get property of non-object D:\phpStudy\WWW\Rose\Core\Extend\Vendor\weixin\jssdk.php 第 53 行.
SQL: SHOW COLUMNS FROM `weixin_userinfo` [ RunTime:0.085005s ]
SQL: SELECT * FROM `weixin_userinfo` WHERE ( `del_flag` = 0 ) AND ( `from_username` = 'odOIPv4WtdWt9ebczeYuYByhYr_0' ) LIMIT 1   [ RunTime:0.029002s ]
SQL: SHOW COLUMNS FROM `device_consume_rec` [ RunTime:0.061003s ]
SQL: SELECT year(dcr.create_date) year,sum(dcr.consume_account) count,month(dcr.create_date) month FROM device_consume_rec dcr LEFT JOIN device_relation_group drg ON drg.di_id = dcr.di_id LEFT JOIN device_info di ON di.id = drg.di_id LEFT JOIN deivce_group_info dgi ON dgi.id = drg.dgi_id WHERE ( di.office_id = '2017030716_6BDA47092DB42A856AA52C2F26C808D6' ) AND ( di.del_flag = 0 ) AND ( dgi.office_id = '2017030716_6BDA47092DB42A856AA52C2F26C808D6' ) AND ( dcr.consume_status = 1 ) AND ( dcr.command_status = 2 ) AND ( dcr.create_by = '2017030716_447B2A753E1709D698E21C32DECDBA77' ) AND ( drg.status = 1 ) AND ( drg.del_flag = 0 ) AND ( drg.create_by = '2017030716_6BDA47092DB42A856AA52C2F26C808D6' ) AND ( dgi.del_flag = 0 ) GROUP BY year(dcr.create_date),month(dcr.create_date) ORDER BY dcr.create_date DESC LIMIT 10   [ RunTime:4.587262s ]
INFO: [ view_template ] --START--
INFO: Run LocationTemplate Behavior [ RunTime:-6.897395s ]
INFO: [ view_template ] --END-- [ RunTime:0.043002s ]
INFO: [ view_parse ] --START--
INFO: Run ParseTemplate Behavior [ RunTime:-6.940397s ]
INFO: [ view_parse ] --END-- [ RunTime:0.203012s ]
INFO: [ view_filter ] --START--
INFO: Run ContentReplace Behavior [ RunTime:-7.143409s ]
INFO: Run TokenBuild Behavior [ RunTime:-7.144409s ]
INFO: Run WriteHtmlCache Behavior [ RunTime:-7.145409s ]
INFO: Run ShowRuntime Behavior [ RunTime:-7.146409s ]
INFO: [ view_filter ] --END-- [ RunTime:0.005000s ]
INFO: [ view_end ] --START--
INFO: Run ShowPageTrace Behavior [ RunTime:-7.161410s ]
INFO: [ view_end ] --END-- [ RunTime:0.001000s ]

[ 2017-09-06T17:32:39+08:00 ] 0.0.0.0 /Rose/index.php?g=Wap&m=Rose2Personal&a=index&openid=odOIPv4WtdWt9ebczeYuYByhYr_0
INFO: [ app_begin ] --START--
INFO: Run ReadHtmlCache Behavior [ RunTime:0.001000s ]
INFO: [ app_begin ] --END-- [ RunTime:0.001000s ]
NOTIC: [8] A session had already been started - ignoring session_start() D:\phpStudy\WWW\Rose\Lib\Action\Wap\Rose2BaseAction.class.php 第 2 行.
SQL: SHOW COLUMNS FROM `sys_user` [ RunTime:0.009000s ]
SQL: SELECT * FROM `sys_user` WHERE ( `del_flag` = 0 ) AND ( `openid` = 'odOIPv4WtdWt9ebczeYuYByhYr_0' ) LIMIT 1   [ RunTime:0.001000s ]
NOTIC: [8] Trying to get property of non-object D:\phpStudy\WWW\Rose\Core\Extend\Vendor\weixin\jssdk.php 第 75 行.
NOTIC: [8] Trying to get property of non-object D:\phpStudy\WWW\Rose\Core\Extend\Vendor\weixin\jssdk.php 第 53 行.
SQL: SHOW COLUMNS FROM `weixin_userinfo` [ RunTime:0.010001s ]
SQL: SELECT * FROM `weixin_userinfo` WHERE ( `del_flag` = 0 ) AND ( `from_username` = 'odOIPv4WtdWt9ebczeYuYByhYr_0' ) LIMIT 1   [ RunTime:0.009000s ]
SQL: SELECT count(*) as adv
            FROM
                `device_info` di
            LEFT JOIN adv_uservisit_rec pwi ON pwi.di_id = di.id
            LEFT JOIN adv_weixin_info awi ON awi.id = pwi.adv_id
            WHERE
                pwi.status = 2
            and pwi.del_flag=0
            and pwi.transfer_status = 0
			and awi.status=1
			and awi.del_flag=0
            AND di.office_id = '2017030716_6BDA47092DB42A856AA52C2F26C808D6'
            AND di.del_flag = 0 [ RunTime:0.081005s ]
SQL: SELECT sum(pwi.consume_account) as count
            FROM
                `device_info` di
            LEFT JOIN device_consume_rec pwi ON pwi.di_id = di.id
            WHERE
                pwi.command_status = 2
            and pwi.del_flag=0
            and pwi.type in(1,3,5,9,11,13,15,17)
			and pwi.transfer_status = 0
			and pwi.consume_status = 1
            AND pwi.create_by = '2017030716_447B2A753E1709D698E21C32DECDBA77'
            AND di.del_flag = 0 [ RunTime:0.268015s ]
SQL: SELECT sum(pwi.consume_account) as alipay
            FROM
                `device_info` di
            LEFT JOIN device_consume_rec pwi ON pwi.di_id = di.id
            WHERE
                pwi.command_status = 2
            and pwi.del_flag=0
            and pwi.type in(2,4,6,10,12,14,16,18)
			and pwi.transfer_status = 0
			and pwi.consume_status = 1
            AND pwi.create_by = '2017030716_447B2A753E1709D698E21C32DECDBA77'
            AND di.del_flag = 0 [ RunTime:0.180011s ]
SQL: SELECT sum(pwi.consume_account) as anm_weixin
            FROM
                `device_info` di
            LEFT JOIN device_consume_rec pwi ON pwi.di_id = di.id
            WHERE
                pwi.command_status = 2
            and pwi.del_flag=0
            and pwi.type=3
			and pwi.transfer_status = 0
            AND di.office_id = '2017030716_6BDA47092DB42A856AA52C2F26C808D6'
            AND di.del_flag = 0 [ RunTime:0.150008s ]
SQL: SELECT sum(pwi.consume_account) as anm_alipay
            FROM
                `device_info` di
            LEFT JOIN device_consume_rec pwi ON pwi.di_id = di.id
            WHERE
                pwi.command_status = 2
            and pwi.del_flag=0
            and pwi.type=4
			and pwi.transfer_status = 0
            AND di.office_id = '2017030716_6BDA47092DB42A856AA52C2F26C808D6'
            AND di.del_flag = 0 [ RunTime:0.176010s ]
SQL: SHOW COLUMNS FROM `device_info` [ RunTime:0.012001s ]
SQL: SELECT sum(dw.LOC_OP) c from (SELECT * from (SELECT dr.* FROM `device_info` LEFT JOIN device_record
 dr on dr.dev_id=device_info.device_command WHERE ( device_info.del_flag = 0 )
 AND ( device_info.office_id = '2017030716_6BDA47092DB42A856AA52C2F26C808D6' ) ORDER BY dr.LOC_OP desc)
 da GROUP BY da.dev_id ORDER BY da.LOC_OP desc) dw [ RunTime:0.470027s ]
SQL: SELECT * FROM `sys_user` WHERE ( `del_flag` = 0 ) AND ( `openid` = 'odOIPv4WtdWt9ebczeYuYByhYr_0' ) LIMIT 1   [ RunTime:0.001000s ]
SQL: UPDATE `sys_user` SET `totals`=19078 WHERE ( `del_flag` = 0 ) AND ( `id` = '2017030716_447B2A753E1709D698E21C32DECDBA77' ) [ RunTime:0.050003s ]
SQL: SELECT SUM(totals-consume) AS tp_sum FROM `sys_user` WHERE ( `del_flag` = 0 ) AND ( `openid` = 'odOIPv4WtdWt9ebczeYuYByhYr_0' ) LIMIT 1   [ RunTime:0.026001s ]
INFO: [ view_template ] --START--
INFO: Run LocationTemplate Behavior [ RunTime:-2.647151s ]
INFO: [ view_template ] --END-- [ RunTime:0.008001s ]
INFO: [ view_parse ] --START--
INFO: Run ParseTemplate Behavior [ RunTime:-2.655152s ]
INFO: [ view_parse ] --END-- [ RunTime:0.045002s ]
INFO: [ view_filter ] --START--
INFO: Run ContentReplace Behavior [ RunTime:-2.700154s ]
INFO: Run TokenBuild Behavior [ RunTime:-2.701154s ]
INFO: Run WriteHtmlCache Behavior [ RunTime:-2.701154s ]
INFO: Run ShowRuntime Behavior [ RunTime:-2.702154s ]
INFO: [ view_filter ] --END-- [ RunTime:0.002000s ]
INFO: [ view_end ] --START--
INFO: Run ShowPageTrace Behavior [ RunTime:-2.702154s ]
INFO: [ view_end ] --END-- [ RunTime:0.001000s ]

