[ 2017-12-19T09:44:40+08:00 ] 0.0.0.0 /Rose/index.php?g=Wap&m=Glass_notify&a=redis
INFO: [ app_begin ] --START--
INFO: Run ReadHtmlCache Behavior [ RunTime:0.124007s ]
INFO: [ app_begin ] --END-- [ RunTime:0.531031s ]

[ 2017-12-19T11:33:38+08:00 ] 0.0.0.0 /Rose/index.php?g=Wap&m=Glass_notify&a=redis
INFO: [ app_begin ] --START--
INFO: Run ReadHtmlCache Behavior [ RunTime:0.007000s ]
INFO: [ app_begin ] --END-- [ RunTime:0.007000s ]

[ 2017-12-19T11:41:22+08:00 ] 0.0.0.0 /Rose/index.php?g=Wap&m=Rose2Personal&a=index&openid=odOIPv9UcOs4N_jKX0JECOwADE7s
INFO: [ app_begin ] --START--
INFO: Run ReadHtmlCache Behavior [ RunTime:0.001000s ]
INFO: [ app_begin ] --END-- [ RunTime:0.001000s ]
NOTIC: [8] A session had already been started - ignoring session_start() D:\phpStudy\WWW\Rose\Lib\Action\Wap\Rose2BaseAction.class.php 第 2 行.
SQL: SHOW COLUMNS FROM `sys_user` [ RunTime:0.074004s ]
SQL: SELECT * FROM `sys_user` WHERE ( `del_flag` = 0 ) AND ( `openid` = 'odOIPv9UcOs4N_jKX0JECOwADE7s' ) LIMIT 1   [ RunTime:0.009001s ]
NOTIC: [8] Trying to get property of non-object D:\phpStudy\WWW\Rose\Core\Extend\Vendor\weixin\jssdk.php 第 75 行.
NOTIC: [8] Trying to get property of non-object D:\phpStudy\WWW\Rose\Core\Extend\Vendor\weixin\jssdk.php 第 53 行.
SQL: SHOW COLUMNS FROM `weixin_userinfo` [ RunTime:0.145009s ]
SQL: SELECT * FROM `weixin_userinfo` WHERE ( `del_flag` = 0 ) AND ( `from_username` = 'odOIPv9UcOs4N_jKX0JECOwADE7s' ) LIMIT 1   [ RunTime:0.002000s ]
SQL: SELECT sum(pwi.consume_account) as count
            FROM
                `device_info` di
            LEFT JOIN device_consume_rec pwi ON pwi.di_id = di.id
            WHERE
                pwi.command_status = 2
            and pwi.del_flag=0
            and pwi.type in(1,3,5,9,11,13,15,17)
			and pwi.transfer_status = 0
			and pwi.consume_status = 1
            AND pwi.create_by = 'kefuanmoyitest'
            AND di.del_flag = 0 [ RunTime:1.607092s ]
SQL: SELECT sum(pwi.consume_account) as alipay
            FROM
                `device_info` di
            LEFT JOIN device_consume_rec pwi ON pwi.di_id = di.id
            WHERE
                pwi.command_status = 2
            and pwi.del_flag=0
            and pwi.type in(2,4,6,10,12,14,16,18)
			and pwi.transfer_status = 0
			and pwi.consume_status = 1
            AND pwi.create_by = 'kefuanmoyitest'
            AND di.del_flag = 0 [ RunTime:1.138065s ]
SQL: SHOW COLUMNS FROM `device_info` [ RunTime:0.012001s ]
SQL: SELECT sum(dw.LOC_OP) c from (SELECT * from (SELECT dr.* FROM `device_info` LEFT JOIN device_record
 dr on dr.dev_id=device_info.device_command WHERE ( device_info.del_flag = 0 )
 AND ( device_info.office_id = 'a721bdccfcb44571a48df2065950d05d' ) ORDER BY dr.LOC_OP desc)
 da GROUP BY da.dev_id ORDER BY da.LOC_OP desc) dw [ RunTime:2.207126s ]
SQL: SELECT * FROM `sys_user` WHERE ( `del_flag` = 0 ) AND ( `openid` = 'odOIPv9UcOs4N_jKX0JECOwADE7s' ) LIMIT 1   [ RunTime:0.012001s ]
SQL: UPDATE `sys_user` SET `totals`=76.5 WHERE ( `del_flag` = 0 ) AND ( `id` = 'kefuanmoyitest' ) [ RunTime:0.066003s ]
SQL: SELECT SUM(totals-consume) AS tp_sum FROM `sys_user` WHERE ( `del_flag` = 0 ) AND ( `openid` = 'odOIPv9UcOs4N_jKX0JECOwADE7s' ) LIMIT 1   [ RunTime:0.025002s ]
INFO: [ view_template ] --START--
INFO: Run LocationTemplate Behavior [ RunTime:-6.613378s ]
INFO: [ view_template ] --END-- [ RunTime:0.022001s ]
INFO: [ view_parse ] --START--
INFO: Run ParseTemplate Behavior [ RunTime:-6.635379s ]
INFO: [ view_parse ] --END-- [ RunTime:0.163009s ]
INFO: [ view_filter ] --START--
INFO: Run ContentReplace Behavior [ RunTime:-6.798388s ]
INFO: Run TokenBuild Behavior [ RunTime:-6.808389s ]
INFO: Run WriteHtmlCache Behavior [ RunTime:-6.811389s ]
INFO: Run ShowRuntime Behavior [ RunTime:-6.813389s ]
INFO: [ view_filter ] --END-- [ RunTime:0.017001s ]
INFO: [ view_end ] --START--
INFO: Run ShowPageTrace Behavior [ RunTime:-6.816389s ]
INFO: [ view_end ] --END-- [ RunTime:0.002001s ]

[ 2017-12-19T11:41:32+08:00 ] 0.0.0.0 /Rose/index.php?g=Wap&m=Rose2Orderflow&a=index&openid=odOIPv9UcOs4N_jKX0JECOwADE7s
INFO: [ app_begin ] --START--
INFO: Run ReadHtmlCache Behavior [ RunTime:0.001000s ]
INFO: [ app_begin ] --END-- [ RunTime:0.001000s ]
NOTIC: [8] A session had already been started - ignoring session_start() D:\phpStudy\WWW\Rose\Lib\Action\Wap\Rose2BaseAction.class.php 第 2 行.
SQL: SHOW COLUMNS FROM `sys_user` [ RunTime:0.017001s ]
SQL: SELECT * FROM `sys_user` WHERE ( `del_flag` = 0 ) AND ( `openid` = 'odOIPv9UcOs4N_jKX0JECOwADE7s' ) LIMIT 1   [ RunTime:0.002000s ]
NOTIC: [8] Trying to get property of non-object D:\phpStudy\WWW\Rose\Core\Extend\Vendor\weixin\jssdk.php 第 75 行.
NOTIC: [8] Trying to get property of non-object D:\phpStudy\WWW\Rose\Core\Extend\Vendor\weixin\jssdk.php 第 53 行.
SQL: SHOW COLUMNS FROM `weixin_userinfo` [ RunTime:0.010001s ]
SQL: SELECT * FROM `weixin_userinfo` WHERE ( `del_flag` = 0 ) AND ( `from_username` = 'odOIPv9UcOs4N_jKX0JECOwADE7s' ) LIMIT 1   [ RunTime:0.009000s ]
SQL: SHOW COLUMNS FROM `device_consume_rec` [ RunTime:0.009001s ]
SQL: SELECT `deivce_command`,`consume_account`,`type`,`command_status`,`create_date` FROM `device_consume_rec` WHERE ( `create_by` = 'kefuanmoyitest' ) AND ( `consume_status` = '1' ) AND ( `command_status` = '2' ) AND ( `transfer_status` = '0' ) AND ( `del_flag` = 0 ) AND ( `create_date` >= '2017-12-19 00:00:00' ) ORDER BY create_date desc LIMIT 10   [ RunTime:0.038002s ]
INFO: [ view_template ] --START--
INFO: Run LocationTemplate Behavior [ RunTime:-1.258072s ]
INFO: [ view_template ] --END-- [ RunTime:0.001000s ]
INFO: [ view_parse ] --START--
INFO: Run ParseTemplate Behavior [ RunTime:-1.259072s ]
INFO: [ view_parse ] --END-- [ RunTime:0.060003s ]
INFO: [ view_filter ] --START--
INFO: Run ContentReplace Behavior [ RunTime:-1.319075s ]
INFO: Run TokenBuild Behavior [ RunTime:-1.320076s ]
INFO: Run WriteHtmlCache Behavior [ RunTime:-1.321076s ]
INFO: Run ShowRuntime Behavior [ RunTime:-1.322076s ]
INFO: [ view_filter ] --END-- [ RunTime:0.004001s ]
INFO: [ view_end ] --START--
INFO: Run ShowPageTrace Behavior [ RunTime:-1.323076s ]
INFO: [ view_end ] --END-- [ RunTime:0.002000s ]

[ 2017-12-19T11:41:38+08:00 ] 0.0.0.0 /Rose/index.php?g=Wap&m=Rose2Orderflow&a=week_index&openid=odOIPv9UcOs4N_jKX0JECOwADE7s
INFO: [ app_begin ] --START--
INFO: Run ReadHtmlCache Behavior [ RunTime:0.000000s ]
INFO: [ app_begin ] --END-- [ RunTime:0.000000s ]
NOTIC: [8] A session had already been started - ignoring session_start() D:\phpStudy\WWW\Rose\Lib\Action\Wap\Rose2BaseAction.class.php 第 2 行.
SQL: SHOW COLUMNS FROM `sys_user` [ RunTime:0.011000s ]
SQL: SELECT * FROM `sys_user` WHERE ( `del_flag` = 0 ) AND ( `openid` = 'odOIPv9UcOs4N_jKX0JECOwADE7s' ) LIMIT 1   [ RunTime:0.001001s ]
NOTIC: [8] Trying to get property of non-object D:\phpStudy\WWW\Rose\Core\Extend\Vendor\weixin\jssdk.php 第 75 行.
NOTIC: [8] Trying to get property of non-object D:\phpStudy\WWW\Rose\Core\Extend\Vendor\weixin\jssdk.php 第 53 行.
SQL: SHOW COLUMNS FROM `weixin_userinfo` [ RunTime:0.009000s ]
SQL: SELECT * FROM `weixin_userinfo` WHERE ( `del_flag` = 0 ) AND ( `from_username` = 'odOIPv9UcOs4N_jKX0JECOwADE7s' ) LIMIT 1   [ RunTime:0.001000s ]
SQL: SHOW COLUMNS FROM `device_consume_rec` [ RunTime:0.011001s ]
SQL: SELECT `deivce_command`,`consume_account`,`type`,`command_status`,`create_date` FROM `device_consume_rec` WHERE ( `create_by` = 'kefuanmoyitest' ) AND ( `consume_status` = '1' ) AND ( `command_status` = '2' ) AND ( `transfer_status` = '0' ) AND ( `del_flag` = 0 ) AND ( `create_date` >= '2017-12-12 00:00:00' ) ORDER BY create_date desc LIMIT 10   [ RunTime:1.837105s ]
INFO: [ view_template ] --START--
INFO: Run LocationTemplate Behavior [ RunTime:-3.000172s ]
INFO: [ view_template ] --END-- [ RunTime:0.013001s ]
INFO: [ view_parse ] --START--
INFO: Run ParseTemplate Behavior [ RunTime:-3.014173s ]
INFO: [ view_parse ] --END-- [ RunTime:0.025001s ]
INFO: [ view_filter ] --START--
INFO: Run ContentReplace Behavior [ RunTime:-3.038174s ]
INFO: Run TokenBuild Behavior [ RunTime:-3.039174s ]
INFO: Run WriteHtmlCache Behavior [ RunTime:-3.040174s ]
INFO: Run ShowRuntime Behavior [ RunTime:-3.041174s ]
INFO: [ view_filter ] --END-- [ RunTime:0.004000s ]
INFO: [ view_end ] --START--
INFO: Run ShowPageTrace Behavior [ RunTime:-3.042174s ]
INFO: [ view_end ] --END-- [ RunTime:0.001000s ]

[ 2017-12-19T11:41:42+08:00 ] 0.0.0.0 /Rose/index.php?g=Wap&m=Rose2OrderflowMonth&a=index&openid=odOIPv9UcOs4N_jKX0JECOwADE7s
INFO: [ app_begin ] --START--
INFO: Run ReadHtmlCache Behavior [ RunTime:0.001000s ]
INFO: [ app_begin ] --END-- [ RunTime:0.002000s ]
NOTIC: [8] A session had already been started - ignoring session_start() D:\phpStudy\WWW\Rose\Lib\Action\Wap\Rose2BaseAction.class.php 第 2 行.
SQL: SHOW COLUMNS FROM `sys_user` [ RunTime:0.016001s ]
SQL: SELECT * FROM `sys_user` WHERE ( `del_flag` = 0 ) AND ( `openid` = 'odOIPv9UcOs4N_jKX0JECOwADE7s' ) LIMIT 1   [ RunTime:0.014001s ]
NOTIC: [8] Trying to get property of non-object D:\phpStudy\WWW\Rose\Core\Extend\Vendor\weixin\jssdk.php 第 75 行.
NOTIC: [8] Trying to get property of non-object D:\phpStudy\WWW\Rose\Core\Extend\Vendor\weixin\jssdk.php 第 53 行.
SQL: SHOW COLUMNS FROM `weixin_userinfo` [ RunTime:0.012000s ]
SQL: SELECT * FROM `weixin_userinfo` WHERE ( `del_flag` = 0 ) AND ( `from_username` = 'odOIPv9UcOs4N_jKX0JECOwADE7s' ) LIMIT 1   [ RunTime:0.012001s ]
SQL: SHOW COLUMNS FROM `device_consume_rec` [ RunTime:0.012001s ]
SQL: SELECT year(create_date) year,sum(consume_account) count,month(create_date) month FROM `device_consume_rec` WHERE ( `create_by` = 'kefuanmoyitest' ) AND ( `consume_status` = '1' ) AND ( `command_status` = '2' ) AND ( `transfer_status` = '0' ) AND ( `del_flag` = 0 ) GROUP BY year(create_date),month(create_date) ORDER BY create_date desc LIMIT 5   [ RunTime:1.136065s ]
INFO: [ view_template ] --START--
INFO: Run LocationTemplate Behavior [ RunTime:-2.315133s ]
INFO: [ view_template ] --END-- [ RunTime:0.018001s ]
INFO: [ view_parse ] --START--
INFO: Run ParseTemplate Behavior [ RunTime:-2.333134s ]
INFO: [ view_parse ] --END-- [ RunTime:0.050002s ]
INFO: [ view_filter ] --START--
INFO: Run ContentReplace Behavior [ RunTime:-2.383136s ]
INFO: Run TokenBuild Behavior [ RunTime:-2.384137s ]
INFO: Run WriteHtmlCache Behavior [ RunTime:-2.385137s ]
INFO: Run ShowRuntime Behavior [ RunTime:-2.386137s ]
INFO: [ view_filter ] --END-- [ RunTime:0.004001s ]
INFO: [ view_end ] --START--
INFO: Run ShowPageTrace Behavior [ RunTime:-2.387137s ]
INFO: [ view_end ] --END-- [ RunTime:0.001000s ]

[ 2017-12-19T16:24:23+08:00 ] 0.0.0.0 /Rose/index.php?g=Wap&m=Device&a=device_list&openid=odOIPv9UcOs4N_jKX0JECOwADE7s
INFO: [ app_begin ] --START--
INFO: Run ReadHtmlCache Behavior [ RunTime:0.087005s ]
INFO: [ app_begin ] --END-- [ RunTime:0.087005s ]
NOTIC: [8] A session had already been started - ignoring session_start() D:\phpStudy\WWW\Rose\Lib\Action\Wap\Rose2BaseAction.class.php 第 2 行.
SQL: SHOW COLUMNS FROM `sys_user` [ RunTime:0.016001s ]
SQL: SELECT * FROM `sys_user` WHERE ( `del_flag` = 0 ) AND ( `openid` = 'odOIPv9UcOs4N_jKX0JECOwADE7s' ) LIMIT 1   [ RunTime:0.002000s ]
NOTIC: [8] Trying to get property of non-object D:\phpStudy\WWW\Rose\Core\Extend\Vendor\weixin\jssdk.php 第 75 行.
NOTIC: [8] Trying to get property of non-object D:\phpStudy\WWW\Rose\Core\Extend\Vendor\weixin\jssdk.php 第 53 行.
SQL: SHOW COLUMNS FROM `weixin_userinfo` [ RunTime:0.037002s ]
SQL: SELECT * FROM `weixin_userinfo` WHERE ( `del_flag` = 0 ) AND ( `from_username` = 'odOIPv9UcOs4N_jKX0JECOwADE7s' ) LIMIT 1   [ RunTime:0.026002s ]
SQL: SELECT * FROM `sys_user` WHERE ( `del_flag` = 0 ) AND ( `openid` = 'odOIPv9UcOs4N_jKX0JECOwADE7s' ) LIMIT 1   [ RunTime:0.001000s ]
SQL: SELECT * FROM `sys_user` WHERE ( `del_flag` = 0 ) AND ( `is_into` = '1' )  [ RunTime:0.002000s ]
SQL: SHOW COLUMNS FROM `device_relation_group` [ RunTime:0.012000s ]
SQL: SELECT device_relation_group.*,dgi.group_name,di.scan_code FROM `device_relation_group` LEFT JOIN deivce_group_info dgi on dgi.id = device_relation_group.dgi_id LEFT JOIN device_info di on di.id = device_relation_group.di_id WHERE ( di.owner_id IN ('kefuanmoyitest','2017061610_0EDE8AFAD47B2648DE9BE38F9D9B3EA5') ) AND ( dgi.del_flag = 0 ) ORDER BY device_relation_group.online_status desc  [ RunTime:0.046002s ]
INFO: [ view_template ] --START--
INFO: Run LocationTemplate Behavior [ RunTime:-2.184125s ]
INFO: [ view_template ] --END-- [ RunTime:0.034002s ]
INFO: [ view_parse ] --START--
INFO: Run ParseTemplate Behavior [ RunTime:-2.218127s ]
INFO: [ view_parse ] --END-- [ RunTime:0.110006s ]
INFO: [ view_filter ] --START--
INFO: Run ContentReplace Behavior [ RunTime:-2.328133s ]
INFO: Run TokenBuild Behavior [ RunTime:-2.330133s ]
INFO: Run WriteHtmlCache Behavior [ RunTime:-2.331134s ]
INFO: Run ShowRuntime Behavior [ RunTime:-2.333134s ]
INFO: [ view_filter ] --END-- [ RunTime:0.006001s ]
INFO: [ view_end ] --START--
INFO: Run ShowPageTrace Behavior [ RunTime:-2.342134s ]
INFO: [ view_end ] --END-- [ RunTime:0.010001s ]

