[ 2017-10-13T10:13:45+08:00 ] 0.0.0.0 /Rose/index.php?g=Wap&m=VendLogin&a=login
INFO: [ app_begin ] --START--
INFO: Run ReadHtmlCache Behavior [ RunTime:0.001001s ]
INFO: [ app_begin ] --END-- [ RunTime:0.001001s ]
NOTIC: [8] A session had already been started - ignoring session_start() D:\phpStudy\WWW\Rose\Lib\Action\Wap\VendLoginAction.class.php 第 2 行.
INFO: [ view_template ] --START--
INFO: Run LocationTemplate Behavior [ RunTime:-0.055003s ]
INFO: [ view_template ] --END-- [ RunTime:0.063003s ]
INFO: [ view_parse ] --START--
INFO: Run ParseTemplate Behavior [ RunTime:-0.118006s ]
INFO: [ view_parse ] --END-- [ RunTime:0.346020s ]
INFO: [ view_filter ] --START--
INFO: Run ContentReplace Behavior [ RunTime:-0.464026s ]
INFO: Run TokenBuild Behavior [ RunTime:-0.484027s ]
INFO: Run WriteHtmlCache Behavior [ RunTime:-0.496028s ]
INFO: Run ShowRuntime Behavior [ RunTime:-0.523029s ]
INFO: [ view_filter ] --END-- [ RunTime:0.072004s ]
INFO: [ view_end ] --START--
INFO: Run ShowPageTrace Behavior [ RunTime:-0.536030s ]
INFO: [ view_end ] --END-- [ RunTime:0.036002s ]

[ 2017-10-13T10:35:28+08:00 ] 0.0.0.0 /Rose/index.php?g=Wap&m=VendLogin&a=login
INFO: [ app_begin ] --START--
INFO: Run ReadHtmlCache Behavior [ RunTime:0.004001s ]
INFO: [ app_begin ] --END-- [ RunTime:0.004001s ]
NOTIC: [8] A session had already been started - ignoring session_start() D:\phpStudy\WWW\Rose\Lib\Action\Wap\VendLoginAction.class.php 第 2 行.
INFO: [ view_template ] --START--
INFO: Run LocationTemplate Behavior [ RunTime:-0.051003s ]
INFO: [ view_template ] --END-- [ RunTime:0.006000s ]
INFO: [ view_parse ] --START--
INFO: Run ParseTemplate Behavior [ RunTime:-0.057003s ]
INFO: [ view_parse ] --END-- [ RunTime:0.022001s ]
INFO: [ view_filter ] --START--
INFO: Run ContentReplace Behavior [ RunTime:-0.079004s ]
INFO: Run TokenBuild Behavior [ RunTime:-0.080004s ]
INFO: Run WriteHtmlCache Behavior [ RunTime:-0.081004s ]
INFO: Run ShowRuntime Behavior [ RunTime:-0.082004s ]
INFO: [ view_filter ] --END-- [ RunTime:0.004000s ]
INFO: [ view_end ] --START--
INFO: Run ShowPageTrace Behavior [ RunTime:-0.083004s ]
INFO: [ view_end ] --END-- [ RunTime:0.002001s ]

[ 2017-10-13T10:36:17+08:00 ] 0.0.0.0 /Rose/index.php?g=Wap&m=Vendmanage&a=index
INFO: [ app_begin ] --START--
INFO: Run ReadHtmlCache Behavior [ RunTime:0.001000s ]
INFO: [ app_begin ] --END-- [ RunTime:0.001000s ]
NOTIC: [8] A session had already been started - ignoring session_start() D:\phpStudy\WWW\Rose\Lib\Action\Wap\VendmanageAction.class.php 第 2 行.
NOTIC: [8] A session had already been started - ignoring session_start() D:\phpStudy\WWW\Rose\Lib\Action\VendinghomeAction.class.php 第 2 行.
SQL: SHOW COLUMNS FROM `sys_user` [ RunTime:0.014000s ]
SQL: SELECT * FROM `sys_user` WHERE ( `del_flag` = 0 ) AND ( `openid` = 'odOIPv8267xTj4vLdcQ2xNb3Divo' ) AND ( `no` = '售货机' ) AND ( `id` = '2017091315_7D29AF66AE2DBB98A0718A6D9B90FCE1' ) LIMIT 1   [ RunTime:0.001001s ]
NOTIC: [8] Trying to get property of non-object D:\phpStudy\WWW\Rose\Core\Extend\Vendor\weixin\jssdk.php 第 75 行.
NOTIC: [8] Trying to get property of non-object D:\phpStudy\WWW\Rose\Core\Extend\Vendor\weixin\jssdk.php 第 53 行.
SQL: SHOW COLUMNS FROM `goods_consume_rec` [ RunTime:0.048003s ]
SQL: SELECT SUM(consume_account) AS tp_sum FROM `goods_consume_rec` WHERE ( `type` = '1' ) AND ( `owner_id` = '2017091315_7D29AF66AE2DBB98A0718A6D9B90FCE1' ) AND ( `command_status` = '2' ) AND ( `is_close` = '0' ) AND ( `del_flag` = '0' ) LIMIT 1   [ RunTime:0.001000s ]
SQL: SELECT SUM(consume_account) AS tp_sum FROM `goods_consume_rec` WHERE ( `type` = '2' ) AND ( `owner_id` = '2017091315_7D29AF66AE2DBB98A0718A6D9B90FCE1' ) AND ( `command_status` = '2' ) AND ( `is_close` = '0' ) AND ( `del_flag` = '0' ) LIMIT 1   [ RunTime:0.001000s ]
SQL: SHOW COLUMNS FROM `goods_rose_consume_rec` [ RunTime:0.040003s ]
SQL: SELECT SUM(consume_account) AS tp_sum FROM `goods_rose_consume_rec` WHERE ( `type` = '1' ) AND ( `owner_id` = '2017091315_7D29AF66AE2DBB98A0718A6D9B90FCE1' ) AND ( `command_status` = '2' ) AND ( `is_close` = '0' ) AND ( `del_flag` = '0' ) LIMIT 1   [ RunTime:0.001000s ]
SQL: SELECT SUM(consume_account) AS tp_sum FROM `goods_rose_consume_rec` WHERE ( `type` = '2' ) AND ( `owner_id` = '2017091315_7D29AF66AE2DBB98A0718A6D9B90FCE1' ) AND ( `command_status` = '2' ) AND ( `is_close` = '0' ) AND ( `del_flag` = '0' ) LIMIT 1   [ RunTime:0.000000s ]
SQL: UPDATE `sys_user` SET `vend_total`=10.4 WHERE ( `del_flag` = 0 ) AND ( `id` = '2017091315_7D29AF66AE2DBB98A0718A6D9B90FCE1' ) [ RunTime:0.016001s ]
INFO: [ view_template ] --START--
INFO: Run LocationTemplate Behavior [ RunTime:-1.607092s ]
INFO: [ view_template ] --END-- [ RunTime:0.015001s ]
INFO: [ view_parse ] --START--
INFO: Run ParseTemplate Behavior [ RunTime:-1.622093s ]
INFO: [ view_parse ] --END-- [ RunTime:0.023001s ]
INFO: [ view_filter ] --START--
INFO: Run ContentReplace Behavior [ RunTime:-1.646094s ]
INFO: Run TokenBuild Behavior [ RunTime:-1.647094s ]
INFO: Run WriteHtmlCache Behavior [ RunTime:-1.648094s ]
INFO: Run ShowRuntime Behavior [ RunTime:-1.649094s ]
INFO: [ view_filter ] --END-- [ RunTime:0.005000s ]
INFO: [ view_end ] --START--
INFO: Run ShowPageTrace Behavior [ RunTime:-1.650094s ]
INFO: [ view_end ] --END-- [ RunTime:0.002000s ]

[ 2017-10-13T10:36:23+08:00 ] 0.0.0.0 /Rose/index.php?g=Wap&m=Vendmanage&a=device_list
INFO: [ app_begin ] --START--
INFO: Run ReadHtmlCache Behavior [ RunTime:0.001000s ]
INFO: [ app_begin ] --END-- [ RunTime:0.001000s ]
NOTIC: [8] A session had already been started - ignoring session_start() D:\phpStudy\WWW\Rose\Lib\Action\Wap\VendmanageAction.class.php 第 2 行.
NOTIC: [8] A session had already been started - ignoring session_start() D:\phpStudy\WWW\Rose\Lib\Action\VendinghomeAction.class.php 第 2 行.
SQL: SHOW COLUMNS FROM `sys_user` [ RunTime:0.012001s ]
SQL: SELECT * FROM `sys_user` WHERE ( `del_flag` = 0 ) AND ( `openid` = 'odOIPv8267xTj4vLdcQ2xNb3Divo' ) AND ( `no` = '售货机' ) AND ( `id` = '2017091315_7D29AF66AE2DBB98A0718A6D9B90FCE1' ) LIMIT 1   [ RunTime:0.001000s ]
NOTIC: [8] Trying to get property of non-object D:\phpStudy\WWW\Rose\Core\Extend\Vendor\weixin\jssdk.php 第 75 行.
NOTIC: [8] Trying to get property of non-object D:\phpStudy\WWW\Rose\Core\Extend\Vendor\weixin\jssdk.php 第 53 行.
SQL: SHOW COLUMNS FROM `goods_vending` [ RunTime:0.047003s ]
SQL: SELECT * FROM `goods_vending` WHERE ( `del_flag` = '0' ) AND ( `owner_id` = '2017091315_7D29AF66AE2DBB98A0718A6D9B90FCE1' )  [ RunTime:0.005000s ]
INFO: [ view_template ] --START--
INFO: Run LocationTemplate Behavior [ RunTime:-1.333076s ]
INFO: [ view_template ] --END-- [ RunTime:0.003000s ]
INFO: [ view_parse ] --START--
INFO: Run ParseTemplate Behavior [ RunTime:-1.336076s ]
INFO: [ view_parse ] --END-- [ RunTime:0.034002s ]
INFO: [ view_filter ] --START--
INFO: Run ContentReplace Behavior [ RunTime:-1.370078s ]
INFO: Run TokenBuild Behavior [ RunTime:-1.371078s ]
INFO: Run WriteHtmlCache Behavior [ RunTime:-1.373079s ]
INFO: Run ShowRuntime Behavior [ RunTime:-1.374079s ]
INFO: [ view_filter ] --END-- [ RunTime:0.005001s ]
INFO: [ view_end ] --START--
INFO: Run ShowPageTrace Behavior [ RunTime:-1.376079s ]
INFO: [ view_end ] --END-- [ RunTime:0.002000s ]

[ 2017-10-13T10:36:27+08:00 ] 0.0.0.0 /Rose/index.php?g=Wap&m=Vendmanage&a=management&id=2017092018_40EEB7C1C303A8CF2D85E94502958D3E
INFO: [ app_begin ] --START--
INFO: Run ReadHtmlCache Behavior [ RunTime:0.001000s ]
INFO: [ app_begin ] --END-- [ RunTime:0.001000s ]
NOTIC: [8] A session had already been started - ignoring session_start() D:\phpStudy\WWW\Rose\Lib\Action\Wap\VendmanageAction.class.php 第 2 行.
NOTIC: [8] A session had already been started - ignoring session_start() D:\phpStudy\WWW\Rose\Lib\Action\VendinghomeAction.class.php 第 2 行.
SQL: SHOW COLUMNS FROM `sys_user` [ RunTime:0.014000s ]
SQL: SELECT * FROM `sys_user` WHERE ( `del_flag` = 0 ) AND ( `openid` = 'odOIPv8267xTj4vLdcQ2xNb3Divo' ) AND ( `no` = '售货机' ) AND ( `id` = '2017091315_7D29AF66AE2DBB98A0718A6D9B90FCE1' ) LIMIT 1   [ RunTime:0.001000s ]
NOTIC: [8] Trying to get property of non-object D:\phpStudy\WWW\Rose\Core\Extend\Vendor\weixin\jssdk.php 第 75 行.
NOTIC: [8] Trying to get property of non-object D:\phpStudy\WWW\Rose\Core\Extend\Vendor\weixin\jssdk.php 第 53 行.
SQL: SHOW COLUMNS FROM `goods_huodao` [ RunTime:0.069004s ]
SQL: SELECT * FROM `goods_huodao` WHERE ( `shipment_id` = '2017092018_40EEB7C1C303A8CF2D85E94502958D3E' ) ORDER BY number asc  [ RunTime:0.011001s ]
SQL: SHOW COLUMNS FROM `goods_shop` [ RunTime:0.051003s ]
SQL: SELECT * FROM `goods_shop` WHERE ( `owner_id` = '2017091315_7D29AF66AE2DBB98A0718A6D9B90FCE1' )  [ RunTime:0.008000s ]
INFO: [ view_template ] --START--
INFO: Run LocationTemplate Behavior [ RunTime:-1.476084s ]
INFO: [ view_template ] --END-- [ RunTime:0.002000s ]
INFO: [ view_parse ] --START--
NOTIC: [8] Undefined variable: owner_id D:\phpStudy\WWW\Rose\logs\Cache\Wap\fdce0c77d47c00d136d6872aa7f96180.php 第 93 行.
INFO: Run ParseTemplate Behavior [ RunTime:-1.478084s ]
INFO: [ view_parse ] --END-- [ RunTime:0.034002s ]
INFO: [ view_filter ] --START--
INFO: Run ContentReplace Behavior [ RunTime:-1.512086s ]
INFO: Run TokenBuild Behavior [ RunTime:-1.513086s ]
INFO: Run WriteHtmlCache Behavior [ RunTime:-1.515087s ]
INFO: Run ShowRuntime Behavior [ RunTime:-1.516087s ]
INFO: [ view_filter ] --END-- [ RunTime:0.005001s ]
INFO: [ view_end ] --START--
INFO: Run ShowPageTrace Behavior [ RunTime:-1.517087s ]
INFO: [ view_end ] --END-- [ RunTime:0.002000s ]

[ 2017-10-13T10:37:12+08:00 ] 0.0.0.0 /Rose/index.php?g=Wap&m=Vendmanage&a=management&id=2017092018_40EEB7C1C303A8CF2D85E94502958D3E
INFO: [ app_begin ] --START--
INFO: Run ReadHtmlCache Behavior [ RunTime:0.000000s ]
INFO: [ app_begin ] --END-- [ RunTime:0.000000s ]
NOTIC: [8] A session had already been started - ignoring session_start() D:\phpStudy\WWW\Rose\Lib\Action\Wap\VendmanageAction.class.php 第 2 行.
NOTIC: [8] A session had already been started - ignoring session_start() D:\phpStudy\WWW\Rose\Lib\Action\VendinghomeAction.class.php 第 2 行.
SQL: SHOW COLUMNS FROM `sys_user` [ RunTime:0.014000s ]
SQL: SELECT * FROM `sys_user` WHERE ( `del_flag` = 0 ) AND ( `openid` = 'odOIPv8267xTj4vLdcQ2xNb3Divo' ) AND ( `no` = '售货机' ) AND ( `id` = '2017091315_7D29AF66AE2DBB98A0718A6D9B90FCE1' ) LIMIT 1   [ RunTime:0.003001s ]
NOTIC: [8] Trying to get property of non-object D:\phpStudy\WWW\Rose\Core\Extend\Vendor\weixin\jssdk.php 第 75 行.
NOTIC: [8] Trying to get property of non-object D:\phpStudy\WWW\Rose\Core\Extend\Vendor\weixin\jssdk.php 第 53 行.
SQL: SHOW COLUMNS FROM `goods_huodao` [ RunTime:0.013001s ]
SQL: SELECT * FROM `goods_huodao` WHERE ( `shipment_id` = '2017092018_40EEB7C1C303A8CF2D85E94502958D3E' ) ORDER BY number asc  [ RunTime:0.001000s ]
SQL: SHOW COLUMNS FROM `goods_shop` [ RunTime:0.014001s ]
SQL: SELECT * FROM `goods_shop` WHERE ( `owner_id` = '2017091315_7D29AF66AE2DBB98A0718A6D9B90FCE1' )  [ RunTime:0.001000s ]
INFO: [ view_template ] --START--
INFO: Run LocationTemplate Behavior [ RunTime:-1.309075s ]
INFO: [ view_template ] --END-- [ RunTime:0.002000s ]
INFO: [ view_parse ] --START--
NOTIC: [8] Undefined variable: owner_id D:\phpStudy\WWW\Rose\logs\Cache\Wap\fdce0c77d47c00d136d6872aa7f96180.php 第 93 行.
INFO: Run ParseTemplate Behavior [ RunTime:-1.311075s ]
INFO: [ view_parse ] --END-- [ RunTime:0.017001s ]
INFO: [ view_filter ] --START--
INFO: Run ContentReplace Behavior [ RunTime:-1.328076s ]
INFO: Run TokenBuild Behavior [ RunTime:-1.329076s ]
INFO: Run WriteHtmlCache Behavior [ RunTime:-1.330076s ]
INFO: Run ShowRuntime Behavior [ RunTime:-1.331076s ]
INFO: [ view_filter ] --END-- [ RunTime:0.004000s ]
INFO: [ view_end ] --START--
INFO: Run ShowPageTrace Behavior [ RunTime:-1.332076s ]
INFO: [ view_end ] --END-- [ RunTime:0.002000s ]

[ 2017-10-13T10:48:02+08:00 ] 0.0.0.0 /Rose/index.php?g=Wap&m=Vendmanage&a=personal
INFO: [ app_begin ] --START--
INFO: Run ReadHtmlCache Behavior [ RunTime:0.001000s ]
INFO: [ app_begin ] --END-- [ RunTime:0.001000s ]
NOTIC: [8] A session had already been started - ignoring session_start() D:\phpStudy\WWW\Rose\Lib\Action\Wap\VendmanageAction.class.php 第 2 行.
NOTIC: [8] A session had already been started - ignoring session_start() D:\phpStudy\WWW\Rose\Lib\Action\VendinghomeAction.class.php 第 2 行.
SQL: SHOW COLUMNS FROM `sys_user` [ RunTime:0.019001s ]
SQL: SELECT * FROM `sys_user` WHERE ( `del_flag` = 0 ) AND ( `openid` = 'odOIPv8267xTj4vLdcQ2xNb3Divo' ) AND ( `no` = '售货机' ) AND ( `id` = '2017091315_7D29AF66AE2DBB98A0718A6D9B90FCE1' ) LIMIT 1   [ RunTime:0.001000s ]
NOTIC: [8] Trying to get property of non-object D:\phpStudy\WWW\Rose\Core\Extend\Vendor\weixin\jssdk.php 第 75 行.
NOTIC: [8] Trying to get property of non-object D:\phpStudy\WWW\Rose\Core\Extend\Vendor\weixin\jssdk.php 第 53 行.
SQL: SHOW COLUMNS FROM `goods_consume_rec` [ RunTime:0.018001s ]
SQL: SELECT SUM(consume_account) AS tp_sum FROM `goods_consume_rec` WHERE ( `create_date` >= '2017-10-13 00:00:00' ) AND ( `command_status` = 2 ) AND ( `del_flag` = 0 ) AND ( `owner_id` = '2017091315_7D29AF66AE2DBB98A0718A6D9B90FCE1' ) LIMIT 1   [ RunTime:0.000000s ]
SQL: SELECT SUM(vend_total-vend_consume) AS tp_sum FROM `sys_user` WHERE ( `del_flag` = 0 ) AND ( `id` = '2017091315_7D29AF66AE2DBB98A0718A6D9B90FCE1' ) LIMIT 1   [ RunTime:0.011001s ]
NOTIC: [2] trim() expects parameter 1 to be string, array given D:\phpStudy\WWW\Rose\Core\Lib\Core\Db.class.php 第 459 行.
SQL: SELECT SUM(consume_account) AS tp_sum FROM `goods_consume_rec` WHERE ( (`create_date` >= '2017-10')  ) AND ( `command_status` = 2 ) AND ( `del_flag` = 0 ) AND ( `owner_id` = '2017091315_7D29AF66AE2DBB98A0718A6D9B90FCE1' ) LIMIT 1   [ RunTime:0.000000s ]
SQL: SELECT sum(consume_account) as count FROM `goods_consume_rec` WHERE ( `command_status` = 2 ) AND ( `del_flag` = 0 ) AND ( `owner_id` = '2017091315_7D29AF66AE2DBB98A0718A6D9B90FCE1' ) GROUP BY deivce_code ORDER BY count desc LIMIT 1   [ RunTime:0.008000s ]
SQL: SHOW COLUMNS FROM `goods_vending` [ RunTime:0.017001s ]
SQL: SELECT sum(1) as count,`online_status` FROM `goods_vending` WHERE ( `del_flag` = 0 ) AND ( `owner_id` = '2017091315_7D29AF66AE2DBB98A0718A6D9B90FCE1' ) GROUP BY online_status ORDER BY online_status asc  [ RunTime:0.002000s ]
INFO: [ view_template ] --START--
INFO: Run LocationTemplate Behavior [ RunTime:-1.453083s ]
INFO: [ view_template ] --END-- [ RunTime:0.005001s ]
INFO: [ view_parse ] --START--
NOTIC: [8] Undefined variable: rose D:\phpStudy\WWW\Rose\logs\Cache\Wap\0d24bcd97e63343c12b935aa0d6975b0.php 第 146 行.
NOTIC: [8] Undefined variable: scan_code D:\phpStudy\WWW\Rose\logs\Cache\Wap\0d24bcd97e63343c12b935aa0d6975b0.php 第 157 行.
INFO: Run ParseTemplate Behavior [ RunTime:-1.458084s ]
INFO: [ view_parse ] --END-- [ RunTime:0.036002s ]
INFO: [ view_filter ] --START--
INFO: Run ContentReplace Behavior [ RunTime:-1.494086s ]
INFO: Run TokenBuild Behavior [ RunTime:-1.495086s ]
INFO: Run WriteHtmlCache Behavior [ RunTime:-1.495086s ]
INFO: Run ShowRuntime Behavior [ RunTime:-1.496086s ]
INFO: [ view_filter ] --END-- [ RunTime:0.003000s ]
INFO: [ view_end ] --START--
INFO: Run ShowPageTrace Behavior [ RunTime:-1.497086s ]
INFO: [ view_end ] --END-- [ RunTime:0.001000s ]

[ 2017-10-13T10:48:05+08:00 ] 0.0.0.0 /Rose/index.php?g=Wap&m=Vendmanage&a=logouts
INFO: [ app_begin ] --START--
INFO: Run ReadHtmlCache Behavior [ RunTime:0.001000s ]
INFO: [ app_begin ] --END-- [ RunTime:0.001000s ]
NOTIC: [8] A session had already been started - ignoring session_start() D:\phpStudy\WWW\Rose\Lib\Action\Wap\VendmanageAction.class.php 第 2 行.
NOTIC: [8] A session had already been started - ignoring session_start() D:\phpStudy\WWW\Rose\Lib\Action\VendinghomeAction.class.php 第 2 行.
SQL: SHOW COLUMNS FROM `sys_user` [ RunTime:0.012000s ]
SQL: SELECT * FROM `sys_user` WHERE ( `del_flag` = 0 ) AND ( `openid` = 'odOIPv8267xTj4vLdcQ2xNb3Divo' ) AND ( `no` = '售货机' ) AND ( `id` = '2017091315_7D29AF66AE2DBB98A0718A6D9B90FCE1' ) LIMIT 1   [ RunTime:0.001000s ]
NOTIC: [8] Trying to get property of non-object D:\phpStudy\WWW\Rose\Core\Extend\Vendor\weixin\jssdk.php 第 75 行.
NOTIC: [8] Trying to get property of non-object D:\phpStudy\WWW\Rose\Core\Extend\Vendor\weixin\jssdk.php 第 53 行.

[ 2017-10-13T10:48:05+08:00 ] 0.0.0.0 /Rose/index.php?g=Wap&m=VendLogin&a=login
INFO: [ app_begin ] --START--
INFO: Run ReadHtmlCache Behavior [ RunTime:0.001000s ]
INFO: [ app_begin ] --END-- [ RunTime:0.001000s ]
NOTIC: [8] A session had already been started - ignoring session_start() D:\phpStudy\WWW\Rose\Lib\Action\Wap\VendLoginAction.class.php 第 2 行.
INFO: [ view_template ] --START--
INFO: Run LocationTemplate Behavior [ RunTime:-0.010001s ]
INFO: [ view_template ] --END-- [ RunTime:0.001000s ]
INFO: [ view_parse ] --START--
INFO: Run ParseTemplate Behavior [ RunTime:-0.011001s ]
INFO: [ view_parse ] --END-- [ RunTime:0.010001s ]
INFO: [ view_filter ] --START--
INFO: Run ContentReplace Behavior [ RunTime:-0.021002s ]
INFO: Run TokenBuild Behavior [ RunTime:-0.022002s ]
INFO: Run WriteHtmlCache Behavior [ RunTime:-0.022002s ]
INFO: Run ShowRuntime Behavior [ RunTime:-0.023002s ]
INFO: [ view_filter ] --END-- [ RunTime:0.003000s ]
INFO: [ view_end ] --START--
INFO: Run ShowPageTrace Behavior [ RunTime:-0.024002s ]
INFO: [ view_end ] --END-- [ RunTime:0.001000s ]

[ 2017-10-13T10:51:38+08:00 ] 0.0.0.0 /Rose/index.php?g=Wap&m=Vendmanage&a=index
INFO: [ app_begin ] --START--
INFO: Run ReadHtmlCache Behavior [ RunTime:0.001001s ]
INFO: [ app_begin ] --END-- [ RunTime:0.001001s ]
NOTIC: [8] A session had already been started - ignoring session_start() D:\phpStudy\WWW\Rose\Lib\Action\Wap\VendmanageAction.class.php 第 2 行.
NOTIC: [8] A session had already been started - ignoring session_start() D:\phpStudy\WWW\Rose\Lib\Action\VendinghomeAction.class.php 第 2 行.
SQL: SHOW COLUMNS FROM `sys_user` [ RunTime:0.019001s ]
SQL: SELECT * FROM `sys_user` WHERE ( `del_flag` = 0 ) AND ( `openid` = 'odOIPv8267xTj4vLdcQ2xNb3Divo' ) AND ( `no` = '售货机' ) AND ( `id` = '2017091315_7D29AF66AE2DBB98A0718A6D9B90FCE1' ) LIMIT 1   [ RunTime:0.002000s ]
NOTIC: [8] Trying to get property of non-object D:\phpStudy\WWW\Rose\Core\Extend\Vendor\weixin\jssdk.php 第 75 行.
NOTIC: [8] Trying to get property of non-object D:\phpStudy\WWW\Rose\Core\Extend\Vendor\weixin\jssdk.php 第 53 行.
SQL: SHOW COLUMNS FROM `goods_consume_rec` [ RunTime:0.018001s ]
SQL: SELECT SUM(consume_account) AS tp_sum FROM `goods_consume_rec` WHERE ( `type` = '1' ) AND ( `owner_id` = '2017091315_7D29AF66AE2DBB98A0718A6D9B90FCE1' ) AND ( `command_status` = '2' ) AND ( `is_close` = '0' ) AND ( `del_flag` = '0' ) LIMIT 1   [ RunTime:0.000000s ]
SQL: SELECT SUM(consume_account) AS tp_sum FROM `goods_consume_rec` WHERE ( `type` = '2' ) AND ( `owner_id` = '2017091315_7D29AF66AE2DBB98A0718A6D9B90FCE1' ) AND ( `command_status` = '2' ) AND ( `is_close` = '0' ) AND ( `del_flag` = '0' ) LIMIT 1   [ RunTime:0.000000s ]
SQL: SHOW COLUMNS FROM `goods_rose_consume_rec` [ RunTime:0.019001s ]
SQL: SELECT SUM(consume_account) AS tp_sum FROM `goods_rose_consume_rec` WHERE ( `type` = '1' ) AND ( `owner_id` = '2017091315_7D29AF66AE2DBB98A0718A6D9B90FCE1' ) AND ( `command_status` = '2' ) AND ( `is_close` = '0' ) AND ( `del_flag` = '0' ) LIMIT 1   [ RunTime:0.001000s ]
SQL: SELECT SUM(consume_account) AS tp_sum FROM `goods_rose_consume_rec` WHERE ( `type` = '2' ) AND ( `owner_id` = '2017091315_7D29AF66AE2DBB98A0718A6D9B90FCE1' ) AND ( `command_status` = '2' ) AND ( `is_close` = '0' ) AND ( `del_flag` = '0' ) LIMIT 1   [ RunTime:0.001000s ]
SQL: UPDATE `sys_user` SET `vend_total`=10.4 WHERE ( `del_flag` = 0 ) AND ( `id` = '2017091315_7D29AF66AE2DBB98A0718A6D9B90FCE1' ) [ RunTime:0.016001s ]
INFO: [ view_template ] --START--
INFO: Run LocationTemplate Behavior [ RunTime:-1.788102s ]
INFO: [ view_template ] --END-- [ RunTime:0.002000s ]
INFO: [ view_parse ] --START--
INFO: Run ParseTemplate Behavior [ RunTime:-1.790102s ]
INFO: [ view_parse ] --END-- [ RunTime:0.011001s ]
INFO: [ view_filter ] --START--
INFO: Run ContentReplace Behavior [ RunTime:-1.801103s ]
INFO: Run TokenBuild Behavior [ RunTime:-1.802103s ]
INFO: Run WriteHtmlCache Behavior [ RunTime:-1.802103s ]
INFO: Run ShowRuntime Behavior [ RunTime:-1.803103s ]
INFO: [ view_filter ] --END-- [ RunTime:0.003000s ]
INFO: [ view_end ] --START--
INFO: Run ShowPageTrace Behavior [ RunTime:-1.804103s ]
INFO: [ view_end ] --END-- [ RunTime:0.001000s ]

[ 2017-10-13T10:51:41+08:00 ] 0.0.0.0 /Rose/index.php?g=Wap&m=Vendmanage&a=device_list
INFO: [ app_begin ] --START--
INFO: Run ReadHtmlCache Behavior [ RunTime:0.001000s ]
INFO: [ app_begin ] --END-- [ RunTime:0.001000s ]
NOTIC: [8] A session had already been started - ignoring session_start() D:\phpStudy\WWW\Rose\Lib\Action\Wap\VendmanageAction.class.php 第 2 行.
NOTIC: [8] A session had already been started - ignoring session_start() D:\phpStudy\WWW\Rose\Lib\Action\VendinghomeAction.class.php 第 2 行.
SQL: SHOW COLUMNS FROM `sys_user` [ RunTime:0.018001s ]
SQL: SELECT * FROM `sys_user` WHERE ( `del_flag` = 0 ) AND ( `openid` = 'odOIPv8267xTj4vLdcQ2xNb3Divo' ) AND ( `no` = '售货机' ) AND ( `id` = '2017091315_7D29AF66AE2DBB98A0718A6D9B90FCE1' ) LIMIT 1   [ RunTime:0.001000s ]
NOTIC: [8] Trying to get property of non-object D:\phpStudy\WWW\Rose\Core\Extend\Vendor\weixin\jssdk.php 第 75 行.
NOTIC: [8] Trying to get property of non-object D:\phpStudy\WWW\Rose\Core\Extend\Vendor\weixin\jssdk.php 第 53 行.
SQL: SHOW COLUMNS FROM `goods_vending` [ RunTime:0.016001s ]
SQL: SELECT * FROM `goods_vending` WHERE ( `del_flag` = '0' ) AND ( `owner_id` = '2017091315_7D29AF66AE2DBB98A0718A6D9B90FCE1' )  [ RunTime:0.000000s ]
INFO: [ view_template ] --START--
INFO: Run LocationTemplate Behavior [ RunTime:-2.274130s ]
INFO: [ view_template ] --END-- [ RunTime:0.002000s ]
INFO: [ view_parse ] --START--
INFO: Run ParseTemplate Behavior [ RunTime:-2.276130s ]
INFO: [ view_parse ] --END-- [ RunTime:0.012001s ]
INFO: [ view_filter ] --START--
INFO: Run ContentReplace Behavior [ RunTime:-2.288131s ]
INFO: Run TokenBuild Behavior [ RunTime:-2.289131s ]
INFO: Run WriteHtmlCache Behavior [ RunTime:-2.289131s ]
INFO: Run ShowRuntime Behavior [ RunTime:-2.290131s ]
INFO: [ view_filter ] --END-- [ RunTime:0.003000s ]
INFO: [ view_end ] --START--
INFO: Run ShowPageTrace Behavior [ RunTime:-2.291131s ]
INFO: [ view_end ] --END-- [ RunTime:0.001000s ]

[ 2017-10-13T10:51:44+08:00 ] 0.0.0.0 /Rose/index.php?g=Wap&m=Vendmanage&a=update&id=2017091911_9396FD634F85D24C43315F2126B53F13
INFO: [ app_begin ] --START--
INFO: Run ReadHtmlCache Behavior [ RunTime:0.002000s ]
INFO: [ app_begin ] --END-- [ RunTime:0.002000s ]
NOTIC: [8] A session had already been started - ignoring session_start() D:\phpStudy\WWW\Rose\Lib\Action\Wap\VendmanageAction.class.php 第 2 行.
NOTIC: [8] A session had already been started - ignoring session_start() D:\phpStudy\WWW\Rose\Lib\Action\VendinghomeAction.class.php 第 2 行.
SQL: SHOW COLUMNS FROM `sys_user` [ RunTime:0.017001s ]
SQL: SELECT * FROM `sys_user` WHERE ( `del_flag` = 0 ) AND ( `openid` = 'odOIPv8267xTj4vLdcQ2xNb3Divo' ) AND ( `no` = '售货机' ) AND ( `id` = '2017091315_7D29AF66AE2DBB98A0718A6D9B90FCE1' ) LIMIT 1   [ RunTime:0.001000s ]
NOTIC: [8] Trying to get property of non-object D:\phpStudy\WWW\Rose\Core\Extend\Vendor\weixin\jssdk.php 第 75 行.
NOTIC: [8] Trying to get property of non-object D:\phpStudy\WWW\Rose\Core\Extend\Vendor\weixin\jssdk.php 第 53 行.
SQL: SHOW COLUMNS FROM `goods_vending` [ RunTime:0.018001s ]
SQL: SELECT * FROM `goods_vending` WHERE ( `id` = '2017091911_9396FD634F85D24C43315F2126B53F13' ) AND ( `del_flag` = '0' ) LIMIT 1   [ RunTime:0.011001s ]
INFO: [ view_template ] --START--
INFO: Run LocationTemplate Behavior [ RunTime:-1.333076s ]
INFO: [ view_template ] --END-- [ RunTime:0.003000s ]
INFO: [ view_parse ] --START--
NOTIC: [8] Undefined variable: openid D:\phpStudy\WWW\Rose\logs\Cache\Wap\844f1c3abbe2e40e400ae13c3da0bd8b.php 第 64 行.
NOTIC: [8] Undefined variable: openid D:\phpStudy\WWW\Rose\logs\Cache\Wap\844f1c3abbe2e40e400ae13c3da0bd8b.php 第 65 行.
NOTIC: [8] Undefined variable: openid D:\phpStudy\WWW\Rose\logs\Cache\Wap\844f1c3abbe2e40e400ae13c3da0bd8b.php 第 66 行.
NOTIC: [8] Undefined variable: openid D:\phpStudy\WWW\Rose\logs\Cache\Wap\844f1c3abbe2e40e400ae13c3da0bd8b.php 第 67 行.
INFO: Run ParseTemplate Behavior [ RunTime:-1.336076s ]
INFO: [ view_parse ] --END-- [ RunTime:0.057003s ]
INFO: [ view_filter ] --START--
INFO: Run ContentReplace Behavior [ RunTime:-1.393079s ]
INFO: Run TokenBuild Behavior [ RunTime:-1.394079s ]
INFO: Run WriteHtmlCache Behavior [ RunTime:-1.396080s ]
INFO: Run ShowRuntime Behavior [ RunTime:-1.396080s ]
INFO: [ view_filter ] --END-- [ RunTime:0.005001s ]
INFO: [ view_end ] --START--
INFO: Run ShowPageTrace Behavior [ RunTime:-1.398080s ]
INFO: [ view_end ] --END-- [ RunTime:0.001000s ]

[ 2017-10-13T10:51:49+08:00 ] 0.0.0.0 /Rose/index.php?g=Wap&m=Vendmanage&a=update_device
INFO: [ app_begin ] --START--
INFO: Run ReadHtmlCache Behavior [ RunTime:0.001000s ]
INFO: [ app_begin ] --END-- [ RunTime:0.001000s ]
NOTIC: [8] A session had already been started - ignoring session_start() D:\phpStudy\WWW\Rose\Lib\Action\Wap\VendmanageAction.class.php 第 2 行.
NOTIC: [8] A session had already been started - ignoring session_start() D:\phpStudy\WWW\Rose\Lib\Action\VendinghomeAction.class.php 第 2 行.
SQL: SHOW COLUMNS FROM `sys_user` [ RunTime:0.007001s ]
SQL: SELECT * FROM `sys_user` WHERE ( `del_flag` = 0 ) AND ( `openid` = 'odOIPv8267xTj4vLdcQ2xNb3Divo' ) AND ( `no` = '售货机' ) AND ( `id` = '2017091315_7D29AF66AE2DBB98A0718A6D9B90FCE1' ) LIMIT 1   [ RunTime:0.001000s ]
NOTIC: [8] Trying to get property of non-object D:\phpStudy\WWW\Rose\Core\Extend\Vendor\weixin\jssdk.php 第 75 行.
NOTIC: [8] Trying to get property of non-object D:\phpStudy\WWW\Rose\Core\Extend\Vendor\weixin\jssdk.php 第 53 行.
SQL: SHOW COLUMNS FROM `goods_vending` [ RunTime:0.020001s ]
SQL: UPDATE `goods_vending` SET `device_code`='A352425021222041',`device_command`='13631577',`pay_price`='10-1,20-2,50-5,100-10,200-20,500-50',`address`='深圳南山',`number_routes`='9',`remarks`='123',`update_date`='2017-10-13 10:51:49' WHERE ( `id` = '2017091911_9396FD634F85D24C43315F2126B53F13' ) AND ( `del_flag` = '0' ) [ RunTime:0.028002s ]

[ 2017-10-13T10:56:08+08:00 ] 0.0.0.0 /Rose/index.php?g=Wap&m=Vendmanage&a=device_list
INFO: [ app_begin ] --START--
INFO: Run ReadHtmlCache Behavior [ RunTime:0.003000s ]
INFO: [ app_begin ] --END-- [ RunTime:0.003000s ]
NOTIC: [8] A session had already been started - ignoring session_start() D:\phpStudy\WWW\Rose\Lib\Action\Wap\VendmanageAction.class.php 第 2 行.
NOTIC: [8] A session had already been started - ignoring session_start() D:\phpStudy\WWW\Rose\Lib\Action\VendinghomeAction.class.php 第 2 行.
SQL: SHOW COLUMNS FROM `sys_user` [ RunTime:0.014000s ]
SQL: SELECT * FROM `sys_user` WHERE ( `del_flag` = 0 ) AND ( `openid` = 'odOIPv8267xTj4vLdcQ2xNb3Divo' ) AND ( `no` = '售货机' ) AND ( `id` = '2017091315_7D29AF66AE2DBB98A0718A6D9B90FCE1' ) LIMIT 1   [ RunTime:0.001000s ]
NOTIC: [8] Trying to get property of non-object D:\phpStudy\WWW\Rose\Core\Extend\Vendor\weixin\jssdk.php 第 75 行.
NOTIC: [8] Trying to get property of non-object D:\phpStudy\WWW\Rose\Core\Extend\Vendor\weixin\jssdk.php 第 53 行.
SQL: SHOW COLUMNS FROM `goods_vending` [ RunTime:0.013001s ]
SQL: SELECT * FROM `goods_vending` WHERE ( `del_flag` = '0' ) AND ( `owner_id` = '2017091315_7D29AF66AE2DBB98A0718A6D9B90FCE1' )  [ RunTime:0.001000s ]
INFO: [ view_template ] --START--
INFO: Run LocationTemplate Behavior [ RunTime:-1.278073s ]
INFO: [ view_template ] --END-- [ RunTime:0.002000s ]
INFO: [ view_parse ] --START--
INFO: Run ParseTemplate Behavior [ RunTime:-1.280073s ]
INFO: [ view_parse ] --END-- [ RunTime:0.020002s ]
INFO: [ view_filter ] --START--
INFO: Run ContentReplace Behavior [ RunTime:-1.300075s ]
INFO: Run TokenBuild Behavior [ RunTime:-1.301075s ]
INFO: Run WriteHtmlCache Behavior [ RunTime:-1.302075s ]
INFO: Run ShowRuntime Behavior [ RunTime:-1.303075s ]
INFO: [ view_filter ] --END-- [ RunTime:0.004000s ]
INFO: [ view_end ] --START--
INFO: Run ShowPageTrace Behavior [ RunTime:-1.304075s ]
INFO: [ view_end ] --END-- [ RunTime:0.001000s ]

[ 2017-10-13T10:56:20+08:00 ] 0.0.0.0 /Rose/index.php?g=Wap&m=Vendmanage&a=update&id=2017092018_40EEB7C1C303A8CF2D85E94502958D3E
INFO: [ app_begin ] --START--
INFO: Run ReadHtmlCache Behavior [ RunTime:0.000000s ]
INFO: [ app_begin ] --END-- [ RunTime:0.000000s ]
NOTIC: [8] A session had already been started - ignoring session_start() D:\phpStudy\WWW\Rose\Lib\Action\Wap\VendmanageAction.class.php 第 2 行.
NOTIC: [8] A session had already been started - ignoring session_start() D:\phpStudy\WWW\Rose\Lib\Action\VendinghomeAction.class.php 第 2 行.
SQL: SHOW COLUMNS FROM `sys_user` [ RunTime:0.019001s ]
SQL: SELECT * FROM `sys_user` WHERE ( `del_flag` = 0 ) AND ( `openid` = 'odOIPv8267xTj4vLdcQ2xNb3Divo' ) AND ( `no` = '售货机' ) AND ( `id` = '2017091315_7D29AF66AE2DBB98A0718A6D9B90FCE1' ) LIMIT 1   [ RunTime:0.001000s ]
NOTIC: [8] Trying to get property of non-object D:\phpStudy\WWW\Rose\Core\Extend\Vendor\weixin\jssdk.php 第 75 行.
NOTIC: [8] Trying to get property of non-object D:\phpStudy\WWW\Rose\Core\Extend\Vendor\weixin\jssdk.php 第 53 行.
SQL: SHOW COLUMNS FROM `goods_vending` [ RunTime:0.011001s ]
SQL: SELECT * FROM `goods_vending` WHERE ( `id` = '2017092018_40EEB7C1C303A8CF2D85E94502958D3E' ) AND ( `del_flag` = '0' ) LIMIT 1   [ RunTime:0.001000s ]
INFO: [ view_template ] --START--
INFO: Run LocationTemplate Behavior [ RunTime:-1.270073s ]
INFO: [ view_template ] --END-- [ RunTime:0.001000s ]
INFO: [ view_parse ] --START--
NOTIC: [8] Undefined variable: openid D:\phpStudy\WWW\Rose\logs\Cache\Wap\844f1c3abbe2e40e400ae13c3da0bd8b.php 第 64 行.
NOTIC: [8] Undefined variable: openid D:\phpStudy\WWW\Rose\logs\Cache\Wap\844f1c3abbe2e40e400ae13c3da0bd8b.php 第 65 行.
NOTIC: [8] Undefined variable: openid D:\phpStudy\WWW\Rose\logs\Cache\Wap\844f1c3abbe2e40e400ae13c3da0bd8b.php 第 66 行.
NOTIC: [8] Undefined variable: openid D:\phpStudy\WWW\Rose\logs\Cache\Wap\844f1c3abbe2e40e400ae13c3da0bd8b.php 第 67 行.
INFO: Run ParseTemplate Behavior [ RunTime:-1.271073s ]
INFO: [ view_parse ] --END-- [ RunTime:0.013000s ]
INFO: [ view_filter ] --START--
INFO: Run ContentReplace Behavior [ RunTime:-1.285074s ]
INFO: Run TokenBuild Behavior [ RunTime:-1.285074s ]
INFO: Run WriteHtmlCache Behavior [ RunTime:-1.286074s ]
INFO: Run ShowRuntime Behavior [ RunTime:-1.287074s ]
INFO: [ view_filter ] --END-- [ RunTime:0.003000s ]
INFO: [ view_end ] --START--
INFO: Run ShowPageTrace Behavior [ RunTime:-1.288074s ]
INFO: [ view_end ] --END-- [ RunTime:0.001000s ]

[ 2017-10-13T10:56:27+08:00 ] 0.0.0.0 /Rose/index.php?g=Wap&m=Vendmanage&a=management&id=2017092018_40EEB7C1C303A8CF2D85E94502958D3E
INFO: [ app_begin ] --START--
INFO: Run ReadHtmlCache Behavior [ RunTime:0.001000s ]
INFO: [ app_begin ] --END-- [ RunTime:0.001000s ]
NOTIC: [8] A session had already been started - ignoring session_start() D:\phpStudy\WWW\Rose\Lib\Action\Wap\VendmanageAction.class.php 第 2 行.
NOTIC: [8] A session had already been started - ignoring session_start() D:\phpStudy\WWW\Rose\Lib\Action\VendinghomeAction.class.php 第 2 行.
SQL: SHOW COLUMNS FROM `sys_user` [ RunTime:0.018001s ]
SQL: SELECT * FROM `sys_user` WHERE ( `del_flag` = 0 ) AND ( `openid` = 'odOIPv8267xTj4vLdcQ2xNb3Divo' ) AND ( `no` = '售货机' ) AND ( `id` = '2017091315_7D29AF66AE2DBB98A0718A6D9B90FCE1' ) LIMIT 1   [ RunTime:0.001000s ]
NOTIC: [8] Trying to get property of non-object D:\phpStudy\WWW\Rose\Core\Extend\Vendor\weixin\jssdk.php 第 75 行.
NOTIC: [8] Trying to get property of non-object D:\phpStudy\WWW\Rose\Core\Extend\Vendor\weixin\jssdk.php 第 53 行.
SQL: SHOW COLUMNS FROM `goods_huodao` [ RunTime:0.019001s ]
SQL: SELECT * FROM `goods_huodao` WHERE ( `shipment_id` = '2017092018_40EEB7C1C303A8CF2D85E94502958D3E' ) ORDER BY number asc  [ RunTime:0.001000s ]
SQL: SHOW COLUMNS FROM `goods_shop` [ RunTime:0.015001s ]
SQL: SELECT * FROM `goods_shop` WHERE ( `owner_id` = '2017091315_7D29AF66AE2DBB98A0718A6D9B90FCE1' )  [ RunTime:0.001000s ]
INFO: [ view_template ] --START--
INFO: Run LocationTemplate Behavior [ RunTime:-1.309075s ]
INFO: [ view_template ] --END-- [ RunTime:0.001000s ]
INFO: [ view_parse ] --START--
NOTIC: [8] Undefined variable: owner_id D:\phpStudy\WWW\Rose\logs\Cache\Wap\fdce0c77d47c00d136d6872aa7f96180.php 第 93 行.
INFO: Run ParseTemplate Behavior [ RunTime:-1.310075s ]
INFO: [ view_parse ] --END-- [ RunTime:0.014001s ]
INFO: [ view_filter ] --START--
INFO: Run ContentReplace Behavior [ RunTime:-1.324076s ]
INFO: Run TokenBuild Behavior [ RunTime:-1.325076s ]
INFO: Run WriteHtmlCache Behavior [ RunTime:-1.326076s ]
INFO: Run ShowRuntime Behavior [ RunTime:-1.327076s ]
INFO: [ view_filter ] --END-- [ RunTime:0.004000s ]
INFO: [ view_end ] --START--
INFO: Run ShowPageTrace Behavior [ RunTime:-1.328076s ]
INFO: [ view_end ] --END-- [ RunTime:0.001000s ]

[ 2017-10-13T10:57:58+08:00 ] 0.0.0.0 /Rose/index.php?g=Wap&m=Vendmanage&a=index
INFO: [ app_begin ] --START--
INFO: Run ReadHtmlCache Behavior [ RunTime:0.002001s ]
INFO: [ app_begin ] --END-- [ RunTime:0.002001s ]
NOTIC: [8] A session had already been started - ignoring session_start() D:\phpStudy\WWW\Rose\Lib\Action\Wap\VendmanageAction.class.php 第 2 行.
NOTIC: [8] A session had already been started - ignoring session_start() D:\phpStudy\WWW\Rose\Lib\Action\VendinghomeAction.class.php 第 2 行.
SQL: SHOW COLUMNS FROM `sys_user` [ RunTime:0.020001s ]
SQL: SELECT * FROM `sys_user` WHERE ( `del_flag` = 0 ) AND ( `openid` = 'odOIPv8267xTj4vLdcQ2xNb3Divo' ) AND ( `no` = '售货机' ) AND ( `id` = '2017091315_7D29AF66AE2DBB98A0718A6D9B90FCE1' ) LIMIT 1   [ RunTime:0.000000s ]
NOTIC: [8] Trying to get property of non-object D:\phpStudy\WWW\Rose\Core\Extend\Vendor\weixin\jssdk.php 第 75 行.
NOTIC: [8] Trying to get property of non-object D:\phpStudy\WWW\Rose\Core\Extend\Vendor\weixin\jssdk.php 第 53 行.
SQL: SHOW COLUMNS FROM `goods_consume_rec` [ RunTime:0.018001s ]
SQL: SELECT SUM(consume_account) AS tp_sum FROM `goods_consume_rec` WHERE ( `type` = '1' ) AND ( `owner_id` = '2017091315_7D29AF66AE2DBB98A0718A6D9B90FCE1' ) AND ( `command_status` = '2' ) AND ( `is_close` = '0' ) AND ( `del_flag` = '0' ) LIMIT 1   [ RunTime:0.001000s ]
SQL: SELECT SUM(consume_account) AS tp_sum FROM `goods_consume_rec` WHERE ( `type` = '2' ) AND ( `owner_id` = '2017091315_7D29AF66AE2DBB98A0718A6D9B90FCE1' ) AND ( `command_status` = '2' ) AND ( `is_close` = '0' ) AND ( `del_flag` = '0' ) LIMIT 1   [ RunTime:0.000000s ]
SQL: SHOW COLUMNS FROM `goods_rose_consume_rec` [ RunTime:0.010001s ]
SQL: SELECT SUM(consume_account) AS tp_sum FROM `goods_rose_consume_rec` WHERE ( `type` = '1' ) AND ( `owner_id` = '2017091315_7D29AF66AE2DBB98A0718A6D9B90FCE1' ) AND ( `command_status` = '2' ) AND ( `is_close` = '0' ) AND ( `del_flag` = '0' ) LIMIT 1   [ RunTime:0.000000s ]
SQL: SELECT SUM(consume_account) AS tp_sum FROM `goods_rose_consume_rec` WHERE ( `type` = '2' ) AND ( `owner_id` = '2017091315_7D29AF66AE2DBB98A0718A6D9B90FCE1' ) AND ( `command_status` = '2' ) AND ( `is_close` = '0' ) AND ( `del_flag` = '0' ) LIMIT 1   [ RunTime:0.000000s ]
SQL: UPDATE `sys_user` SET `vend_total`=10.4 WHERE ( `del_flag` = 0 ) AND ( `id` = '2017091315_7D29AF66AE2DBB98A0718A6D9B90FCE1' ) [ RunTime:0.037002s ]
INFO: [ view_template ] --START--
INFO: Run LocationTemplate Behavior [ RunTime:-1.342076s ]
INFO: [ view_template ] --END-- [ RunTime:0.001000s ]
INFO: [ view_parse ] --START--
INFO: Run ParseTemplate Behavior [ RunTime:-1.343076s ]
INFO: [ view_parse ] --END-- [ RunTime:0.011001s ]
INFO: [ view_filter ] --START--
INFO: Run ContentReplace Behavior [ RunTime:-1.354077s ]
INFO: Run TokenBuild Behavior [ RunTime:-1.355077s ]
INFO: Run WriteHtmlCache Behavior [ RunTime:-1.355077s ]
INFO: Run ShowRuntime Behavior [ RunTime:-1.356077s ]
INFO: [ view_filter ] --END-- [ RunTime:0.003000s ]
INFO: [ view_end ] --START--
INFO: Run ShowPageTrace Behavior [ RunTime:-1.357077s ]
INFO: [ view_end ] --END-- [ RunTime:0.000000s ]

[ 2017-10-13T10:58:02+08:00 ] 0.0.0.0 /Rose/index.php?g=Wap&m=Vendmanage&a=shop_manage
INFO: [ app_begin ] --START--
INFO: Run ReadHtmlCache Behavior [ RunTime:0.000000s ]
INFO: [ app_begin ] --END-- [ RunTime:0.001000s ]
NOTIC: [8] A session had already been started - ignoring session_start() D:\phpStudy\WWW\Rose\Lib\Action\Wap\VendmanageAction.class.php 第 2 行.
NOTIC: [8] A session had already been started - ignoring session_start() D:\phpStudy\WWW\Rose\Lib\Action\VendinghomeAction.class.php 第 2 行.
SQL: SHOW COLUMNS FROM `sys_user` [ RunTime:0.015001s ]
SQL: SELECT * FROM `sys_user` WHERE ( `del_flag` = 0 ) AND ( `openid` = 'odOIPv8267xTj4vLdcQ2xNb3Divo' ) AND ( `no` = '售货机' ) AND ( `id` = '2017091315_7D29AF66AE2DBB98A0718A6D9B90FCE1' ) LIMIT 1   [ RunTime:0.002000s ]
NOTIC: [8] Trying to get property of non-object D:\phpStudy\WWW\Rose\Core\Extend\Vendor\weixin\jssdk.php 第 75 行.
NOTIC: [8] Trying to get property of non-object D:\phpStudy\WWW\Rose\Core\Extend\Vendor\weixin\jssdk.php 第 53 行.
SQL: SHOW COLUMNS FROM `goods_shop` [ RunTime:0.018001s ]
SQL: SELECT * FROM `goods_shop` WHERE ( `owner_id` = '2017091315_7D29AF66AE2DBB98A0718A6D9B90FCE1' )  [ RunTime:0.001000s ]
INFO: [ view_template ] --START--
INFO: Run LocationTemplate Behavior [ RunTime:-2.059118s ]
INFO: [ view_template ] --END-- [ RunTime:0.005000s ]
INFO: [ view_parse ] --START--
INFO: Run ParseTemplate Behavior [ RunTime:-2.064118s ]
INFO: [ view_parse ] --END-- [ RunTime:0.024002s ]
INFO: [ view_filter ] --START--
INFO: Run ContentReplace Behavior [ RunTime:-2.088120s ]
INFO: Run TokenBuild Behavior [ RunTime:-2.089120s ]
INFO: Run WriteHtmlCache Behavior [ RunTime:-2.090120s ]
INFO: Run ShowRuntime Behavior [ RunTime:-2.090120s ]
INFO: [ view_filter ] --END-- [ RunTime:0.003000s ]
INFO: [ view_end ] --START--
INFO: Run ShowPageTrace Behavior [ RunTime:-2.091120s ]
INFO: [ view_end ] --END-- [ RunTime:0.001000s ]

[ 2017-10-13T10:58:10+08:00 ] 0.0.0.0 /Rose/index.php?g=Wap&m=Vendmanage&a=add_shop
INFO: [ app_begin ] --START--
INFO: Run ReadHtmlCache Behavior [ RunTime:0.001000s ]
INFO: [ app_begin ] --END-- [ RunTime:0.001000s ]
NOTIC: [8] A session had already been started - ignoring session_start() D:\phpStudy\WWW\Rose\Lib\Action\Wap\VendmanageAction.class.php 第 2 行.
NOTIC: [8] A session had already been started - ignoring session_start() D:\phpStudy\WWW\Rose\Lib\Action\VendinghomeAction.class.php 第 2 行.
SQL: SHOW COLUMNS FROM `sys_user` [ RunTime:0.018001s ]
SQL: SELECT * FROM `sys_user` WHERE ( `del_flag` = 0 ) AND ( `openid` = 'odOIPv8267xTj4vLdcQ2xNb3Divo' ) AND ( `no` = '售货机' ) AND ( `id` = '2017091315_7D29AF66AE2DBB98A0718A6D9B90FCE1' ) LIMIT 1   [ RunTime:0.001000s ]
NOTIC: [8] Trying to get property of non-object D:\phpStudy\WWW\Rose\Core\Extend\Vendor\weixin\jssdk.php 第 75 行.
NOTIC: [8] Trying to get property of non-object D:\phpStudy\WWW\Rose\Core\Extend\Vendor\weixin\jssdk.php 第 53 行.
INFO: [ view_template ] --START--
INFO: Run LocationTemplate Behavior [ RunTime:-1.655094s ]
INFO: [ view_template ] --END-- [ RunTime:0.002000s ]
INFO: [ view_parse ] --START--
INFO: Run ParseTemplate Behavior [ RunTime:-1.657094s ]
INFO: [ view_parse ] --END-- [ RunTime:0.063004s ]
INFO: [ view_filter ] --START--
INFO: Run ContentReplace Behavior [ RunTime:-1.720098s ]
INFO: Run TokenBuild Behavior [ RunTime:-1.722098s ]
INFO: Run WriteHtmlCache Behavior [ RunTime:-1.723098s ]
INFO: Run ShowRuntime Behavior [ RunTime:-1.724098s ]
INFO: [ view_filter ] --END-- [ RunTime:0.005000s ]
INFO: [ view_end ] --START--
INFO: Run ShowPageTrace Behavior [ RunTime:-1.726098s ]
INFO: [ view_end ] --END-- [ RunTime:0.001000s ]

[ 2017-10-13T10:58:44+08:00 ] 0.0.0.0 /Rose/index.php?g=Wap&m=Vendmanage&a=device_list
INFO: [ app_begin ] --START--
INFO: Run ReadHtmlCache Behavior [ RunTime:0.001000s ]
INFO: [ app_begin ] --END-- [ RunTime:0.002000s ]
NOTIC: [8] A session had already been started - ignoring session_start() D:\phpStudy\WWW\Rose\Lib\Action\Wap\VendmanageAction.class.php 第 2 行.
NOTIC: [8] A session had already been started - ignoring session_start() D:\phpStudy\WWW\Rose\Lib\Action\VendinghomeAction.class.php 第 2 行.
SQL: SHOW COLUMNS FROM `sys_user` [ RunTime:0.020001s ]
SQL: SELECT * FROM `sys_user` WHERE ( `del_flag` = 0 ) AND ( `openid` = 'odOIPv8267xTj4vLdcQ2xNb3Divo' ) AND ( `no` = '售货机' ) AND ( `id` = '2017091315_7D29AF66AE2DBB98A0718A6D9B90FCE1' ) LIMIT 1   [ RunTime:0.001000s ]
NOTIC: [8] Trying to get property of non-object D:\phpStudy\WWW\Rose\Core\Extend\Vendor\weixin\jssdk.php 第 75 行.
NOTIC: [8] Trying to get property of non-object D:\phpStudy\WWW\Rose\Core\Extend\Vendor\weixin\jssdk.php 第 53 行.
SQL: SHOW COLUMNS FROM `goods_vending` [ RunTime:0.016001s ]
SQL: SELECT * FROM `goods_vending` WHERE ( `del_flag` = '0' ) AND ( `owner_id` = '2017091315_7D29AF66AE2DBB98A0718A6D9B90FCE1' )  [ RunTime:0.001000s ]
INFO: [ view_template ] --START--
INFO: Run LocationTemplate Behavior [ RunTime:-1.278073s ]
INFO: [ view_template ] --END-- [ RunTime:0.001000s ]
INFO: [ view_parse ] --START--
INFO: Run ParseTemplate Behavior [ RunTime:-1.279073s ]
INFO: [ view_parse ] --END-- [ RunTime:0.013001s ]
INFO: [ view_filter ] --START--
INFO: Run ContentReplace Behavior [ RunTime:-1.292074s ]
INFO: Run TokenBuild Behavior [ RunTime:-1.293074s ]
INFO: Run WriteHtmlCache Behavior [ RunTime:-1.294074s ]
INFO: Run ShowRuntime Behavior [ RunTime:-1.294074s ]
INFO: [ view_filter ] --END-- [ RunTime:0.003000s ]
INFO: [ view_end ] --START--
INFO: Run ShowPageTrace Behavior [ RunTime:-1.295074s ]
INFO: [ view_end ] --END-- [ RunTime:0.001000s ]

[ 2017-10-13T10:58:47+08:00 ] 0.0.0.0 /Rose/index.php?g=Wap&m=Vendmanage&a=management&id=2017091911_9396FD634F85D24C43315F2126B53F13
INFO: [ app_begin ] --START--
INFO: Run ReadHtmlCache Behavior [ RunTime:0.000000s ]
INFO: [ app_begin ] --END-- [ RunTime:0.000000s ]
NOTIC: [8] A session had already been started - ignoring session_start() D:\phpStudy\WWW\Rose\Lib\Action\Wap\VendmanageAction.class.php 第 2 行.
NOTIC: [8] A session had already been started - ignoring session_start() D:\phpStudy\WWW\Rose\Lib\Action\VendinghomeAction.class.php 第 2 行.
SQL: SHOW COLUMNS FROM `sys_user` [ RunTime:0.018001s ]
SQL: SELECT * FROM `sys_user` WHERE ( `del_flag` = 0 ) AND ( `openid` = 'odOIPv8267xTj4vLdcQ2xNb3Divo' ) AND ( `no` = '售货机' ) AND ( `id` = '2017091315_7D29AF66AE2DBB98A0718A6D9B90FCE1' ) LIMIT 1   [ RunTime:0.001000s ]
NOTIC: [8] Trying to get property of non-object D:\phpStudy\WWW\Rose\Core\Extend\Vendor\weixin\jssdk.php 第 75 行.
NOTIC: [8] Trying to get property of non-object D:\phpStudy\WWW\Rose\Core\Extend\Vendor\weixin\jssdk.php 第 53 行.
SQL: SHOW COLUMNS FROM `goods_huodao` [ RunTime:0.019001s ]
SQL: SELECT * FROM `goods_huodao` WHERE ( `shipment_id` = '2017091911_9396FD634F85D24C43315F2126B53F13' ) ORDER BY number asc  [ RunTime:0.001000s ]
SQL: SHOW COLUMNS FROM `goods_shop` [ RunTime:0.016001s ]
SQL: SELECT * FROM `goods_shop` WHERE ( `owner_id` = '2017091315_7D29AF66AE2DBB98A0718A6D9B90FCE1' )  [ RunTime:0.001000s ]
INFO: [ view_template ] --START--
INFO: Run LocationTemplate Behavior [ RunTime:-1.304075s ]
INFO: [ view_template ] --END-- [ RunTime:0.001000s ]
INFO: [ view_parse ] --START--
NOTIC: [8] Undefined variable: owner_id D:\phpStudy\WWW\Rose\logs\Cache\Wap\fdce0c77d47c00d136d6872aa7f96180.php 第 93 行.
INFO: Run ParseTemplate Behavior [ RunTime:-1.305075s ]
INFO: [ view_parse ] --END-- [ RunTime:0.014001s ]
INFO: [ view_filter ] --START--
INFO: Run ContentReplace Behavior [ RunTime:-1.319076s ]
INFO: Run TokenBuild Behavior [ RunTime:-1.319076s ]
INFO: Run WriteHtmlCache Behavior [ RunTime:-1.320076s ]
INFO: Run ShowRuntime Behavior [ RunTime:-1.321076s ]
INFO: [ view_filter ] --END-- [ RunTime:0.002000s ]
INFO: [ view_end ] --START--
INFO: Run ShowPageTrace Behavior [ RunTime:-1.322076s ]
INFO: [ view_end ] --END-- [ RunTime:0.001000s ]

[ 2017-10-13T15:09:42+08:00 ] 0.0.0.0 /Rose/index.php?g=Wap&m=Vendmanage&a=index
INFO: [ app_begin ] --START--
INFO: Run ReadHtmlCache Behavior [ RunTime:0.049003s ]
INFO: [ app_begin ] --END-- [ RunTime:0.049003s ]
NOTIC: [8] A session had already been started - ignoring session_start() D:\phpStudy\WWW\Rose\Lib\Action\Wap\VendmanageAction.class.php 第 2 行.
NOTIC: [8] A session had already been started - ignoring session_start() D:\phpStudy\WWW\Rose\Lib\Action\VendinghomeAction.class.php 第 2 行.
SQL: SHOW COLUMNS FROM `sys_user` [ RunTime:0.012001s ]
SQL: SELECT * FROM `sys_user` WHERE ( `del_flag` = 0 ) AND ( `openid` = 'odOIPv8267xTj4vLdcQ2xNb3Divo' ) AND ( `no` = '售货机' ) AND ( `id` = '2017091315_7D29AF66AE2DBB98A0718A6D9B90FCE1' ) LIMIT 1   [ RunTime:0.022001s ]
NOTIC: [8] Trying to get property of non-object D:\phpStudy\WWW\Rose\Core\Extend\Vendor\weixin\jssdk.php 第 75 行.
NOTIC: [8] Trying to get property of non-object D:\phpStudy\WWW\Rose\Core\Extend\Vendor\weixin\jssdk.php 第 53 行.
SQL: SHOW COLUMNS FROM `goods_consume_rec` [ RunTime:0.020001s ]
SQL: SELECT SUM(consume_account) AS tp_sum FROM `goods_consume_rec` WHERE ( `type` = '1' ) AND ( `owner_id` = '2017091315_7D29AF66AE2DBB98A0718A6D9B90FCE1' ) AND ( `command_status` = '2' ) AND ( `is_close` = '0' ) AND ( `del_flag` = '0' ) LIMIT 1   [ RunTime:0.008000s ]
SQL: SELECT SUM(consume_account) AS tp_sum FROM `goods_consume_rec` WHERE ( `type` = '2' ) AND ( `owner_id` = '2017091315_7D29AF66AE2DBB98A0718A6D9B90FCE1' ) AND ( `command_status` = '2' ) AND ( `is_close` = '0' ) AND ( `del_flag` = '0' ) LIMIT 1   [ RunTime:0.000000s ]
SQL: SHOW COLUMNS FROM `goods_rose_consume_rec` [ RunTime:0.025002s ]
SQL: SELECT SUM(consume_account) AS tp_sum FROM `goods_rose_consume_rec` WHERE ( `type` = '1' ) AND ( `owner_id` = '2017091315_7D29AF66AE2DBB98A0718A6D9B90FCE1' ) AND ( `command_status` = '2' ) AND ( `is_close` = '0' ) AND ( `del_flag` = '0' ) LIMIT 1   [ RunTime:0.009000s ]
SQL: SELECT SUM(consume_account) AS tp_sum FROM `goods_rose_consume_rec` WHERE ( `type` = '2' ) AND ( `owner_id` = '2017091315_7D29AF66AE2DBB98A0718A6D9B90FCE1' ) AND ( `command_status` = '2' ) AND ( `is_close` = '0' ) AND ( `del_flag` = '0' ) LIMIT 1   [ RunTime:0.001000s ]
SQL: UPDATE `sys_user` SET `vend_total`=10.4 WHERE ( `del_flag` = 0 ) AND ( `id` = '2017091315_7D29AF66AE2DBB98A0718A6D9B90FCE1' ) [ RunTime:0.057004s ]
INFO: [ view_template ] --START--
INFO: Run LocationTemplate Behavior [ RunTime:-2.246129s ]
INFO: [ view_template ] --END-- [ RunTime:0.081004s ]
INFO: [ view_parse ] --START--
INFO: Run ParseTemplate Behavior [ RunTime:-2.327133s ]
INFO: [ view_parse ] --END-- [ RunTime:0.081005s ]
INFO: [ view_filter ] --START--
INFO: Run ContentReplace Behavior [ RunTime:-2.408138s ]
INFO: Run TokenBuild Behavior [ RunTime:-2.412138s ]
INFO: Run WriteHtmlCache Behavior [ RunTime:-2.415138s ]
INFO: Run ShowRuntime Behavior [ RunTime:-2.416138s ]
INFO: [ view_filter ] --END-- [ RunTime:0.010000s ]
INFO: [ view_end ] --START--
INFO: Run ShowPageTrace Behavior [ RunTime:-2.418138s ]
INFO: [ view_end ] --END-- [ RunTime:0.001000s ]

[ 2017-10-13T15:53:40+08:00 ] 0.0.0.0 /Rose/index.php?g=Wap&m=Vendmanage&a=personal
INFO: [ app_begin ] --START--
INFO: Run ReadHtmlCache Behavior [ RunTime:0.001000s ]
INFO: [ app_begin ] --END-- [ RunTime:0.001000s ]
NOTIC: [8] A session had already been started - ignoring session_start() D:\phpStudy\WWW\Rose\Lib\Action\Wap\VendmanageAction.class.php 第 2 行.
NOTIC: [8] A session had already been started - ignoring session_start() D:\phpStudy\WWW\Rose\Lib\Action\VendinghomeAction.class.php 第 2 行.
SQL: SHOW COLUMNS FROM `sys_user` [ RunTime:0.015001s ]
SQL: SELECT * FROM `sys_user` WHERE ( `del_flag` = 0 ) AND ( `openid` = 'odOIPv8267xTj4vLdcQ2xNb3Divo' ) AND ( `no` = '售货机' ) AND ( `id` = '2017091315_7D29AF66AE2DBB98A0718A6D9B90FCE1' ) LIMIT 1   [ RunTime:0.001000s ]
NOTIC: [8] Trying to get property of non-object D:\phpStudy\WWW\Rose\Core\Extend\Vendor\weixin\jssdk.php 第 75 行.
NOTIC: [8] Trying to get property of non-object D:\phpStudy\WWW\Rose\Core\Extend\Vendor\weixin\jssdk.php 第 53 行.
SQL: SHOW COLUMNS FROM `goods_consume_rec` [ RunTime:0.010001s ]
SQL: SELECT SUM(consume_account) AS tp_sum FROM `goods_consume_rec` WHERE ( `create_date` >= '2017-10-13 00:00:00' ) AND ( `command_status` = 2 ) AND ( `del_flag` = 0 ) AND ( `owner_id` = '2017091315_7D29AF66AE2DBB98A0718A6D9B90FCE1' ) LIMIT 1   [ RunTime:0.001000s ]
SQL: SELECT SUM(vend_total-vend_consume) AS tp_sum FROM `sys_user` WHERE ( `del_flag` = 0 ) AND ( `id` = '2017091315_7D29AF66AE2DBB98A0718A6D9B90FCE1' ) LIMIT 1   [ RunTime:0.027002s ]
NOTIC: [2] trim() expects parameter 1 to be string, array given D:\phpStudy\WWW\Rose\Core\Lib\Core\Db.class.php 第 459 行.
SQL: SELECT SUM(consume_account) AS tp_sum FROM `goods_consume_rec` WHERE ( (`create_date` >= '2017-10')  ) AND ( `command_status` = 2 ) AND ( `del_flag` = 0 ) AND ( `owner_id` = '2017091315_7D29AF66AE2DBB98A0718A6D9B90FCE1' ) LIMIT 1   [ RunTime:0.011000s ]
SQL: SELECT sum(consume_account) as count FROM `goods_consume_rec` WHERE ( `command_status` = 2 ) AND ( `del_flag` = 0 ) AND ( `owner_id` = '2017091315_7D29AF66AE2DBB98A0718A6D9B90FCE1' ) GROUP BY deivce_code ORDER BY count desc LIMIT 1   [ RunTime:0.024002s ]
SQL: SHOW COLUMNS FROM `goods_vending` [ RunTime:0.038002s ]
SQL: SELECT sum(1) as count,`online_status` FROM `goods_vending` WHERE ( `del_flag` = 0 ) AND ( `owner_id` = '2017091315_7D29AF66AE2DBB98A0718A6D9B90FCE1' ) GROUP BY online_status ORDER BY online_status asc  [ RunTime:0.011001s ]
INFO: [ view_template ] --START--
INFO: Run LocationTemplate Behavior [ RunTime:-1.522088s ]
INFO: [ view_template ] --END-- [ RunTime:0.006000s ]
INFO: [ view_parse ] --START--
NOTIC: [8] Undefined variable: rose D:\phpStudy\WWW\Rose\logs\Cache\Wap\0d24bcd97e63343c12b935aa0d6975b0.php 第 146 行.
NOTIC: [8] Undefined variable: scan_code D:\phpStudy\WWW\Rose\logs\Cache\Wap\0d24bcd97e63343c12b935aa0d6975b0.php 第 157 行.
INFO: Run ParseTemplate Behavior [ RunTime:-1.528088s ]
INFO: [ view_parse ] --END-- [ RunTime:0.086005s ]
INFO: [ view_filter ] --START--
INFO: Run ContentReplace Behavior [ RunTime:-1.614093s ]
INFO: Run TokenBuild Behavior [ RunTime:-1.615093s ]
INFO: Run WriteHtmlCache Behavior [ RunTime:-1.616093s ]
INFO: Run ShowRuntime Behavior [ RunTime:-1.617093s ]
INFO: [ view_filter ] --END-- [ RunTime:0.005000s ]
INFO: [ view_end ] --START--
INFO: Run ShowPageTrace Behavior [ RunTime:-1.620093s ]
INFO: [ view_end ] --END-- [ RunTime:0.001000s ]

[ 2017-10-13T15:53:59+08:00 ] 0.0.0.0 /Rose/index.php?g=Wap&m=Vendmanage&a=logouts
INFO: [ app_begin ] --START--
INFO: Run ReadHtmlCache Behavior [ RunTime:0.001000s ]
INFO: [ app_begin ] --END-- [ RunTime:0.001000s ]
NOTIC: [8] A session had already been started - ignoring session_start() D:\phpStudy\WWW\Rose\Lib\Action\Wap\VendmanageAction.class.php 第 2 行.
NOTIC: [8] A session had already been started - ignoring session_start() D:\phpStudy\WWW\Rose\Lib\Action\VendinghomeAction.class.php 第 2 行.
SQL: SHOW COLUMNS FROM `sys_user` [ RunTime:0.015001s ]
SQL: SELECT * FROM `sys_user` WHERE ( `del_flag` = 0 ) AND ( `openid` = 'odOIPv8267xTj4vLdcQ2xNb3Divo' ) AND ( `no` = '售货机' ) AND ( `id` = '2017091315_7D29AF66AE2DBB98A0718A6D9B90FCE1' ) LIMIT 1   [ RunTime:0.002000s ]
NOTIC: [8] Trying to get property of non-object D:\phpStudy\WWW\Rose\Core\Extend\Vendor\weixin\jssdk.php 第 75 行.
NOTIC: [8] Trying to get property of non-object D:\phpStudy\WWW\Rose\Core\Extend\Vendor\weixin\jssdk.php 第 53 行.

[ 2017-10-13T15:54:00+08:00 ] 0.0.0.0 /Rose/index.php?g=Wap&m=VendLogin&a=login
INFO: [ app_begin ] --START--
INFO: Run ReadHtmlCache Behavior [ RunTime:0.001000s ]
INFO: [ app_begin ] --END-- [ RunTime:0.001000s ]
NOTIC: [8] A session had already been started - ignoring session_start() D:\phpStudy\WWW\Rose\Lib\Action\Wap\VendLoginAction.class.php 第 2 行.
INFO: [ view_template ] --START--
INFO: Run LocationTemplate Behavior [ RunTime:-0.027001s ]
INFO: [ view_template ] --END-- [ RunTime:0.008001s ]
INFO: [ view_parse ] --START--
INFO: Run ParseTemplate Behavior [ RunTime:-0.034002s ]
INFO: [ view_parse ] --END-- [ RunTime:0.041002s ]
INFO: [ view_filter ] --START--
INFO: Run ContentReplace Behavior [ RunTime:-0.075004s ]
INFO: Run TokenBuild Behavior [ RunTime:-0.076004s ]
INFO: Run WriteHtmlCache Behavior [ RunTime:-0.076004s ]
INFO: Run ShowRuntime Behavior [ RunTime:-0.077004s ]
INFO: [ view_filter ] --END-- [ RunTime:0.003000s ]
INFO: [ view_end ] --START--
INFO: Run ShowPageTrace Behavior [ RunTime:-0.078004s ]
INFO: [ view_end ] --END-- [ RunTime:0.001000s ]

[ 2017-10-13T15:54:18+08:00 ] 0.0.0.0 /Rose/index.php?g=Wap&m=Vendmanage&a=index
INFO: [ app_begin ] --START--
INFO: Run ReadHtmlCache Behavior [ RunTime:0.001000s ]
INFO: [ app_begin ] --END-- [ RunTime:0.001000s ]
NOTIC: [8] A session had already been started - ignoring session_start() D:\phpStudy\WWW\Rose\Lib\Action\Wap\VendmanageAction.class.php 第 2 行.
NOTIC: [8] A session had already been started - ignoring session_start() D:\phpStudy\WWW\Rose\Lib\Action\VendinghomeAction.class.php 第 2 行.
SQL: SHOW COLUMNS FROM `sys_user` [ RunTime:0.013001s ]
SQL: SELECT * FROM `sys_user` WHERE ( `del_flag` = 0 ) AND ( `openid` = 'odOIPv8267xTj4vLdcQ2xNb3Divo' ) AND ( `no` = '售货机' ) AND ( `id` = '2017091315_7D29AF66AE2DBB98A0718A6D9B90FCE1' ) LIMIT 1   [ RunTime:0.001000s ]
NOTIC: [8] Trying to get property of non-object D:\phpStudy\WWW\Rose\Core\Extend\Vendor\weixin\jssdk.php 第 75 行.
NOTIC: [8] Trying to get property of non-object D:\phpStudy\WWW\Rose\Core\Extend\Vendor\weixin\jssdk.php 第 53 行.
SQL: SHOW COLUMNS FROM `goods_consume_rec` [ RunTime:0.012000s ]
SQL: SELECT SUM(consume_account) AS tp_sum FROM `goods_consume_rec` WHERE ( `type` = '1' ) AND ( `owner_id` = '2017091315_7D29AF66AE2DBB98A0718A6D9B90FCE1' ) AND ( `command_status` = '2' ) AND ( `is_close` = '0' ) AND ( `del_flag` = '0' ) LIMIT 1   [ RunTime:0.001000s ]
SQL: SELECT SUM(consume_account) AS tp_sum FROM `goods_consume_rec` WHERE ( `type` = '2' ) AND ( `owner_id` = '2017091315_7D29AF66AE2DBB98A0718A6D9B90FCE1' ) AND ( `command_status` = '2' ) AND ( `is_close` = '0' ) AND ( `del_flag` = '0' ) LIMIT 1   [ RunTime:0.001000s ]
SQL: SHOW COLUMNS FROM `goods_rose_consume_rec` [ RunTime:0.011001s ]
SQL: SELECT SUM(consume_account) AS tp_sum FROM `goods_rose_consume_rec` WHERE ( `type` = '1' ) AND ( `owner_id` = '2017091315_7D29AF66AE2DBB98A0718A6D9B90FCE1' ) AND ( `command_status` = '2' ) AND ( `is_close` = '0' ) AND ( `del_flag` = '0' ) LIMIT 1   [ RunTime:0.000000s ]
SQL: SELECT SUM(consume_account) AS tp_sum FROM `goods_rose_consume_rec` WHERE ( `type` = '2' ) AND ( `owner_id` = '2017091315_7D29AF66AE2DBB98A0718A6D9B90FCE1' ) AND ( `command_status` = '2' ) AND ( `is_close` = '0' ) AND ( `del_flag` = '0' ) LIMIT 1   [ RunTime:0.023001s ]
SQL: UPDATE `sys_user` SET `vend_total`=10.4 WHERE ( `del_flag` = 0 ) AND ( `id` = '2017091315_7D29AF66AE2DBB98A0718A6D9B90FCE1' ) [ RunTime:0.040002s ]
INFO: [ view_template ] --START--
INFO: Run LocationTemplate Behavior [ RunTime:-1.385079s ]
INFO: [ view_template ] --END-- [ RunTime:0.002000s ]
INFO: [ view_parse ] --START--
INFO: Run ParseTemplate Behavior [ RunTime:-1.387079s ]
INFO: [ view_parse ] --END-- [ RunTime:0.012001s ]
INFO: [ view_filter ] --START--
INFO: Run ContentReplace Behavior [ RunTime:-1.399080s ]
INFO: Run TokenBuild Behavior [ RunTime:-1.400080s ]
INFO: Run WriteHtmlCache Behavior [ RunTime:-1.401080s ]
INFO: Run ShowRuntime Behavior [ RunTime:-1.401080s ]
INFO: [ view_filter ] --END-- [ RunTime:0.003000s ]
INFO: [ view_end ] --START--
INFO: Run ShowPageTrace Behavior [ RunTime:-1.402080s ]
INFO: [ view_end ] --END-- [ RunTime:0.001000s ]

[ 2017-10-13T15:54:22+08:00 ] 0.0.0.0 /Rose/index.php?g=Wap&m=Vendmanage&a=weixin_all
INFO: [ app_begin ] --START--
INFO: Run ReadHtmlCache Behavior [ RunTime:0.002000s ]
INFO: [ app_begin ] --END-- [ RunTime:0.002000s ]
NOTIC: [8] A session had already been started - ignoring session_start() D:\phpStudy\WWW\Rose\Lib\Action\Wap\VendmanageAction.class.php 第 2 行.
NOTIC: [8] A session had already been started - ignoring session_start() D:\phpStudy\WWW\Rose\Lib\Action\VendinghomeAction.class.php 第 2 行.
SQL: SHOW COLUMNS FROM `sys_user` [ RunTime:0.015001s ]
SQL: SELECT * FROM `sys_user` WHERE ( `del_flag` = 0 ) AND ( `openid` = 'odOIPv8267xTj4vLdcQ2xNb3Divo' ) AND ( `no` = '售货机' ) AND ( `id` = '2017091315_7D29AF66AE2DBB98A0718A6D9B90FCE1' ) LIMIT 1   [ RunTime:0.002000s ]
NOTIC: [8] Trying to get property of non-object D:\phpStudy\WWW\Rose\Core\Extend\Vendor\weixin\jssdk.php 第 75 行.
NOTIC: [8] Trying to get property of non-object D:\phpStudy\WWW\Rose\Core\Extend\Vendor\weixin\jssdk.php 第 53 行.
SQL: SHOW COLUMNS FROM `goods_consume_rec` [ RunTime:0.012000s ]
SQL: SELECT * FROM `goods_consume_rec` WHERE ( `del_flag` = '0' ) AND ( `owner_id` = '2017091315_7D29AF66AE2DBB98A0718A6D9B90FCE1' ) AND ( `type` = '1' ) AND ( `command_status` = '2' ) AND ( `consume_account` >= '1' )  [ RunTime:0.001000s ]
INFO: [ view_template ] --START--
INFO: Run LocationTemplate Behavior [ RunTime:-1.336076s ]
INFO: [ view_template ] --END-- [ RunTime:0.014001s ]
INFO: [ view_parse ] --START--
INFO: Run ParseTemplate Behavior [ RunTime:-1.350077s ]
INFO: [ view_parse ] --END-- [ RunTime:0.043003s ]
INFO: [ view_filter ] --START--
INFO: Run ContentReplace Behavior [ RunTime:-1.394080s ]
INFO: Run TokenBuild Behavior [ RunTime:-1.394080s ]
INFO: Run WriteHtmlCache Behavior [ RunTime:-1.395080s ]
INFO: Run ShowRuntime Behavior [ RunTime:-1.395080s ]
INFO: [ view_filter ] --END-- [ RunTime:0.002000s ]
INFO: [ view_end ] --START--
INFO: Run ShowPageTrace Behavior [ RunTime:-1.396080s ]
INFO: [ view_end ] --END-- [ RunTime:0.001000s ]

