[ 2017-12-09T13:18:27+08:00 ] 0.0.0.0 /Rose/index.php?g=Wap&m=Rose2Personal&a=index
INFO: [ app_begin ] --START--
INFO: Run ReadHtmlCache Behavior [ RunTime:0.019001s ]
INFO: [ app_begin ] --END-- [ RunTime:0.032001s ]
NOTIC: [8] A session had already been started - ignoring session_start() D:\phpStudy\WWW\Rose\Lib\Action\Wap\Rose2BaseAction.class.php 第 2 行.
SQL: SHOW COLUMNS FROM `sys_user` [ RunTime:0.077004s ]
SQL: SELECT * FROM `sys_user` WHERE ( `del_flag` = 0 ) AND ( `openid` = 'odOIPv9UcOs4N_jKX0JECOwADE7s' ) LIMIT 1   [ RunTime:0.001000s ]
NOTIC: [8] Trying to get property of non-object D:\phpStudy\WWW\Rose\Core\Extend\Vendor\weixin\jssdk.php 第 75 行.
NOTIC: [8] Trying to get property of non-object D:\phpStudy\WWW\Rose\Core\Extend\Vendor\weixin\jssdk.php 第 53 行.
SQL: SHOW COLUMNS FROM `weixin_userinfo` [ RunTime:0.106006s ]
SQL: SELECT * FROM `weixin_userinfo` WHERE ( `del_flag` = 0 ) AND ( `from_username` = 'odOIPv9UcOs4N_jKX0JECOwADE7s' ) LIMIT 1   [ RunTime:0.001000s ]
SQL: SELECT count(*) as adv
            FROM
                `device_info` di
            LEFT JOIN adv_uservisit_rec pwi ON pwi.di_id = di.id
            LEFT JOIN adv_weixin_info awi ON awi.id = pwi.adv_id
            WHERE
                pwi.status = 2
            and pwi.del_flag=0
            and pwi.transfer_status = 0
			and awi.status=1
			and awi.del_flag=0
            AND di.office_id = 'a721bdccfcb44571a48df2065950d05d'
            AND di.del_flag = 0 [ RunTime:0.439026s ]
SQL: SELECT sum(pwi.consume_account) as count
            FROM
                `device_info` di
            LEFT JOIN device_consume_rec pwi ON pwi.di_id = di.id
            WHERE
                pwi.command_status = 2
            and pwi.del_flag=0
            and pwi.type in(1,3,5,9,11,13,15,17)
			and pwi.transfer_status = 0
			and pwi.consume_status = 1
            AND pwi.create_by = 'kefuanmoyitest'
            AND di.del_flag = 0 [ RunTime:2.077118s ]
SQL: SELECT sum(pwi.consume_account) as alipay
            FROM
                `device_info` di
            LEFT JOIN device_consume_rec pwi ON pwi.di_id = di.id
            WHERE
                pwi.command_status = 2
            and pwi.del_flag=0
            and pwi.type in(2,4,6,10,12,14,16,18)
			and pwi.transfer_status = 0
			and pwi.consume_status = 1
            AND pwi.create_by = 'kefuanmoyitest'
            AND di.del_flag = 0 [ RunTime:1.404081s ]
SQL: SELECT sum(pwi.consume_account) as anm_weixin
            FROM
                `device_info` di
            LEFT JOIN device_consume_rec pwi ON pwi.di_id = di.id
            WHERE
                pwi.command_status = 2
            and pwi.del_flag=0
            and pwi.type=3
			and pwi.transfer_status = 0
            AND di.office_id = 'a721bdccfcb44571a48df2065950d05d'
            AND di.del_flag = 0 [ RunTime:1.064061s ]
SQL: SELECT sum(pwi.consume_account) as anm_alipay
            FROM
                `device_info` di
            LEFT JOIN device_consume_rec pwi ON pwi.di_id = di.id
            WHERE
                pwi.command_status = 2
            and pwi.del_flag=0
            and pwi.type=4
			and pwi.transfer_status = 0
            AND di.office_id = 'a721bdccfcb44571a48df2065950d05d'
            AND di.del_flag = 0 [ RunTime:1.889108s ]
SQL: SHOW COLUMNS FROM `device_info` [ RunTime:0.007000s ]
SQL: SELECT sum(dw.LOC_OP) c from (SELECT * from (SELECT dr.* FROM `device_info` LEFT JOIN device_record
 dr on dr.dev_id=device_info.device_command WHERE ( device_info.del_flag = 0 )
 AND ( device_info.office_id = 'a721bdccfcb44571a48df2065950d05d' ) ORDER BY dr.LOC_OP desc)
 da GROUP BY da.dev_id ORDER BY da.LOC_OP desc) dw [ RunTime:2.484142s ]
SQL: SELECT * FROM `sys_user` WHERE ( `del_flag` = 0 ) AND ( `openid` = 'odOIPv9UcOs4N_jKX0JECOwADE7s' ) LIMIT 1   [ RunTime:0.020001s ]
SQL: UPDATE `sys_user` SET `totals`=76.5 WHERE ( `del_flag` = 0 ) AND ( `id` = 'kefuanmoyitest' ) [ RunTime:0.088005s ]
SQL: SELECT SUM(totals-consume) AS tp_sum FROM `sys_user` WHERE ( `del_flag` = 0 ) AND ( `openid` = 'odOIPv9UcOs4N_jKX0JECOwADE7s' ) LIMIT 1   [ RunTime:0.001000s ]
INFO: [ view_template ] --START--
INFO: Run LocationTemplate Behavior [ RunTime:-11.355649s ]
INFO: [ view_template ] --END-- [ RunTime:0.033002s ]
INFO: [ view_parse ] --START--
INFO: Run ParseTemplate Behavior [ RunTime:-11.388651s ]
INFO: [ view_parse ] --END-- [ RunTime:0.098006s ]
INFO: [ view_filter ] --START--
INFO: Run ContentReplace Behavior [ RunTime:-11.486657s ]
INFO: Run TokenBuild Behavior [ RunTime:-11.488657s ]
INFO: Run WriteHtmlCache Behavior [ RunTime:-11.489657s ]
INFO: Run ShowRuntime Behavior [ RunTime:-11.491657s ]
INFO: [ view_filter ] --END-- [ RunTime:0.006000s ]
INFO: [ view_end ] --START--
INFO: Run ShowPageTrace Behavior [ RunTime:-11.492657s ]
INFO: [ view_end ] --END-- [ RunTime:0.002000s ]

[ 2017-12-09T13:24:06+08:00 ] 0.0.0.0 /Rose/index.php?g=Wap&m=Glass&a=index&openid=odOIPv9UcOs4N_jKX0JECOwADE7s&scan_code=ARSG1234
INFO: [ app_begin ] --START--
INFO: Run ReadHtmlCache Behavior [ RunTime:0.001000s ]
INFO: [ app_begin ] --END-- [ RunTime:0.001000s ]
SQL: SHOW COLUMNS FROM `device_info` [ RunTime:0.008001s ]
SQL: SELECT * FROM `device_info` WHERE ( `scan_code` = 'ARSG1234' ) AND ( `device_status` = 1 ) AND ( `del_flag` = 0 ) LIMIT 1   [ RunTime:0.014001s ]
SQL: SHOW COLUMNS FROM `device_relation_group` [ RunTime:0.063003s ]
SQL: SELECT * FROM `device_relation_group` WHERE ( `di_id` = '2017113014_AF11210C3D981654383C2FAD8283BD7E' ) AND ( `del_flag` = 0 ) AND ( `device_type` = 9 ) LIMIT 1   [ RunTime:0.002000s ]
NOTIC: [8] Undefined variable: result D:\phpStudy\WWW\Rose\Lib\Action\Wap\GlassAction.class.php 第 74 行.
SQL: SHOW COLUMNS FROM `sys_user` [ RunTime:0.008001s ]
SQL: SELECT su.phone FROM sys_user su LEFT JOIN device_info di on di.owner_id=su.id WHERE ( di.scan_code = 'ARSG1234' ) AND ( di.del_flag = 0 ) AND ( su.del_flag = 0 ) LIMIT 1   [ RunTime:0.001000s ]
INFO: [ view_template ] --START--
INFO: Run LocationTemplate Behavior [ RunTime:-2.277130s ]
INFO: [ view_template ] --END-- [ RunTime:0.007000s ]
INFO: [ view_parse ] --START--
NOTIC: [8] Undefined variable: openid D:\phpStudy\WWW\Rose\logs\Cache\Wap\bcf73615984b3058bc150c1b35567356.php 第 66 行.
NOTIC: [8] Use of undefined constant wechat - assumed 'wechat' D:\phpStudy\WWW\Rose\logs\Cache\Wap\bcf73615984b3058bc150c1b35567356.php 第 74 行.
NOTIC: [8] Undefined variable: buyer_id D:\phpStudy\WWW\Rose\logs\Cache\Wap\bcf73615984b3058bc150c1b35567356.php 第 76 行.
NOTIC: [8] Undefined variable: openid D:\phpStudy\WWW\Rose\logs\Cache\Wap\bcf73615984b3058bc150c1b35567356.php 第 85 行.
NOTIC: [8] Undefined variable: buyer_id D:\phpStudy\WWW\Rose\logs\Cache\Wap\bcf73615984b3058bc150c1b35567356.php 第 86 行.
INFO: Run ParseTemplate Behavior [ RunTime:-2.284130s ]
INFO: [ view_parse ] --END-- [ RunTime:0.021002s ]
INFO: [ view_filter ] --START--
INFO: Run ContentReplace Behavior [ RunTime:-2.305132s ]
INFO: Run TokenBuild Behavior [ RunTime:-2.306132s ]
INFO: Run WriteHtmlCache Behavior [ RunTime:-2.307132s ]
INFO: Run ShowRuntime Behavior [ RunTime:-2.307132s ]
INFO: [ view_filter ] --END-- [ RunTime:0.003000s ]
INFO: [ view_end ] --START--
INFO: Run ShowPageTrace Behavior [ RunTime:-2.308132s ]
INFO: [ view_end ] --END-- [ RunTime:0.002000s ]

[ 2017-12-09T13:44:20+08:00 ] 0.0.0.0 /Rose/index.php?g=Wap&m=Glass&a=index&openid=odOIPv9UcOs4N_jKX0JECOwADE7s&scan_code=ARSG1234
INFO: [ app_begin ] --START--
INFO: Run ReadHtmlCache Behavior [ RunTime:0.001000s ]
INFO: [ app_begin ] --END-- [ RunTime:0.001000s ]
SQL: SHOW COLUMNS FROM `device_info` [ RunTime:0.016001s ]
SQL: SELECT * FROM `device_info` WHERE ( `scan_code` = 'ARSG1234' ) AND ( `device_status` = 1 ) AND ( `del_flag` = 0 ) LIMIT 1   [ RunTime:0.001000s ]
SQL: SHOW COLUMNS FROM `device_relation_group` [ RunTime:0.012001s ]
SQL: SELECT * FROM `device_relation_group` WHERE ( `di_id` = '2017113014_AF11210C3D981654383C2FAD8283BD7E' ) AND ( `del_flag` = 0 ) AND ( `device_type` = 9 ) LIMIT 1   [ RunTime:0.000000s ]
NOTIC: [8] Undefined variable: result D:\phpStudy\WWW\Rose\Lib\Action\Wap\GlassAction.class.php 第 74 行.
SQL: SHOW COLUMNS FROM `sys_user` [ RunTime:0.010000s ]
SQL: SELECT su.phone FROM sys_user su LEFT JOIN device_info di on di.owner_id=su.id WHERE ( di.scan_code = 'ARSG1234' ) AND ( di.del_flag = 0 ) AND ( su.del_flag = 0 ) LIMIT 1   [ RunTime:0.000000s ]
INFO: [ view_template ] --START--
INFO: Run LocationTemplate Behavior [ RunTime:-1.907109s ]
INFO: [ view_template ] --END-- [ RunTime:0.002000s ]
INFO: [ view_parse ] --START--
NOTIC: [8] Undefined variable: openid D:\phpStudy\WWW\Rose\logs\Cache\Wap\bcf73615984b3058bc150c1b35567356.php 第 66 行.
NOTIC: [8] Use of undefined constant wechat - assumed 'wechat' D:\phpStudy\WWW\Rose\logs\Cache\Wap\bcf73615984b3058bc150c1b35567356.php 第 74 行.
NOTIC: [8] Undefined variable: buyer_id D:\phpStudy\WWW\Rose\logs\Cache\Wap\bcf73615984b3058bc150c1b35567356.php 第 76 行.
NOTIC: [8] Undefined variable: openid D:\phpStudy\WWW\Rose\logs\Cache\Wap\bcf73615984b3058bc150c1b35567356.php 第 85 行.
NOTIC: [8] Undefined variable: buyer_id D:\phpStudy\WWW\Rose\logs\Cache\Wap\bcf73615984b3058bc150c1b35567356.php 第 86 行.
INFO: Run ParseTemplate Behavior [ RunTime:-1.909109s ]
INFO: [ view_parse ] --END-- [ RunTime:0.014001s ]
INFO: [ view_filter ] --START--
INFO: Run ContentReplace Behavior [ RunTime:-1.923110s ]
INFO: Run TokenBuild Behavior [ RunTime:-1.924110s ]
INFO: Run WriteHtmlCache Behavior [ RunTime:-1.925110s ]
INFO: Run ShowRuntime Behavior [ RunTime:-1.925110s ]
INFO: [ view_filter ] --END-- [ RunTime:0.003000s ]
INFO: [ view_end ] --START--
INFO: Run ShowPageTrace Behavior [ RunTime:-1.926110s ]
INFO: [ view_end ] --END-- [ RunTime:0.001000s ]

[ 2017-12-09T14:47:40+08:00 ] ERR: (ThinkException) 无法加载模块:Index
[ 2017-12-09T14:47:44+08:00 ] 0.0.0.0 /Rose/index.php?g=Wap&m=Glassregiter&a=index&scan_code=ARSG1234&openid=odOIPv9UcOs4N_jKX0JECOwADE7s
INFO: [ app_begin ] --START--
INFO: Run ReadHtmlCache Behavior [ RunTime:0.001000s ]
INFO: [ app_begin ] --END-- [ RunTime:0.001000s ]
INFO: [ view_template ] --START--
INFO: Run LocationTemplate Behavior [ RunTime:-0.389022s ]
INFO: [ view_template ] --END-- [ RunTime:0.025002s ]
INFO: [ view_parse ] --START--
INFO: Run ParseTemplate Behavior [ RunTime:-0.414024s ]
INFO: [ view_parse ] --END-- [ RunTime:0.080004s ]
INFO: [ view_filter ] --START--
INFO: Run ContentReplace Behavior [ RunTime:-0.495028s ]
INFO: Run TokenBuild Behavior [ RunTime:-0.496028s ]
INFO: Run WriteHtmlCache Behavior [ RunTime:-0.498029s ]
INFO: Run ShowRuntime Behavior [ RunTime:-0.500029s ]
INFO: [ view_filter ] --END-- [ RunTime:0.008001s ]
INFO: [ view_end ] --START--
INFO: Run ShowPageTrace Behavior [ RunTime:-0.502029s ]
INFO: [ view_end ] --END-- [ RunTime:0.002000s ]

[ 2017-12-09T15:04:36+08:00 ] 0.0.0.0 /Rose/index.php?g=Wap&m=Glass&a=index&openid=odOIPv9UcOs4N_jKX0JECOwADE7s&scan_code=ARSG1234
INFO: [ app_begin ] --START--
INFO: Run ReadHtmlCache Behavior [ RunTime:0.001000s ]
INFO: [ app_begin ] --END-- [ RunTime:0.001000s ]
SQL: SHOW COLUMNS FROM `device_info` [ RunTime:0.213012s ]
SQL: SELECT * FROM `device_info` WHERE ( `scan_code` = 'ARSG1234' ) AND ( `device_status` = 1 ) AND ( `del_flag` = 0 ) LIMIT 1   [ RunTime:0.074004s ]
SQL: SHOW COLUMNS FROM `device_relation_group` [ RunTime:0.060004s ]
SQL: SELECT * FROM `device_relation_group` WHERE ( `di_id` = '2017113014_AF11210C3D981654383C2FAD8283BD7E' ) AND ( `del_flag` = 0 ) AND ( `device_type` = 9 ) LIMIT 1   [ RunTime:0.001000s ]
NOTIC: [8] Undefined variable: result D:\phpStudy\WWW\Rose\Lib\Action\Wap\GlassAction.class.php 第 74 行.
SQL: SHOW COLUMNS FROM `sys_user` [ RunTime:0.041003s ]
SQL: SELECT su.phone FROM sys_user su LEFT JOIN device_info di on di.owner_id=su.id WHERE ( di.scan_code = 'ARSG1234' ) AND ( di.del_flag = 0 ) AND ( su.del_flag = 0 ) LIMIT 1   [ RunTime:0.022001s ]
INFO: [ view_template ] --START--
INFO: Run LocationTemplate Behavior [ RunTime:-2.363135s ]
INFO: [ view_template ] --END-- [ RunTime:0.002000s ]
INFO: [ view_parse ] --START--
NOTIC: [8] Undefined variable: openid D:\phpStudy\WWW\Rose\logs\Cache\Wap\bcf73615984b3058bc150c1b35567356.php 第 66 行.
NOTIC: [8] Use of undefined constant wechat - assumed 'wechat' D:\phpStudy\WWW\Rose\logs\Cache\Wap\bcf73615984b3058bc150c1b35567356.php 第 74 行.
NOTIC: [8] Undefined variable: buyer_id D:\phpStudy\WWW\Rose\logs\Cache\Wap\bcf73615984b3058bc150c1b35567356.php 第 76 行.
NOTIC: [8] Undefined variable: openid D:\phpStudy\WWW\Rose\logs\Cache\Wap\bcf73615984b3058bc150c1b35567356.php 第 85 行.
NOTIC: [8] Undefined variable: buyer_id D:\phpStudy\WWW\Rose\logs\Cache\Wap\bcf73615984b3058bc150c1b35567356.php 第 86 行.
INFO: Run ParseTemplate Behavior [ RunTime:-2.365135s ]
INFO: [ view_parse ] --END-- [ RunTime:0.100006s ]
INFO: [ view_filter ] --START--
INFO: Run ContentReplace Behavior [ RunTime:-2.465141s ]
INFO: Run TokenBuild Behavior [ RunTime:-2.466141s ]
INFO: Run WriteHtmlCache Behavior [ RunTime:-2.468141s ]
INFO: Run ShowRuntime Behavior [ RunTime:-2.469141s ]
INFO: [ view_filter ] --END-- [ RunTime:0.006000s ]
INFO: [ view_end ] --START--
INFO: Run ShowPageTrace Behavior [ RunTime:-2.474142s ]
INFO: [ view_end ] --END-- [ RunTime:0.003000s ]

