[ 2017-10-19T09:43:19+08:00 ] 0.0.0.0 /Rose/index.php?g=Wap&m=VendLogin&a=login
INFO: [ app_begin ] --START--
INFO: Run ReadHtmlCache Behavior [ RunTime:0.000000s ]
INFO: [ app_begin ] --END-- [ RunTime:0.001000s ]
NOTIC: [8] A session had already been started - ignoring session_start() D:\phpStudy\WWW\Rose\Lib\Action\Wap\VendLoginAction.class.php 第 2 行.
INFO: [ view_template ] --START--
INFO: Run LocationTemplate Behavior [ RunTime:-0.115006s ]
INFO: [ view_template ] --END-- [ RunTime:0.083005s ]
INFO: [ view_parse ] --START--
INFO: Run ParseTemplate Behavior [ RunTime:-0.198011s ]
INFO: [ view_parse ] --END-- [ RunTime:0.354020s ]
INFO: [ view_filter ] --START--
INFO: Run ContentReplace Behavior [ RunTime:-0.553031s ]
INFO: Run TokenBuild Behavior [ RunTime:-0.563032s ]
INFO: Run WriteHtmlCache Behavior [ RunTime:-0.573032s ]
INFO: Run ShowRuntime Behavior [ RunTime:-0.583033s ]
INFO: [ view_filter ] --END-- [ RunTime:0.058004s ]
INFO: [ view_end ] --START--
INFO: Run ShowPageTrace Behavior [ RunTime:-0.611035s ]
INFO: [ view_end ] --END-- [ RunTime:0.033001s ]

