[ 2017-10-10T09:49:58+08:00 ] 0.0.0.0 /Rose/index.php?g=Wap&m=Rose2Personal&a=index&openid=odOIPv5RJwDqO94UaCbpKQvdjhLE
INFO: [ app_begin ] --START--
INFO: Run ReadHtmlCache Behavior [ RunTime:0.061004s ]
INFO: [ app_begin ] --END-- [ RunTime:0.072005s ]
NOTIC: [8] A session had already been started - ignoring session_start() D:\phpStudy\WWW\Rose\Lib\Action\Wap\Rose2BaseAction.class.php 第 2 行.
SQL: SHOW COLUMNS FROM `sys_user` [ RunTime:0.588033s ]
SQL: SELECT * FROM `sys_user` WHERE ( `del_flag` = 0 ) AND ( `openid` = 'odOIPv5RJwDqO94UaCbpKQvdjhLE' ) LIMIT 1   [ RunTime:0.080005s ]
NOTIC: [8] Trying to get property of non-object D:\phpStudy\WWW\Rose\Core\Extend\Vendor\weixin\jssdk.php 第 75 行.
NOTIC: [8] Trying to get property of non-object D:\phpStudy\WWW\Rose\Core\Extend\Vendor\weixin\jssdk.php 第 53 行.
SQL: SHOW COLUMNS FROM `weixin_userinfo` [ RunTime:1.176067s ]
SQL: SELECT * FROM `weixin_userinfo` WHERE ( `del_flag` = 0 ) AND ( `from_username` = 'odOIPv5RJwDqO94UaCbpKQvdjhLE' ) LIMIT 1   [ RunTime:0.099006s ]
SQL: SELECT count(*) as adv
            FROM
                `device_info` di
            LEFT JOIN adv_uservisit_rec pwi ON pwi.di_id = di.id
            LEFT JOIN adv_weixin_info awi ON awi.id = pwi.adv_id
            WHERE
                pwi.status = 2
            and pwi.del_flag=0
            and pwi.transfer_status = 0
			and awi.status=1
			and awi.del_flag=0
            AND di.office_id = 'a721bdccfcb44571a48df2065950d05d'
            AND di.del_flag = 0 [ RunTime:1.366078s ]
SQL: SELECT sum(pwi.consume_account) as count
            FROM
                `device_info` di
            LEFT JOIN device_consume_rec pwi ON pwi.di_id = di.id
            WHERE
                pwi.command_status = 2
            and pwi.del_flag=0
            and pwi.type in(1,3,5,9,11,13,15,17)
			and pwi.transfer_status = 0
			and pwi.consume_status = 1
            AND pwi.create_by = '0aff0d6c1d9f4a8694b041b338431927'
            AND di.del_flag = 0 [ RunTime:9.154524s ]
SQL: SELECT sum(pwi.consume_account) as alipay
            FROM
                `device_info` di
            LEFT JOIN device_consume_rec pwi ON pwi.di_id = di.id
            WHERE
                pwi.command_status = 2
            and pwi.del_flag=0
            and pwi.type in(2,4,6,10,12,14,16,18)
			and pwi.transfer_status = 0
			and pwi.consume_status = 1
            AND pwi.create_by = '0aff0d6c1d9f4a8694b041b338431927'
            AND di.del_flag = 0 [ RunTime:0.246014s ]
SQL: SELECT sum(pwi.consume_account) as anm_weixin
            FROM
                `device_info` di
            LEFT JOIN device_consume_rec pwi ON pwi.di_id = di.id
            WHERE
                pwi.command_status = 2
            and pwi.del_flag=0
            and pwi.type=3
			and pwi.transfer_status = 0
            AND di.office_id = 'a721bdccfcb44571a48df2065950d05d'
            AND di.del_flag = 0 [ RunTime:0.213012s ]
SQL: SELECT sum(pwi.consume_account) as anm_alipay
            FROM
                `device_info` di
            LEFT JOIN device_consume_rec pwi ON pwi.di_id = di.id
            WHERE
                pwi.command_status = 2
            and pwi.del_flag=0
            and pwi.type=4
			and pwi.transfer_status = 0
            AND di.office_id = 'a721bdccfcb44571a48df2065950d05d'
            AND di.del_flag = 0 [ RunTime:0.203011s ]
SQL: SHOW COLUMNS FROM `device_info` [ RunTime:0.006001s ]
SQL: SELECT sum(dw.LOC_OP) c from (SELECT * from (SELECT dr.* FROM `device_info` LEFT JOIN device_record
 dr on dr.dev_id=device_info.device_command WHERE ( device_info.del_flag = 0 )
 AND ( device_info.office_id = 'a721bdccfcb44571a48df2065950d05d' ) ORDER BY dr.LOC_OP desc)
 da GROUP BY da.dev_id ORDER BY da.LOC_OP desc) dw [ RunTime:4.121235s ]
SQL: SELECT * FROM `sys_user` WHERE ( `del_flag` = 0 ) AND ( `openid` = 'odOIPv5RJwDqO94UaCbpKQvdjhLE' ) LIMIT 1   [ RunTime:0.001001s ]
SQL: UPDATE `sys_user` SET `totals`=2776 WHERE ( `del_flag` = 0 ) AND ( `id` = '0aff0d6c1d9f4a8694b041b338431927' ) [ RunTime:0.161009s ]
SQL: SELECT SUM(totals-consume) AS tp_sum FROM `sys_user` WHERE ( `del_flag` = 0 ) AND ( `openid` = 'odOIPv5RJwDqO94UaCbpKQvdjhLE' ) LIMIT 1   [ RunTime:0.001000s ]
INFO: [ view_template ] --START--
INFO: Run LocationTemplate Behavior [ RunTime:-20.610179s ]
INFO: [ view_template ] --END-- [ RunTime:0.022001s ]
INFO: [ view_parse ] --START--
INFO: Run ParseTemplate Behavior [ RunTime:-20.632180s ]
INFO: [ view_parse ] --END-- [ RunTime:0.372021s ]
INFO: [ view_filter ] --START--
INFO: Run ContentReplace Behavior [ RunTime:-21.005201s ]
INFO: Run TokenBuild Behavior [ RunTime:-21.058204s ]
INFO: Run WriteHtmlCache Behavior [ RunTime:-21.070205s ]
INFO: Run ShowRuntime Behavior [ RunTime:-21.079206s ]
INFO: [ view_filter ] --END-- [ RunTime:0.101006s ]
INFO: [ view_end ] --START--
INFO: Run ShowPageTrace Behavior [ RunTime:-21.107207s ]
INFO: [ view_end ] --END-- [ RunTime:0.017001s ]

[ 2017-10-10T11:23:04+08:00 ] 0.0.0.0 /Rose/index.php?g=Wap&m=Rose2Personal&a=index&openid=odOIPv5RJwDqO94UaCbpKQvdjhLE
INFO: [ app_begin ] --START--
INFO: Run ReadHtmlCache Behavior [ RunTime:0.011000s ]
INFO: [ app_begin ] --END-- [ RunTime:0.019001s ]
NOTIC: [8] A session had already been started - ignoring session_start() D:\phpStudy\WWW\Rose\Lib\Action\Wap\Rose2BaseAction.class.php 第 2 行.
SQL: SHOW COLUMNS FROM `sys_user` [ RunTime:0.144008s ]
SQL: SELECT * FROM `sys_user` WHERE ( `del_flag` = 0 ) AND ( `openid` = 'odOIPv5RJwDqO94UaCbpKQvdjhLE' ) LIMIT 1   [ RunTime:0.117007s ]
NOTIC: [8] Trying to get property of non-object D:\phpStudy\WWW\Rose\Core\Extend\Vendor\weixin\jssdk.php 第 75 行.
NOTIC: [8] Trying to get property of non-object D:\phpStudy\WWW\Rose\Core\Extend\Vendor\weixin\jssdk.php 第 53 行.
SQL: SHOW COLUMNS FROM `weixin_userinfo` [ RunTime:0.016001s ]
SQL: SELECT * FROM `weixin_userinfo` WHERE ( `del_flag` = 0 ) AND ( `from_username` = 'odOIPv5RJwDqO94UaCbpKQvdjhLE' ) LIMIT 1   [ RunTime:0.022001s ]
SQL: SELECT count(*) as adv
            FROM
                `device_info` di
            LEFT JOIN adv_uservisit_rec pwi ON pwi.di_id = di.id
            LEFT JOIN adv_weixin_info awi ON awi.id = pwi.adv_id
            WHERE
                pwi.status = 2
            and pwi.del_flag=0
            and pwi.transfer_status = 0
			and awi.status=1
			and awi.del_flag=0
            AND di.office_id = 'a721bdccfcb44571a48df2065950d05d'
            AND di.del_flag = 0 [ RunTime:0.074004s ]
SQL: SELECT sum(pwi.consume_account) as count
            FROM
                `device_info` di
            LEFT JOIN device_consume_rec pwi ON pwi.di_id = di.id
            WHERE
                pwi.command_status = 2
            and pwi.del_flag=0
            and pwi.type in(1,3,5,9,11,13,15,17)
			and pwi.transfer_status = 0
			and pwi.consume_status = 1
            AND pwi.create_by = '0aff0d6c1d9f4a8694b041b338431927'
            AND di.del_flag = 0 [ RunTime:1.737099s ]
SQL: SELECT sum(pwi.consume_account) as alipay
            FROM
                `device_info` di
            LEFT JOIN device_consume_rec pwi ON pwi.di_id = di.id
            WHERE
                pwi.command_status = 2
            and pwi.del_flag=0
            and pwi.type in(2,4,6,10,12,14,16,18)
			and pwi.transfer_status = 0
			and pwi.consume_status = 1
            AND pwi.create_by = '0aff0d6c1d9f4a8694b041b338431927'
            AND di.del_flag = 0 [ RunTime:0.198012s ]
SQL: SELECT sum(pwi.consume_account) as anm_weixin
            FROM
                `device_info` di
            LEFT JOIN device_consume_rec pwi ON pwi.di_id = di.id
            WHERE
                pwi.command_status = 2
            and pwi.del_flag=0
            and pwi.type=3
			and pwi.transfer_status = 0
            AND di.office_id = 'a721bdccfcb44571a48df2065950d05d'
            AND di.del_flag = 0 [ RunTime:0.168009s ]
SQL: SELECT sum(pwi.consume_account) as anm_alipay
            FROM
                `device_info` di
            LEFT JOIN device_consume_rec pwi ON pwi.di_id = di.id
            WHERE
                pwi.command_status = 2
            and pwi.del_flag=0
            and pwi.type=4
			and pwi.transfer_status = 0
            AND di.office_id = 'a721bdccfcb44571a48df2065950d05d'
            AND di.del_flag = 0 [ RunTime:0.154009s ]
SQL: SHOW COLUMNS FROM `device_info` [ RunTime:0.009000s ]
SQL: SELECT sum(dw.LOC_OP) c from (SELECT * from (SELECT dr.* FROM `device_info` LEFT JOIN device_record
 dr on dr.dev_id=device_info.device_command WHERE ( device_info.del_flag = 0 )
 AND ( device_info.office_id = 'a721bdccfcb44571a48df2065950d05d' ) ORDER BY dr.LOC_OP desc)
 da GROUP BY da.dev_id ORDER BY da.LOC_OP desc) dw [ RunTime:1.618093s ]
SQL: SELECT * FROM `sys_user` WHERE ( `del_flag` = 0 ) AND ( `openid` = 'odOIPv5RJwDqO94UaCbpKQvdjhLE' ) LIMIT 1   [ RunTime:0.000000s ]
SQL: UPDATE `sys_user` SET `totals`=2776 WHERE ( `del_flag` = 0 ) AND ( `id` = '0aff0d6c1d9f4a8694b041b338431927' ) [ RunTime:0.074004s ]
SQL: SELECT SUM(totals-consume) AS tp_sum FROM `sys_user` WHERE ( `del_flag` = 0 ) AND ( `openid` = 'odOIPv5RJwDqO94UaCbpKQvdjhLE' ) LIMIT 1   [ RunTime:0.015001s ]
INFO: [ view_template ] --START--
INFO: Run LocationTemplate Behavior [ RunTime:-6.410367s ]
INFO: [ view_template ] --END-- [ RunTime:0.041002s ]
INFO: [ view_parse ] --START--
INFO: Run ParseTemplate Behavior [ RunTime:-6.451369s ]
INFO: [ view_parse ] --END-- [ RunTime:0.137008s ]
INFO: [ view_filter ] --START--
INFO: Run ContentReplace Behavior [ RunTime:-6.588377s ]
INFO: Run TokenBuild Behavior [ RunTime:-6.590377s ]
INFO: Run WriteHtmlCache Behavior [ RunTime:-6.593378s ]
INFO: Run ShowRuntime Behavior [ RunTime:-6.595378s ]
INFO: [ view_filter ] --END-- [ RunTime:0.010001s ]
INFO: [ view_end ] --START--
INFO: Run ShowPageTrace Behavior [ RunTime:-6.598378s ]
INFO: [ view_end ] --END-- [ RunTime:0.003000s ]

[ 2017-10-10T15:49:25+08:00 ] 0.0.0.0 /Rose/index.php?g=Wap&m=Device&a=group_list&openid=odOIPv5RJwDqO94UaCbpKQvdjhLE
INFO: [ app_begin ] --START--
INFO: Run ReadHtmlCache Behavior [ RunTime:0.035002s ]
INFO: [ app_begin ] --END-- [ RunTime:0.037002s ]
NOTIC: [8] A session had already been started - ignoring session_start() D:\phpStudy\WWW\Rose\Lib\Action\Wap\Rose2BaseAction.class.php 第 2 行.
SQL: SHOW COLUMNS FROM `sys_user` [ RunTime:0.240014s ]
SQL: SELECT * FROM `sys_user` WHERE ( `del_flag` = 0 ) AND ( `openid` = 'odOIPv5RJwDqO94UaCbpKQvdjhLE' ) LIMIT 1   [ RunTime:0.067004s ]
NOTIC: [8] Trying to get property of non-object D:\phpStudy\WWW\Rose\Core\Extend\Vendor\weixin\jssdk.php 第 75 行.
NOTIC: [8] Trying to get property of non-object D:\phpStudy\WWW\Rose\Core\Extend\Vendor\weixin\jssdk.php 第 53 行.
SQL: SHOW COLUMNS FROM `weixin_userinfo` [ RunTime:0.025001s ]
SQL: SELECT * FROM `weixin_userinfo` WHERE ( `del_flag` = 0 ) AND ( `from_username` = 'odOIPv5RJwDqO94UaCbpKQvdjhLE' ) LIMIT 1   [ RunTime:0.020001s ]
SQL: SELECT * FROM `sys_user` WHERE ( `del_flag` = 0 ) AND ( `openid` = 'odOIPv5RJwDqO94UaCbpKQvdjhLE' ) LIMIT 1   [ RunTime:0.000000s ]
SQL: SELECT * FROM `sys_user` WHERE ( `del_flag` = 0 ) AND ( `is_into` = '1' )  [ RunTime:0.017001s ]
SQL: SHOW COLUMNS FROM `deivce_group_info` [ RunTime:0.161009s ]
SQL: SELECT * FROM `deivce_group_info` WHERE ( `owner_id` IN ('0aff0d6c1d9f4a8694b041b338431927','2017062015_125CE48636F866DBD82C46812D1DF626') ) AND ( `del_flag` = 0 ) ORDER BY create_date desc  [ RunTime:0.021002s ]
INFO: [ view_template ] --START--
INFO: Run LocationTemplate Behavior [ RunTime:-2.423139s ]
INFO: [ view_template ] --END-- [ RunTime:0.022001s ]
INFO: [ view_parse ] --START--
INFO: Run ParseTemplate Behavior [ RunTime:-2.445140s ]
INFO: [ view_parse ] --END-- [ RunTime:0.210012s ]
INFO: [ view_filter ] --START--
INFO: Run ContentReplace Behavior [ RunTime:-2.655152s ]
INFO: Run TokenBuild Behavior [ RunTime:-2.657152s ]
INFO: Run WriteHtmlCache Behavior [ RunTime:-2.659152s ]
INFO: Run ShowRuntime Behavior [ RunTime:-2.661152s ]
INFO: [ view_filter ] --END-- [ RunTime:0.021001s ]
INFO: [ view_end ] --START--
INFO: Run ShowPageTrace Behavior [ RunTime:-2.676153s ]
INFO: [ view_end ] --END-- [ RunTime:0.001000s ]

