[ 2017-11-17T09:44:33+08:00 ] 0.0.0.0 /Rose/index.php?g=Wap&m=Rose2Personal&a=index&openid=odOIPv5RJwDqO94UaCbpKQvdjhLE
INFO: [ app_begin ] --START--
INFO: Run ReadHtmlCache Behavior [ RunTime:0.016001s ]
INFO: [ app_begin ] --END-- [ RunTime:0.016001s ]
NOTIC: [8] A session had already been started - ignoring session_start() D:\phpStudy\WWW\Rose\Lib\Action\Wap\Rose2BaseAction.class.php 第 2 行.
SQL: SHOW COLUMNS FROM `sys_user` [ RunTime:0.010001s ]
SQL: SELECT * FROM `sys_user` WHERE ( `del_flag` = 0 ) AND ( `openid` = 'odOIPv9UcOs4N_jKX0JECOwADE7s' ) LIMIT 1   [ RunTime:0.001000s ]
NOTIC: [8] Trying to get property of non-object D:\phpStudy\WWW\Rose\Core\Extend\Vendor\weixin\jssdk.php 第 75 行.
NOTIC: [8] Trying to get property of non-object D:\phpStudy\WWW\Rose\Core\Extend\Vendor\weixin\jssdk.php 第 53 行.
SQL: SHOW COLUMNS FROM `weixin_userinfo` [ RunTime:0.022001s ]
SQL: SELECT * FROM `weixin_userinfo` WHERE ( `del_flag` = 0 ) AND ( `from_username` = 'odOIPv9UcOs4N_jKX0JECOwADE7s' ) LIMIT 1   [ RunTime:0.001000s ]
SQL: SELECT count(*) as adv
            FROM
                `device_info` di
            LEFT JOIN adv_uservisit_rec pwi ON pwi.di_id = di.id
            LEFT JOIN adv_weixin_info awi ON awi.id = pwi.adv_id
            WHERE
                pwi.status = 2
            and pwi.del_flag=0
            and pwi.transfer_status = 0
			and awi.status=1
			and awi.del_flag=0
            AND di.office_id = 'a721bdccfcb44571a48df2065950d05d'
            AND di.del_flag = 0 [ RunTime:0.003000s ]
SQL: SELECT sum(pwi.consume_account) as count
            FROM
                `device_info` di
            LEFT JOIN device_consume_rec pwi ON pwi.di_id = di.id
            WHERE
                pwi.command_status = 2
            and pwi.del_flag=0
            and pwi.type in(1,3,5,9,11,13,15,17)
			and pwi.transfer_status = 0
			and pwi.consume_status = 1
            AND pwi.create_by = 'kefuanmoyitest'
            AND di.del_flag = 0 [ RunTime:2.326134s ]
SQL: SELECT sum(pwi.consume_account) as alipay
            FROM
                `device_info` di
            LEFT JOIN device_consume_rec pwi ON pwi.di_id = di.id
            WHERE
                pwi.command_status = 2
            and pwi.del_flag=0
            and pwi.type in(2,4,6,10,12,14,16,18)
			and pwi.transfer_status = 0
			and pwi.consume_status = 1
            AND pwi.create_by = 'kefuanmoyitest'
            AND di.del_flag = 0 [ RunTime:1.095062s ]
SQL: SELECT sum(pwi.consume_account) as anm_weixin
            FROM
                `device_info` di
            LEFT JOIN device_consume_rec pwi ON pwi.di_id = di.id
            WHERE
                pwi.command_status = 2
            and pwi.del_flag=0
            and pwi.type=3
			and pwi.transfer_status = 0
            AND di.office_id = 'a721bdccfcb44571a48df2065950d05d'
            AND di.del_flag = 0 [ RunTime:1.744100s ]
SQL: SELECT sum(pwi.consume_account) as anm_alipay
            FROM
                `device_info` di
            LEFT JOIN device_consume_rec pwi ON pwi.di_id = di.id
            WHERE
                pwi.command_status = 2
            and pwi.del_flag=0
            and pwi.type=4
			and pwi.transfer_status = 0
            AND di.office_id = 'a721bdccfcb44571a48df2065950d05d'
            AND di.del_flag = 0 [ RunTime:0.857049s ]
SQL: SHOW COLUMNS FROM `device_info` [ RunTime:0.021001s ]
SQL: SELECT sum(dw.LOC_OP) c from (SELECT * from (SELECT dr.* FROM `device_info` LEFT JOIN device_record
 dr on dr.dev_id=device_info.device_command WHERE ( device_info.del_flag = 0 )
 AND ( device_info.office_id = 'a721bdccfcb44571a48df2065950d05d' ) ORDER BY dr.LOC_OP desc)
 da GROUP BY da.dev_id ORDER BY da.LOC_OP desc) dw [ RunTime:3.272187s ]
SQL: SELECT * FROM `sys_user` WHERE ( `del_flag` = 0 ) AND ( `openid` = 'odOIPv9UcOs4N_jKX0JECOwADE7s' ) LIMIT 1   [ RunTime:0.013001s ]
SQL: UPDATE `sys_user` SET `totals`=76.5 WHERE ( `del_flag` = 0 ) AND ( `id` = 'kefuanmoyitest' ) [ RunTime:0.083005s ]
SQL: SELECT SUM(totals-consume) AS tp_sum FROM `sys_user` WHERE ( `del_flag` = 0 ) AND ( `openid` = 'odOIPv9UcOs4N_jKX0JECOwADE7s' ) LIMIT 1   [ RunTime:0.017001s ]
INFO: [ view_template ] --START--
INFO: Run LocationTemplate Behavior [ RunTime:-14.804847s ]
INFO: [ view_template ] --END-- [ RunTime:0.037002s ]
INFO: [ view_parse ] --START--
INFO: Run ParseTemplate Behavior [ RunTime:-14.841849s ]
INFO: [ view_parse ] --END-- [ RunTime:0.156009s ]
INFO: [ view_filter ] --START--
INFO: Run ContentReplace Behavior [ RunTime:-14.997858s ]
INFO: Run TokenBuild Behavior [ RunTime:-15.000858s ]
INFO: Run WriteHtmlCache Behavior [ RunTime:-15.002858s ]
INFO: Run ShowRuntime Behavior [ RunTime:-15.003858s ]
INFO: [ view_filter ] --END-- [ RunTime:0.007000s ]
INFO: [ view_end ] --START--
INFO: Run ShowPageTrace Behavior [ RunTime:-15.004858s ]
INFO: [ view_end ] --END-- [ RunTime:0.002000s ]

[ 2017-11-17T15:09:51+08:00 ] 0.0.0.0 /Rose/index.php?g=Wap&m=Rose2Personal&a=index&openid=odOIPv5RJwDqO94UaCbpKQvdjhLE
INFO: [ app_begin ] --START--
INFO: Run ReadHtmlCache Behavior [ RunTime:0.015001s ]
INFO: [ app_begin ] --END-- [ RunTime:0.015001s ]
NOTIC: [8] A session had already been started - ignoring session_start() D:\phpStudy\WWW\Rose\Lib\Action\Wap\Rose2BaseAction.class.php 第 2 行.
SQL: SHOW COLUMNS FROM `sys_user` [ RunTime:0.013001s ]
SQL: SELECT * FROM `sys_user` WHERE ( `del_flag` = 0 ) AND ( `openid` = 'odOIPv9UcOs4N_jKX0JECOwADE7s' ) LIMIT 1   [ RunTime:0.080005s ]
NOTIC: [8] Trying to get property of non-object D:\phpStudy\WWW\Rose\Core\Extend\Vendor\weixin\jssdk.php 第 75 行.
NOTIC: [8] Trying to get property of non-object D:\phpStudy\WWW\Rose\Core\Extend\Vendor\weixin\jssdk.php 第 53 行.
SQL: SHOW COLUMNS FROM `weixin_userinfo` [ RunTime:0.012000s ]
SQL: SELECT * FROM `weixin_userinfo` WHERE ( `del_flag` = 0 ) AND ( `from_username` = 'odOIPv9UcOs4N_jKX0JECOwADE7s' ) LIMIT 1   [ RunTime:0.038002s ]
SQL: SELECT count(*) as adv
            FROM
                `device_info` di
            LEFT JOIN adv_uservisit_rec pwi ON pwi.di_id = di.id
            LEFT JOIN adv_weixin_info awi ON awi.id = pwi.adv_id
            WHERE
                pwi.status = 2
            and pwi.del_flag=0
            and pwi.transfer_status = 0
			and awi.status=1
			and awi.del_flag=0
            AND di.office_id = 'a721bdccfcb44571a48df2065950d05d'
            AND di.del_flag = 0 [ RunTime:0.028001s ]
SQL: SELECT sum(pwi.consume_account) as count
            FROM
                `device_info` di
            LEFT JOIN device_consume_rec pwi ON pwi.di_id = di.id
            WHERE
                pwi.command_status = 2
            and pwi.del_flag=0
            and pwi.type in(1,3,5,9,11,13,15,17)
			and pwi.transfer_status = 0
			and pwi.consume_status = 1
            AND pwi.create_by = 'kefuanmoyitest'
            AND di.del_flag = 0 [ RunTime:1.643094s ]
SQL: SELECT sum(pwi.consume_account) as alipay
            FROM
                `device_info` di
            LEFT JOIN device_consume_rec pwi ON pwi.di_id = di.id
            WHERE
                pwi.command_status = 2
            and pwi.del_flag=0
            and pwi.type in(2,4,6,10,12,14,16,18)
			and pwi.transfer_status = 0
			and pwi.consume_status = 1
            AND pwi.create_by = 'kefuanmoyitest'
            AND di.del_flag = 0 [ RunTime:1.540088s ]
SQL: SELECT sum(pwi.consume_account) as anm_weixin
            FROM
                `device_info` di
            LEFT JOIN device_consume_rec pwi ON pwi.di_id = di.id
            WHERE
                pwi.command_status = 2
            and pwi.del_flag=0
            and pwi.type=3
			and pwi.transfer_status = 0
            AND di.office_id = 'a721bdccfcb44571a48df2065950d05d'
            AND di.del_flag = 0 [ RunTime:3.230185s ]
SQL: SELECT sum(pwi.consume_account) as anm_alipay
            FROM
                `device_info` di
            LEFT JOIN device_consume_rec pwi ON pwi.di_id = di.id
            WHERE
                pwi.command_status = 2
            and pwi.del_flag=0
            and pwi.type=4
			and pwi.transfer_status = 0
            AND di.office_id = 'a721bdccfcb44571a48df2065950d05d'
            AND di.del_flag = 0 [ RunTime:2.340134s ]
SQL: SHOW COLUMNS FROM `device_info` [ RunTime:0.010001s ]
SQL: SELECT sum(dw.LOC_OP) c from (SELECT * from (SELECT dr.* FROM `device_info` LEFT JOIN device_record
 dr on dr.dev_id=device_info.device_command WHERE ( device_info.del_flag = 0 )
 AND ( device_info.office_id = 'a721bdccfcb44571a48df2065950d05d' ) ORDER BY dr.LOC_OP desc)
 da GROUP BY da.dev_id ORDER BY da.LOC_OP desc) dw [ RunTime:2.878164s ]
SQL: SELECT * FROM `sys_user` WHERE ( `del_flag` = 0 ) AND ( `openid` = 'odOIPv9UcOs4N_jKX0JECOwADE7s' ) LIMIT 1   [ RunTime:0.045003s ]
SQL: UPDATE `sys_user` SET `totals`=76.5 WHERE ( `del_flag` = 0 ) AND ( `id` = 'kefuanmoyitest' ) [ RunTime:0.123007s ]
SQL: SELECT SUM(totals-consume) AS tp_sum FROM `sys_user` WHERE ( `del_flag` = 0 ) AND ( `openid` = 'odOIPv9UcOs4N_jKX0JECOwADE7s' ) LIMIT 1   [ RunTime:0.024001s ]
INFO: [ view_template ] --START--
INFO: Run LocationTemplate Behavior [ RunTime:-13.555775s ]
INFO: [ view_template ] --END-- [ RunTime:0.031002s ]
INFO: [ view_parse ] --START--
INFO: Run ParseTemplate Behavior [ RunTime:-13.585777s ]
INFO: [ view_parse ] --END-- [ RunTime:0.130007s ]
INFO: [ view_filter ] --START--
INFO: Run ContentReplace Behavior [ RunTime:-13.715784s ]
INFO: Run TokenBuild Behavior [ RunTime:-13.718785s ]
INFO: Run WriteHtmlCache Behavior [ RunTime:-13.720785s ]
INFO: Run ShowRuntime Behavior [ RunTime:-13.727785s ]
INFO: [ view_filter ] --END-- [ RunTime:0.013001s ]
INFO: [ view_end ] --START--
INFO: Run ShowPageTrace Behavior [ RunTime:-13.729785s ]
INFO: [ view_end ] --END-- [ RunTime:0.001000s ]

[ 2017-11-17T16:06:57+08:00 ] 0.0.0.0 /Rose/index.php?g=Wap&m=Rose2Personal&a=index&openid=odOIPv5RJwDqO94UaCbpKQvdjhLE
INFO: [ app_begin ] --START--
INFO: Run ReadHtmlCache Behavior [ RunTime:0.026001s ]
INFO: [ app_begin ] --END-- [ RunTime:0.026001s ]
NOTIC: [8] A session had already been started - ignoring session_start() D:\phpStudy\WWW\Rose\Lib\Action\Wap\Rose2BaseAction.class.php 第 2 行.
SQL: SHOW COLUMNS FROM `sys_user` [ RunTime:0.055003s ]
SQL: SELECT * FROM `sys_user` WHERE ( `del_flag` = 0 ) AND ( `openid` = 'odOIPv9UcOs4N_jKX0JECOwADE7s' ) LIMIT 1   [ RunTime:0.038002s ]
NOTIC: [8] Trying to get property of non-object D:\phpStudy\WWW\Rose\Core\Extend\Vendor\weixin\jssdk.php 第 75 行.
NOTIC: [8] Trying to get property of non-object D:\phpStudy\WWW\Rose\Core\Extend\Vendor\weixin\jssdk.php 第 53 行.
SQL: SHOW COLUMNS FROM `weixin_userinfo` [ RunTime:0.028001s ]
SQL: SELECT * FROM `weixin_userinfo` WHERE ( `del_flag` = 0 ) AND ( `from_username` = 'odOIPv9UcOs4N_jKX0JECOwADE7s' ) LIMIT 1   [ RunTime:0.026002s ]
SQL: SELECT count(*) as adv
            FROM
                `device_info` di
            LEFT JOIN adv_uservisit_rec pwi ON pwi.di_id = di.id
            LEFT JOIN adv_weixin_info awi ON awi.id = pwi.adv_id
            WHERE
                pwi.status = 2
            and pwi.del_flag=0
            and pwi.transfer_status = 0
			and awi.status=1
			and awi.del_flag=0
            AND di.office_id = 'a721bdccfcb44571a48df2065950d05d'
            AND di.del_flag = 0 [ RunTime:0.056003s ]
SQL: SELECT sum(pwi.consume_account) as count
            FROM
                `device_info` di
            LEFT JOIN device_consume_rec pwi ON pwi.di_id = di.id
            WHERE
                pwi.command_status = 2
            and pwi.del_flag=0
            and pwi.type in(1,3,5,9,11,13,15,17)
			and pwi.transfer_status = 0
			and pwi.consume_status = 1
            AND pwi.create_by = 'kefuanmoyitest'
            AND di.del_flag = 0 [ RunTime:1.906109s ]
SQL: SELECT sum(pwi.consume_account) as alipay
            FROM
                `device_info` di
            LEFT JOIN device_consume_rec pwi ON pwi.di_id = di.id
            WHERE
                pwi.command_status = 2
            and pwi.del_flag=0
            and pwi.type in(2,4,6,10,12,14,16,18)
			and pwi.transfer_status = 0
			and pwi.consume_status = 1
            AND pwi.create_by = 'kefuanmoyitest'
            AND di.del_flag = 0 [ RunTime:0.687039s ]
SQL: SELECT sum(pwi.consume_account) as anm_weixin
            FROM
                `device_info` di
            LEFT JOIN device_consume_rec pwi ON pwi.di_id = di.id
            WHERE
                pwi.command_status = 2
            and pwi.del_flag=0
            and pwi.type=3
			and pwi.transfer_status = 0
            AND di.office_id = 'a721bdccfcb44571a48df2065950d05d'
            AND di.del_flag = 0 [ RunTime:0.608035s ]
SQL: SELECT sum(pwi.consume_account) as anm_alipay
            FROM
                `device_info` di
            LEFT JOIN device_consume_rec pwi ON pwi.di_id = di.id
            WHERE
                pwi.command_status = 2
            and pwi.del_flag=0
            and pwi.type=4
			and pwi.transfer_status = 0
            AND di.office_id = 'a721bdccfcb44571a48df2065950d05d'
            AND di.del_flag = 0 [ RunTime:0.516030s ]
SQL: SHOW COLUMNS FROM `device_info` [ RunTime:0.018001s ]
SQL: SELECT sum(dw.LOC_OP) c from (SELECT * from (SELECT dr.* FROM `device_info` LEFT JOIN device_record
 dr on dr.dev_id=device_info.device_command WHERE ( device_info.del_flag = 0 )
 AND ( device_info.office_id = 'a721bdccfcb44571a48df2065950d05d' ) ORDER BY dr.LOC_OP desc)
 da GROUP BY da.dev_id ORDER BY da.LOC_OP desc) dw [ RunTime:2.143122s ]
SQL: SELECT * FROM `sys_user` WHERE ( `del_flag` = 0 ) AND ( `openid` = 'odOIPv9UcOs4N_jKX0JECOwADE7s' ) LIMIT 1   [ RunTime:0.006001s ]
SQL: UPDATE `sys_user` SET `totals`=76.5 WHERE ( `del_flag` = 0 ) AND ( `id` = 'kefuanmoyitest' ) [ RunTime:0.059003s ]
SQL: SELECT SUM(totals-consume) AS tp_sum FROM `sys_user` WHERE ( `del_flag` = 0 ) AND ( `openid` = 'odOIPv9UcOs4N_jKX0JECOwADE7s' ) LIMIT 1   [ RunTime:0.001000s ]
INFO: [ view_template ] --START--
INFO: Run LocationTemplate Behavior [ RunTime:-8.004458s ]
INFO: [ view_template ] --END-- [ RunTime:0.020001s ]
INFO: [ view_parse ] --START--
INFO: Run ParseTemplate Behavior [ RunTime:-8.024459s ]
INFO: [ view_parse ] --END-- [ RunTime:0.097006s ]
INFO: [ view_filter ] --START--
INFO: Run ContentReplace Behavior [ RunTime:-8.121465s ]
INFO: Run TokenBuild Behavior [ RunTime:-8.123465s ]
INFO: Run WriteHtmlCache Behavior [ RunTime:-8.124465s ]
INFO: Run ShowRuntime Behavior [ RunTime:-8.125465s ]
INFO: [ view_filter ] --END-- [ RunTime:0.005000s ]
INFO: [ view_end ] --START--
INFO: Run ShowPageTrace Behavior [ RunTime:-8.126465s ]
INFO: [ view_end ] --END-- [ RunTime:0.001000s ]

