[ 2017-10-18T09:42:28+08:00 ] 0.0.0.0 /Rose/index.php?g=Wap&m=VendLogin&a=login
INFO: [ app_begin ] --START--
INFO: Run ReadHtmlCache Behavior [ RunTime:0.000000s ]
INFO: [ app_begin ] --END-- [ RunTime:0.000000s ]
NOTIC: [8] A session had already been started - ignoring session_start() D:\phpStudy\WWW\Rose\Lib\Action\Wap\VendLoginAction.class.php 第 2 行.
INFO: [ view_template ] --START--
INFO: Run LocationTemplate Behavior [ RunTime:-0.083005s ]
INFO: [ view_template ] --END-- [ RunTime:0.042002s ]
INFO: [ view_parse ] --START--
INFO: Run ParseTemplate Behavior [ RunTime:-0.125007s ]
INFO: [ view_parse ] --END-- [ RunTime:0.188011s ]
INFO: [ view_filter ] --START--
INFO: Run ContentReplace Behavior [ RunTime:-0.313018s ]
INFO: Run TokenBuild Behavior [ RunTime:-0.349020s ]
INFO: Run WriteHtmlCache Behavior [ RunTime:-0.398023s ]
INFO: Run ShowRuntime Behavior [ RunTime:-0.444025s ]
INFO: [ view_filter ] --END-- [ RunTime:0.157009s ]
INFO: [ view_end ] --START--
INFO: Run ShowPageTrace Behavior [ RunTime:-0.470027s ]
INFO: [ view_end ] --END-- [ RunTime:0.038002s ]

