[ 2017-12-26T09:44:19+08:00 ] 0.0.0.0 /Rose/index.php?g=Wap&m=Glassregiter&a=index&scan_code=ARSG1234&openid=odOIPv9UcOs4N_jKX0JECOwADE7s
INFO: [ app_begin ] --START--
INFO: Run ReadHtmlCache Behavior [ RunTime:0.055003s ]
INFO: [ app_begin ] --END-- [ RunTime:0.134007s ]
INFO: [ view_template ] --START--
INFO: Run LocationTemplate Behavior [ RunTime:-10.088577s ]
INFO: [ view_template ] --END-- [ RunTime:0.032002s ]
INFO: [ view_parse ] --START--
INFO: Run ParseTemplate Behavior [ RunTime:-10.120579s ]
INFO: [ view_parse ] --END-- [ RunTime:0.165009s ]
INFO: [ view_filter ] --START--
INFO: Run ContentReplace Behavior [ RunTime:-10.285588s ]
INFO: Run TokenBuild Behavior [ RunTime:-10.290588s ]
INFO: Run WriteHtmlCache Behavior [ RunTime:-10.317590s ]
INFO: Run ShowRuntime Behavior [ RunTime:-10.330591s ]
INFO: [ view_filter ] --END-- [ RunTime:0.077004s ]
INFO: [ view_end ] --START--
INFO: Run ShowPageTrace Behavior [ RunTime:-10.362592s ]
INFO: [ view_end ] --END-- [ RunTime:0.014001s ]

[ 2017-12-26T10:34:04+08:00 ] 0.0.0.0 /Rose/index.php?g=Wap&m=Rose2Personal&a=index&openid=odOIPv9UcOs4N_jKX0JECOwADE7s
INFO: [ app_begin ] --START--
INFO: Run ReadHtmlCache Behavior [ RunTime:0.018001s ]
INFO: [ app_begin ] --END-- [ RunTime:0.018001s ]
NOTIC: [8] A session had already been started - ignoring session_start() D:\phpStudy\WWW\Rose\Lib\Action\Wap\Rose2BaseAction.class.php 第 2 行.
SQL: SHOW COLUMNS FROM `sys_user` [ RunTime:0.013001s ]
SQL: SELECT * FROM `sys_user` WHERE ( `del_flag` = 0 ) AND ( `openid` = 'odOIPv9UcOs4N_jKX0JECOwADE7s' ) LIMIT 1   [ RunTime:0.001000s ]
NOTIC: [8] Trying to get property of non-object D:\phpStudy\WWW\Rose\Core\Extend\Vendor\weixin\jssdk.php 第 75 行.
NOTIC: [8] Trying to get property of non-object D:\phpStudy\WWW\Rose\Core\Extend\Vendor\weixin\jssdk.php 第 53 行.
SQL: SHOW COLUMNS FROM `weixin_userinfo` [ RunTime:0.087005s ]
SQL: SELECT * FROM `weixin_userinfo` WHERE ( `del_flag` = 0 ) AND ( `from_username` = 'odOIPv9UcOs4N_jKX0JECOwADE7s' ) LIMIT 1   [ RunTime:0.001000s ]
SQL: SHOW COLUMNS FROM `device_consume_rec` [ RunTime:0.199012s ]
SQL: SELECT SUM(consume_account) AS tp_sum FROM `device_consume_rec` WHERE ( `command_status` = '2' ) AND ( `del_flag` = '0' ) AND ( `type` IN ('1','3','5','9','11','13','15','17','19') ) AND ( `transfer_status` = '0' ) AND ( `consume_status` IN ('1','2') ) AND ( `create_by` = 'kefuanmoyitest' ) LIMIT 1   [ RunTime:2.469141s ]
SQL: SELECT SUM(consume_account) AS tp_sum FROM `device_consume_rec` WHERE ( `command_status` = '2' ) AND ( `del_flag` = '0' ) AND ( `type` IN ('2','4','6','10','12','14','16','18') ) AND ( `transfer_status` = '0' ) AND ( `consume_status` IN ('1','2') ) AND ( `create_by` = 'kefuanmoyitest' ) LIMIT 1   [ RunTime:0.001000s ]
SQL: SHOW COLUMNS FROM `device_info` [ RunTime:0.009001s ]
SQL: SELECT sum(dw.LOC_OP) c from (SELECT * from (SELECT dr.* FROM `device_info` LEFT JOIN device_record
 dr on dr.dev_id=device_info.device_command WHERE ( device_info.del_flag = 0 )
 AND ( device_info.office_id = 'a721bdccfcb44571a48df2065950d05d' ) ORDER BY dr.LOC_OP desc)
 da GROUP BY da.dev_id ORDER BY da.LOC_OP desc) dw [ RunTime:1.425081s ]
SQL: SELECT * FROM `sys_user` WHERE ( `del_flag` = 0 ) AND ( `openid` = 'odOIPv9UcOs4N_jKX0JECOwADE7s' ) LIMIT 1   [ RunTime:0.021001s ]
SQL: UPDATE `sys_user` SET `totals`=76.5 WHERE ( `del_flag` = 0 ) AND ( `id` = 'kefuanmoyitest' ) [ RunTime:0.030002s ]
SQL: SELECT SUM(totals-consume) AS tp_sum FROM `sys_user` WHERE ( `del_flag` = 0 ) AND ( `openid` = 'odOIPv9UcOs4N_jKX0JECOwADE7s' ) LIMIT 1   [ RunTime:0.010001s ]
INFO: [ view_template ] --START--
INFO: Run LocationTemplate Behavior [ RunTime:-5.647323s ]
INFO: [ view_template ] --END-- [ RunTime:0.024001s ]
INFO: [ view_parse ] --START--
INFO: Run ParseTemplate Behavior [ RunTime:-5.671324s ]
INFO: [ view_parse ] --END-- [ RunTime:0.113006s ]
INFO: [ view_filter ] --START--
INFO: Run ContentReplace Behavior [ RunTime:-5.784330s ]
INFO: Run TokenBuild Behavior [ RunTime:-5.786331s ]
INFO: Run WriteHtmlCache Behavior [ RunTime:-5.788331s ]
INFO: Run ShowRuntime Behavior [ RunTime:-5.789331s ]
INFO: [ view_filter ] --END-- [ RunTime:0.007001s ]
INFO: [ view_end ] --START--
INFO: Run ShowPageTrace Behavior [ RunTime:-5.791331s ]
INFO: [ view_end ] --END-- [ RunTime:0.002000s ]

[ 2017-12-26T10:34:13+08:00 ] 0.0.0.0 /Rose/index.php?g=Wap&m=Rose2Personal&a=presonal_new&openid=odOIPv9UcOs4N_jKX0JECOwADE7s
INFO: [ app_begin ] --START--
INFO: Run ReadHtmlCache Behavior [ RunTime:0.001000s ]
INFO: [ app_begin ] --END-- [ RunTime:0.001000s ]
NOTIC: [8] A session had already been started - ignoring session_start() D:\phpStudy\WWW\Rose\Lib\Action\Wap\Rose2BaseAction.class.php 第 2 行.
SQL: SHOW COLUMNS FROM `sys_user` [ RunTime:0.012000s ]
SQL: SELECT * FROM `sys_user` WHERE ( `del_flag` = 0 ) AND ( `openid` = 'odOIPv9UcOs4N_jKX0JECOwADE7s' ) LIMIT 1   [ RunTime:0.001001s ]
NOTIC: [8] Trying to get property of non-object D:\phpStudy\WWW\Rose\Core\Extend\Vendor\weixin\jssdk.php 第 75 行.
NOTIC: [8] Trying to get property of non-object D:\phpStudy\WWW\Rose\Core\Extend\Vendor\weixin\jssdk.php 第 53 行.
SQL: SHOW COLUMNS FROM `weixin_userinfo` [ RunTime:0.013000s ]
SQL: SELECT * FROM `weixin_userinfo` WHERE ( `del_flag` = 0 ) AND ( `from_username` = 'odOIPv9UcOs4N_jKX0JECOwADE7s' ) LIMIT 1   [ RunTime:0.020002s ]
SQL: SELECT * FROM `sys_user` WHERE ( `del_flag` = 0 ) AND ( `openid` = 'odOIPv9UcOs4N_jKX0JECOwADE7s' ) LIMIT 1   [ RunTime:0.001000s ]
SQL: SHOW COLUMNS FROM `sys_office` [ RunTime:0.048002s ]
SQL: SELECT `name` FROM `sys_office` WHERE ( `del_flag` = 0 ) AND ( `id` = 'a721bdccfcb44571a48df2065950d05d' ) LIMIT 1   [ RunTime:0.000000s ]
SQL: SHOW COLUMNS FROM `device_consume_rec` [ RunTime:0.012001s ]
SQL: SELECT SUM(consume_account) AS tp_sum FROM `device_consume_rec` WHERE ( `create_date` >= '2017-12-26 00:00:00' ) AND ( `command_status` = 2 ) AND ( `consume_status` = 1 ) AND ( `del_flag` = 0 ) AND ( `transfer_status` = 0 ) AND ( `create_by` = 'kefuanmoyitest' ) LIMIT 1   [ RunTime:0.025002s ]
NOTIC: [2] trim() expects parameter 1 to be string, array given D:\phpStudy\WWW\Rose\Core\Lib\Core\Db.class.php 第 459 行.
SQL: SELECT SUM(consume_account) AS tp_sum FROM `device_consume_rec` WHERE ( (`create_date` >= '2017-12')  ) AND ( `command_status` = 2 ) AND ( `consume_status` = 1 ) AND ( `del_flag` = 0 ) AND ( `transfer_status` = 0 ) AND ( `create_by` = 'kefuanmoyitest' ) LIMIT 1   [ RunTime:1.269072s ]
SQL: SELECT SUM(totals-consume) AS tp_sum FROM `sys_user` WHERE ( `del_flag` = 0 ) AND ( `openid` = 'odOIPv9UcOs4N_jKX0JECOwADE7s' ) LIMIT 1   [ RunTime:0.032002s ]
SQL: SELECT sum(consume_account) as count,`deivce_command` FROM `device_consume_rec` WHERE ( `command_status` = 2 ) AND ( `consume_status` = 1 ) AND ( `del_flag` = 0 ) AND ( `transfer_status` = 0 ) AND ( `create_by` = 'kefuanmoyitest' ) GROUP BY deivce_command ORDER BY count desc LIMIT 1   [ RunTime:1.159066s ]
SQL: SHOW COLUMNS FROM `device_info` [ RunTime:0.008001s ]
SQL: SELECT `scan_code` FROM `device_info` WHERE ( `del_flag` = 0 ) AND ( `device_command` = '4093646' ) AND ( `owner_id` = 'kefuanmoyitest' ) LIMIT 1   [ RunTime:0.009000s ]
SQL: SELECT sum(1) as count,drg.online_status FROM device_info di LEFT JOIN device_relation_group drg ON drg.di_id = di.id WHERE ( di.del_flag = 0 ) AND ( drg.del_flag = 0 ) AND ( di.owner_id = 'kefuanmoyitest' ) GROUP BY drg.online_status ORDER BY drg.online_status asc  [ RunTime:0.014001s ]
SQL: SHOW COLUMNS FROM `userefund` [ RunTime:0.075004s ]
SQL: SELECT COUNT(*) AS tp_count FROM `userefund` WHERE ( `owner_id` = 'kefuanmoyitest' ) LIMIT 1   [ RunTime:0.002001s ]
INFO: [ view_template ] --START--
INFO: Run LocationTemplate Behavior [ RunTime:-3.840220s ]
INFO: [ view_template ] --END-- [ RunTime:0.007000s ]
INFO: [ view_parse ] --START--
INFO: Run ParseTemplate Behavior [ RunTime:-3.847220s ]
INFO: [ view_parse ] --END-- [ RunTime:0.058003s ]
INFO: [ view_filter ] --START--
INFO: Run ContentReplace Behavior [ RunTime:-3.905223s ]
INFO: Run TokenBuild Behavior [ RunTime:-3.906223s ]
INFO: Run WriteHtmlCache Behavior [ RunTime:-3.907223s ]
INFO: Run ShowRuntime Behavior [ RunTime:-3.907223s ]
INFO: [ view_filter ] --END-- [ RunTime:0.003000s ]
INFO: [ view_end ] --START--
INFO: Run ShowPageTrace Behavior [ RunTime:-3.908223s ]
INFO: [ view_end ] --END-- [ RunTime:0.001001s ]

[ 2017-12-26T10:34:22+08:00 ] 0.0.0.0 /Rose/index.php?g=Wap&m=Rose2Personal&a=presonal_new&openid=odOIPv9UcOs4N_jKX0JECOwADE7s
INFO: [ app_begin ] --START--
INFO: Run ReadHtmlCache Behavior [ RunTime:0.001000s ]
INFO: [ app_begin ] --END-- [ RunTime:0.001000s ]
NOTIC: [8] A session had already been started - ignoring session_start() D:\phpStudy\WWW\Rose\Lib\Action\Wap\Rose2BaseAction.class.php 第 2 行.
SQL: SHOW COLUMNS FROM `sys_user` [ RunTime:0.018001s ]
SQL: SELECT * FROM `sys_user` WHERE ( `del_flag` = 0 ) AND ( `openid` = 'odOIPv9UcOs4N_jKX0JECOwADE7s' ) LIMIT 1   [ RunTime:0.050003s ]
NOTIC: [8] Trying to get property of non-object D:\phpStudy\WWW\Rose\Core\Extend\Vendor\weixin\jssdk.php 第 75 行.
NOTIC: [8] Trying to get property of non-object D:\phpStudy\WWW\Rose\Core\Extend\Vendor\weixin\jssdk.php 第 53 行.
SQL: SHOW COLUMNS FROM `weixin_userinfo` [ RunTime:0.014001s ]
SQL: SELECT * FROM `weixin_userinfo` WHERE ( `del_flag` = 0 ) AND ( `from_username` = 'odOIPv9UcOs4N_jKX0JECOwADE7s' ) LIMIT 1   [ RunTime:0.009000s ]
SQL: UPDATE `sys_user` SET `title`='123123',`update_date`='2017-12-26 10:34:22' WHERE ( `del_flag` = 0 ) AND ( `id` = 'kefuanmoyitest' ) [ RunTime:0.043003s ]

[ 2017-12-26T10:34:26+08:00 ] 0.0.0.0 /Rose/index.php?g=Wap&m=Rose2Personal&a=users_list&openid=odOIPv9UcOs4N_jKX0JECOwADE7s
INFO: [ app_begin ] --START--
INFO: Run ReadHtmlCache Behavior [ RunTime:0.001000s ]
INFO: [ app_begin ] --END-- [ RunTime:0.001000s ]
NOTIC: [8] A session had already been started - ignoring session_start() D:\phpStudy\WWW\Rose\Lib\Action\Wap\Rose2BaseAction.class.php 第 2 行.
SQL: SHOW COLUMNS FROM `sys_user` [ RunTime:0.017001s ]
SQL: SELECT * FROM `sys_user` WHERE ( `del_flag` = 0 ) AND ( `openid` = 'odOIPv9UcOs4N_jKX0JECOwADE7s' ) LIMIT 1   [ RunTime:0.005000s ]
NOTIC: [8] Trying to get property of non-object D:\phpStudy\WWW\Rose\Core\Extend\Vendor\weixin\jssdk.php 第 75 行.
NOTIC: [8] Trying to get property of non-object D:\phpStudy\WWW\Rose\Core\Extend\Vendor\weixin\jssdk.php 第 53 行.
SQL: SHOW COLUMNS FROM `weixin_userinfo` [ RunTime:0.012001s ]
SQL: SELECT * FROM `weixin_userinfo` WHERE ( `del_flag` = 0 ) AND ( `from_username` = 'odOIPv9UcOs4N_jKX0JECOwADE7s' ) LIMIT 1   [ RunTime:0.007000s ]
SQL: SELECT * FROM `sys_user` WHERE ( `del_flag` = 0 ) AND ( `openid` = 'odOIPv9UcOs4N_jKX0JECOwADE7s' ) LIMIT 1   [ RunTime:0.007001s ]
SQL: SELECT * FROM `sys_user` WHERE ( `del_flag` = 0 ) AND ( `pre_userid` = 'kefuanmoyitest' )  [ RunTime:0.003000s ]
INFO: [ view_template ] --START--
INFO: Run LocationTemplate Behavior [ RunTime:-1.148066s ]
INFO: [ view_template ] --END-- [ RunTime:0.019001s ]
INFO: [ view_parse ] --START--
INFO: Run ParseTemplate Behavior [ RunTime:-1.167067s ]
INFO: [ view_parse ] --END-- [ RunTime:0.039002s ]
INFO: [ view_filter ] --START--
INFO: Run ContentReplace Behavior [ RunTime:-1.206069s ]
INFO: Run TokenBuild Behavior [ RunTime:-1.207069s ]
INFO: Run WriteHtmlCache Behavior [ RunTime:-1.208069s ]
INFO: Run ShowRuntime Behavior [ RunTime:-1.209069s ]
INFO: [ view_filter ] --END-- [ RunTime:0.004000s ]
INFO: [ view_end ] --START--
INFO: Run ShowPageTrace Behavior [ RunTime:-1.210069s ]
INFO: [ view_end ] --END-- [ RunTime:0.001000s ]

[ 2017-12-26T10:34:30+08:00 ] 0.0.0.0 /Rose/index.php?g=Wap&m=Rose2Personal&a=presonal_new&openid=odOIPv9UcOs4N_jKX0JECOwADE7s
INFO: [ app_begin ] --START--
INFO: Run ReadHtmlCache Behavior [ RunTime:0.001000s ]
INFO: [ app_begin ] --END-- [ RunTime:0.001000s ]
NOTIC: [8] A session had already been started - ignoring session_start() D:\phpStudy\WWW\Rose\Lib\Action\Wap\Rose2BaseAction.class.php 第 2 行.
SQL: SHOW COLUMNS FROM `sys_user` [ RunTime:0.012000s ]
SQL: SELECT * FROM `sys_user` WHERE ( `del_flag` = 0 ) AND ( `openid` = 'odOIPv9UcOs4N_jKX0JECOwADE7s' ) LIMIT 1   [ RunTime:0.002000s ]
NOTIC: [8] Trying to get property of non-object D:\phpStudy\WWW\Rose\Core\Extend\Vendor\weixin\jssdk.php 第 75 行.
NOTIC: [8] Trying to get property of non-object D:\phpStudy\WWW\Rose\Core\Extend\Vendor\weixin\jssdk.php 第 53 行.
SQL: SHOW COLUMNS FROM `weixin_userinfo` [ RunTime:0.011001s ]
SQL: SELECT * FROM `weixin_userinfo` WHERE ( `del_flag` = 0 ) AND ( `from_username` = 'odOIPv9UcOs4N_jKX0JECOwADE7s' ) LIMIT 1   [ RunTime:0.001000s ]
SQL: SELECT * FROM `sys_user` WHERE ( `del_flag` = 0 ) AND ( `openid` = 'odOIPv9UcOs4N_jKX0JECOwADE7s' ) LIMIT 1   [ RunTime:0.001000s ]
SQL: SHOW COLUMNS FROM `sys_office` [ RunTime:0.016001s ]
SQL: SELECT `name` FROM `sys_office` WHERE ( `del_flag` = 0 ) AND ( `id` = 'a721bdccfcb44571a48df2065950d05d' ) LIMIT 1   [ RunTime:0.007000s ]
SQL: SHOW COLUMNS FROM `device_consume_rec` [ RunTime:0.014001s ]
SQL: SELECT SUM(consume_account) AS tp_sum FROM `device_consume_rec` WHERE ( `create_date` >= '2017-12-26 00:00:00' ) AND ( `command_status` = 2 ) AND ( `consume_status` = 1 ) AND ( `del_flag` = 0 ) AND ( `transfer_status` = 0 ) AND ( `create_by` = 'kefuanmoyitest' ) LIMIT 1   [ RunTime:0.015001s ]
NOTIC: [2] trim() expects parameter 1 to be string, array given D:\phpStudy\WWW\Rose\Core\Lib\Core\Db.class.php 第 459 行.
SQL: SELECT SUM(consume_account) AS tp_sum FROM `device_consume_rec` WHERE ( (`create_date` >= '2017-12')  ) AND ( `command_status` = 2 ) AND ( `consume_status` = 1 ) AND ( `del_flag` = 0 ) AND ( `transfer_status` = 0 ) AND ( `create_by` = 'kefuanmoyitest' ) LIMIT 1   [ RunTime:1.086062s ]
SQL: SELECT SUM(totals-consume) AS tp_sum FROM `sys_user` WHERE ( `del_flag` = 0 ) AND ( `openid` = 'odOIPv9UcOs4N_jKX0JECOwADE7s' ) LIMIT 1   [ RunTime:0.008001s ]
SQL: SELECT sum(consume_account) as count,`deivce_command` FROM `device_consume_rec` WHERE ( `command_status` = 2 ) AND ( `consume_status` = 1 ) AND ( `del_flag` = 0 ) AND ( `transfer_status` = 0 ) AND ( `create_by` = 'kefuanmoyitest' ) GROUP BY deivce_command ORDER BY count desc LIMIT 1   [ RunTime:1.055060s ]
SQL: SHOW COLUMNS FROM `device_info` [ RunTime:0.020001s ]
SQL: SELECT `scan_code` FROM `device_info` WHERE ( `del_flag` = 0 ) AND ( `device_command` = '4093646' ) AND ( `owner_id` = 'kefuanmoyitest' ) LIMIT 1   [ RunTime:0.017001s ]
SQL: SELECT sum(1) as count,drg.online_status FROM device_info di LEFT JOIN device_relation_group drg ON drg.di_id = di.id WHERE ( di.del_flag = 0 ) AND ( drg.del_flag = 0 ) AND ( di.owner_id = 'kefuanmoyitest' ) GROUP BY drg.online_status ORDER BY drg.online_status asc  [ RunTime:0.015001s ]
SQL: SHOW COLUMNS FROM `userefund` [ RunTime:0.010001s ]
SQL: SELECT COUNT(*) AS tp_count FROM `userefund` WHERE ( `owner_id` = 'kefuanmoyitest' ) LIMIT 1   [ RunTime:0.008000s ]
INFO: [ view_template ] --START--
INFO: Run LocationTemplate Behavior [ RunTime:-3.405195s ]
INFO: [ view_template ] --END-- [ RunTime:0.002000s ]
INFO: [ view_parse ] --START--
INFO: Run ParseTemplate Behavior [ RunTime:-3.407195s ]
INFO: [ view_parse ] --END-- [ RunTime:0.015001s ]
INFO: [ view_filter ] --START--
INFO: Run ContentReplace Behavior [ RunTime:-3.423196s ]
INFO: Run TokenBuild Behavior [ RunTime:-3.424196s ]
INFO: Run WriteHtmlCache Behavior [ RunTime:-3.425196s ]
INFO: Run ShowRuntime Behavior [ RunTime:-3.425196s ]
INFO: [ view_filter ] --END-- [ RunTime:0.003000s ]
INFO: [ view_end ] --START--
INFO: Run ShowPageTrace Behavior [ RunTime:-3.426196s ]
INFO: [ view_end ] --END-- [ RunTime:0.002000s ]

[ 2017-12-26T10:34:36+08:00 ] 0.0.0.0 /Rose/index.php?g=Wap&m=Device&a=group_list&openid=odOIPv9UcOs4N_jKX0JECOwADE7s
INFO: [ app_begin ] --START--
INFO: Run ReadHtmlCache Behavior [ RunTime:0.001000s ]
INFO: [ app_begin ] --END-- [ RunTime:0.001000s ]
NOTIC: [8] A session had already been started - ignoring session_start() D:\phpStudy\WWW\Rose\Lib\Action\Wap\Rose2BaseAction.class.php 第 2 行.
SQL: SHOW COLUMNS FROM `sys_user` [ RunTime:0.019001s ]
SQL: SELECT * FROM `sys_user` WHERE ( `del_flag` = 0 ) AND ( `openid` = 'odOIPv9UcOs4N_jKX0JECOwADE7s' ) LIMIT 1   [ RunTime:0.002000s ]
NOTIC: [8] Trying to get property of non-object D:\phpStudy\WWW\Rose\Core\Extend\Vendor\weixin\jssdk.php 第 75 行.
NOTIC: [8] Trying to get property of non-object D:\phpStudy\WWW\Rose\Core\Extend\Vendor\weixin\jssdk.php 第 53 行.
SQL: SHOW COLUMNS FROM `weixin_userinfo` [ RunTime:0.016001s ]
SQL: SELECT * FROM `weixin_userinfo` WHERE ( `del_flag` = 0 ) AND ( `from_username` = 'odOIPv9UcOs4N_jKX0JECOwADE7s' ) LIMIT 1   [ RunTime:0.007001s ]
SQL: SELECT * FROM `sys_user` WHERE ( `del_flag` = 0 ) AND ( `openid` = 'odOIPv9UcOs4N_jKX0JECOwADE7s' ) LIMIT 1   [ RunTime:0.001000s ]
SQL: SELECT * FROM `sys_user` WHERE ( `del_flag` = 0 ) AND ( `is_into` = '1' )  [ RunTime:0.002000s ]
SQL: SHOW COLUMNS FROM `deivce_group_info` [ RunTime:0.102006s ]
SQL: SELECT * FROM `deivce_group_info` WHERE ( `owner_id` IN ('kefuanmoyitest','2017061610_0EDE8AFAD47B2648DE9BE38F9D9B3EA5') ) AND ( `del_flag` = 0 ) ORDER BY create_date desc  [ RunTime:0.001000s ]
INFO: [ view_template ] --START--
INFO: Run LocationTemplate Behavior [ RunTime:-1.335076s ]
INFO: [ view_template ] --END-- [ RunTime:0.019001s ]
INFO: [ view_parse ] --START--
INFO: Run ParseTemplate Behavior [ RunTime:-1.354077s ]
INFO: [ view_parse ] --END-- [ RunTime:0.033002s ]
INFO: [ view_filter ] --START--
INFO: Run ContentReplace Behavior [ RunTime:-1.387079s ]
INFO: Run TokenBuild Behavior [ RunTime:-1.388079s ]
INFO: Run WriteHtmlCache Behavior [ RunTime:-1.389079s ]
INFO: Run ShowRuntime Behavior [ RunTime:-1.389079s ]
INFO: [ view_filter ] --END-- [ RunTime:0.003000s ]
INFO: [ view_end ] --START--
INFO: Run ShowPageTrace Behavior [ RunTime:-1.390079s ]
INFO: [ view_end ] --END-- [ RunTime:0.001000s ]

[ 2017-12-26T10:34:40+08:00 ] 0.0.0.0 /Rose/index.php?g=Wap&m=Device&a=device_list&openid=odOIPv9UcOs4N_jKX0JECOwADE7s
INFO: [ app_begin ] --START--
INFO: Run ReadHtmlCache Behavior [ RunTime:0.001000s ]
INFO: [ app_begin ] --END-- [ RunTime:0.001000s ]
NOTIC: [8] A session had already been started - ignoring session_start() D:\phpStudy\WWW\Rose\Lib\Action\Wap\Rose2BaseAction.class.php 第 2 行.
SQL: SHOW COLUMNS FROM `sys_user` [ RunTime:0.012001s ]
SQL: SELECT * FROM `sys_user` WHERE ( `del_flag` = 0 ) AND ( `openid` = 'odOIPv9UcOs4N_jKX0JECOwADE7s' ) LIMIT 1   [ RunTime:0.001000s ]
NOTIC: [8] Trying to get property of non-object D:\phpStudy\WWW\Rose\Core\Extend\Vendor\weixin\jssdk.php 第 75 行.
NOTIC: [8] Trying to get property of non-object D:\phpStudy\WWW\Rose\Core\Extend\Vendor\weixin\jssdk.php 第 53 行.
SQL: SHOW COLUMNS FROM `weixin_userinfo` [ RunTime:0.011001s ]
SQL: SELECT * FROM `weixin_userinfo` WHERE ( `del_flag` = 0 ) AND ( `from_username` = 'odOIPv9UcOs4N_jKX0JECOwADE7s' ) LIMIT 1   [ RunTime:0.000000s ]
SQL: SELECT * FROM `sys_user` WHERE ( `del_flag` = 0 ) AND ( `openid` = 'odOIPv9UcOs4N_jKX0JECOwADE7s' ) LIMIT 1   [ RunTime:0.001000s ]
SQL: SELECT * FROM `sys_user` WHERE ( `del_flag` = 0 ) AND ( `is_into` = '1' )  [ RunTime:0.001000s ]
SQL: SHOW COLUMNS FROM `device_relation_group` [ RunTime:0.014001s ]
SQL: SELECT device_relation_group.*,dgi.group_name,di.scan_code FROM `device_relation_group` LEFT JOIN deivce_group_info dgi on dgi.id = device_relation_group.dgi_id LEFT JOIN device_info di on di.id = device_relation_group.di_id WHERE ( di.owner_id IN ('kefuanmoyitest','2017061610_0EDE8AFAD47B2648DE9BE38F9D9B3EA5') ) AND ( dgi.del_flag = 0 ) ORDER BY device_relation_group.online_status desc  [ RunTime:0.001000s ]
INFO: [ view_template ] --START--
INFO: Run LocationTemplate Behavior [ RunTime:-1.243071s ]
INFO: [ view_template ] --END-- [ RunTime:0.002000s ]
INFO: [ view_parse ] --START--
INFO: Run ParseTemplate Behavior [ RunTime:-1.245071s ]
INFO: [ view_parse ] --END-- [ RunTime:0.056003s ]
INFO: [ view_filter ] --START--
INFO: Run ContentReplace Behavior [ RunTime:-1.301074s ]
INFO: Run TokenBuild Behavior [ RunTime:-1.303074s ]
INFO: Run WriteHtmlCache Behavior [ RunTime:-1.305074s ]
INFO: Run ShowRuntime Behavior [ RunTime:-1.306074s ]
INFO: [ view_filter ] --END-- [ RunTime:0.007001s ]
INFO: [ view_end ] --START--
INFO: Run ShowPageTrace Behavior [ RunTime:-1.308075s ]
INFO: [ view_end ] --END-- [ RunTime:0.003000s ]

[ 2017-12-26T10:34:43+08:00 ] 0.0.0.0 /Rose/index.php?g=Wap&m=Device&a=anm&openid=odOIPv9UcOs4N_jKX0JECOwADE7s&device_type=4&di_id=2017122510_F7A17EC70E094E1713DA280FB806E631
INFO: [ app_begin ] --START--
INFO: Run ReadHtmlCache Behavior [ RunTime:0.001000s ]
INFO: [ app_begin ] --END-- [ RunTime:0.001000s ]
NOTIC: [8] A session had already been started - ignoring session_start() D:\phpStudy\WWW\Rose\Lib\Action\Wap\Rose2BaseAction.class.php 第 2 行.
SQL: SHOW COLUMNS FROM `sys_user` [ RunTime:0.012001s ]
SQL: SELECT * FROM `sys_user` WHERE ( `del_flag` = 0 ) AND ( `openid` = 'odOIPv9UcOs4N_jKX0JECOwADE7s' ) LIMIT 1   [ RunTime:0.001000s ]
NOTIC: [8] Trying to get property of non-object D:\phpStudy\WWW\Rose\Core\Extend\Vendor\weixin\jssdk.php 第 75 行.
NOTIC: [8] Trying to get property of non-object D:\phpStudy\WWW\Rose\Core\Extend\Vendor\weixin\jssdk.php 第 53 行.
SQL: SHOW COLUMNS FROM `weixin_userinfo` [ RunTime:0.020001s ]
SQL: SELECT * FROM `weixin_userinfo` WHERE ( `del_flag` = 0 ) AND ( `from_username` = 'odOIPv9UcOs4N_jKX0JECOwADE7s' ) LIMIT 1   [ RunTime:0.000000s ]
NOTIC: [8] Undefined index: ANM D:\phpStudy\WWW\Rose\Lib\Action\Wap\DeviceAction.class.php 第 550 行.
SQL: SHOW COLUMNS FROM `device_relation_group` [ RunTime:0.014001s ]
SQL: SELECT * FROM `device_relation_group` WHERE ( `di_id` = '2017122510_F7A17EC70E094E1713DA280FB806E631' ) AND ( `del_flag` = 0 ) AND ( `device_type` = 4 ) LIMIT 1   [ RunTime:0.001000s ]
SQL: SHOW COLUMNS FROM `device_info` [ RunTime:0.013001s ]
SQL: SELECT `fencheng` FROM `device_info` WHERE ( `id` = '2017122510_F7A17EC70E094E1713DA280FB806E631' ) AND ( `del_flag` = 0 ) LIMIT 1   [ RunTime:0.000000s ]
SQL: SELECT * FROM `sys_user` WHERE ( `del_flag` = 0 ) AND ( `openid` = 'odOIPv9UcOs4N_jKX0JECOwADE7s' ) LIMIT 1   [ RunTime:0.001000s ]
SQL: SELECT * FROM `sys_user` WHERE ( `del_flag` = 0 ) AND ( `id` = '0' ) LIMIT 1   [ RunTime:0.000000s ]
SQL: SELECT * FROM `sys_user` WHERE ( `del_flag` = 0 ) AND ( `pre_userid` = 'kefuanmoyitest' )  [ RunTime:0.001000s ]
INFO: [ view_template ] --START--
INFO: Run LocationTemplate Behavior [ RunTime:-1.207069s ]
INFO: [ view_template ] --END-- [ RunTime:0.002000s ]
INFO: [ view_parse ] --START--
NOTIC: [8] Undefined offset: 2 D:\phpStudy\WWW\Rose\logs\Cache\Wap\3eab22224a12274703b173642c90c67a.php 第 44 行.
NOTIC: [8] Undefined offset: 4 D:\phpStudy\WWW\Rose\logs\Cache\Wap\3eab22224a12274703b173642c90c67a.php 第 54 行.
NOTIC: [8] Undefined offset: 1 D:\phpStudy\WWW\Rose\logs\Cache\Wap\3eab22224a12274703b173642c90c67a.php 第 103 行.
NOTIC: [8] Undefined offset: 2 D:\phpStudy\WWW\Rose\logs\Cache\Wap\3eab22224a12274703b173642c90c67a.php 第 105 行.
NOTIC: [8] Undefined offset: 3 D:\phpStudy\WWW\Rose\logs\Cache\Wap\3eab22224a12274703b173642c90c67a.php 第 106 行.
NOTIC: [8] Undefined offset: 4 D:\phpStudy\WWW\Rose\logs\Cache\Wap\3eab22224a12274703b173642c90c67a.php 第 108 行.
NOTIC: [8] Undefined offset: 5 D:\phpStudy\WWW\Rose\logs\Cache\Wap\3eab22224a12274703b173642c90c67a.php 第 109 行.
INFO: Run ParseTemplate Behavior [ RunTime:-1.209069s ]
INFO: [ view_parse ] --END-- [ RunTime:0.031002s ]
INFO: [ view_filter ] --START--
INFO: Run ContentReplace Behavior [ RunTime:-1.240071s ]
INFO: Run TokenBuild Behavior [ RunTime:-1.241071s ]
INFO: Run WriteHtmlCache Behavior [ RunTime:-1.242071s ]
INFO: Run ShowRuntime Behavior [ RunTime:-1.243071s ]
INFO: [ view_filter ] --END-- [ RunTime:0.003000s ]
INFO: [ view_end ] --START--
INFO: Run ShowPageTrace Behavior [ RunTime:-1.244071s ]
INFO: [ view_end ] --END-- [ RunTime:0.001000s ]

[ 2017-12-26T10:34:44+08:00 ] ERR: (ThinkException) 无法加载模块:tpl
[ 2017-12-26T10:34:50+08:00 ] 0.0.0.0 /Rose/index.php?g=Wap&m=Device&a=anm&openid=odOIPv9UcOs4N_jKX0JECOwADE7s&device_type=4&di_id=2017122510_F7FD06F5C34C163DE5E3D284629A3E05
INFO: [ app_begin ] --START--
INFO: Run ReadHtmlCache Behavior [ RunTime:0.001000s ]
INFO: [ app_begin ] --END-- [ RunTime:0.001000s ]
NOTIC: [8] A session had already been started - ignoring session_start() D:\phpStudy\WWW\Rose\Lib\Action\Wap\Rose2BaseAction.class.php 第 2 行.
SQL: SHOW COLUMNS FROM `sys_user` [ RunTime:0.013000s ]
SQL: SELECT * FROM `sys_user` WHERE ( `del_flag` = 0 ) AND ( `openid` = 'odOIPv9UcOs4N_jKX0JECOwADE7s' ) LIMIT 1   [ RunTime:0.001000s ]
NOTIC: [8] Trying to get property of non-object D:\phpStudy\WWW\Rose\Core\Extend\Vendor\weixin\jssdk.php 第 75 行.
NOTIC: [8] Trying to get property of non-object D:\phpStudy\WWW\Rose\Core\Extend\Vendor\weixin\jssdk.php 第 53 行.
SQL: SHOW COLUMNS FROM `weixin_userinfo` [ RunTime:0.017001s ]
SQL: SELECT * FROM `weixin_userinfo` WHERE ( `del_flag` = 0 ) AND ( `from_username` = 'odOIPv9UcOs4N_jKX0JECOwADE7s' ) LIMIT 1   [ RunTime:0.001000s ]
NOTIC: [8] Undefined index: ANM D:\phpStudy\WWW\Rose\Lib\Action\Wap\DeviceAction.class.php 第 550 行.
SQL: SHOW COLUMNS FROM `device_relation_group` [ RunTime:0.011000s ]
SQL: SELECT * FROM `device_relation_group` WHERE ( `di_id` = '2017122510_F7FD06F5C34C163DE5E3D284629A3E05' ) AND ( `del_flag` = 0 ) AND ( `device_type` = 4 ) LIMIT 1   [ RunTime:0.001000s ]
SQL: SHOW COLUMNS FROM `device_info` [ RunTime:0.010001s ]
SQL: SELECT `fencheng` FROM `device_info` WHERE ( `id` = '2017122510_F7FD06F5C34C163DE5E3D284629A3E05' ) AND ( `del_flag` = 0 ) LIMIT 1   [ RunTime:0.000000s ]
SQL: SELECT * FROM `sys_user` WHERE ( `del_flag` = 0 ) AND ( `openid` = 'odOIPv9UcOs4N_jKX0JECOwADE7s' ) LIMIT 1   [ RunTime:0.001000s ]
SQL: SELECT * FROM `sys_user` WHERE ( `del_flag` = 0 ) AND ( `id` = '0' ) LIMIT 1   [ RunTime:0.002000s ]
SQL: SELECT * FROM `sys_user` WHERE ( `del_flag` = 0 ) AND ( `pre_userid` = 'kefuanmoyitest' )  [ RunTime:0.002000s ]
INFO: [ view_template ] --START--
INFO: Run LocationTemplate Behavior [ RunTime:-1.209069s ]
INFO: [ view_template ] --END-- [ RunTime:0.001000s ]
INFO: [ view_parse ] --START--
NOTIC: [8] Undefined offset: 2 D:\phpStudy\WWW\Rose\logs\Cache\Wap\3eab22224a12274703b173642c90c67a.php 第 44 行.
NOTIC: [8] Undefined offset: 4 D:\phpStudy\WWW\Rose\logs\Cache\Wap\3eab22224a12274703b173642c90c67a.php 第 54 行.
NOTIC: [8] Undefined offset: 1 D:\phpStudy\WWW\Rose\logs\Cache\Wap\3eab22224a12274703b173642c90c67a.php 第 103 行.
NOTIC: [8] Undefined offset: 2 D:\phpStudy\WWW\Rose\logs\Cache\Wap\3eab22224a12274703b173642c90c67a.php 第 105 行.
NOTIC: [8] Undefined offset: 3 D:\phpStudy\WWW\Rose\logs\Cache\Wap\3eab22224a12274703b173642c90c67a.php 第 106 行.
NOTIC: [8] Undefined offset: 4 D:\phpStudy\WWW\Rose\logs\Cache\Wap\3eab22224a12274703b173642c90c67a.php 第 108 行.
NOTIC: [8] Undefined offset: 5 D:\phpStudy\WWW\Rose\logs\Cache\Wap\3eab22224a12274703b173642c90c67a.php 第 109 行.
INFO: Run ParseTemplate Behavior [ RunTime:-1.210069s ]
INFO: [ view_parse ] --END-- [ RunTime:0.015001s ]
INFO: [ view_filter ] --START--
INFO: Run ContentReplace Behavior [ RunTime:-1.225070s ]
INFO: Run TokenBuild Behavior [ RunTime:-1.227070s ]
INFO: Run WriteHtmlCache Behavior [ RunTime:-1.228070s ]
INFO: Run ShowRuntime Behavior [ RunTime:-1.228070s ]
INFO: [ view_filter ] --END-- [ RunTime:0.004000s ]
INFO: [ view_end ] --START--
INFO: Run ShowPageTrace Behavior [ RunTime:-1.229070s ]
INFO: [ view_end ] --END-- [ RunTime:0.001000s ]

[ 2017-12-26T10:34:50+08:00 ] ERR: (ThinkException) 无法加载模块:tpl
[ 2017-12-26T10:34:58+08:00 ] 0.0.0.0 /Rose/index.php?g=Wap&m=Rose2Personal&a=index&openid=odOIPv9UcOs4N_jKX0JECOwADE7s
INFO: [ app_begin ] --START--
INFO: Run ReadHtmlCache Behavior [ RunTime:0.001000s ]
INFO: [ app_begin ] --END-- [ RunTime:0.001000s ]
NOTIC: [8] A session had already been started - ignoring session_start() D:\phpStudy\WWW\Rose\Lib\Action\Wap\Rose2BaseAction.class.php 第 2 行.
SQL: SHOW COLUMNS FROM `sys_user` [ RunTime:0.019001s ]
SQL: SELECT * FROM `sys_user` WHERE ( `del_flag` = 0 ) AND ( `openid` = 'odOIPv9UcOs4N_jKX0JECOwADE7s' ) LIMIT 1   [ RunTime:0.002000s ]
NOTIC: [8] Trying to get property of non-object D:\phpStudy\WWW\Rose\Core\Extend\Vendor\weixin\jssdk.php 第 75 行.
NOTIC: [8] Trying to get property of non-object D:\phpStudy\WWW\Rose\Core\Extend\Vendor\weixin\jssdk.php 第 53 行.
SQL: SHOW COLUMNS FROM `weixin_userinfo` [ RunTime:0.011000s ]
SQL: SELECT * FROM `weixin_userinfo` WHERE ( `del_flag` = 0 ) AND ( `from_username` = 'odOIPv9UcOs4N_jKX0JECOwADE7s' ) LIMIT 1   [ RunTime:0.001001s ]
SQL: SHOW COLUMNS FROM `device_consume_rec` [ RunTime:0.012000s ]
SQL: SELECT SUM(consume_account) AS tp_sum FROM `device_consume_rec` WHERE ( `command_status` = '2' ) AND ( `del_flag` = '0' ) AND ( `type` IN ('1','3','5','9','11','13','15','17','19') ) AND ( `transfer_status` = '0' ) AND ( `consume_status` IN ('1','2') ) AND ( `create_by` = 'kefuanmoyitest' ) LIMIT 1   [ RunTime:2.334134s ]
SQL: SELECT SUM(consume_account) AS tp_sum FROM `device_consume_rec` WHERE ( `command_status` = '2' ) AND ( `del_flag` = '0' ) AND ( `type` IN ('2','4','6','10','12','14','16','18') ) AND ( `transfer_status` = '0' ) AND ( `consume_status` IN ('1','2') ) AND ( `create_by` = 'kefuanmoyitest' ) LIMIT 1   [ RunTime:0.000000s ]
SQL: SHOW COLUMNS FROM `device_info` [ RunTime:0.012000s ]
SQL: SELECT sum(dw.LOC_OP) c from (SELECT * from (SELECT dr.* FROM `device_info` LEFT JOIN device_record
 dr on dr.dev_id=device_info.device_command WHERE ( device_info.del_flag = 0 )
 AND ( device_info.office_id = 'a721bdccfcb44571a48df2065950d05d' ) ORDER BY dr.LOC_OP desc)
 da GROUP BY da.dev_id ORDER BY da.LOC_OP desc) dw [ RunTime:1.323076s ]
SQL: SELECT * FROM `sys_user` WHERE ( `del_flag` = 0 ) AND ( `openid` = 'odOIPv9UcOs4N_jKX0JECOwADE7s' ) LIMIT 1   [ RunTime:0.031002s ]
SQL: UPDATE `sys_user` SET `totals`=76.5 WHERE ( `del_flag` = 0 ) AND ( `id` = 'kefuanmoyitest' ) [ RunTime:0.025001s ]
SQL: SELECT SUM(totals-consume) AS tp_sum FROM `sys_user` WHERE ( `del_flag` = 0 ) AND ( `openid` = 'odOIPv9UcOs4N_jKX0JECOwADE7s' ) LIMIT 1   [ RunTime:0.001000s ]
INFO: [ view_template ] --START--
INFO: Run LocationTemplate Behavior [ RunTime:-4.901280s ]
INFO: [ view_template ] --END-- [ RunTime:0.002001s ]
INFO: [ view_parse ] --START--
INFO: Run ParseTemplate Behavior [ RunTime:-4.903281s ]
INFO: [ view_parse ] --END-- [ RunTime:0.018001s ]
INFO: [ view_filter ] --START--
INFO: Run ContentReplace Behavior [ RunTime:-4.921282s ]
INFO: Run TokenBuild Behavior [ RunTime:-4.921282s ]
INFO: Run WriteHtmlCache Behavior [ RunTime:-4.922282s ]
INFO: Run ShowRuntime Behavior [ RunTime:-4.923282s ]
INFO: [ view_filter ] --END-- [ RunTime:0.002000s ]
INFO: [ view_end ] --START--
INFO: Run ShowPageTrace Behavior [ RunTime:-4.923282s ]
INFO: [ view_end ] --END-- [ RunTime:0.001000s ]

[ 2017-12-26T10:35:03+08:00 ] 0.0.0.0 /Rose/index.php?g=Wap&m=Rose2Personal&a=package&openid=odOIPv9UcOs4N_jKX0JECOwADE7s
INFO: [ app_begin ] --START--
INFO: Run ReadHtmlCache Behavior [ RunTime:0.001000s ]
INFO: [ app_begin ] --END-- [ RunTime:0.001000s ]
NOTIC: [8] A session had already been started - ignoring session_start() D:\phpStudy\WWW\Rose\Lib\Action\Wap\Rose2BaseAction.class.php 第 2 行.
SQL: SHOW COLUMNS FROM `sys_user` [ RunTime:0.019001s ]
SQL: SELECT * FROM `sys_user` WHERE ( `del_flag` = 0 ) AND ( `openid` = 'odOIPv9UcOs4N_jKX0JECOwADE7s' ) LIMIT 1   [ RunTime:0.002000s ]
NOTIC: [8] Trying to get property of non-object D:\phpStudy\WWW\Rose\Core\Extend\Vendor\weixin\jssdk.php 第 75 行.
NOTIC: [8] Trying to get property of non-object D:\phpStudy\WWW\Rose\Core\Extend\Vendor\weixin\jssdk.php 第 53 行.
SQL: SHOW COLUMNS FROM `weixin_userinfo` [ RunTime:0.016001s ]
SQL: SELECT * FROM `weixin_userinfo` WHERE ( `del_flag` = 0 ) AND ( `from_username` = 'odOIPv9UcOs4N_jKX0JECOwADE7s' ) LIMIT 1   [ RunTime:0.019002s ]
SQL: SHOW COLUMNS FROM `deivce_group_info` [ RunTime:0.011000s ]
SQL: SELECT * FROM `deivce_group_info` WHERE ( `office_id` = 'a721bdccfcb44571a48df2065950d05d' ) AND ( `del_flag` = 0 ) ORDER BY create_date desc  [ RunTime:0.017001s ]
INFO: [ view_template ] --START--
INFO: Run LocationTemplate Behavior [ RunTime:-1.177067s ]
INFO: [ view_template ] --END-- [ RunTime:0.010001s ]
INFO: [ view_parse ] --START--
INFO: Run ParseTemplate Behavior [ RunTime:-1.187068s ]
INFO: [ view_parse ] --END-- [ RunTime:0.030001s ]
INFO: [ view_filter ] --START--
INFO: Run ContentReplace Behavior [ RunTime:-1.217069s ]
INFO: Run TokenBuild Behavior [ RunTime:-1.217069s ]
INFO: Run WriteHtmlCache Behavior [ RunTime:-1.218069s ]
INFO: Run ShowRuntime Behavior [ RunTime:-1.219070s ]
INFO: [ view_filter ] --END-- [ RunTime:0.004001s ]
INFO: [ view_end ] --START--
INFO: Run ShowPageTrace Behavior [ RunTime:-1.221070s ]
INFO: [ view_end ] --END-- [ RunTime:0.001000s ]

[ 2017-12-26T10:35:19+08:00 ] 0.0.0.0 /Rose/index.php?g=Wap&m=Rose2Personal&a=index&openid=odOIPv9UcOs4N_jKX0JECOwADE7s
INFO: [ app_begin ] --START--
INFO: Run ReadHtmlCache Behavior [ RunTime:0.001000s ]
INFO: [ app_begin ] --END-- [ RunTime:0.001000s ]
NOTIC: [8] A session had already been started - ignoring session_start() D:\phpStudy\WWW\Rose\Lib\Action\Wap\Rose2BaseAction.class.php 第 2 行.
SQL: SHOW COLUMNS FROM `sys_user` [ RunTime:0.011001s ]
SQL: SELECT * FROM `sys_user` WHERE ( `del_flag` = 0 ) AND ( `openid` = 'odOIPv9UcOs4N_jKX0JECOwADE7s' ) LIMIT 1   [ RunTime:0.001000s ]
NOTIC: [8] Trying to get property of non-object D:\phpStudy\WWW\Rose\Core\Extend\Vendor\weixin\jssdk.php 第 75 行.
NOTIC: [8] Trying to get property of non-object D:\phpStudy\WWW\Rose\Core\Extend\Vendor\weixin\jssdk.php 第 53 行.
SQL: SHOW COLUMNS FROM `weixin_userinfo` [ RunTime:0.018001s ]
SQL: SELECT * FROM `weixin_userinfo` WHERE ( `del_flag` = 0 ) AND ( `from_username` = 'odOIPv9UcOs4N_jKX0JECOwADE7s' ) LIMIT 1   [ RunTime:0.000000s ]
SQL: SHOW COLUMNS FROM `device_consume_rec` [ RunTime:0.009000s ]
SQL: SELECT SUM(consume_account) AS tp_sum FROM `device_consume_rec` WHERE ( `command_status` = '2' ) AND ( `del_flag` = '0' ) AND ( `type` IN ('1','3','5','9','11','13','15','17','19') ) AND ( `transfer_status` = '0' ) AND ( `consume_status` IN ('1','2') ) AND ( `create_by` = 'kefuanmoyitest' ) LIMIT 1   [ RunTime:2.249129s ]
SQL: SELECT SUM(consume_account) AS tp_sum FROM `device_consume_rec` WHERE ( `command_status` = '2' ) AND ( `del_flag` = '0' ) AND ( `type` IN ('2','4','6','10','12','14','16','18') ) AND ( `transfer_status` = '0' ) AND ( `consume_status` IN ('1','2') ) AND ( `create_by` = 'kefuanmoyitest' ) LIMIT 1   [ RunTime:0.001000s ]
SQL: SHOW COLUMNS FROM `device_info` [ RunTime:0.009000s ]
SQL: SELECT sum(dw.LOC_OP) c from (SELECT * from (SELECT dr.* FROM `device_info` LEFT JOIN device_record
 dr on dr.dev_id=device_info.device_command WHERE ( device_info.del_flag = 0 )
 AND ( device_info.office_id = 'a721bdccfcb44571a48df2065950d05d' ) ORDER BY dr.LOC_OP desc)
 da GROUP BY da.dev_id ORDER BY da.LOC_OP desc) dw [ RunTime:1.212070s ]
SQL: SELECT * FROM `sys_user` WHERE ( `del_flag` = 0 ) AND ( `openid` = 'odOIPv9UcOs4N_jKX0JECOwADE7s' ) LIMIT 1   [ RunTime:0.018001s ]
SQL: UPDATE `sys_user` SET `totals`=76.5 WHERE ( `del_flag` = 0 ) AND ( `id` = 'kefuanmoyitest' ) [ RunTime:0.029001s ]
SQL: SELECT SUM(totals-consume) AS tp_sum FROM `sys_user` WHERE ( `del_flag` = 0 ) AND ( `openid` = 'odOIPv9UcOs4N_jKX0JECOwADE7s' ) LIMIT 1   [ RunTime:0.000000s ]
INFO: [ view_template ] --START--
INFO: Run LocationTemplate Behavior [ RunTime:-4.664266s ]
INFO: [ view_template ] --END-- [ RunTime:0.001000s ]
INFO: [ view_parse ] --START--
INFO: Run ParseTemplate Behavior [ RunTime:-4.665266s ]
INFO: [ view_parse ] --END-- [ RunTime:0.014001s ]
INFO: [ view_filter ] --START--
INFO: Run ContentReplace Behavior [ RunTime:-4.679267s ]
INFO: Run TokenBuild Behavior [ RunTime:-4.680267s ]
INFO: Run WriteHtmlCache Behavior [ RunTime:-4.681267s ]
INFO: Run ShowRuntime Behavior [ RunTime:-4.681267s ]
INFO: [ view_filter ] --END-- [ RunTime:0.003000s ]
INFO: [ view_end ] --START--
INFO: Run ShowPageTrace Behavior [ RunTime:-4.682267s ]
INFO: [ view_end ] --END-- [ RunTime:0.001000s ]

[ 2017-12-26T11:32:36+08:00 ] 0.0.0.0 /Rose/index.php?g=Wap&m=Rose2Personal&a=presonal_new&openid=odOIPv9UcOs4N_jKX0JECOwADE7s
INFO: [ app_begin ] --START--
INFO: Run ReadHtmlCache Behavior [ RunTime:0.013000s ]
INFO: [ app_begin ] --END-- [ RunTime:0.013000s ]
NOTIC: [8] A session had already been started - ignoring session_start() D:\phpStudy\WWW\Rose\Lib\Action\Wap\Rose2BaseAction.class.php 第 2 行.
SQL: SHOW COLUMNS FROM `sys_user` [ RunTime:0.013001s ]
SQL: SELECT * FROM `sys_user` WHERE ( `del_flag` = 0 ) AND ( `openid` = 'odOIPv9UcOs4N_jKX0JECOwADE7s' ) LIMIT 1   [ RunTime:0.001000s ]
NOTIC: [8] Trying to get property of non-object D:\phpStudy\WWW\Rose\Core\Extend\Vendor\weixin\jssdk.php 第 75 行.
NOTIC: [8] Trying to get property of non-object D:\phpStudy\WWW\Rose\Core\Extend\Vendor\weixin\jssdk.php 第 53 行.
SQL: SHOW COLUMNS FROM `weixin_userinfo` [ RunTime:0.014001s ]
SQL: SELECT * FROM `weixin_userinfo` WHERE ( `del_flag` = 0 ) AND ( `from_username` = 'odOIPv9UcOs4N_jKX0JECOwADE7s' ) LIMIT 1   [ RunTime:0.009001s ]
SQL: SELECT * FROM `sys_user` WHERE ( `del_flag` = 0 ) AND ( `openid` = 'odOIPv9UcOs4N_jKX0JECOwADE7s' ) LIMIT 1   [ RunTime:0.001000s ]
SQL: SHOW COLUMNS FROM `sys_office` [ RunTime:0.013000s ]
SQL: SELECT `name` FROM `sys_office` WHERE ( `del_flag` = 0 ) AND ( `id` = 'a721bdccfcb44571a48df2065950d05d' ) LIMIT 1   [ RunTime:0.000000s ]
SQL: SHOW COLUMNS FROM `device_consume_rec` [ RunTime:0.014001s ]
SQL: SELECT SUM(consume_account) AS tp_sum FROM `device_consume_rec` WHERE ( `create_date` >= '2017-12-26 00:00:00' ) AND ( `command_status` = 2 ) AND ( `consume_status` = 1 ) AND ( `del_flag` = 0 ) AND ( `transfer_status` = 0 ) AND ( `create_by` = 'kefuanmoyitest' ) LIMIT 1   [ RunTime:0.000000s ]
NOTIC: [2] trim() expects parameter 1 to be string, array given D:\phpStudy\WWW\Rose\Core\Lib\Core\Db.class.php 第 459 行.
SQL: SELECT SUM(consume_account) AS tp_sum FROM `device_consume_rec` WHERE ( (`create_date` >= '2017-12')  ) AND ( `command_status` = 2 ) AND ( `consume_status` = 1 ) AND ( `del_flag` = 0 ) AND ( `transfer_status` = 0 ) AND ( `create_by` = 'kefuanmoyitest' ) LIMIT 1   [ RunTime:1.719099s ]
SQL: SELECT SUM(totals-consume) AS tp_sum FROM `sys_user` WHERE ( `del_flag` = 0 ) AND ( `openid` = 'odOIPv9UcOs4N_jKX0JECOwADE7s' ) LIMIT 1   [ RunTime:0.033002s ]
SQL: SELECT sum(consume_account) as count,`deivce_command` FROM `device_consume_rec` WHERE ( `command_status` = 2 ) AND ( `consume_status` = 1 ) AND ( `del_flag` = 0 ) AND ( `transfer_status` = 0 ) AND ( `create_by` = 'kefuanmoyitest' ) GROUP BY deivce_command ORDER BY count desc LIMIT 1   [ RunTime:1.134064s ]
SQL: SHOW COLUMNS FROM `device_info` [ RunTime:0.010001s ]
SQL: SELECT `scan_code` FROM `device_info` WHERE ( `del_flag` = 0 ) AND ( `device_command` = '4093646' ) AND ( `owner_id` = 'kefuanmoyitest' ) LIMIT 1   [ RunTime:0.003000s ]
SQL: SELECT sum(1) as count,drg.online_status FROM device_info di LEFT JOIN device_relation_group drg ON drg.di_id = di.id WHERE ( di.del_flag = 0 ) AND ( drg.del_flag = 0 ) AND ( di.owner_id = 'kefuanmoyitest' ) GROUP BY drg.online_status ORDER BY drg.online_status asc  [ RunTime:0.014001s ]
SQL: SHOW COLUMNS FROM `userefund` [ RunTime:0.012001s ]
SQL: SELECT COUNT(*) AS tp_count FROM `userefund` WHERE ( `owner_id` = 'kefuanmoyitest' ) LIMIT 1   [ RunTime:0.007000s ]
INFO: [ view_template ] --START--
INFO: Run LocationTemplate Behavior [ RunTime:-4.543260s ]
INFO: [ view_template ] --END-- [ RunTime:0.023002s ]
INFO: [ view_parse ] --START--
INFO: Run ParseTemplate Behavior [ RunTime:-4.566262s ]
INFO: [ view_parse ] --END-- [ RunTime:0.074004s ]
INFO: [ view_filter ] --START--
INFO: Run ContentReplace Behavior [ RunTime:-4.640266s ]
INFO: Run TokenBuild Behavior [ RunTime:-4.641266s ]
INFO: Run WriteHtmlCache Behavior [ RunTime:-4.643266s ]
INFO: Run ShowRuntime Behavior [ RunTime:-4.644266s ]
INFO: [ view_filter ] --END-- [ RunTime:0.005000s ]
INFO: [ view_end ] --START--
INFO: Run ShowPageTrace Behavior [ RunTime:-4.646266s ]
INFO: [ view_end ] --END-- [ RunTime:0.002000s ]

[ 2017-12-26T11:32:43+08:00 ] 0.0.0.0 /Rose/index.php?g=Wap&m=Rose2Personal&a=presonal_new&openid=odOIPv9UcOs4N_jKX0JECOwADE7s
INFO: [ app_begin ] --START--
INFO: Run ReadHtmlCache Behavior [ RunTime:0.001000s ]
INFO: [ app_begin ] --END-- [ RunTime:0.001000s ]
NOTIC: [8] A session had already been started - ignoring session_start() D:\phpStudy\WWW\Rose\Lib\Action\Wap\Rose2BaseAction.class.php 第 2 行.
SQL: SHOW COLUMNS FROM `sys_user` [ RunTime:0.023002s ]
SQL: SELECT * FROM `sys_user` WHERE ( `del_flag` = 0 ) AND ( `openid` = 'odOIPv9UcOs4N_jKX0JECOwADE7s' ) LIMIT 1   [ RunTime:0.017001s ]
NOTIC: [8] Trying to get property of non-object D:\phpStudy\WWW\Rose\Core\Extend\Vendor\weixin\jssdk.php 第 75 行.
NOTIC: [8] Trying to get property of non-object D:\phpStudy\WWW\Rose\Core\Extend\Vendor\weixin\jssdk.php 第 53 行.
SQL: SHOW COLUMNS FROM `weixin_userinfo` [ RunTime:0.020001s ]
SQL: SELECT * FROM `weixin_userinfo` WHERE ( `del_flag` = 0 ) AND ( `from_username` = 'odOIPv9UcOs4N_jKX0JECOwADE7s' ) LIMIT 1   [ RunTime:0.008000s ]
SQL: SELECT * FROM `sys_user` WHERE ( `del_flag` = 0 ) AND ( `openid` = 'odOIPv9UcOs4N_jKX0JECOwADE7s' ) LIMIT 1   [ RunTime:0.001000s ]
SQL: SHOW COLUMNS FROM `sys_office` [ RunTime:0.014001s ]
SQL: SELECT `name` FROM `sys_office` WHERE ( `del_flag` = 0 ) AND ( `id` = 'a721bdccfcb44571a48df2065950d05d' ) LIMIT 1   [ RunTime:0.009001s ]
SQL: SHOW COLUMNS FROM `device_consume_rec` [ RunTime:0.012000s ]
SQL: SELECT SUM(consume_account) AS tp_sum FROM `device_consume_rec` WHERE ( `create_date` >= '2017-12-26 00:00:00' ) AND ( `command_status` = 2 ) AND ( `consume_status` = 1 ) AND ( `del_flag` = 0 ) AND ( `transfer_status` = 0 ) AND ( `create_by` = 'kefuanmoyitest' ) LIMIT 1   [ RunTime:0.017001s ]
NOTIC: [2] trim() expects parameter 1 to be string, array given D:\phpStudy\WWW\Rose\Core\Lib\Core\Db.class.php 第 459 行.
SQL: SELECT SUM(consume_account) AS tp_sum FROM `device_consume_rec` WHERE ( (`create_date` >= '2017-12')  ) AND ( `command_status` = 2 ) AND ( `consume_status` = 1 ) AND ( `del_flag` = 0 ) AND ( `transfer_status` = 0 ) AND ( `create_by` = 'kefuanmoyitest' ) LIMIT 1   [ RunTime:1.200069s ]
SQL: SELECT SUM(totals-consume) AS tp_sum FROM `sys_user` WHERE ( `del_flag` = 0 ) AND ( `openid` = 'odOIPv9UcOs4N_jKX0JECOwADE7s' ) LIMIT 1   [ RunTime:0.012001s ]
SQL: SELECT sum(consume_account) as count,`deivce_command` FROM `device_consume_rec` WHERE ( `command_status` = 2 ) AND ( `consume_status` = 1 ) AND ( `del_flag` = 0 ) AND ( `transfer_status` = 0 ) AND ( `create_by` = 'kefuanmoyitest' ) GROUP BY deivce_command ORDER BY count desc LIMIT 1   [ RunTime:1.215069s ]
SQL: SHOW COLUMNS FROM `device_info` [ RunTime:0.013001s ]
SQL: SELECT `scan_code` FROM `device_info` WHERE ( `del_flag` = 0 ) AND ( `device_command` = '4093646' ) AND ( `owner_id` = 'kefuanmoyitest' ) LIMIT 1   [ RunTime:0.005000s ]
SQL: SELECT sum(1) as count,drg.online_status FROM device_info di LEFT JOIN device_relation_group drg ON drg.di_id = di.id WHERE ( di.del_flag = 0 ) AND ( drg.del_flag = 0 ) AND ( di.owner_id = 'kefuanmoyitest' ) GROUP BY drg.online_status ORDER BY drg.online_status asc  [ RunTime:0.014001s ]
SQL: SHOW COLUMNS FROM `userefund` [ RunTime:0.012001s ]
SQL: SELECT COUNT(*) AS tp_count FROM `userefund` WHERE ( `owner_id` = 'kefuanmoyitest' ) LIMIT 1   [ RunTime:0.007000s ]
INFO: [ view_template ] --START--
INFO: Run LocationTemplate Behavior [ RunTime:-3.729213s ]
INFO: [ view_template ] --END-- [ RunTime:0.001000s ]
INFO: [ view_parse ] --START--
INFO: Run ParseTemplate Behavior [ RunTime:-3.731213s ]
INFO: [ view_parse ] --END-- [ RunTime:0.016001s ]
INFO: [ view_filter ] --START--
INFO: Run ContentReplace Behavior [ RunTime:-3.746214s ]
INFO: Run TokenBuild Behavior [ RunTime:-3.747214s ]
INFO: Run WriteHtmlCache Behavior [ RunTime:-3.747214s ]
INFO: Run ShowRuntime Behavior [ RunTime:-3.748214s ]
INFO: [ view_filter ] --END-- [ RunTime:0.003000s ]
INFO: [ view_end ] --START--
INFO: Run ShowPageTrace Behavior [ RunTime:-3.749214s ]
INFO: [ view_end ] --END-- [ RunTime:0.001001s ]

[ 2017-12-26T11:38:11+08:00 ] 0.0.0.0 /Rose/index.php?g=Wap&m=Rose2Personal&a=presonal_new&openid=odOIPv9UcOs4N_jKX0JECOwADE7s
INFO: [ app_begin ] --START--
INFO: Run ReadHtmlCache Behavior [ RunTime:0.001000s ]
INFO: [ app_begin ] --END-- [ RunTime:0.001000s ]
NOTIC: [8] A session had already been started - ignoring session_start() D:\phpStudy\WWW\Rose\Lib\Action\Wap\Rose2BaseAction.class.php 第 2 行.
SQL: SHOW COLUMNS FROM `sys_user` [ RunTime:0.010001s ]
SQL: SELECT * FROM `sys_user` WHERE ( `del_flag` = 0 ) AND ( `openid` = 'odOIPv9UcOs4N_jKX0JECOwADE7s' ) LIMIT 1   [ RunTime:0.173009s ]
NOTIC: [8] Trying to get property of non-object D:\phpStudy\WWW\Rose\Core\Extend\Vendor\weixin\jssdk.php 第 75 行.
NOTIC: [8] Trying to get property of non-object D:\phpStudy\WWW\Rose\Core\Extend\Vendor\weixin\jssdk.php 第 53 行.
SQL: SHOW COLUMNS FROM `weixin_userinfo` [ RunTime:0.007000s ]
SQL: SELECT * FROM `weixin_userinfo` WHERE ( `del_flag` = 0 ) AND ( `from_username` = 'odOIPv9UcOs4N_jKX0JECOwADE7s' ) LIMIT 1   [ RunTime:0.015001s ]
SQL: SELECT * FROM `sys_user` WHERE ( `del_flag` = 0 ) AND ( `openid` = 'odOIPv9UcOs4N_jKX0JECOwADE7s' ) LIMIT 1   [ RunTime:0.001000s ]
SQL: SHOW COLUMNS FROM `sys_office` [ RunTime:0.008001s ]
SQL: SELECT `name` FROM `sys_office` WHERE ( `del_flag` = 0 ) AND ( `id` = 'a721bdccfcb44571a48df2065950d05d' ) LIMIT 1   [ RunTime:0.014001s ]
SQL: SHOW COLUMNS FROM `device_consume_rec` [ RunTime:0.012000s ]
SQL: SELECT SUM(consume_account) AS tp_sum FROM `device_consume_rec` WHERE ( `create_date` >= '2017-12-26 00:00:00' ) AND ( `command_status` = 2 ) AND ( `consume_status` = 1 ) AND ( `del_flag` = 0 ) AND ( `transfer_status` = 0 ) AND ( `create_by` = 'kefuanmoyitest' ) LIMIT 1   [ RunTime:0.017001s ]
NOTIC: [2] trim() expects parameter 1 to be string, array given D:\phpStudy\WWW\Rose\Core\Lib\Core\Db.class.php 第 459 行.
SQL: SELECT SUM(consume_account) AS tp_sum FROM `device_consume_rec` WHERE ( (`create_date` >= '2017-12')  ) AND ( `command_status` = 2 ) AND ( `consume_status` = 1 ) AND ( `del_flag` = 0 ) AND ( `transfer_status` = 0 ) AND ( `create_by` = 'kefuanmoyitest' ) LIMIT 1   [ RunTime:2.541146s ]
SQL: SELECT SUM(totals-consume) AS tp_sum FROM `sys_user` WHERE ( `del_flag` = 0 ) AND ( `openid` = 'odOIPv9UcOs4N_jKX0JECOwADE7s' ) LIMIT 1   [ RunTime:0.024001s ]
SQL: SELECT sum(consume_account) as count,`deivce_command` FROM `device_consume_rec` WHERE ( `command_status` = 2 ) AND ( `consume_status` = 1 ) AND ( `del_flag` = 0 ) AND ( `transfer_status` = 0 ) AND ( `create_by` = 'kefuanmoyitest' ) GROUP BY deivce_command ORDER BY count desc LIMIT 1   [ RunTime:2.138122s ]
SQL: SHOW COLUMNS FROM `device_info` [ RunTime:0.011001s ]
SQL: SELECT `scan_code` FROM `device_info` WHERE ( `del_flag` = 0 ) AND ( `device_command` = '4093646' ) AND ( `owner_id` = 'kefuanmoyitest' ) LIMIT 1   [ RunTime:0.027002s ]
SQL: SELECT sum(1) as count,drg.online_status FROM device_info di LEFT JOIN device_relation_group drg ON drg.di_id = di.id WHERE ( di.del_flag = 0 ) AND ( drg.del_flag = 0 ) AND ( di.owner_id = 'kefuanmoyitest' ) GROUP BY drg.online_status ORDER BY drg.online_status asc  [ RunTime:0.032001s ]
SQL: SHOW COLUMNS FROM `userefund` [ RunTime:0.011001s ]
SQL: SELECT COUNT(*) AS tp_count FROM `userefund` WHERE ( `owner_id` = 'kefuanmoyitest' ) LIMIT 1   [ RunTime:0.040002s ]
INFO: [ view_template ] --START--
INFO: Run LocationTemplate Behavior [ RunTime:-6.295360s ]
INFO: [ view_template ] --END-- [ RunTime:0.002000s ]
INFO: [ view_parse ] --START--
INFO: Run ParseTemplate Behavior [ RunTime:-6.297360s ]
INFO: [ view_parse ] --END-- [ RunTime:0.016001s ]
INFO: [ view_filter ] --START--
INFO: Run ContentReplace Behavior [ RunTime:-6.313361s ]
INFO: Run TokenBuild Behavior [ RunTime:-6.314361s ]
INFO: Run WriteHtmlCache Behavior [ RunTime:-6.315362s ]
INFO: Run ShowRuntime Behavior [ RunTime:-6.315362s ]
INFO: [ view_filter ] --END-- [ RunTime:0.003001s ]
INFO: [ view_end ] --START--
INFO: Run ShowPageTrace Behavior [ RunTime:-6.316362s ]
INFO: [ view_end ] --END-- [ RunTime:0.001000s ]

[ 2017-12-26T11:38:41+08:00 ] 0.0.0.0 /Rose/index.php?g=Wap&m=Finance&a=index&openid=odOIPv9UcOs4N_jKX0JECOwADE7s
INFO: [ app_begin ] --START--
INFO: Run ReadHtmlCache Behavior [ RunTime:0.001001s ]
INFO: [ app_begin ] --END-- [ RunTime:0.001001s ]
NOTIC: [8] A session had already been started - ignoring session_start() D:\phpStudy\WWW\Rose\Lib\Action\Wap\Rose2BaseAction.class.php 第 2 行.
SQL: SHOW COLUMNS FROM `sys_user` [ RunTime:0.013001s ]
SQL: SELECT * FROM `sys_user` WHERE ( `del_flag` = 0 ) AND ( `openid` = 'odOIPv9UcOs4N_jKX0JECOwADE7s' ) LIMIT 1   [ RunTime:0.141008s ]
NOTIC: [8] Trying to get property of non-object D:\phpStudy\WWW\Rose\Core\Extend\Vendor\weixin\jssdk.php 第 75 行.
NOTIC: [8] Trying to get property of non-object D:\phpStudy\WWW\Rose\Core\Extend\Vendor\weixin\jssdk.php 第 53 行.
SQL: SHOW COLUMNS FROM `weixin_userinfo` [ RunTime:0.022001s ]
SQL: SELECT * FROM `weixin_userinfo` WHERE ( `del_flag` = 0 ) AND ( `from_username` = 'odOIPv9UcOs4N_jKX0JECOwADE7s' ) LIMIT 1   [ RunTime:0.044003s ]
SQL: SHOW COLUMNS FROM `device_consume_rec` [ RunTime:0.014001s ]
INFO: [ view_template ] --START--
INFO: Run LocationTemplate Behavior [ RunTime:-1.316075s ]
INFO: [ view_template ] --END-- [ RunTime:0.001000s ]
INFO: [ view_parse ] --START--
INFO: Run ParseTemplate Behavior [ RunTime:-1.317075s ]
INFO: [ view_parse ] --END-- [ RunTime:0.007000s ]
INFO: [ view_filter ] --START--
INFO: Run ContentReplace Behavior [ RunTime:-1.324075s ]
INFO: Run TokenBuild Behavior [ RunTime:-1.325075s ]
INFO: Run WriteHtmlCache Behavior [ RunTime:-1.326075s ]
INFO: Run ShowRuntime Behavior [ RunTime:-1.326075s ]
INFO: [ view_filter ] --END-- [ RunTime:0.003000s ]
INFO: [ view_end ] --START--
INFO: Run ShowPageTrace Behavior [ RunTime:-1.327075s ]
INFO: [ view_end ] --END-- [ RunTime:0.001000s ]

[ 2017-12-26T11:38:43+08:00 ] 0.0.0.0 /Rose/index.php?g=Wap&m=Finance&a=index&openid=odOIPv9UcOs4N_jKX0JECOwADE7s
INFO: [ app_begin ] --START--
INFO: Run ReadHtmlCache Behavior [ RunTime:0.001000s ]
INFO: [ app_begin ] --END-- [ RunTime:0.001000s ]
NOTIC: [8] A session had already been started - ignoring session_start() D:\phpStudy\WWW\Rose\Lib\Action\Wap\Rose2BaseAction.class.php 第 2 行.
SQL: SHOW COLUMNS FROM `sys_user` [ RunTime:0.013000s ]
SQL: SELECT * FROM `sys_user` WHERE ( `del_flag` = 0 ) AND ( `openid` = 'odOIPv9UcOs4N_jKX0JECOwADE7s' ) LIMIT 1   [ RunTime:0.001000s ]
NOTIC: [8] Trying to get property of non-object D:\phpStudy\WWW\Rose\Core\Extend\Vendor\weixin\jssdk.php 第 75 行.
NOTIC: [8] Trying to get property of non-object D:\phpStudy\WWW\Rose\Core\Extend\Vendor\weixin\jssdk.php 第 53 行.
SQL: SHOW COLUMNS FROM `weixin_userinfo` [ RunTime:0.009001s ]
SQL: SELECT * FROM `weixin_userinfo` WHERE ( `del_flag` = 0 ) AND ( `from_username` = 'odOIPv9UcOs4N_jKX0JECOwADE7s' ) LIMIT 1   [ RunTime:0.000000s ]
SQL: SHOW COLUMNS FROM `device_consume_rec` [ RunTime:0.014001s ]
INFO: [ view_template ] --START--
INFO: Run LocationTemplate Behavior [ RunTime:-1.173068s ]
INFO: [ view_template ] --END-- [ RunTime:0.001000s ]
INFO: [ view_parse ] --START--
INFO: Run ParseTemplate Behavior [ RunTime:-1.174068s ]
INFO: [ view_parse ] --END-- [ RunTime:0.007000s ]
INFO: [ view_filter ] --START--
INFO: Run ContentReplace Behavior [ RunTime:-1.181068s ]
INFO: Run TokenBuild Behavior [ RunTime:-1.182068s ]
INFO: Run WriteHtmlCache Behavior [ RunTime:-1.182068s ]
INFO: Run ShowRuntime Behavior [ RunTime:-1.183068s ]
INFO: [ view_filter ] --END-- [ RunTime:0.003000s ]
INFO: [ view_end ] --START--
INFO: Run ShowPageTrace Behavior [ RunTime:-1.184068s ]
INFO: [ view_end ] --END-- [ RunTime:0.001000s ]

[ 2017-12-26T14:42:10+08:00 ] 0.0.0.0 /Rose/index.php?g=Wap&m=Rose2Personal&a=index&openid=odOIPv9UcOs4N_jKX0JECOwADE7s
INFO: [ app_begin ] --START--
INFO: Run ReadHtmlCache Behavior [ RunTime:0.001000s ]
INFO: [ app_begin ] --END-- [ RunTime:0.001000s ]
NOTIC: [8] A session had already been started - ignoring session_start() D:\phpStudy\WWW\Rose\Lib\Action\Wap\Rose2BaseAction.class.php 第 2 行.
SQL: SHOW COLUMNS FROM `sys_user` [ RunTime:0.020001s ]
SQL: SELECT * FROM `sys_user` WHERE ( `del_flag` = 0 ) AND ( `openid` = 'odOIPv9UcOs4N_jKX0JECOwADE7s' ) LIMIT 1   [ RunTime:0.023001s ]
NOTIC: [8] Trying to get property of non-object D:\phpStudy\WWW\Rose\Core\Extend\Vendor\weixin\jssdk.php 第 75 行.
NOTIC: [8] Trying to get property of non-object D:\phpStudy\WWW\Rose\Core\Extend\Vendor\weixin\jssdk.php 第 53 行.
SQL: SHOW COLUMNS FROM `weixin_userinfo` [ RunTime:0.019001s ]
SQL: SELECT * FROM `weixin_userinfo` WHERE ( `del_flag` = 0 ) AND ( `from_username` = 'odOIPv9UcOs4N_jKX0JECOwADE7s' ) LIMIT 1   [ RunTime:0.025002s ]
SQL: SHOW COLUMNS FROM `device_consume_rec` [ RunTime:0.012001s ]
SQL: SELECT SUM(consume_account) AS tp_sum FROM `device_consume_rec` WHERE ( `command_status` = '2' ) AND ( `del_flag` = '0' ) AND ( `type` IN ('1','3','5','9','11','13','15','17','19') ) AND ( `transfer_status` = '0' ) AND ( `consume_status` IN ('1','2') ) AND ( `create_by` = 'kefuanmoyitest' ) LIMIT 1   [ RunTime:2.668152s ]
SQL: SELECT SUM(consume_account) AS tp_sum FROM `device_consume_rec` WHERE ( `command_status` = '2' ) AND ( `del_flag` = '0' ) AND ( `type` IN ('2','4','6','10','12','14','16','18') ) AND ( `transfer_status` = '0' ) AND ( `consume_status` IN ('1','2') ) AND ( `create_by` = 'kefuanmoyitest' ) LIMIT 1   [ RunTime:0.001000s ]
SQL: SHOW COLUMNS FROM `device_info` [ RunTime:0.013001s ]
SQL: SELECT sum(dw.LOC_OP) c from (SELECT * from (SELECT dr.* FROM `device_info` LEFT JOIN device_record
 dr on dr.dev_id=device_info.device_command WHERE ( device_info.del_flag = 0 )
 AND ( device_info.office_id = 'a721bdccfcb44571a48df2065950d05d' ) ORDER BY dr.LOC_OP desc)
 da GROUP BY da.dev_id ORDER BY da.LOC_OP desc) dw [ RunTime:1.172067s ]
SQL: SELECT * FROM `sys_user` WHERE ( `del_flag` = 0 ) AND ( `openid` = 'odOIPv9UcOs4N_jKX0JECOwADE7s' ) LIMIT 1   [ RunTime:0.013001s ]
SQL: UPDATE `sys_user` SET `totals`=119.3 WHERE ( `del_flag` = 0 ) AND ( `id` = 'kefuanmoyitest' ) [ RunTime:0.054003s ]
SQL: SELECT SUM(totals-consume) AS tp_sum FROM `sys_user` WHERE ( `del_flag` = 0 ) AND ( `openid` = 'odOIPv9UcOs4N_jKX0JECOwADE7s' ) LIMIT 1   [ RunTime:0.000000s ]
INFO: [ view_template ] --START--
INFO: Run LocationTemplate Behavior [ RunTime:-5.149295s ]
INFO: [ view_template ] --END-- [ RunTime:0.014001s ]
INFO: [ view_parse ] --START--
INFO: Run ParseTemplate Behavior [ RunTime:-5.163296s ]
INFO: [ view_parse ] --END-- [ RunTime:0.107006s ]
INFO: [ view_filter ] --START--
INFO: Run ContentReplace Behavior [ RunTime:-5.270302s ]
INFO: Run TokenBuild Behavior [ RunTime:-5.272302s ]
INFO: Run WriteHtmlCache Behavior [ RunTime:-5.273302s ]
INFO: Run ShowRuntime Behavior [ RunTime:-5.275302s ]
INFO: [ view_filter ] --END-- [ RunTime:0.007000s ]
INFO: [ view_end ] --START--
INFO: Run ShowPageTrace Behavior [ RunTime:-5.277302s ]
INFO: [ view_end ] --END-- [ RunTime:0.002000s ]

[ 2017-12-26T14:42:16+08:00 ] 0.0.0.0 /Rose/index.php?g=Wap&m=Rose2Personal&a=presonal_new&openid=odOIPv9UcOs4N_jKX0JECOwADE7s
INFO: [ app_begin ] --START--
INFO: Run ReadHtmlCache Behavior [ RunTime:0.001001s ]
INFO: [ app_begin ] --END-- [ RunTime:0.001001s ]
NOTIC: [8] A session had already been started - ignoring session_start() D:\phpStudy\WWW\Rose\Lib\Action\Wap\Rose2BaseAction.class.php 第 2 行.
SQL: SHOW COLUMNS FROM `sys_user` [ RunTime:0.018001s ]
SQL: SELECT * FROM `sys_user` WHERE ( `del_flag` = 0 ) AND ( `openid` = 'odOIPv9UcOs4N_jKX0JECOwADE7s' ) LIMIT 1   [ RunTime:0.001000s ]
NOTIC: [8] Trying to get property of non-object D:\phpStudy\WWW\Rose\Core\Extend\Vendor\weixin\jssdk.php 第 75 行.
NOTIC: [8] Trying to get property of non-object D:\phpStudy\WWW\Rose\Core\Extend\Vendor\weixin\jssdk.php 第 53 行.
SQL: SHOW COLUMNS FROM `weixin_userinfo` [ RunTime:0.018001s ]
SQL: SELECT * FROM `weixin_userinfo` WHERE ( `del_flag` = 0 ) AND ( `from_username` = 'odOIPv9UcOs4N_jKX0JECOwADE7s' ) LIMIT 1   [ RunTime:0.015001s ]
SQL: SELECT * FROM `sys_user` WHERE ( `del_flag` = 0 ) AND ( `openid` = 'odOIPv9UcOs4N_jKX0JECOwADE7s' ) LIMIT 1   [ RunTime:0.001000s ]
SQL: SHOW COLUMNS FROM `sys_office` [ RunTime:0.017001s ]
SQL: SELECT `name` FROM `sys_office` WHERE ( `del_flag` = 0 ) AND ( `id` = 'a721bdccfcb44571a48df2065950d05d' ) LIMIT 1   [ RunTime:0.012001s ]
SQL: SHOW COLUMNS FROM `device_consume_rec` [ RunTime:0.011000s ]
SQL: SELECT SUM(consume_account) AS tp_sum FROM `device_consume_rec` WHERE ( `create_date` >= '2017-12-26 00:00:00' ) AND ( `command_status` = 2 ) AND ( `consume_status` = 1 ) AND ( `del_flag` = 0 ) AND ( `transfer_status` = 0 ) AND ( `create_by` = 'kefuanmoyitest' ) LIMIT 1   [ RunTime:0.019001s ]
NOTIC: [2] trim() expects parameter 1 to be string, array given D:\phpStudy\WWW\Rose\Core\Lib\Core\Db.class.php 第 459 行.
SQL: SELECT SUM(consume_account) AS tp_sum FROM `device_consume_rec` WHERE ( (`create_date` >= '2017-12')  ) AND ( `command_status` = 2 ) AND ( `consume_status` = 1 ) AND ( `del_flag` = 0 ) AND ( `transfer_status` = 0 ) AND ( `create_by` = 'kefuanmoyitest' ) LIMIT 1   [ RunTime:1.004058s ]
SQL: SELECT SUM(totals-consume) AS tp_sum FROM `sys_user` WHERE ( `del_flag` = 0 ) AND ( `openid` = 'odOIPv9UcOs4N_jKX0JECOwADE7s' ) LIMIT 1   [ RunTime:0.015001s ]
SQL: SELECT sum(consume_account) as count,`deivce_command` FROM `device_consume_rec` WHERE ( `command_status` = 2 ) AND ( `consume_status` = 1 ) AND ( `del_flag` = 0 ) AND ( `transfer_status` = 0 ) AND ( `create_by` = 'kefuanmoyitest' ) GROUP BY deivce_command ORDER BY count desc LIMIT 1   [ RunTime:1.042059s ]
SQL: SHOW COLUMNS FROM `device_info` [ RunTime:0.013001s ]
SQL: SELECT `scan_code` FROM `device_info` WHERE ( `del_flag` = 0 ) AND ( `device_command` = '4093646' ) AND ( `owner_id` = 'kefuanmoyitest' ) LIMIT 1   [ RunTime:0.012001s ]
SQL: SELECT sum(1) as count,drg.online_status FROM device_info di LEFT JOIN device_relation_group drg ON drg.di_id = di.id WHERE ( di.del_flag = 0 ) AND ( drg.del_flag = 0 ) AND ( di.owner_id = 'kefuanmoyitest' ) GROUP BY drg.online_status ORDER BY drg.online_status asc  [ RunTime:0.019001s ]
SQL: SHOW COLUMNS FROM `userefund` [ RunTime:0.012000s ]
SQL: SELECT COUNT(*) AS tp_count FROM `userefund` WHERE ( `owner_id` = 'kefuanmoyitest' ) LIMIT 1   [ RunTime:0.048003s ]
INFO: [ view_template ] --START--
INFO: Run LocationTemplate Behavior [ RunTime:-3.386193s ]
INFO: [ view_template ] --END-- [ RunTime:0.004000s ]
INFO: [ view_parse ] --START--
INFO: Run ParseTemplate Behavior [ RunTime:-3.390193s ]
INFO: [ view_parse ] --END-- [ RunTime:0.088005s ]
INFO: [ view_filter ] --START--
INFO: Run ContentReplace Behavior [ RunTime:-3.479199s ]
INFO: Run TokenBuild Behavior [ RunTime:-3.480199s ]
INFO: Run WriteHtmlCache Behavior [ RunTime:-3.482199s ]
INFO: Run ShowRuntime Behavior [ RunTime:-3.483199s ]
INFO: [ view_filter ] --END-- [ RunTime:0.007001s ]
INFO: [ view_end ] --START--
INFO: Run ShowPageTrace Behavior [ RunTime:-3.486199s ]
INFO: [ view_end ] --END-- [ RunTime:0.007000s ]

[ 2017-12-26T16:00:49+08:00 ] ERR: (ThinkException) Unknown column 'account' in 'field list'
 [ SQL语句 ] : SELECT month(create_date) as month,`account` FROM `weixin_enterprise_payment` WHERE ( `status` = '1' ) AND ( `openid` = 'odOIPv9UcOs4N_jKX0JECOwADE7s' ) GROUP BY month(create_date) 
[ 2017-12-26T16:32:08+08:00 ] 0.0.0.0 /Rose/index.php?g=Wap&m=Finance&a=index&openid=odOIPv9UcOs4N_jKX0JECOwADE7s
INFO: [ app_begin ] --START--
INFO: Run ReadHtmlCache Behavior [ RunTime:0.000000s ]
INFO: [ app_begin ] --END-- [ RunTime:0.000000s ]
NOTIC: [8] A session had already been started - ignoring session_start() D:\phpStudy\WWW\Rose\Lib\Action\Wap\Rose2BaseAction.class.php 第 2 行.
SQL: SHOW COLUMNS FROM `sys_user` [ RunTime:0.014001s ]
SQL: SELECT * FROM `sys_user` WHERE ( `del_flag` = 0 ) AND ( `openid` = 'odOIPv9UcOs4N_jKX0JECOwADE7s' ) LIMIT 1   [ RunTime:0.012000s ]
NOTIC: [8] Trying to get property of non-object D:\phpStudy\WWW\Rose\Core\Extend\Vendor\weixin\jssdk.php 第 75 行.
NOTIC: [8] Trying to get property of non-object D:\phpStudy\WWW\Rose\Core\Extend\Vendor\weixin\jssdk.php 第 53 行.
SQL: SHOW COLUMNS FROM `weixin_userinfo` [ RunTime:0.016001s ]
SQL: SELECT * FROM `weixin_userinfo` WHERE ( `del_flag` = 0 ) AND ( `from_username` = 'odOIPv9UcOs4N_jKX0JECOwADE7s' ) LIMIT 1   [ RunTime:0.011000s ]
SQL: SHOW COLUMNS FROM `device_consume_rec` [ RunTime:0.015001s ]
SQL: SELECT month(create_date) as month,sum(consume_account) as acount FROM `device_consume_rec` WHERE ( `command_status` = '2' ) AND ( `consume_status` IN ('1','2') ) AND ( `transfer_status` = '0' ) AND ( `del_flag` = '0' ) AND ( `create_by` = 'kefuanmoyitest' ) AND ( `create_date` >= '2016-12-26 00:00:00' ) GROUP BY month(create_date)  [ RunTime:1.079062s ]
SQL: SHOW COLUMNS FROM `weixin_enterprise_payment` [ RunTime:0.014001s ]
SQL: SELECT month(create_date) as month,`amount` FROM `weixin_enterprise_payment` WHERE ( `status` = '1' ) AND ( `openid` = 'odOIPv9UcOs4N_jKX0JECOwADE7s' ) GROUP BY month(create_date)  [ RunTime:0.123007s ]
INFO: [ view_template ] --START--
INFO: Run LocationTemplate Behavior [ RunTime:-2.443140s ]
INFO: [ view_template ] --END-- [ RunTime:0.022001s ]
INFO: [ view_parse ] --START--
INFO: Run ParseTemplate Behavior [ RunTime:-2.465141s ]
INFO: [ view_parse ] --END-- [ RunTime:0.044003s ]
INFO: [ view_filter ] --START--
INFO: Run ContentReplace Behavior [ RunTime:-2.510144s ]
INFO: Run TokenBuild Behavior [ RunTime:-2.512144s ]
INFO: Run WriteHtmlCache Behavior [ RunTime:-2.514144s ]
INFO: Run ShowRuntime Behavior [ RunTime:-2.515144s ]
INFO: [ view_filter ] --END-- [ RunTime:0.008000s ]
INFO: [ view_end ] --START--
INFO: Run ShowPageTrace Behavior [ RunTime:-2.517144s ]
INFO: [ view_end ] --END-- [ RunTime:0.001000s ]

[ 2017-12-26T16:32:53+08:00 ] 0.0.0.0 /Rose/index.php?g=Wap&m=Glassregiter&a=index&scan_code=ARSG1234&openid=odOIPv9UcOs4N_jKX0JECOwADE7s
INFO: [ app_begin ] --START--
INFO: Run ReadHtmlCache Behavior [ RunTime:0.001000s ]
INFO: [ app_begin ] --END-- [ RunTime:0.001000s ]
INFO: [ view_template ] --START--
INFO: Run LocationTemplate Behavior [ RunTime:-1.159066s ]
INFO: [ view_template ] --END-- [ RunTime:0.001000s ]
INFO: [ view_parse ] --START--
INFO: Run ParseTemplate Behavior [ RunTime:-1.160066s ]
INFO: [ view_parse ] --END-- [ RunTime:0.064004s ]
INFO: [ view_filter ] --START--
INFO: Run ContentReplace Behavior [ RunTime:-1.224070s ]
INFO: Run TokenBuild Behavior [ RunTime:-1.225070s ]
INFO: Run WriteHtmlCache Behavior [ RunTime:-1.226070s ]
INFO: Run ShowRuntime Behavior [ RunTime:-1.227070s ]
INFO: [ view_filter ] --END-- [ RunTime:0.004000s ]
INFO: [ view_end ] --START--
INFO: Run ShowPageTrace Behavior [ RunTime:-1.229070s ]
INFO: [ view_end ] --END-- [ RunTime:0.001000s ]

[ 2017-12-26T16:33:04+08:00 ] 0.0.0.0 /Rose/index.php?g=Wap&m=Rose2Personal&a=index&openid=odOIPv9UcOs4N_jKX0JECOwADE7s
INFO: [ app_begin ] --START--
INFO: Run ReadHtmlCache Behavior [ RunTime:0.001000s ]
INFO: [ app_begin ] --END-- [ RunTime:0.001000s ]
NOTIC: [8] A session had already been started - ignoring session_start() D:\phpStudy\WWW\Rose\Lib\Action\Wap\Rose2BaseAction.class.php 第 2 行.
SQL: SHOW COLUMNS FROM `sys_user` [ RunTime:0.011001s ]
SQL: SELECT * FROM `sys_user` WHERE ( `del_flag` = 0 ) AND ( `openid` = 'odOIPv9UcOs4N_jKX0JECOwADE7s' ) LIMIT 1   [ RunTime:0.060003s ]
NOTIC: [8] Trying to get property of non-object D:\phpStudy\WWW\Rose\Core\Extend\Vendor\weixin\jssdk.php 第 75 行.
NOTIC: [8] Trying to get property of non-object D:\phpStudy\WWW\Rose\Core\Extend\Vendor\weixin\jssdk.php 第 53 行.
SQL: SHOW COLUMNS FROM `weixin_userinfo` [ RunTime:0.012001s ]
SQL: SELECT * FROM `weixin_userinfo` WHERE ( `del_flag` = 0 ) AND ( `from_username` = 'odOIPv9UcOs4N_jKX0JECOwADE7s' ) LIMIT 1   [ RunTime:0.014001s ]
SQL: SHOW COLUMNS FROM `device_consume_rec` [ RunTime:0.010000s ]
SQL: SELECT SUM(consume_account) AS tp_sum FROM `device_consume_rec` WHERE ( `command_status` = '2' ) AND ( `del_flag` = '0' ) AND ( `type` IN ('1','3','5','9','11','13','15','17','19') ) AND ( `transfer_status` = '0' ) AND ( `consume_status` IN ('1','2') ) AND ( `create_by` = 'kefuanmoyitest' ) LIMIT 1   [ RunTime:2.798160s ]
SQL: SELECT SUM(consume_account) AS tp_sum FROM `device_consume_rec` WHERE ( `command_status` = '2' ) AND ( `del_flag` = '0' ) AND ( `type` IN ('2','4','6','10','12','14','16','18') ) AND ( `transfer_status` = '0' ) AND ( `consume_status` IN ('1','2') ) AND ( `create_by` = 'kefuanmoyitest' ) LIMIT 1   [ RunTime:0.001001s ]
SQL: SHOW COLUMNS FROM `device_info` [ RunTime:0.046002s ]
SQL: SELECT sum(dw.LOC_OP) c from (SELECT * from (SELECT dr.* FROM `device_info` LEFT JOIN device_record
 dr on dr.dev_id=device_info.device_command WHERE ( device_info.del_flag = 0 )
 AND ( device_info.office_id = 'a721bdccfcb44571a48df2065950d05d' ) ORDER BY dr.LOC_OP desc)
 da GROUP BY da.dev_id ORDER BY da.LOC_OP desc) dw [ RunTime:1.555089s ]
SQL: SELECT * FROM `sys_user` WHERE ( `del_flag` = 0 ) AND ( `openid` = 'odOIPv9UcOs4N_jKX0JECOwADE7s' ) LIMIT 1   [ RunTime:0.019001s ]
SQL: UPDATE `sys_user` SET `totals`=119.3 WHERE ( `del_flag` = 0 ) AND ( `id` = 'kefuanmoyitest' ) [ RunTime:0.058004s ]
SQL: SELECT SUM(totals-consume) AS tp_sum FROM `sys_user` WHERE ( `del_flag` = 0 ) AND ( `openid` = 'odOIPv9UcOs4N_jKX0JECOwADE7s' ) LIMIT 1   [ RunTime:0.001000s ]
INFO: [ view_template ] --START--
INFO: Run LocationTemplate Behavior [ RunTime:-5.702327s ]
INFO: [ view_template ] --END-- [ RunTime:0.021001s ]
INFO: [ view_parse ] --START--
INFO: Run ParseTemplate Behavior [ RunTime:-5.723328s ]
INFO: [ view_parse ] --END-- [ RunTime:0.112006s ]
INFO: [ view_filter ] --START--
INFO: Run ContentReplace Behavior [ RunTime:-5.835334s ]
INFO: Run TokenBuild Behavior [ RunTime:-5.836334s ]
INFO: Run WriteHtmlCache Behavior [ RunTime:-5.836334s ]
INFO: Run ShowRuntime Behavior [ RunTime:-5.837334s ]
INFO: [ view_filter ] --END-- [ RunTime:0.003000s ]
INFO: [ view_end ] --START--
INFO: Run ShowPageTrace Behavior [ RunTime:-5.838334s ]
INFO: [ view_end ] --END-- [ RunTime:0.001000s ]

[ 2017-12-26T16:33:08+08:00 ] 0.0.0.0 /Rose/index.php?g=Wap&m=Device&a=group_list&openid=odOIPv9UcOs4N_jKX0JECOwADE7s
INFO: [ app_begin ] --START--
INFO: Run ReadHtmlCache Behavior [ RunTime:0.001000s ]
INFO: [ app_begin ] --END-- [ RunTime:0.001000s ]
NOTIC: [8] A session had already been started - ignoring session_start() D:\phpStudy\WWW\Rose\Lib\Action\Wap\Rose2BaseAction.class.php 第 2 行.
SQL: SHOW COLUMNS FROM `sys_user` [ RunTime:0.020001s ]
SQL: SELECT * FROM `sys_user` WHERE ( `del_flag` = 0 ) AND ( `openid` = 'odOIPv9UcOs4N_jKX0JECOwADE7s' ) LIMIT 1   [ RunTime:0.002000s ]
NOTIC: [8] Trying to get property of non-object D:\phpStudy\WWW\Rose\Core\Extend\Vendor\weixin\jssdk.php 第 75 行.
NOTIC: [8] Trying to get property of non-object D:\phpStudy\WWW\Rose\Core\Extend\Vendor\weixin\jssdk.php 第 53 行.
SQL: SHOW COLUMNS FROM `weixin_userinfo` [ RunTime:0.017001s ]
SQL: SELECT * FROM `weixin_userinfo` WHERE ( `del_flag` = 0 ) AND ( `from_username` = 'odOIPv9UcOs4N_jKX0JECOwADE7s' ) LIMIT 1   [ RunTime:0.010001s ]
SQL: SELECT * FROM `sys_user` WHERE ( `del_flag` = 0 ) AND ( `openid` = 'odOIPv9UcOs4N_jKX0JECOwADE7s' ) LIMIT 1   [ RunTime:0.001000s ]
SQL: SELECT * FROM `sys_user` WHERE ( `del_flag` = 0 ) AND ( `is_into` = '1' )  [ RunTime:0.001000s ]
SQL: SHOW COLUMNS FROM `deivce_group_info` [ RunTime:0.014001s ]
SQL: SELECT * FROM `deivce_group_info` WHERE ( `owner_id` IN ('kefuanmoyitest','2017061610_0EDE8AFAD47B2648DE9BE38F9D9B3EA5') ) AND ( `del_flag` = 0 ) ORDER BY create_date desc  [ RunTime:0.010001s ]
INFO: [ view_template ] --START--
INFO: Run LocationTemplate Behavior [ RunTime:-1.221070s ]
INFO: [ view_template ] --END-- [ RunTime:0.008000s ]
INFO: [ view_parse ] --START--
INFO: Run ParseTemplate Behavior [ RunTime:-1.229070s ]
INFO: [ view_parse ] --END-- [ RunTime:0.034002s ]
INFO: [ view_filter ] --START--
INFO: Run ContentReplace Behavior [ RunTime:-1.263072s ]
INFO: Run TokenBuild Behavior [ RunTime:-1.264072s ]
INFO: Run WriteHtmlCache Behavior [ RunTime:-1.265072s ]
INFO: Run ShowRuntime Behavior [ RunTime:-1.266072s ]
INFO: [ view_filter ] --END-- [ RunTime:0.003000s ]
INFO: [ view_end ] --START--
INFO: Run ShowPageTrace Behavior [ RunTime:-1.266072s ]
INFO: [ view_end ] --END-- [ RunTime:0.001000s ]

[ 2017-12-26T16:33:59+08:00 ] 0.0.0.0 /Rose/index.php?g=Wap&m=Finance&a=index&openid=odOIPv9UcOs4N_jKX0JECOwADE7s
INFO: [ app_begin ] --START--
INFO: Run ReadHtmlCache Behavior [ RunTime:0.001000s ]
INFO: [ app_begin ] --END-- [ RunTime:0.001000s ]
NOTIC: [8] A session had already been started - ignoring session_start() D:\phpStudy\WWW\Rose\Lib\Action\Wap\Rose2BaseAction.class.php 第 2 行.
SQL: SHOW COLUMNS FROM `sys_user` [ RunTime:0.014001s ]
SQL: SELECT * FROM `sys_user` WHERE ( `del_flag` = 0 ) AND ( `openid` = 'odOIPv9UcOs4N_jKX0JECOwADE7s' ) LIMIT 1   [ RunTime:0.001000s ]
NOTIC: [8] Trying to get property of non-object D:\phpStudy\WWW\Rose\Core\Extend\Vendor\weixin\jssdk.php 第 75 行.
NOTIC: [8] Trying to get property of non-object D:\phpStudy\WWW\Rose\Core\Extend\Vendor\weixin\jssdk.php 第 53 行.
SQL: SHOW COLUMNS FROM `weixin_userinfo` [ RunTime:0.014001s ]
SQL: SELECT * FROM `weixin_userinfo` WHERE ( `del_flag` = 0 ) AND ( `from_username` = 'odOIPv9UcOs4N_jKX0JECOwADE7s' ) LIMIT 1   [ RunTime:0.001000s ]
SQL: SHOW COLUMNS FROM `device_consume_rec` [ RunTime:0.014001s ]
SQL: SELECT month(create_date) as month,sum(consume_account) as acount FROM `device_consume_rec` WHERE ( `command_status` = '2' ) AND ( `consume_status` IN ('1','2') ) AND ( `transfer_status` = '0' ) AND ( `del_flag` = '0' ) AND ( `create_by` = 'kefuanmoyitest' ) AND ( `create_date` >= '2016-12-26 00:00:00' ) GROUP BY month(create_date)  [ RunTime:1.143066s ]
SQL: SHOW COLUMNS FROM `weixin_enterprise_payment` [ RunTime:0.012000s ]
SQL: SELECT month(create_date) as month,`amount` FROM `weixin_enterprise_payment` WHERE ( `status` = '1' ) AND ( `openid` = 'odOIPv9UcOs4N_jKX0JECOwADE7s' ) GROUP BY month(create_date)  [ RunTime:0.050003s ]
INFO: [ view_template ] --START--
INFO: Run LocationTemplate Behavior [ RunTime:-2.395137s ]
INFO: [ view_template ] --END-- [ RunTime:0.001000s ]
INFO: [ view_parse ] --START--
NOTIC: [8] Undefined variable: res D:\phpStudy\WWW\Rose\logs\Cache\Wap\b7d919ef8e556e92c8c6db29e13f9f3e.php 第 20 行.
INFO: Run ParseTemplate Behavior [ RunTime:-2.396137s ]
INFO: [ view_parse ] --END-- [ RunTime:0.027002s ]
INFO: [ view_filter ] --START--
INFO: Run ContentReplace Behavior [ RunTime:-2.423139s ]
INFO: Run TokenBuild Behavior [ RunTime:-2.424139s ]
INFO: Run WriteHtmlCache Behavior [ RunTime:-2.428139s ]
INFO: Run ShowRuntime Behavior [ RunTime:-2.431139s ]
INFO: [ view_filter ] --END-- [ RunTime:0.009000s ]
INFO: [ view_end ] --START--
INFO: Run ShowPageTrace Behavior [ RunTime:-2.432139s ]
INFO: [ view_end ] --END-- [ RunTime:0.001000s ]

[ 2017-12-26T16:34:16+08:00 ] 0.0.0.0 /Rose/index.php?g=Wap&m=Finance&a=index&openid=odOIPv9UcOs4N_jKX0JECOwADE7s
INFO: [ app_begin ] --START--
INFO: Run ReadHtmlCache Behavior [ RunTime:0.000000s ]
INFO: [ app_begin ] --END-- [ RunTime:0.000000s ]
NOTIC: [8] A session had already been started - ignoring session_start() D:\phpStudy\WWW\Rose\Lib\Action\Wap\Rose2BaseAction.class.php 第 2 行.
SQL: SHOW COLUMNS FROM `sys_user` [ RunTime:0.021001s ]
SQL: SELECT * FROM `sys_user` WHERE ( `del_flag` = 0 ) AND ( `openid` = 'odOIPv9UcOs4N_jKX0JECOwADE7s' ) LIMIT 1   [ RunTime:0.028002s ]
NOTIC: [8] Trying to get property of non-object D:\phpStudy\WWW\Rose\Core\Extend\Vendor\weixin\jssdk.php 第 75 行.
NOTIC: [8] Trying to get property of non-object D:\phpStudy\WWW\Rose\Core\Extend\Vendor\weixin\jssdk.php 第 53 行.
SQL: SHOW COLUMNS FROM `weixin_userinfo` [ RunTime:0.013001s ]
SQL: SELECT * FROM `weixin_userinfo` WHERE ( `del_flag` = 0 ) AND ( `from_username` = 'odOIPv9UcOs4N_jKX0JECOwADE7s' ) LIMIT 1   [ RunTime:0.009001s ]
SQL: SHOW COLUMNS FROM `device_consume_rec` [ RunTime:0.015000s ]
SQL: SELECT month(create_date) as month,sum(consume_account) as acount FROM `device_consume_rec` WHERE ( `command_status` = '2' ) AND ( `consume_status` IN ('1','2') ) AND ( `transfer_status` = '0' ) AND ( `del_flag` = '0' ) AND ( `create_by` = 'kefuanmoyitest' ) AND ( `create_date` >= '2016-12-26 00:00:00' ) GROUP BY month(create_date)  [ RunTime:1.499086s ]
SQL: SHOW COLUMNS FROM `weixin_enterprise_payment` [ RunTime:0.010001s ]
SQL: SELECT month(create_date) as month,`amount` FROM `weixin_enterprise_payment` WHERE ( `status` = '1' ) AND ( `openid` = 'odOIPv9UcOs4N_jKX0JECOwADE7s' ) GROUP BY month(create_date)  [ RunTime:0.047003s ]
INFO: [ view_template ] --START--
INFO: Run LocationTemplate Behavior [ RunTime:-2.808161s ]
INFO: [ view_template ] --END-- [ RunTime:0.001000s ]
INFO: [ view_parse ] --START--
NOTIC: [8] Undefined index: group_name D:\phpStudy\WWW\Rose\logs\Cache\Wap\b7d919ef8e556e92c8c6db29e13f9f3e.php 第 21 行.
NOTIC: [8] Undefined index: create_date D:\phpStudy\WWW\Rose\logs\Cache\Wap\b7d919ef8e556e92c8c6db29e13f9f3e.php 第 22 行.
NOTIC: [8] Undefined index: id D:\phpStudy\WWW\Rose\logs\Cache\Wap\b7d919ef8e556e92c8c6db29e13f9f3e.php 第 24 行.
NOTIC: [8] Undefined index: group_name D:\phpStudy\WWW\Rose\logs\Cache\Wap\b7d919ef8e556e92c8c6db29e13f9f3e.php 第 24 行.
NOTIC: [8] Undefined index: id D:\phpStudy\WWW\Rose\logs\Cache\Wap\b7d919ef8e556e92c8c6db29e13f9f3e.php 第 26 行.
NOTIC: [8] Undefined index: group_name D:\phpStudy\WWW\Rose\logs\Cache\Wap\b7d919ef8e556e92c8c6db29e13f9f3e.php 第 21 行.
NOTIC: [8] Undefined index: create_date D:\phpStudy\WWW\Rose\logs\Cache\Wap\b7d919ef8e556e92c8c6db29e13f9f3e.php 第 22 行.
NOTIC: [8] Undefined index: id D:\phpStudy\WWW\Rose\logs\Cache\Wap\b7d919ef8e556e92c8c6db29e13f9f3e.php 第 24 行.
NOTIC: [8] Undefined index: group_name D:\phpStudy\WWW\Rose\logs\Cache\Wap\b7d919ef8e556e92c8c6db29e13f9f3e.php 第 24 行.
NOTIC: [8] Undefined index: id D:\phpStudy\WWW\Rose\logs\Cache\Wap\b7d919ef8e556e92c8c6db29e13f9f3e.php 第 26 行.
NOTIC: [8] Undefined index: group_name D:\phpStudy\WWW\Rose\logs\Cache\Wap\b7d919ef8e556e92c8c6db29e13f9f3e.php 第 21 行.
NOTIC: [8] Undefined index: create_date D:\phpStudy\WWW\Rose\logs\Cache\Wap\b7d919ef8e556e92c8c6db29e13f9f3e.php 第 22 行.
NOTIC: [8] Undefined index: id D:\phpStudy\WWW\Rose\logs\Cache\Wap\b7d919ef8e556e92c8c6db29e13f9f3e.php 第 24 行.
NOTIC: [8] Undefined index: group_name D:\phpStudy\WWW\Rose\logs\Cache\Wap\b7d919ef8e556e92c8c6db29e13f9f3e.php 第 24 行.
NOTIC: [8] Undefined index: id D:\phpStudy\WWW\Rose\logs\Cache\Wap\b7d919ef8e556e92c8c6db29e13f9f3e.php 第 26 行.
NOTIC: [8] Undefined index: group_name D:\phpStudy\WWW\Rose\logs\Cache\Wap\b7d919ef8e556e92c8c6db29e13f9f3e.php 第 21 行.
NOTIC: [8] Undefined index: create_date D:\phpStudy\WWW\Rose\logs\Cache\Wap\b7d919ef8e556e92c8c6db29e13f9f3e.php 第 22 行.
NOTIC: [8] Undefined index: id D:\phpStudy\WWW\Rose\logs\Cache\Wap\b7d919ef8e556e92c8c6db29e13f9f3e.php 第 24 行.
NOTIC: [8] Undefined index: group_name D:\phpStudy\WWW\Rose\logs\Cache\Wap\b7d919ef8e556e92c8c6db29e13f9f3e.php 第 24 行.
NOTIC: [8] Undefined index: id D:\phpStudy\WWW\Rose\logs\Cache\Wap\b7d919ef8e556e92c8c6db29e13f9f3e.php 第 26 行.
NOTIC: [8] Undefined index: group_name D:\phpStudy\WWW\Rose\logs\Cache\Wap\b7d919ef8e556e92c8c6db29e13f9f3e.php 第 21 行.
NOTIC: [8] Undefined index: create_date D:\phpStudy\WWW\Rose\logs\Cache\Wap\b7d919ef8e556e92c8c6db29e13f9f3e.php 第 22 行.
NOTIC: [8] Undefined index: id D:\phpStudy\WWW\Rose\logs\Cache\Wap\b7d919ef8e556e92c8c6db29e13f9f3e.php 第 24 行.
NOTIC: [8] Undefined index: group_name D:\phpStudy\WWW\Rose\logs\Cache\Wap\b7d919ef8e556e92c8c6db29e13f9f3e.php 第 24 行.
NOTIC: [8] Undefined index: id D:\phpStudy\WWW\Rose\logs\Cache\Wap\b7d919ef8e556e92c8c6db29e13f9f3e.php 第 26 行.
NOTIC: [8] Undefined index: group_name D:\phpStudy\WWW\Rose\logs\Cache\Wap\b7d919ef8e556e92c8c6db29e13f9f3e.php 第 21 行.
NOTIC: [8] Undefined index: create_date D:\phpStudy\WWW\Rose\logs\Cache\Wap\b7d919ef8e556e92c8c6db29e13f9f3e.php 第 22 行.
NOTIC: [8] Undefined index: id D:\phpStudy\WWW\Rose\logs\Cache\Wap\b7d919ef8e556e92c8c6db29e13f9f3e.php 第 24 行.
NOTIC: [8] Undefined index: group_name D:\phpStudy\WWW\Rose\logs\Cache\Wap\b7d919ef8e556e92c8c6db29e13f9f3e.php 第 24 行.
NOTIC: [8] Undefined index: id D:\phpStudy\WWW\Rose\logs\Cache\Wap\b7d919ef8e556e92c8c6db29e13f9f3e.php 第 26 行.
NOTIC: [8] Undefined index: group_name D:\phpStudy\WWW\Rose\logs\Cache\Wap\b7d919ef8e556e92c8c6db29e13f9f3e.php 第 21 行.
NOTIC: [8] Undefined index: create_date D:\phpStudy\WWW\Rose\logs\Cache\Wap\b7d919ef8e556e92c8c6db29e13f9f3e.php 第 22 行.
NOTIC: [8] Undefined index: id D:\phpStudy\WWW\Rose\logs\Cache\Wap\b7d919ef8e556e92c8c6db29e13f9f3e.php 第 24 行.
NOTIC: [8] Undefined index: group_name D:\phpStudy\WWW\Rose\logs\Cache\Wap\b7d919ef8e556e92c8c6db29e13f9f3e.php 第 24 行.
NOTIC: [8] Undefined index: id D:\phpStudy\WWW\Rose\logs\Cache\Wap\b7d919ef8e556e92c8c6db29e13f9f3e.php 第 26 行.
NOTIC: [8] Undefined index: group_name D:\phpStudy\WWW\Rose\logs\Cache\Wap\b7d919ef8e556e92c8c6db29e13f9f3e.php 第 21 行.
NOTIC: [8] Undefined index: create_date D:\phpStudy\WWW\Rose\logs\Cache\Wap\b7d919ef8e556e92c8c6db29e13f9f3e.php 第 22 行.
NOTIC: [8] Undefined index: id D:\phpStudy\WWW\Rose\logs\Cache\Wap\b7d919ef8e556e92c8c6db29e13f9f3e.php 第 24 行.
NOTIC: [8] Undefined index: group_name D:\phpStudy\WWW\Rose\logs\Cache\Wap\b7d919ef8e556e92c8c6db29e13f9f3e.php 第 24 行.
NOTIC: [8] Undefined index: id D:\phpStudy\WWW\Rose\logs\Cache\Wap\b7d919ef8e556e92c8c6db29e13f9f3e.php 第 26 行.
NOTIC: [8] Undefined index: group_name D:\phpStudy\WWW\Rose\logs\Cache\Wap\b7d919ef8e556e92c8c6db29e13f9f3e.php 第 21 行.
NOTIC: [8] Undefined index: create_date D:\phpStudy\WWW\Rose\logs\Cache\Wap\b7d919ef8e556e92c8c6db29e13f9f3e.php 第 22 行.
NOTIC: [8] Undefined index: id D:\phpStudy\WWW\Rose\logs\Cache\Wap\b7d919ef8e556e92c8c6db29e13f9f3e.php 第 24 行.
NOTIC: [8] Undefined index: group_name D:\phpStudy\WWW\Rose\logs\Cache\Wap\b7d919ef8e556e92c8c6db29e13f9f3e.php 第 24 行.
NOTIC: [8] Undefined index: id D:\phpStudy\WWW\Rose\logs\Cache\Wap\b7d919ef8e556e92c8c6db29e13f9f3e.php 第 26 行.
INFO: Run ParseTemplate Behavior [ RunTime:-2.809161s ]
INFO: [ view_parse ] --END-- [ RunTime:0.014000s ]
INFO: [ view_filter ] --START--
INFO: Run ContentReplace Behavior [ RunTime:-2.823161s ]
INFO: Run TokenBuild Behavior [ RunTime:-2.824161s ]
INFO: Run WriteHtmlCache Behavior [ RunTime:-2.825162s ]
INFO: Run ShowRuntime Behavior [ RunTime:-2.826162s ]
INFO: [ view_filter ] --END-- [ RunTime:0.003001s ]
INFO: [ view_end ] --START--
INFO: Run ShowPageTrace Behavior [ RunTime:-2.827162s ]
INFO: [ view_end ] --END-- [ RunTime:0.000000s ]

[ 2017-12-26T16:37:39+08:00 ] 0.0.0.0 /Rose/index.php?g=Wap&m=Finance&a=index&openid=odOIPv9UcOs4N_jKX0JECOwADE7s
INFO: [ app_begin ] --START--
INFO: Run ReadHtmlCache Behavior [ RunTime:0.008000s ]
INFO: [ app_begin ] --END-- [ RunTime:0.008000s ]
NOTIC: [8] A session had already been started - ignoring session_start() D:\phpStudy\WWW\Rose\Lib\Action\Wap\Rose2BaseAction.class.php 第 2 行.
SQL: SHOW COLUMNS FROM `sys_user` [ RunTime:0.015001s ]
SQL: SELECT * FROM `sys_user` WHERE ( `del_flag` = 0 ) AND ( `openid` = 'odOIPv9UcOs4N_jKX0JECOwADE7s' ) LIMIT 1   [ RunTime:0.027001s ]
NOTIC: [8] Trying to get property of non-object D:\phpStudy\WWW\Rose\Core\Extend\Vendor\weixin\jssdk.php 第 75 行.
NOTIC: [8] Trying to get property of non-object D:\phpStudy\WWW\Rose\Core\Extend\Vendor\weixin\jssdk.php 第 53 行.
SQL: SHOW COLUMNS FROM `weixin_userinfo` [ RunTime:0.010001s ]
SQL: SELECT * FROM `weixin_userinfo` WHERE ( `del_flag` = 0 ) AND ( `from_username` = 'odOIPv9UcOs4N_jKX0JECOwADE7s' ) LIMIT 1   [ RunTime:0.012000s ]
SQL: SHOW COLUMNS FROM `device_consume_rec` [ RunTime:0.013000s ]
SQL: SELECT month(create_date) as month,sum(consume_account) as acount FROM `device_consume_rec` WHERE ( `command_status` = '2' ) AND ( `consume_status` IN ('1','2') ) AND ( `transfer_status` = '0' ) AND ( `del_flag` = '0' ) AND ( `create_by` = 'kefuanmoyitest' ) AND ( `create_date` >= '2016-12-26 00:00:00' ) GROUP BY month(create_date)  [ RunTime:1.650095s ]
SQL: SHOW COLUMNS FROM `weixin_enterprise_payment` [ RunTime:0.008000s ]
SQL: SELECT month(create_date) as month,`amount` FROM `weixin_enterprise_payment` WHERE ( `status` = '1' ) AND ( `openid` = 'odOIPv9UcOs4N_jKX0JECOwADE7s' ) GROUP BY month(create_date)  [ RunTime:0.066004s ]
INFO: [ view_template ] --START--
INFO: Run LocationTemplate Behavior [ RunTime:-3.179182s ]
INFO: [ view_template ] --END-- [ RunTime:0.012001s ]
INFO: [ view_parse ] --START--
NOTIC: [8] Undefined index: acount D:\phpStudy\WWW\Rose\logs\Cache\Wap\b7d919ef8e556e92c8c6db29e13f9f3e.php 第 23 行.
NOTIC: [8] Undefined index: amount D:\phpStudy\WWW\Rose\logs\Cache\Wap\b7d919ef8e556e92c8c6db29e13f9f3e.php 第 24 行.
NOTIC: [8] Undefined index: id D:\phpStudy\WWW\Rose\logs\Cache\Wap\b7d919ef8e556e92c8c6db29e13f9f3e.php 第 26 行.
NOTIC: [8] Undefined index: group_name D:\phpStudy\WWW\Rose\logs\Cache\Wap\b7d919ef8e556e92c8c6db29e13f9f3e.php 第 26 行.
NOTIC: [8] Undefined index: acount D:\phpStudy\WWW\Rose\logs\Cache\Wap\b7d919ef8e556e92c8c6db29e13f9f3e.php 第 23 行.
NOTIC: [8] Undefined index: amount D:\phpStudy\WWW\Rose\logs\Cache\Wap\b7d919ef8e556e92c8c6db29e13f9f3e.php 第 24 行.
NOTIC: [8] Undefined index: id D:\phpStudy\WWW\Rose\logs\Cache\Wap\b7d919ef8e556e92c8c6db29e13f9f3e.php 第 26 行.
NOTIC: [8] Undefined index: group_name D:\phpStudy\WWW\Rose\logs\Cache\Wap\b7d919ef8e556e92c8c6db29e13f9f3e.php 第 26 行.
NOTIC: [8] Undefined index: acount D:\phpStudy\WWW\Rose\logs\Cache\Wap\b7d919ef8e556e92c8c6db29e13f9f3e.php 第 23 行.
NOTIC: [8] Undefined index: amount D:\phpStudy\WWW\Rose\logs\Cache\Wap\b7d919ef8e556e92c8c6db29e13f9f3e.php 第 24 行.
NOTIC: [8] Undefined index: id D:\phpStudy\WWW\Rose\logs\Cache\Wap\b7d919ef8e556e92c8c6db29e13f9f3e.php 第 26 行.
NOTIC: [8] Undefined index: group_name D:\phpStudy\WWW\Rose\logs\Cache\Wap\b7d919ef8e556e92c8c6db29e13f9f3e.php 第 26 行.
NOTIC: [8] Undefined index: acount D:\phpStudy\WWW\Rose\logs\Cache\Wap\b7d919ef8e556e92c8c6db29e13f9f3e.php 第 23 行.
NOTIC: [8] Undefined index: amount D:\phpStudy\WWW\Rose\logs\Cache\Wap\b7d919ef8e556e92c8c6db29e13f9f3e.php 第 24 行.
NOTIC: [8] Undefined index: id D:\phpStudy\WWW\Rose\logs\Cache\Wap\b7d919ef8e556e92c8c6db29e13f9f3e.php 第 26 行.
NOTIC: [8] Undefined index: group_name D:\phpStudy\WWW\Rose\logs\Cache\Wap\b7d919ef8e556e92c8c6db29e13f9f3e.php 第 26 行.
NOTIC: [8] Undefined index: acount D:\phpStudy\WWW\Rose\logs\Cache\Wap\b7d919ef8e556e92c8c6db29e13f9f3e.php 第 23 行.
NOTIC: [8] Undefined index: amount D:\phpStudy\WWW\Rose\logs\Cache\Wap\b7d919ef8e556e92c8c6db29e13f9f3e.php 第 24 行.
NOTIC: [8] Undefined index: id D:\phpStudy\WWW\Rose\logs\Cache\Wap\b7d919ef8e556e92c8c6db29e13f9f3e.php 第 26 行.
NOTIC: [8] Undefined index: group_name D:\phpStudy\WWW\Rose\logs\Cache\Wap\b7d919ef8e556e92c8c6db29e13f9f3e.php 第 26 行.
NOTIC: [8] Undefined index: acount D:\phpStudy\WWW\Rose\logs\Cache\Wap\b7d919ef8e556e92c8c6db29e13f9f3e.php 第 23 行.
NOTIC: [8] Undefined index: amount D:\phpStudy\WWW\Rose\logs\Cache\Wap\b7d919ef8e556e92c8c6db29e13f9f3e.php 第 24 行.
NOTIC: [8] Undefined index: id D:\phpStudy\WWW\Rose\logs\Cache\Wap\b7d919ef8e556e92c8c6db29e13f9f3e.php 第 26 行.
NOTIC: [8] Undefined index: group_name D:\phpStudy\WWW\Rose\logs\Cache\Wap\b7d919ef8e556e92c8c6db29e13f9f3e.php 第 26 行.
NOTIC: [8] Undefined index: acount D:\phpStudy\WWW\Rose\logs\Cache\Wap\b7d919ef8e556e92c8c6db29e13f9f3e.php 第 23 行.
NOTIC: [8] Undefined index: amount D:\phpStudy\WWW\Rose\logs\Cache\Wap\b7d919ef8e556e92c8c6db29e13f9f3e.php 第 24 行.
NOTIC: [8] Undefined index: id D:\phpStudy\WWW\Rose\logs\Cache\Wap\b7d919ef8e556e92c8c6db29e13f9f3e.php 第 26 行.
NOTIC: [8] Undefined index: group_name D:\phpStudy\WWW\Rose\logs\Cache\Wap\b7d919ef8e556e92c8c6db29e13f9f3e.php 第 26 行.
NOTIC: [8] Undefined index: acount D:\phpStudy\WWW\Rose\logs\Cache\Wap\b7d919ef8e556e92c8c6db29e13f9f3e.php 第 23 行.
NOTIC: [8] Undefined index: amount D:\phpStudy\WWW\Rose\logs\Cache\Wap\b7d919ef8e556e92c8c6db29e13f9f3e.php 第 24 行.
NOTIC: [8] Undefined index: id D:\phpStudy\WWW\Rose\logs\Cache\Wap\b7d919ef8e556e92c8c6db29e13f9f3e.php 第 26 行.
NOTIC: [8] Undefined index: group_name D:\phpStudy\WWW\Rose\logs\Cache\Wap\b7d919ef8e556e92c8c6db29e13f9f3e.php 第 26 行.
NOTIC: [8] Undefined index: acount D:\phpStudy\WWW\Rose\logs\Cache\Wap\b7d919ef8e556e92c8c6db29e13f9f3e.php 第 23 行.
NOTIC: [8] Undefined index: amount D:\phpStudy\WWW\Rose\logs\Cache\Wap\b7d919ef8e556e92c8c6db29e13f9f3e.php 第 24 行.
NOTIC: [8] Undefined index: id D:\phpStudy\WWW\Rose\logs\Cache\Wap\b7d919ef8e556e92c8c6db29e13f9f3e.php 第 26 行.
NOTIC: [8] Undefined index: group_name D:\phpStudy\WWW\Rose\logs\Cache\Wap\b7d919ef8e556e92c8c6db29e13f9f3e.php 第 26 行.
NOTIC: [8] Undefined index: acount D:\phpStudy\WWW\Rose\logs\Cache\Wap\b7d919ef8e556e92c8c6db29e13f9f3e.php 第 23 行.
NOTIC: [8] Undefined index: amount D:\phpStudy\WWW\Rose\logs\Cache\Wap\b7d919ef8e556e92c8c6db29e13f9f3e.php 第 24 行.
NOTIC: [8] Undefined index: id D:\phpStudy\WWW\Rose\logs\Cache\Wap\b7d919ef8e556e92c8c6db29e13f9f3e.php 第 26 行.
NOTIC: [8] Undefined index: group_name D:\phpStudy\WWW\Rose\logs\Cache\Wap\b7d919ef8e556e92c8c6db29e13f9f3e.php 第 26 行.
NOTIC: [8] Undefined index: acount D:\phpStudy\WWW\Rose\logs\Cache\Wap\b7d919ef8e556e92c8c6db29e13f9f3e.php 第 23 行.
NOTIC: [8] Undefined index: amount D:\phpStudy\WWW\Rose\logs\Cache\Wap\b7d919ef8e556e92c8c6db29e13f9f3e.php 第 24 行.
NOTIC: [8] Undefined index: id D:\phpStudy\WWW\Rose\logs\Cache\Wap\b7d919ef8e556e92c8c6db29e13f9f3e.php 第 26 行.
NOTIC: [8] Undefined index: group_name D:\phpStudy\WWW\Rose\logs\Cache\Wap\b7d919ef8e556e92c8c6db29e13f9f3e.php 第 26 行.
NOTIC: [8] Undefined index: acount D:\phpStudy\WWW\Rose\logs\Cache\Wap\b7d919ef8e556e92c8c6db29e13f9f3e.php 第 23 行.
NOTIC: [8] Undefined index: amount D:\phpStudy\WWW\Rose\logs\Cache\Wap\b7d919ef8e556e92c8c6db29e13f9f3e.php 第 24 行.
NOTIC: [8] Undefined index: id D:\phpStudy\WWW\Rose\logs\Cache\Wap\b7d919ef8e556e92c8c6db29e13f9f3e.php 第 26 行.
NOTIC: [8] Undefined index: group_name D:\phpStudy\WWW\Rose\logs\Cache\Wap\b7d919ef8e556e92c8c6db29e13f9f3e.php 第 26 行.
INFO: Run ParseTemplate Behavior [ RunTime:-3.191183s ]
INFO: [ view_parse ] --END-- [ RunTime:0.025001s ]
INFO: [ view_filter ] --START--
INFO: Run ContentReplace Behavior [ RunTime:-3.216184s ]
INFO: Run TokenBuild Behavior [ RunTime:-3.219184s ]
INFO: Run WriteHtmlCache Behavior [ RunTime:-3.220184s ]
INFO: Run ShowRuntime Behavior [ RunTime:-3.222184s ]
INFO: [ view_filter ] --END-- [ RunTime:0.007001s ]
INFO: [ view_end ] --START--
INFO: Run ShowPageTrace Behavior [ RunTime:-3.223185s ]
INFO: [ view_end ] --END-- [ RunTime:0.002000s ]

[ 2017-12-26T16:43:10+08:00 ] ERR: (ThinkException) 无法加载模块:Index
[ 2017-12-26T18:02:00+08:00 ] ERR: (ThinkException) 无法加载模块:Index
