[ 2017-12-13T10:42:25+08:00 ] 0.0.0.0 /Rose/index.php?g=Wap&m=Glass&a=index&openid=odOIPv9UcOs4N_jKX0JECOwADE7s&scan_code=ARSG1234
INFO: [ app_begin ] --START--
INFO: Run ReadHtmlCache Behavior [ RunTime:0.064004s ]
INFO: [ app_begin ] --END-- [ RunTime:0.144008s ]
SQL: SHOW COLUMNS FROM `device_info` [ RunTime:0.585033s ]
SQL: SELECT * FROM `device_info` WHERE ( `scan_code` = 'ARSG1234' ) AND ( `device_status` = 1 ) AND ( `del_flag` = 0 ) LIMIT 1   [ RunTime:0.002000s ]
SQL: SHOW COLUMNS FROM `device_relation_group` [ RunTime:0.501029s ]
SQL: SELECT * FROM `device_relation_group` WHERE ( `di_id` = '2017113014_AF11210C3D981654383C2FAD8283BD7E' ) AND ( `del_flag` = 0 ) AND ( `device_type` = 9 ) LIMIT 1   [ RunTime:0.020001s ]
SQL: SHOW COLUMNS FROM `sys_user` [ RunTime:0.007001s ]
SQL: SELECT su.phone FROM sys_user su LEFT JOIN device_info di on di.owner_id=su.id WHERE ( di.scan_code = 'ARSG1234' ) AND ( di.del_flag = 0 ) AND ( su.del_flag = 0 ) LIMIT 1   [ RunTime:0.000000s ]
INFO: [ view_template ] --START--
INFO: Run LocationTemplate Behavior [ RunTime:-16.851964s ]
INFO: [ view_template ] --END-- [ RunTime:0.074004s ]
INFO: [ view_parse ] --START--
NOTIC: [8] Undefined variable: result D:\phpStudy\WWW\Rose\logs\Cache\Wap\bcf73615984b3058bc150c1b35567356.php 第 74 行.
NOTIC: [8] Undefined variable: openid D:\phpStudy\WWW\Rose\logs\Cache\Wap\bcf73615984b3058bc150c1b35567356.php 第 74 行.
NOTIC: [8] Undefined variable: result D:\phpStudy\WWW\Rose\logs\Cache\Wap\bcf73615984b3058bc150c1b35567356.php 第 81 行.
NOTIC: [8] Undefined variable: openid D:\phpStudy\WWW\Rose\logs\Cache\Wap\bcf73615984b3058bc150c1b35567356.php 第 83 行.
NOTIC: [8] Use of undefined constant wechat - assumed 'wechat' D:\phpStudy\WWW\Rose\logs\Cache\Wap\bcf73615984b3058bc150c1b35567356.php 第 86 行.
NOTIC: [8] Undefined variable: buyer_id D:\phpStudy\WWW\Rose\logs\Cache\Wap\bcf73615984b3058bc150c1b35567356.php 第 88 行.
NOTIC: [8] Undefined variable: openid D:\phpStudy\WWW\Rose\logs\Cache\Wap\bcf73615984b3058bc150c1b35567356.php 第 97 行.
NOTIC: [8] Undefined variable: buyer_id D:\phpStudy\WWW\Rose\logs\Cache\Wap\bcf73615984b3058bc150c1b35567356.php 第 98 行.
INFO: Run ParseTemplate Behavior [ RunTime:-16.925968s ]
INFO: [ view_parse ] --END-- [ RunTime:0.243014s ]
INFO: [ view_filter ] --START--
INFO: Run ContentReplace Behavior [ RunTime:-17.168982s ]
INFO: Run TokenBuild Behavior [ RunTime:-17.193983s ]
INFO: Run WriteHtmlCache Behavior [ RunTime:-17.206984s ]
INFO: Run ShowRuntime Behavior [ RunTime:-17.245986s ]
INFO: [ view_filter ] --END-- [ RunTime:0.139008s ]
INFO: [ view_end ] --START--
INFO: Run ShowPageTrace Behavior [ RunTime:-17.307990s ]
INFO: [ view_end ] --END-- [ RunTime:0.042002s ]

