[ 2017-10-23T09:49:00+08:00 ] 0.0.0.0 /Rose/index.php?g=Wap&m=VendLogin&a=login
INFO: [ app_begin ] --START--
INFO: Run ReadHtmlCache Behavior [ RunTime:0.001000s ]
INFO: [ app_begin ] --END-- [ RunTime:0.001000s ]
NOTIC: [8] A session had already been started - ignoring session_start() D:\phpStudy\WWW\Rose\Lib\Action\Wap\VendLoginAction.class.php 第 2 行.
INFO: [ view_template ] --START--
INFO: Run LocationTemplate Behavior [ RunTime:-0.083005s ]
INFO: [ view_template ] --END-- [ RunTime:0.055003s ]
INFO: [ view_parse ] --START--
INFO: Run ParseTemplate Behavior [ RunTime:-0.138008s ]
INFO: [ view_parse ] --END-- [ RunTime:0.273016s ]
INFO: [ view_filter ] --START--
INFO: Run ContentReplace Behavior [ RunTime:-0.411024s ]
INFO: Run TokenBuild Behavior [ RunTime:-0.451026s ]
INFO: Run WriteHtmlCache Behavior [ RunTime:-0.483028s ]
INFO: Run ShowRuntime Behavior [ RunTime:-0.511029s ]
INFO: [ view_filter ] --END-- [ RunTime:0.113006s ]
INFO: [ view_end ] --START--
INFO: Run ShowPageTrace Behavior [ RunTime:-0.525030s ]
INFO: [ view_end ] --END-- [ RunTime:0.010001s ]

[ 2017-10-23T15:07:52+08:00 ] 0.0.0.0 /Rose/index.php?g=Wap&m=VendLogin&a=login
INFO: [ app_begin ] --START--
INFO: Run ReadHtmlCache Behavior [ RunTime:0.031002s ]
INFO: [ app_begin ] --END-- [ RunTime:0.031002s ]
NOTIC: [8] A session had already been started - ignoring session_start() D:\phpStudy\WWW\Rose\Lib\Action\Wap\VendLoginAction.class.php 第 2 行.
INFO: [ view_template ] --START--
INFO: Run LocationTemplate Behavior [ RunTime:-0.068004s ]
INFO: [ view_template ] --END-- [ RunTime:0.009000s ]
INFO: [ view_parse ] --START--
INFO: Run ParseTemplate Behavior [ RunTime:-0.077004s ]
INFO: [ view_parse ] --END-- [ RunTime:0.049003s ]
INFO: [ view_filter ] --START--
INFO: Run ContentReplace Behavior [ RunTime:-0.126007s ]
INFO: Run TokenBuild Behavior [ RunTime:-0.128007s ]
INFO: Run WriteHtmlCache Behavior [ RunTime:-0.130007s ]
INFO: Run ShowRuntime Behavior [ RunTime:-0.132007s ]
INFO: [ view_filter ] --END-- [ RunTime:0.009000s ]
INFO: [ view_end ] --START--
INFO: Run ShowPageTrace Behavior [ RunTime:-0.135007s ]
INFO: [ view_end ] --END-- [ RunTime:0.003001s ]

[ 2017-10-23T15:09:19+08:00 ] 0.0.0.0 /Rose/index.php?g=Wap&m=Vendmanage&a=index
INFO: [ app_begin ] --START--
INFO: Run ReadHtmlCache Behavior [ RunTime:0.001000s ]
INFO: [ app_begin ] --END-- [ RunTime:0.001000s ]
NOTIC: [8] A session had already been started - ignoring session_start() D:\phpStudy\WWW\Rose\Lib\Action\Wap\VendmanageAction.class.php 第 2 行.
NOTIC: [8] A session had already been started - ignoring session_start() D:\phpStudy\WWW\Rose\Lib\Action\VendinghomeAction.class.php 第 2 行.
SQL: SHOW COLUMNS FROM `sys_user` [ RunTime:0.018001s ]
SQL: SELECT * FROM `sys_user` WHERE ( `del_flag` = 0 ) AND ( `openid` = 'odOIPv8267xTj4vLdcQ2xNb3Divo' ) AND ( `no` = '售货机' ) AND ( `id` = '2017091315_7D29AF66AE2DBB98A0718A6D9B90FCE1' ) LIMIT 1   [ RunTime:0.001000s ]
NOTIC: [8] Trying to get property of non-object D:\phpStudy\WWW\Rose\Core\Extend\Vendor\weixin\jssdk.php 第 75 行.
NOTIC: [8] Trying to get property of non-object D:\phpStudy\WWW\Rose\Core\Extend\Vendor\weixin\jssdk.php 第 53 行.
SQL: SHOW COLUMNS FROM `goods_consume_rec` [ RunTime:0.021001s ]
SQL: SELECT SUM(consume_account) AS tp_sum FROM `goods_consume_rec` WHERE ( `type` = '1' ) AND ( `owner_id` = '2017091315_7D29AF66AE2DBB98A0718A6D9B90FCE1' ) AND ( `command_status` = '2' ) AND ( `is_close` = '0' ) AND ( `del_flag` = '0' ) LIMIT 1   [ RunTime:0.000000s ]
SQL: SELECT SUM(consume_account) AS tp_sum FROM `goods_consume_rec` WHERE ( `type` = '2' ) AND ( `owner_id` = '2017091315_7D29AF66AE2DBB98A0718A6D9B90FCE1' ) AND ( `command_status` = '2' ) AND ( `is_close` = '0' ) AND ( `del_flag` = '0' ) LIMIT 1   [ RunTime:0.000000s ]
SQL: SHOW COLUMNS FROM `goods_rose_consume_rec` [ RunTime:0.011001s ]
SQL: SELECT SUM(consume_account) AS tp_sum FROM `goods_rose_consume_rec` WHERE ( `type` = '1' ) AND ( `owner_id` = '2017091315_7D29AF66AE2DBB98A0718A6D9B90FCE1' ) AND ( `command_status` = '2' ) AND ( `is_close` = '0' ) AND ( `del_flag` = '0' ) LIMIT 1   [ RunTime:0.001000s ]
SQL: SELECT SUM(consume_account) AS tp_sum FROM `goods_rose_consume_rec` WHERE ( `type` = '2' ) AND ( `owner_id` = '2017091315_7D29AF66AE2DBB98A0718A6D9B90FCE1' ) AND ( `command_status` = '2' ) AND ( `is_close` = '0' ) AND ( `del_flag` = '0' ) LIMIT 1   [ RunTime:0.000000s ]
SQL: UPDATE `sys_user` SET `vend_total`=10.4 WHERE ( `del_flag` = 0 ) AND ( `id` = '2017091315_7D29AF66AE2DBB98A0718A6D9B90FCE1' ) [ RunTime:0.043002s ]
INFO: [ view_template ] --START--
INFO: Run LocationTemplate Behavior [ RunTime:-1.661095s ]
INFO: [ view_template ] --END-- [ RunTime:0.023002s ]
INFO: [ view_parse ] --START--
INFO: Run ParseTemplate Behavior [ RunTime:-1.684097s ]
INFO: [ view_parse ] --END-- [ RunTime:0.033001s ]
INFO: [ view_filter ] --START--
INFO: Run ContentReplace Behavior [ RunTime:-1.717098s ]
INFO: Run TokenBuild Behavior [ RunTime:-1.718098s ]
INFO: Run WriteHtmlCache Behavior [ RunTime:-1.719099s ]
INFO: Run ShowRuntime Behavior [ RunTime:-1.719099s ]
INFO: [ view_filter ] --END-- [ RunTime:0.003001s ]
INFO: [ view_end ] --START--
INFO: Run ShowPageTrace Behavior [ RunTime:-1.720099s ]
INFO: [ view_end ] --END-- [ RunTime:0.001000s ]

[ 2017-10-23T15:09:42+08:00 ] 0.0.0.0 /Rose/index.php?g=Wap&m=Vendmanage&a=weixin_all
INFO: [ app_begin ] --START--
INFO: Run ReadHtmlCache Behavior [ RunTime:0.001000s ]
INFO: [ app_begin ] --END-- [ RunTime:0.001000s ]
NOTIC: [8] A session had already been started - ignoring session_start() D:\phpStudy\WWW\Rose\Lib\Action\Wap\VendmanageAction.class.php 第 2 行.
NOTIC: [8] A session had already been started - ignoring session_start() D:\phpStudy\WWW\Rose\Lib\Action\VendinghomeAction.class.php 第 2 行.
SQL: SHOW COLUMNS FROM `sys_user` [ RunTime:0.011001s ]
SQL: SELECT * FROM `sys_user` WHERE ( `del_flag` = 0 ) AND ( `openid` = 'odOIPv8267xTj4vLdcQ2xNb3Divo' ) AND ( `no` = '售货机' ) AND ( `id` = '2017091315_7D29AF66AE2DBB98A0718A6D9B90FCE1' ) LIMIT 1   [ RunTime:0.001000s ]
NOTIC: [8] Trying to get property of non-object D:\phpStudy\WWW\Rose\Core\Extend\Vendor\weixin\jssdk.php 第 75 行.
NOTIC: [8] Trying to get property of non-object D:\phpStudy\WWW\Rose\Core\Extend\Vendor\weixin\jssdk.php 第 53 行.
SQL: SHOW COLUMNS FROM `goods_consume_rec` [ RunTime:0.008001s ]
SQL: SELECT * FROM `goods_consume_rec` WHERE ( `del_flag` = '0' ) AND ( `owner_id` = '2017091315_7D29AF66AE2DBB98A0718A6D9B90FCE1' ) AND ( `type` = '1' ) AND ( `command_status` = '2' ) AND ( `consume_account` >= '1' )  [ RunTime:0.000000s ]
INFO: [ view_template ] --START--
INFO: Run LocationTemplate Behavior [ RunTime:-1.276073s ]
INFO: [ view_template ] --END-- [ RunTime:0.002000s ]
INFO: [ view_parse ] --START--
INFO: Run ParseTemplate Behavior [ RunTime:-1.278073s ]
INFO: [ view_parse ] --END-- [ RunTime:0.030002s ]
INFO: [ view_filter ] --START--
INFO: Run ContentReplace Behavior [ RunTime:-1.308075s ]
INFO: Run TokenBuild Behavior [ RunTime:-1.309075s ]
INFO: Run WriteHtmlCache Behavior [ RunTime:-1.309075s ]
INFO: Run ShowRuntime Behavior [ RunTime:-1.310075s ]
INFO: [ view_filter ] --END-- [ RunTime:0.003000s ]
INFO: [ view_end ] --START--
INFO: Run ShowPageTrace Behavior [ RunTime:-1.311075s ]
INFO: [ view_end ] --END-- [ RunTime:0.001000s ]

[ 2017-10-23T15:10:05+08:00 ] 0.0.0.0 /Rose/index.php?g=Wap&m=Vendmanage&a=device_list
INFO: [ app_begin ] --START--
INFO: Run ReadHtmlCache Behavior [ RunTime:0.002000s ]
INFO: [ app_begin ] --END-- [ RunTime:0.002000s ]
NOTIC: [8] A session had already been started - ignoring session_start() D:\phpStudy\WWW\Rose\Lib\Action\Wap\VendmanageAction.class.php 第 2 行.
NOTIC: [8] A session had already been started - ignoring session_start() D:\phpStudy\WWW\Rose\Lib\Action\VendinghomeAction.class.php 第 2 行.
SQL: SHOW COLUMNS FROM `sys_user` [ RunTime:0.009001s ]
SQL: SELECT * FROM `sys_user` WHERE ( `del_flag` = 0 ) AND ( `openid` = 'odOIPv8267xTj4vLdcQ2xNb3Divo' ) AND ( `no` = '售货机' ) AND ( `id` = '2017091315_7D29AF66AE2DBB98A0718A6D9B90FCE1' ) LIMIT 1   [ RunTime:0.000000s ]
NOTIC: [8] Trying to get property of non-object D:\phpStudy\WWW\Rose\Core\Extend\Vendor\weixin\jssdk.php 第 75 行.
NOTIC: [8] Trying to get property of non-object D:\phpStudy\WWW\Rose\Core\Extend\Vendor\weixin\jssdk.php 第 53 行.
SQL: SHOW COLUMNS FROM `goods_vending` [ RunTime:0.009000s ]
SQL: SELECT * FROM `goods_vending` WHERE ( `del_flag` = '0' ) AND ( `owner_id` = '2017091315_7D29AF66AE2DBB98A0718A6D9B90FCE1' )  [ RunTime:0.000000s ]
INFO: [ view_template ] --START--
INFO: Run LocationTemplate Behavior [ RunTime:-1.280073s ]
INFO: [ view_template ] --END-- [ RunTime:0.010001s ]
INFO: [ view_parse ] --START--
INFO: Run ParseTemplate Behavior [ RunTime:-1.291074s ]
INFO: [ view_parse ] --END-- [ RunTime:0.032002s ]
INFO: [ view_filter ] --START--
INFO: Run ContentReplace Behavior [ RunTime:-1.322076s ]
INFO: Run TokenBuild Behavior [ RunTime:-1.323076s ]
INFO: Run WriteHtmlCache Behavior [ RunTime:-1.324076s ]
INFO: Run ShowRuntime Behavior [ RunTime:-1.325076s ]
INFO: [ view_filter ] --END-- [ RunTime:0.003000s ]
INFO: [ view_end ] --START--
INFO: Run ShowPageTrace Behavior [ RunTime:-1.325076s ]
INFO: [ view_end ] --END-- [ RunTime:0.002000s ]

[ 2017-10-23T15:10:23+08:00 ] 0.0.0.0 /Rose/index.php?g=Wap&m=Vendmanage&a=personal
INFO: [ app_begin ] --START--
INFO: Run ReadHtmlCache Behavior [ RunTime:0.001000s ]
INFO: [ app_begin ] --END-- [ RunTime:0.001000s ]
NOTIC: [8] A session had already been started - ignoring session_start() D:\phpStudy\WWW\Rose\Lib\Action\Wap\VendmanageAction.class.php 第 2 行.
NOTIC: [8] A session had already been started - ignoring session_start() D:\phpStudy\WWW\Rose\Lib\Action\VendinghomeAction.class.php 第 2 行.
SQL: SHOW COLUMNS FROM `sys_user` [ RunTime:0.009000s ]
SQL: SELECT * FROM `sys_user` WHERE ( `del_flag` = 0 ) AND ( `openid` = 'odOIPv8267xTj4vLdcQ2xNb3Divo' ) AND ( `no` = '售货机' ) AND ( `id` = '2017091315_7D29AF66AE2DBB98A0718A6D9B90FCE1' ) LIMIT 1   [ RunTime:0.001000s ]
NOTIC: [8] Trying to get property of non-object D:\phpStudy\WWW\Rose\Core\Extend\Vendor\weixin\jssdk.php 第 75 行.
NOTIC: [8] Trying to get property of non-object D:\phpStudy\WWW\Rose\Core\Extend\Vendor\weixin\jssdk.php 第 53 行.
SQL: SHOW COLUMNS FROM `goods_consume_rec` [ RunTime:0.008001s ]
SQL: SELECT SUM(consume_account) AS tp_sum FROM `goods_consume_rec` WHERE ( `create_date` >= '2017-10-23 00:00:00' ) AND ( `command_status` = 2 ) AND ( `del_flag` = 0 ) AND ( `owner_id` = '2017091315_7D29AF66AE2DBB98A0718A6D9B90FCE1' ) LIMIT 1   [ RunTime:0.004000s ]
SQL: SELECT SUM(vend_total-vend_consume) AS tp_sum FROM `sys_user` WHERE ( `del_flag` = 0 ) AND ( `id` = '2017091315_7D29AF66AE2DBB98A0718A6D9B90FCE1' ) LIMIT 1   [ RunTime:0.014001s ]
NOTIC: [2] trim() expects parameter 1 to be string, array given D:\phpStudy\WWW\Rose\Core\Lib\Core\Db.class.php 第 459 行.
SQL: SELECT SUM(consume_account) AS tp_sum FROM `goods_consume_rec` WHERE ( (`create_date` >= '2017-10')  ) AND ( `command_status` = 2 ) AND ( `del_flag` = 0 ) AND ( `owner_id` = '2017091315_7D29AF66AE2DBB98A0718A6D9B90FCE1' ) LIMIT 1   [ RunTime:0.002000s ]
SQL: SELECT sum(consume_account) as count FROM `goods_consume_rec` WHERE ( `command_status` = 2 ) AND ( `del_flag` = 0 ) AND ( `owner_id` = '2017091315_7D29AF66AE2DBB98A0718A6D9B90FCE1' ) GROUP BY deivce_code ORDER BY count desc LIMIT 1   [ RunTime:0.001000s ]
SQL: SHOW COLUMNS FROM `goods_vending` [ RunTime:0.008000s ]
SQL: SELECT sum(1) as count,`online_status` FROM `goods_vending` WHERE ( `del_flag` = 0 ) AND ( `owner_id` = '2017091315_7D29AF66AE2DBB98A0718A6D9B90FCE1' ) GROUP BY online_status ORDER BY online_status asc  [ RunTime:0.001000s ]
INFO: [ view_template ] --START--
INFO: Run LocationTemplate Behavior [ RunTime:-1.298074s ]
INFO: [ view_template ] --END-- [ RunTime:0.009001s ]
INFO: [ view_parse ] --START--
NOTIC: [8] Undefined variable: rose D:\phpStudy\WWW\Rose\logs\Cache\Wap\0d24bcd97e63343c12b935aa0d6975b0.php 第 146 行.
NOTIC: [8] Undefined variable: scan_code D:\phpStudy\WWW\Rose\logs\Cache\Wap\0d24bcd97e63343c12b935aa0d6975b0.php 第 157 行.
INFO: Run ParseTemplate Behavior [ RunTime:-1.307075s ]
INFO: [ view_parse ] --END-- [ RunTime:0.044002s ]
INFO: [ view_filter ] --START--
INFO: Run ContentReplace Behavior [ RunTime:-1.351077s ]
INFO: Run TokenBuild Behavior [ RunTime:-1.352077s ]
INFO: Run WriteHtmlCache Behavior [ RunTime:-1.353077s ]
INFO: Run ShowRuntime Behavior [ RunTime:-1.354077s ]
INFO: [ view_filter ] --END-- [ RunTime:0.004001s ]
INFO: [ view_end ] --START--
INFO: Run ShowPageTrace Behavior [ RunTime:-1.355078s ]
INFO: [ view_end ] --END-- [ RunTime:0.002000s ]

[ 2017-10-23T15:10:43+08:00 ] 0.0.0.0 /Rose/index.php?g=Wap&m=Vendmanage&a=index
INFO: [ app_begin ] --START--
INFO: Run ReadHtmlCache Behavior [ RunTime:0.001000s ]
INFO: [ app_begin ] --END-- [ RunTime:0.001000s ]
NOTIC: [8] A session had already been started - ignoring session_start() D:\phpStudy\WWW\Rose\Lib\Action\Wap\VendmanageAction.class.php 第 2 行.
NOTIC: [8] A session had already been started - ignoring session_start() D:\phpStudy\WWW\Rose\Lib\Action\VendinghomeAction.class.php 第 2 行.
SQL: SHOW COLUMNS FROM `sys_user` [ RunTime:0.012001s ]
SQL: SELECT * FROM `sys_user` WHERE ( `del_flag` = 0 ) AND ( `openid` = 'odOIPv8267xTj4vLdcQ2xNb3Divo' ) AND ( `no` = '售货机' ) AND ( `id` = '2017091315_7D29AF66AE2DBB98A0718A6D9B90FCE1' ) LIMIT 1   [ RunTime:0.001000s ]
NOTIC: [8] Trying to get property of non-object D:\phpStudy\WWW\Rose\Core\Extend\Vendor\weixin\jssdk.php 第 75 行.
NOTIC: [8] Trying to get property of non-object D:\phpStudy\WWW\Rose\Core\Extend\Vendor\weixin\jssdk.php 第 53 行.
SQL: SHOW COLUMNS FROM `goods_consume_rec` [ RunTime:0.009000s ]
SQL: SELECT SUM(consume_account) AS tp_sum FROM `goods_consume_rec` WHERE ( `type` = '1' ) AND ( `owner_id` = '2017091315_7D29AF66AE2DBB98A0718A6D9B90FCE1' ) AND ( `command_status` = '2' ) AND ( `is_close` = '0' ) AND ( `del_flag` = '0' ) LIMIT 1   [ RunTime:0.001000s ]
SQL: SELECT SUM(consume_account) AS tp_sum FROM `goods_consume_rec` WHERE ( `type` = '2' ) AND ( `owner_id` = '2017091315_7D29AF66AE2DBB98A0718A6D9B90FCE1' ) AND ( `command_status` = '2' ) AND ( `is_close` = '0' ) AND ( `del_flag` = '0' ) LIMIT 1   [ RunTime:0.002000s ]
SQL: SHOW COLUMNS FROM `goods_rose_consume_rec` [ RunTime:0.013001s ]
SQL: SELECT SUM(consume_account) AS tp_sum FROM `goods_rose_consume_rec` WHERE ( `type` = '1' ) AND ( `owner_id` = '2017091315_7D29AF66AE2DBB98A0718A6D9B90FCE1' ) AND ( `command_status` = '2' ) AND ( `is_close` = '0' ) AND ( `del_flag` = '0' ) LIMIT 1   [ RunTime:0.001000s ]
SQL: SELECT SUM(consume_account) AS tp_sum FROM `goods_rose_consume_rec` WHERE ( `type` = '2' ) AND ( `owner_id` = '2017091315_7D29AF66AE2DBB98A0718A6D9B90FCE1' ) AND ( `command_status` = '2' ) AND ( `is_close` = '0' ) AND ( `del_flag` = '0' ) LIMIT 1   [ RunTime:0.000000s ]
SQL: UPDATE `sys_user` SET `vend_total`=10.4 WHERE ( `del_flag` = 0 ) AND ( `id` = '2017091315_7D29AF66AE2DBB98A0718A6D9B90FCE1' ) [ RunTime:0.050003s ]
INFO: [ view_template ] --START--
INFO: Run LocationTemplate Behavior [ RunTime:-1.768101s ]
INFO: [ view_template ] --END-- [ RunTime:0.001000s ]
INFO: [ view_parse ] --START--
INFO: Run ParseTemplate Behavior [ RunTime:-1.770101s ]
INFO: [ view_parse ] --END-- [ RunTime:0.011001s ]
INFO: [ view_filter ] --START--
INFO: Run ContentReplace Behavior [ RunTime:-1.781102s ]
INFO: Run TokenBuild Behavior [ RunTime:-1.781102s ]
INFO: Run WriteHtmlCache Behavior [ RunTime:-1.782102s ]
INFO: Run ShowRuntime Behavior [ RunTime:-1.782102s ]
INFO: [ view_filter ] --END-- [ RunTime:0.002000s ]
INFO: [ view_end ] --START--
INFO: Run ShowPageTrace Behavior [ RunTime:-1.783102s ]
INFO: [ view_end ] --END-- [ RunTime:0.001000s ]

[ 2017-10-23T15:10:49+08:00 ] 0.0.0.0 /Rose/index.php?g=Wap&m=Vendmanage&a=shop_manage
INFO: [ app_begin ] --START--
INFO: Run ReadHtmlCache Behavior [ RunTime:0.001000s ]
INFO: [ app_begin ] --END-- [ RunTime:0.001000s ]
NOTIC: [8] A session had already been started - ignoring session_start() D:\phpStudy\WWW\Rose\Lib\Action\Wap\VendmanageAction.class.php 第 2 行.
NOTIC: [8] A session had already been started - ignoring session_start() D:\phpStudy\WWW\Rose\Lib\Action\VendinghomeAction.class.php 第 2 行.
SQL: SHOW COLUMNS FROM `sys_user` [ RunTime:0.015001s ]
SQL: SELECT * FROM `sys_user` WHERE ( `del_flag` = 0 ) AND ( `openid` = 'odOIPv8267xTj4vLdcQ2xNb3Divo' ) AND ( `no` = '售货机' ) AND ( `id` = '2017091315_7D29AF66AE2DBB98A0718A6D9B90FCE1' ) LIMIT 1   [ RunTime:0.001000s ]
NOTIC: [8] Trying to get property of non-object D:\phpStudy\WWW\Rose\Core\Extend\Vendor\weixin\jssdk.php 第 75 行.
NOTIC: [8] Trying to get property of non-object D:\phpStudy\WWW\Rose\Core\Extend\Vendor\weixin\jssdk.php 第 53 行.
SQL: SHOW COLUMNS FROM `goods_shop` [ RunTime:0.012000s ]
SQL: SELECT * FROM `goods_shop` WHERE ( `owner_id` = '2017091315_7D29AF66AE2DBB98A0718A6D9B90FCE1' )  [ RunTime:0.001000s ]
INFO: [ view_template ] --START--
INFO: Run LocationTemplate Behavior [ RunTime:-1.336076s ]
INFO: [ view_template ] --END-- [ RunTime:0.011001s ]
INFO: [ view_parse ] --START--
INFO: Run ParseTemplate Behavior [ RunTime:-1.347077s ]
INFO: [ view_parse ] --END-- [ RunTime:0.033002s ]
INFO: [ view_filter ] --START--
INFO: Run ContentReplace Behavior [ RunTime:-1.380079s ]
INFO: Run TokenBuild Behavior [ RunTime:-1.381079s ]
INFO: Run WriteHtmlCache Behavior [ RunTime:-1.382079s ]
INFO: Run ShowRuntime Behavior [ RunTime:-1.383079s ]
INFO: [ view_filter ] --END-- [ RunTime:0.003000s ]
INFO: [ view_end ] --START--
INFO: Run ShowPageTrace Behavior [ RunTime:-1.383079s ]
INFO: [ view_end ] --END-- [ RunTime:0.001000s ]

[ 2017-10-23T15:11:10+08:00 ] 0.0.0.0 /Rose/index.php?g=Wap&m=Vendmanage&a=update_shop&id=2017091316_773D59E91B226D626E7345BDCB4B4894f
INFO: [ app_begin ] --START--
INFO: Run ReadHtmlCache Behavior [ RunTime:0.000000s ]
INFO: [ app_begin ] --END-- [ RunTime:0.000000s ]
NOTIC: [8] A session had already been started - ignoring session_start() D:\phpStudy\WWW\Rose\Lib\Action\Wap\VendmanageAction.class.php 第 2 行.
NOTIC: [8] A session had already been started - ignoring session_start() D:\phpStudy\WWW\Rose\Lib\Action\VendinghomeAction.class.php 第 2 行.
SQL: SHOW COLUMNS FROM `sys_user` [ RunTime:0.006001s ]
SQL: SELECT * FROM `sys_user` WHERE ( `del_flag` = 0 ) AND ( `openid` = 'odOIPv8267xTj4vLdcQ2xNb3Divo' ) AND ( `no` = '售货机' ) AND ( `id` = '2017091315_7D29AF66AE2DBB98A0718A6D9B90FCE1' ) LIMIT 1   [ RunTime:0.001000s ]
NOTIC: [8] Trying to get property of non-object D:\phpStudy\WWW\Rose\Core\Extend\Vendor\weixin\jssdk.php 第 75 行.
NOTIC: [8] Trying to get property of non-object D:\phpStudy\WWW\Rose\Core\Extend\Vendor\weixin\jssdk.php 第 53 行.
SQL: SHOW COLUMNS FROM `goods_shop` [ RunTime:0.008001s ]
SQL: SELECT * FROM `goods_shop` WHERE ( `id` = '2017091316_773D59E91B226D626E7345BDCB4B4894f' ) AND ( `owner_id` = '2017091315_7D29AF66AE2DBB98A0718A6D9B90FCE1' ) LIMIT 1   [ RunTime:0.000000s ]
INFO: [ view_template ] --START--
INFO: Run LocationTemplate Behavior [ RunTime:-1.266073s ]
INFO: [ view_template ] --END-- [ RunTime:0.012000s ]
INFO: [ view_parse ] --START--
NOTIC: [8] Undefined index: id) D:\phpStudy\WWW\Rose\logs\Cache\Wap\e831db0404a5363390928ef6dcf9a6f8.php 第 107 行.
INFO: Run ParseTemplate Behavior [ RunTime:-1.278073s ]
INFO: [ view_parse ] --END-- [ RunTime:0.026002s ]
INFO: [ view_filter ] --START--
INFO: Run ContentReplace Behavior [ RunTime:-1.304075s ]
INFO: Run TokenBuild Behavior [ RunTime:-1.305075s ]
INFO: Run WriteHtmlCache Behavior [ RunTime:-1.306075s ]
INFO: Run ShowRuntime Behavior [ RunTime:-1.307075s ]
INFO: [ view_filter ] --END-- [ RunTime:0.004000s ]
INFO: [ view_end ] --START--
INFO: Run ShowPageTrace Behavior [ RunTime:-1.308075s ]
INFO: [ view_end ] --END-- [ RunTime:0.001000s ]

[ 2017-10-23T15:11:33+08:00 ] 0.0.0.0 /Rose/index.php?g=Wap&m=Vendmanage&a=statistical
INFO: [ app_begin ] --START--
INFO: Run ReadHtmlCache Behavior [ RunTime:0.001000s ]
INFO: [ app_begin ] --END-- [ RunTime:0.001000s ]
NOTIC: [8] A session had already been started - ignoring session_start() D:\phpStudy\WWW\Rose\Lib\Action\Wap\VendmanageAction.class.php 第 2 行.
NOTIC: [8] A session had already been started - ignoring session_start() D:\phpStudy\WWW\Rose\Lib\Action\VendinghomeAction.class.php 第 2 行.
SQL: SHOW COLUMNS FROM `sys_user` [ RunTime:0.009001s ]
SQL: SELECT * FROM `sys_user` WHERE ( `del_flag` = 0 ) AND ( `openid` = 'odOIPv8267xTj4vLdcQ2xNb3Divo' ) AND ( `no` = '售货机' ) AND ( `id` = '2017091315_7D29AF66AE2DBB98A0718A6D9B90FCE1' ) LIMIT 1   [ RunTime:0.001000s ]
NOTIC: [8] Trying to get property of non-object D:\phpStudy\WWW\Rose\Core\Extend\Vendor\weixin\jssdk.php 第 75 行.
NOTIC: [8] Trying to get property of non-object D:\phpStudy\WWW\Rose\Core\Extend\Vendor\weixin\jssdk.php 第 53 行.
SQL: SHOW COLUMNS FROM `goods_consume_rec` [ RunTime:0.010000s ]
SQL: 
        select MONTH(create_date) as m ,DAY(create_date) days,sum(consume_account) AS counts from goods_consume_rec where  date_sub(curdate(), INTERVAL 30 DAY) <= date(`create_date`)
        and owner_id='2017091315_7D29AF66AE2DBB98A0718A6D9B90FCE1' and del_flag=0 and is_close=0 and command_status=2 group by DAY(create_date) ORDER BY days desc
         [ RunTime:0.020001s ]
SQL: 
        select MONTH(create_date) as m ,DAY(create_date) days,sum(consume_account) AS counts from goods_consume_rec where  date_sub(curdate(), INTERVAL 6 MONTH) <= date(`create_date`)
        and owner_id='2017091315_7D29AF66AE2DBB98A0718A6D9B90FCE1' and del_flag=0 and is_close=0 and command_status=2 group by DAY(create_date) ORDER BY days desc
         [ RunTime:0.001001s ]
INFO: [ view_template ] --START--
INFO: Run LocationTemplate Behavior [ RunTime:-1.462084s ]
INFO: [ view_template ] --END-- [ RunTime:0.001000s ]
INFO: [ view_parse ] --START--
INFO: Run ParseTemplate Behavior [ RunTime:-1.463084s ]
INFO: [ view_parse ] --END-- [ RunTime:0.028001s ]
INFO: [ view_filter ] --START--
INFO: Run ContentReplace Behavior [ RunTime:-1.492085s ]
INFO: Run TokenBuild Behavior [ RunTime:-1.492085s ]
INFO: Run WriteHtmlCache Behavior [ RunTime:-1.493085s ]
INFO: Run ShowRuntime Behavior [ RunTime:-1.494085s ]
INFO: [ view_filter ] --END-- [ RunTime:0.003000s ]
INFO: [ view_end ] --START--
INFO: Run ShowPageTrace Behavior [ RunTime:-1.495085s ]
INFO: [ view_end ] --END-- [ RunTime:0.001001s ]

[ 2017-10-23T15:11:58+08:00 ] 0.0.0.0 /Rose/index.php?g=Wap&m=VendingWeixin&a=index&openid=odOIPv4WtdWt9ebczeYuYByhYr_0&device_code=A352425021222040
INFO: [ app_begin ] --START--
INFO: Run ReadHtmlCache Behavior [ RunTime:0.000000s ]
INFO: [ app_begin ] --END-- [ RunTime:0.000000s ]
NOTIC: [8] Trying to get property of non-object D:\phpStudy\WWW\Rose\Core\Extend\Vendor\weixin\jssdk.php 第 75 行.
NOTIC: [8] Trying to get property of non-object D:\phpStudy\WWW\Rose\Core\Extend\Vendor\weixin\jssdk.php 第 53 行.
SQL: SHOW COLUMNS FROM `goods_weixin_alipay_pay_rec` [ RunTime:0.007000s ]
SQL: SELECT SUM(pay_account) AS tp_sum FROM `goods_weixin_alipay_pay_rec` WHERE ( `wechat_alipay_id` = 'odOIPv4WtdWt9ebczeYuYByhYr_0' ) AND ( `pay_status` = '1' ) AND ( `is_close` = '0' ) AND ( `del_flag` = '0' ) AND ( `type` = '1' ) LIMIT 1   [ RunTime:0.000000s ]
SQL: SHOW COLUMNS FROM `goods_consume_rec` [ RunTime:0.012001s ]
SQL: SELECT SUM(consume_account) AS tp_sum FROM `goods_consume_rec` WHERE ( `type` = '1' ) AND ( `wechat_alipay_id` = 'odOIPv4WtdWt9ebczeYuYByhYr_0' ) AND ( `command_status` IN ('1','2') ) AND ( `is_close` = '0' ) AND ( `del_flag` = '0' ) LIMIT 1   [ RunTime:0.001000s ]
SQL: SHOW COLUMNS FROM `goods_rose` [ RunTime:0.010000s ]
SQL: SELECT SUM(account) AS tp_sum FROM `goods_rose` WHERE ( `wechat_alipay_id` = 'odOIPv4WtdWt9ebczeYuYByhYr_0' ) AND ( `status` = '1' ) AND ( `is_close` = '0' ) AND ( `del_flag` = '0' ) AND ( `type` = '1' ) LIMIT 1   [ RunTime:0.000000s ]
SQL: SHOW COLUMNS FROM `goods_rose_consume_rec` [ RunTime:0.008000s ]
SQL: SELECT SUM(consume_account) AS tp_sum FROM `goods_rose_consume_rec` WHERE ( `type` = '1' ) AND ( `wechat_alipay_id` = 'odOIPv4WtdWt9ebczeYuYByhYr_0' ) AND ( `command_status` IN ('1','2') ) AND ( `is_close` = '0' ) AND ( `del_flag` = '0' ) LIMIT 1   [ RunTime:0.000000s ]
SQL: SHOW COLUMNS FROM `goods_vending` [ RunTime:0.008000s ]
SQL: SELECT * FROM `goods_vending` WHERE ( `device_code` = 'A352425021222040' ) AND ( `del_flag` = '0' ) LIMIT 1   [ RunTime:0.000000s ]
SQL: SHOW COLUMNS FROM `goods_huodao` [ RunTime:0.008001s ]
SQL: SELECT gh.number,gh.id as gid,gh.number_order,gs.id,gh.shop_number,gh.shop_price,gh.toubi_price,gh.status,gs.name,gs.image FROM goods_huodao gh LEFT JOIN goods_shop gs on gh.shop_id=gs.id WHERE ( gh.shipment_id = '2017091316_B93FDE7CBB8F76AA025D5D94E90F6538' ) ORDER BY gh.number asc  [ RunTime:0.001000s ]
INFO: [ view_template ] --START--
INFO: Run LocationTemplate Behavior [ RunTime:-2.748157s ]
INFO: [ view_template ] --END-- [ RunTime:0.017001s ]
INFO: [ view_parse ] --START--
INFO: Run ParseTemplate Behavior [ RunTime:-2.765158s ]
INFO: [ view_parse ] --END-- [ RunTime:0.042002s ]
INFO: [ view_filter ] --START--
INFO: Run ContentReplace Behavior [ RunTime:-2.807160s ]
INFO: Run TokenBuild Behavior [ RunTime:-2.808160s ]
INFO: Run WriteHtmlCache Behavior [ RunTime:-2.809160s ]
INFO: Run ShowRuntime Behavior [ RunTime:-2.810161s ]
INFO: [ view_filter ] --END-- [ RunTime:0.004001s ]
INFO: [ view_end ] --START--
INFO: Run ShowPageTrace Behavior [ RunTime:-2.811161s ]
INFO: [ view_end ] --END-- [ RunTime:0.001000s ]

[ 2017-10-23T15:12:53+08:00 ] 0.0.0.0 /Rose/index.php?g=Wap&m=VendingWeixin&a=balance_recharge&openid=odOIPv4WtdWt9ebczeYuYByhYr_0&device_code=A352425021222040&owner_id=e9abb65c0749415aa3293af5c418ad80&count=5.3
INFO: [ app_begin ] --START--
INFO: Run ReadHtmlCache Behavior [ RunTime:0.001000s ]
INFO: [ app_begin ] --END-- [ RunTime:0.001000s ]
NOTIC: [8] Trying to get property of non-object D:\phpStudy\WWW\Rose\Core\Extend\Vendor\weixin\jssdk.php 第 75 行.
NOTIC: [8] Trying to get property of non-object D:\phpStudy\WWW\Rose\Core\Extend\Vendor\weixin\jssdk.php 第 53 行.
SQL: SHOW COLUMNS FROM `goods_rose` [ RunTime:0.014001s ]
SQL: SELECT SUM(account) AS tp_sum FROM `goods_rose` WHERE ( `wechat_alipay_id` = 'odOIPv4WtdWt9ebczeYuYByhYr_0' ) AND ( `status` = '1' ) AND ( `is_close` = '0' ) AND ( `del_flag` = '0' ) AND ( `type` = '1' ) LIMIT 1   [ RunTime:0.001000s ]
SQL: SHOW COLUMNS FROM `goods_rose_consume_rec` [ RunTime:0.008001s ]
SQL: SELECT SUM(consume_account) AS tp_sum FROM `goods_rose_consume_rec` WHERE ( `type` = '1' ) AND ( `wechat_alipay_id` = 'odOIPv4WtdWt9ebczeYuYByhYr_0' ) AND ( `command_status` IN ('1','2') ) AND ( `is_close` = '0' ) AND ( `del_flag` = '0' ) LIMIT 1   [ RunTime:0.001000s ]
SQL: SHOW COLUMNS FROM `goods_vending` [ RunTime:0.011001s ]
SQL: SELECT `pay_price` FROM `goods_vending` WHERE ( `del_flag` = '0' ) AND ( `device_code` = 'A352425021222040' ) LIMIT 1   [ RunTime:0.001000s ]
INFO: [ view_template ] --START--
INFO: Run LocationTemplate Behavior [ RunTime:-2.126122s ]
INFO: [ view_template ] --END-- [ RunTime:0.001000s ]
INFO: [ view_parse ] --START--
INFO: Run ParseTemplate Behavior [ RunTime:-2.127122s ]
INFO: [ view_parse ] --END-- [ RunTime:0.032001s ]
INFO: [ view_filter ] --START--
INFO: Run ContentReplace Behavior [ RunTime:-2.159123s ]
INFO: Run TokenBuild Behavior [ RunTime:-2.159123s ]
INFO: Run WriteHtmlCache Behavior [ RunTime:-2.160124s ]
INFO: Run ShowRuntime Behavior [ RunTime:-2.161124s ]
INFO: [ view_filter ] --END-- [ RunTime:0.002001s ]
INFO: [ view_end ] --START--
INFO: Run ShowPageTrace Behavior [ RunTime:-2.162124s ]
INFO: [ view_end ] --END-- [ RunTime:0.000000s ]

[ 2017-10-23T15:13:17+08:00 ] 0.0.0.0 /Rose/index.php?g=Wap&m=VendingWeixin&a=weixin_pay&openid=odOIPv4WtdWt9ebczeYuYByhYr_0&device_code=A352425021222040
INFO: [ app_begin ] --START--
INFO: Run ReadHtmlCache Behavior [ RunTime:0.001000s ]
INFO: [ app_begin ] --END-- [ RunTime:0.001000s ]
NOTIC: [8] Trying to get property of non-object D:\phpStudy\WWW\Rose\Core\Extend\Vendor\weixin\jssdk.php 第 75 行.
NOTIC: [8] Trying to get property of non-object D:\phpStudy\WWW\Rose\Core\Extend\Vendor\weixin\jssdk.php 第 53 行.
SQL: SHOW COLUMNS FROM `goods_weixin_alipay_pay_rec` [ RunTime:0.016001s ]
SQL: SELECT * FROM `goods_weixin_alipay_pay_rec` WHERE ( `wechat_alipay_id` = 'odOIPv4WtdWt9ebczeYuYByhYr_0' ) AND ( `is_close` = '0' ) AND ( `del_flag` = '0' ) AND ( `type` = '1' ) ORDER BY create_date desc LIMIT 30   [ RunTime:0.001000s ]
INFO: [ view_template ] --START--
INFO: Run LocationTemplate Behavior [ RunTime:-1.735099s ]
INFO: [ view_template ] --END-- [ RunTime:0.009000s ]
INFO: [ view_parse ] --START--
INFO: Run ParseTemplate Behavior [ RunTime:-1.744099s ]
INFO: [ view_parse ] --END-- [ RunTime:0.032002s ]
INFO: [ view_filter ] --START--
INFO: Run ContentReplace Behavior [ RunTime:-1.776101s ]
INFO: Run TokenBuild Behavior [ RunTime:-1.777101s ]
INFO: Run WriteHtmlCache Behavior [ RunTime:-1.778101s ]
INFO: Run ShowRuntime Behavior [ RunTime:-1.778101s ]
INFO: [ view_filter ] --END-- [ RunTime:0.003000s ]
INFO: [ view_end ] --START--
INFO: Run ShowPageTrace Behavior [ RunTime:-1.779101s ]
INFO: [ view_end ] --END-- [ RunTime:0.001000s ]

[ 2017-10-23T15:13:36+08:00 ] 0.0.0.0 /Rose/index.php?g=Wap&m=VendingWeixin&a=weixin_refund&openid=odOIPv4WtdWt9ebczeYuYByhYr_0&device_code=A352425021222040
INFO: [ app_begin ] --START--
INFO: Run ReadHtmlCache Behavior [ RunTime:0.002000s ]
INFO: [ app_begin ] --END-- [ RunTime:0.002000s ]
NOTIC: [8] Trying to get property of non-object D:\phpStudy\WWW\Rose\Core\Extend\Vendor\weixin\jssdk.php 第 75 行.
NOTIC: [8] Trying to get property of non-object D:\phpStudy\WWW\Rose\Core\Extend\Vendor\weixin\jssdk.php 第 53 行.
SQL: SHOW COLUMNS FROM `goods_weixin_alipay_pay_rec` [ RunTime:0.010001s ]
SQL: SELECT SUM(pay_account) AS tp_sum FROM `goods_weixin_alipay_pay_rec` WHERE ( `wechat_alipay_id` = 'odOIPv4WtdWt9ebczeYuYByhYr_0' ) AND ( `pay_status` = '1' ) AND ( `is_close` = '0' ) AND ( `del_flag` = '0' ) AND ( `type` = '1' ) LIMIT 1   [ RunTime:0.001000s ]
SQL: SHOW COLUMNS FROM `goods_consume_rec` [ RunTime:0.013000s ]
SQL: SELECT SUM(consume_account) AS tp_sum FROM `goods_consume_rec` WHERE ( `type` = '1' ) AND ( `wechat_alipay_id` = 'odOIPv4WtdWt9ebczeYuYByhYr_0' ) AND ( `command_status` IN ('1','2') ) AND ( `is_close` = '0' ) AND ( `del_flag` = '0' ) LIMIT 1   [ RunTime:0.001000s ]
INFO: [ view_template ] --START--
INFO: Run LocationTemplate Behavior [ RunTime:-1.740099s ]
INFO: [ view_template ] --END-- [ RunTime:0.001001s ]
INFO: [ view_parse ] --START--
NOTIC: [8] Undefined variable: sums D:\phpStudy\WWW\Rose\logs\Cache\Wap\5bef69ef4653fce2f5273bbd64d9b906.php 第 53 行.
INFO: Run ParseTemplate Behavior [ RunTime:-1.741100s ]
INFO: [ view_parse ] --END-- [ RunTime:0.033001s ]
INFO: [ view_filter ] --START--
INFO: Run ContentReplace Behavior [ RunTime:-1.774101s ]
INFO: Run TokenBuild Behavior [ RunTime:-1.775101s ]
INFO: Run WriteHtmlCache Behavior [ RunTime:-1.776102s ]
INFO: Run ShowRuntime Behavior [ RunTime:-1.777102s ]
INFO: [ view_filter ] --END-- [ RunTime:0.004001s ]
INFO: [ view_end ] --START--
INFO: Run ShowPageTrace Behavior [ RunTime:-1.778102s ]
INFO: [ view_end ] --END-- [ RunTime:0.001000s ]

[ 2017-10-23T15:13:36+08:00 ] ERR: (ThinkException) 无法加载模块:tpl
[ 2017-10-23T15:13:54+08:00 ] 0.0.0.0 /Rose/index.php?g=Wap&m=VendingWeixin&a=weixin_consume&openid=odOIPv4WtdWt9ebczeYuYByhYr_0&device_code=A352425021222040
INFO: [ app_begin ] --START--
INFO: Run ReadHtmlCache Behavior [ RunTime:0.001000s ]
INFO: [ app_begin ] --END-- [ RunTime:0.001000s ]
NOTIC: [8] Trying to get property of non-object D:\phpStudy\WWW\Rose\Core\Extend\Vendor\weixin\jssdk.php 第 75 行.
NOTIC: [8] Trying to get property of non-object D:\phpStudy\WWW\Rose\Core\Extend\Vendor\weixin\jssdk.php 第 53 行.
SQL: SHOW COLUMNS FROM `goods_consume_rec` [ RunTime:0.013001s ]
SQL: SELECT gw.consume_account,gw.command_status,gw.create_date,gs.name FROM goods_consume_rec gw left join goods_shop as gs on gs.id=gw.shop_id WHERE ( gw.type = '1' ) AND ( gw.wechat_alipay_id = 'odOIPv4WtdWt9ebczeYuYByhYr_0' ) AND ( gw.is_close = '0' ) AND ( gw.del_flag = '0' ) ORDER BY gw.create_date desc LIMIT 30   [ RunTime:0.001000s ]
INFO: [ view_template ] --START--
INFO: Run LocationTemplate Behavior [ RunTime:-1.812104s ]
INFO: [ view_template ] --END-- [ RunTime:0.002000s ]
INFO: [ view_parse ] --START--
INFO: Run ParseTemplate Behavior [ RunTime:-1.814104s ]
INFO: [ view_parse ] --END-- [ RunTime:0.017001s ]
INFO: [ view_filter ] --START--
INFO: Run ContentReplace Behavior [ RunTime:-1.831105s ]
INFO: Run TokenBuild Behavior [ RunTime:-1.833105s ]
INFO: Run WriteHtmlCache Behavior [ RunTime:-1.834105s ]
INFO: Run ShowRuntime Behavior [ RunTime:-1.834105s ]
INFO: [ view_filter ] --END-- [ RunTime:0.004000s ]
INFO: [ view_end ] --START--
INFO: Run ShowPageTrace Behavior [ RunTime:-1.835105s ]
INFO: [ view_end ] --END-- [ RunTime:0.001000s ]

[ 2017-10-23T15:14:06+08:00 ] 0.0.0.0 /Rose/index.php?g=Wap&m=VendingWeixin&a=feedback&openid=odOIPv4WtdWt9ebczeYuYByhYr_0&device_code=A352425021222040
INFO: [ app_begin ] --START--
INFO: Run ReadHtmlCache Behavior [ RunTime:0.001000s ]
INFO: [ app_begin ] --END-- [ RunTime:0.001000s ]
NOTIC: [8] Trying to get property of non-object D:\phpStudy\WWW\Rose\Core\Extend\Vendor\weixin\jssdk.php 第 75 行.
NOTIC: [8] Trying to get property of non-object D:\phpStudy\WWW\Rose\Core\Extend\Vendor\weixin\jssdk.php 第 53 行.
INFO: [ view_template ] --START--
INFO: Run LocationTemplate Behavior [ RunTime:-0.721041s ]
INFO: [ view_template ] --END-- [ RunTime:0.028002s ]
INFO: [ view_parse ] --START--
INFO: Run ParseTemplate Behavior [ RunTime:-0.749043s ]
INFO: [ view_parse ] --END-- [ RunTime:0.035002s ]
INFO: [ view_filter ] --START--
INFO: Run ContentReplace Behavior [ RunTime:-0.785045s ]
INFO: Run TokenBuild Behavior [ RunTime:-0.786045s ]
INFO: Run WriteHtmlCache Behavior [ RunTime:-0.787045s ]
INFO: Run ShowRuntime Behavior [ RunTime:-0.789045s ]
INFO: [ view_filter ] --END-- [ RunTime:0.006000s ]
INFO: [ view_end ] --START--
INFO: Run ShowPageTrace Behavior [ RunTime:-0.791045s ]
INFO: [ view_end ] --END-- [ RunTime:0.003001s ]

