[ 2017-10-17T10:04:29+08:00 ] 0.0.0.0 /Rose/index.php?g=Wap&m=Rose2Personal&a=index&openid=odOIPv5RJwDqO94UaCbpKQvdjhLE
INFO: [ app_begin ] --START--
INFO: Run ReadHtmlCache Behavior [ RunTime:0.068004s ]
INFO: [ app_begin ] --END-- [ RunTime:0.118007s ]
NOTIC: [8] A session had already been started - ignoring session_start() D:\phpStudy\WWW\Rose\Lib\Action\Wap\Rose2BaseAction.class.php 第 2 行.
SQL: SHOW COLUMNS FROM `sys_user` [ RunTime:0.535031s ]
SQL: SELECT * FROM `sys_user` WHERE ( `del_flag` = 0 ) AND ( `openid` = 'odOIPv5RJwDqO94UaCbpKQvdjhLE' ) LIMIT 1   [ RunTime:0.001000s ]
NOTIC: [8] Trying to get property of non-object D:\phpStudy\WWW\Rose\Core\Extend\Vendor\weixin\jssdk.php 第 75 行.
NOTIC: [8] Trying to get property of non-object D:\phpStudy\WWW\Rose\Core\Extend\Vendor\weixin\jssdk.php 第 53 行.
SQL: SHOW COLUMNS FROM `weixin_userinfo` [ RunTime:1.187068s ]
SQL: SELECT * FROM `weixin_userinfo` WHERE ( `del_flag` = 0 ) AND ( `from_username` = 'odOIPv5RJwDqO94UaCbpKQvdjhLE' ) LIMIT 1   [ RunTime:0.035002s ]
SQL: SELECT count(*) as adv
            FROM
                `device_info` di
            LEFT JOIN adv_uservisit_rec pwi ON pwi.di_id = di.id
            LEFT JOIN adv_weixin_info awi ON awi.id = pwi.adv_id
            WHERE
                pwi.status = 2
            and pwi.del_flag=0
            and pwi.transfer_status = 0
			and awi.status=1
			and awi.del_flag=0
            AND di.office_id = 'a721bdccfcb44571a48df2065950d05d'
            AND di.del_flag = 0 [ RunTime:0.908052s ]
SQL: SELECT sum(pwi.consume_account) as count
            FROM
                `device_info` di
            LEFT JOIN device_consume_rec pwi ON pwi.di_id = di.id
            WHERE
                pwi.command_status = 2
            and pwi.del_flag=0
            and pwi.type in(1,3,5,9,11,13,15,17)
			and pwi.transfer_status = 0
			and pwi.consume_status = 1
            AND pwi.create_by = '0aff0d6c1d9f4a8694b041b338431927'
            AND di.del_flag = 0 [ RunTime:9.666553s ]
SQL: SELECT sum(pwi.consume_account) as alipay
            FROM
                `device_info` di
            LEFT JOIN device_consume_rec pwi ON pwi.di_id = di.id
            WHERE
                pwi.command_status = 2
            and pwi.del_flag=0
            and pwi.type in(2,4,6,10,12,14,16,18)
			and pwi.transfer_status = 0
			and pwi.consume_status = 1
            AND pwi.create_by = '0aff0d6c1d9f4a8694b041b338431927'
            AND di.del_flag = 0 [ RunTime:0.208011s ]
SQL: SELECT sum(pwi.consume_account) as anm_weixin
            FROM
                `device_info` di
            LEFT JOIN device_consume_rec pwi ON pwi.di_id = di.id
            WHERE
                pwi.command_status = 2
            and pwi.del_flag=0
            and pwi.type=3
			and pwi.transfer_status = 0
            AND di.office_id = 'a721bdccfcb44571a48df2065950d05d'
            AND di.del_flag = 0 [ RunTime:0.221013s ]
SQL: SELECT sum(pwi.consume_account) as anm_alipay
            FROM
                `device_info` di
            LEFT JOIN device_consume_rec pwi ON pwi.di_id = di.id
            WHERE
                pwi.command_status = 2
            and pwi.del_flag=0
            and pwi.type=4
			and pwi.transfer_status = 0
            AND di.office_id = 'a721bdccfcb44571a48df2065950d05d'
            AND di.del_flag = 0 [ RunTime:0.297017s ]
SQL: SHOW COLUMNS FROM `device_info` [ RunTime:0.005000s ]
SQL: SELECT sum(dw.LOC_OP) c from (SELECT * from (SELECT dr.* FROM `device_info` LEFT JOIN device_record
 dr on dr.dev_id=device_info.device_command WHERE ( device_info.del_flag = 0 )
 AND ( device_info.office_id = 'a721bdccfcb44571a48df2065950d05d' ) ORDER BY dr.LOC_OP desc)
 da GROUP BY da.dev_id ORDER BY da.LOC_OP desc) dw [ RunTime:5.232300s ]
SQL: SELECT * FROM `sys_user` WHERE ( `del_flag` = 0 ) AND ( `openid` = 'odOIPv5RJwDqO94UaCbpKQvdjhLE' ) LIMIT 1   [ RunTime:0.000000s ]
SQL: UPDATE `sys_user` SET `totals`=2776 WHERE ( `del_flag` = 0 ) AND ( `id` = '0aff0d6c1d9f4a8694b041b338431927' ) [ RunTime:0.149008s ]
SQL: SELECT SUM(totals-consume) AS tp_sum FROM `sys_user` WHERE ( `del_flag` = 0 ) AND ( `openid` = 'odOIPv5RJwDqO94UaCbpKQvdjhLE' ) LIMIT 1   [ RunTime:0.001000s ]
INFO: [ view_template ] --START--
INFO: Run LocationTemplate Behavior [ RunTime:-21.619236s ]
INFO: [ view_template ] --END-- [ RunTime:0.075005s ]
INFO: [ view_parse ] --START--
INFO: Run ParseTemplate Behavior [ RunTime:-21.694241s ]
INFO: [ view_parse ] --END-- [ RunTime:0.302017s ]
INFO: [ view_filter ] --START--
INFO: Run ContentReplace Behavior [ RunTime:-21.996258s ]
INFO: Run TokenBuild Behavior [ RunTime:-22.011259s ]
INFO: Run WriteHtmlCache Behavior [ RunTime:-22.063262s ]
INFO: Run ShowRuntime Behavior [ RunTime:-22.076263s ]
INFO: [ view_filter ] --END-- [ RunTime:0.146008s ]
INFO: [ view_end ] --START--
INFO: Run ShowPageTrace Behavior [ RunTime:-22.142266s ]
INFO: [ view_end ] --END-- [ RunTime:0.046003s ]

[ 2017-10-17T14:18:55+08:00 ] 0.0.0.0 /Rose/index.php?g=Wap&m=VendLogin&a=login
INFO: [ app_begin ] --START--
INFO: Run ReadHtmlCache Behavior [ RunTime:0.001000s ]
INFO: [ app_begin ] --END-- [ RunTime:0.001000s ]
NOTIC: [8] A session had already been started - ignoring session_start() D:\phpStudy\WWW\Rose\Lib\Action\Wap\VendLoginAction.class.php 第 2 行.
INFO: [ view_template ] --START--
INFO: Run LocationTemplate Behavior [ RunTime:-0.090005s ]
INFO: [ view_template ] --END-- [ RunTime:0.058004s ]
INFO: [ view_parse ] --START--
INFO: Run ParseTemplate Behavior [ RunTime:-0.149009s ]
INFO: [ view_parse ] --END-- [ RunTime:0.126007s ]
INFO: [ view_filter ] --START--
INFO: Run ContentReplace Behavior [ RunTime:-0.275016s ]
INFO: Run TokenBuild Behavior [ RunTime:-0.280016s ]
INFO: Run WriteHtmlCache Behavior [ RunTime:-0.283016s ]
INFO: Run ShowRuntime Behavior [ RunTime:-0.284017s ]
INFO: [ view_filter ] --END-- [ RunTime:0.010001s ]
INFO: [ view_end ] --START--
INFO: Run ShowPageTrace Behavior [ RunTime:-0.285017s ]
INFO: [ view_end ] --END-- [ RunTime:0.002000s ]

[ 2017-10-17T14:19:16+08:00 ] 0.0.0.0 /Rose/index.php?g=Wap&m=Vendmanage&a=index
INFO: [ app_begin ] --START--
INFO: Run ReadHtmlCache Behavior [ RunTime:0.001000s ]
INFO: [ app_begin ] --END-- [ RunTime:0.001000s ]
NOTIC: [8] A session had already been started - ignoring session_start() D:\phpStudy\WWW\Rose\Lib\Action\Wap\VendmanageAction.class.php 第 2 行.
NOTIC: [8] A session had already been started - ignoring session_start() D:\phpStudy\WWW\Rose\Lib\Action\VendinghomeAction.class.php 第 2 行.
SQL: SHOW COLUMNS FROM `sys_user` [ RunTime:0.013001s ]
SQL: SELECT * FROM `sys_user` WHERE ( `del_flag` = 0 ) AND ( `openid` = 'odOIPv8267xTj4vLdcQ2xNb3Divo' ) AND ( `no` = '售货机' ) AND ( `id` = '2017091315_7D29AF66AE2DBB98A0718A6D9B90FCE1' ) LIMIT 1   [ RunTime:0.001000s ]
NOTIC: [8] Trying to get property of non-object D:\phpStudy\WWW\Rose\Core\Extend\Vendor\weixin\jssdk.php 第 75 行.
NOTIC: [8] Trying to get property of non-object D:\phpStudy\WWW\Rose\Core\Extend\Vendor\weixin\jssdk.php 第 53 行.
SQL: SHOW COLUMNS FROM `goods_consume_rec` [ RunTime:0.086005s ]
SQL: SELECT SUM(consume_account) AS tp_sum FROM `goods_consume_rec` WHERE ( `type` = '1' ) AND ( `owner_id` = '2017091315_7D29AF66AE2DBB98A0718A6D9B90FCE1' ) AND ( `command_status` = '2' ) AND ( `is_close` = '0' ) AND ( `del_flag` = '0' ) LIMIT 1   [ RunTime:0.001000s ]
SQL: SELECT SUM(consume_account) AS tp_sum FROM `goods_consume_rec` WHERE ( `type` = '2' ) AND ( `owner_id` = '2017091315_7D29AF66AE2DBB98A0718A6D9B90FCE1' ) AND ( `command_status` = '2' ) AND ( `is_close` = '0' ) AND ( `del_flag` = '0' ) LIMIT 1   [ RunTime:0.001000s ]
SQL: SHOW COLUMNS FROM `goods_rose_consume_rec` [ RunTime:0.064004s ]
SQL: SELECT SUM(consume_account) AS tp_sum FROM `goods_rose_consume_rec` WHERE ( `type` = '1' ) AND ( `owner_id` = '2017091315_7D29AF66AE2DBB98A0718A6D9B90FCE1' ) AND ( `command_status` = '2' ) AND ( `is_close` = '0' ) AND ( `del_flag` = '0' ) LIMIT 1   [ RunTime:0.001000s ]
SQL: SELECT SUM(consume_account) AS tp_sum FROM `goods_rose_consume_rec` WHERE ( `type` = '2' ) AND ( `owner_id` = '2017091315_7D29AF66AE2DBB98A0718A6D9B90FCE1' ) AND ( `command_status` = '2' ) AND ( `is_close` = '0' ) AND ( `del_flag` = '0' ) LIMIT 1   [ RunTime:0.000000s ]
SQL: UPDATE `sys_user` SET `vend_total`=10.4 WHERE ( `del_flag` = 0 ) AND ( `id` = '2017091315_7D29AF66AE2DBB98A0718A6D9B90FCE1' ) [ RunTime:0.055003s ]
INFO: [ view_template ] --START--
INFO: Run LocationTemplate Behavior [ RunTime:-5.383308s ]
INFO: [ view_template ] --END-- [ RunTime:0.012000s ]
INFO: [ view_parse ] --START--
INFO: Run ParseTemplate Behavior [ RunTime:-5.395308s ]
INFO: [ view_parse ] --END-- [ RunTime:0.032002s ]
INFO: [ view_filter ] --START--
INFO: Run ContentReplace Behavior [ RunTime:-5.427310s ]
INFO: Run TokenBuild Behavior [ RunTime:-5.429310s ]
INFO: Run WriteHtmlCache Behavior [ RunTime:-5.429310s ]
INFO: Run ShowRuntime Behavior [ RunTime:-5.430310s ]
INFO: [ view_filter ] --END-- [ RunTime:0.004000s ]
INFO: [ view_end ] --START--
INFO: Run ShowPageTrace Behavior [ RunTime:-5.431310s ]
INFO: [ view_end ] --END-- [ RunTime:0.001001s ]

[ 2017-10-17T14:19:23+08:00 ] 0.0.0.0 /Rose/index.php?g=Wap&m=Vendmanage&a=device_list
INFO: [ app_begin ] --START--
INFO: Run ReadHtmlCache Behavior [ RunTime:0.001000s ]
INFO: [ app_begin ] --END-- [ RunTime:0.001000s ]
NOTIC: [8] A session had already been started - ignoring session_start() D:\phpStudy\WWW\Rose\Lib\Action\Wap\VendmanageAction.class.php 第 2 行.
NOTIC: [8] A session had already been started - ignoring session_start() D:\phpStudy\WWW\Rose\Lib\Action\VendinghomeAction.class.php 第 2 行.
SQL: SHOW COLUMNS FROM `sys_user` [ RunTime:0.030002s ]
SQL: SELECT * FROM `sys_user` WHERE ( `del_flag` = 0 ) AND ( `openid` = 'odOIPv8267xTj4vLdcQ2xNb3Divo' ) AND ( `no` = '售货机' ) AND ( `id` = '2017091315_7D29AF66AE2DBB98A0718A6D9B90FCE1' ) LIMIT 1   [ RunTime:0.001000s ]
NOTIC: [8] Trying to get property of non-object D:\phpStudy\WWW\Rose\Core\Extend\Vendor\weixin\jssdk.php 第 75 行.
NOTIC: [8] Trying to get property of non-object D:\phpStudy\WWW\Rose\Core\Extend\Vendor\weixin\jssdk.php 第 53 行.
SQL: SHOW COLUMNS FROM `goods_vending` [ RunTime:0.099006s ]
SQL: SELECT * FROM `goods_vending` WHERE ( `del_flag` = '0' ) AND ( `owner_id` = '2017091315_7D29AF66AE2DBB98A0718A6D9B90FCE1' )  [ RunTime:0.009000s ]
INFO: [ view_template ] --START--
INFO: Run LocationTemplate Behavior [ RunTime:-2.338134s ]
INFO: [ view_template ] --END-- [ RunTime:0.010001s ]
INFO: [ view_parse ] --START--
INFO: Run ParseTemplate Behavior [ RunTime:-2.348135s ]
INFO: [ view_parse ] --END-- [ RunTime:0.043002s ]
INFO: [ view_filter ] --START--
INFO: Run ContentReplace Behavior [ RunTime:-2.391137s ]
INFO: Run TokenBuild Behavior [ RunTime:-2.392137s ]
INFO: Run WriteHtmlCache Behavior [ RunTime:-2.393137s ]
INFO: Run ShowRuntime Behavior [ RunTime:-2.393137s ]
INFO: [ view_filter ] --END-- [ RunTime:0.003000s ]
INFO: [ view_end ] --START--
INFO: Run ShowPageTrace Behavior [ RunTime:-2.394137s ]
INFO: [ view_end ] --END-- [ RunTime:0.001000s ]

[ 2017-10-17T14:20:33+08:00 ] 0.0.0.0 /Rose/index.php?g=Wap&m=Vendmanage&a=device_list
INFO: [ app_begin ] --START--
INFO: Run ReadHtmlCache Behavior [ RunTime:0.001001s ]
INFO: [ app_begin ] --END-- [ RunTime:0.001001s ]
NOTIC: [8] A session had already been started - ignoring session_start() D:\phpStudy\WWW\Rose\Lib\Action\Wap\VendmanageAction.class.php 第 2 行.
NOTIC: [8] A session had already been started - ignoring session_start() D:\phpStudy\WWW\Rose\Lib\Action\VendinghomeAction.class.php 第 2 行.
SQL: SHOW COLUMNS FROM `sys_user` [ RunTime:0.016001s ]
SQL: SELECT * FROM `sys_user` WHERE ( `del_flag` = 0 ) AND ( `openid` = 'odOIPv8267xTj4vLdcQ2xNb3Divo' ) AND ( `no` = '售货机' ) AND ( `id` = '2017091315_7D29AF66AE2DBB98A0718A6D9B90FCE1' ) LIMIT 1   [ RunTime:0.001000s ]
NOTIC: [8] Trying to get property of non-object D:\phpStudy\WWW\Rose\Core\Extend\Vendor\weixin\jssdk.php 第 75 行.
NOTIC: [8] Trying to get property of non-object D:\phpStudy\WWW\Rose\Core\Extend\Vendor\weixin\jssdk.php 第 53 行.
SQL: SHOW COLUMNS FROM `goods_vending` [ RunTime:0.011001s ]
SQL: SELECT * FROM `goods_vending` WHERE ( `del_flag` = '0' ) AND ( `owner_id` = '2017091315_7D29AF66AE2DBB98A0718A6D9B90FCE1' )  [ RunTime:0.001000s ]
INFO: [ view_template ] --START--
INFO: Run LocationTemplate Behavior [ RunTime:-5.553317s ]
INFO: [ view_template ] --END-- [ RunTime:0.002000s ]
INFO: [ view_parse ] --START--
INFO: Run ParseTemplate Behavior [ RunTime:-5.556317s ]
INFO: [ view_parse ] --END-- [ RunTime:0.017001s ]
INFO: [ view_filter ] --START--
INFO: Run ContentReplace Behavior [ RunTime:-5.573318s ]
INFO: Run TokenBuild Behavior [ RunTime:-5.574318s ]
INFO: Run WriteHtmlCache Behavior [ RunTime:-5.575318s ]
INFO: Run ShowRuntime Behavior [ RunTime:-5.576318s ]
INFO: [ view_filter ] --END-- [ RunTime:0.004001s ]
INFO: [ view_end ] --START--
INFO: Run ShowPageTrace Behavior [ RunTime:-5.577319s ]
INFO: [ view_end ] --END-- [ RunTime:0.001000s ]

[ 2017-10-17T14:23:48+08:00 ] 0.0.0.0 /Rose/index.php?g=Wap&m=Vendmanage&a=del&id=2017101217_C7AA0D3D6E9724CEF503E43263CA601A
INFO: [ app_begin ] --START--
INFO: Run ReadHtmlCache Behavior [ RunTime:0.002000s ]
INFO: [ app_begin ] --END-- [ RunTime:0.002000s ]
NOTIC: [8] A session had already been started - ignoring session_start() D:\phpStudy\WWW\Rose\Lib\Action\Wap\VendmanageAction.class.php 第 2 行.
NOTIC: [8] A session had already been started - ignoring session_start() D:\phpStudy\WWW\Rose\Lib\Action\VendinghomeAction.class.php 第 2 行.
SQL: SHOW COLUMNS FROM `sys_user` [ RunTime:0.014001s ]
SQL: SELECT * FROM `sys_user` WHERE ( `del_flag` = 0 ) AND ( `openid` = 'odOIPv8267xTj4vLdcQ2xNb3Divo' ) AND ( `no` = '售货机' ) AND ( `id` = '2017091315_7D29AF66AE2DBB98A0718A6D9B90FCE1' ) LIMIT 1   [ RunTime:0.001000s ]
NOTIC: [8] Trying to get property of non-object D:\phpStudy\WWW\Rose\Core\Extend\Vendor\weixin\jssdk.php 第 75 行.
NOTIC: [8] Trying to get property of non-object D:\phpStudy\WWW\Rose\Core\Extend\Vendor\weixin\jssdk.php 第 53 行.
SQL: SHOW COLUMNS FROM `goods_vending` [ RunTime:0.013000s ]
SQL: DELETE FROM `goods_vending` WHERE ( `id` = '2017101217_C7AA0D3D6E9724CEF503E43263CA601A' ) AND ( `del_flag` = 0 ) [ RunTime:0.067004s ]
SQL: SHOW COLUMNS FROM `goods_huodao` [ RunTime:0.067004s ]
SQL: DELETE FROM `goods_huodao` WHERE ( `shipment_id` = '2017101217_C7AA0D3D6E9724CEF503E43263CA601A' ) [ RunTime:0.012001s ]

[ 2017-10-17T14:23:51+08:00 ] 0.0.0.0 /Rose/index.php?g=Wap&m=Vendmanage&a=device_list
INFO: [ app_begin ] --START--
INFO: Run ReadHtmlCache Behavior [ RunTime:0.001000s ]
INFO: [ app_begin ] --END-- [ RunTime:0.001000s ]
NOTIC: [8] A session had already been started - ignoring session_start() D:\phpStudy\WWW\Rose\Lib\Action\Wap\VendmanageAction.class.php 第 2 行.
NOTIC: [8] A session had already been started - ignoring session_start() D:\phpStudy\WWW\Rose\Lib\Action\VendinghomeAction.class.php 第 2 行.
SQL: SHOW COLUMNS FROM `sys_user` [ RunTime:0.015000s ]
SQL: SELECT * FROM `sys_user` WHERE ( `del_flag` = 0 ) AND ( `openid` = 'odOIPv8267xTj4vLdcQ2xNb3Divo' ) AND ( `no` = '售货机' ) AND ( `id` = '2017091315_7D29AF66AE2DBB98A0718A6D9B90FCE1' ) LIMIT 1   [ RunTime:0.001000s ]
NOTIC: [8] Trying to get property of non-object D:\phpStudy\WWW\Rose\Core\Extend\Vendor\weixin\jssdk.php 第 75 行.
NOTIC: [8] Trying to get property of non-object D:\phpStudy\WWW\Rose\Core\Extend\Vendor\weixin\jssdk.php 第 53 行.
SQL: SHOW COLUMNS FROM `goods_vending` [ RunTime:0.009001s ]
SQL: SELECT * FROM `goods_vending` WHERE ( `del_flag` = '0' ) AND ( `owner_id` = '2017091315_7D29AF66AE2DBB98A0718A6D9B90FCE1' )  [ RunTime:0.000000s ]
INFO: [ view_template ] --START--
INFO: Run LocationTemplate Behavior [ RunTime:-2.927168s ]
INFO: [ view_template ] --END-- [ RunTime:0.001000s ]
INFO: [ view_parse ] --START--
INFO: Run ParseTemplate Behavior [ RunTime:-2.928168s ]
INFO: [ view_parse ] --END-- [ RunTime:0.015001s ]
INFO: [ view_filter ] --START--
INFO: Run ContentReplace Behavior [ RunTime:-2.943169s ]
INFO: Run TokenBuild Behavior [ RunTime:-2.944169s ]
INFO: Run WriteHtmlCache Behavior [ RunTime:-2.945169s ]
INFO: Run ShowRuntime Behavior [ RunTime:-2.946169s ]
INFO: [ view_filter ] --END-- [ RunTime:0.004000s ]
INFO: [ view_end ] --START--
INFO: Run ShowPageTrace Behavior [ RunTime:-2.947169s ]
INFO: [ view_end ] --END-- [ RunTime:0.001000s ]

[ 2017-10-17T14:24:45+08:00 ] 0.0.0.0 /Rose/index.php?g=Wap&m=Vendmanage&a=device_list
INFO: [ app_begin ] --START--
INFO: Run ReadHtmlCache Behavior [ RunTime:0.001000s ]
INFO: [ app_begin ] --END-- [ RunTime:0.001000s ]
NOTIC: [8] A session had already been started - ignoring session_start() D:\phpStudy\WWW\Rose\Lib\Action\Wap\VendmanageAction.class.php 第 2 行.
NOTIC: [8] A session had already been started - ignoring session_start() D:\phpStudy\WWW\Rose\Lib\Action\VendinghomeAction.class.php 第 2 行.
SQL: SHOW COLUMNS FROM `sys_user` [ RunTime:0.014001s ]
SQL: SELECT * FROM `sys_user` WHERE ( `del_flag` = 0 ) AND ( `openid` = 'odOIPv8267xTj4vLdcQ2xNb3Divo' ) AND ( `no` = '售货机' ) AND ( `id` = '2017091315_7D29AF66AE2DBB98A0718A6D9B90FCE1' ) LIMIT 1   [ RunTime:0.001000s ]
NOTIC: [8] Trying to get property of non-object D:\phpStudy\WWW\Rose\Core\Extend\Vendor\weixin\jssdk.php 第 75 行.
NOTIC: [8] Trying to get property of non-object D:\phpStudy\WWW\Rose\Core\Extend\Vendor\weixin\jssdk.php 第 53 行.
SQL: SHOW COLUMNS FROM `goods_vending` [ RunTime:0.016001s ]
SQL: SELECT * FROM `goods_vending` WHERE ( `del_flag` = '0' ) AND ( `owner_id` = '2017091315_7D29AF66AE2DBB98A0718A6D9B90FCE1' )  [ RunTime:0.001000s ]
INFO: [ view_template ] --START--
INFO: Run LocationTemplate Behavior [ RunTime:-3.625207s ]
INFO: [ view_template ] --END-- [ RunTime:0.002000s ]
INFO: [ view_parse ] --START--
INFO: Run ParseTemplate Behavior [ RunTime:-3.627207s ]
INFO: [ view_parse ] --END-- [ RunTime:0.014001s ]
INFO: [ view_filter ] --START--
INFO: Run ContentReplace Behavior [ RunTime:-3.641208s ]
INFO: Run TokenBuild Behavior [ RunTime:-3.642208s ]
INFO: Run WriteHtmlCache Behavior [ RunTime:-3.642208s ]
INFO: Run ShowRuntime Behavior [ RunTime:-3.643208s ]
INFO: [ view_filter ] --END-- [ RunTime:0.003000s ]
INFO: [ view_end ] --START--
INFO: Run ShowPageTrace Behavior [ RunTime:-3.644208s ]
INFO: [ view_end ] --END-- [ RunTime:0.001000s ]

[ 2017-10-17T14:25:11+08:00 ] 0.0.0.0 /Rose/index.php?g=Wap&m=Vendmanage&a=device_list
INFO: [ app_begin ] --START--
INFO: Run ReadHtmlCache Behavior [ RunTime:0.001000s ]
INFO: [ app_begin ] --END-- [ RunTime:0.001000s ]
NOTIC: [8] A session had already been started - ignoring session_start() D:\phpStudy\WWW\Rose\Lib\Action\Wap\VendmanageAction.class.php 第 2 行.
NOTIC: [8] A session had already been started - ignoring session_start() D:\phpStudy\WWW\Rose\Lib\Action\VendinghomeAction.class.php 第 2 行.
SQL: SHOW COLUMNS FROM `sys_user` [ RunTime:0.009000s ]
SQL: SELECT * FROM `sys_user` WHERE ( `del_flag` = 0 ) AND ( `openid` = 'odOIPv8267xTj4vLdcQ2xNb3Divo' ) AND ( `no` = '售货机' ) AND ( `id` = '2017091315_7D29AF66AE2DBB98A0718A6D9B90FCE1' ) LIMIT 1   [ RunTime:0.001000s ]
NOTIC: [8] Trying to get property of non-object D:\phpStudy\WWW\Rose\Core\Extend\Vendor\weixin\jssdk.php 第 75 行.
NOTIC: [8] Trying to get property of non-object D:\phpStudy\WWW\Rose\Core\Extend\Vendor\weixin\jssdk.php 第 53 行.
SQL: SHOW COLUMNS FROM `goods_vending` [ RunTime:0.015000s ]
SQL: SELECT * FROM `goods_vending` WHERE ( `del_flag` = '0' ) AND ( `owner_id` = '2017091315_7D29AF66AE2DBB98A0718A6D9B90FCE1' )  [ RunTime:0.000000s ]
INFO: [ view_template ] --START--
INFO: Run LocationTemplate Behavior [ RunTime:-1.285073s ]
INFO: [ view_template ] --END-- [ RunTime:0.001000s ]
INFO: [ view_parse ] --START--
INFO: Run ParseTemplate Behavior [ RunTime:-1.286073s ]
INFO: [ view_parse ] --END-- [ RunTime:0.015001s ]
INFO: [ view_filter ] --START--
INFO: Run ContentReplace Behavior [ RunTime:-1.301074s ]
INFO: Run TokenBuild Behavior [ RunTime:-1.302074s ]
INFO: Run WriteHtmlCache Behavior [ RunTime:-1.303074s ]
INFO: Run ShowRuntime Behavior [ RunTime:-1.305075s ]
INFO: [ view_filter ] --END-- [ RunTime:0.005001s ]
INFO: [ view_end ] --START--
INFO: Run ShowPageTrace Behavior [ RunTime:-1.306075s ]
INFO: [ view_end ] --END-- [ RunTime:0.001000s ]

[ 2017-10-17T14:28:25+08:00 ] 0.0.0.0 /Rose/index.php?g=Wap&m=Vendmanage&a=device_list
INFO: [ app_begin ] --START--
INFO: Run ReadHtmlCache Behavior [ RunTime:0.001000s ]
INFO: [ app_begin ] --END-- [ RunTime:0.001000s ]
NOTIC: [8] A session had already been started - ignoring session_start() D:\phpStudy\WWW\Rose\Lib\Action\Wap\VendmanageAction.class.php 第 2 行.
NOTIC: [8] A session had already been started - ignoring session_start() D:\phpStudy\WWW\Rose\Lib\Action\VendinghomeAction.class.php 第 2 行.
SQL: SHOW COLUMNS FROM `sys_user` [ RunTime:0.021002s ]
SQL: SELECT * FROM `sys_user` WHERE ( `del_flag` = 0 ) AND ( `openid` = 'odOIPv8267xTj4vLdcQ2xNb3Divo' ) AND ( `no` = '售货机' ) AND ( `id` = '2017091315_7D29AF66AE2DBB98A0718A6D9B90FCE1' ) LIMIT 1   [ RunTime:0.001000s ]
NOTIC: [8] Trying to get property of non-object D:\phpStudy\WWW\Rose\Core\Extend\Vendor\weixin\jssdk.php 第 75 行.
NOTIC: [8] Trying to get property of non-object D:\phpStudy\WWW\Rose\Core\Extend\Vendor\weixin\jssdk.php 第 53 行.
SQL: SHOW COLUMNS FROM `goods_vending` [ RunTime:0.031002s ]
SQL: SELECT * FROM `goods_vending` WHERE ( `del_flag` = '0' ) AND ( `owner_id` = '2017091315_7D29AF66AE2DBB98A0718A6D9B90FCE1' )  [ RunTime:0.000000s ]
INFO: [ view_template ] --START--
INFO: Run LocationTemplate Behavior [ RunTime:-2.799160s ]
INFO: [ view_template ] --END-- [ RunTime:0.001000s ]
INFO: [ view_parse ] --START--
INFO: Run ParseTemplate Behavior [ RunTime:-2.800160s ]
INFO: [ view_parse ] --END-- [ RunTime:0.024001s ]
INFO: [ view_filter ] --START--
INFO: Run ContentReplace Behavior [ RunTime:-2.824161s ]
INFO: Run TokenBuild Behavior [ RunTime:-2.825161s ]
INFO: Run WriteHtmlCache Behavior [ RunTime:-2.826161s ]
INFO: Run ShowRuntime Behavior [ RunTime:-2.827161s ]
INFO: [ view_filter ] --END-- [ RunTime:0.004000s ]
INFO: [ view_end ] --START--
INFO: Run ShowPageTrace Behavior [ RunTime:-2.828161s ]
INFO: [ view_end ] --END-- [ RunTime:0.001000s ]

[ 2017-10-17T14:28:28+08:00 ] 0.0.0.0 /Rose/index.php?g=Wap&m=Vendmanage&a=del
INFO: [ app_begin ] --START--
INFO: Run ReadHtmlCache Behavior [ RunTime:0.001000s ]
INFO: [ app_begin ] --END-- [ RunTime:0.001000s ]
NOTIC: [8] A session had already been started - ignoring session_start() D:\phpStudy\WWW\Rose\Lib\Action\Wap\VendmanageAction.class.php 第 2 行.
NOTIC: [8] A session had already been started - ignoring session_start() D:\phpStudy\WWW\Rose\Lib\Action\VendinghomeAction.class.php 第 2 行.
SQL: SHOW COLUMNS FROM `sys_user` [ RunTime:0.015001s ]
SQL: SELECT * FROM `sys_user` WHERE ( `del_flag` = 0 ) AND ( `openid` = 'odOIPv8267xTj4vLdcQ2xNb3Divo' ) AND ( `no` = '售货机' ) AND ( `id` = '2017091315_7D29AF66AE2DBB98A0718A6D9B90FCE1' ) LIMIT 1   [ RunTime:0.000000s ]
NOTIC: [8] Trying to get property of non-object D:\phpStudy\WWW\Rose\Core\Extend\Vendor\weixin\jssdk.php 第 75 行.
NOTIC: [8] Trying to get property of non-object D:\phpStudy\WWW\Rose\Core\Extend\Vendor\weixin\jssdk.php 第 53 行.
NOTIC: [8] Undefined index: id D:\phpStudy\WWW\Rose\Lib\Action\Wap\VendmanageAction.class.php 第 157 行.
SQL: SHOW COLUMNS FROM `goods_vending` [ RunTime:0.013000s ]
SQL: DELETE FROM `goods_vending` WHERE ( `id` = '' ) AND ( `del_flag` = 0 ) [ RunTime:0.000000s ]
SQL: SHOW COLUMNS FROM `goods_huodao` [ RunTime:0.009001s ]
SQL: DELETE FROM `goods_huodao` WHERE ( `shipment_id` = '' ) [ RunTime:0.000000s ]

[ 2017-10-17T14:28:51+08:00 ] 0.0.0.0 /Rose/index.php?g=Wap&m=Vendmanage&a=del
INFO: [ app_begin ] --START--
INFO: Run ReadHtmlCache Behavior [ RunTime:0.001001s ]
INFO: [ app_begin ] --END-- [ RunTime:0.001001s ]
NOTIC: [8] A session had already been started - ignoring session_start() D:\phpStudy\WWW\Rose\Lib\Action\Wap\VendmanageAction.class.php 第 2 行.
NOTIC: [8] A session had already been started - ignoring session_start() D:\phpStudy\WWW\Rose\Lib\Action\VendinghomeAction.class.php 第 2 行.
SQL: SHOW COLUMNS FROM `sys_user` [ RunTime:0.015001s ]
SQL: SELECT * FROM `sys_user` WHERE ( `del_flag` = 0 ) AND ( `openid` = 'odOIPv8267xTj4vLdcQ2xNb3Divo' ) AND ( `no` = '售货机' ) AND ( `id` = '2017091315_7D29AF66AE2DBB98A0718A6D9B90FCE1' ) LIMIT 1   [ RunTime:0.001000s ]
NOTIC: [8] Trying to get property of non-object D:\phpStudy\WWW\Rose\Core\Extend\Vendor\weixin\jssdk.php 第 75 行.
NOTIC: [8] Trying to get property of non-object D:\phpStudy\WWW\Rose\Core\Extend\Vendor\weixin\jssdk.php 第 53 行.
SQL: SHOW COLUMNS FROM `goods_vending` [ RunTime:0.020001s ]
SQL: DELETE FROM `goods_vending` WHERE ( `id` = '2017101217_05BA0D72BD97DAF3F28358F6D9D56AF6' ) AND ( `del_flag` = 0 ) [ RunTime:0.000000s ]
SQL: SHOW COLUMNS FROM `goods_huodao` [ RunTime:0.013000s ]
SQL: DELETE FROM `goods_huodao` WHERE ( `shipment_id` = '2017101217_05BA0D72BD97DAF3F28358F6D9D56AF6' ) [ RunTime:0.000000s ]

[ 2017-10-17T14:28:54+08:00 ] 0.0.0.0 /Rose/index.php?g=Wap&m=Vendmanage&a=device_list
INFO: [ app_begin ] --START--
INFO: Run ReadHtmlCache Behavior [ RunTime:0.001000s ]
INFO: [ app_begin ] --END-- [ RunTime:0.001000s ]
NOTIC: [8] A session had already been started - ignoring session_start() D:\phpStudy\WWW\Rose\Lib\Action\Wap\VendmanageAction.class.php 第 2 行.
NOTIC: [8] A session had already been started - ignoring session_start() D:\phpStudy\WWW\Rose\Lib\Action\VendinghomeAction.class.php 第 2 行.
SQL: SHOW COLUMNS FROM `sys_user` [ RunTime:0.017001s ]
SQL: SELECT * FROM `sys_user` WHERE ( `del_flag` = 0 ) AND ( `openid` = 'odOIPv8267xTj4vLdcQ2xNb3Divo' ) AND ( `no` = '售货机' ) AND ( `id` = '2017091315_7D29AF66AE2DBB98A0718A6D9B90FCE1' ) LIMIT 1   [ RunTime:0.001000s ]
NOTIC: [8] Trying to get property of non-object D:\phpStudy\WWW\Rose\Core\Extend\Vendor\weixin\jssdk.php 第 75 行.
NOTIC: [8] Trying to get property of non-object D:\phpStudy\WWW\Rose\Core\Extend\Vendor\weixin\jssdk.php 第 53 行.
SQL: SHOW COLUMNS FROM `goods_vending` [ RunTime:0.015001s ]
SQL: SELECT * FROM `goods_vending` WHERE ( `del_flag` = '0' ) AND ( `owner_id` = '2017091315_7D29AF66AE2DBB98A0718A6D9B90FCE1' )  [ RunTime:0.001000s ]
INFO: [ view_template ] --START--
INFO: Run LocationTemplate Behavior [ RunTime:-1.267072s ]
INFO: [ view_template ] --END-- [ RunTime:0.001000s ]
INFO: [ view_parse ] --START--
INFO: Run ParseTemplate Behavior [ RunTime:-1.268072s ]
INFO: [ view_parse ] --END-- [ RunTime:0.017001s ]
INFO: [ view_filter ] --START--
INFO: Run ContentReplace Behavior [ RunTime:-1.285073s ]
INFO: Run TokenBuild Behavior [ RunTime:-1.285073s ]
INFO: Run WriteHtmlCache Behavior [ RunTime:-1.286073s ]
INFO: Run ShowRuntime Behavior [ RunTime:-1.287073s ]
INFO: [ view_filter ] --END-- [ RunTime:0.003000s ]
INFO: [ view_end ] --START--
INFO: Run ShowPageTrace Behavior [ RunTime:-1.288073s ]
INFO: [ view_end ] --END-- [ RunTime:0.001000s ]

[ 2017-10-17T14:29:09+08:00 ] 0.0.0.0 /Rose/index.php?g=Wap&m=Vendmanage&a=personal
INFO: [ app_begin ] --START--
INFO: Run ReadHtmlCache Behavior [ RunTime:0.001000s ]
INFO: [ app_begin ] --END-- [ RunTime:0.001000s ]
NOTIC: [8] A session had already been started - ignoring session_start() D:\phpStudy\WWW\Rose\Lib\Action\Wap\VendmanageAction.class.php 第 2 行.
NOTIC: [8] A session had already been started - ignoring session_start() D:\phpStudy\WWW\Rose\Lib\Action\VendinghomeAction.class.php 第 2 行.
SQL: SHOW COLUMNS FROM `sys_user` [ RunTime:0.011001s ]
SQL: SELECT * FROM `sys_user` WHERE ( `del_flag` = 0 ) AND ( `openid` = 'odOIPv8267xTj4vLdcQ2xNb3Divo' ) AND ( `no` = '售货机' ) AND ( `id` = '2017091315_7D29AF66AE2DBB98A0718A6D9B90FCE1' ) LIMIT 1   [ RunTime:0.001000s ]
NOTIC: [8] Trying to get property of non-object D:\phpStudy\WWW\Rose\Core\Extend\Vendor\weixin\jssdk.php 第 75 行.
NOTIC: [8] Trying to get property of non-object D:\phpStudy\WWW\Rose\Core\Extend\Vendor\weixin\jssdk.php 第 53 行.
SQL: SHOW COLUMNS FROM `goods_consume_rec` [ RunTime:0.014000s ]
SQL: SELECT SUM(consume_account) AS tp_sum FROM `goods_consume_rec` WHERE ( `create_date` >= '2017-10-17 00:00:00' ) AND ( `command_status` = 2 ) AND ( `del_flag` = 0 ) AND ( `owner_id` = '2017091315_7D29AF66AE2DBB98A0718A6D9B90FCE1' ) LIMIT 1   [ RunTime:0.000000s ]
SQL: SELECT SUM(vend_total-vend_consume) AS tp_sum FROM `sys_user` WHERE ( `del_flag` = 0 ) AND ( `id` = '2017091315_7D29AF66AE2DBB98A0718A6D9B90FCE1' ) LIMIT 1   [ RunTime:0.043003s ]
NOTIC: [2] trim() expects parameter 1 to be string, array given D:\phpStudy\WWW\Rose\Core\Lib\Core\Db.class.php 第 459 行.
SQL: SELECT SUM(consume_account) AS tp_sum FROM `goods_consume_rec` WHERE ( (`create_date` >= '2017-10')  ) AND ( `command_status` = 2 ) AND ( `del_flag` = 0 ) AND ( `owner_id` = '2017091315_7D29AF66AE2DBB98A0718A6D9B90FCE1' ) LIMIT 1   [ RunTime:0.006000s ]
SQL: SELECT sum(consume_account) as count FROM `goods_consume_rec` WHERE ( `command_status` = 2 ) AND ( `del_flag` = 0 ) AND ( `owner_id` = '2017091315_7D29AF66AE2DBB98A0718A6D9B90FCE1' ) GROUP BY deivce_code ORDER BY count desc LIMIT 1   [ RunTime:0.021001s ]
SQL: SHOW COLUMNS FROM `goods_vending` [ RunTime:0.016001s ]
SQL: SELECT sum(1) as count,`online_status` FROM `goods_vending` WHERE ( `del_flag` = 0 ) AND ( `owner_id` = '2017091315_7D29AF66AE2DBB98A0718A6D9B90FCE1' ) GROUP BY online_status ORDER BY online_status asc  [ RunTime:0.007001s ]
INFO: [ view_template ] --START--
INFO: Run LocationTemplate Behavior [ RunTime:-1.426082s ]
INFO: [ view_template ] --END-- [ RunTime:0.010000s ]
INFO: [ view_parse ] --START--
NOTIC: [8] Undefined variable: rose D:\phpStudy\WWW\Rose\logs\Cache\Wap\0d24bcd97e63343c12b935aa0d6975b0.php 第 146 行.
NOTIC: [8] Undefined variable: scan_code D:\phpStudy\WWW\Rose\logs\Cache\Wap\0d24bcd97e63343c12b935aa0d6975b0.php 第 157 行.
INFO: Run ParseTemplate Behavior [ RunTime:-1.435082s ]
INFO: [ view_parse ] --END-- [ RunTime:0.045003s ]
INFO: [ view_filter ] --START--
INFO: Run ContentReplace Behavior [ RunTime:-1.480085s ]
INFO: Run TokenBuild Behavior [ RunTime:-1.480085s ]
INFO: Run WriteHtmlCache Behavior [ RunTime:-1.481085s ]
INFO: Run ShowRuntime Behavior [ RunTime:-1.482085s ]
INFO: [ view_filter ] --END-- [ RunTime:0.003000s ]
INFO: [ view_end ] --START--
INFO: Run ShowPageTrace Behavior [ RunTime:-1.483085s ]
INFO: [ view_end ] --END-- [ RunTime:0.001000s ]

[ 2017-10-17T14:30:18+08:00 ] 0.0.0.0 /Rose/index.php?g=Wap&m=Vendmanage&a=device_list
INFO: [ app_begin ] --START--
INFO: Run ReadHtmlCache Behavior [ RunTime:0.000000s ]
INFO: [ app_begin ] --END-- [ RunTime:0.000000s ]
NOTIC: [8] A session had already been started - ignoring session_start() D:\phpStudy\WWW\Rose\Lib\Action\Wap\VendmanageAction.class.php 第 2 行.
NOTIC: [8] A session had already been started - ignoring session_start() D:\phpStudy\WWW\Rose\Lib\Action\VendinghomeAction.class.php 第 2 行.
SQL: SHOW COLUMNS FROM `sys_user` [ RunTime:0.013001s ]
SQL: SELECT * FROM `sys_user` WHERE ( `del_flag` = 0 ) AND ( `openid` = 'odOIPv8267xTj4vLdcQ2xNb3Divo' ) AND ( `no` = '售货机' ) AND ( `id` = '2017091315_7D29AF66AE2DBB98A0718A6D9B90FCE1' ) LIMIT 1   [ RunTime:0.001000s ]
NOTIC: [8] Trying to get property of non-object D:\phpStudy\WWW\Rose\Core\Extend\Vendor\weixin\jssdk.php 第 75 行.
NOTIC: [8] Trying to get property of non-object D:\phpStudy\WWW\Rose\Core\Extend\Vendor\weixin\jssdk.php 第 53 行.
SQL: SHOW COLUMNS FROM `goods_vending` [ RunTime:0.010000s ]
SQL: SELECT * FROM `goods_vending` WHERE ( `del_flag` = '0' ) AND ( `owner_id` = '2017091315_7D29AF66AE2DBB98A0718A6D9B90FCE1' )  [ RunTime:0.001000s ]
INFO: [ view_template ] --START--
INFO: Run LocationTemplate Behavior [ RunTime:-1.384079s ]
INFO: [ view_template ] --END-- [ RunTime:0.002001s ]
INFO: [ view_parse ] --START--
INFO: Run ParseTemplate Behavior [ RunTime:-1.386080s ]
INFO: [ view_parse ] --END-- [ RunTime:0.014000s ]
INFO: [ view_filter ] --START--
INFO: Run ContentReplace Behavior [ RunTime:-1.400080s ]
INFO: Run TokenBuild Behavior [ RunTime:-1.400080s ]
INFO: Run WriteHtmlCache Behavior [ RunTime:-1.401080s ]
INFO: Run ShowRuntime Behavior [ RunTime:-1.402081s ]
INFO: [ view_filter ] --END-- [ RunTime:0.002001s ]
INFO: [ view_end ] --START--
INFO: Run ShowPageTrace Behavior [ RunTime:-1.402081s ]
INFO: [ view_end ] --END-- [ RunTime:0.001000s ]

