[ 2017-12-21T10:06:35+08:00 ] 0.0.0.0 /Rose/index.php?g=Wap&m=Rose2Personal&a=index&openid=odOIPv9UcOs4N_jKX0JECOwADE7s
INFO: [ app_begin ] --START--
INFO: Run ReadHtmlCache Behavior [ RunTime:0.016001s ]
INFO: [ app_begin ] --END-- [ RunTime:0.027002s ]
NOTIC: [8] A session had already been started - ignoring session_start() D:\phpStudy\WWW\Rose\Lib\Action\Wap\Rose2BaseAction.class.php 第 2 行.
SQL: SHOW COLUMNS FROM `sys_user` [ RunTime:0.150008s ]
SQL: SELECT * FROM `sys_user` WHERE ( `del_flag` = 0 ) AND ( `openid` = 'odOIPv9UcOs4N_jKX0JECOwADE7s' ) LIMIT 1   [ RunTime:0.002000s ]
NOTIC: [8] Trying to get property of non-object D:\phpStudy\WWW\Rose\Core\Extend\Vendor\weixin\jssdk.php 第 75 行.
NOTIC: [8] Trying to get property of non-object D:\phpStudy\WWW\Rose\Core\Extend\Vendor\weixin\jssdk.php 第 53 行.
SQL: SHOW COLUMNS FROM `weixin_userinfo` [ RunTime:0.480027s ]
SQL: SELECT * FROM `weixin_userinfo` WHERE ( `del_flag` = 0 ) AND ( `from_username` = 'odOIPv9UcOs4N_jKX0JECOwADE7s' ) LIMIT 1   [ RunTime:0.044003s ]
SQL: SHOW COLUMNS FROM `device_consume_rec` [ RunTime:0.890051s ]
SQL: SELECT SUM(consume_account) AS tp_sum FROM `device_consume_rec` WHERE ( `command_status` = '2' ) AND ( `del_flag` = '0' ) AND ( `type` IN ('1','3','5','9','11','13','15','17','19') ) AND ( `transfer_status` = '0' ) AND ( `consume_status` = '1' ) AND ( `create_by` = 'kefuanmoyitest' ) LIMIT 1   [ RunTime:10.348592s ]
SQL: SELECT SUM(consume_account) AS tp_sum FROM `device_consume_rec` WHERE ( `command_status` = '2' ) AND ( `del_flag` = '0' ) AND ( `type` IN ('2','4','6','10','12','14','16','18') ) AND ( `transfer_status` = '0' ) AND ( `consume_status` = '1' ) AND ( `create_by` = 'kefuanmoyitest' ) LIMIT 1   [ RunTime:0.001000s ]
SQL: SHOW COLUMNS FROM `device_info` [ RunTime:0.229013s ]
SQL: SELECT sum(dw.LOC_OP) c from (SELECT * from (SELECT dr.* FROM `device_info` LEFT JOIN device_record
 dr on dr.dev_id=device_info.device_command WHERE ( device_info.del_flag = 0 )
 AND ( device_info.office_id = 'a721bdccfcb44571a48df2065950d05d' ) ORDER BY dr.LOC_OP desc)
 da GROUP BY da.dev_id ORDER BY da.LOC_OP desc) dw [ RunTime:3.363192s ]
SQL: SELECT * FROM `sys_user` WHERE ( `del_flag` = 0 ) AND ( `openid` = 'odOIPv9UcOs4N_jKX0JECOwADE7s' ) LIMIT 1   [ RunTime:0.039003s ]
SQL: UPDATE `sys_user` SET `totals`=76.5 WHERE ( `del_flag` = 0 ) AND ( `id` = 'kefuanmoyitest' ) [ RunTime:0.104006s ]
SQL: SELECT SUM(totals-consume) AS tp_sum FROM `sys_user` WHERE ( `del_flag` = 0 ) AND ( `openid` = 'odOIPv9UcOs4N_jKX0JECOwADE7s' ) LIMIT 1   [ RunTime:0.005000s ]
INFO: [ view_template ] --START--
INFO: Run LocationTemplate Behavior [ RunTime:-17.495001s ]
INFO: [ view_template ] --END-- [ RunTime:0.018001s ]
INFO: [ view_parse ] --START--
INFO: Run ParseTemplate Behavior [ RunTime:-17.513002s ]
INFO: [ view_parse ] --END-- [ RunTime:0.127007s ]
INFO: [ view_filter ] --START--
INFO: Run ContentReplace Behavior [ RunTime:-17.640009s ]
INFO: Run TokenBuild Behavior [ RunTime:-17.655010s ]
INFO: Run WriteHtmlCache Behavior [ RunTime:-17.657010s ]
INFO: Run ShowRuntime Behavior [ RunTime:-17.658010s ]
INFO: [ view_filter ] --END-- [ RunTime:0.021001s ]
INFO: [ view_end ] --START--
INFO: Run ShowPageTrace Behavior [ RunTime:-17.661010s ]
INFO: [ view_end ] --END-- [ RunTime:0.008001s ]

