[ 2017-10-20T09:40:47+08:00 ] 0.0.0.0 /Rose/index.php?g=Wap&m=VendLogin&a=login
INFO: [ app_begin ] --START--
INFO: Run ReadHtmlCache Behavior [ RunTime:0.001000s ]
INFO: [ app_begin ] --END-- [ RunTime:0.001000s ]
NOTIC: [8] A session had already been started - ignoring session_start() D:\phpStudy\WWW\Rose\Lib\Action\Wap\VendLoginAction.class.php 第 2 行.
INFO: [ view_template ] --START--
INFO: Run LocationTemplate Behavior [ RunTime:-0.079004s ]
INFO: [ view_template ] --END-- [ RunTime:0.045003s ]
INFO: [ view_parse ] --START--
INFO: Run ParseTemplate Behavior [ RunTime:-0.124007s ]
INFO: [ view_parse ] --END-- [ RunTime:0.431025s ]
INFO: [ view_filter ] --START--
INFO: Run ContentReplace Behavior [ RunTime:-0.555032s ]
INFO: Run TokenBuild Behavior [ RunTime:-0.587034s ]
INFO: Run WriteHtmlCache Behavior [ RunTime:-0.632036s ]
INFO: Run ShowRuntime Behavior [ RunTime:-0.853049s ]
INFO: [ view_filter ] --END-- [ RunTime:0.346019s ]
INFO: [ view_end ] --START--
INFO: Run ShowPageTrace Behavior [ RunTime:-0.901051s ]
INFO: [ view_end ] --END-- [ RunTime:0.051003s ]

