[ 2017-10-24T09:46:42+08:00 ] 0.0.0.0 /Rose/index.php?g=Wap&m=VendingWeixin&a=index&openid=odOIPv4WtdWt9ebczeYuYByhYr_0&device_code=A352425021222040
INFO: [ app_begin ] --START--
INFO: Run ReadHtmlCache Behavior [ RunTime:0.042003s ]
INFO: [ app_begin ] --END-- [ RunTime:0.090005s ]
NOTIC: [8] Trying to get property of non-object D:\phpStudy\WWW\Rose\Core\Extend\Vendor\weixin\jssdk.php 第 75 行.
NOTIC: [8] Trying to get property of non-object D:\phpStudy\WWW\Rose\Core\Extend\Vendor\weixin\jssdk.php 第 53 行.
SQL: SHOW COLUMNS FROM `goods_weixin_alipay_pay_rec` [ RunTime:0.362021s ]
SQL: SELECT SUM(pay_account) AS tp_sum FROM `goods_weixin_alipay_pay_rec` WHERE ( `wechat_alipay_id` = 'odOIPv4WtdWt9ebczeYuYByhYr_0' ) AND ( `pay_status` = '1' ) AND ( `is_close` = '0' ) AND ( `del_flag` = '0' ) AND ( `type` = '1' ) LIMIT 1   [ RunTime:0.001000s ]
SQL: SHOW COLUMNS FROM `goods_consume_rec` [ RunTime:0.219013s ]
SQL: SELECT SUM(consume_account) AS tp_sum FROM `goods_consume_rec` WHERE ( `type` = '1' ) AND ( `wechat_alipay_id` = 'odOIPv4WtdWt9ebczeYuYByhYr_0' ) AND ( `command_status` IN ('1','2') ) AND ( `is_close` = '0' ) AND ( `del_flag` = '0' ) LIMIT 1   [ RunTime:0.001000s ]
SQL: SHOW COLUMNS FROM `goods_rose` [ RunTime:0.114006s ]
SQL: SELECT SUM(account) AS tp_sum FROM `goods_rose` WHERE ( `wechat_alipay_id` = 'odOIPv4WtdWt9ebczeYuYByhYr_0' ) AND ( `status` = '1' ) AND ( `is_close` = '0' ) AND ( `del_flag` = '0' ) AND ( `type` = '1' ) LIMIT 1   [ RunTime:0.001000s ]
SQL: SHOW COLUMNS FROM `goods_rose_consume_rec` [ RunTime:0.048003s ]
SQL: SELECT SUM(consume_account) AS tp_sum FROM `goods_rose_consume_rec` WHERE ( `type` = '1' ) AND ( `wechat_alipay_id` = 'odOIPv4WtdWt9ebczeYuYByhYr_0' ) AND ( `command_status` IN ('1','2') ) AND ( `is_close` = '0' ) AND ( `del_flag` = '0' ) LIMIT 1   [ RunTime:0.000000s ]
SQL: SHOW COLUMNS FROM `goods_vending` [ RunTime:0.058003s ]
SQL: SELECT * FROM `goods_vending` WHERE ( `device_code` = 'A352425021222040' ) AND ( `del_flag` = '0' ) LIMIT 1   [ RunTime:0.021002s ]
SQL: SHOW COLUMNS FROM `goods_huodao` [ RunTime:0.095005s ]
SQL: SELECT gh.number,gh.id as gid,gh.number_order,gs.id,gh.shop_number,gh.shop_price,gh.toubi_price,gh.status,gs.name,gs.image FROM goods_huodao gh LEFT JOIN goods_shop gs on gh.shop_id=gs.id WHERE ( gh.shipment_id = '2017091316_B93FDE7CBB8F76AA025D5D94E90F6538' ) ORDER BY gh.number asc  [ RunTime:0.203012s ]
INFO: [ view_template ] --START--
INFO: Run LocationTemplate Behavior [ RunTime:-17.486000s ]
INFO: [ view_template ] --END-- [ RunTime:0.088005s ]
INFO: [ view_parse ] --START--
INFO: Run ParseTemplate Behavior [ RunTime:-17.574005s ]
INFO: [ view_parse ] --END-- [ RunTime:0.697040s ]
INFO: [ view_filter ] --START--
INFO: Run ContentReplace Behavior [ RunTime:-18.271045s ]
INFO: Run TokenBuild Behavior [ RunTime:-18.322048s ]
INFO: Run WriteHtmlCache Behavior [ RunTime:-18.351049s ]
INFO: Run ShowRuntime Behavior [ RunTime:-18.415053s ]
INFO: [ view_filter ] --END-- [ RunTime:0.187010s ]
INFO: [ view_end ] --START--
INFO: Run ShowPageTrace Behavior [ RunTime:-18.462056s ]
INFO: [ view_end ] --END-- [ RunTime:0.023001s ]

