[ 2017-11-30T14:29:18+08:00 ] 0.0.0.0 /Rose/index.php?g=Wap&m=Rose2Personal&a=index
INFO: [ app_begin ] --START--
INFO: Run ReadHtmlCache Behavior [ RunTime:0.002000s ]
INFO: [ app_begin ] --END-- [ RunTime:0.002000s ]
NOTIC: [8] A session had already been started - ignoring session_start() D:\phpStudy\WWW\Rose\Lib\Action\Wap\Rose2BaseAction.class.php 第 2 行.
SQL: SHOW COLUMNS FROM `sys_user` [ RunTime:0.010001s ]
SQL: SELECT * FROM `sys_user` WHERE ( `del_flag` = 0 ) AND ( `openid` = 'odOIPv9UcOs4N_jKX0JECOwADE7s' ) LIMIT 1   [ RunTime:0.021001s ]
NOTIC: [8] Trying to get property of non-object D:\phpStudy\WWW\Rose\Core\Extend\Vendor\weixin\jssdk.php 第 75 行.
NOTIC: [8] Trying to get property of non-object D:\phpStudy\WWW\Rose\Core\Extend\Vendor\weixin\jssdk.php 第 53 行.
SQL: SHOW COLUMNS FROM `weixin_userinfo` [ RunTime:0.006001s ]
SQL: SELECT * FROM `weixin_userinfo` WHERE ( `del_flag` = 0 ) AND ( `from_username` = 'odOIPv9UcOs4N_jKX0JECOwADE7s' ) LIMIT 1   [ RunTime:0.033002s ]
SQL: SELECT count(*) as adv
            FROM
                `device_info` di
            LEFT JOIN adv_uservisit_rec pwi ON pwi.di_id = di.id
            LEFT JOIN adv_weixin_info awi ON awi.id = pwi.adv_id
            WHERE
                pwi.status = 2
            and pwi.del_flag=0
            and pwi.transfer_status = 0
			and awi.status=1
			and awi.del_flag=0
            AND di.office_id = 'a721bdccfcb44571a48df2065950d05d'
            AND di.del_flag = 0 [ RunTime:0.033002s ]
SQL: SELECT sum(pwi.consume_account) as count
            FROM
                `device_info` di
            LEFT JOIN device_consume_rec pwi ON pwi.di_id = di.id
            WHERE
                pwi.command_status = 2
            and pwi.del_flag=0
            and pwi.type in(1,3,5,9,11,13,15,17)
			and pwi.transfer_status = 0
			and pwi.consume_status = 1
            AND pwi.create_by = 'kefuanmoyitest'
            AND di.del_flag = 0 [ RunTime:1.449083s ]
SQL: SELECT sum(pwi.consume_account) as alipay
            FROM
                `device_info` di
            LEFT JOIN device_consume_rec pwi ON pwi.di_id = di.id
            WHERE
                pwi.command_status = 2
            and pwi.del_flag=0
            and pwi.type in(2,4,6,10,12,14,16,18)
			and pwi.transfer_status = 0
			and pwi.consume_status = 1
            AND pwi.create_by = 'kefuanmoyitest'
            AND di.del_flag = 0 [ RunTime:1.177067s ]
SQL: SELECT sum(pwi.consume_account) as anm_weixin
            FROM
                `device_info` di
            LEFT JOIN device_consume_rec pwi ON pwi.di_id = di.id
            WHERE
                pwi.command_status = 2
            and pwi.del_flag=0
            and pwi.type=3
			and pwi.transfer_status = 0
            AND di.office_id = 'a721bdccfcb44571a48df2065950d05d'
            AND di.del_flag = 0 [ RunTime:1.169067s ]
SQL: SELECT sum(pwi.consume_account) as anm_alipay
            FROM
                `device_info` di
            LEFT JOIN device_consume_rec pwi ON pwi.di_id = di.id
            WHERE
                pwi.command_status = 2
            and pwi.del_flag=0
            and pwi.type=4
			and pwi.transfer_status = 0
            AND di.office_id = 'a721bdccfcb44571a48df2065950d05d'
            AND di.del_flag = 0 [ RunTime:0.648037s ]
SQL: SHOW COLUMNS FROM `device_info` [ RunTime:0.047002s ]
SQL: SELECT sum(dw.LOC_OP) c from (SELECT * from (SELECT dr.* FROM `device_info` LEFT JOIN device_record
 dr on dr.dev_id=device_info.device_command WHERE ( device_info.del_flag = 0 )
 AND ( device_info.office_id = 'a721bdccfcb44571a48df2065950d05d' ) ORDER BY dr.LOC_OP desc)
 da GROUP BY da.dev_id ORDER BY da.LOC_OP desc) dw [ RunTime:3.270187s ]
SQL: SELECT * FROM `sys_user` WHERE ( `del_flag` = 0 ) AND ( `openid` = 'odOIPv9UcOs4N_jKX0JECOwADE7s' ) LIMIT 1   [ RunTime:0.013000s ]
SQL: UPDATE `sys_user` SET `totals`=76.5 WHERE ( `del_flag` = 0 ) AND ( `id` = 'kefuanmoyitest' ) [ RunTime:0.068004s ]
SQL: SELECT SUM(totals-consume) AS tp_sum FROM `sys_user` WHERE ( `del_flag` = 0 ) AND ( `openid` = 'odOIPv9UcOs4N_jKX0JECOwADE7s' ) LIMIT 1   [ RunTime:0.024002s ]
INFO: [ view_template ] --START--
INFO: Run LocationTemplate Behavior [ RunTime:-9.468542s ]
INFO: [ view_template ] --END-- [ RunTime:0.020001s ]
INFO: [ view_parse ] --START--
INFO: Run ParseTemplate Behavior [ RunTime:-9.488543s ]
INFO: [ view_parse ] --END-- [ RunTime:0.078004s ]
INFO: [ view_filter ] --START--
INFO: Run ContentReplace Behavior [ RunTime:-9.566547s ]
INFO: Run TokenBuild Behavior [ RunTime:-9.568547s ]
INFO: Run WriteHtmlCache Behavior [ RunTime:-9.569547s ]
INFO: Run ShowRuntime Behavior [ RunTime:-9.570547s ]
INFO: [ view_filter ] --END-- [ RunTime:0.006001s ]
INFO: [ view_end ] --START--
INFO: Run ShowPageTrace Behavior [ RunTime:-9.572548s ]
INFO: [ view_end ] --END-- [ RunTime:0.001000s ]

[ 2017-11-30T14:57:30+08:00 ] 0.0.0.0 /Rose/index.php?g=Wap&m=Glass&a=index&openid=odOIPv9UcOs4N_jKX0JECOwADE7s&scan_code=ARSG1234
INFO: [ app_begin ] --START--
INFO: Run ReadHtmlCache Behavior [ RunTime:0.018001s ]
INFO: [ app_begin ] --END-- [ RunTime:0.018001s ]
SQL: SHOW COLUMNS FROM `device_info` [ RunTime:0.012001s ]
SQL: SELECT * FROM `device_info` WHERE ( `scan_code` = 'ARSG1234' ) AND ( `device_status` = 1 ) AND ( `del_flag` = 0 ) LIMIT 1   [ RunTime:0.001000s ]
SQL: SHOW COLUMNS FROM `device_relation_group` [ RunTime:0.012001s ]
SQL: SELECT * FROM `device_relation_group` WHERE ( `di_id` = '2017113014_AF11210C3D981654383C2FAD8283BD7E' ) AND ( `del_flag` = 0 ) AND ( `device_type` = 5 ) LIMIT 1   [ RunTime:0.001000s ]
SQL: SHOW COLUMNS FROM `sys_user` [ RunTime:0.017001s ]
SQL: SELECT su.phone FROM sys_user su LEFT JOIN device_info di on di.owner_id=su.id WHERE ( di.scan_code = 'ARSG1234' ) AND ( di.del_flag = 0 ) AND ( su.del_flag = 0 ) LIMIT 1   [ RunTime:0.000000s ]
INFO: [ view_template ] --START--
INFO: Run LocationTemplate Behavior [ RunTime:-3.158181s ]
INFO: [ view_template ] --END-- [ RunTime:0.002000s ]
INFO: [ view_parse ] --START--
NOTIC: [8] Undefined offset: 1 D:\phpStudy\WWW\Rose\logs\Cache\Wap\bcf73615984b3058bc150c1b35567356.php 第 50 行.
NOTIC: [8] Undefined offset: 1 D:\phpStudy\WWW\Rose\logs\Cache\Wap\bcf73615984b3058bc150c1b35567356.php 第 52 行.
NOTIC: [8] Undefined offset: 3 D:\phpStudy\WWW\Rose\logs\Cache\Wap\bcf73615984b3058bc150c1b35567356.php 第 53 行.
NOTIC: [8] Undefined offset: 2 D:\phpStudy\WWW\Rose\logs\Cache\Wap\bcf73615984b3058bc150c1b35567356.php 第 53 行.
NOTIC: [8] Undefined offset: 2 D:\phpStudy\WWW\Rose\logs\Cache\Wap\bcf73615984b3058bc150c1b35567356.php 第 54 行.
NOTIC: [8] Undefined offset: 3 D:\phpStudy\WWW\Rose\logs\Cache\Wap\bcf73615984b3058bc150c1b35567356.php 第 54 行.
NOTIC: [8] Undefined offset: 5 D:\phpStudy\WWW\Rose\logs\Cache\Wap\bcf73615984b3058bc150c1b35567356.php 第 55 行.
NOTIC: [8] Undefined offset: 4 D:\phpStudy\WWW\Rose\logs\Cache\Wap\bcf73615984b3058bc150c1b35567356.php 第 55 行.
NOTIC: [8] Undefined offset: 4 D:\phpStudy\WWW\Rose\logs\Cache\Wap\bcf73615984b3058bc150c1b35567356.php 第 56 行.
NOTIC: [8] Undefined offset: 5 D:\phpStudy\WWW\Rose\logs\Cache\Wap\bcf73615984b3058bc150c1b35567356.php 第 56 行.
NOTIC: [8] Undefined offset: 7 D:\phpStudy\WWW\Rose\logs\Cache\Wap\bcf73615984b3058bc150c1b35567356.php 第 57 行.
NOTIC: [8] Undefined offset: 6 D:\phpStudy\WWW\Rose\logs\Cache\Wap\bcf73615984b3058bc150c1b35567356.php 第 57 行.
NOTIC: [8] Undefined offset: 6 D:\phpStudy\WWW\Rose\logs\Cache\Wap\bcf73615984b3058bc150c1b35567356.php 第 58 行.
NOTIC: [8] Undefined offset: 7 D:\phpStudy\WWW\Rose\logs\Cache\Wap\bcf73615984b3058bc150c1b35567356.php 第 58 行.
NOTIC: [8] Undefined variable: openid D:\phpStudy\WWW\Rose\logs\Cache\Wap\bcf73615984b3058bc150c1b35567356.php 第 63 行.
NOTIC: [8] Use of undefined constant wechat - assumed 'wechat' D:\phpStudy\WWW\Rose\logs\Cache\Wap\bcf73615984b3058bc150c1b35567356.php 第 70 行.
NOTIC: [8] Undefined variable: buyer_id D:\phpStudy\WWW\Rose\logs\Cache\Wap\bcf73615984b3058bc150c1b35567356.php 第 72 行.
NOTIC: [8] Undefined variable: openid D:\phpStudy\WWW\Rose\logs\Cache\Wap\bcf73615984b3058bc150c1b35567356.php 第 81 行.
NOTIC: [8] Undefined variable: buyer_id D:\phpStudy\WWW\Rose\logs\Cache\Wap\bcf73615984b3058bc150c1b35567356.php 第 82 行.
INFO: Run ParseTemplate Behavior [ RunTime:-3.160181s ]
INFO: [ view_parse ] --END-- [ RunTime:0.034002s ]
INFO: [ view_filter ] --START--
INFO: Run ContentReplace Behavior [ RunTime:-3.194183s ]
INFO: Run TokenBuild Behavior [ RunTime:-3.195183s ]
INFO: Run WriteHtmlCache Behavior [ RunTime:-3.196183s ]
INFO: Run ShowRuntime Behavior [ RunTime:-3.197183s ]
INFO: [ view_filter ] --END-- [ RunTime:0.004000s ]
INFO: [ view_end ] --START--
INFO: Run ShowPageTrace Behavior [ RunTime:-3.198183s ]
INFO: [ view_end ] --END-- [ RunTime:0.002001s ]

[ 2017-11-30T14:57:37+08:00 ] 0.0.0.0 /Rose/index.php?g=Wap&m=Glass&a=index&openid=odOIPv9UcOs4N_jKX0JECOwADE7s&scan_code=ARSG1234
INFO: [ app_begin ] --START--
INFO: Run ReadHtmlCache Behavior [ RunTime:0.001000s ]
INFO: [ app_begin ] --END-- [ RunTime:0.001000s ]
SQL: SHOW COLUMNS FROM `device_info` [ RunTime:0.028002s ]
SQL: SELECT * FROM `device_info` WHERE ( `scan_code` = 'ARSG1234' ) AND ( `device_status` = 1 ) AND ( `del_flag` = 0 ) LIMIT 1   [ RunTime:0.001000s ]
SQL: SHOW COLUMNS FROM `device_relation_group` [ RunTime:0.007000s ]
SQL: SELECT * FROM `device_relation_group` WHERE ( `di_id` = '2017113014_AF11210C3D981654383C2FAD8283BD7E' ) AND ( `del_flag` = 0 ) AND ( `device_type` = 5 ) LIMIT 1   [ RunTime:0.001000s ]
SQL: SHOW COLUMNS FROM `sys_user` [ RunTime:0.010001s ]
SQL: SELECT su.phone FROM sys_user su LEFT JOIN device_info di on di.owner_id=su.id WHERE ( di.scan_code = 'ARSG1234' ) AND ( di.del_flag = 0 ) AND ( su.del_flag = 0 ) LIMIT 1   [ RunTime:0.000000s ]
INFO: [ view_template ] --START--
INFO: Run LocationTemplate Behavior [ RunTime:-1.964112s ]
INFO: [ view_template ] --END-- [ RunTime:0.002000s ]
INFO: [ view_parse ] --START--
NOTIC: [8] Undefined offset: 1 D:\phpStudy\WWW\Rose\logs\Cache\Wap\bcf73615984b3058bc150c1b35567356.php 第 50 行.
NOTIC: [8] Undefined offset: 1 D:\phpStudy\WWW\Rose\logs\Cache\Wap\bcf73615984b3058bc150c1b35567356.php 第 52 行.
NOTIC: [8] Undefined offset: 3 D:\phpStudy\WWW\Rose\logs\Cache\Wap\bcf73615984b3058bc150c1b35567356.php 第 53 行.
NOTIC: [8] Undefined offset: 2 D:\phpStudy\WWW\Rose\logs\Cache\Wap\bcf73615984b3058bc150c1b35567356.php 第 53 行.
NOTIC: [8] Undefined offset: 2 D:\phpStudy\WWW\Rose\logs\Cache\Wap\bcf73615984b3058bc150c1b35567356.php 第 54 行.
NOTIC: [8] Undefined offset: 3 D:\phpStudy\WWW\Rose\logs\Cache\Wap\bcf73615984b3058bc150c1b35567356.php 第 54 行.
NOTIC: [8] Undefined offset: 5 D:\phpStudy\WWW\Rose\logs\Cache\Wap\bcf73615984b3058bc150c1b35567356.php 第 55 行.
NOTIC: [8] Undefined offset: 4 D:\phpStudy\WWW\Rose\logs\Cache\Wap\bcf73615984b3058bc150c1b35567356.php 第 55 行.
NOTIC: [8] Undefined offset: 4 D:\phpStudy\WWW\Rose\logs\Cache\Wap\bcf73615984b3058bc150c1b35567356.php 第 56 行.
NOTIC: [8] Undefined offset: 5 D:\phpStudy\WWW\Rose\logs\Cache\Wap\bcf73615984b3058bc150c1b35567356.php 第 56 行.
NOTIC: [8] Undefined offset: 7 D:\phpStudy\WWW\Rose\logs\Cache\Wap\bcf73615984b3058bc150c1b35567356.php 第 57 行.
NOTIC: [8] Undefined offset: 6 D:\phpStudy\WWW\Rose\logs\Cache\Wap\bcf73615984b3058bc150c1b35567356.php 第 57 行.
NOTIC: [8] Undefined offset: 6 D:\phpStudy\WWW\Rose\logs\Cache\Wap\bcf73615984b3058bc150c1b35567356.php 第 58 行.
NOTIC: [8] Undefined offset: 7 D:\phpStudy\WWW\Rose\logs\Cache\Wap\bcf73615984b3058bc150c1b35567356.php 第 58 行.
NOTIC: [8] Undefined variable: openid D:\phpStudy\WWW\Rose\logs\Cache\Wap\bcf73615984b3058bc150c1b35567356.php 第 63 行.
NOTIC: [8] Use of undefined constant wechat - assumed 'wechat' D:\phpStudy\WWW\Rose\logs\Cache\Wap\bcf73615984b3058bc150c1b35567356.php 第 70 行.
NOTIC: [8] Undefined variable: buyer_id D:\phpStudy\WWW\Rose\logs\Cache\Wap\bcf73615984b3058bc150c1b35567356.php 第 72 行.
NOTIC: [8] Undefined variable: openid D:\phpStudy\WWW\Rose\logs\Cache\Wap\bcf73615984b3058bc150c1b35567356.php 第 81 行.
NOTIC: [8] Undefined variable: buyer_id D:\phpStudy\WWW\Rose\logs\Cache\Wap\bcf73615984b3058bc150c1b35567356.php 第 82 行.
INFO: Run ParseTemplate Behavior [ RunTime:-1.966112s ]
INFO: [ view_parse ] --END-- [ RunTime:0.017001s ]
INFO: [ view_filter ] --START--
INFO: Run ContentReplace Behavior [ RunTime:-1.983113s ]
INFO: Run TokenBuild Behavior [ RunTime:-1.984113s ]
INFO: Run WriteHtmlCache Behavior [ RunTime:-1.985113s ]
INFO: Run ShowRuntime Behavior [ RunTime:-1.986113s ]
INFO: [ view_filter ] --END-- [ RunTime:0.004000s ]
INFO: [ view_end ] --START--
INFO: Run ShowPageTrace Behavior [ RunTime:-1.987113s ]
INFO: [ view_end ] --END-- [ RunTime:0.001000s ]

[ 2017-11-30T15:34:17+08:00 ] 0.0.0.0 /Rose/index.php?g=Wap&m=Glass&a=index&openid=odOIPv9UcOs4N_jKX0JECOwADE7s&scan_code=ARSG1234
INFO: [ app_begin ] --START--
INFO: Run ReadHtmlCache Behavior [ RunTime:0.008000s ]
INFO: [ app_begin ] --END-- [ RunTime:0.008000s ]
SQL: SHOW COLUMNS FROM `device_info` [ RunTime:0.040002s ]
SQL: SELECT * FROM `device_info` WHERE ( `scan_code` = 'ARSG1234' ) AND ( `device_status` = 1 ) AND ( `del_flag` = 0 ) LIMIT 1   [ RunTime:0.001001s ]
SQL: SHOW COLUMNS FROM `device_relation_group` [ RunTime:0.042002s ]
SQL: SELECT * FROM `device_relation_group` WHERE ( `di_id` = '2017113014_AF11210C3D981654383C2FAD8283BD7E' ) AND ( `del_flag` = 0 ) AND ( `device_type` = 9 ) LIMIT 1   [ RunTime:0.001000s ]
SQL: SHOW COLUMNS FROM `sys_user` [ RunTime:0.032002s ]
SQL: SELECT su.phone FROM sys_user su LEFT JOIN device_info di on di.owner_id=su.id WHERE ( di.scan_code = 'ARSG1234' ) AND ( di.del_flag = 0 ) AND ( su.del_flag = 0 ) LIMIT 1   [ RunTime:0.001000s ]
INFO: [ view_template ] --START--
INFO: Run LocationTemplate Behavior [ RunTime:-2.144123s ]
INFO: [ view_template ] --END-- [ RunTime:0.009000s ]
INFO: [ view_parse ] --START--
NOTIC: [8] Undefined offset: 1 D:\phpStudy\WWW\Rose\logs\Cache\Wap\bcf73615984b3058bc150c1b35567356.php 第 50 行.
NOTIC: [8] Undefined offset: 1 D:\phpStudy\WWW\Rose\logs\Cache\Wap\bcf73615984b3058bc150c1b35567356.php 第 52 行.
NOTIC: [8] Undefined offset: 3 D:\phpStudy\WWW\Rose\logs\Cache\Wap\bcf73615984b3058bc150c1b35567356.php 第 53 行.
NOTIC: [8] Undefined offset: 2 D:\phpStudy\WWW\Rose\logs\Cache\Wap\bcf73615984b3058bc150c1b35567356.php 第 53 行.
NOTIC: [8] Undefined offset: 2 D:\phpStudy\WWW\Rose\logs\Cache\Wap\bcf73615984b3058bc150c1b35567356.php 第 54 行.
NOTIC: [8] Undefined offset: 3 D:\phpStudy\WWW\Rose\logs\Cache\Wap\bcf73615984b3058bc150c1b35567356.php 第 54 行.
NOTIC: [8] Undefined offset: 5 D:\phpStudy\WWW\Rose\logs\Cache\Wap\bcf73615984b3058bc150c1b35567356.php 第 55 行.
NOTIC: [8] Undefined offset: 4 D:\phpStudy\WWW\Rose\logs\Cache\Wap\bcf73615984b3058bc150c1b35567356.php 第 55 行.
NOTIC: [8] Undefined offset: 4 D:\phpStudy\WWW\Rose\logs\Cache\Wap\bcf73615984b3058bc150c1b35567356.php 第 56 行.
NOTIC: [8] Undefined offset: 5 D:\phpStudy\WWW\Rose\logs\Cache\Wap\bcf73615984b3058bc150c1b35567356.php 第 56 行.
NOTIC: [8] Undefined offset: 7 D:\phpStudy\WWW\Rose\logs\Cache\Wap\bcf73615984b3058bc150c1b35567356.php 第 57 行.
NOTIC: [8] Undefined offset: 6 D:\phpStudy\WWW\Rose\logs\Cache\Wap\bcf73615984b3058bc150c1b35567356.php 第 57 行.
NOTIC: [8] Undefined offset: 6 D:\phpStudy\WWW\Rose\logs\Cache\Wap\bcf73615984b3058bc150c1b35567356.php 第 58 行.
NOTIC: [8] Undefined offset: 7 D:\phpStudy\WWW\Rose\logs\Cache\Wap\bcf73615984b3058bc150c1b35567356.php 第 58 行.
NOTIC: [8] Use of undefined constant wechat - assumed 'wechat' D:\phpStudy\WWW\Rose\logs\Cache\Wap\bcf73615984b3058bc150c1b35567356.php 第 69 行.
NOTIC: [8] Undefined variable: buyer_id D:\phpStudy\WWW\Rose\logs\Cache\Wap\bcf73615984b3058bc150c1b35567356.php 第 71 行.
NOTIC: [8] Undefined variable: openid D:\phpStudy\WWW\Rose\logs\Cache\Wap\bcf73615984b3058bc150c1b35567356.php 第 80 行.
NOTIC: [8] Undefined variable: buyer_id D:\phpStudy\WWW\Rose\logs\Cache\Wap\bcf73615984b3058bc150c1b35567356.php 第 81 行.
INFO: Run ParseTemplate Behavior [ RunTime:-2.154123s ]
INFO: [ view_parse ] --END-- [ RunTime:0.031002s ]
INFO: [ view_filter ] --START--
INFO: Run ContentReplace Behavior [ RunTime:-2.185125s ]
INFO: Run TokenBuild Behavior [ RunTime:-2.187125s ]
INFO: Run WriteHtmlCache Behavior [ RunTime:-2.189125s ]
INFO: Run ShowRuntime Behavior [ RunTime:-2.191126s ]
INFO: [ view_filter ] --END-- [ RunTime:0.007001s ]
INFO: [ view_end ] --START--
INFO: Run ShowPageTrace Behavior [ RunTime:-2.192126s ]
INFO: [ view_end ] --END-- [ RunTime:0.002000s ]

[ 2017-11-30T15:35:43+08:00 ] 0.0.0.0 /Rose/index.php?g=Wap&m=Glass&a=index&openid=odOIPv9UcOs4N_jKX0JECOwADE7s&scan_code=ARSG1234
INFO: [ app_begin ] --START--
INFO: Run ReadHtmlCache Behavior [ RunTime:0.003001s ]
INFO: [ app_begin ] --END-- [ RunTime:0.003001s ]
SQL: SHOW COLUMNS FROM `device_info` [ RunTime:0.009000s ]
SQL: SELECT * FROM `device_info` WHERE ( `scan_code` = 'ARSG1234' ) AND ( `device_status` = 1 ) AND ( `del_flag` = 0 ) LIMIT 1   [ RunTime:0.001000s ]
SQL: SHOW COLUMNS FROM `device_relation_group` [ RunTime:0.011001s ]
SQL: SELECT * FROM `device_relation_group` WHERE ( `di_id` = '2017113014_AF11210C3D981654383C2FAD8283BD7E' ) AND ( `del_flag` = 0 ) AND ( `device_type` = 9 ) LIMIT 1   [ RunTime:0.001000s ]
SQL: SHOW COLUMNS FROM `sys_user` [ RunTime:0.011001s ]
SQL: SELECT su.phone FROM sys_user su LEFT JOIN device_info di on di.owner_id=su.id WHERE ( di.scan_code = 'ARSG1234' ) AND ( di.del_flag = 0 ) AND ( su.del_flag = 0 ) LIMIT 1   [ RunTime:0.000000s ]
INFO: [ view_template ] --START--
INFO: Run LocationTemplate Behavior [ RunTime:-1.926110s ]
INFO: [ view_template ] --END-- [ RunTime:0.003000s ]
INFO: [ view_parse ] --START--
NOTIC: [8] Undefined offset: 1 D:\phpStudy\WWW\Rose\logs\Cache\Wap\bcf73615984b3058bc150c1b35567356.php 第 50 行.
NOTIC: [8] Undefined offset: 1 D:\phpStudy\WWW\Rose\logs\Cache\Wap\bcf73615984b3058bc150c1b35567356.php 第 52 行.
NOTIC: [8] Undefined offset: 3 D:\phpStudy\WWW\Rose\logs\Cache\Wap\bcf73615984b3058bc150c1b35567356.php 第 53 行.
NOTIC: [8] Undefined offset: 2 D:\phpStudy\WWW\Rose\logs\Cache\Wap\bcf73615984b3058bc150c1b35567356.php 第 53 行.
NOTIC: [8] Undefined offset: 2 D:\phpStudy\WWW\Rose\logs\Cache\Wap\bcf73615984b3058bc150c1b35567356.php 第 54 行.
NOTIC: [8] Undefined offset: 3 D:\phpStudy\WWW\Rose\logs\Cache\Wap\bcf73615984b3058bc150c1b35567356.php 第 54 行.
NOTIC: [8] Undefined offset: 5 D:\phpStudy\WWW\Rose\logs\Cache\Wap\bcf73615984b3058bc150c1b35567356.php 第 55 行.
NOTIC: [8] Undefined offset: 4 D:\phpStudy\WWW\Rose\logs\Cache\Wap\bcf73615984b3058bc150c1b35567356.php 第 55 行.
NOTIC: [8] Undefined offset: 4 D:\phpStudy\WWW\Rose\logs\Cache\Wap\bcf73615984b3058bc150c1b35567356.php 第 56 行.
NOTIC: [8] Undefined offset: 5 D:\phpStudy\WWW\Rose\logs\Cache\Wap\bcf73615984b3058bc150c1b35567356.php 第 56 行.
NOTIC: [8] Undefined offset: 7 D:\phpStudy\WWW\Rose\logs\Cache\Wap\bcf73615984b3058bc150c1b35567356.php 第 57 行.
NOTIC: [8] Undefined offset: 6 D:\phpStudy\WWW\Rose\logs\Cache\Wap\bcf73615984b3058bc150c1b35567356.php 第 57 行.
NOTIC: [8] Undefined offset: 6 D:\phpStudy\WWW\Rose\logs\Cache\Wap\bcf73615984b3058bc150c1b35567356.php 第 58 行.
NOTIC: [8] Undefined offset: 7 D:\phpStudy\WWW\Rose\logs\Cache\Wap\bcf73615984b3058bc150c1b35567356.php 第 58 行.
NOTIC: [8] Use of undefined constant wechat - assumed 'wechat' D:\phpStudy\WWW\Rose\logs\Cache\Wap\bcf73615984b3058bc150c1b35567356.php 第 69 行.
NOTIC: [8] Undefined variable: buyer_id D:\phpStudy\WWW\Rose\logs\Cache\Wap\bcf73615984b3058bc150c1b35567356.php 第 71 行.
NOTIC: [8] Undefined variable: openid D:\phpStudy\WWW\Rose\logs\Cache\Wap\bcf73615984b3058bc150c1b35567356.php 第 80 行.
NOTIC: [8] Undefined variable: buyer_id D:\phpStudy\WWW\Rose\logs\Cache\Wap\bcf73615984b3058bc150c1b35567356.php 第 81 行.
INFO: Run ParseTemplate Behavior [ RunTime:-1.929110s ]
INFO: [ view_parse ] --END-- [ RunTime:0.018001s ]
INFO: [ view_filter ] --START--
INFO: Run ContentReplace Behavior [ RunTime:-1.947111s ]
INFO: Run TokenBuild Behavior [ RunTime:-1.948111s ]
INFO: Run WriteHtmlCache Behavior [ RunTime:-1.949111s ]
INFO: Run ShowRuntime Behavior [ RunTime:-1.950111s ]
INFO: [ view_filter ] --END-- [ RunTime:0.005000s ]
INFO: [ view_end ] --START--
INFO: Run ShowPageTrace Behavior [ RunTime:-1.952111s ]
INFO: [ view_end ] --END-- [ RunTime:0.004000s ]

[ 2017-11-30T17:57:06+08:00 ] 0.0.0.0 /Rose/index.php?g=Wap&m=Glass&a=index&openid=odOIPv9UcOs4N_jKX0JECOwADE7s&scan_code=ARSG1234
INFO: [ app_begin ] --START--
INFO: Run ReadHtmlCache Behavior [ RunTime:0.048003s ]
INFO: [ app_begin ] --END-- [ RunTime:0.048003s ]
SQL: SHOW COLUMNS FROM `device_info` [ RunTime:0.170009s ]
SQL: SELECT * FROM `device_info` WHERE ( `scan_code` = 'ARSG1234' ) AND ( `device_status` = 1 ) AND ( `del_flag` = 0 ) LIMIT 1   [ RunTime:0.035002s ]
SQL: SHOW COLUMNS FROM `device_relation_group` [ RunTime:0.061004s ]
SQL: SELECT * FROM `device_relation_group` WHERE ( `di_id` = '2017113014_AF11210C3D981654383C2FAD8283BD7E' ) AND ( `del_flag` = 0 ) AND ( `device_type` = 9 ) LIMIT 1   [ RunTime:0.027002s ]
SQL: SHOW COLUMNS FROM `sys_user` [ RunTime:0.028001s ]
SQL: SELECT su.phone FROM sys_user su LEFT JOIN device_info di on di.owner_id=su.id WHERE ( di.scan_code = 'ARSG1234' ) AND ( di.del_flag = 0 ) AND ( su.del_flag = 0 ) LIMIT 1   [ RunTime:0.060004s ]
INFO: [ view_template ] --START--
INFO: Run LocationTemplate Behavior [ RunTime:-3.094177s ]
INFO: [ view_template ] --END-- [ RunTime:0.015000s ]
INFO: [ view_parse ] --START--
NOTIC: [8] Undefined offset: 1 D:\phpStudy\WWW\Rose\logs\Cache\Wap\bcf73615984b3058bc150c1b35567356.php 第 50 行.
NOTIC: [8] Undefined offset: 1 D:\phpStudy\WWW\Rose\logs\Cache\Wap\bcf73615984b3058bc150c1b35567356.php 第 52 行.
NOTIC: [8] Undefined offset: 3 D:\phpStudy\WWW\Rose\logs\Cache\Wap\bcf73615984b3058bc150c1b35567356.php 第 53 行.
NOTIC: [8] Undefined offset: 2 D:\phpStudy\WWW\Rose\logs\Cache\Wap\bcf73615984b3058bc150c1b35567356.php 第 53 行.
NOTIC: [8] Undefined offset: 2 D:\phpStudy\WWW\Rose\logs\Cache\Wap\bcf73615984b3058bc150c1b35567356.php 第 54 行.
NOTIC: [8] Undefined offset: 3 D:\phpStudy\WWW\Rose\logs\Cache\Wap\bcf73615984b3058bc150c1b35567356.php 第 54 行.
NOTIC: [8] Undefined offset: 5 D:\phpStudy\WWW\Rose\logs\Cache\Wap\bcf73615984b3058bc150c1b35567356.php 第 55 行.
NOTIC: [8] Undefined offset: 4 D:\phpStudy\WWW\Rose\logs\Cache\Wap\bcf73615984b3058bc150c1b35567356.php 第 55 行.
NOTIC: [8] Undefined offset: 4 D:\phpStudy\WWW\Rose\logs\Cache\Wap\bcf73615984b3058bc150c1b35567356.php 第 56 行.
NOTIC: [8] Undefined offset: 5 D:\phpStudy\WWW\Rose\logs\Cache\Wap\bcf73615984b3058bc150c1b35567356.php 第 56 行.
NOTIC: [8] Undefined offset: 7 D:\phpStudy\WWW\Rose\logs\Cache\Wap\bcf73615984b3058bc150c1b35567356.php 第 57 行.
NOTIC: [8] Undefined offset: 6 D:\phpStudy\WWW\Rose\logs\Cache\Wap\bcf73615984b3058bc150c1b35567356.php 第 57 行.
NOTIC: [8] Undefined offset: 6 D:\phpStudy\WWW\Rose\logs\Cache\Wap\bcf73615984b3058bc150c1b35567356.php 第 58 行.
NOTIC: [8] Undefined offset: 7 D:\phpStudy\WWW\Rose\logs\Cache\Wap\bcf73615984b3058bc150c1b35567356.php 第 58 行.
NOTIC: [8] Use of undefined constant wechat - assumed 'wechat' D:\phpStudy\WWW\Rose\logs\Cache\Wap\bcf73615984b3058bc150c1b35567356.php 第 69 行.
NOTIC: [8] Undefined variable: buyer_id D:\phpStudy\WWW\Rose\logs\Cache\Wap\bcf73615984b3058bc150c1b35567356.php 第 71 行.
NOTIC: [8] Undefined variable: openid D:\phpStudy\WWW\Rose\logs\Cache\Wap\bcf73615984b3058bc150c1b35567356.php 第 80 行.
NOTIC: [8] Undefined variable: buyer_id D:\phpStudy\WWW\Rose\logs\Cache\Wap\bcf73615984b3058bc150c1b35567356.php 第 81 行.
INFO: Run ParseTemplate Behavior [ RunTime:-3.109177s ]
INFO: [ view_parse ] --END-- [ RunTime:0.106007s ]
INFO: [ view_filter ] --START--
INFO: Run ContentReplace Behavior [ RunTime:-3.215184s ]
INFO: Run TokenBuild Behavior [ RunTime:-3.216184s ]
INFO: Run WriteHtmlCache Behavior [ RunTime:-3.217184s ]
INFO: Run ShowRuntime Behavior [ RunTime:-3.219184s ]
INFO: [ view_filter ] --END-- [ RunTime:0.005000s ]
INFO: [ view_end ] --START--
INFO: Run ShowPageTrace Behavior [ RunTime:-3.228184s ]
INFO: [ view_end ] --END-- [ RunTime:0.002000s ]

[ 2017-11-30T17:57:30+08:00 ] 0.0.0.0 /Rose/index.php?g=Wap&m=Glass&a=index&openid=odOIPv9UcOs4N_jKX0JECOwADE7s&scan_code=ARSG1234
INFO: [ app_begin ] --START--
INFO: Run ReadHtmlCache Behavior [ RunTime:0.001000s ]
INFO: [ app_begin ] --END-- [ RunTime:0.001000s ]
SQL: SHOW COLUMNS FROM `device_info` [ RunTime:0.044003s ]
SQL: SELECT * FROM `device_info` WHERE ( `scan_code` = 'ARSG1234' ) AND ( `device_status` = 1 ) AND ( `del_flag` = 0 ) LIMIT 1   [ RunTime:0.000000s ]
SQL: SHOW COLUMNS FROM `device_relation_group` [ RunTime:0.015001s ]
SQL: SELECT * FROM `device_relation_group` WHERE ( `di_id` = '2017113014_AF11210C3D981654383C2FAD8283BD7E' ) AND ( `del_flag` = 0 ) AND ( `device_type` = 9 ) LIMIT 1   [ RunTime:0.001000s ]
SQL: SHOW COLUMNS FROM `sys_user` [ RunTime:0.014001s ]
SQL: SELECT su.phone FROM sys_user su LEFT JOIN device_info di on di.owner_id=su.id WHERE ( di.scan_code = 'ARSG1234' ) AND ( di.del_flag = 0 ) AND ( su.del_flag = 0 ) LIMIT 1   [ RunTime:0.000000s ]
INFO: [ view_template ] --START--
INFO: Run LocationTemplate Behavior [ RunTime:-1.765101s ]
INFO: [ view_template ] --END-- [ RunTime:0.002000s ]
INFO: [ view_parse ] --START--
NOTIC: [8] Undefined offset: 1 D:\phpStudy\WWW\Rose\logs\Cache\Wap\bcf73615984b3058bc150c1b35567356.php 第 50 行.
NOTIC: [8] Undefined offset: 1 D:\phpStudy\WWW\Rose\logs\Cache\Wap\bcf73615984b3058bc150c1b35567356.php 第 52 行.
NOTIC: [8] Undefined offset: 3 D:\phpStudy\WWW\Rose\logs\Cache\Wap\bcf73615984b3058bc150c1b35567356.php 第 53 行.
NOTIC: [8] Undefined offset: 2 D:\phpStudy\WWW\Rose\logs\Cache\Wap\bcf73615984b3058bc150c1b35567356.php 第 53 行.
NOTIC: [8] Undefined offset: 2 D:\phpStudy\WWW\Rose\logs\Cache\Wap\bcf73615984b3058bc150c1b35567356.php 第 54 行.
NOTIC: [8] Undefined offset: 3 D:\phpStudy\WWW\Rose\logs\Cache\Wap\bcf73615984b3058bc150c1b35567356.php 第 54 行.
NOTIC: [8] Undefined offset: 5 D:\phpStudy\WWW\Rose\logs\Cache\Wap\bcf73615984b3058bc150c1b35567356.php 第 55 行.
NOTIC: [8] Undefined offset: 4 D:\phpStudy\WWW\Rose\logs\Cache\Wap\bcf73615984b3058bc150c1b35567356.php 第 55 行.
NOTIC: [8] Undefined offset: 4 D:\phpStudy\WWW\Rose\logs\Cache\Wap\bcf73615984b3058bc150c1b35567356.php 第 56 行.
NOTIC: [8] Undefined offset: 5 D:\phpStudy\WWW\Rose\logs\Cache\Wap\bcf73615984b3058bc150c1b35567356.php 第 56 行.
NOTIC: [8] Undefined offset: 7 D:\phpStudy\WWW\Rose\logs\Cache\Wap\bcf73615984b3058bc150c1b35567356.php 第 57 行.
NOTIC: [8] Undefined offset: 6 D:\phpStudy\WWW\Rose\logs\Cache\Wap\bcf73615984b3058bc150c1b35567356.php 第 57 行.
NOTIC: [8] Undefined offset: 6 D:\phpStudy\WWW\Rose\logs\Cache\Wap\bcf73615984b3058bc150c1b35567356.php 第 58 行.
NOTIC: [8] Undefined offset: 7 D:\phpStudy\WWW\Rose\logs\Cache\Wap\bcf73615984b3058bc150c1b35567356.php 第 58 行.
NOTIC: [8] Use of undefined constant wechat - assumed 'wechat' D:\phpStudy\WWW\Rose\logs\Cache\Wap\bcf73615984b3058bc150c1b35567356.php 第 69 行.
NOTIC: [8] Undefined variable: buyer_id D:\phpStudy\WWW\Rose\logs\Cache\Wap\bcf73615984b3058bc150c1b35567356.php 第 71 行.
NOTIC: [8] Undefined variable: openid D:\phpStudy\WWW\Rose\logs\Cache\Wap\bcf73615984b3058bc150c1b35567356.php 第 80 行.
NOTIC: [8] Undefined variable: buyer_id D:\phpStudy\WWW\Rose\logs\Cache\Wap\bcf73615984b3058bc150c1b35567356.php 第 81 行.
INFO: Run ParseTemplate Behavior [ RunTime:-1.767101s ]
INFO: [ view_parse ] --END-- [ RunTime:0.014001s ]
INFO: [ view_filter ] --START--
INFO: Run ContentReplace Behavior [ RunTime:-1.781102s ]
INFO: Run TokenBuild Behavior [ RunTime:-1.782102s ]
INFO: Run WriteHtmlCache Behavior [ RunTime:-1.783102s ]
INFO: Run ShowRuntime Behavior [ RunTime:-1.783102s ]
INFO: [ view_filter ] --END-- [ RunTime:0.003000s ]
INFO: [ view_end ] --START--
INFO: Run ShowPageTrace Behavior [ RunTime:-1.784102s ]
INFO: [ view_end ] --END-- [ RunTime:0.002000s ]

[ 2017-11-30T17:58:02+08:00 ] 0.0.0.0 /Rose/index.php?g=Wap&m=Glass&a=index&openid=odOIPv9UcOs4N_jKX0JECOwADE7s&scan_code=ARSG1234
INFO: [ app_begin ] --START--
INFO: Run ReadHtmlCache Behavior [ RunTime:0.002001s ]
INFO: [ app_begin ] --END-- [ RunTime:0.002001s ]
SQL: SHOW COLUMNS FROM `device_info` [ RunTime:0.031001s ]
SQL: SELECT * FROM `device_info` WHERE ( `scan_code` = 'ARSG1234' ) AND ( `device_status` = 1 ) AND ( `del_flag` = 0 ) LIMIT 1   [ RunTime:0.001000s ]
SQL: SHOW COLUMNS FROM `device_relation_group` [ RunTime:0.013001s ]
SQL: SELECT * FROM `device_relation_group` WHERE ( `di_id` = '2017113014_AF11210C3D981654383C2FAD8283BD7E' ) AND ( `del_flag` = 0 ) AND ( `device_type` = 9 ) LIMIT 1   [ RunTime:0.001000s ]
SQL: SHOW COLUMNS FROM `sys_user` [ RunTime:0.014001s ]
SQL: SELECT su.phone FROM sys_user su LEFT JOIN device_info di on di.owner_id=su.id WHERE ( di.scan_code = 'ARSG1234' ) AND ( di.del_flag = 0 ) AND ( su.del_flag = 0 ) LIMIT 1   [ RunTime:0.000000s ]
INFO: [ view_template ] --START--
INFO: Run LocationTemplate Behavior [ RunTime:-1.549088s ]
INFO: [ view_template ] --END-- [ RunTime:0.002000s ]
INFO: [ view_parse ] --START--
NOTIC: [8] Undefined offset: 1 D:\phpStudy\WWW\Rose\logs\Cache\Wap\bcf73615984b3058bc150c1b35567356.php 第 50 行.
NOTIC: [8] Undefined offset: 1 D:\phpStudy\WWW\Rose\logs\Cache\Wap\bcf73615984b3058bc150c1b35567356.php 第 52 行.
NOTIC: [8] Undefined offset: 3 D:\phpStudy\WWW\Rose\logs\Cache\Wap\bcf73615984b3058bc150c1b35567356.php 第 53 行.
NOTIC: [8] Undefined offset: 2 D:\phpStudy\WWW\Rose\logs\Cache\Wap\bcf73615984b3058bc150c1b35567356.php 第 53 行.
NOTIC: [8] Undefined offset: 2 D:\phpStudy\WWW\Rose\logs\Cache\Wap\bcf73615984b3058bc150c1b35567356.php 第 54 行.
NOTIC: [8] Undefined offset: 3 D:\phpStudy\WWW\Rose\logs\Cache\Wap\bcf73615984b3058bc150c1b35567356.php 第 54 行.
NOTIC: [8] Undefined offset: 5 D:\phpStudy\WWW\Rose\logs\Cache\Wap\bcf73615984b3058bc150c1b35567356.php 第 55 行.
NOTIC: [8] Undefined offset: 4 D:\phpStudy\WWW\Rose\logs\Cache\Wap\bcf73615984b3058bc150c1b35567356.php 第 55 行.
NOTIC: [8] Undefined offset: 4 D:\phpStudy\WWW\Rose\logs\Cache\Wap\bcf73615984b3058bc150c1b35567356.php 第 56 行.
NOTIC: [8] Undefined offset: 5 D:\phpStudy\WWW\Rose\logs\Cache\Wap\bcf73615984b3058bc150c1b35567356.php 第 56 行.
NOTIC: [8] Undefined offset: 7 D:\phpStudy\WWW\Rose\logs\Cache\Wap\bcf73615984b3058bc150c1b35567356.php 第 57 行.
NOTIC: [8] Undefined offset: 6 D:\phpStudy\WWW\Rose\logs\Cache\Wap\bcf73615984b3058bc150c1b35567356.php 第 57 行.
NOTIC: [8] Undefined offset: 6 D:\phpStudy\WWW\Rose\logs\Cache\Wap\bcf73615984b3058bc150c1b35567356.php 第 58 行.
NOTIC: [8] Undefined offset: 7 D:\phpStudy\WWW\Rose\logs\Cache\Wap\bcf73615984b3058bc150c1b35567356.php 第 58 行.
NOTIC: [8] Use of undefined constant wechat - assumed 'wechat' D:\phpStudy\WWW\Rose\logs\Cache\Wap\bcf73615984b3058bc150c1b35567356.php 第 69 行.
NOTIC: [8] Undefined variable: buyer_id D:\phpStudy\WWW\Rose\logs\Cache\Wap\bcf73615984b3058bc150c1b35567356.php 第 71 行.
NOTIC: [8] Undefined variable: openid D:\phpStudy\WWW\Rose\logs\Cache\Wap\bcf73615984b3058bc150c1b35567356.php 第 80 行.
NOTIC: [8] Undefined variable: buyer_id D:\phpStudy\WWW\Rose\logs\Cache\Wap\bcf73615984b3058bc150c1b35567356.php 第 81 行.
INFO: Run ParseTemplate Behavior [ RunTime:-1.551088s ]
INFO: [ view_parse ] --END-- [ RunTime:0.030002s ]
INFO: [ view_filter ] --START--
INFO: Run ContentReplace Behavior [ RunTime:-1.581090s ]
INFO: Run TokenBuild Behavior [ RunTime:-1.582090s ]
INFO: Run WriteHtmlCache Behavior [ RunTime:-1.582090s ]
INFO: Run ShowRuntime Behavior [ RunTime:-1.583090s ]
INFO: [ view_filter ] --END-- [ RunTime:0.003000s ]
INFO: [ view_end ] --START--
INFO: Run ShowPageTrace Behavior [ RunTime:-1.584090s ]
INFO: [ view_end ] --END-- [ RunTime:0.001000s ]

[ 2017-11-30T18:01:14+08:00 ] 0.0.0.0 /Rose/index.php?g=Wap&m=Machine&a=index&openid=odOIPv9UcOs4N_jKX0JECOwADE7s&scan_code=ZHGZPY00042
INFO: [ app_begin ] --START--
INFO: Run ReadHtmlCache Behavior [ RunTime:0.003001s ]
INFO: [ app_begin ] --END-- [ RunTime:0.003001s ]
SQL: SHOW COLUMNS FROM `device_info` [ RunTime:0.022002s ]
SQL: SELECT * FROM `device_info` WHERE ( `scan_code` = 'ZHGZPY00042' ) AND ( `device_status` = 1 ) AND ( `del_flag` = 0 ) LIMIT 1   [ RunTime:0.001000s ]
SQL: SHOW COLUMNS FROM `device_relation_group` [ RunTime:0.015000s ]
SQL: SELECT * FROM `device_relation_group` WHERE ( `di_id` = '8843ead0ccde411fa64762443aaf769f' ) AND ( `del_flag` = 0 ) AND ( `device_type` = 3 ) LIMIT 1   [ RunTime:0.000000s ]
INFO: [ view_template ] --START--
INFO: Run LocationTemplate Behavior [ RunTime:-1.503086s ]
INFO: [ view_template ] --END-- [ RunTime:0.002000s ]
INFO: [ view_parse ] --START--
NOTIC: [8] Undefined offset: 1 D:\phpStudy\WWW\Rose\logs\Cache\Wap\3b7d8f4cda79217240afa01573a1f137.php 第 48 行.
NOTIC: [8] Undefined offset: 1 D:\phpStudy\WWW\Rose\logs\Cache\Wap\3b7d8f4cda79217240afa01573a1f137.php 第 48 行.
NOTIC: [8] Undefined offset: 2 D:\phpStudy\WWW\Rose\logs\Cache\Wap\3b7d8f4cda79217240afa01573a1f137.php 第 49 行.
NOTIC: [8] Undefined offset: 3 D:\phpStudy\WWW\Rose\logs\Cache\Wap\3b7d8f4cda79217240afa01573a1f137.php 第 49 行.
NOTIC: [8] Undefined offset: 2 D:\phpStudy\WWW\Rose\logs\Cache\Wap\3b7d8f4cda79217240afa01573a1f137.php 第 49 行.
NOTIC: [8] Undefined offset: 3 D:\phpStudy\WWW\Rose\logs\Cache\Wap\3b7d8f4cda79217240afa01573a1f137.php 第 49 行.
INFO: Run ParseTemplate Behavior [ RunTime:-1.505086s ]
INFO: [ view_parse ] --END-- [ RunTime:0.023001s ]
INFO: [ view_filter ] --START--
INFO: Run ContentReplace Behavior [ RunTime:-1.528087s ]
INFO: Run TokenBuild Behavior [ RunTime:-1.529087s ]
INFO: Run WriteHtmlCache Behavior [ RunTime:-1.530087s ]
INFO: Run ShowRuntime Behavior [ RunTime:-1.530087s ]
INFO: [ view_filter ] --END-- [ RunTime:0.003000s ]
INFO: [ view_end ] --START--
INFO: Run ShowPageTrace Behavior [ RunTime:-1.531087s ]
INFO: [ view_end ] --END-- [ RunTime:0.001000s ]

[ 2017-11-30T18:06:16+08:00 ] 0.0.0.0 /Rose/index.php?g=Wap&m=VendingWeixin&a=index&openid=odOIPv9UcOs4N_jKX0JECOwADE7s&device_code=A352425021226595
INFO: [ app_begin ] --START--
INFO: Run ReadHtmlCache Behavior [ RunTime:0.001000s ]
INFO: [ app_begin ] --END-- [ RunTime:0.001000s ]
NOTIC: [8] Trying to get property of non-object D:\phpStudy\WWW\Rose\Core\Extend\Vendor\weixin\jssdk.php 第 75 行.
NOTIC: [8] Trying to get property of non-object D:\phpStudy\WWW\Rose\Core\Extend\Vendor\weixin\jssdk.php 第 53 行.
SQL: SHOW COLUMNS FROM `goods_weixin_alipay_pay_rec` [ RunTime:0.105006s ]
SQL: SELECT SUM(pay_account) AS tp_sum FROM `goods_weixin_alipay_pay_rec` WHERE ( `wechat_alipay_id` = 'odOIPv9UcOs4N_jKX0JECOwADE7s' ) AND ( `pay_status` = '1' ) AND ( `is_close` = '0' ) AND ( `del_flag` = '0' ) AND ( `type` = '1' ) LIMIT 1   [ RunTime:0.003000s ]
SQL: SHOW COLUMNS FROM `goods_consume_rec` [ RunTime:0.109007s ]
SQL: SELECT SUM(consume_account) AS tp_sum FROM `goods_consume_rec` WHERE ( `type` = '1' ) AND ( `wechat_alipay_id` = 'odOIPv9UcOs4N_jKX0JECOwADE7s' ) AND ( `command_status` IN ('1','2') ) AND ( `is_close` = '0' ) AND ( `del_flag` = '0' ) LIMIT 1   [ RunTime:0.048002s ]
SQL: SHOW COLUMNS FROM `goods_rose` [ RunTime:0.182011s ]
SQL: SELECT SUM(account) AS tp_sum FROM `goods_rose` WHERE ( `wechat_alipay_id` = 'odOIPv9UcOs4N_jKX0JECOwADE7s' ) AND ( `status` = '1' ) AND ( `is_close` = '0' ) AND ( `del_flag` = '0' ) AND ( `type` = '1' ) LIMIT 1   [ RunTime:0.001000s ]
SQL: SHOW COLUMNS FROM `goods_rose_consume_rec` [ RunTime:0.041002s ]
SQL: SELECT SUM(consume_account) AS tp_sum FROM `goods_rose_consume_rec` WHERE ( `type` = '1' ) AND ( `wechat_alipay_id` = 'odOIPv9UcOs4N_jKX0JECOwADE7s' ) AND ( `command_status` IN ('1','2') ) AND ( `is_close` = '0' ) AND ( `del_flag` = '0' ) LIMIT 1   [ RunTime:0.000000s ]
SQL: SHOW COLUMNS FROM `goods_vending` [ RunTime:0.015001s ]
SQL: SELECT * FROM `goods_vending` WHERE ( `device_code` = 'A352425021226595' ) AND ( `del_flag` = '0' ) LIMIT 1   [ RunTime:0.000000s ]
SQL: SHOW COLUMNS FROM `goods_huodao` [ RunTime:0.180011s ]
SQL: SELECT gh.number,gh.id as gid,gh.number_order,gs.id,gh.shop_number,gh.shop_price,gh.toubi_price,gh.status,gs.name,gs.image FROM goods_huodao gh LEFT JOIN goods_shop gs on gh.shop_id=gs.id WHERE ( gh.shipment_id = '2017092610_C5120927488F726E63E23DE5EA6CB3B0' ) ORDER BY gh.number asc  [ RunTime:0.162009s ]
INFO: [ view_template ] --START--
INFO: Run LocationTemplate Behavior [ RunTime:-3.792217s ]
INFO: [ view_template ] --END-- [ RunTime:0.022001s ]
INFO: [ view_parse ] --START--
INFO: Run ParseTemplate Behavior [ RunTime:-3.814218s ]
INFO: [ view_parse ] --END-- [ RunTime:0.153009s ]
INFO: [ view_filter ] --START--
INFO: Run ContentReplace Behavior [ RunTime:-3.967227s ]
INFO: Run TokenBuild Behavior [ RunTime:-3.968227s ]
INFO: Run WriteHtmlCache Behavior [ RunTime:-3.969227s ]
INFO: Run ShowRuntime Behavior [ RunTime:-3.969227s ]
INFO: [ view_filter ] --END-- [ RunTime:0.003000s ]
INFO: [ view_end ] --START--
INFO: Run ShowPageTrace Behavior [ RunTime:-3.971227s ]
INFO: [ view_end ] --END-- [ RunTime:0.002000s ]

[ 2017-11-30T18:06:24+08:00 ] 0.0.0.0 /Rose/index.php?g=Wap&m=VendingWeixin&a=index&openid=odOIPv9UcOs4N_jKX0JECOwADE7s&device_code=A352425021226595
INFO: [ app_begin ] --START--
INFO: Run ReadHtmlCache Behavior [ RunTime:0.002000s ]
INFO: [ app_begin ] --END-- [ RunTime:0.002000s ]
NOTIC: [8] Trying to get property of non-object D:\phpStudy\WWW\Rose\Core\Extend\Vendor\weixin\jssdk.php 第 75 行.
NOTIC: [8] Trying to get property of non-object D:\phpStudy\WWW\Rose\Core\Extend\Vendor\weixin\jssdk.php 第 53 行.
SQL: SHOW COLUMNS FROM `goods_weixin_alipay_pay_rec` [ RunTime:0.017001s ]
SQL: SELECT SUM(pay_account) AS tp_sum FROM `goods_weixin_alipay_pay_rec` WHERE ( `wechat_alipay_id` = 'odOIPv9UcOs4N_jKX0JECOwADE7s' ) AND ( `pay_status` = '1' ) AND ( `is_close` = '0' ) AND ( `del_flag` = '0' ) AND ( `type` = '1' ) LIMIT 1   [ RunTime:0.001000s ]
SQL: SHOW COLUMNS FROM `goods_consume_rec` [ RunTime:0.008000s ]
SQL: SELECT SUM(consume_account) AS tp_sum FROM `goods_consume_rec` WHERE ( `type` = '1' ) AND ( `wechat_alipay_id` = 'odOIPv9UcOs4N_jKX0JECOwADE7s' ) AND ( `command_status` IN ('1','2') ) AND ( `is_close` = '0' ) AND ( `del_flag` = '0' ) LIMIT 1   [ RunTime:0.001001s ]
SQL: SHOW COLUMNS FROM `goods_rose` [ RunTime:0.013000s ]
SQL: SELECT SUM(account) AS tp_sum FROM `goods_rose` WHERE ( `wechat_alipay_id` = 'odOIPv9UcOs4N_jKX0JECOwADE7s' ) AND ( `status` = '1' ) AND ( `is_close` = '0' ) AND ( `del_flag` = '0' ) AND ( `type` = '1' ) LIMIT 1   [ RunTime:0.001000s ]
SQL: SHOW COLUMNS FROM `goods_rose_consume_rec` [ RunTime:0.019001s ]
SQL: SELECT SUM(consume_account) AS tp_sum FROM `goods_rose_consume_rec` WHERE ( `type` = '1' ) AND ( `wechat_alipay_id` = 'odOIPv9UcOs4N_jKX0JECOwADE7s' ) AND ( `command_status` IN ('1','2') ) AND ( `is_close` = '0' ) AND ( `del_flag` = '0' ) LIMIT 1   [ RunTime:0.001000s ]
SQL: SHOW COLUMNS FROM `goods_vending` [ RunTime:0.012000s ]
SQL: SELECT * FROM `goods_vending` WHERE ( `device_code` = 'A352425021226595' ) AND ( `del_flag` = '0' ) LIMIT 1   [ RunTime:0.001000s ]
SQL: SHOW COLUMNS FROM `goods_huodao` [ RunTime:0.016001s ]
SQL: SELECT gh.number,gh.id as gid,gh.number_order,gs.id,gh.shop_number,gh.shop_price,gh.toubi_price,gh.status,gs.name,gs.image FROM goods_huodao gh LEFT JOIN goods_shop gs on gh.shop_id=gs.id WHERE ( gh.shipment_id = '2017092610_C5120927488F726E63E23DE5EA6CB3B0' ) ORDER BY gh.number asc  [ RunTime:0.000000s ]
INFO: [ view_template ] --START--
INFO: Run LocationTemplate Behavior [ RunTime:-1.848105s ]
INFO: [ view_template ] --END-- [ RunTime:0.001000s ]
INFO: [ view_parse ] --START--
INFO: Run ParseTemplate Behavior [ RunTime:-1.849105s ]
INFO: [ view_parse ] --END-- [ RunTime:0.019002s ]
INFO: [ view_filter ] --START--
INFO: Run ContentReplace Behavior [ RunTime:-1.868107s ]
INFO: Run TokenBuild Behavior [ RunTime:-1.869107s ]
INFO: Run WriteHtmlCache Behavior [ RunTime:-1.870107s ]
INFO: Run ShowRuntime Behavior [ RunTime:-1.871107s ]
INFO: [ view_filter ] --END-- [ RunTime:0.003000s ]
INFO: [ view_end ] --START--
INFO: Run ShowPageTrace Behavior [ RunTime:-1.872107s ]
INFO: [ view_end ] --END-- [ RunTime:0.001000s ]

[ 2017-11-30T18:07:26+08:00 ] 0.0.0.0 /Rose/index.php?g=Wap&m=Glass&a=index&openid=odOIPv9UcOs4N_jKX0JECOwADE7s&scan_code=ARSG1234
INFO: [ app_begin ] --START--
INFO: Run ReadHtmlCache Behavior [ RunTime:0.000000s ]
INFO: [ app_begin ] --END-- [ RunTime:0.002000s ]
SQL: SHOW COLUMNS FROM `device_info` [ RunTime:0.017001s ]
SQL: SELECT * FROM `device_info` WHERE ( `scan_code` = 'ARSG1234' ) AND ( `device_status` = 1 ) AND ( `del_flag` = 0 ) LIMIT 1   [ RunTime:0.001000s ]
SQL: SHOW COLUMNS FROM `device_relation_group` [ RunTime:0.014001s ]
SQL: SELECT * FROM `device_relation_group` WHERE ( `di_id` = '2017113014_AF11210C3D981654383C2FAD8283BD7E' ) AND ( `del_flag` = 0 ) AND ( `device_type` = 9 ) LIMIT 1   [ RunTime:0.000000s ]
SQL: SHOW COLUMNS FROM `sys_user` [ RunTime:0.016001s ]
SQL: SELECT su.phone FROM sys_user su LEFT JOIN device_info di on di.owner_id=su.id WHERE ( di.scan_code = 'ARSG1234' ) AND ( di.del_flag = 0 ) AND ( su.del_flag = 0 ) LIMIT 1   [ RunTime:0.001000s ]
INFO: [ view_template ] --START--
INFO: Run LocationTemplate Behavior [ RunTime:-1.637094s ]
INFO: [ view_template ] --END-- [ RunTime:0.001000s ]
INFO: [ view_parse ] --START--
NOTIC: [8] Undefined offset: 1 D:\phpStudy\WWW\Rose\logs\Cache\Wap\bcf73615984b3058bc150c1b35567356.php 第 50 行.
NOTIC: [8] Undefined offset: 3 D:\phpStudy\WWW\Rose\logs\Cache\Wap\bcf73615984b3058bc150c1b35567356.php 第 53 行.
NOTIC: [8] Undefined offset: 2 D:\phpStudy\WWW\Rose\logs\Cache\Wap\bcf73615984b3058bc150c1b35567356.php 第 53 行.
NOTIC: [8] Undefined offset: 2 D:\phpStudy\WWW\Rose\logs\Cache\Wap\bcf73615984b3058bc150c1b35567356.php 第 54 行.
NOTIC: [8] Undefined offset: 3 D:\phpStudy\WWW\Rose\logs\Cache\Wap\bcf73615984b3058bc150c1b35567356.php 第 54 行.
NOTIC: [8] Undefined offset: 5 D:\phpStudy\WWW\Rose\logs\Cache\Wap\bcf73615984b3058bc150c1b35567356.php 第 55 行.
NOTIC: [8] Undefined offset: 4 D:\phpStudy\WWW\Rose\logs\Cache\Wap\bcf73615984b3058bc150c1b35567356.php 第 55 行.
NOTIC: [8] Undefined offset: 4 D:\phpStudy\WWW\Rose\logs\Cache\Wap\bcf73615984b3058bc150c1b35567356.php 第 56 行.
NOTIC: [8] Undefined offset: 5 D:\phpStudy\WWW\Rose\logs\Cache\Wap\bcf73615984b3058bc150c1b35567356.php 第 56 行.
NOTIC: [8] Undefined offset: 7 D:\phpStudy\WWW\Rose\logs\Cache\Wap\bcf73615984b3058bc150c1b35567356.php 第 57 行.
NOTIC: [8] Undefined offset: 6 D:\phpStudy\WWW\Rose\logs\Cache\Wap\bcf73615984b3058bc150c1b35567356.php 第 57 行.
NOTIC: [8] Undefined offset: 6 D:\phpStudy\WWW\Rose\logs\Cache\Wap\bcf73615984b3058bc150c1b35567356.php 第 58 行.
NOTIC: [8] Undefined offset: 7 D:\phpStudy\WWW\Rose\logs\Cache\Wap\bcf73615984b3058bc150c1b35567356.php 第 58 行.
NOTIC: [8] Use of undefined constant wechat - assumed 'wechat' D:\phpStudy\WWW\Rose\logs\Cache\Wap\bcf73615984b3058bc150c1b35567356.php 第 69 行.
NOTIC: [8] Undefined variable: buyer_id D:\phpStudy\WWW\Rose\logs\Cache\Wap\bcf73615984b3058bc150c1b35567356.php 第 71 行.
NOTIC: [8] Undefined variable: openid D:\phpStudy\WWW\Rose\logs\Cache\Wap\bcf73615984b3058bc150c1b35567356.php 第 80 行.
NOTIC: [8] Undefined variable: buyer_id D:\phpStudy\WWW\Rose\logs\Cache\Wap\bcf73615984b3058bc150c1b35567356.php 第 81 行.
INFO: Run ParseTemplate Behavior [ RunTime:-1.638094s ]
INFO: [ view_parse ] --END-- [ RunTime:0.013001s ]
INFO: [ view_filter ] --START--
INFO: Run ContentReplace Behavior [ RunTime:-1.652095s ]
INFO: Run TokenBuild Behavior [ RunTime:-1.653095s ]
INFO: Run WriteHtmlCache Behavior [ RunTime:-1.654095s ]
INFO: Run ShowRuntime Behavior [ RunTime:-1.654095s ]
INFO: [ view_filter ] --END-- [ RunTime:0.003000s ]
INFO: [ view_end ] --START--
INFO: Run ShowPageTrace Behavior [ RunTime:-1.665096s ]
INFO: [ view_end ] --END-- [ RunTime:0.001000s ]

[ 2017-11-30T18:07:50+08:00 ] 0.0.0.0 /Rose/index.php?g=Wap&m=Glass&a=index&openid=odOIPv9UcOs4N_jKX0JECOwADE7s&scan_code=ARSG1234
INFO: [ app_begin ] --START--
INFO: Run ReadHtmlCache Behavior [ RunTime:0.001000s ]
INFO: [ app_begin ] --END-- [ RunTime:0.001000s ]
SQL: SHOW COLUMNS FROM `device_info` [ RunTime:0.019001s ]
SQL: SELECT * FROM `device_info` WHERE ( `scan_code` = 'ARSG1234' ) AND ( `device_status` = 1 ) AND ( `del_flag` = 0 ) LIMIT 1   [ RunTime:0.002000s ]
SQL: SHOW COLUMNS FROM `device_relation_group` [ RunTime:0.014001s ]
SQL: SELECT * FROM `device_relation_group` WHERE ( `di_id` = '2017113014_AF11210C3D981654383C2FAD8283BD7E' ) AND ( `del_flag` = 0 ) AND ( `device_type` = 9 ) LIMIT 1   [ RunTime:0.000000s ]
SQL: SHOW COLUMNS FROM `sys_user` [ RunTime:0.014001s ]
SQL: SELECT su.phone FROM sys_user su LEFT JOIN device_info di on di.owner_id=su.id WHERE ( di.scan_code = 'ARSG1234' ) AND ( di.del_flag = 0 ) AND ( su.del_flag = 0 ) LIMIT 1   [ RunTime:0.001000s ]
INFO: [ view_template ] --START--
INFO: Run LocationTemplate Behavior [ RunTime:-1.494086s ]
INFO: [ view_template ] --END-- [ RunTime:0.002000s ]
INFO: [ view_parse ] --START--
NOTIC: [8] Undefined offset: 1 D:\phpStudy\WWW\Rose\logs\Cache\Wap\bcf73615984b3058bc150c1b35567356.php 第 50 行.
NOTIC: [8] Undefined offset: 1 D:\phpStudy\WWW\Rose\logs\Cache\Wap\bcf73615984b3058bc150c1b35567356.php 第 52 行.
NOTIC: [8] Undefined offset: 3 D:\phpStudy\WWW\Rose\logs\Cache\Wap\bcf73615984b3058bc150c1b35567356.php 第 53 行.
NOTIC: [8] Undefined offset: 2 D:\phpStudy\WWW\Rose\logs\Cache\Wap\bcf73615984b3058bc150c1b35567356.php 第 53 行.
NOTIC: [8] Undefined offset: 2 D:\phpStudy\WWW\Rose\logs\Cache\Wap\bcf73615984b3058bc150c1b35567356.php 第 54 行.
NOTIC: [8] Undefined offset: 3 D:\phpStudy\WWW\Rose\logs\Cache\Wap\bcf73615984b3058bc150c1b35567356.php 第 54 行.
NOTIC: [8] Undefined offset: 5 D:\phpStudy\WWW\Rose\logs\Cache\Wap\bcf73615984b3058bc150c1b35567356.php 第 55 行.
NOTIC: [8] Undefined offset: 4 D:\phpStudy\WWW\Rose\logs\Cache\Wap\bcf73615984b3058bc150c1b35567356.php 第 55 行.
NOTIC: [8] Undefined offset: 4 D:\phpStudy\WWW\Rose\logs\Cache\Wap\bcf73615984b3058bc150c1b35567356.php 第 56 行.
NOTIC: [8] Undefined offset: 5 D:\phpStudy\WWW\Rose\logs\Cache\Wap\bcf73615984b3058bc150c1b35567356.php 第 56 行.
NOTIC: [8] Undefined offset: 7 D:\phpStudy\WWW\Rose\logs\Cache\Wap\bcf73615984b3058bc150c1b35567356.php 第 57 行.
NOTIC: [8] Undefined offset: 6 D:\phpStudy\WWW\Rose\logs\Cache\Wap\bcf73615984b3058bc150c1b35567356.php 第 57 行.
NOTIC: [8] Undefined offset: 6 D:\phpStudy\WWW\Rose\logs\Cache\Wap\bcf73615984b3058bc150c1b35567356.php 第 58 行.
NOTIC: [8] Undefined offset: 7 D:\phpStudy\WWW\Rose\logs\Cache\Wap\bcf73615984b3058bc150c1b35567356.php 第 58 行.
NOTIC: [8] Use of undefined constant wechat - assumed 'wechat' D:\phpStudy\WWW\Rose\logs\Cache\Wap\bcf73615984b3058bc150c1b35567356.php 第 69 行.
NOTIC: [8] Undefined variable: buyer_id D:\phpStudy\WWW\Rose\logs\Cache\Wap\bcf73615984b3058bc150c1b35567356.php 第 71 行.
NOTIC: [8] Undefined variable: openid D:\phpStudy\WWW\Rose\logs\Cache\Wap\bcf73615984b3058bc150c1b35567356.php 第 80 行.
NOTIC: [8] Undefined variable: buyer_id D:\phpStudy\WWW\Rose\logs\Cache\Wap\bcf73615984b3058bc150c1b35567356.php 第 81 行.
INFO: Run ParseTemplate Behavior [ RunTime:-1.496086s ]
INFO: [ view_parse ] --END-- [ RunTime:0.014001s ]
INFO: [ view_filter ] --START--
INFO: Run ContentReplace Behavior [ RunTime:-1.510087s ]
INFO: Run TokenBuild Behavior [ RunTime:-1.511087s ]
INFO: Run WriteHtmlCache Behavior [ RunTime:-1.512087s ]
INFO: Run ShowRuntime Behavior [ RunTime:-1.512087s ]
INFO: [ view_filter ] --END-- [ RunTime:0.003000s ]
INFO: [ view_end ] --START--
INFO: Run ShowPageTrace Behavior [ RunTime:-1.514087s ]
INFO: [ view_end ] --END-- [ RunTime:0.002000s ]

[ 2017-11-30T18:09:37+08:00 ] 0.0.0.0 /Rose/index.php?g=Wap&m=Glass&a=index&openid=odOIPv9UcOs4N_jKX0JECOwADE7s&scan_code=ARSG1234
INFO: [ app_begin ] --START--
INFO: Run ReadHtmlCache Behavior [ RunTime:0.001000s ]
INFO: [ app_begin ] --END-- [ RunTime:0.001000s ]
SQL: SHOW COLUMNS FROM `device_info` [ RunTime:0.016001s ]
SQL: SELECT * FROM `device_info` WHERE ( `scan_code` = 'ARSG1234' ) AND ( `device_status` = 1 ) AND ( `del_flag` = 0 ) LIMIT 1   [ RunTime:0.001000s ]
SQL: SHOW COLUMNS FROM `device_relation_group` [ RunTime:0.017001s ]
SQL: SELECT * FROM `device_relation_group` WHERE ( `di_id` = '2017113014_AF11210C3D981654383C2FAD8283BD7E' ) AND ( `del_flag` = 0 ) AND ( `device_type` = 9 ) LIMIT 1   [ RunTime:0.001000s ]
SQL: SHOW COLUMNS FROM `sys_user` [ RunTime:0.015001s ]
SQL: SELECT su.phone FROM sys_user su LEFT JOIN device_info di on di.owner_id=su.id WHERE ( di.scan_code = 'ARSG1234' ) AND ( di.del_flag = 0 ) AND ( su.del_flag = 0 ) LIMIT 1   [ RunTime:0.001000s ]
INFO: [ view_template ] --START--
INFO: Run LocationTemplate Behavior [ RunTime:-1.503086s ]
INFO: [ view_template ] --END-- [ RunTime:0.002000s ]
INFO: [ view_parse ] --START--
NOTIC: [8] Use of undefined constant wechat - assumed 'wechat' D:\phpStudy\WWW\Rose\logs\Cache\Wap\bcf73615984b3058bc150c1b35567356.php 第 68 行.
NOTIC: [8] Undefined variable: buyer_id D:\phpStudy\WWW\Rose\logs\Cache\Wap\bcf73615984b3058bc150c1b35567356.php 第 70 行.
NOTIC: [8] Undefined variable: openid D:\phpStudy\WWW\Rose\logs\Cache\Wap\bcf73615984b3058bc150c1b35567356.php 第 79 行.
NOTIC: [8] Undefined variable: buyer_id D:\phpStudy\WWW\Rose\logs\Cache\Wap\bcf73615984b3058bc150c1b35567356.php 第 80 行.
INFO: Run ParseTemplate Behavior [ RunTime:-1.505086s ]
INFO: [ view_parse ] --END-- [ RunTime:0.013001s ]
INFO: [ view_filter ] --START--
INFO: Run ContentReplace Behavior [ RunTime:-1.518087s ]
INFO: Run TokenBuild Behavior [ RunTime:-1.519087s ]
INFO: Run WriteHtmlCache Behavior [ RunTime:-1.520087s ]
INFO: Run ShowRuntime Behavior [ RunTime:-1.521087s ]
INFO: [ view_filter ] --END-- [ RunTime:0.004000s ]
INFO: [ view_end ] --START--
INFO: Run ShowPageTrace Behavior [ RunTime:-1.522087s ]
INFO: [ view_end ] --END-- [ RunTime:0.001000s ]

[ 2017-11-30T18:12:49+08:00 ] 0.0.0.0 /Rose/index.php?g=Wap&m=Glass&a=index&openid=odOIPv9UcOs4N_jKX0JECOwADE7s&scan_code=ARSG1234
INFO: [ app_begin ] --START--
INFO: Run ReadHtmlCache Behavior [ RunTime:0.001000s ]
INFO: [ app_begin ] --END-- [ RunTime:0.001000s ]
SQL: SHOW COLUMNS FROM `device_info` [ RunTime:0.016001s ]
SQL: SELECT * FROM `device_info` WHERE ( `scan_code` = 'ARSG1234' ) AND ( `device_status` = 1 ) AND ( `del_flag` = 0 ) LIMIT 1   [ RunTime:0.000000s ]
SQL: SHOW COLUMNS FROM `device_relation_group` [ RunTime:0.015001s ]
SQL: SELECT * FROM `device_relation_group` WHERE ( `di_id` = '2017113014_AF11210C3D981654383C2FAD8283BD7E' ) AND ( `del_flag` = 0 ) AND ( `device_type` = 9 ) LIMIT 1   [ RunTime:0.000000s ]
SQL: SHOW COLUMNS FROM `sys_user` [ RunTime:0.015001s ]
SQL: SELECT su.phone FROM sys_user su LEFT JOIN device_info di on di.owner_id=su.id WHERE ( di.scan_code = 'ARSG1234' ) AND ( di.del_flag = 0 ) AND ( su.del_flag = 0 ) LIMIT 1   [ RunTime:0.001000s ]
INFO: [ view_template ] --START--
INFO: Run LocationTemplate Behavior [ RunTime:-1.736099s ]
INFO: [ view_template ] --END-- [ RunTime:0.002000s ]
INFO: [ view_parse ] --START--
NOTIC: [8] Use of undefined constant wechat - assumed 'wechat' D:\phpStudy\WWW\Rose\logs\Cache\Wap\bcf73615984b3058bc150c1b35567356.php 第 72 行.
NOTIC: [8] Undefined variable: buyer_id D:\phpStudy\WWW\Rose\logs\Cache\Wap\bcf73615984b3058bc150c1b35567356.php 第 74 行.
NOTIC: [8] Undefined variable: openid D:\phpStudy\WWW\Rose\logs\Cache\Wap\bcf73615984b3058bc150c1b35567356.php 第 83 行.
NOTIC: [8] Undefined variable: buyer_id D:\phpStudy\WWW\Rose\logs\Cache\Wap\bcf73615984b3058bc150c1b35567356.php 第 84 行.
INFO: Run ParseTemplate Behavior [ RunTime:-1.738099s ]
INFO: [ view_parse ] --END-- [ RunTime:0.013001s ]
INFO: [ view_filter ] --START--
INFO: Run ContentReplace Behavior [ RunTime:-1.751100s ]
INFO: Run TokenBuild Behavior [ RunTime:-1.752100s ]
INFO: Run WriteHtmlCache Behavior [ RunTime:-1.753100s ]
INFO: Run ShowRuntime Behavior [ RunTime:-1.753100s ]
INFO: [ view_filter ] --END-- [ RunTime:0.003000s ]
INFO: [ view_end ] --START--
INFO: Run ShowPageTrace Behavior [ RunTime:-1.754100s ]
INFO: [ view_end ] --END-- [ RunTime:0.001000s ]

