[ 2017-10-09T09:58:35+08:00 ] 0.0.0.0 /Rose/index.php?g=Wap&m=Rose2Personal&a=index&openid=odOIPv5RJwDqO94UaCbpKQvdjhLE
INFO: [ app_begin ] --START--
INFO: Run ReadHtmlCache Behavior [ RunTime:0.013001s ]
INFO: [ app_begin ] --END-- [ RunTime:0.024002s ]
NOTIC: [8] A session had already been started - ignoring session_start() D:\phpStudy\WWW\Rose\Lib\Action\Wap\Rose2BaseAction.class.php 第 2 行.
SQL: SHOW COLUMNS FROM `sys_user` [ RunTime:0.220012s ]
SQL: SELECT * FROM `sys_user` WHERE ( `del_flag` = 0 ) AND ( `openid` = 'odOIPv5RJwDqO94UaCbpKQvdjhLE' ) LIMIT 1   [ RunTime:0.005000s ]
NOTIC: [8] Trying to get property of non-object D:\phpStudy\WWW\Rose\Core\Extend\Vendor\weixin\jssdk.php 第 75 行.
NOTIC: [8] Trying to get property of non-object D:\phpStudy\WWW\Rose\Core\Extend\Vendor\weixin\jssdk.php 第 53 行.
SQL: SHOW COLUMNS FROM `weixin_userinfo` [ RunTime:0.958055s ]
SQL: SELECT * FROM `weixin_userinfo` WHERE ( `del_flag` = 0 ) AND ( `from_username` = 'odOIPv5RJwDqO94UaCbpKQvdjhLE' ) LIMIT 1   [ RunTime:0.017001s ]
SQL: SELECT count(*) as adv
            FROM
                `device_info` di
            LEFT JOIN adv_uservisit_rec pwi ON pwi.di_id = di.id
            LEFT JOIN adv_weixin_info awi ON awi.id = pwi.adv_id
            WHERE
                pwi.status = 2
            and pwi.del_flag=0
            and pwi.transfer_status = 0
			and awi.status=1
			and awi.del_flag=0
            AND di.office_id = 'a721bdccfcb44571a48df2065950d05d'
            AND di.del_flag = 0 [ RunTime:1.044060s ]
SQL: SELECT sum(pwi.consume_account) as count
            FROM
                `device_info` di
            LEFT JOIN device_consume_rec pwi ON pwi.di_id = di.id
            WHERE
                pwi.command_status = 2
            and pwi.del_flag=0
            and pwi.type in(1,3,5,9,11,13,15,17)
			and pwi.transfer_status = 0
			and pwi.consume_status = 1
            AND pwi.create_by = '0aff0d6c1d9f4a8694b041b338431927'
            AND di.del_flag = 0 [ RunTime:7.062404s ]
SQL: SELECT sum(pwi.consume_account) as alipay
            FROM
                `device_info` di
            LEFT JOIN device_consume_rec pwi ON pwi.di_id = di.id
            WHERE
                pwi.command_status = 2
            and pwi.del_flag=0
            and pwi.type in(2,4,6,10,12,14,16,18)
			and pwi.transfer_status = 0
			and pwi.consume_status = 1
            AND pwi.create_by = '0aff0d6c1d9f4a8694b041b338431927'
            AND di.del_flag = 0 [ RunTime:0.214012s ]
SQL: SELECT sum(pwi.consume_account) as anm_weixin
            FROM
                `device_info` di
            LEFT JOIN device_consume_rec pwi ON pwi.di_id = di.id
            WHERE
                pwi.command_status = 2
            and pwi.del_flag=0
            and pwi.type=3
			and pwi.transfer_status = 0
            AND di.office_id = 'a721bdccfcb44571a48df2065950d05d'
            AND di.del_flag = 0 [ RunTime:0.213012s ]
SQL: SELECT sum(pwi.consume_account) as anm_alipay
            FROM
                `device_info` di
            LEFT JOIN device_consume_rec pwi ON pwi.di_id = di.id
            WHERE
                pwi.command_status = 2
            and pwi.del_flag=0
            and pwi.type=4
			and pwi.transfer_status = 0
            AND di.office_id = 'a721bdccfcb44571a48df2065950d05d'
            AND di.del_flag = 0 [ RunTime:0.181011s ]
SQL: SHOW COLUMNS FROM `device_info` [ RunTime:0.005000s ]
SQL: SELECT sum(dw.LOC_OP) c from (SELECT * from (SELECT dr.* FROM `device_info` LEFT JOIN device_record
 dr on dr.dev_id=device_info.device_command WHERE ( device_info.del_flag = 0 )
 AND ( device_info.office_id = 'a721bdccfcb44571a48df2065950d05d' ) ORDER BY dr.LOC_OP desc)
 da GROUP BY da.dev_id ORDER BY da.LOC_OP desc) dw [ RunTime:4.961284s ]
SQL: SELECT * FROM `sys_user` WHERE ( `del_flag` = 0 ) AND ( `openid` = 'odOIPv5RJwDqO94UaCbpKQvdjhLE' ) LIMIT 1   [ RunTime:0.000000s ]
SQL: UPDATE `sys_user` SET `totals`=2776 WHERE ( `del_flag` = 0 ) AND ( `id` = '0aff0d6c1d9f4a8694b041b338431927' ) [ RunTime:0.214012s ]
SQL: SELECT SUM(totals-consume) AS tp_sum FROM `sys_user` WHERE ( `del_flag` = 0 ) AND ( `openid` = 'odOIPv5RJwDqO94UaCbpKQvdjhLE' ) LIMIT 1   [ RunTime:0.031002s ]
INFO: [ view_template ] --START--
INFO: Run LocationTemplate Behavior [ RunTime:-17.939026s ]
INFO: [ view_template ] --END-- [ RunTime:0.058003s ]
INFO: [ view_parse ] --START--
INFO: Run ParseTemplate Behavior [ RunTime:-17.997029s ]
INFO: [ view_parse ] --END-- [ RunTime:0.290017s ]
INFO: [ view_filter ] --START--
INFO: Run ContentReplace Behavior [ RunTime:-18.287046s ]
INFO: Run TokenBuild Behavior [ RunTime:-18.315047s ]
INFO: Run WriteHtmlCache Behavior [ RunTime:-18.330048s ]
INFO: Run ShowRuntime Behavior [ RunTime:-18.349049s ]
INFO: [ view_filter ] --END-- [ RunTime:0.108006s ]
INFO: [ view_end ] --START--
INFO: Run ShowPageTrace Behavior [ RunTime:-18.395052s ]
INFO: [ view_end ] --END-- [ RunTime:0.055003s ]

