[ 2017-12-05T09:23:19+08:00 ] 0.0.0.0 /Rose/index.php?g=Wap&m=Glass&a=index&openid=odOIPv9UcOs4N_jKX0JECOwADE7s&scan_code=ARSG1234
INFO: [ app_begin ] --START--
INFO: Run ReadHtmlCache Behavior [ RunTime:0.126007s ]
INFO: [ app_begin ] --END-- [ RunTime:0.168010s ]
SQL: SHOW COLUMNS FROM `device_info` [ RunTime:0.374021s ]
SQL: SELECT * FROM `device_info` WHERE ( `scan_code` = 'ARSG1234' ) AND ( `device_status` = 1 ) AND ( `del_flag` = 0 ) LIMIT 1   [ RunTime:0.001000s ]
SQL: SHOW COLUMNS FROM `device_relation_group` [ RunTime:0.229013s ]
SQL: SELECT * FROM `device_relation_group` WHERE ( `di_id` = '2017113014_AF11210C3D981654383C2FAD8283BD7E' ) AND ( `del_flag` = 0 ) AND ( `device_type` = 9 ) LIMIT 1   [ RunTime:0.016000s ]
SQL: SHOW COLUMNS FROM `sys_user` [ RunTime:0.006000s ]
SQL: SELECT su.phone FROM sys_user su LEFT JOIN device_info di on di.owner_id=su.id WHERE ( di.scan_code = 'ARSG1234' ) AND ( di.del_flag = 0 ) AND ( su.del_flag = 0 ) LIMIT 1   [ RunTime:0.001000s ]
INFO: [ view_template ] --START--
INFO: Run LocationTemplate Behavior [ RunTime:-11.940683s ]
INFO: [ view_template ] --END-- [ RunTime:0.148008s ]
INFO: [ view_parse ] --START--
NOTIC: [8] Undefined variable: openid D:\phpStudy\WWW\Rose\logs\Cache\Wap\bcf73615984b3058bc150c1b35567356.php 第 66 行.
NOTIC: [8] Use of undefined constant wechat - assumed 'wechat' D:\phpStudy\WWW\Rose\logs\Cache\Wap\bcf73615984b3058bc150c1b35567356.php 第 73 行.
NOTIC: [8] Undefined variable: buyer_id D:\phpStudy\WWW\Rose\logs\Cache\Wap\bcf73615984b3058bc150c1b35567356.php 第 75 行.
NOTIC: [8] Undefined variable: openid D:\phpStudy\WWW\Rose\logs\Cache\Wap\bcf73615984b3058bc150c1b35567356.php 第 84 行.
NOTIC: [8] Undefined variable: buyer_id D:\phpStudy\WWW\Rose\logs\Cache\Wap\bcf73615984b3058bc150c1b35567356.php 第 85 行.
INFO: Run ParseTemplate Behavior [ RunTime:-12.088691s ]
INFO: [ view_parse ] --END-- [ RunTime:0.232014s ]
INFO: [ view_filter ] --START--
INFO: Run ContentReplace Behavior [ RunTime:-12.320705s ]
INFO: Run TokenBuild Behavior [ RunTime:-12.336706s ]
INFO: Run WriteHtmlCache Behavior [ RunTime:-12.348706s ]
INFO: Run ShowRuntime Behavior [ RunTime:-12.354707s ]
INFO: [ view_filter ] --END-- [ RunTime:0.048002s ]
INFO: [ view_end ] --START--
INFO: Run ShowPageTrace Behavior [ RunTime:-12.369708s ]
INFO: [ view_end ] --END-- [ RunTime:0.023001s ]

[ 2017-12-05T15:55:19+08:00 ] 0.0.0.0 /Rose/index.php?g=Wap&m=Glass&a=index&openid=odOIPv9UcOs4N_jKX0JECOwADE7s&scan_code=ARSG1234
INFO: [ app_begin ] --START--
INFO: Run ReadHtmlCache Behavior [ RunTime:0.032001s ]
INFO: [ app_begin ] --END-- [ RunTime:0.075005s ]
SQL: SHOW COLUMNS FROM `device_info` [ RunTime:0.306017s ]
SQL: SELECT * FROM `device_info` WHERE ( `scan_code` = 'ARSG1234' ) AND ( `device_status` = 1 ) AND ( `del_flag` = 0 ) LIMIT 1   [ RunTime:0.178010s ]
SQL: SHOW COLUMNS FROM `device_relation_group` [ RunTime:0.032002s ]
SQL: SELECT * FROM `device_relation_group` WHERE ( `di_id` = '2017113014_AF11210C3D981654383C2FAD8283BD7E' ) AND ( `del_flag` = 0 ) AND ( `device_type` = 9 ) LIMIT 1   [ RunTime:0.041003s ]
SQL: SHOW COLUMNS FROM `sys_user` [ RunTime:0.049003s ]
SQL: SELECT su.phone FROM sys_user su LEFT JOIN device_info di on di.owner_id=su.id WHERE ( di.scan_code = 'ARSG1234' ) AND ( di.del_flag = 0 ) AND ( su.del_flag = 0 ) LIMIT 1   [ RunTime:0.069004s ]
INFO: [ view_template ] --START--
INFO: Run LocationTemplate Behavior [ RunTime:-4.906281s ]
INFO: [ view_template ] --END-- [ RunTime:0.039002s ]
INFO: [ view_parse ] --START--
NOTIC: [8] Undefined variable: openid D:\phpStudy\WWW\Rose\logs\Cache\Wap\bcf73615984b3058bc150c1b35567356.php 第 66 行.
NOTIC: [8] Use of undefined constant wechat - assumed 'wechat' D:\phpStudy\WWW\Rose\logs\Cache\Wap\bcf73615984b3058bc150c1b35567356.php 第 73 行.
NOTIC: [8] Undefined variable: buyer_id D:\phpStudy\WWW\Rose\logs\Cache\Wap\bcf73615984b3058bc150c1b35567356.php 第 75 行.
NOTIC: [8] Undefined variable: openid D:\phpStudy\WWW\Rose\logs\Cache\Wap\bcf73615984b3058bc150c1b35567356.php 第 84 行.
NOTIC: [8] Undefined variable: buyer_id D:\phpStudy\WWW\Rose\logs\Cache\Wap\bcf73615984b3058bc150c1b35567356.php 第 85 行.
INFO: Run ParseTemplate Behavior [ RunTime:-4.945283s ]
INFO: [ view_parse ] --END-- [ RunTime:0.131008s ]
INFO: [ view_filter ] --START--
INFO: Run ContentReplace Behavior [ RunTime:-5.076291s ]
INFO: Run TokenBuild Behavior [ RunTime:-5.078291s ]
INFO: Run WriteHtmlCache Behavior [ RunTime:-5.080291s ]
INFO: Run ShowRuntime Behavior [ RunTime:-5.082291s ]
INFO: [ view_filter ] --END-- [ RunTime:0.007000s ]
INFO: [ view_end ] --START--
INFO: Run ShowPageTrace Behavior [ RunTime:-5.094292s ]
INFO: [ view_end ] --END-- [ RunTime:0.002000s ]

[ 2017-12-05T15:55:21+08:00 ] 0.0.0.0 /Rose/index.php?g=Wap&m=Glass&a=index&openid=odOIPv9UcOs4N_jKX0JECOwADE7s&scan_code=ARSG1234
INFO: [ app_begin ] --START--
INFO: Run ReadHtmlCache Behavior [ RunTime:0.034002s ]
INFO: [ app_begin ] --END-- [ RunTime:0.075005s ]
SQL: SHOW COLUMNS FROM `device_info` [ RunTime:0.019001s ]
SQL: SELECT * FROM `device_info` WHERE ( `scan_code` = 'ARSG1234' ) AND ( `device_status` = 1 ) AND ( `del_flag` = 0 ) LIMIT 1   [ RunTime:0.001001s ]
SQL: SHOW COLUMNS FROM `device_relation_group` [ RunTime:0.017001s ]
SQL: SELECT * FROM `device_relation_group` WHERE ( `di_id` = '2017113014_AF11210C3D981654383C2FAD8283BD7E' ) AND ( `del_flag` = 0 ) AND ( `device_type` = 9 ) LIMIT 1   [ RunTime:0.001000s ]
SQL: SHOW COLUMNS FROM `sys_user` [ RunTime:0.013000s ]
SQL: SELECT su.phone FROM sys_user su LEFT JOIN device_info di on di.owner_id=su.id WHERE ( di.scan_code = 'ARSG1234' ) AND ( di.del_flag = 0 ) AND ( su.del_flag = 0 ) LIMIT 1   [ RunTime:0.000000s ]
INFO: [ view_template ] --START--
INFO: Run LocationTemplate Behavior [ RunTime:-6.667382s ]
INFO: [ view_template ] --END-- [ RunTime:0.001000s ]
INFO: [ view_parse ] --START--
NOTIC: [8] Undefined variable: openid D:\phpStudy\WWW\Rose\logs\Cache\Wap\bcf73615984b3058bc150c1b35567356.php 第 66 行.
NOTIC: [8] Use of undefined constant wechat - assumed 'wechat' D:\phpStudy\WWW\Rose\logs\Cache\Wap\bcf73615984b3058bc150c1b35567356.php 第 73 行.
NOTIC: [8] Undefined variable: buyer_id D:\phpStudy\WWW\Rose\logs\Cache\Wap\bcf73615984b3058bc150c1b35567356.php 第 75 行.
NOTIC: [8] Undefined variable: openid D:\phpStudy\WWW\Rose\logs\Cache\Wap\bcf73615984b3058bc150c1b35567356.php 第 84 行.
NOTIC: [8] Undefined variable: buyer_id D:\phpStudy\WWW\Rose\logs\Cache\Wap\bcf73615984b3058bc150c1b35567356.php 第 85 行.
INFO: Run ParseTemplate Behavior [ RunTime:-6.668382s ]
INFO: [ view_parse ] --END-- [ RunTime:0.020001s ]
INFO: [ view_filter ] --START--
INFO: Run ContentReplace Behavior [ RunTime:-6.688383s ]
INFO: Run TokenBuild Behavior [ RunTime:-6.689383s ]
INFO: Run WriteHtmlCache Behavior [ RunTime:-6.690383s ]
INFO: Run ShowRuntime Behavior [ RunTime:-6.691383s ]
INFO: [ view_filter ] --END-- [ RunTime:0.004000s ]
INFO: [ view_end ] --START--
INFO: Run ShowPageTrace Behavior [ RunTime:-6.698384s ]
INFO: [ view_end ] --END-- [ RunTime:0.001000s ]

[ 2017-12-05T15:55:22+08:00 ] 0.0.0.0 /Rose/index.php?g=Wap&m=Glass&a=index&openid=odOIPv9UcOs4N_jKX0JECOwADE7s&scan_code=ARSG1234
INFO: [ app_begin ] --START--
INFO: Run ReadHtmlCache Behavior [ RunTime:0.033002s ]
INFO: [ app_begin ] --END-- [ RunTime:0.074005s ]
SQL: SHOW COLUMNS FROM `device_info` [ RunTime:0.020001s ]
SQL: SELECT * FROM `device_info` WHERE ( `scan_code` = 'ARSG1234' ) AND ( `device_status` = 1 ) AND ( `del_flag` = 0 ) LIMIT 1   [ RunTime:0.001000s ]
SQL: SHOW COLUMNS FROM `device_relation_group` [ RunTime:0.020001s ]
SQL: SELECT * FROM `device_relation_group` WHERE ( `di_id` = '2017113014_AF11210C3D981654383C2FAD8283BD7E' ) AND ( `del_flag` = 0 ) AND ( `device_type` = 9 ) LIMIT 1   [ RunTime:0.000000s ]
SQL: SHOW COLUMNS FROM `sys_user` [ RunTime:0.013000s ]
SQL: SELECT su.phone FROM sys_user su LEFT JOIN device_info di on di.owner_id=su.id WHERE ( di.scan_code = 'ARSG1234' ) AND ( di.del_flag = 0 ) AND ( su.del_flag = 0 ) LIMIT 1   [ RunTime:0.000000s ]
INFO: [ view_template ] --START--
INFO: Run LocationTemplate Behavior [ RunTime:-8.339477s ]
INFO: [ view_template ] --END-- [ RunTime:0.001000s ]
INFO: [ view_parse ] --START--
NOTIC: [8] Undefined variable: openid D:\phpStudy\WWW\Rose\logs\Cache\Wap\bcf73615984b3058bc150c1b35567356.php 第 66 行.
NOTIC: [8] Use of undefined constant wechat - assumed 'wechat' D:\phpStudy\WWW\Rose\logs\Cache\Wap\bcf73615984b3058bc150c1b35567356.php 第 73 行.
NOTIC: [8] Undefined variable: buyer_id D:\phpStudy\WWW\Rose\logs\Cache\Wap\bcf73615984b3058bc150c1b35567356.php 第 75 行.
NOTIC: [8] Undefined variable: openid D:\phpStudy\WWW\Rose\logs\Cache\Wap\bcf73615984b3058bc150c1b35567356.php 第 84 行.
NOTIC: [8] Undefined variable: buyer_id D:\phpStudy\WWW\Rose\logs\Cache\Wap\bcf73615984b3058bc150c1b35567356.php 第 85 行.
INFO: Run ParseTemplate Behavior [ RunTime:-8.341477s ]
INFO: [ view_parse ] --END-- [ RunTime:0.013001s ]
INFO: [ view_filter ] --START--
INFO: Run ContentReplace Behavior [ RunTime:-8.354478s ]
INFO: Run TokenBuild Behavior [ RunTime:-8.355478s ]
INFO: Run WriteHtmlCache Behavior [ RunTime:-8.355478s ]
INFO: Run ShowRuntime Behavior [ RunTime:-8.356478s ]
INFO: [ view_filter ] --END-- [ RunTime:0.003000s ]
INFO: [ view_end ] --START--
INFO: Run ShowPageTrace Behavior [ RunTime:-8.372479s ]
INFO: [ view_end ] --END-- [ RunTime:0.001000s ]

[ 2017-12-05T15:55:24+08:00 ] 0.0.0.0 /Rose/index.php?g=Wap&m=Glass&a=index&openid=odOIPv9UcOs4N_jKX0JECOwADE7s&scan_code=ARSG1234
INFO: [ app_begin ] --START--
INFO: Run ReadHtmlCache Behavior [ RunTime:0.033001s ]
INFO: [ app_begin ] --END-- [ RunTime:0.074005s ]
SQL: SHOW COLUMNS FROM `device_info` [ RunTime:0.021001s ]
SQL: SELECT * FROM `device_info` WHERE ( `scan_code` = 'ARSG1234' ) AND ( `device_status` = 1 ) AND ( `del_flag` = 0 ) LIMIT 1   [ RunTime:0.001001s ]
SQL: SHOW COLUMNS FROM `device_relation_group` [ RunTime:0.016000s ]
SQL: SELECT * FROM `device_relation_group` WHERE ( `di_id` = '2017113014_AF11210C3D981654383C2FAD8283BD7E' ) AND ( `del_flag` = 0 ) AND ( `device_type` = 9 ) LIMIT 1   [ RunTime:0.001001s ]
SQL: SHOW COLUMNS FROM `sys_user` [ RunTime:0.013000s ]
SQL: SELECT su.phone FROM sys_user su LEFT JOIN device_info di on di.owner_id=su.id WHERE ( di.scan_code = 'ARSG1234' ) AND ( di.del_flag = 0 ) AND ( su.del_flag = 0 ) LIMIT 1   [ RunTime:0.001000s ]
INFO: [ view_template ] --START--
INFO: Run LocationTemplate Behavior [ RunTime:-9.841563s ]
INFO: [ view_template ] --END-- [ RunTime:0.001000s ]
INFO: [ view_parse ] --START--
NOTIC: [8] Undefined variable: openid D:\phpStudy\WWW\Rose\logs\Cache\Wap\bcf73615984b3058bc150c1b35567356.php 第 66 行.
NOTIC: [8] Use of undefined constant wechat - assumed 'wechat' D:\phpStudy\WWW\Rose\logs\Cache\Wap\bcf73615984b3058bc150c1b35567356.php 第 73 行.
NOTIC: [8] Undefined variable: buyer_id D:\phpStudy\WWW\Rose\logs\Cache\Wap\bcf73615984b3058bc150c1b35567356.php 第 75 行.
NOTIC: [8] Undefined variable: openid D:\phpStudy\WWW\Rose\logs\Cache\Wap\bcf73615984b3058bc150c1b35567356.php 第 84 行.
NOTIC: [8] Undefined variable: buyer_id D:\phpStudy\WWW\Rose\logs\Cache\Wap\bcf73615984b3058bc150c1b35567356.php 第 85 行.
INFO: Run ParseTemplate Behavior [ RunTime:-9.842563s ]
INFO: [ view_parse ] --END-- [ RunTime:0.014001s ]
INFO: [ view_filter ] --START--
INFO: Run ContentReplace Behavior [ RunTime:-9.856564s ]
INFO: Run TokenBuild Behavior [ RunTime:-9.857564s ]
INFO: Run WriteHtmlCache Behavior [ RunTime:-9.857564s ]
INFO: Run ShowRuntime Behavior [ RunTime:-9.858564s ]
INFO: [ view_filter ] --END-- [ RunTime:0.003000s ]
INFO: [ view_end ] --START--
INFO: Run ShowPageTrace Behavior [ RunTime:-9.859564s ]
INFO: [ view_end ] --END-- [ RunTime:0.001000s ]

[ 2017-12-05T15:55:26+08:00 ] 0.0.0.0 /Rose/index.php?g=Wap&m=Glass&a=index&openid=odOIPv9UcOs4N_jKX0JECOwADE7s&scan_code=ARSG1234
INFO: [ app_begin ] --START--
INFO: Run ReadHtmlCache Behavior [ RunTime:0.032001s ]
INFO: [ app_begin ] --END-- [ RunTime:0.076005s ]
SQL: SHOW COLUMNS FROM `device_info` [ RunTime:0.017001s ]
SQL: SELECT * FROM `device_info` WHERE ( `scan_code` = 'ARSG1234' ) AND ( `device_status` = 1 ) AND ( `del_flag` = 0 ) LIMIT 1   [ RunTime:0.001000s ]
SQL: SHOW COLUMNS FROM `device_relation_group` [ RunTime:0.012001s ]
SQL: SELECT * FROM `device_relation_group` WHERE ( `di_id` = '2017113014_AF11210C3D981654383C2FAD8283BD7E' ) AND ( `del_flag` = 0 ) AND ( `device_type` = 9 ) LIMIT 1   [ RunTime:0.001000s ]
SQL: SHOW COLUMNS FROM `sys_user` [ RunTime:0.014001s ]
SQL: SELECT su.phone FROM sys_user su LEFT JOIN device_info di on di.owner_id=su.id WHERE ( di.scan_code = 'ARSG1234' ) AND ( di.del_flag = 0 ) AND ( su.del_flag = 0 ) LIMIT 1   [ RunTime:0.001000s ]
INFO: [ view_template ] --START--
INFO: Run LocationTemplate Behavior [ RunTime:-11.651667s ]
INFO: [ view_template ] --END-- [ RunTime:0.001000s ]
INFO: [ view_parse ] --START--
NOTIC: [8] Undefined variable: openid D:\phpStudy\WWW\Rose\logs\Cache\Wap\bcf73615984b3058bc150c1b35567356.php 第 66 行.
NOTIC: [8] Use of undefined constant wechat - assumed 'wechat' D:\phpStudy\WWW\Rose\logs\Cache\Wap\bcf73615984b3058bc150c1b35567356.php 第 73 行.
NOTIC: [8] Undefined variable: buyer_id D:\phpStudy\WWW\Rose\logs\Cache\Wap\bcf73615984b3058bc150c1b35567356.php 第 75 行.
NOTIC: [8] Undefined variable: openid D:\phpStudy\WWW\Rose\logs\Cache\Wap\bcf73615984b3058bc150c1b35567356.php 第 84 行.
NOTIC: [8] Undefined variable: buyer_id D:\phpStudy\WWW\Rose\logs\Cache\Wap\bcf73615984b3058bc150c1b35567356.php 第 85 行.
INFO: Run ParseTemplate Behavior [ RunTime:-11.652667s ]
INFO: [ view_parse ] --END-- [ RunTime:0.013001s ]
INFO: [ view_filter ] --START--
INFO: Run ContentReplace Behavior [ RunTime:-11.665668s ]
INFO: Run TokenBuild Behavior [ RunTime:-11.666668s ]
INFO: Run WriteHtmlCache Behavior [ RunTime:-11.666668s ]
INFO: Run ShowRuntime Behavior [ RunTime:-11.667668s ]
INFO: [ view_filter ] --END-- [ RunTime:0.002000s ]
INFO: [ view_end ] --START--
INFO: Run ShowPageTrace Behavior [ RunTime:-11.677668s ]
INFO: [ view_end ] --END-- [ RunTime:0.001000s ]

[ 2017-12-05T16:52:30+08:00 ] 0.0.0.0 /Rose/index.php?g=Wap&m=Glass&a=index&openid=odOIPv9UcOs4N_jKX0JECOwADE7s&scan_code=ARSG1234
INFO: [ app_begin ] --START--
INFO: Run ReadHtmlCache Behavior [ RunTime:0.001000s ]
INFO: [ app_begin ] --END-- [ RunTime:0.001000s ]
SQL: SHOW COLUMNS FROM `device_info` [ RunTime:0.062003s ]
SQL: SELECT * FROM `device_info` WHERE ( `scan_code` = 'ARSG1234' ) AND ( `device_status` = 1 ) AND ( `del_flag` = 0 ) LIMIT 1   [ RunTime:0.001001s ]
SQL: SHOW COLUMNS FROM `device_relation_group` [ RunTime:0.028001s ]
SQL: SELECT * FROM `device_relation_group` WHERE ( `di_id` = '2017113014_AF11210C3D981654383C2FAD8283BD7E' ) AND ( `del_flag` = 0 ) AND ( `device_type` = 9 ) LIMIT 1   [ RunTime:0.000000s ]
SQL: SHOW COLUMNS FROM `sys_user` [ RunTime:0.036002s ]
SQL: SELECT su.phone FROM sys_user su LEFT JOIN device_info di on di.owner_id=su.id WHERE ( di.scan_code = 'ARSG1234' ) AND ( di.del_flag = 0 ) AND ( su.del_flag = 0 ) LIMIT 1   [ RunTime:0.000000s ]
INFO: [ view_template ] --START--
INFO: Run LocationTemplate Behavior [ RunTime:-1.584090s ]
INFO: [ view_template ] --END-- [ RunTime:0.021002s ]
INFO: [ view_parse ] --START--
NOTIC: [8] Undefined variable: openid D:\phpStudy\WWW\Rose\logs\Cache\Wap\bcf73615984b3058bc150c1b35567356.php 第 66 行.
NOTIC: [8] Use of undefined constant wechat - assumed 'wechat' D:\phpStudy\WWW\Rose\logs\Cache\Wap\bcf73615984b3058bc150c1b35567356.php 第 73 行.
NOTIC: [8] Undefined variable: buyer_id D:\phpStudy\WWW\Rose\logs\Cache\Wap\bcf73615984b3058bc150c1b35567356.php 第 75 行.
NOTIC: [8] Undefined variable: openid D:\phpStudy\WWW\Rose\logs\Cache\Wap\bcf73615984b3058bc150c1b35567356.php 第 84 行.
NOTIC: [8] Undefined variable: buyer_id D:\phpStudy\WWW\Rose\logs\Cache\Wap\bcf73615984b3058bc150c1b35567356.php 第 85 行.
INFO: Run ParseTemplate Behavior [ RunTime:-1.606092s ]
INFO: [ view_parse ] --END-- [ RunTime:0.020001s ]
INFO: [ view_filter ] --START--
INFO: Run ContentReplace Behavior [ RunTime:-1.626093s ]
INFO: Run TokenBuild Behavior [ RunTime:-1.628093s ]
INFO: Run WriteHtmlCache Behavior [ RunTime:-1.629093s ]
INFO: Run ShowRuntime Behavior [ RunTime:-1.630093s ]
INFO: [ view_filter ] --END-- [ RunTime:0.005000s ]
INFO: [ view_end ] --START--
INFO: Run ShowPageTrace Behavior [ RunTime:-1.632093s ]
INFO: [ view_end ] --END-- [ RunTime:0.001000s ]

[ 2017-12-05T16:52:35+08:00 ] 0.0.0.0 /Rose/index.php?g=Wap&m=Glass&a=index&openid=odOIPv9UcOs4N_jKX0JECOwADE7s&scan_code=ARSG1234
INFO: [ app_begin ] --START--
INFO: Run ReadHtmlCache Behavior [ RunTime:0.001001s ]
INFO: [ app_begin ] --END-- [ RunTime:0.001001s ]
SQL: SHOW COLUMNS FROM `device_info` [ RunTime:0.011001s ]
SQL: SELECT * FROM `device_info` WHERE ( `scan_code` = 'ARSG1234' ) AND ( `device_status` = 1 ) AND ( `del_flag` = 0 ) LIMIT 1   [ RunTime:0.000000s ]
SQL: SHOW COLUMNS FROM `device_relation_group` [ RunTime:0.011000s ]
SQL: SELECT * FROM `device_relation_group` WHERE ( `di_id` = '2017113014_AF11210C3D981654383C2FAD8283BD7E' ) AND ( `del_flag` = 0 ) AND ( `device_type` = 9 ) LIMIT 1   [ RunTime:0.000000s ]
SQL: SHOW COLUMNS FROM `sys_user` [ RunTime:0.010001s ]
SQL: SELECT su.phone FROM sys_user su LEFT JOIN device_info di on di.owner_id=su.id WHERE ( di.scan_code = 'ARSG1234' ) AND ( di.del_flag = 0 ) AND ( su.del_flag = 0 ) LIMIT 1   [ RunTime:0.000000s ]
INFO: [ view_template ] --START--
INFO: Run LocationTemplate Behavior [ RunTime:-1.530087s ]
INFO: [ view_template ] --END-- [ RunTime:0.001000s ]
INFO: [ view_parse ] --START--
NOTIC: [8] Undefined variable: openid D:\phpStudy\WWW\Rose\logs\Cache\Wap\bcf73615984b3058bc150c1b35567356.php 第 66 行.
NOTIC: [8] Use of undefined constant wechat - assumed 'wechat' D:\phpStudy\WWW\Rose\logs\Cache\Wap\bcf73615984b3058bc150c1b35567356.php 第 73 行.
NOTIC: [8] Undefined variable: buyer_id D:\phpStudy\WWW\Rose\logs\Cache\Wap\bcf73615984b3058bc150c1b35567356.php 第 75 行.
NOTIC: [8] Undefined variable: openid D:\phpStudy\WWW\Rose\logs\Cache\Wap\bcf73615984b3058bc150c1b35567356.php 第 84 行.
NOTIC: [8] Undefined variable: buyer_id D:\phpStudy\WWW\Rose\logs\Cache\Wap\bcf73615984b3058bc150c1b35567356.php 第 85 行.
INFO: Run ParseTemplate Behavior [ RunTime:-1.531087s ]
INFO: [ view_parse ] --END-- [ RunTime:0.014001s ]
INFO: [ view_filter ] --START--
INFO: Run ContentReplace Behavior [ RunTime:-1.545088s ]
INFO: Run TokenBuild Behavior [ RunTime:-1.546088s ]
INFO: Run WriteHtmlCache Behavior [ RunTime:-1.546088s ]
INFO: Run ShowRuntime Behavior [ RunTime:-1.547088s ]
INFO: [ view_filter ] --END-- [ RunTime:0.003000s ]
INFO: [ view_end ] --START--
INFO: Run ShowPageTrace Behavior [ RunTime:-1.548088s ]
INFO: [ view_end ] --END-- [ RunTime:0.001000s ]

[ 2017-12-05T16:54:07+08:00 ] 0.0.0.0 /Rose/index.php?g=Wap&m=Glassregiter&a=index&scan_code=ARSG1234&openid=odOIPv9UcOs4N_jKX0JECOwADE7s
INFO: [ app_begin ] --START--
INFO: Run ReadHtmlCache Behavior [ RunTime:0.001000s ]
INFO: [ app_begin ] --END-- [ RunTime:0.001000s ]
INFO: [ view_template ] --START--
INFO: Run LocationTemplate Behavior [ RunTime:-0.467026s ]
INFO: [ view_template ] --END-- [ RunTime:0.001000s ]
INFO: [ view_parse ] --START--
INFO: Run ParseTemplate Behavior [ RunTime:-0.469026s ]
INFO: [ view_parse ] --END-- [ RunTime:0.040003s ]
INFO: [ view_filter ] --START--
INFO: Run ContentReplace Behavior [ RunTime:-0.509029s ]
INFO: Run TokenBuild Behavior [ RunTime:-0.509029s ]
INFO: Run WriteHtmlCache Behavior [ RunTime:-0.510029s ]
INFO: Run ShowRuntime Behavior [ RunTime:-0.510029s ]
INFO: [ view_filter ] --END-- [ RunTime:0.002000s ]
INFO: [ view_end ] --START--
INFO: Run ShowPageTrace Behavior [ RunTime:-0.511029s ]
INFO: [ view_end ] --END-- [ RunTime:0.001000s ]

[ 2017-12-05T16:54:10+08:00 ] 0.0.0.0 /Rose/index.php?g=Wap&m=Glassregiter&a=index&scan_code=ARSG1234&openid=odOIPv9UcOs4N_jKX0JECOwADE7s
INFO: [ app_begin ] --START--
INFO: Run ReadHtmlCache Behavior [ RunTime:0.002000s ]
INFO: [ app_begin ] --END-- [ RunTime:0.002000s ]
INFO: [ view_template ] --START--
INFO: Run LocationTemplate Behavior [ RunTime:-0.400023s ]
INFO: [ view_template ] --END-- [ RunTime:0.002000s ]
INFO: [ view_parse ] --START--
INFO: Run ParseTemplate Behavior [ RunTime:-0.402023s ]
INFO: [ view_parse ] --END-- [ RunTime:0.011001s ]
INFO: [ view_filter ] --START--
INFO: Run ContentReplace Behavior [ RunTime:-0.413024s ]
INFO: Run TokenBuild Behavior [ RunTime:-0.414024s ]
INFO: Run WriteHtmlCache Behavior [ RunTime:-0.414024s ]
INFO: Run ShowRuntime Behavior [ RunTime:-0.415024s ]
INFO: [ view_filter ] --END-- [ RunTime:0.003000s ]
INFO: [ view_end ] --START--
INFO: Run ShowPageTrace Behavior [ RunTime:-0.416024s ]
INFO: [ view_end ] --END-- [ RunTime:0.001000s ]

[ 2017-12-05T16:57:00+08:00 ] 0.0.0.0 /Rose/index.php?g=Wap&m=Glassregiter&a=index&scan_code=ARSG1234&openid=odOIPv9UcOs4N_jKX0JECOwADE7s
INFO: [ app_begin ] --START--
INFO: Run ReadHtmlCache Behavior [ RunTime:0.001000s ]
INFO: [ app_begin ] --END-- [ RunTime:0.001000s ]
INFO: [ view_template ] --START--
INFO: Run LocationTemplate Behavior [ RunTime:-0.442025s ]
INFO: [ view_template ] --END-- [ RunTime:0.001000s ]
INFO: [ view_parse ] --START--
INFO: Run ParseTemplate Behavior [ RunTime:-0.443025s ]
INFO: [ view_parse ] --END-- [ RunTime:0.011001s ]
INFO: [ view_filter ] --START--
INFO: Run ContentReplace Behavior [ RunTime:-0.454026s ]
INFO: Run TokenBuild Behavior [ RunTime:-0.455026s ]
INFO: Run WriteHtmlCache Behavior [ RunTime:-0.456026s ]
INFO: Run ShowRuntime Behavior [ RunTime:-0.456026s ]
INFO: [ view_filter ] --END-- [ RunTime:0.003000s ]
INFO: [ view_end ] --START--
INFO: Run ShowPageTrace Behavior [ RunTime:-0.457026s ]
INFO: [ view_end ] --END-- [ RunTime:0.001000s ]

[ 2017-12-05T17:00:22+08:00 ] 0.0.0.0 /Rose/index.php?g=Wap&m=Glassregiter&a=index&scan_code=ARSG1234&openid=odOIPv9UcOs4N_jKX0JECOwADE7s
INFO: [ app_begin ] --START--
INFO: Run ReadHtmlCache Behavior [ RunTime:0.001000s ]
INFO: [ app_begin ] --END-- [ RunTime:0.001000s ]
INFO: [ view_template ] --START--
INFO: Run LocationTemplate Behavior [ RunTime:-0.406023s ]
INFO: [ view_template ] --END-- [ RunTime:0.001001s ]
INFO: [ view_parse ] --START--
INFO: Run ParseTemplate Behavior [ RunTime:-0.407024s ]
INFO: [ view_parse ] --END-- [ RunTime:0.011000s ]
INFO: [ view_filter ] --START--
INFO: Run ContentReplace Behavior [ RunTime:-0.418024s ]
INFO: Run TokenBuild Behavior [ RunTime:-0.419024s ]
INFO: Run WriteHtmlCache Behavior [ RunTime:-0.419024s ]
INFO: Run ShowRuntime Behavior [ RunTime:-0.420024s ]
INFO: [ view_filter ] --END-- [ RunTime:0.003000s ]
INFO: [ view_end ] --START--
INFO: Run ShowPageTrace Behavior [ RunTime:-0.421024s ]
INFO: [ view_end ] --END-- [ RunTime:0.001000s ]

[ 2017-12-05T17:01:06+08:00 ] 0.0.0.0 /Rose/index.php?g=Wap&m=Glassregiter&a=index&scan_code=ARSG1234&openid=odOIPv9UcOs4N_jKX0JECOwADE7s
INFO: [ app_begin ] --START--
INFO: Run ReadHtmlCache Behavior [ RunTime:0.001000s ]
INFO: [ app_begin ] --END-- [ RunTime:0.001000s ]
INFO: [ view_template ] --START--
INFO: Run LocationTemplate Behavior [ RunTime:-0.394022s ]
INFO: [ view_template ] --END-- [ RunTime:0.001000s ]
INFO: [ view_parse ] --START--
INFO: Run ParseTemplate Behavior [ RunTime:-0.395022s ]
INFO: [ view_parse ] --END-- [ RunTime:0.011001s ]
INFO: [ view_filter ] --START--
INFO: Run ContentReplace Behavior [ RunTime:-0.406023s ]
INFO: Run TokenBuild Behavior [ RunTime:-0.407023s ]
INFO: Run WriteHtmlCache Behavior [ RunTime:-0.408023s ]
INFO: Run ShowRuntime Behavior [ RunTime:-0.409023s ]
INFO: [ view_filter ] --END-- [ RunTime:0.004000s ]
INFO: [ view_end ] --START--
INFO: Run ShowPageTrace Behavior [ RunTime:-0.410023s ]
INFO: [ view_end ] --END-- [ RunTime:0.001000s ]

[ 2017-12-05T17:01:34+08:00 ] 0.0.0.0 /Rose/index.php?g=Wap&m=Glassregiter&a=index&scan_code=ARSG1234&openid=odOIPv9UcOs4N_jKX0JECOwADE7s
INFO: [ app_begin ] --START--
INFO: Run ReadHtmlCache Behavior [ RunTime:0.000000s ]
INFO: [ app_begin ] --END-- [ RunTime:0.001000s ]
INFO: [ view_template ] --START--
INFO: Run LocationTemplate Behavior [ RunTime:-0.383022s ]
INFO: [ view_template ] --END-- [ RunTime:0.002000s ]
INFO: [ view_parse ] --START--
INFO: Run ParseTemplate Behavior [ RunTime:-0.385022s ]
INFO: [ view_parse ] --END-- [ RunTime:0.010001s ]
INFO: [ view_filter ] --START--
INFO: Run ContentReplace Behavior [ RunTime:-0.395023s ]
INFO: Run TokenBuild Behavior [ RunTime:-0.396023s ]
INFO: Run WriteHtmlCache Behavior [ RunTime:-0.396023s ]
INFO: Run ShowRuntime Behavior [ RunTime:-0.397023s ]
INFO: [ view_filter ] --END-- [ RunTime:0.003000s ]
INFO: [ view_end ] --START--
INFO: Run ShowPageTrace Behavior [ RunTime:-0.398023s ]
INFO: [ view_end ] --END-- [ RunTime:0.001000s ]

[ 2017-12-05T17:02:48+08:00 ] 0.0.0.0 /Rose/index.php?g=Wap&m=Glassregiter&a=index&scan_code=ARSG1234&openid=odOIPv9UcOs4N_jKX0JECOwADE7s
INFO: [ app_begin ] --START--
INFO: Run ReadHtmlCache Behavior [ RunTime:0.001000s ]
INFO: [ app_begin ] --END-- [ RunTime:0.001000s ]
INFO: [ view_template ] --START--
INFO: Run LocationTemplate Behavior [ RunTime:-0.386022s ]
INFO: [ view_template ] --END-- [ RunTime:0.001000s ]
INFO: [ view_parse ] --START--
INFO: Run ParseTemplate Behavior [ RunTime:-0.387022s ]
INFO: [ view_parse ] --END-- [ RunTime:0.011001s ]
INFO: [ view_filter ] --START--
INFO: Run ContentReplace Behavior [ RunTime:-0.398023s ]
INFO: Run TokenBuild Behavior [ RunTime:-0.399023s ]
INFO: Run WriteHtmlCache Behavior [ RunTime:-0.400023s ]
INFO: Run ShowRuntime Behavior [ RunTime:-0.401023s ]
INFO: [ view_filter ] --END-- [ RunTime:0.004000s ]
INFO: [ view_end ] --START--
INFO: Run ShowPageTrace Behavior [ RunTime:-0.402023s ]
INFO: [ view_end ] --END-- [ RunTime:0.001000s ]

[ 2017-12-05T17:05:19+08:00 ] 0.0.0.0 /Rose/index.php?g=Wap&m=Glassregiter&a=index&scan_code=ARSG1234&openid=odOIPv9UcOs4N_jKX0JECOwADE7s
INFO: [ app_begin ] --START--
INFO: Run ReadHtmlCache Behavior [ RunTime:0.002000s ]
INFO: [ app_begin ] --END-- [ RunTime:0.002000s ]
INFO: [ view_template ] --START--
INFO: Run LocationTemplate Behavior [ RunTime:-0.420024s ]
INFO: [ view_template ] --END-- [ RunTime:0.001000s ]
INFO: [ view_parse ] --START--
INFO: Run ParseTemplate Behavior [ RunTime:-0.422024s ]
INFO: [ view_parse ] --END-- [ RunTime:0.012001s ]
INFO: [ view_filter ] --START--
INFO: Run ContentReplace Behavior [ RunTime:-0.433025s ]
INFO: Run TokenBuild Behavior [ RunTime:-0.434025s ]
INFO: Run WriteHtmlCache Behavior [ RunTime:-0.435025s ]
INFO: Run ShowRuntime Behavior [ RunTime:-0.436025s ]
INFO: [ view_filter ] --END-- [ RunTime:0.004000s ]
INFO: [ view_end ] --START--
INFO: Run ShowPageTrace Behavior [ RunTime:-0.437025s ]
INFO: [ view_end ] --END-- [ RunTime:0.001000s ]

[ 2017-12-05T17:05:50+08:00 ] 0.0.0.0 /Rose/index.php?g=Wap&m=Glassregiter&a=index&scan_code=ARSG1234&openid=odOIPv9UcOs4N_jKX0JECOwADE7s
INFO: [ app_begin ] --START--
INFO: Run ReadHtmlCache Behavior [ RunTime:0.000000s ]
INFO: [ app_begin ] --END-- [ RunTime:0.001001s ]
INFO: [ view_template ] --START--
INFO: Run LocationTemplate Behavior [ RunTime:-0.420024s ]
INFO: [ view_template ] --END-- [ RunTime:0.001000s ]
INFO: [ view_parse ] --START--
INFO: Run ParseTemplate Behavior [ RunTime:-0.421024s ]
INFO: [ view_parse ] --END-- [ RunTime:0.012000s ]
INFO: [ view_filter ] --START--
INFO: Run ContentReplace Behavior [ RunTime:-0.433024s ]
INFO: Run TokenBuild Behavior [ RunTime:-0.433024s ]
INFO: Run WriteHtmlCache Behavior [ RunTime:-0.434024s ]
INFO: Run ShowRuntime Behavior [ RunTime:-0.436024s ]
INFO: [ view_filter ] --END-- [ RunTime:0.004001s ]
INFO: [ view_end ] --START--
INFO: Run ShowPageTrace Behavior [ RunTime:-0.437025s ]
INFO: [ view_end ] --END-- [ RunTime:0.001000s ]

[ 2017-12-05T17:05:51+08:00 ] 0.0.0.0 /Rose/index.php?g=Wap&m=Glassregiter&a=index&scan_code=ARSG1234&openid=odOIPv9UcOs4N_jKX0JECOwADE7s
INFO: [ app_begin ] --START--
INFO: Run ReadHtmlCache Behavior [ RunTime:0.001000s ]
INFO: [ app_begin ] --END-- [ RunTime:0.001000s ]
INFO: [ view_template ] --START--
INFO: Run LocationTemplate Behavior [ RunTime:-0.383022s ]
INFO: [ view_template ] --END-- [ RunTime:0.001000s ]
INFO: [ view_parse ] --START--
INFO: Run ParseTemplate Behavior [ RunTime:-0.384022s ]
INFO: [ view_parse ] --END-- [ RunTime:0.012001s ]
INFO: [ view_filter ] --START--
INFO: Run ContentReplace Behavior [ RunTime:-0.396023s ]
INFO: Run TokenBuild Behavior [ RunTime:-0.396023s ]
INFO: Run WriteHtmlCache Behavior [ RunTime:-0.397023s ]
INFO: Run ShowRuntime Behavior [ RunTime:-0.398023s ]
INFO: [ view_filter ] --END-- [ RunTime:0.003000s ]
INFO: [ view_end ] --START--
INFO: Run ShowPageTrace Behavior [ RunTime:-0.399023s ]
INFO: [ view_end ] --END-- [ RunTime:0.002000s ]

[ 2017-12-05T17:07:12+08:00 ] 0.0.0.0 /Rose/index.php?g=Wap&m=Glassregiter&a=index&scan_code=ARSG1234&openid=odOIPv9UcOs4N_jKX0JECOwADE7s
INFO: [ app_begin ] --START--
INFO: Run ReadHtmlCache Behavior [ RunTime:0.002000s ]
INFO: [ app_begin ] --END-- [ RunTime:0.002000s ]
INFO: [ view_template ] --START--
INFO: Run LocationTemplate Behavior [ RunTime:-0.386022s ]
INFO: [ view_template ] --END-- [ RunTime:0.002000s ]
INFO: [ view_parse ] --START--
INFO: Run ParseTemplate Behavior [ RunTime:-0.388022s ]
INFO: [ view_parse ] --END-- [ RunTime:0.010001s ]
INFO: [ view_filter ] --START--
INFO: Run ContentReplace Behavior [ RunTime:-0.398023s ]
INFO: Run TokenBuild Behavior [ RunTime:-0.399023s ]
INFO: Run WriteHtmlCache Behavior [ RunTime:-0.401023s ]
INFO: Run ShowRuntime Behavior [ RunTime:-0.402023s ]
INFO: [ view_filter ] --END-- [ RunTime:0.005000s ]
INFO: [ view_end ] --START--
INFO: Run ShowPageTrace Behavior [ RunTime:-0.403023s ]
INFO: [ view_end ] --END-- [ RunTime:0.001000s ]

[ 2017-12-05T17:07:27+08:00 ] 0.0.0.0 /Rose/index.php?g=Wap&m=Glassregiter&a=index&scan_code=ARSG1234&openid=odOIPv9UcOs4N_jKX0JECOwADE7s
INFO: [ app_begin ] --START--
INFO: Run ReadHtmlCache Behavior [ RunTime:0.001001s ]
INFO: [ app_begin ] --END-- [ RunTime:0.002001s ]
INFO: [ view_template ] --START--
INFO: Run LocationTemplate Behavior [ RunTime:-0.390022s ]
INFO: [ view_template ] --END-- [ RunTime:0.001000s ]
INFO: [ view_parse ] --START--
INFO: Run ParseTemplate Behavior [ RunTime:-0.391022s ]
INFO: [ view_parse ] --END-- [ RunTime:0.012001s ]
INFO: [ view_filter ] --START--
INFO: Run ContentReplace Behavior [ RunTime:-0.403023s ]
INFO: Run TokenBuild Behavior [ RunTime:-0.404023s ]
INFO: Run WriteHtmlCache Behavior [ RunTime:-0.405023s ]
INFO: Run ShowRuntime Behavior [ RunTime:-0.405023s ]
INFO: [ view_filter ] --END-- [ RunTime:0.003000s ]
INFO: [ view_end ] --START--
INFO: Run ShowPageTrace Behavior [ RunTime:-0.406023s ]
INFO: [ view_end ] --END-- [ RunTime:0.001000s ]

[ 2017-12-05T17:08:02+08:00 ] 0.0.0.0 /Rose/index.php?g=Wap&m=Glassregiter&a=index&scan_code=ARSG1234&openid=odOIPv9UcOs4N_jKX0JECOwADE7s
INFO: [ app_begin ] --START--
INFO: Run ReadHtmlCache Behavior [ RunTime:0.001000s ]
INFO: [ app_begin ] --END-- [ RunTime:0.001000s ]
INFO: [ view_template ] --START--
INFO: Run LocationTemplate Behavior [ RunTime:-0.382022s ]
INFO: [ view_template ] --END-- [ RunTime:0.001000s ]
INFO: [ view_parse ] --START--
INFO: Run ParseTemplate Behavior [ RunTime:-0.383022s ]
INFO: [ view_parse ] --END-- [ RunTime:0.011000s ]
INFO: [ view_filter ] --START--
INFO: Run ContentReplace Behavior [ RunTime:-0.394022s ]
INFO: Run TokenBuild Behavior [ RunTime:-0.395023s ]
INFO: Run WriteHtmlCache Behavior [ RunTime:-0.395023s ]
INFO: Run ShowRuntime Behavior [ RunTime:-0.396023s ]
INFO: [ view_filter ] --END-- [ RunTime:0.003001s ]
INFO: [ view_end ] --START--
INFO: Run ShowPageTrace Behavior [ RunTime:-0.397023s ]
INFO: [ view_end ] --END-- [ RunTime:0.001000s ]

[ 2017-12-05T17:08:58+08:00 ] 0.0.0.0 /Rose/index.php?g=Wap&m=Glassregiter&a=index&scan_code=ARSG1234&openid=odOIPv9UcOs4N_jKX0JECOwADE7s
INFO: [ app_begin ] --START--
INFO: Run ReadHtmlCache Behavior [ RunTime:0.000000s ]
INFO: [ app_begin ] --END-- [ RunTime:0.001000s ]
INFO: [ view_template ] --START--
INFO: Run LocationTemplate Behavior [ RunTime:-0.391023s ]
INFO: [ view_template ] --END-- [ RunTime:0.002000s ]
INFO: [ view_parse ] --START--
INFO: Run ParseTemplate Behavior [ RunTime:-0.393023s ]
INFO: [ view_parse ] --END-- [ RunTime:0.011000s ]
INFO: [ view_filter ] --START--
INFO: Run ContentReplace Behavior [ RunTime:-0.404023s ]
INFO: Run TokenBuild Behavior [ RunTime:-0.405023s ]
INFO: Run WriteHtmlCache Behavior [ RunTime:-0.406023s ]
INFO: Run ShowRuntime Behavior [ RunTime:-0.407023s ]
INFO: [ view_filter ] --END-- [ RunTime:0.004001s ]
INFO: [ view_end ] --START--
INFO: Run ShowPageTrace Behavior [ RunTime:-0.408024s ]
INFO: [ view_end ] --END-- [ RunTime:0.001000s ]

[ 2017-12-05T17:09:31+08:00 ] 0.0.0.0 /Rose/index.php?g=Wap&m=Glassregiter&a=index&scan_code=ARSG1234&openid=odOIPv9UcOs4N_jKX0JECOwADE7s
INFO: [ app_begin ] --START--
INFO: Run ReadHtmlCache Behavior [ RunTime:0.001000s ]
INFO: [ app_begin ] --END-- [ RunTime:0.001000s ]
INFO: [ view_template ] --START--
INFO: Run LocationTemplate Behavior [ RunTime:-0.402023s ]
INFO: [ view_template ] --END-- [ RunTime:0.001000s ]
INFO: [ view_parse ] --START--
INFO: Run ParseTemplate Behavior [ RunTime:-0.403023s ]
INFO: [ view_parse ] --END-- [ RunTime:0.011001s ]
INFO: [ view_filter ] --START--
INFO: Run ContentReplace Behavior [ RunTime:-0.414024s ]
INFO: Run TokenBuild Behavior [ RunTime:-0.415024s ]
INFO: Run WriteHtmlCache Behavior [ RunTime:-0.416024s ]
INFO: Run ShowRuntime Behavior [ RunTime:-0.417024s ]
INFO: [ view_filter ] --END-- [ RunTime:0.003000s ]
INFO: [ view_end ] --START--
INFO: Run ShowPageTrace Behavior [ RunTime:-0.418024s ]
INFO: [ view_end ] --END-- [ RunTime:0.000000s ]

[ 2017-12-05T17:09:44+08:00 ] 0.0.0.0 /Rose/index.php?g=Wap&m=Glassregiter&a=add_post
INFO: [ app_begin ] --START--
INFO: Run ReadHtmlCache Behavior [ RunTime:0.000000s ]
INFO: [ app_begin ] --END-- [ RunTime:0.000000s ]
SQL: SHOW COLUMNS FROM `glass_user` [ RunTime:0.020002s ]
SQL: SELECT * FROM `glass_user` WHERE ( `user_id` = 'odOIPv9UcOs4N_jKX0JECOwADE7s' ) OR ( `phone` = '13824774573' ) LIMIT 1   [ RunTime:0.001000s ]
SQL: INSERT INTO `glass_user` (`id`,`user_id`,`phone`,`password`) VALUES ('20171205170944_10E9E71019F9',0,'13824774573','123456') [ RunTime:0.001000s ]

[ 2017-12-05T17:09:47+08:00 ] 0.0.0.0 /Rose/index.php?g=Wap&m=Glass&a=index&openid=odOIPv9UcOs4N_jKX0JECOwADE7s&scan_code=ARSG1234
INFO: [ app_begin ] --START--
INFO: Run ReadHtmlCache Behavior [ RunTime:0.001000s ]
INFO: [ app_begin ] --END-- [ RunTime:0.001000s ]
SQL: SHOW COLUMNS FROM `device_info` [ RunTime:0.023002s ]
SQL: SELECT * FROM `device_info` WHERE ( `scan_code` = 'ARSG1234' ) AND ( `device_status` = 1 ) AND ( `del_flag` = 0 ) LIMIT 1   [ RunTime:0.001000s ]
SQL: SHOW COLUMNS FROM `device_relation_group` [ RunTime:0.021001s ]
SQL: SELECT * FROM `device_relation_group` WHERE ( `di_id` = '2017113014_AF11210C3D981654383C2FAD8283BD7E' ) AND ( `del_flag` = 0 ) AND ( `device_type` = 9 ) LIMIT 1   [ RunTime:0.001000s ]
SQL: SHOW COLUMNS FROM `sys_user` [ RunTime:0.015001s ]
SQL: SELECT su.phone FROM sys_user su LEFT JOIN device_info di on di.owner_id=su.id WHERE ( di.scan_code = 'ARSG1234' ) AND ( di.del_flag = 0 ) AND ( su.del_flag = 0 ) LIMIT 1   [ RunTime:0.000000s ]
INFO: [ view_template ] --START--
INFO: Run LocationTemplate Behavior [ RunTime:-1.465084s ]
INFO: [ view_template ] --END-- [ RunTime:0.002000s ]
INFO: [ view_parse ] --START--
NOTIC: [8] Undefined variable: openid D:\phpStudy\WWW\Rose\logs\Cache\Wap\bcf73615984b3058bc150c1b35567356.php 第 66 行.
NOTIC: [8] Use of undefined constant wechat - assumed 'wechat' D:\phpStudy\WWW\Rose\logs\Cache\Wap\bcf73615984b3058bc150c1b35567356.php 第 73 行.
NOTIC: [8] Undefined variable: buyer_id D:\phpStudy\WWW\Rose\logs\Cache\Wap\bcf73615984b3058bc150c1b35567356.php 第 75 行.
NOTIC: [8] Undefined variable: openid D:\phpStudy\WWW\Rose\logs\Cache\Wap\bcf73615984b3058bc150c1b35567356.php 第 84 行.
NOTIC: [8] Undefined variable: buyer_id D:\phpStudy\WWW\Rose\logs\Cache\Wap\bcf73615984b3058bc150c1b35567356.php 第 85 行.
INFO: Run ParseTemplate Behavior [ RunTime:-1.467084s ]
INFO: [ view_parse ] --END-- [ RunTime:0.013001s ]
INFO: [ view_filter ] --START--
INFO: Run ContentReplace Behavior [ RunTime:-1.480085s ]
INFO: Run TokenBuild Behavior [ RunTime:-1.481085s ]
INFO: Run WriteHtmlCache Behavior [ RunTime:-1.481085s ]
INFO: Run ShowRuntime Behavior [ RunTime:-1.482085s ]
INFO: [ view_filter ] --END-- [ RunTime:0.003000s ]
INFO: [ view_end ] --START--
INFO: Run ShowPageTrace Behavior [ RunTime:-1.483085s ]
INFO: [ view_end ] --END-- [ RunTime:0.001000s ]

[ 2017-12-05T17:10:25+08:00 ] 0.0.0.0 /Rose/index.php?g=Wap&m=Glassregiter&a=index&scan_code=ARSG1234&openid=odOIPv9UcOs4N_jKX0JECOwADE7s
INFO: [ app_begin ] --START--
INFO: Run ReadHtmlCache Behavior [ RunTime:0.000000s ]
INFO: [ app_begin ] --END-- [ RunTime:0.000000s ]
INFO: [ view_template ] --START--
INFO: Run LocationTemplate Behavior [ RunTime:-0.761044s ]
INFO: [ view_template ] --END-- [ RunTime:0.001000s ]
INFO: [ view_parse ] --START--
INFO: Run ParseTemplate Behavior [ RunTime:-0.762044s ]
INFO: [ view_parse ] --END-- [ RunTime:0.011000s ]
INFO: [ view_filter ] --START--
INFO: Run ContentReplace Behavior [ RunTime:-0.773044s ]
INFO: Run TokenBuild Behavior [ RunTime:-0.774044s ]
INFO: Run WriteHtmlCache Behavior [ RunTime:-0.775044s ]
INFO: Run ShowRuntime Behavior [ RunTime:-0.775044s ]
INFO: [ view_filter ] --END-- [ RunTime:0.003000s ]
INFO: [ view_end ] --START--
INFO: Run ShowPageTrace Behavior [ RunTime:-0.776044s ]
INFO: [ view_end ] --END-- [ RunTime:0.004001s ]

[ 2017-12-05T17:10:56+08:00 ] 0.0.0.0 /Rose/index.php?g=Wap&m=Glassregiter&a=index&scan_code=ARSG1234&openid=odOIPv9UcOs4N_jKX0JECOwADE7s
INFO: [ app_begin ] --START--
INFO: Run ReadHtmlCache Behavior [ RunTime:0.001000s ]
INFO: [ app_begin ] --END-- [ RunTime:0.001000s ]
INFO: [ view_template ] --START--
INFO: Run LocationTemplate Behavior [ RunTime:-0.725041s ]
INFO: [ view_template ] --END-- [ RunTime:0.001000s ]
INFO: [ view_parse ] --START--
INFO: Run ParseTemplate Behavior [ RunTime:-0.726041s ]
INFO: [ view_parse ] --END-- [ RunTime:0.012001s ]
INFO: [ view_filter ] --START--
INFO: Run ContentReplace Behavior [ RunTime:-0.738042s ]
INFO: Run TokenBuild Behavior [ RunTime:-0.738042s ]
INFO: Run WriteHtmlCache Behavior [ RunTime:-0.739042s ]
INFO: Run ShowRuntime Behavior [ RunTime:-0.740042s ]
INFO: [ view_filter ] --END-- [ RunTime:0.002000s ]
INFO: [ view_end ] --START--
INFO: Run ShowPageTrace Behavior [ RunTime:-0.740042s ]
INFO: [ view_end ] --END-- [ RunTime:0.001000s ]

[ 2017-12-05T17:11:54+08:00 ] 0.0.0.0 /Rose/index.php?g=Wap&m=Glassregiter&a=index&scan_code=ARSG1234&openid=odOIPv9UcOs4N_jKX0JECOwADE7s
INFO: [ app_begin ] --START--
INFO: Run ReadHtmlCache Behavior [ RunTime:0.001000s ]
INFO: [ app_begin ] --END-- [ RunTime:0.001000s ]
INFO: [ view_template ] --START--
INFO: Run LocationTemplate Behavior [ RunTime:-0.753043s ]
INFO: [ view_template ] --END-- [ RunTime:0.001000s ]
INFO: [ view_parse ] --START--
INFO: Run ParseTemplate Behavior [ RunTime:-0.754043s ]
INFO: [ view_parse ] --END-- [ RunTime:0.011001s ]
INFO: [ view_filter ] --START--
INFO: Run ContentReplace Behavior [ RunTime:-0.765044s ]
INFO: Run TokenBuild Behavior [ RunTime:-0.766044s ]
INFO: Run WriteHtmlCache Behavior [ RunTime:-0.767044s ]
INFO: Run ShowRuntime Behavior [ RunTime:-0.767044s ]
INFO: [ view_filter ] --END-- [ RunTime:0.003000s ]
INFO: [ view_end ] --START--
INFO: Run ShowPageTrace Behavior [ RunTime:-0.768044s ]
INFO: [ view_end ] --END-- [ RunTime:0.001000s ]

[ 2017-12-05T17:18:39+08:00 ] 0.0.0.0 /Rose/index.php?g=Wap&m=Glass&a=index&openid=odOIPv9UcOs4N_jKX0JECOwADE7s&scan_code=ARSG1234
INFO: [ app_begin ] --START--
INFO: Run ReadHtmlCache Behavior [ RunTime:0.001000s ]
INFO: [ app_begin ] --END-- [ RunTime:0.001000s ]
SQL: SHOW COLUMNS FROM `device_info` [ RunTime:0.015001s ]
SQL: SELECT * FROM `device_info` WHERE ( `scan_code` = 'ARSG1234' ) AND ( `device_status` = 1 ) AND ( `del_flag` = 0 ) LIMIT 1   [ RunTime:0.001000s ]
SQL: SHOW COLUMNS FROM `device_relation_group` [ RunTime:0.016001s ]
SQL: SELECT * FROM `device_relation_group` WHERE ( `di_id` = '2017113014_AF11210C3D981654383C2FAD8283BD7E' ) AND ( `del_flag` = 0 ) AND ( `device_type` = 9 ) LIMIT 1   [ RunTime:0.001000s ]
SQL: SHOW COLUMNS FROM `sys_user` [ RunTime:0.011001s ]
SQL: SELECT su.phone FROM sys_user su LEFT JOIN device_info di on di.owner_id=su.id WHERE ( di.scan_code = 'ARSG1234' ) AND ( di.del_flag = 0 ) AND ( su.del_flag = 0 ) LIMIT 1   [ RunTime:0.001000s ]
INFO: [ view_template ] --START--
INFO: Run LocationTemplate Behavior [ RunTime:-1.438083s ]
INFO: [ view_template ] --END-- [ RunTime:0.001000s ]
INFO: [ view_parse ] --START--
NOTIC: [8] Undefined variable: openid D:\phpStudy\WWW\Rose\logs\Cache\Wap\bcf73615984b3058bc150c1b35567356.php 第 66 行.
NOTIC: [8] Use of undefined constant wechat - assumed 'wechat' D:\phpStudy\WWW\Rose\logs\Cache\Wap\bcf73615984b3058bc150c1b35567356.php 第 73 行.
NOTIC: [8] Undefined variable: buyer_id D:\phpStudy\WWW\Rose\logs\Cache\Wap\bcf73615984b3058bc150c1b35567356.php 第 75 行.
NOTIC: [8] Undefined variable: openid D:\phpStudy\WWW\Rose\logs\Cache\Wap\bcf73615984b3058bc150c1b35567356.php 第 84 行.
NOTIC: [8] Undefined variable: buyer_id D:\phpStudy\WWW\Rose\logs\Cache\Wap\bcf73615984b3058bc150c1b35567356.php 第 85 行.
INFO: Run ParseTemplate Behavior [ RunTime:-1.440083s ]
INFO: [ view_parse ] --END-- [ RunTime:0.011000s ]
INFO: [ view_filter ] --START--
INFO: Run ContentReplace Behavior [ RunTime:-1.451083s ]
INFO: Run TokenBuild Behavior [ RunTime:-1.452083s ]
INFO: Run WriteHtmlCache Behavior [ RunTime:-1.453084s ]
INFO: Run ShowRuntime Behavior [ RunTime:-1.453084s ]
INFO: [ view_filter ] --END-- [ RunTime:0.003001s ]
INFO: [ view_end ] --START--
INFO: Run ShowPageTrace Behavior [ RunTime:-1.454084s ]
INFO: [ view_end ] --END-- [ RunTime:0.001000s ]

[ 2017-12-05T17:38:16+08:00 ] 0.0.0.0 /Rose/index.php?g=Wap&m=Glass&a=index&openid=odOIPv9UcOs4N_jKX0JECOwADE7s&scan_code=ARSG1234
INFO: [ app_begin ] --START--
INFO: Run ReadHtmlCache Behavior [ RunTime:0.009001s ]
INFO: [ app_begin ] --END-- [ RunTime:0.009001s ]
SQL: SHOW COLUMNS FROM `device_info` [ RunTime:0.054003s ]
SQL: SELECT * FROM `device_info` WHERE ( `scan_code` = 'ARSG1234' ) AND ( `device_status` = 1 ) AND ( `del_flag` = 0 ) LIMIT 1   [ RunTime:0.028001s ]
SQL: SHOW COLUMNS FROM `device_relation_group` [ RunTime:0.012001s ]
SQL: SELECT * FROM `device_relation_group` WHERE ( `di_id` = '2017113014_AF11210C3D981654383C2FAD8283BD7E' ) AND ( `del_flag` = 0 ) AND ( `device_type` = 9 ) LIMIT 1   [ RunTime:0.001000s ]
SQL: SHOW COLUMNS FROM `sys_user` [ RunTime:0.012001s ]
SQL: SELECT su.phone FROM sys_user su LEFT JOIN device_info di on di.owner_id=su.id WHERE ( di.scan_code = 'ARSG1234' ) AND ( di.del_flag = 0 ) AND ( su.del_flag = 0 ) LIMIT 1   [ RunTime:0.000000s ]
INFO: [ view_template ] --START--
INFO: Run LocationTemplate Behavior [ RunTime:-1.732099s ]
INFO: [ view_template ] --END-- [ RunTime:0.002000s ]
INFO: [ view_parse ] --START--
NOTIC: [8] Undefined variable: openid D:\phpStudy\WWW\Rose\logs\Cache\Wap\bcf73615984b3058bc150c1b35567356.php 第 66 行.
NOTIC: [8] Use of undefined constant wechat - assumed 'wechat' D:\phpStudy\WWW\Rose\logs\Cache\Wap\bcf73615984b3058bc150c1b35567356.php 第 73 行.
NOTIC: [8] Undefined variable: buyer_id D:\phpStudy\WWW\Rose\logs\Cache\Wap\bcf73615984b3058bc150c1b35567356.php 第 75 行.
NOTIC: [8] Undefined variable: openid D:\phpStudy\WWW\Rose\logs\Cache\Wap\bcf73615984b3058bc150c1b35567356.php 第 84 行.
NOTIC: [8] Undefined variable: buyer_id D:\phpStudy\WWW\Rose\logs\Cache\Wap\bcf73615984b3058bc150c1b35567356.php 第 85 行.
INFO: Run ParseTemplate Behavior [ RunTime:-1.734099s ]
INFO: [ view_parse ] --END-- [ RunTime:0.026002s ]
INFO: [ view_filter ] --START--
INFO: Run ContentReplace Behavior [ RunTime:-1.760101s ]
INFO: Run TokenBuild Behavior [ RunTime:-1.761101s ]
INFO: Run WriteHtmlCache Behavior [ RunTime:-1.762101s ]
INFO: Run ShowRuntime Behavior [ RunTime:-1.763101s ]
INFO: [ view_filter ] --END-- [ RunTime:0.004000s ]
INFO: [ view_end ] --START--
INFO: Run ShowPageTrace Behavior [ RunTime:-1.765101s ]
INFO: [ view_end ] --END-- [ RunTime:0.001000s ]

[ 2017-12-05T17:38:17+08:00 ] 0.0.0.0 /Rose/index.php?g=Wap&m=Glass&a=index&openid=odOIPv9UcOs4N_jKX0JECOwADE7s&scan_code=ARSG1234
INFO: [ app_begin ] --START--
INFO: Run ReadHtmlCache Behavior [ RunTime:0.009001s ]
INFO: [ app_begin ] --END-- [ RunTime:0.009001s ]
SQL: SHOW COLUMNS FROM `device_info` [ RunTime:0.020001s ]
SQL: SELECT * FROM `device_info` WHERE ( `scan_code` = 'ARSG1234' ) AND ( `device_status` = 1 ) AND ( `del_flag` = 0 ) LIMIT 1   [ RunTime:0.001000s ]
SQL: SHOW COLUMNS FROM `device_relation_group` [ RunTime:0.014001s ]
SQL: SELECT * FROM `device_relation_group` WHERE ( `di_id` = '2017113014_AF11210C3D981654383C2FAD8283BD7E' ) AND ( `del_flag` = 0 ) AND ( `device_type` = 9 ) LIMIT 1   [ RunTime:0.001000s ]
SQL: SHOW COLUMNS FROM `sys_user` [ RunTime:0.010001s ]
SQL: SELECT su.phone FROM sys_user su LEFT JOIN device_info di on di.owner_id=su.id WHERE ( di.scan_code = 'ARSG1234' ) AND ( di.del_flag = 0 ) AND ( su.del_flag = 0 ) LIMIT 1   [ RunTime:0.000000s ]
INFO: [ view_template ] --START--
INFO: Run LocationTemplate Behavior [ RunTime:-3.249186s ]
INFO: [ view_template ] --END-- [ RunTime:0.002000s ]
INFO: [ view_parse ] --START--
NOTIC: [8] Undefined variable: openid D:\phpStudy\WWW\Rose\logs\Cache\Wap\bcf73615984b3058bc150c1b35567356.php 第 66 行.
NOTIC: [8] Use of undefined constant wechat - assumed 'wechat' D:\phpStudy\WWW\Rose\logs\Cache\Wap\bcf73615984b3058bc150c1b35567356.php 第 73 行.
NOTIC: [8] Undefined variable: buyer_id D:\phpStudy\WWW\Rose\logs\Cache\Wap\bcf73615984b3058bc150c1b35567356.php 第 75 行.
NOTIC: [8] Undefined variable: openid D:\phpStudy\WWW\Rose\logs\Cache\Wap\bcf73615984b3058bc150c1b35567356.php 第 84 行.
NOTIC: [8] Undefined variable: buyer_id D:\phpStudy\WWW\Rose\logs\Cache\Wap\bcf73615984b3058bc150c1b35567356.php 第 85 行.
INFO: Run ParseTemplate Behavior [ RunTime:-3.251186s ]
INFO: [ view_parse ] --END-- [ RunTime:0.013001s ]
INFO: [ view_filter ] --START--
INFO: Run ContentReplace Behavior [ RunTime:-3.264187s ]
INFO: Run TokenBuild Behavior [ RunTime:-3.265187s ]
INFO: Run WriteHtmlCache Behavior [ RunTime:-3.265187s ]
INFO: Run ShowRuntime Behavior [ RunTime:-3.266187s ]
INFO: [ view_filter ] --END-- [ RunTime:0.003000s ]
INFO: [ view_end ] --START--
INFO: Run ShowPageTrace Behavior [ RunTime:-3.267187s ]
INFO: [ view_end ] --END-- [ RunTime:0.001000s ]

[ 2017-12-05T17:38:55+08:00 ] 0.0.0.0 /Rose/index.php?g=Wap&m=Glass&a=index&openid=odOIPv9UcOs4N_jKX0JECOwADE7s&scan_code=ARSG1234
INFO: [ app_begin ] --START--
INFO: Run ReadHtmlCache Behavior [ RunTime:0.001000s ]
INFO: [ app_begin ] --END-- [ RunTime:0.001000s ]
SQL: SHOW COLUMNS FROM `device_info` [ RunTime:0.015001s ]
SQL: SELECT * FROM `device_info` WHERE ( `scan_code` = 'ARSG1234' ) AND ( `device_status` = 1 ) AND ( `del_flag` = 0 ) LIMIT 1   [ RunTime:0.000000s ]
SQL: SHOW COLUMNS FROM `device_relation_group` [ RunTime:0.011000s ]
SQL: SELECT * FROM `device_relation_group` WHERE ( `di_id` = '2017113014_AF11210C3D981654383C2FAD8283BD7E' ) AND ( `del_flag` = 0 ) AND ( `device_type` = 9 ) LIMIT 1   [ RunTime:0.001000s ]
SQL: SHOW COLUMNS FROM `sys_user` [ RunTime:0.011001s ]
SQL: SELECT su.phone FROM sys_user su LEFT JOIN device_info di on di.owner_id=su.id WHERE ( di.scan_code = 'ARSG1234' ) AND ( di.del_flag = 0 ) AND ( su.del_flag = 0 ) LIMIT 1   [ RunTime:0.000000s ]
INFO: [ view_template ] --START--
INFO: Run LocationTemplate Behavior [ RunTime:-1.732099s ]
INFO: [ view_template ] --END-- [ RunTime:0.002000s ]
INFO: [ view_parse ] --START--
NOTIC: [8] Undefined variable: openid D:\phpStudy\WWW\Rose\logs\Cache\Wap\bcf73615984b3058bc150c1b35567356.php 第 66 行.
NOTIC: [8] Use of undefined constant wechat - assumed 'wechat' D:\phpStudy\WWW\Rose\logs\Cache\Wap\bcf73615984b3058bc150c1b35567356.php 第 73 行.
NOTIC: [8] Undefined variable: buyer_id D:\phpStudy\WWW\Rose\logs\Cache\Wap\bcf73615984b3058bc150c1b35567356.php 第 75 行.
NOTIC: [8] Undefined variable: openid D:\phpStudy\WWW\Rose\logs\Cache\Wap\bcf73615984b3058bc150c1b35567356.php 第 84 行.
NOTIC: [8] Undefined variable: buyer_id D:\phpStudy\WWW\Rose\logs\Cache\Wap\bcf73615984b3058bc150c1b35567356.php 第 85 行.
INFO: Run ParseTemplate Behavior [ RunTime:-1.734099s ]
INFO: [ view_parse ] --END-- [ RunTime:0.012001s ]
INFO: [ view_filter ] --START--
INFO: Run ContentReplace Behavior [ RunTime:-1.746100s ]
INFO: Run TokenBuild Behavior [ RunTime:-1.747100s ]
INFO: Run WriteHtmlCache Behavior [ RunTime:-1.748100s ]
INFO: Run ShowRuntime Behavior [ RunTime:-1.748100s ]
INFO: [ view_filter ] --END-- [ RunTime:0.003000s ]
INFO: [ view_end ] --START--
INFO: Run ShowPageTrace Behavior [ RunTime:-1.749100s ]
INFO: [ view_end ] --END-- [ RunTime:0.001000s ]

[ 2017-12-05T17:39:08+08:00 ] 0.0.0.0 /Rose/index.php?g=Wap&m=Glass&a=index&openid=odOIPv9UcOs4N_jKX0JECOwADE7s&scan_code=ARSG1234
INFO: [ app_begin ] --START--
INFO: Run ReadHtmlCache Behavior [ RunTime:0.001000s ]
INFO: [ app_begin ] --END-- [ RunTime:0.001000s ]
SQL: SHOW COLUMNS FROM `device_info` [ RunTime:0.016001s ]
SQL: SELECT * FROM `device_info` WHERE ( `scan_code` = 'ARSG1234' ) AND ( `device_status` = 1 ) AND ( `del_flag` = 0 ) LIMIT 1   [ RunTime:0.001000s ]
SQL: SHOW COLUMNS FROM `device_relation_group` [ RunTime:0.017001s ]
SQL: SELECT * FROM `device_relation_group` WHERE ( `di_id` = '2017113014_AF11210C3D981654383C2FAD8283BD7E' ) AND ( `del_flag` = 0 ) AND ( `device_type` = 9 ) LIMIT 1   [ RunTime:0.001000s ]
SQL: SHOW COLUMNS FROM `sys_user` [ RunTime:0.014001s ]
SQL: SELECT su.phone FROM sys_user su LEFT JOIN device_info di on di.owner_id=su.id WHERE ( di.scan_code = 'ARSG1234' ) AND ( di.del_flag = 0 ) AND ( su.del_flag = 0 ) LIMIT 1   [ RunTime:0.000000s ]
INFO: [ view_template ] --START--
INFO: Run LocationTemplate Behavior [ RunTime:-1.460083s ]
INFO: [ view_template ] --END-- [ RunTime:0.001000s ]
INFO: [ view_parse ] --START--
NOTIC: [8] Undefined variable: openid D:\phpStudy\WWW\Rose\logs\Cache\Wap\bcf73615984b3058bc150c1b35567356.php 第 66 行.
NOTIC: [8] Use of undefined constant wechat - assumed 'wechat' D:\phpStudy\WWW\Rose\logs\Cache\Wap\bcf73615984b3058bc150c1b35567356.php 第 73 行.
NOTIC: [8] Undefined variable: buyer_id D:\phpStudy\WWW\Rose\logs\Cache\Wap\bcf73615984b3058bc150c1b35567356.php 第 75 行.
NOTIC: [8] Undefined variable: openid D:\phpStudy\WWW\Rose\logs\Cache\Wap\bcf73615984b3058bc150c1b35567356.php 第 84 行.
NOTIC: [8] Undefined variable: buyer_id D:\phpStudy\WWW\Rose\logs\Cache\Wap\bcf73615984b3058bc150c1b35567356.php 第 85 行.
INFO: Run ParseTemplate Behavior [ RunTime:-1.461083s ]
INFO: [ view_parse ] --END-- [ RunTime:0.012001s ]
INFO: [ view_filter ] --START--
INFO: Run ContentReplace Behavior [ RunTime:-1.473084s ]
INFO: Run TokenBuild Behavior [ RunTime:-1.474084s ]
INFO: Run WriteHtmlCache Behavior [ RunTime:-1.474084s ]
INFO: Run ShowRuntime Behavior [ RunTime:-1.475084s ]
INFO: [ view_filter ] --END-- [ RunTime:0.002000s ]
INFO: [ view_end ] --START--
INFO: Run ShowPageTrace Behavior [ RunTime:-1.476084s ]
INFO: [ view_end ] --END-- [ RunTime:0.001000s ]

[ 2017-12-05T17:39:19+08:00 ] 0.0.0.0 /Rose/index.php?g=Wap&m=Glass&a=index&openid=odOIPv9UcOs4N_jKX0JECOwADE7s&scan_code=ARSG1234
INFO: [ app_begin ] --START--
INFO: Run ReadHtmlCache Behavior [ RunTime:0.000000s ]
INFO: [ app_begin ] --END-- [ RunTime:0.001000s ]
SQL: SHOW COLUMNS FROM `device_info` [ RunTime:0.016001s ]
SQL: SELECT * FROM `device_info` WHERE ( `scan_code` = 'ARSG1234' ) AND ( `device_status` = 1 ) AND ( `del_flag` = 0 ) LIMIT 1   [ RunTime:0.001000s ]
SQL: SHOW COLUMNS FROM `device_relation_group` [ RunTime:0.015001s ]
SQL: SELECT * FROM `device_relation_group` WHERE ( `di_id` = '2017113014_AF11210C3D981654383C2FAD8283BD7E' ) AND ( `del_flag` = 0 ) AND ( `device_type` = 9 ) LIMIT 1   [ RunTime:0.000000s ]
SQL: SHOW COLUMNS FROM `sys_user` [ RunTime:0.013001s ]
SQL: SELECT su.phone FROM sys_user su LEFT JOIN device_info di on di.owner_id=su.id WHERE ( di.scan_code = 'ARSG1234' ) AND ( di.del_flag = 0 ) AND ( su.del_flag = 0 ) LIMIT 1   [ RunTime:0.000000s ]
INFO: [ view_template ] --START--
INFO: Run LocationTemplate Behavior [ RunTime:-1.479085s ]
INFO: [ view_template ] --END-- [ RunTime:0.001000s ]
INFO: [ view_parse ] --START--
NOTIC: [8] Undefined variable: openid D:\phpStudy\WWW\Rose\logs\Cache\Wap\bcf73615984b3058bc150c1b35567356.php 第 66 行.
NOTIC: [8] Use of undefined constant wechat - assumed 'wechat' D:\phpStudy\WWW\Rose\logs\Cache\Wap\bcf73615984b3058bc150c1b35567356.php 第 73 行.
NOTIC: [8] Undefined variable: buyer_id D:\phpStudy\WWW\Rose\logs\Cache\Wap\bcf73615984b3058bc150c1b35567356.php 第 75 行.
NOTIC: [8] Undefined variable: openid D:\phpStudy\WWW\Rose\logs\Cache\Wap\bcf73615984b3058bc150c1b35567356.php 第 84 行.
NOTIC: [8] Undefined variable: buyer_id D:\phpStudy\WWW\Rose\logs\Cache\Wap\bcf73615984b3058bc150c1b35567356.php 第 85 行.
INFO: Run ParseTemplate Behavior [ RunTime:-1.480085s ]
INFO: [ view_parse ] --END-- [ RunTime:0.012000s ]
INFO: [ view_filter ] --START--
INFO: Run ContentReplace Behavior [ RunTime:-1.493085s ]
INFO: Run TokenBuild Behavior [ RunTime:-1.493085s ]
INFO: Run WriteHtmlCache Behavior [ RunTime:-1.494086s ]
INFO: Run ShowRuntime Behavior [ RunTime:-1.495086s ]
INFO: [ view_filter ] --END-- [ RunTime:0.003001s ]
INFO: [ view_end ] --START--
INFO: Run ShowPageTrace Behavior [ RunTime:-1.496086s ]
INFO: [ view_end ] --END-- [ RunTime:0.001000s ]

[ 2017-12-05T17:41:36+08:00 ] 0.0.0.0 /Rose/index.php?g=Wap&m=Glass&a=index&openid=odOIPv9UcOs4N_jKX0JECOwADE7s&scan_code=ARSG1234
INFO: [ app_begin ] --START--
INFO: Run ReadHtmlCache Behavior [ RunTime:0.001000s ]
INFO: [ app_begin ] --END-- [ RunTime:0.001000s ]
SQL: SHOW COLUMNS FROM `device_info` [ RunTime:0.016001s ]
SQL: SELECT * FROM `device_info` WHERE ( `scan_code` = 'ARSG1234' ) AND ( `device_status` = 1 ) AND ( `del_flag` = 0 ) LIMIT 1   [ RunTime:0.001000s ]
SQL: SHOW COLUMNS FROM `device_relation_group` [ RunTime:0.015001s ]
SQL: SELECT * FROM `device_relation_group` WHERE ( `di_id` = '2017113014_AF11210C3D981654383C2FAD8283BD7E' ) AND ( `del_flag` = 0 ) AND ( `device_type` = 9 ) LIMIT 1   [ RunTime:0.001000s ]
SQL: SHOW COLUMNS FROM `sys_user` [ RunTime:0.011001s ]
SQL: SELECT su.phone FROM sys_user su LEFT JOIN device_info di on di.owner_id=su.id WHERE ( di.scan_code = 'ARSG1234' ) AND ( di.del_flag = 0 ) AND ( su.del_flag = 0 ) LIMIT 1   [ RunTime:0.001000s ]
INFO: [ view_template ] --START--
INFO: Run LocationTemplate Behavior [ RunTime:-1.495086s ]
INFO: [ view_template ] --END-- [ RunTime:0.001000s ]
INFO: [ view_parse ] --START--
NOTIC: [8] Undefined variable: openid D:\phpStudy\WWW\Rose\logs\Cache\Wap\bcf73615984b3058bc150c1b35567356.php 第 66 行.
NOTIC: [8] Use of undefined constant wechat - assumed 'wechat' D:\phpStudy\WWW\Rose\logs\Cache\Wap\bcf73615984b3058bc150c1b35567356.php 第 73 行.
NOTIC: [8] Undefined variable: buyer_id D:\phpStudy\WWW\Rose\logs\Cache\Wap\bcf73615984b3058bc150c1b35567356.php 第 75 行.
NOTIC: [8] Undefined variable: openid D:\phpStudy\WWW\Rose\logs\Cache\Wap\bcf73615984b3058bc150c1b35567356.php 第 84 行.
NOTIC: [8] Undefined variable: buyer_id D:\phpStudy\WWW\Rose\logs\Cache\Wap\bcf73615984b3058bc150c1b35567356.php 第 85 行.
INFO: Run ParseTemplate Behavior [ RunTime:-1.496086s ]
INFO: [ view_parse ] --END-- [ RunTime:0.013000s ]
INFO: [ view_filter ] --START--
INFO: Run ContentReplace Behavior [ RunTime:-1.509086s ]
INFO: Run TokenBuild Behavior [ RunTime:-1.510086s ]
INFO: Run WriteHtmlCache Behavior [ RunTime:-1.510086s ]
INFO: Run ShowRuntime Behavior [ RunTime:-1.511087s ]
INFO: [ view_filter ] --END-- [ RunTime:0.002001s ]
INFO: [ view_end ] --START--
INFO: Run ShowPageTrace Behavior [ RunTime:-1.512087s ]
INFO: [ view_end ] --END-- [ RunTime:0.001000s ]

[ 2017-12-05T17:45:19+08:00 ] 0.0.0.0 /Rose/index.php?g=Wap&m=Glass&a=index&openid=odOIPv9UcOs4N_jKX0JECOwADE7s&scan_code=ARSG1234
INFO: [ app_begin ] --START--
INFO: Run ReadHtmlCache Behavior [ RunTime:0.001000s ]
INFO: [ app_begin ] --END-- [ RunTime:0.001000s ]
SQL: SHOW COLUMNS FROM `device_info` [ RunTime:0.013000s ]
SQL: SELECT * FROM `device_info` WHERE ( `scan_code` = 'ARSG1234' ) AND ( `device_status` = 1 ) AND ( `del_flag` = 0 ) LIMIT 1   [ RunTime:0.023002s ]
SQL: SHOW COLUMNS FROM `device_relation_group` [ RunTime:0.013000s ]
SQL: SELECT * FROM `device_relation_group` WHERE ( `di_id` = '2017113014_AF11210C3D981654383C2FAD8283BD7E' ) AND ( `del_flag` = 0 ) AND ( `device_type` = 9 ) LIMIT 1   [ RunTime:0.010001s ]
SQL: SHOW COLUMNS FROM `sys_user` [ RunTime:0.015001s ]
SQL: SELECT su.phone FROM sys_user su LEFT JOIN device_info di on di.owner_id=su.id WHERE ( di.scan_code = 'ARSG1234' ) AND ( di.del_flag = 0 ) AND ( su.del_flag = 0 ) LIMIT 1   [ RunTime:0.000000s ]
INFO: [ view_template ] --START--
INFO: Run LocationTemplate Behavior [ RunTime:-1.486085s ]
INFO: [ view_template ] --END-- [ RunTime:0.001000s ]
INFO: [ view_parse ] --START--
NOTIC: [8] Undefined variable: openid D:\phpStudy\WWW\Rose\logs\Cache\Wap\bcf73615984b3058bc150c1b35567356.php 第 66 行.
NOTIC: [8] Use of undefined constant wechat - assumed 'wechat' D:\phpStudy\WWW\Rose\logs\Cache\Wap\bcf73615984b3058bc150c1b35567356.php 第 73 行.
NOTIC: [8] Undefined variable: buyer_id D:\phpStudy\WWW\Rose\logs\Cache\Wap\bcf73615984b3058bc150c1b35567356.php 第 75 行.
NOTIC: [8] Undefined variable: openid D:\phpStudy\WWW\Rose\logs\Cache\Wap\bcf73615984b3058bc150c1b35567356.php 第 84 行.
NOTIC: [8] Undefined variable: buyer_id D:\phpStudy\WWW\Rose\logs\Cache\Wap\bcf73615984b3058bc150c1b35567356.php 第 85 行.
INFO: Run ParseTemplate Behavior [ RunTime:-1.487085s ]
INFO: [ view_parse ] --END-- [ RunTime:0.013001s ]
INFO: [ view_filter ] --START--
INFO: Run ContentReplace Behavior [ RunTime:-1.500086s ]
INFO: Run TokenBuild Behavior [ RunTime:-1.501086s ]
INFO: Run WriteHtmlCache Behavior [ RunTime:-1.501086s ]
INFO: Run ShowRuntime Behavior [ RunTime:-1.502086s ]
INFO: [ view_filter ] --END-- [ RunTime:0.003000s ]
INFO: [ view_end ] --START--
INFO: Run ShowPageTrace Behavior [ RunTime:-1.503086s ]
INFO: [ view_end ] --END-- [ RunTime:0.001000s ]

[ 2017-12-05T17:48:54+08:00 ] 0.0.0.0 /Rose/index.php?g=Wap&m=Glass&a=index&openid=odOIPv9UcOs4N_jKX0JECOwADE7s&scan_code=ARSG1234
INFO: [ app_begin ] --START--
INFO: Run ReadHtmlCache Behavior [ RunTime:0.000000s ]
INFO: [ app_begin ] --END-- [ RunTime:0.000000s ]
SQL: SHOW COLUMNS FROM `device_info` [ RunTime:0.021001s ]
SQL: SELECT * FROM `device_info` WHERE ( `scan_code` = 'ARSG1234' ) AND ( `device_status` = 1 ) AND ( `del_flag` = 0 ) LIMIT 1   [ RunTime:0.001000s ]
SQL: SHOW COLUMNS FROM `device_relation_group` [ RunTime:0.014001s ]
SQL: SELECT * FROM `device_relation_group` WHERE ( `di_id` = '2017113014_AF11210C3D981654383C2FAD8283BD7E' ) AND ( `del_flag` = 0 ) AND ( `device_type` = 9 ) LIMIT 1   [ RunTime:0.001000s ]
SQL: SHOW COLUMNS FROM `sys_user` [ RunTime:0.015001s ]
SQL: SELECT su.phone FROM sys_user su LEFT JOIN device_info di on di.owner_id=su.id WHERE ( di.scan_code = 'ARSG1234' ) AND ( di.del_flag = 0 ) AND ( su.del_flag = 0 ) LIMIT 1   [ RunTime:0.001000s ]
INFO: [ view_template ] --START--
INFO: Run LocationTemplate Behavior [ RunTime:-1.472085s ]
INFO: [ view_template ] --END-- [ RunTime:0.001000s ]
INFO: [ view_parse ] --START--
NOTIC: [8] Undefined variable: openid D:\phpStudy\WWW\Rose\logs\Cache\Wap\bcf73615984b3058bc150c1b35567356.php 第 66 行.
NOTIC: [8] Use of undefined constant wechat - assumed 'wechat' D:\phpStudy\WWW\Rose\logs\Cache\Wap\bcf73615984b3058bc150c1b35567356.php 第 73 行.
NOTIC: [8] Undefined variable: buyer_id D:\phpStudy\WWW\Rose\logs\Cache\Wap\bcf73615984b3058bc150c1b35567356.php 第 75 行.
NOTIC: [8] Undefined variable: openid D:\phpStudy\WWW\Rose\logs\Cache\Wap\bcf73615984b3058bc150c1b35567356.php 第 84 行.
NOTIC: [8] Undefined variable: buyer_id D:\phpStudy\WWW\Rose\logs\Cache\Wap\bcf73615984b3058bc150c1b35567356.php 第 85 行.
INFO: Run ParseTemplate Behavior [ RunTime:-1.473085s ]
INFO: [ view_parse ] --END-- [ RunTime:0.013000s ]
INFO: [ view_filter ] --START--
INFO: Run ContentReplace Behavior [ RunTime:-1.486085s ]
INFO: Run TokenBuild Behavior [ RunTime:-1.487085s ]
INFO: Run WriteHtmlCache Behavior [ RunTime:-1.487085s ]
INFO: Run ShowRuntime Behavior [ RunTime:-1.488086s ]
INFO: [ view_filter ] --END-- [ RunTime:0.002001s ]
INFO: [ view_end ] --START--
INFO: Run ShowPageTrace Behavior [ RunTime:-1.489086s ]
INFO: [ view_end ] --END-- [ RunTime:0.001000s ]

[ 2017-12-05T17:49:26+08:00 ] 0.0.0.0 /Rose/index.php?g=Wap&m=Rose2Personal&a=index
INFO: [ app_begin ] --START--
INFO: Run ReadHtmlCache Behavior [ RunTime:0.001000s ]
INFO: [ app_begin ] --END-- [ RunTime:0.001000s ]
NOTIC: [8] A session had already been started - ignoring session_start() D:\phpStudy\WWW\Rose\Lib\Action\Wap\Rose2BaseAction.class.php 第 2 行.
SQL: SHOW COLUMNS FROM `sys_user` [ RunTime:0.103006s ]
SQL: SELECT * FROM `sys_user` WHERE ( `del_flag` = 0 ) AND ( `openid` = 'odOIPv9UcOs4N_jKX0JECOwADE7s' ) LIMIT 1   [ RunTime:0.001000s ]
NOTIC: [8] Trying to get property of non-object D:\phpStudy\WWW\Rose\Core\Extend\Vendor\weixin\jssdk.php 第 75 行.
NOTIC: [8] Trying to get property of non-object D:\phpStudy\WWW\Rose\Core\Extend\Vendor\weixin\jssdk.php 第 53 行.
SQL: SHOW COLUMNS FROM `weixin_userinfo` [ RunTime:0.009000s ]
SQL: SELECT * FROM `weixin_userinfo` WHERE ( `del_flag` = 0 ) AND ( `from_username` = 'odOIPv9UcOs4N_jKX0JECOwADE7s' ) LIMIT 1   [ RunTime:0.032002s ]
SQL: SELECT count(*) as adv
            FROM
                `device_info` di
            LEFT JOIN adv_uservisit_rec pwi ON pwi.di_id = di.id
            LEFT JOIN adv_weixin_info awi ON awi.id = pwi.adv_id
            WHERE
                pwi.status = 2
            and pwi.del_flag=0
            and pwi.transfer_status = 0
			and awi.status=1
			and awi.del_flag=0
            AND di.office_id = 'a721bdccfcb44571a48df2065950d05d'
            AND di.del_flag = 0 [ RunTime:0.041002s ]
SQL: SELECT sum(pwi.consume_account) as count
            FROM
                `device_info` di
            LEFT JOIN device_consume_rec pwi ON pwi.di_id = di.id
            WHERE
                pwi.command_status = 2
            and pwi.del_flag=0
            and pwi.type in(1,3,5,9,11,13,15,17)
			and pwi.transfer_status = 0
			and pwi.consume_status = 1
            AND pwi.create_by = 'kefuanmoyitest'
            AND di.del_flag = 0 [ RunTime:1.118064s ]
SQL: SELECT sum(pwi.consume_account) as alipay
            FROM
                `device_info` di
            LEFT JOIN device_consume_rec pwi ON pwi.di_id = di.id
            WHERE
                pwi.command_status = 2
            and pwi.del_flag=0
            and pwi.type in(2,4,6,10,12,14,16,18)
			and pwi.transfer_status = 0
			and pwi.consume_status = 1
            AND pwi.create_by = 'kefuanmoyitest'
            AND di.del_flag = 0 [ RunTime:0.517030s ]
SQL: SELECT sum(pwi.consume_account) as anm_weixin
            FROM
                `device_info` di
            LEFT JOIN device_consume_rec pwi ON pwi.di_id = di.id
            WHERE
                pwi.command_status = 2
            and pwi.del_flag=0
            and pwi.type=3
			and pwi.transfer_status = 0
            AND di.office_id = 'a721bdccfcb44571a48df2065950d05d'
            AND di.del_flag = 0 [ RunTime:0.576033s ]
SQL: SELECT sum(pwi.consume_account) as anm_alipay
            FROM
                `device_info` di
            LEFT JOIN device_consume_rec pwi ON pwi.di_id = di.id
            WHERE
                pwi.command_status = 2
            and pwi.del_flag=0
            and pwi.type=4
			and pwi.transfer_status = 0
            AND di.office_id = 'a721bdccfcb44571a48df2065950d05d'
            AND di.del_flag = 0 [ RunTime:0.554032s ]
SQL: SHOW COLUMNS FROM `device_info` [ RunTime:0.015000s ]
SQL: SELECT sum(dw.LOC_OP) c from (SELECT * from (SELECT dr.* FROM `device_info` LEFT JOIN device_record
 dr on dr.dev_id=device_info.device_command WHERE ( device_info.del_flag = 0 )
 AND ( device_info.office_id = 'a721bdccfcb44571a48df2065950d05d' ) ORDER BY dr.LOC_OP desc)
 da GROUP BY da.dev_id ORDER BY da.LOC_OP desc) dw [ RunTime:2.007114s ]
SQL: SELECT * FROM `sys_user` WHERE ( `del_flag` = 0 ) AND ( `openid` = 'odOIPv9UcOs4N_jKX0JECOwADE7s' ) LIMIT 1   [ RunTime:0.011001s ]
SQL: UPDATE `sys_user` SET `totals`=76.5 WHERE ( `del_flag` = 0 ) AND ( `id` = 'kefuanmoyitest' ) [ RunTime:0.055003s ]
SQL: SELECT SUM(totals-consume) AS tp_sum FROM `sys_user` WHERE ( `del_flag` = 0 ) AND ( `openid` = 'odOIPv9UcOs4N_jKX0JECOwADE7s' ) LIMIT 1   [ RunTime:0.014001s ]
INFO: [ view_template ] --START--
INFO: Run LocationTemplate Behavior [ RunTime:-6.701383s ]
INFO: [ view_template ] --END-- [ RunTime:0.010001s ]
INFO: [ view_parse ] --START--
INFO: Run ParseTemplate Behavior [ RunTime:-6.711384s ]
INFO: [ view_parse ] --END-- [ RunTime:0.058003s ]
INFO: [ view_filter ] --START--
INFO: Run ContentReplace Behavior [ RunTime:-6.769387s ]
INFO: Run TokenBuild Behavior [ RunTime:-6.770387s ]
INFO: Run WriteHtmlCache Behavior [ RunTime:-6.771387s ]
INFO: Run ShowRuntime Behavior [ RunTime:-6.772387s ]
INFO: [ view_filter ] --END-- [ RunTime:0.004000s ]
INFO: [ view_end ] --START--
INFO: Run ShowPageTrace Behavior [ RunTime:-6.773387s ]
INFO: [ view_end ] --END-- [ RunTime:0.002000s ]

[ 2017-12-05T17:49:31+08:00 ] 0.0.0.0 /Rose/index.php?g=Wap&m=Device&a=device_list&openid=odOIPv9UcOs4N_jKX0JECOwADE7s
INFO: [ app_begin ] --START--
INFO: Run ReadHtmlCache Behavior [ RunTime:0.000000s ]
INFO: [ app_begin ] --END-- [ RunTime:0.000000s ]
NOTIC: [8] A session had already been started - ignoring session_start() D:\phpStudy\WWW\Rose\Lib\Action\Wap\Rose2BaseAction.class.php 第 2 行.
SQL: SHOW COLUMNS FROM `sys_user` [ RunTime:0.021001s ]
SQL: SELECT * FROM `sys_user` WHERE ( `del_flag` = 0 ) AND ( `openid` = 'odOIPv9UcOs4N_jKX0JECOwADE7s' ) LIMIT 1   [ RunTime:0.002000s ]
NOTIC: [8] Trying to get property of non-object D:\phpStudy\WWW\Rose\Core\Extend\Vendor\weixin\jssdk.php 第 75 行.
NOTIC: [8] Trying to get property of non-object D:\phpStudy\WWW\Rose\Core\Extend\Vendor\weixin\jssdk.php 第 53 行.
SQL: SHOW COLUMNS FROM `weixin_userinfo` [ RunTime:0.021001s ]
SQL: SELECT * FROM `weixin_userinfo` WHERE ( `del_flag` = 0 ) AND ( `from_username` = 'odOIPv9UcOs4N_jKX0JECOwADE7s' ) LIMIT 1   [ RunTime:0.015001s ]
SQL: SELECT * FROM `sys_user` WHERE ( `del_flag` = 0 ) AND ( `openid` = 'odOIPv9UcOs4N_jKX0JECOwADE7s' ) LIMIT 1   [ RunTime:0.001000s ]
SQL: SELECT * FROM `sys_user` WHERE ( `del_flag` = 0 ) AND ( `is_into` = '1' )  [ RunTime:0.001000s ]
SQL: SHOW COLUMNS FROM `device_relation_group` [ RunTime:0.014001s ]
SQL: SELECT device_relation_group.*,dgi.group_name,di.scan_code FROM `device_relation_group` LEFT JOIN deivce_group_info dgi on dgi.id = device_relation_group.dgi_id LEFT JOIN device_info di on di.id = device_relation_group.di_id WHERE ( di.owner_id IN ('kefuanmoyitest','2017061610_0EDE8AFAD47B2648DE9BE38F9D9B3EA5') ) AND ( dgi.del_flag = 0 ) ORDER BY device_relation_group.online_status desc  [ RunTime:0.055003s ]
INFO: [ view_template ] --START--
INFO: Run LocationTemplate Behavior [ RunTime:-1.427081s ]
INFO: [ view_template ] --END-- [ RunTime:0.011001s ]
INFO: [ view_parse ] --START--
INFO: Run ParseTemplate Behavior [ RunTime:-1.438082s ]
INFO: [ view_parse ] --END-- [ RunTime:0.038002s ]
INFO: [ view_filter ] --START--
INFO: Run ContentReplace Behavior [ RunTime:-1.476084s ]
INFO: Run TokenBuild Behavior [ RunTime:-1.478084s ]
INFO: Run WriteHtmlCache Behavior [ RunTime:-1.479084s ]
INFO: Run ShowRuntime Behavior [ RunTime:-1.479084s ]
INFO: [ view_filter ] --END-- [ RunTime:0.004000s ]
INFO: [ view_end ] --START--
INFO: Run ShowPageTrace Behavior [ RunTime:-1.480084s ]
INFO: [ view_end ] --END-- [ RunTime:0.001000s ]

