[ 2018-03-14T14:14:47+08:00 ] 0.0.0.0 /Rose/index.php?g=Wap&m=Rose2Personal&a=index&openid=odOIPv9UcOs4N_jKX0JECOwADE7s
INFO: [ app_begin ] --START--
INFO: Run ReadHtmlCache Behavior [ RunTime:0.025002s ]
INFO: [ app_begin ] --END-- [ RunTime:0.025002s ]
NOTIC: [8] A session had already been started - ignoring session_start() D:\phpStudy\WWW\Rose\Lib\Action\Wap\Rose2BaseAction.class.php 第 2 行.
SQL: SHOW COLUMNS FROM `sys_user` [ RunTime:0.029001s ]
SQL: SELECT * FROM `sys_user` WHERE ( `del_flag` = 0 ) AND ( `openid` = 'odOIPv9UcOs4N_jKX0JECOwADE7s' ) AND ( `login_flag` = '0' ) LIMIT 1   [ RunTime:0.002000s ]
SQL: SELECT * FROM `sys_user` WHERE ( `del_flag` = 0 ) AND ( `openid` = 'odOIPv9UcOs4N_jKX0JECOwADE7s' ) LIMIT 1   [ RunTime:0.001000s ]
NOTIC: [8] Trying to get property of non-object D:\phpStudy\WWW\Rose\Core\Extend\Vendor\weixin\jssdk.php 第 75 行.
NOTIC: [8] Trying to get property of non-object D:\phpStudy\WWW\Rose\Core\Extend\Vendor\weixin\jssdk.php 第 53 行.
SQL: SHOW COLUMNS FROM `weixin_userinfo` [ RunTime:0.207012s ]
SQL: SELECT * FROM `weixin_userinfo` WHERE ( `del_flag` = 0 ) AND ( `from_username` = 'odOIPv9UcOs4N_jKX0JECOwADE7s' ) LIMIT 1   [ RunTime:0.001000s ]
SQL: SHOW COLUMNS FROM `device_consume_rec` [ RunTime:0.147009s ]
SQL: SELECT SUM(consume_account) AS tp_sum FROM `device_consume_rec` WHERE ( `command_status` = '2' ) AND ( `del_flag` = '0' ) AND ( `type` IN ('1','3','5','9','11','13','15','17','19') ) AND ( `transfer_status` = '0' ) AND ( `consume_status` IN ('1','2') ) AND ( `create_by` = 'kefuanmoyitest' ) LIMIT 1   [ RunTime:1.336076s ]
SQL: SELECT SUM(consume_account) AS tp_sum FROM `device_consume_rec` WHERE ( `command_status` = '2' ) AND ( `del_flag` = '0' ) AND ( `type` IN ('2','4','6','10','12','14','16','18') ) AND ( `transfer_status` = '0' ) AND ( `consume_status` IN ('1','2') ) AND ( `create_by` = 'kefuanmoyitest' ) LIMIT 1   [ RunTime:1.088062s ]
SQL: SHOW COLUMNS FROM `device_info` [ RunTime:0.019001s ]
SQL: SELECT sum(dw.LOC_OP) c from (SELECT * from (SELECT dr.* FROM `device_info` LEFT JOIN device_record
 dr on dr.dev_id=device_info.device_command WHERE ( device_info.del_flag = 0 )
 AND ( device_info.office_id = 'a721bdccfcb44571a48df2065950d05d' ) ORDER BY dr.LOC_OP desc)
 da GROUP BY da.dev_id ORDER BY da.LOC_OP desc) dw [ RunTime:4.314247s ]
SQL: SELECT * FROM `sys_user` WHERE ( `del_flag` = 0 ) AND ( `openid` = 'odOIPv9UcOs4N_jKX0JECOwADE7s' ) LIMIT 1   [ RunTime:0.013001s ]
SQL: UPDATE `sys_user` SET `totals`=161.5 WHERE ( `del_flag` = 0 ) AND ( `id` = 'kefuanmoyitest' ) [ RunTime:0.136008s ]
SQL: SELECT SUM(totals-consume) AS tp_sum FROM `sys_user` WHERE ( `del_flag` = 0 ) AND ( `openid` = 'odOIPv9UcOs4N_jKX0JECOwADE7s' ) LIMIT 1   [ RunTime:0.016001s ]
INFO: [ view_template ] --START--
INFO: Run LocationTemplate Behavior [ RunTime:-9.689554s ]
INFO: [ view_template ] --END-- [ RunTime:0.021001s ]
INFO: [ view_parse ] --START--
INFO: Run ParseTemplate Behavior [ RunTime:-9.710555s ]
INFO: [ view_parse ] --END-- [ RunTime:0.085005s ]
INFO: [ view_filter ] --START--
INFO: Run ContentReplace Behavior [ RunTime:-9.795560s ]
INFO: Run TokenBuild Behavior [ RunTime:-9.796560s ]
INFO: Run WriteHtmlCache Behavior [ RunTime:-9.798560s ]
INFO: Run ShowRuntime Behavior [ RunTime:-9.799560s ]
INFO: [ view_filter ] --END-- [ RunTime:0.005000s ]
INFO: [ view_end ] --START--
INFO: Run ShowPageTrace Behavior [ RunTime:-9.801560s ]
INFO: [ view_end ] --END-- [ RunTime:0.001000s ]

[ 2018-03-14T14:23:04+08:00 ] 0.0.0.0 /Rose/index.php?g=Wap&m=Rose2Personal&a=presonal_new&openid=odOIPv9UcOs4N_jKX0JECOwADE7s
INFO: [ app_begin ] --START--
INFO: Run ReadHtmlCache Behavior [ RunTime:0.001000s ]
INFO: [ app_begin ] --END-- [ RunTime:0.001000s ]
NOTIC: [8] A session had already been started - ignoring session_start() D:\phpStudy\WWW\Rose\Lib\Action\Wap\Rose2BaseAction.class.php 第 2 行.
SQL: SHOW COLUMNS FROM `sys_user` [ RunTime:0.016001s ]
SQL: SELECT * FROM `sys_user` WHERE ( `del_flag` = 0 ) AND ( `openid` = 'odOIPv9UcOs4N_jKX0JECOwADE7s' ) AND ( `login_flag` = '0' ) LIMIT 1   [ RunTime:0.016001s ]
SQL: SELECT * FROM `sys_user` WHERE ( `del_flag` = 0 ) AND ( `openid` = 'odOIPv9UcOs4N_jKX0JECOwADE7s' ) LIMIT 1   [ RunTime:0.002000s ]
NOTIC: [8] Trying to get property of non-object D:\phpStudy\WWW\Rose\Core\Extend\Vendor\weixin\jssdk.php 第 75 行.
NOTIC: [8] Trying to get property of non-object D:\phpStudy\WWW\Rose\Core\Extend\Vendor\weixin\jssdk.php 第 53 行.
SQL: SHOW COLUMNS FROM `weixin_userinfo` [ RunTime:0.014001s ]
SQL: SELECT * FROM `weixin_userinfo` WHERE ( `del_flag` = 0 ) AND ( `from_username` = 'odOIPv9UcOs4N_jKX0JECOwADE7s' ) LIMIT 1   [ RunTime:0.030002s ]
SQL: SELECT * FROM `sys_user` WHERE ( `del_flag` = 0 ) AND ( `openid` = 'odOIPv9UcOs4N_jKX0JECOwADE7s' ) LIMIT 1   [ RunTime:0.001000s ]
SQL: SHOW COLUMNS FROM `sys_office` [ RunTime:0.012001s ]
SQL: SELECT `name` FROM `sys_office` WHERE ( `del_flag` = 0 ) AND ( `id` = 'a721bdccfcb44571a48df2065950d05d' ) LIMIT 1   [ RunTime:0.006000s ]
SQL: SHOW COLUMNS FROM `device_consume_rec` [ RunTime:0.013001s ]
SQL: SELECT SUM(consume_account) AS tp_sum FROM `device_consume_rec` WHERE ( `create_date` >= '2018-03-14 00:00:00' ) AND ( `command_status` = 2 ) AND ( `consume_status` = 1 ) AND ( `del_flag` = 0 ) AND ( `transfer_status` = 0 ) AND ( `create_by` = 'kefuanmoyitest' ) LIMIT 1   [ RunTime:0.688039s ]
NOTIC: [2] trim() expects parameter 1 to be string, array given D:\phpStudy\WWW\Rose\Core\Lib\Core\Db.class.php 第 459 行.
SQL: SELECT SUM(consume_account) AS tp_sum FROM `device_consume_rec` WHERE ( (`create_date` >= '2018-03')  ) AND ( `command_status` = 2 ) AND ( `consume_status` = 1 ) AND ( `del_flag` = 0 ) AND ( `transfer_status` = 0 ) AND ( `create_by` = 'kefuanmoyitest' ) LIMIT 1   [ RunTime:0.957055s ]
SQL: SELECT SUM(totals-consume) AS tp_sum FROM `sys_user` WHERE ( `del_flag` = 0 ) AND ( `openid` = 'odOIPv9UcOs4N_jKX0JECOwADE7s' ) LIMIT 1   [ RunTime:0.015001s ]
SQL: SELECT sum(consume_account) as count,`deivce_command` FROM `device_consume_rec` WHERE ( `command_status` = 2 ) AND ( `consume_status` = 1 ) AND ( `del_flag` = 0 ) AND ( `transfer_status` = 0 ) AND ( `create_by` = 'kefuanmoyitest' ) GROUP BY deivce_command ORDER BY count desc LIMIT 1   [ RunTime:0.740042s ]
SQL: SHOW COLUMNS FROM `device_info` [ RunTime:0.011001s ]
SQL: SELECT `scan_code` FROM `device_info` WHERE ( `del_flag` = 0 ) AND ( `device_command` = '4093646' ) AND ( `owner_id` = 'kefuanmoyitest' ) LIMIT 1   [ RunTime:0.014001s ]
SQL: SELECT sum(1) as count,sum(drg.online_status) as online_status FROM device_info di LEFT JOIN device_relation_group drg ON drg.di_id = di.id WHERE ( di.del_flag = 0 ) AND ( drg.del_flag = 0 ) AND ( di.owner_id = 'kefuanmoyitest' ) GROUP BY drg.online_status ORDER BY drg.online_status asc  [ RunTime:0.020001s ]
SQL: SHOW COLUMNS FROM `userefund` [ RunTime:0.125007s ]
SQL: SELECT COUNT(*) AS tp_count FROM `userefund` WHERE ( `owner_id` = 'kefuanmoyitest' ) LIMIT 1   [ RunTime:0.014001s ]
INFO: [ view_template ] --START--
INFO: Run LocationTemplate Behavior [ RunTime:-4.071233s ]
INFO: [ view_template ] --END-- [ RunTime:0.002000s ]
INFO: [ view_parse ] --START--
INFO: Run ParseTemplate Behavior [ RunTime:-4.073233s ]
INFO: [ view_parse ] --END-- [ RunTime:0.039002s ]
INFO: [ view_filter ] --START--
INFO: Run ContentReplace Behavior [ RunTime:-4.112235s ]
INFO: Run TokenBuild Behavior [ RunTime:-4.113235s ]
INFO: Run WriteHtmlCache Behavior [ RunTime:-4.114235s ]
INFO: Run ShowRuntime Behavior [ RunTime:-4.115236s ]
INFO: [ view_filter ] --END-- [ RunTime:0.004001s ]
INFO: [ view_end ] --START--
INFO: Run ShowPageTrace Behavior [ RunTime:-4.116236s ]
INFO: [ view_end ] --END-- [ RunTime:0.002000s ]

[ 2018-03-14T14:24:49+08:00 ] 0.0.0.0 /Rose/index.php?g=Wap&m=Rose2Personal&a=presonal_new&openid=odOIPv9UcOs4N_jKX0JECOwADE7s
INFO: [ app_begin ] --START--
INFO: Run ReadHtmlCache Behavior [ RunTime:0.001000s ]
INFO: [ app_begin ] --END-- [ RunTime:0.001000s ]
NOTIC: [8] A session had already been started - ignoring session_start() D:\phpStudy\WWW\Rose\Lib\Action\Wap\Rose2BaseAction.class.php 第 2 行.
SQL: SHOW COLUMNS FROM `sys_user` [ RunTime:0.018001s ]
SQL: SELECT * FROM `sys_user` WHERE ( `del_flag` = 0 ) AND ( `openid` = 'odOIPv9UcOs4N_jKX0JECOwADE7s' ) AND ( `login_flag` = '0' ) LIMIT 1   [ RunTime:0.039002s ]
SQL: SELECT * FROM `sys_user` WHERE ( `del_flag` = 0 ) AND ( `openid` = 'odOIPv9UcOs4N_jKX0JECOwADE7s' ) LIMIT 1   [ RunTime:0.001000s ]
NOTIC: [8] Trying to get property of non-object D:\phpStudy\WWW\Rose\Core\Extend\Vendor\weixin\jssdk.php 第 75 行.
NOTIC: [8] Trying to get property of non-object D:\phpStudy\WWW\Rose\Core\Extend\Vendor\weixin\jssdk.php 第 53 行.
SQL: SHOW COLUMNS FROM `weixin_userinfo` [ RunTime:0.010001s ]
SQL: SELECT * FROM `weixin_userinfo` WHERE ( `del_flag` = 0 ) AND ( `from_username` = 'odOIPv9UcOs4N_jKX0JECOwADE7s' ) LIMIT 1   [ RunTime:0.034002s ]
SQL: SELECT * FROM `sys_user` WHERE ( `del_flag` = 0 ) AND ( `openid` = 'odOIPv9UcOs4N_jKX0JECOwADE7s' ) LIMIT 1   [ RunTime:0.001000s ]
SQL: SHOW COLUMNS FROM `sys_office` [ RunTime:0.013001s ]
SQL: SELECT `name` FROM `sys_office` WHERE ( `del_flag` = 0 ) AND ( `id` = 'a721bdccfcb44571a48df2065950d05d' ) LIMIT 1   [ RunTime:0.013000s ]
SQL: SHOW COLUMNS FROM `device_consume_rec` [ RunTime:0.012001s ]
SQL: SELECT SUM(consume_account) AS tp_sum FROM `device_consume_rec` WHERE ( `create_date` >= '2018-03-14 00:00:00' ) AND ( `command_status` = 2 ) AND ( `consume_status` = 1 ) AND ( `del_flag` = 0 ) AND ( `transfer_status` = 0 ) AND ( `create_by` = 'kefuanmoyitest' ) LIMIT 1   [ RunTime:0.724042s ]
NOTIC: [2] trim() expects parameter 1 to be string, array given D:\phpStudy\WWW\Rose\Core\Lib\Core\Db.class.php 第 459 行.
SQL: SELECT SUM(consume_account) AS tp_sum FROM `device_consume_rec` WHERE ( (`create_date` >= '2018-03')  ) AND ( `command_status` = 2 ) AND ( `consume_status` = 1 ) AND ( `del_flag` = 0 ) AND ( `transfer_status` = 0 ) AND ( `create_by` = 'kefuanmoyitest' ) LIMIT 1   [ RunTime:0.699040s ]
SQL: SELECT SUM(totals-consume) AS tp_sum FROM `sys_user` WHERE ( `del_flag` = 0 ) AND ( `openid` = 'odOIPv9UcOs4N_jKX0JECOwADE7s' ) LIMIT 1   [ RunTime:0.015000s ]
SQL: SELECT sum(consume_account) as count,`deivce_command` FROM `device_consume_rec` WHERE ( `command_status` = 2 ) AND ( `consume_status` = 1 ) AND ( `del_flag` = 0 ) AND ( `transfer_status` = 0 ) AND ( `create_by` = 'kefuanmoyitest' ) GROUP BY deivce_command ORDER BY count desc LIMIT 1   [ RunTime:0.792045s ]
SQL: SHOW COLUMNS FROM `device_info` [ RunTime:0.015001s ]
SQL: SELECT `scan_code` FROM `device_info` WHERE ( `del_flag` = 0 ) AND ( `device_command` = '4093646' ) AND ( `owner_id` = 'kefuanmoyitest' ) LIMIT 1   [ RunTime:0.009000s ]
SQL: SELECT sum(1) as count,sum(drg.online_status) as online_status FROM device_info di LEFT JOIN device_relation_group drg ON drg.di_id = di.id WHERE ( di.del_flag = 0 ) AND ( drg.del_flag = 0 ) AND ( di.owner_id = 'kefuanmoyitest' ) GROUP BY drg.online_status ORDER BY drg.online_status asc  [ RunTime:0.020001s ]
SQL: SHOW COLUMNS FROM `userefund` [ RunTime:0.011001s ]
SQL: SELECT COUNT(*) AS tp_count FROM `userefund` WHERE ( `owner_id` = 'kefuanmoyitest' ) LIMIT 1   [ RunTime:0.014001s ]
INFO: [ view_template ] --START--
INFO: Run LocationTemplate Behavior [ RunTime:-3.832219s ]
INFO: [ view_template ] --END-- [ RunTime:0.002000s ]
INFO: [ view_parse ] --START--
INFO: Run ParseTemplate Behavior [ RunTime:-3.834219s ]
INFO: [ view_parse ] --END-- [ RunTime:0.018001s ]
INFO: [ view_filter ] --START--
INFO: Run ContentReplace Behavior [ RunTime:-3.852220s ]
INFO: Run TokenBuild Behavior [ RunTime:-3.854220s ]
INFO: Run WriteHtmlCache Behavior [ RunTime:-3.855220s ]
INFO: Run ShowRuntime Behavior [ RunTime:-3.856220s ]
INFO: [ view_filter ] --END-- [ RunTime:0.005000s ]
INFO: [ view_end ] --START--
INFO: Run ShowPageTrace Behavior [ RunTime:-3.857220s ]
INFO: [ view_end ] --END-- [ RunTime:0.001000s ]

[ 2018-03-14T15:04:44+08:00 ] 0.0.0.0 /Rose/index.php?g=Wap&m=Rose2Personal&a=presonal_new&openid=odOIPv9UcOs4N_jKX0JECOwADE7s
INFO: [ app_begin ] --START--
INFO: Run ReadHtmlCache Behavior [ RunTime:0.001000s ]
INFO: [ app_begin ] --END-- [ RunTime:0.001000s ]
NOTIC: [8] A session had already been started - ignoring session_start() D:\phpStudy\WWW\Rose\Lib\Action\Wap\Rose2BaseAction.class.php 第 2 行.
SQL: SHOW COLUMNS FROM `sys_user` [ RunTime:0.017001s ]
SQL: SELECT * FROM `sys_user` WHERE ( `del_flag` = 0 ) AND ( `openid` = 'odOIPv9UcOs4N_jKX0JECOwADE7s' ) AND ( `login_flag` = '0' ) LIMIT 1   [ RunTime:0.013001s ]
SQL: SELECT * FROM `sys_user` WHERE ( `del_flag` = 0 ) AND ( `openid` = 'odOIPv9UcOs4N_jKX0JECOwADE7s' ) LIMIT 1   [ RunTime:0.001000s ]
NOTIC: [8] Trying to get property of non-object D:\phpStudy\WWW\Rose\Core\Extend\Vendor\weixin\jssdk.php 第 75 行.
NOTIC: [8] Trying to get property of non-object D:\phpStudy\WWW\Rose\Core\Extend\Vendor\weixin\jssdk.php 第 53 行.
SQL: SHOW COLUMNS FROM `weixin_userinfo` [ RunTime:0.013000s ]
SQL: SELECT * FROM `weixin_userinfo` WHERE ( `del_flag` = 0 ) AND ( `from_username` = 'odOIPv9UcOs4N_jKX0JECOwADE7s' ) LIMIT 1   [ RunTime:0.013000s ]
SQL: SELECT * FROM `sys_user` WHERE ( `del_flag` = 0 ) AND ( `openid` = 'odOIPv9UcOs4N_jKX0JECOwADE7s' ) LIMIT 1   [ RunTime:0.001000s ]
SQL: SHOW COLUMNS FROM `sys_office` [ RunTime:0.009001s ]
SQL: SELECT `name` FROM `sys_office` WHERE ( `del_flag` = 0 ) AND ( `id` = 'a721bdccfcb44571a48df2065950d05d' ) LIMIT 1   [ RunTime:0.010000s ]
SQL: SHOW COLUMNS FROM `device_consume_rec` [ RunTime:0.013001s ]
SQL: SELECT SUM(consume_account) AS tp_sum FROM `device_consume_rec` WHERE ( `create_date` >= '2018-03-14 00:00:00' ) AND ( `command_status` = 2 ) AND ( `consume_status` = 1 ) AND ( `del_flag` = 0 ) AND ( `transfer_status` = 0 ) AND ( `create_by` = 'kefuanmoyitest' ) LIMIT 1   [ RunTime:0.782045s ]
NOTIC: [2] trim() expects parameter 1 to be string, array given D:\phpStudy\WWW\Rose\Core\Lib\Core\Db.class.php 第 459 行.
SQL: SELECT SUM(consume_account) AS tp_sum FROM `device_consume_rec` WHERE ( (`create_date` >= '2018-03')  ) AND ( `command_status` = 2 ) AND ( `consume_status` = 1 ) AND ( `del_flag` = 0 ) AND ( `transfer_status` = 0 ) AND ( `create_by` = 'kefuanmoyitest' ) LIMIT 1   [ RunTime:0.799046s ]
SQL: SELECT SUM(totals-consume) AS tp_sum FROM `sys_user` WHERE ( `del_flag` = 0 ) AND ( `openid` = 'odOIPv9UcOs4N_jKX0JECOwADE7s' ) LIMIT 1   [ RunTime:0.016001s ]
SQL: SELECT sum(consume_account) as count,`deivce_command` FROM `device_consume_rec` WHERE ( `command_status` = 2 ) AND ( `consume_status` = 1 ) AND ( `del_flag` = 0 ) AND ( `transfer_status` = 0 ) AND ( `create_by` = 'kefuanmoyitest' ) GROUP BY deivce_command ORDER BY count desc LIMIT 1   [ RunTime:0.808046s ]
SQL: SHOW COLUMNS FROM `device_info` [ RunTime:0.011000s ]
SQL: SELECT `scan_code` FROM `device_info` WHERE ( `del_flag` = 0 ) AND ( `device_command` = '4093646' ) AND ( `owner_id` = 'kefuanmoyitest' ) LIMIT 1   [ RunTime:0.013001s ]
SQL: SELECT sum(1) as count,drg.online_status FROM device_info di LEFT JOIN device_relation_group drg ON drg.di_id = di.id WHERE ( di.del_flag = 0 ) AND ( drg.del_flag = 0 ) AND ( di.owner_id = 'kefuanmoyitest' ) GROUP BY drg.online_status ORDER BY drg.online_status asc  [ RunTime:0.020001s ]
SQL: SHOW COLUMNS FROM `userefund` [ RunTime:0.007001s ]
SQL: SELECT COUNT(*) AS tp_count FROM `userefund` WHERE ( `owner_id` = 'kefuanmoyitest' ) LIMIT 1   [ RunTime:0.010000s ]
INFO: [ view_template ] --START--
INFO: Run LocationTemplate Behavior [ RunTime:-3.848220s ]
INFO: [ view_template ] --END-- [ RunTime:0.002000s ]
INFO: [ view_parse ] --START--
NOTIC: [8] Undefined offset: 1 D:\phpStudy\WWW\Rose\logs\Cache\Wap\ea3d52f7b11b048cc77960b70846bc6c.php 第 144 行.
INFO: Run ParseTemplate Behavior [ RunTime:-3.850220s ]
INFO: [ view_parse ] --END-- [ RunTime:0.018001s ]
INFO: [ view_filter ] --START--
INFO: Run ContentReplace Behavior [ RunTime:-3.868221s ]
INFO: Run TokenBuild Behavior [ RunTime:-3.869221s ]
INFO: Run WriteHtmlCache Behavior [ RunTime:-3.870222s ]
INFO: Run ShowRuntime Behavior [ RunTime:-3.871222s ]
INFO: [ view_filter ] --END-- [ RunTime:0.004001s ]
INFO: [ view_end ] --START--
INFO: Run ShowPageTrace Behavior [ RunTime:-3.872222s ]
INFO: [ view_end ] --END-- [ RunTime:0.001000s ]

[ 2018-03-14T15:06:25+08:00 ] 0.0.0.0 /Rose/index.php?g=Wap&m=Rose2Personal&a=presonal_new&openid=odOIPv9UcOs4N_jKX0JECOwADE7s
INFO: [ app_begin ] --START--
INFO: Run ReadHtmlCache Behavior [ RunTime:0.001000s ]
INFO: [ app_begin ] --END-- [ RunTime:0.001000s ]
NOTIC: [8] A session had already been started - ignoring session_start() D:\phpStudy\WWW\Rose\Lib\Action\Wap\Rose2BaseAction.class.php 第 2 行.
SQL: SHOW COLUMNS FROM `sys_user` [ RunTime:0.016001s ]
SQL: SELECT * FROM `sys_user` WHERE ( `del_flag` = 0 ) AND ( `openid` = 'odOIPv9UcOs4N_jKX0JECOwADE7s' ) AND ( `login_flag` = '0' ) LIMIT 1   [ RunTime:0.013001s ]
SQL: SELECT * FROM `sys_user` WHERE ( `del_flag` = 0 ) AND ( `openid` = 'odOIPv9UcOs4N_jKX0JECOwADE7s' ) LIMIT 1   [ RunTime:0.001000s ]
NOTIC: [8] Trying to get property of non-object D:\phpStudy\WWW\Rose\Core\Extend\Vendor\weixin\jssdk.php 第 75 行.
NOTIC: [8] Trying to get property of non-object D:\phpStudy\WWW\Rose\Core\Extend\Vendor\weixin\jssdk.php 第 53 行.
SQL: SHOW COLUMNS FROM `weixin_userinfo` [ RunTime:0.012001s ]
SQL: SELECT * FROM `weixin_userinfo` WHERE ( `del_flag` = 0 ) AND ( `from_username` = 'odOIPv9UcOs4N_jKX0JECOwADE7s' ) LIMIT 1   [ RunTime:0.014001s ]
SQL: SELECT * FROM `sys_user` WHERE ( `del_flag` = 0 ) AND ( `openid` = 'odOIPv9UcOs4N_jKX0JECOwADE7s' ) LIMIT 1   [ RunTime:0.000000s ]
SQL: SHOW COLUMNS FROM `sys_office` [ RunTime:0.012000s ]
SQL: SELECT `name` FROM `sys_office` WHERE ( `del_flag` = 0 ) AND ( `id` = 'a721bdccfcb44571a48df2065950d05d' ) LIMIT 1   [ RunTime:0.006000s ]
SQL: SHOW COLUMNS FROM `device_consume_rec` [ RunTime:0.014001s ]
SQL: SELECT SUM(consume_account) AS tp_sum FROM `device_consume_rec` WHERE ( `create_date` >= '2018-03-14 00:00:00' ) AND ( `command_status` = 2 ) AND ( `consume_status` = 1 ) AND ( `del_flag` = 0 ) AND ( `transfer_status` = 0 ) AND ( `create_by` = 'kefuanmoyitest' ) LIMIT 1   [ RunTime:1.389079s ]
NOTIC: [2] trim() expects parameter 1 to be string, array given D:\phpStudy\WWW\Rose\Core\Lib\Core\Db.class.php 第 459 行.
SQL: SELECT SUM(consume_account) AS tp_sum FROM `device_consume_rec` WHERE ( (`create_date` >= '2018-03')  ) AND ( `command_status` = 2 ) AND ( `consume_status` = 1 ) AND ( `del_flag` = 0 ) AND ( `transfer_status` = 0 ) AND ( `create_by` = 'kefuanmoyitest' ) LIMIT 1   [ RunTime:1.139065s ]
SQL: SELECT SUM(totals-consume) AS tp_sum FROM `sys_user` WHERE ( `del_flag` = 0 ) AND ( `openid` = 'odOIPv9UcOs4N_jKX0JECOwADE7s' ) LIMIT 1   [ RunTime:0.021002s ]
SQL: SELECT sum(consume_account) as count,`deivce_command` FROM `device_consume_rec` WHERE ( `command_status` = 2 ) AND ( `consume_status` = 1 ) AND ( `del_flag` = 0 ) AND ( `transfer_status` = 0 ) AND ( `create_by` = 'kefuanmoyitest' ) GROUP BY deivce_command ORDER BY count desc LIMIT 1   [ RunTime:0.952054s ]
SQL: SHOW COLUMNS FROM `device_info` [ RunTime:0.012001s ]
SQL: SELECT `scan_code` FROM `device_info` WHERE ( `del_flag` = 0 ) AND ( `device_command` = '4093646' ) AND ( `owner_id` = 'kefuanmoyitest' ) LIMIT 1   [ RunTime:0.013000s ]
SQL: SELECT sum(1) as count,drg.online_status FROM device_info di LEFT JOIN device_relation_group drg ON drg.di_id = di.id WHERE ( di.del_flag = 0 ) AND ( drg.del_flag = 0 ) AND ( di.owner_id = 'kefuanmoyitest' ) GROUP BY drg.online_status ORDER BY drg.online_status asc  [ RunTime:0.019002s ]
SQL: SHOW COLUMNS FROM `userefund` [ RunTime:0.011000s ]
SQL: SELECT COUNT(*) AS tp_count FROM `userefund` WHERE ( `owner_id` = 'kefuanmoyitest' ) LIMIT 1   [ RunTime:0.007001s ]
INFO: [ view_template ] --START--
INFO: Run LocationTemplate Behavior [ RunTime:-4.848278s ]
INFO: [ view_template ] --END-- [ RunTime:0.002000s ]
INFO: [ view_parse ] --START--
NOTIC: [8] Undefined offset: 1 D:\phpStudy\WWW\Rose\logs\Cache\Wap\ea3d52f7b11b048cc77960b70846bc6c.php 第 144 行.
INFO: Run ParseTemplate Behavior [ RunTime:-4.850278s ]
INFO: [ view_parse ] --END-- [ RunTime:0.019001s ]
INFO: [ view_filter ] --START--
INFO: Run ContentReplace Behavior [ RunTime:-4.869279s ]
INFO: Run TokenBuild Behavior [ RunTime:-4.870279s ]
INFO: Run WriteHtmlCache Behavior [ RunTime:-4.871279s ]
INFO: Run ShowRuntime Behavior [ RunTime:-4.872279s ]
INFO: [ view_filter ] --END-- [ RunTime:0.004000s ]
INFO: [ view_end ] --START--
INFO: Run ShowPageTrace Behavior [ RunTime:-4.873279s ]
INFO: [ view_end ] --END-- [ RunTime:0.001000s ]

[ 2018-03-14T15:06:43+08:00 ] 0.0.0.0 /Rose/index.php?g=Wap&m=Rose2Personal&a=presonal_new&openid=odOIPv9UcOs4N_jKX0JECOwADE7s
INFO: [ app_begin ] --START--
INFO: Run ReadHtmlCache Behavior [ RunTime:0.001000s ]
INFO: [ app_begin ] --END-- [ RunTime:0.001000s ]
NOTIC: [8] A session had already been started - ignoring session_start() D:\phpStudy\WWW\Rose\Lib\Action\Wap\Rose2BaseAction.class.php 第 2 行.
SQL: SHOW COLUMNS FROM `sys_user` [ RunTime:0.012001s ]
SQL: SELECT * FROM `sys_user` WHERE ( `del_flag` = 0 ) AND ( `openid` = 'odOIPv9UcOs4N_jKX0JECOwADE7s' ) AND ( `login_flag` = '0' ) LIMIT 1   [ RunTime:0.022001s ]
SQL: SELECT * FROM `sys_user` WHERE ( `del_flag` = 0 ) AND ( `openid` = 'odOIPv9UcOs4N_jKX0JECOwADE7s' ) LIMIT 1   [ RunTime:0.001000s ]
NOTIC: [8] Trying to get property of non-object D:\phpStudy\WWW\Rose\Core\Extend\Vendor\weixin\jssdk.php 第 75 行.
NOTIC: [8] Trying to get property of non-object D:\phpStudy\WWW\Rose\Core\Extend\Vendor\weixin\jssdk.php 第 53 行.
SQL: SHOW COLUMNS FROM `weixin_userinfo` [ RunTime:0.010000s ]
SQL: SELECT * FROM `weixin_userinfo` WHERE ( `del_flag` = 0 ) AND ( `from_username` = 'odOIPv9UcOs4N_jKX0JECOwADE7s' ) LIMIT 1   [ RunTime:0.010001s ]
SQL: SELECT * FROM `sys_user` WHERE ( `del_flag` = 0 ) AND ( `openid` = 'odOIPv9UcOs4N_jKX0JECOwADE7s' ) LIMIT 1   [ RunTime:0.001000s ]
SQL: SHOW COLUMNS FROM `sys_office` [ RunTime:0.013001s ]
SQL: SELECT `name` FROM `sys_office` WHERE ( `del_flag` = 0 ) AND ( `id` = 'a721bdccfcb44571a48df2065950d05d' ) LIMIT 1   [ RunTime:0.013001s ]
SQL: SHOW COLUMNS FROM `device_consume_rec` [ RunTime:0.012000s ]
SQL: SELECT SUM(consume_account) AS tp_sum FROM `device_consume_rec` WHERE ( `create_date` >= '2018-03-14 00:00:00' ) AND ( `command_status` = 2 ) AND ( `consume_status` = 1 ) AND ( `del_flag` = 0 ) AND ( `transfer_status` = 0 ) AND ( `create_by` = 'kefuanmoyitest' ) LIMIT 1   [ RunTime:0.807047s ]
NOTIC: [2] trim() expects parameter 1 to be string, array given D:\phpStudy\WWW\Rose\Core\Lib\Core\Db.class.php 第 459 行.
SQL: SELECT SUM(consume_account) AS tp_sum FROM `device_consume_rec` WHERE ( (`create_date` >= '2018-03')  ) AND ( `command_status` = 2 ) AND ( `consume_status` = 1 ) AND ( `del_flag` = 0 ) AND ( `transfer_status` = 0 ) AND ( `create_by` = 'kefuanmoyitest' ) LIMIT 1   [ RunTime:0.868049s ]
SQL: SELECT SUM(totals-consume) AS tp_sum FROM `sys_user` WHERE ( `del_flag` = 0 ) AND ( `openid` = 'odOIPv9UcOs4N_jKX0JECOwADE7s' ) LIMIT 1   [ RunTime:0.013001s ]
SQL: SELECT sum(consume_account) as count,`deivce_command` FROM `device_consume_rec` WHERE ( `command_status` = 2 ) AND ( `consume_status` = 1 ) AND ( `del_flag` = 0 ) AND ( `transfer_status` = 0 ) AND ( `create_by` = 'kefuanmoyitest' ) GROUP BY deivce_command ORDER BY count desc LIMIT 1   [ RunTime:0.983056s ]
SQL: SHOW COLUMNS FROM `device_info` [ RunTime:0.011001s ]
SQL: SELECT `scan_code` FROM `device_info` WHERE ( `del_flag` = 0 ) AND ( `device_command` = '4093646' ) AND ( `owner_id` = 'kefuanmoyitest' ) LIMIT 1   [ RunTime:0.013001s ]
SQL: SELECT sum(1) as count,drg.online_status FROM device_info di LEFT JOIN device_relation_group drg ON drg.di_id = di.id WHERE ( di.del_flag = 0 ) AND ( drg.del_flag = 0 ) AND ( di.owner_id = 'kefuanmoyitest' ) GROUP BY drg.online_status ORDER BY drg.online_status asc  [ RunTime:0.020001s ]
SQL: SHOW COLUMNS FROM `userefund` [ RunTime:0.012000s ]
SQL: SELECT COUNT(*) AS tp_count FROM `userefund` WHERE ( `owner_id` = 'kefuanmoyitest' ) LIMIT 1   [ RunTime:0.013001s ]
INFO: [ view_template ] --START--
INFO: Run LocationTemplate Behavior [ RunTime:-4.028230s ]
INFO: [ view_template ] --END-- [ RunTime:0.003000s ]
INFO: [ view_parse ] --START--
NOTIC: [8] Undefined offset: 1 D:\phpStudy\WWW\Rose\logs\Cache\Wap\ea3d52f7b11b048cc77960b70846bc6c.php 第 144 行.
INFO: Run ParseTemplate Behavior [ RunTime:-4.031230s ]
INFO: [ view_parse ] --END-- [ RunTime:0.018001s ]
INFO: [ view_filter ] --START--
INFO: Run ContentReplace Behavior [ RunTime:-4.049231s ]
INFO: Run TokenBuild Behavior [ RunTime:-4.050231s ]
INFO: Run WriteHtmlCache Behavior [ RunTime:-4.051232s ]
INFO: Run ShowRuntime Behavior [ RunTime:-4.052232s ]
INFO: [ view_filter ] --END-- [ RunTime:0.004001s ]
INFO: [ view_end ] --START--
INFO: Run ShowPageTrace Behavior [ RunTime:-4.053232s ]
INFO: [ view_end ] --END-- [ RunTime:0.001000s ]

[ 2018-03-14T15:09:19+08:00 ] 0.0.0.0 /Rose/index.php?g=Wap&m=Rose2Personal&a=presonal_new&openid=odOIPv9UcOs4N_jKX0JECOwADE7s
INFO: [ app_begin ] --START--
INFO: Run ReadHtmlCache Behavior [ RunTime:0.002001s ]
INFO: [ app_begin ] --END-- [ RunTime:0.002001s ]
NOTIC: [8] A session had already been started - ignoring session_start() D:\phpStudy\WWW\Rose\Lib\Action\Wap\Rose2BaseAction.class.php 第 2 行.
SQL: SHOW COLUMNS FROM `sys_user` [ RunTime:0.073004s ]
SQL: SELECT * FROM `sys_user` WHERE ( `del_flag` = 0 ) AND ( `openid` = 'odOIPv9UcOs4N_jKX0JECOwADE7s' ) AND ( `login_flag` = '0' ) LIMIT 1   [ RunTime:0.010001s ]
SQL: SELECT * FROM `sys_user` WHERE ( `del_flag` = 0 ) AND ( `openid` = 'odOIPv9UcOs4N_jKX0JECOwADE7s' ) LIMIT 1   [ RunTime:0.001000s ]
NOTIC: [8] Trying to get property of non-object D:\phpStudy\WWW\Rose\Core\Extend\Vendor\weixin\jssdk.php 第 75 行.
NOTIC: [8] Trying to get property of non-object D:\phpStudy\WWW\Rose\Core\Extend\Vendor\weixin\jssdk.php 第 53 行.
SQL: SHOW COLUMNS FROM `weixin_userinfo` [ RunTime:0.013000s ]
SQL: SELECT * FROM `weixin_userinfo` WHERE ( `del_flag` = 0 ) AND ( `from_username` = 'odOIPv9UcOs4N_jKX0JECOwADE7s' ) LIMIT 1   [ RunTime:0.013001s ]
SQL: SELECT * FROM `sys_user` WHERE ( `del_flag` = 0 ) AND ( `openid` = 'odOIPv9UcOs4N_jKX0JECOwADE7s' ) LIMIT 1   [ RunTime:0.001000s ]
SQL: SHOW COLUMNS FROM `sys_office` [ RunTime:0.011001s ]
SQL: SELECT `name` FROM `sys_office` WHERE ( `del_flag` = 0 ) AND ( `id` = 'a721bdccfcb44571a48df2065950d05d' ) LIMIT 1   [ RunTime:0.008000s ]
SQL: SHOW COLUMNS FROM `device_consume_rec` [ RunTime:0.014001s ]
SQL: SELECT SUM(consume_account) AS tp_sum FROM `device_consume_rec` WHERE ( `create_date` >= '2018-03-14 00:00:00' ) AND ( `command_status` = 2 ) AND ( `consume_status` = 1 ) AND ( `del_flag` = 0 ) AND ( `transfer_status` = 0 ) AND ( `create_by` = 'kefuanmoyitest' ) LIMIT 1   [ RunTime:0.696040s ]
NOTIC: [2] trim() expects parameter 1 to be string, array given D:\phpStudy\WWW\Rose\Core\Lib\Core\Db.class.php 第 459 行.
SQL: SELECT SUM(consume_account) AS tp_sum FROM `device_consume_rec` WHERE ( (`create_date` >= '2018-03')  ) AND ( `command_status` = 2 ) AND ( `consume_status` = 1 ) AND ( `del_flag` = 0 ) AND ( `transfer_status` = 0 ) AND ( `create_by` = 'kefuanmoyitest' ) LIMIT 1   [ RunTime:0.758043s ]
SQL: SELECT SUM(totals-consume) AS tp_sum FROM `sys_user` WHERE ( `del_flag` = 0 ) AND ( `openid` = 'odOIPv9UcOs4N_jKX0JECOwADE7s' ) LIMIT 1   [ RunTime:0.017001s ]
SQL: SELECT sum(consume_account) as count,`deivce_command` FROM `device_consume_rec` WHERE ( `command_status` = 2 ) AND ( `consume_status` = 1 ) AND ( `del_flag` = 0 ) AND ( `transfer_status` = 0 ) AND ( `create_by` = 'kefuanmoyitest' ) GROUP BY deivce_command ORDER BY count desc LIMIT 1   [ RunTime:0.985056s ]
SQL: SHOW COLUMNS FROM `device_info` [ RunTime:0.011001s ]
SQL: SELECT `scan_code` FROM `device_info` WHERE ( `del_flag` = 0 ) AND ( `device_command` = '4093646' ) AND ( `owner_id` = 'kefuanmoyitest' ) LIMIT 1   [ RunTime:0.011001s ]
SQL: SELECT sum(1) as count,drg.online_status FROM device_info di LEFT JOIN device_relation_group drg ON drg.di_id = di.id WHERE ( di.del_flag = 0 ) AND ( drg.del_flag = 0 ) AND ( di.owner_id = 'kefuanmoyitest' ) GROUP BY drg.online_status ORDER BY drg.online_status asc  [ RunTime:0.104006s ]
SQL: SHOW COLUMNS FROM `userefund` [ RunTime:0.015001s ]
SQL: SELECT COUNT(*) AS tp_count FROM `userefund` WHERE ( `owner_id` = 'kefuanmoyitest' ) LIMIT 1   [ RunTime:0.018001s ]
INFO: [ view_template ] --START--
INFO: Run LocationTemplate Behavior [ RunTime:-3.916224s ]
INFO: [ view_template ] --END-- [ RunTime:0.002000s ]
INFO: [ view_parse ] --START--
NOTIC: [8] Undefined offset: 1 D:\phpStudy\WWW\Rose\logs\Cache\Wap\ea3d52f7b11b048cc77960b70846bc6c.php 第 144 行.
INFO: Run ParseTemplate Behavior [ RunTime:-3.918224s ]
INFO: [ view_parse ] --END-- [ RunTime:0.017001s ]
INFO: [ view_filter ] --START--
INFO: Run ContentReplace Behavior [ RunTime:-3.935225s ]
INFO: Run TokenBuild Behavior [ RunTime:-3.936225s ]
INFO: Run WriteHtmlCache Behavior [ RunTime:-3.937225s ]
INFO: Run ShowRuntime Behavior [ RunTime:-3.938225s ]
INFO: [ view_filter ] --END-- [ RunTime:0.004000s ]
INFO: [ view_end ] --START--
INFO: Run ShowPageTrace Behavior [ RunTime:-3.939225s ]
INFO: [ view_end ] --END-- [ RunTime:0.001000s ]

[ 2018-03-14T15:09:41+08:00 ] 0.0.0.0 /Rose/index.php?g=Wap&m=Rose2Personal&a=presonal_new&openid=odOIPv9UcOs4N_jKX0JECOwADE7s
INFO: [ app_begin ] --START--
INFO: Run ReadHtmlCache Behavior [ RunTime:0.001000s ]
INFO: [ app_begin ] --END-- [ RunTime:0.001000s ]
NOTIC: [8] A session had already been started - ignoring session_start() D:\phpStudy\WWW\Rose\Lib\Action\Wap\Rose2BaseAction.class.php 第 2 行.
SQL: SHOW COLUMNS FROM `sys_user` [ RunTime:0.009000s ]
SQL: SELECT * FROM `sys_user` WHERE ( `del_flag` = 0 ) AND ( `openid` = 'odOIPv9UcOs4N_jKX0JECOwADE7s' ) AND ( `login_flag` = '0' ) LIMIT 1   [ RunTime:0.029002s ]
SQL: SELECT * FROM `sys_user` WHERE ( `del_flag` = 0 ) AND ( `openid` = 'odOIPv9UcOs4N_jKX0JECOwADE7s' ) LIMIT 1   [ RunTime:0.001000s ]
NOTIC: [8] Trying to get property of non-object D:\phpStudy\WWW\Rose\Core\Extend\Vendor\weixin\jssdk.php 第 75 行.
NOTIC: [8] Trying to get property of non-object D:\phpStudy\WWW\Rose\Core\Extend\Vendor\weixin\jssdk.php 第 53 行.
SQL: SHOW COLUMNS FROM `weixin_userinfo` [ RunTime:0.010000s ]
SQL: SELECT * FROM `weixin_userinfo` WHERE ( `del_flag` = 0 ) AND ( `from_username` = 'odOIPv9UcOs4N_jKX0JECOwADE7s' ) LIMIT 1   [ RunTime:0.014001s ]
SQL: SELECT * FROM `sys_user` WHERE ( `del_flag` = 0 ) AND ( `openid` = 'odOIPv9UcOs4N_jKX0JECOwADE7s' ) LIMIT 1   [ RunTime:0.001000s ]
SQL: SHOW COLUMNS FROM `sys_office` [ RunTime:0.007001s ]
SQL: SELECT `name` FROM `sys_office` WHERE ( `del_flag` = 0 ) AND ( `id` = 'a721bdccfcb44571a48df2065950d05d' ) LIMIT 1   [ RunTime:0.010000s ]
SQL: SHOW COLUMNS FROM `device_consume_rec` [ RunTime:0.007001s ]
SQL: SELECT SUM(consume_account) AS tp_sum FROM `device_consume_rec` WHERE ( `create_date` >= '2018-03-14 00:00:00' ) AND ( `command_status` = 2 ) AND ( `consume_status` = 1 ) AND ( `del_flag` = 0 ) AND ( `transfer_status` = 0 ) AND ( `create_by` = 'kefuanmoyitest' ) LIMIT 1   [ RunTime:0.795045s ]
NOTIC: [2] trim() expects parameter 1 to be string, array given D:\phpStudy\WWW\Rose\Core\Lib\Core\Db.class.php 第 459 行.
SQL: SELECT SUM(consume_account) AS tp_sum FROM `device_consume_rec` WHERE ( (`create_date` >= '2018-03')  ) AND ( `command_status` = 2 ) AND ( `consume_status` = 1 ) AND ( `del_flag` = 0 ) AND ( `transfer_status` = 0 ) AND ( `create_by` = 'kefuanmoyitest' ) LIMIT 1   [ RunTime:0.766044s ]
SQL: SELECT SUM(totals-consume) AS tp_sum FROM `sys_user` WHERE ( `del_flag` = 0 ) AND ( `openid` = 'odOIPv9UcOs4N_jKX0JECOwADE7s' ) LIMIT 1   [ RunTime:0.016001s ]
SQL: SELECT sum(consume_account) as count,`deivce_command` FROM `device_consume_rec` WHERE ( `command_status` = 2 ) AND ( `consume_status` = 1 ) AND ( `del_flag` = 0 ) AND ( `transfer_status` = 0 ) AND ( `create_by` = 'kefuanmoyitest' ) GROUP BY deivce_command ORDER BY count desc LIMIT 1   [ RunTime:0.933053s ]
SQL: SHOW COLUMNS FROM `device_info` [ RunTime:0.016001s ]
SQL: SELECT `scan_code` FROM `device_info` WHERE ( `del_flag` = 0 ) AND ( `device_command` = '4093646' ) AND ( `owner_id` = 'kefuanmoyitest' ) LIMIT 1   [ RunTime:0.009001s ]
SQL: SELECT sum(1) as count,drg.online_status FROM device_info di LEFT JOIN device_relation_group drg ON drg.di_id = di.id WHERE ( di.del_flag = 0 ) AND ( drg.del_flag = 0 ) AND ( di.owner_id = 'kefuanmoyitest' ) GROUP BY drg.online_status ORDER BY drg.online_status asc  [ RunTime:0.019001s ]
SQL: SHOW COLUMNS FROM `userefund` [ RunTime:0.011001s ]
SQL: SELECT COUNT(*) AS tp_count FROM `userefund` WHERE ( `owner_id` = 'kefuanmoyitest' ) LIMIT 1   [ RunTime:0.006000s ]
INFO: [ view_template ] --START--
INFO: Run LocationTemplate Behavior [ RunTime:-3.827219s ]
INFO: [ view_template ] --END-- [ RunTime:0.003000s ]
INFO: [ view_parse ] --START--
INFO: Run ParseTemplate Behavior [ RunTime:-3.830219s ]
INFO: [ view_parse ] --END-- [ RunTime:0.020001s ]
INFO: [ view_filter ] --START--
INFO: Run ContentReplace Behavior [ RunTime:-3.850220s ]
INFO: Run TokenBuild Behavior [ RunTime:-3.851220s ]
INFO: Run WriteHtmlCache Behavior [ RunTime:-3.852220s ]
INFO: Run ShowRuntime Behavior [ RunTime:-3.853220s ]
INFO: [ view_filter ] --END-- [ RunTime:0.004000s ]
INFO: [ view_end ] --START--
INFO: Run ShowPageTrace Behavior [ RunTime:-3.854220s ]
INFO: [ view_end ] --END-- [ RunTime:0.001001s ]

[ 2018-03-14T15:12:32+08:00 ] 0.0.0.0 /Rose/index.php?g=Wap&m=Rose2Personal&a=index&openid=odOIPv9UcOs4N_jKX0JECOwADE7s
INFO: [ app_begin ] --START--
INFO: Run ReadHtmlCache Behavior [ RunTime:0.002000s ]
INFO: [ app_begin ] --END-- [ RunTime:0.002000s ]
NOTIC: [8] A session had already been started - ignoring session_start() D:\phpStudy\WWW\Rose\Lib\Action\Wap\Rose2BaseAction.class.php 第 2 行.
SQL: SHOW COLUMNS FROM `sys_user` [ RunTime:0.011001s ]
SQL: SELECT * FROM `sys_user` WHERE ( `del_flag` = 0 ) AND ( `openid` = 'odOIPv9UcOs4N_jKX0JECOwADE7s' ) AND ( `login_flag` = '0' ) LIMIT 1   [ RunTime:0.240014s ]
SQL: SELECT * FROM `sys_user` WHERE ( `del_flag` = 0 ) AND ( `openid` = 'odOIPv9UcOs4N_jKX0JECOwADE7s' ) LIMIT 1   [ RunTime:0.002000s ]
NOTIC: [8] Trying to get property of non-object D:\phpStudy\WWW\Rose\Core\Extend\Vendor\weixin\jssdk.php 第 75 行.
NOTIC: [8] Trying to get property of non-object D:\phpStudy\WWW\Rose\Core\Extend\Vendor\weixin\jssdk.php 第 53 行.
SQL: SHOW COLUMNS FROM `weixin_userinfo` [ RunTime:0.017001s ]
SQL: SELECT * FROM `weixin_userinfo` WHERE ( `del_flag` = 0 ) AND ( `from_username` = 'odOIPv9UcOs4N_jKX0JECOwADE7s' ) LIMIT 1   [ RunTime:0.070004s ]
SQL: SHOW COLUMNS FROM `device_consume_rec` [ RunTime:0.020002s ]
SQL: SELECT SUM(consume_account) AS tp_sum FROM `device_consume_rec` WHERE ( `command_status` = '2' ) AND ( `del_flag` = '0' ) AND ( `type` IN ('1','3','5','9','11','13','15','17','19') ) AND ( `transfer_status` = '0' ) AND ( `consume_status` IN ('1','2') ) AND ( `create_by` = 'kefuanmoyitest' ) LIMIT 1   [ RunTime:7.975456s ]
SQL: SELECT SUM(consume_account) AS tp_sum FROM `device_consume_rec` WHERE ( `command_status` = '2' ) AND ( `del_flag` = '0' ) AND ( `type` IN ('2','4','6','10','12','14','16','18') ) AND ( `transfer_status` = '0' ) AND ( `consume_status` IN ('1','2') ) AND ( `create_by` = 'kefuanmoyitest' ) LIMIT 1   [ RunTime:4.830276s ]
SQL: SHOW COLUMNS FROM `device_info` [ RunTime:0.099006s ]
SQL: SELECT sum(dw.LOC_OP) c from (SELECT * from (SELECT dr.* FROM `device_info` LEFT JOIN device_record
 dr on dr.dev_id=device_info.device_command WHERE ( device_info.del_flag = 0 )
 AND ( device_info.office_id = 'a721bdccfcb44571a48df2065950d05d' ) ORDER BY dr.LOC_OP desc)
 da GROUP BY da.dev_id ORDER BY da.LOC_OP desc) dw [ RunTime:9.518544s ]
SQL: SELECT * FROM `sys_user` WHERE ( `del_flag` = 0 ) AND ( `openid` = 'odOIPv9UcOs4N_jKX0JECOwADE7s' ) LIMIT 1   [ RunTime:0.135008s ]
SQL: UPDATE `sys_user` SET `totals`=161.5 WHERE ( `del_flag` = 0 ) AND ( `id` = 'kefuanmoyitest' ) [ RunTime:0.074004s ]
SQL: SELECT SUM(totals-consume) AS tp_sum FROM `sys_user` WHERE ( `del_flag` = 0 ) AND ( `openid` = 'odOIPv9UcOs4N_jKX0JECOwADE7s' ) LIMIT 1   [ RunTime:0.001000s ]
INFO: [ view_template ] --START--
INFO: Run LocationTemplate Behavior [ RunTime:-24.214385s ]
INFO: [ view_template ] --END-- [ RunTime:0.022002s ]
INFO: [ view_parse ] --START--
INFO: Run ParseTemplate Behavior [ RunTime:-24.236387s ]
INFO: [ view_parse ] --END-- [ RunTime:0.134007s ]
INFO: [ view_filter ] --START--
INFO: Run ContentReplace Behavior [ RunTime:-24.370394s ]
INFO: Run TokenBuild Behavior [ RunTime:-24.388395s ]
INFO: Run WriteHtmlCache Behavior [ RunTime:-24.395396s ]
INFO: Run ShowRuntime Behavior [ RunTime:-24.401396s ]
INFO: [ view_filter ] --END-- [ RunTime:0.047003s ]
INFO: [ view_end ] --START--
INFO: Run ShowPageTrace Behavior [ RunTime:-24.417397s ]
INFO: [ view_end ] --END-- [ RunTime:0.021001s ]

[ 2018-03-14T15:17:41+08:00 ] 0.0.0.0 /Rose/index.php?g=Wap&m=Rose2Personal&a=index&openid=odOIPv9UcOs4N_jKX0JECOwADE7s
INFO: [ app_begin ] --START--
INFO: Run ReadHtmlCache Behavior [ RunTime:0.001000s ]
INFO: [ app_begin ] --END-- [ RunTime:0.001000s ]
NOTIC: [8] A session had already been started - ignoring session_start() D:\phpStudy\WWW\Rose\Lib\Action\Wap\Rose2BaseAction.class.php 第 2 行.
SQL: SHOW COLUMNS FROM `sys_user` [ RunTime:0.018001s ]
SQL: SELECT * FROM `sys_user` WHERE ( `del_flag` = 0 ) AND ( `openid` = 'odOIPv9UcOs4N_jKX0JECOwADE7s' ) AND ( `login_flag` = '0' ) LIMIT 1   [ RunTime:0.002000s ]
SQL: SELECT * FROM `sys_user` WHERE ( `del_flag` = 0 ) AND ( `openid` = 'odOIPv9UcOs4N_jKX0JECOwADE7s' ) LIMIT 1   [ RunTime:0.002000s ]
NOTIC: [8] Trying to get property of non-object D:\phpStudy\WWW\Rose\Core\Extend\Vendor\weixin\jssdk.php 第 75 行.
NOTIC: [8] Trying to get property of non-object D:\phpStudy\WWW\Rose\Core\Extend\Vendor\weixin\jssdk.php 第 53 行.
SQL: SHOW COLUMNS FROM `weixin_userinfo` [ RunTime:0.010001s ]
SQL: SELECT * FROM `weixin_userinfo` WHERE ( `del_flag` = 0 ) AND ( `from_username` = 'odOIPv9UcOs4N_jKX0JECOwADE7s' ) LIMIT 1   [ RunTime:0.008000s ]
SQL: SHOW COLUMNS FROM `device_consume_rec` [ RunTime:0.012001s ]
SQL: SELECT SUM(consume_account) AS tp_sum FROM `device_consume_rec` WHERE ( `command_status` = '2' ) AND ( `del_flag` = '0' ) AND ( `type` IN ('1','3','5','9','11','13','15','17','19') ) AND ( `transfer_status` = '0' ) AND ( `consume_status` IN ('1','2') ) AND ( `create_by` = 'kefuanmoyitest' ) LIMIT 1   [ RunTime:0.826047s ]
SQL: SELECT SUM(consume_account) AS tp_sum FROM `device_consume_rec` WHERE ( `command_status` = '2' ) AND ( `del_flag` = '0' ) AND ( `type` IN ('2','4','6','10','12','14','16','18') ) AND ( `transfer_status` = '0' ) AND ( `consume_status` IN ('1','2') ) AND ( `create_by` = 'kefuanmoyitest' ) LIMIT 1   [ RunTime:0.715041s ]
SQL: SHOW COLUMNS FROM `device_info` [ RunTime:0.012001s ]
SQL: SELECT sum(dw.LOC_OP) c from (SELECT * from (SELECT dr.* FROM `device_info` LEFT JOIN device_record
 dr on dr.dev_id=device_info.device_command WHERE ( device_info.del_flag = 0 )
 AND ( device_info.office_id = 'a721bdccfcb44571a48df2065950d05d' ) ORDER BY dr.LOC_OP desc)
 da GROUP BY da.dev_id ORDER BY da.LOC_OP desc) dw [ RunTime:4.130236s ]
SQL: SELECT * FROM `sys_user` WHERE ( `del_flag` = 0 ) AND ( `openid` = 'odOIPv9UcOs4N_jKX0JECOwADE7s' ) LIMIT 1   [ RunTime:0.023001s ]
SQL: UPDATE `sys_user` SET `totals`=161.5 WHERE ( `del_flag` = 0 ) AND ( `id` = 'kefuanmoyitest' ) [ RunTime:0.038003s ]
SQL: SELECT SUM(totals-consume) AS tp_sum FROM `sys_user` WHERE ( `del_flag` = 0 ) AND ( `openid` = 'odOIPv9UcOs4N_jKX0JECOwADE7s' ) LIMIT 1   [ RunTime:0.000000s ]
INFO: [ view_template ] --START--
INFO: Run LocationTemplate Behavior [ RunTime:-6.990399s ]
INFO: [ view_template ] --END-- [ RunTime:0.003001s ]
INFO: [ view_parse ] --START--
INFO: Run ParseTemplate Behavior [ RunTime:-6.993400s ]
INFO: [ view_parse ] --END-- [ RunTime:0.018001s ]
INFO: [ view_filter ] --START--
INFO: Run ContentReplace Behavior [ RunTime:-7.011401s ]
INFO: Run TokenBuild Behavior [ RunTime:-7.012401s ]
INFO: Run WriteHtmlCache Behavior [ RunTime:-7.013401s ]
INFO: Run ShowRuntime Behavior [ RunTime:-7.014401s ]
INFO: [ view_filter ] --END-- [ RunTime:0.004000s ]
INFO: [ view_end ] --START--
INFO: Run ShowPageTrace Behavior [ RunTime:-7.015401s ]
INFO: [ view_end ] --END-- [ RunTime:0.001000s ]

[ 2018-03-14T16:36:17+08:00 ] 0.0.0.0 /Rose/index.php?g=Wap&m=Rose2Personal&a=index&openid=odOIPv9UcOs4N_jKX0JECOwADE7s
INFO: [ app_begin ] --START--
INFO: Run ReadHtmlCache Behavior [ RunTime:0.008001s ]
INFO: [ app_begin ] --END-- [ RunTime:0.008001s ]
NOTIC: [8] A session had already been started - ignoring session_start() D:\phpStudy\WWW\Rose\Lib\Action\Wap\Rose2BaseAction.class.php 第 2 行.
SQL: SHOW COLUMNS FROM `sys_user` [ RunTime:0.172010s ]
SQL: SELECT * FROM `sys_user` WHERE ( `del_flag` = 0 ) AND ( `openid` = 'odOIPv9UcOs4N_jKX0JECOwADE7s' ) AND ( `login_flag` = '0' ) LIMIT 1   [ RunTime:0.040002s ]
SQL: SELECT * FROM `sys_user` WHERE ( `del_flag` = 0 ) AND ( `openid` = 'odOIPv9UcOs4N_jKX0JECOwADE7s' ) LIMIT 1   [ RunTime:0.001000s ]
NOTIC: [8] Trying to get property of non-object D:\phpStudy\WWW\Rose\Core\Extend\Vendor\weixin\jssdk.php 第 75 行.
NOTIC: [8] Trying to get property of non-object D:\phpStudy\WWW\Rose\Core\Extend\Vendor\weixin\jssdk.php 第 53 行.
SQL: SHOW COLUMNS FROM `weixin_userinfo` [ RunTime:0.016001s ]
SQL: SELECT * FROM `weixin_userinfo` WHERE ( `del_flag` = 0 ) AND ( `from_username` = 'odOIPv9UcOs4N_jKX0JECOwADE7s' ) LIMIT 1   [ RunTime:0.011000s ]
SQL: SHOW COLUMNS FROM `device_consume_rec` [ RunTime:0.017001s ]
SQL: SELECT SUM(consume_account) AS tp_sum FROM `device_consume_rec` WHERE ( `command_status` = '2' ) AND ( `del_flag` = '0' ) AND ( `type` IN ('1','3','5','9','11','13','15','17','19') ) AND ( `transfer_status` = '0' ) AND ( `consume_status` IN ('1','2') ) AND ( `create_by` = 'kefuanmoyitest' ) LIMIT 1   [ RunTime:1.004057s ]
SQL: SELECT SUM(consume_account) AS tp_sum FROM `device_consume_rec` WHERE ( `command_status` = '2' ) AND ( `del_flag` = '0' ) AND ( `type` IN ('2','4','6','10','12','14','16','18') ) AND ( `transfer_status` = '0' ) AND ( `consume_status` IN ('1','2') ) AND ( `create_by` = 'kefuanmoyitest' ) LIMIT 1   [ RunTime:0.707040s ]
SQL: SHOW COLUMNS FROM `device_info` [ RunTime:0.030002s ]
SQL: SELECT sum(dw.LOC_OP) c from (SELECT * from (SELECT dr.* FROM `device_info` LEFT JOIN device_record
 dr on dr.dev_id=device_info.device_command WHERE ( device_info.del_flag = 0 )
 AND ( device_info.office_id = 'a721bdccfcb44571a48df2065950d05d' ) ORDER BY dr.LOC_OP desc)
 da GROUP BY da.dev_id ORDER BY da.LOC_OP desc) dw [ RunTime:3.901223s ]
SQL: SELECT * FROM `sys_user` WHERE ( `del_flag` = 0 ) AND ( `openid` = 'odOIPv9UcOs4N_jKX0JECOwADE7s' ) LIMIT 1   [ RunTime:0.013001s ]
SQL: UPDATE `sys_user` SET `totals`=161.5 WHERE ( `del_flag` = 0 ) AND ( `id` = 'kefuanmoyitest' ) [ RunTime:0.035002s ]
SQL: SELECT SUM(totals-consume) AS tp_sum FROM `sys_user` WHERE ( `del_flag` = 0 ) AND ( `openid` = 'odOIPv9UcOs4N_jKX0JECOwADE7s' ) LIMIT 1   [ RunTime:0.001000s ]
INFO: [ view_template ] --START--
INFO: Run LocationTemplate Behavior [ RunTime:-7.557432s ]
INFO: [ view_template ] --END-- [ RunTime:0.017001s ]
INFO: [ view_parse ] --START--
INFO: Run ParseTemplate Behavior [ RunTime:-7.574433s ]
INFO: [ view_parse ] --END-- [ RunTime:0.064004s ]
INFO: [ view_filter ] --START--
INFO: Run ContentReplace Behavior [ RunTime:-7.639437s ]
INFO: Run TokenBuild Behavior [ RunTime:-7.640437s ]
INFO: Run WriteHtmlCache Behavior [ RunTime:-7.641437s ]
INFO: Run ShowRuntime Behavior [ RunTime:-7.642437s ]
INFO: [ view_filter ] --END-- [ RunTime:0.005000s ]
INFO: [ view_end ] --START--
INFO: Run ShowPageTrace Behavior [ RunTime:-7.644437s ]
INFO: [ view_end ] --END-- [ RunTime:0.001000s ]

