[ 2018-03-26T09:49:23+08:00 ] 0.0.0.0 /Rose/index.php?g=Wap&m=Car_Wash_Pay&a=news&scan_code=ZHGZPY00166&openid=odOIPv9UcOs4N_jKX0JECOwADE7s
INFO: [ app_begin ] --START--
INFO: Run ReadHtmlCache Behavior [ RunTime:0.026002s ]
INFO: [ app_begin ] --END-- [ RunTime:0.035002s ]
SQL: SHOW COLUMNS FROM `device_info` [ RunTime:0.463026s ]
SQL: SELECT * FROM `device_info` WHERE ( `scan_code` = 'ZHGZPY00166' ) AND ( `device_status` = 1 ) AND ( `del_flag` = 0 ) LIMIT 1   [ RunTime:0.041002s ]
SQL: SHOW COLUMNS FROM `device_relation_group` [ RunTime:0.126008s ]
SQL: SELECT * FROM `device_relation_group` WHERE ( `di_id` = '2016123010_2FC2C4F29CAF97922A3F9D3F290D02F1' ) AND ( `del_flag` = 0 ) AND ( `device_type` = 7 ) LIMIT 1   [ RunTime:0.001000s ]
NOTIC: [8] Undefined variable: car_member D:\phpStudy\WWW\Rose\Lib\Action\Wap\Car_Wash_PayAction.class.php 第 75 行.
SQL: SHOW COLUMNS FROM `sys_user` [ RunTime:0.072004s ]
SQL: SELECT su.phone,su.title FROM sys_user su LEFT JOIN device_info di on di.owner_id=su.id WHERE ( di.scan_code = 'ZHGZPY00166' ) AND ( di.del_flag = 0 ) AND ( su.del_flag = 0 ) LIMIT 1   [ RunTime:0.013001s ]
INFO: [ view_template ] --START--
INFO: Run LocationTemplate Behavior [ RunTime:-4.553260s ]
INFO: [ view_template ] --END-- [ RunTime:0.027002s ]
INFO: [ view_parse ] --START--
NOTIC: [8] Use of undefined constant wechat - assumed 'wechat' D:\phpStudy\WWW\Rose\logs\Cache\Wap\120b268aac98074ef532a57af49d6a39.php 第 214 行.
NOTIC: [8] Undefined variable: buyer_id D:\phpStudy\WWW\Rose\logs\Cache\Wap\120b268aac98074ef532a57af49d6a39.php 第 218 行.
NOTIC: [8] Undefined variable: openid D:\phpStudy\WWW\Rose\logs\Cache\Wap\120b268aac98074ef532a57af49d6a39.php 第 235 行.
NOTIC: [8] Undefined variable: buyer_id D:\phpStudy\WWW\Rose\logs\Cache\Wap\120b268aac98074ef532a57af49d6a39.php 第 237 行.
INFO: Run ParseTemplate Behavior [ RunTime:-4.580262s ]
INFO: [ view_parse ] --END-- [ RunTime:0.152009s ]
INFO: [ view_filter ] --START--
INFO: Run ContentReplace Behavior [ RunTime:-4.732271s ]
INFO: Run TokenBuild Behavior [ RunTime:-4.733271s ]
INFO: Run WriteHtmlCache Behavior [ RunTime:-4.735271s ]
INFO: Run ShowRuntime Behavior [ RunTime:-4.736271s ]
INFO: [ view_filter ] --END-- [ RunTime:0.005000s ]
INFO: [ view_end ] --START--
INFO: Run ShowPageTrace Behavior [ RunTime:-4.754272s ]
INFO: [ view_end ] --END-- [ RunTime:0.002000s ]

[ 2018-03-26T10:13:05+08:00 ] 0.0.0.0 /Rose/index.php?g=Wap&m=Rose2Personal&a=index&openid=odOIPv9UcOs4N_jKX0JECOwADE7s
INFO: [ app_begin ] --START--
INFO: Run ReadHtmlCache Behavior [ RunTime:0.026001s ]
INFO: [ app_begin ] --END-- [ RunTime:0.026001s ]
NOTIC: [8] A session had already been started - ignoring session_start() D:\phpStudy\WWW\Rose\Lib\Action\Wap\Rose2BaseAction.class.php 第 2 行.
SQL: SHOW COLUMNS FROM `sys_user` [ RunTime:0.010001s ]
SQL: SELECT * FROM `sys_user` WHERE ( `del_flag` = 0 ) AND ( `openid` = 'odOIPv9UcOs4N_jKX0JECOwADE7s' ) AND ( `login_flag` = '0' ) LIMIT 1   [ RunTime:0.007000s ]
SQL: SELECT * FROM `sys_user` WHERE ( `del_flag` = 0 ) AND ( `openid` = 'odOIPv9UcOs4N_jKX0JECOwADE7s' ) LIMIT 1   [ RunTime:0.001000s ]
NOTIC: [8] Trying to get property of non-object D:\phpStudy\WWW\Rose\Core\Extend\Vendor\weixin\jssdk.php 第 75 行.
NOTIC: [8] Trying to get property of non-object D:\phpStudy\WWW\Rose\Core\Extend\Vendor\weixin\jssdk.php 第 53 行.
SQL: SHOW COLUMNS FROM `weixin_userinfo` [ RunTime:0.151008s ]
SQL: SELECT * FROM `weixin_userinfo` WHERE ( `del_flag` = 0 ) AND ( `from_username` = 'odOIPv9UcOs4N_jKX0JECOwADE7s' ) LIMIT 1   [ RunTime:0.009001s ]
SQL: SHOW COLUMNS FROM `device_consume_rec` [ RunTime:0.138008s ]
SQL: SELECT SUM(consume_account) AS tp_sum FROM `device_consume_rec` WHERE ( `command_status` = '2' ) AND ( `del_flag` = '0' ) AND ( `type` IN ('1','3','5','9','11','13','15','17','19') ) AND ( `transfer_status` = '0' ) AND ( `consume_status` IN ('1','2') ) AND ( `create_by` = 'kefuanmoyitest' ) LIMIT 1   [ RunTime:1.411080s ]
SQL: SELECT SUM(consume_account) AS tp_sum FROM `device_consume_rec` WHERE ( `command_status` = '2' ) AND ( `del_flag` = '0' ) AND ( `type` IN ('2','4','6','10','12','14','16','18') ) AND ( `transfer_status` = '0' ) AND ( `consume_status` IN ('1','2') ) AND ( `create_by` = 'kefuanmoyitest' ) LIMIT 1   [ RunTime:1.090063s ]
SQL: SHOW COLUMNS FROM `device_info` [ RunTime:0.020001s ]
SQL: SELECT sum(dw.LOC_OP) c from (SELECT * from (SELECT dr.* FROM `device_info` LEFT JOIN device_record
 dr on dr.dev_id=device_info.device_command WHERE ( device_info.del_flag = 0 )
 AND ( device_info.office_id = 'a721bdccfcb44571a48df2065950d05d' ) ORDER BY dr.LOC_OP desc)
 da GROUP BY da.dev_id ORDER BY da.LOC_OP desc) dw [ RunTime:4.469256s ]
SQL: SELECT * FROM `sys_user` WHERE ( `del_flag` = 0 ) AND ( `openid` = 'odOIPv9UcOs4N_jKX0JECOwADE7s' ) LIMIT 1   [ RunTime:0.188010s ]
SQL: UPDATE `sys_user` SET `totals`=161.5 WHERE ( `del_flag` = 0 ) AND ( `id` = 'kefuanmoyitest' ) [ RunTime:0.632036s ]
SQL: SELECT SUM(totals-consume) AS tp_sum FROM `sys_user` WHERE ( `del_flag` = 0 ) AND ( `openid` = 'odOIPv9UcOs4N_jKX0JECOwADE7s' ) LIMIT 1   [ RunTime:0.145008s ]
SQL: SHOW COLUMNS FROM `car_pay` [ RunTime:0.229013s ]
SQL: SELECT * FROM `car_pay` WHERE ( `create_by` = 'kefuanmoyitest' ) LIMIT 1   [ RunTime:0.001000s ]
INFO: [ view_template ] --START--
INFO: Run LocationTemplate Behavior [ RunTime:-9.945569s ]
INFO: [ view_template ] --END-- [ RunTime:0.068004s ]
INFO: [ view_parse ] --START--
NOTIC: [8] Undefined variable: openid D:\phpStudy\WWW\Rose\logs\Cache\Wap\e7df92f51d469124969cd9771311378b.php 第 16 行.
NOTIC: [8] Undefined variable: openid D:\phpStudy\WWW\Rose\logs\Cache\Wap\e7df92f51d469124969cd9771311378b.php 第 22 行.
NOTIC: [8] Undefined variable: openid D:\phpStudy\WWW\Rose\logs\Cache\Wap\e7df92f51d469124969cd9771311378b.php 第 28 行.
NOTIC: [8] Undefined variable: openid D:\phpStudy\WWW\Rose\logs\Cache\Wap\e7df92f51d469124969cd9771311378b.php 第 34 行.
NOTIC: [8] Undefined variable: openid D:\phpStudy\WWW\Rose\logs\Cache\Wap\e7df92f51d469124969cd9771311378b.php 第 45 行.
NOTIC: [8] Undefined variable: openid D:\phpStudy\WWW\Rose\logs\Cache\Wap\e7df92f51d469124969cd9771311378b.php 第 48 行.
NOTIC: [8] Undefined variable: openid D:\phpStudy\WWW\Rose\logs\Cache\Wap\e7df92f51d469124969cd9771311378b.php 第 49 行.
NOTIC: [8] Undefined variable: openid D:\phpStudy\WWW\Rose\logs\Cache\Wap\e7df92f51d469124969cd9771311378b.php 第 50 行.
NOTIC: [8] Undefined variable: openid D:\phpStudy\WWW\Rose\logs\Cache\Wap\e7df92f51d469124969cd9771311378b.php 第 51 行.
NOTIC: [8] Undefined variable: openid D:\phpStudy\WWW\Rose\logs\Cache\Wap\e7df92f51d469124969cd9771311378b.php 第 52 行.
NOTIC: [8] Undefined variable: openid D:\phpStudy\WWW\Rose\logs\Cache\Wap\e7df92f51d469124969cd9771311378b.php 第 54 行.
NOTIC: [8] Undefined variable: openid D:\phpStudy\WWW\Rose\logs\Cache\Wap\e7df92f51d469124969cd9771311378b.php 第 55 行.
NOTIC: [8] Undefined variable: openid D:\phpStudy\WWW\Rose\logs\Cache\Wap\e7df92f51d469124969cd9771311378b.php 第 62 行.
NOTIC: [8] Undefined variable: openid D:\phpStudy\WWW\Rose\logs\Cache\Wap\e7df92f51d469124969cd9771311378b.php 第 63 行.
NOTIC: [8] Undefined variable: openid D:\phpStudy\WWW\Rose\logs\Cache\Wap\e7df92f51d469124969cd9771311378b.php 第 64 行.
NOTIC: [8] Undefined variable: openid D:\phpStudy\WWW\Rose\logs\Cache\Wap\e7df92f51d469124969cd9771311378b.php 第 65 行.
INFO: Run ParseTemplate Behavior [ RunTime:-10.013573s ]
INFO: [ view_parse ] --END-- [ RunTime:0.065004s ]
INFO: [ view_filter ] --START--
INFO: Run ContentReplace Behavior [ RunTime:-10.078577s ]
INFO: Run TokenBuild Behavior [ RunTime:-10.079577s ]
INFO: Run WriteHtmlCache Behavior [ RunTime:-10.081577s ]
INFO: Run ShowRuntime Behavior [ RunTime:-10.083577s ]
INFO: [ view_filter ] --END-- [ RunTime:0.006000s ]
INFO: [ view_end ] --START--
INFO: Run ShowPageTrace Behavior [ RunTime:-10.084577s ]
INFO: [ view_end ] --END-- [ RunTime:0.002000s ]

[ 2018-03-26T10:13:37+08:00 ] 0.0.0.0 /Rose/index.php?g=Wap&m=Rose2Personal&a=index&openid=odOIPv9UcOs4N_jKX0JECOwADE7s
INFO: [ app_begin ] --START--
INFO: Run ReadHtmlCache Behavior [ RunTime:0.001000s ]
INFO: [ app_begin ] --END-- [ RunTime:0.001000s ]
NOTIC: [8] A session had already been started - ignoring session_start() D:\phpStudy\WWW\Rose\Lib\Action\Wap\Rose2BaseAction.class.php 第 2 行.
SQL: SHOW COLUMNS FROM `sys_user` [ RunTime:0.016001s ]
SQL: SELECT * FROM `sys_user` WHERE ( `del_flag` = 0 ) AND ( `openid` = 'odOIPv9UcOs4N_jKX0JECOwADE7s' ) AND ( `login_flag` = '0' ) LIMIT 1   [ RunTime:0.002000s ]
SQL: SELECT * FROM `sys_user` WHERE ( `del_flag` = 0 ) AND ( `openid` = 'odOIPv9UcOs4N_jKX0JECOwADE7s' ) LIMIT 1   [ RunTime:0.001000s ]
NOTIC: [8] Trying to get property of non-object D:\phpStudy\WWW\Rose\Core\Extend\Vendor\weixin\jssdk.php 第 75 行.
NOTIC: [8] Trying to get property of non-object D:\phpStudy\WWW\Rose\Core\Extend\Vendor\weixin\jssdk.php 第 53 行.
SQL: SHOW COLUMNS FROM `weixin_userinfo` [ RunTime:0.016001s ]
SQL: SELECT * FROM `weixin_userinfo` WHERE ( `del_flag` = 0 ) AND ( `from_username` = 'odOIPv9UcOs4N_jKX0JECOwADE7s' ) LIMIT 1   [ RunTime:0.000000s ]
SQL: SHOW COLUMNS FROM `device_consume_rec` [ RunTime:0.014001s ]
SQL: SELECT SUM(consume_account) AS tp_sum FROM `device_consume_rec` WHERE ( `command_status` = '2' ) AND ( `del_flag` = '0' ) AND ( `type` IN ('1','3','5','9','11','13','15','17','19') ) AND ( `transfer_status` = '0' ) AND ( `consume_status` IN ('1','2') ) AND ( `create_by` = 'kefuanmoyitest' ) LIMIT 1   [ RunTime:0.696040s ]
SQL: SELECT SUM(consume_account) AS tp_sum FROM `device_consume_rec` WHERE ( `command_status` = '2' ) AND ( `del_flag` = '0' ) AND ( `type` IN ('2','4','6','10','12','14','16','18') ) AND ( `transfer_status` = '0' ) AND ( `consume_status` IN ('1','2') ) AND ( `create_by` = 'kefuanmoyitest' ) LIMIT 1   [ RunTime:0.707040s ]
SQL: SHOW COLUMNS FROM `device_info` [ RunTime:0.010001s ]
SQL: SELECT sum(dw.LOC_OP) c from (SELECT * from (SELECT dr.* FROM `device_info` LEFT JOIN device_record
 dr on dr.dev_id=device_info.device_command WHERE ( device_info.del_flag = 0 )
 AND ( device_info.office_id = 'a721bdccfcb44571a48df2065950d05d' ) ORDER BY dr.LOC_OP desc)
 da GROUP BY da.dev_id ORDER BY da.LOC_OP desc) dw [ RunTime:3.863221s ]
SQL: SELECT * FROM `sys_user` WHERE ( `del_flag` = 0 ) AND ( `openid` = 'odOIPv9UcOs4N_jKX0JECOwADE7s' ) LIMIT 1   [ RunTime:0.022001s ]
SQL: UPDATE `sys_user` SET `totals`=161.5 WHERE ( `del_flag` = 0 ) AND ( `id` = 'kefuanmoyitest' ) [ RunTime:0.031002s ]
SQL: SELECT SUM(totals-consume) AS tp_sum FROM `sys_user` WHERE ( `del_flag` = 0 ) AND ( `openid` = 'odOIPv9UcOs4N_jKX0JECOwADE7s' ) LIMIT 1   [ RunTime:0.001000s ]
SQL: SHOW COLUMNS FROM `car_pay` [ RunTime:0.012000s ]
SQL: SELECT * FROM `car_pay` WHERE ( `create_by` = 'kefuanmoyitest' ) LIMIT 1   [ RunTime:0.000000s ]
INFO: [ view_template ] --START--
INFO: Run LocationTemplate Behavior [ RunTime:-6.477370s ]
INFO: [ view_template ] --END-- [ RunTime:0.003001s ]
INFO: [ view_parse ] --START--
NOTIC: [8] Undefined variable: openid D:\phpStudy\WWW\Rose\logs\Cache\Wap\e7df92f51d469124969cd9771311378b.php 第 16 行.
NOTIC: [8] Undefined variable: openid D:\phpStudy\WWW\Rose\logs\Cache\Wap\e7df92f51d469124969cd9771311378b.php 第 22 行.
NOTIC: [8] Undefined variable: openid D:\phpStudy\WWW\Rose\logs\Cache\Wap\e7df92f51d469124969cd9771311378b.php 第 28 行.
NOTIC: [8] Undefined variable: openid D:\phpStudy\WWW\Rose\logs\Cache\Wap\e7df92f51d469124969cd9771311378b.php 第 34 行.
NOTIC: [8] Undefined variable: openid D:\phpStudy\WWW\Rose\logs\Cache\Wap\e7df92f51d469124969cd9771311378b.php 第 45 行.
NOTIC: [8] Undefined variable: openid D:\phpStudy\WWW\Rose\logs\Cache\Wap\e7df92f51d469124969cd9771311378b.php 第 48 行.
NOTIC: [8] Undefined variable: openid D:\phpStudy\WWW\Rose\logs\Cache\Wap\e7df92f51d469124969cd9771311378b.php 第 49 行.
NOTIC: [8] Undefined variable: openid D:\phpStudy\WWW\Rose\logs\Cache\Wap\e7df92f51d469124969cd9771311378b.php 第 50 行.
NOTIC: [8] Undefined variable: openid D:\phpStudy\WWW\Rose\logs\Cache\Wap\e7df92f51d469124969cd9771311378b.php 第 51 行.
NOTIC: [8] Undefined variable: openid D:\phpStudy\WWW\Rose\logs\Cache\Wap\e7df92f51d469124969cd9771311378b.php 第 52 行.
NOTIC: [8] Undefined variable: openid D:\phpStudy\WWW\Rose\logs\Cache\Wap\e7df92f51d469124969cd9771311378b.php 第 54 行.
NOTIC: [8] Undefined variable: openid D:\phpStudy\WWW\Rose\logs\Cache\Wap\e7df92f51d469124969cd9771311378b.php 第 55 行.
NOTIC: [8] Undefined variable: openid D:\phpStudy\WWW\Rose\logs\Cache\Wap\e7df92f51d469124969cd9771311378b.php 第 62 行.
NOTIC: [8] Undefined variable: openid D:\phpStudy\WWW\Rose\logs\Cache\Wap\e7df92f51d469124969cd9771311378b.php 第 63 行.
NOTIC: [8] Undefined variable: openid D:\phpStudy\WWW\Rose\logs\Cache\Wap\e7df92f51d469124969cd9771311378b.php 第 64 行.
NOTIC: [8] Undefined variable: openid D:\phpStudy\WWW\Rose\logs\Cache\Wap\e7df92f51d469124969cd9771311378b.php 第 65 行.
INFO: Run ParseTemplate Behavior [ RunTime:-6.480371s ]
INFO: [ view_parse ] --END-- [ RunTime:0.020001s ]
INFO: [ view_filter ] --START--
INFO: Run ContentReplace Behavior [ RunTime:-6.500372s ]
INFO: Run TokenBuild Behavior [ RunTime:-6.501372s ]
INFO: Run WriteHtmlCache Behavior [ RunTime:-6.502372s ]
INFO: Run ShowRuntime Behavior [ RunTime:-6.503372s ]
INFO: [ view_filter ] --END-- [ RunTime:0.004000s ]
INFO: [ view_end ] --START--
INFO: Run ShowPageTrace Behavior [ RunTime:-6.504372s ]
INFO: [ view_end ] --END-- [ RunTime:0.001000s ]

[ 2018-03-26T10:14:04+08:00 ] ERR: (ThinkException) 模板不存在[./tpl/Wap/default/Rose2Login_login.html]
[ 2018-03-26T10:15:37+08:00 ] ERR: (ThinkException) 模板不存在[./tpl/Wap/default/Rose2Login_login.html]
[ 2018-03-26T10:15:47+08:00 ] 0.0.0.0 /Rose/index.php?g=Wap&m=Rose2Personal&a=index&openid=odOIPv9UcOs4N_jKX0JECOwADE7s
INFO: [ app_begin ] --START--
INFO: Run ReadHtmlCache Behavior [ RunTime:0.001000s ]
INFO: [ app_begin ] --END-- [ RunTime:0.001000s ]
NOTIC: [8] A session had already been started - ignoring session_start() D:\phpStudy\WWW\Rose\Lib\Action\Wap\Rose2BaseAction.class.php 第 2 行.
SQL: SHOW COLUMNS FROM `sys_user` [ RunTime:0.010000s ]
SQL: SELECT * FROM `sys_user` WHERE ( `del_flag` = 0 ) AND ( `openid` = 'odOIPv9UcOs4N_jKX0JECOwADE7s' ) AND ( `login_flag` = '0' ) LIMIT 1   [ RunTime:0.001000s ]
SQL: SELECT * FROM `sys_user` WHERE ( `del_flag` = 0 ) AND ( `openid` = 'odOIPv9UcOs4N_jKX0JECOwADE7s' ) LIMIT 1   [ RunTime:0.002000s ]
NOTIC: [8] Trying to get property of non-object D:\phpStudy\WWW\Rose\Core\Extend\Vendor\weixin\jssdk.php 第 75 行.
NOTIC: [8] Trying to get property of non-object D:\phpStudy\WWW\Rose\Core\Extend\Vendor\weixin\jssdk.php 第 53 行.
SQL: SHOW COLUMNS FROM `weixin_userinfo` [ RunTime:0.014001s ]
SQL: SELECT * FROM `weixin_userinfo` WHERE ( `del_flag` = 0 ) AND ( `from_username` = 'odOIPv9UcOs4N_jKX0JECOwADE7s' ) LIMIT 1   [ RunTime:0.014001s ]
SQL: SHOW COLUMNS FROM `device_consume_rec` [ RunTime:0.014000s ]
SQL: SELECT SUM(consume_account) AS tp_sum FROM `device_consume_rec` WHERE ( `command_status` = '2' ) AND ( `del_flag` = '0' ) AND ( `type` IN ('1','3','5','9','11','13','15','17','19') ) AND ( `transfer_status` = '0' ) AND ( `consume_status` IN ('1','2') ) AND ( `create_by` = 'kefuanmoyitest' ) LIMIT 1   [ RunTime:0.758044s ]
SQL: SELECT SUM(consume_account) AS tp_sum FROM `device_consume_rec` WHERE ( `command_status` = '2' ) AND ( `del_flag` = '0' ) AND ( `type` IN ('2','4','6','10','12','14','16','18') ) AND ( `transfer_status` = '0' ) AND ( `consume_status` IN ('1','2') ) AND ( `create_by` = 'kefuanmoyitest' ) LIMIT 1   [ RunTime:0.740042s ]
SQL: SHOW COLUMNS FROM `device_info` [ RunTime:0.011001s ]
SQL: SELECT sum(dw.LOC_OP) c from (SELECT * from (SELECT dr.* FROM `device_info` LEFT JOIN device_record
 dr on dr.dev_id=device_info.device_command WHERE ( device_info.del_flag = 0 )
 AND ( device_info.office_id = 'a721bdccfcb44571a48df2065950d05d' ) ORDER BY dr.LOC_OP desc)
 da GROUP BY da.dev_id ORDER BY da.LOC_OP desc) dw [ RunTime:3.891222s ]
SQL: SELECT * FROM `sys_user` WHERE ( `del_flag` = 0 ) AND ( `openid` = 'odOIPv9UcOs4N_jKX0JECOwADE7s' ) LIMIT 1   [ RunTime:0.010001s ]
SQL: UPDATE `sys_user` SET `totals`=161.5 WHERE ( `del_flag` = 0 ) AND ( `id` = 'kefuanmoyitest' ) [ RunTime:0.036002s ]
SQL: SELECT SUM(totals-consume) AS tp_sum FROM `sys_user` WHERE ( `del_flag` = 0 ) AND ( `openid` = 'odOIPv9UcOs4N_jKX0JECOwADE7s' ) LIMIT 1   [ RunTime:0.001000s ]
SQL: SHOW COLUMNS FROM `car_pay` [ RunTime:0.013001s ]
SQL: SELECT * FROM `car_pay` WHERE ( `create_by` = 'kefuanmoyitest' ) LIMIT 1   [ RunTime:0.000000s ]
INFO: [ view_template ] --START--
INFO: Run LocationTemplate Behavior [ RunTime:-6.674382s ]
INFO: [ view_template ] --END-- [ RunTime:0.005000s ]
INFO: [ view_parse ] --START--
NOTIC: [8] Undefined variable: openid D:\phpStudy\WWW\Rose\logs\Cache\Wap\e7df92f51d469124969cd9771311378b.php 第 16 行.
NOTIC: [8] Undefined variable: openid D:\phpStudy\WWW\Rose\logs\Cache\Wap\e7df92f51d469124969cd9771311378b.php 第 22 行.
NOTIC: [8] Undefined variable: openid D:\phpStudy\WWW\Rose\logs\Cache\Wap\e7df92f51d469124969cd9771311378b.php 第 28 行.
NOTIC: [8] Undefined variable: openid D:\phpStudy\WWW\Rose\logs\Cache\Wap\e7df92f51d469124969cd9771311378b.php 第 34 行.
NOTIC: [8] Undefined variable: openid D:\phpStudy\WWW\Rose\logs\Cache\Wap\e7df92f51d469124969cd9771311378b.php 第 45 行.
NOTIC: [8] Undefined variable: openid D:\phpStudy\WWW\Rose\logs\Cache\Wap\e7df92f51d469124969cd9771311378b.php 第 48 行.
NOTIC: [8] Undefined variable: openid D:\phpStudy\WWW\Rose\logs\Cache\Wap\e7df92f51d469124969cd9771311378b.php 第 49 行.
NOTIC: [8] Undefined variable: openid D:\phpStudy\WWW\Rose\logs\Cache\Wap\e7df92f51d469124969cd9771311378b.php 第 50 行.
NOTIC: [8] Undefined variable: openid D:\phpStudy\WWW\Rose\logs\Cache\Wap\e7df92f51d469124969cd9771311378b.php 第 51 行.
NOTIC: [8] Undefined variable: openid D:\phpStudy\WWW\Rose\logs\Cache\Wap\e7df92f51d469124969cd9771311378b.php 第 52 行.
NOTIC: [8] Undefined variable: openid D:\phpStudy\WWW\Rose\logs\Cache\Wap\e7df92f51d469124969cd9771311378b.php 第 54 行.
NOTIC: [8] Undefined variable: openid D:\phpStudy\WWW\Rose\logs\Cache\Wap\e7df92f51d469124969cd9771311378b.php 第 55 行.
NOTIC: [8] Undefined variable: openid D:\phpStudy\WWW\Rose\logs\Cache\Wap\e7df92f51d469124969cd9771311378b.php 第 62 行.
NOTIC: [8] Undefined variable: openid D:\phpStudy\WWW\Rose\logs\Cache\Wap\e7df92f51d469124969cd9771311378b.php 第 63 行.
NOTIC: [8] Undefined variable: openid D:\phpStudy\WWW\Rose\logs\Cache\Wap\e7df92f51d469124969cd9771311378b.php 第 64 行.
NOTIC: [8] Undefined variable: openid D:\phpStudy\WWW\Rose\logs\Cache\Wap\e7df92f51d469124969cd9771311378b.php 第 65 行.
INFO: Run ParseTemplate Behavior [ RunTime:-6.679382s ]
INFO: [ view_parse ] --END-- [ RunTime:0.032002s ]
INFO: [ view_filter ] --START--
INFO: Run ContentReplace Behavior [ RunTime:-6.711384s ]
INFO: Run TokenBuild Behavior [ RunTime:-6.712384s ]
INFO: Run WriteHtmlCache Behavior [ RunTime:-6.713384s ]
INFO: Run ShowRuntime Behavior [ RunTime:-6.713384s ]
INFO: [ view_filter ] --END-- [ RunTime:0.003000s ]
INFO: [ view_end ] --START--
INFO: Run ShowPageTrace Behavior [ RunTime:-6.714384s ]
INFO: [ view_end ] --END-- [ RunTime:0.001000s ]

[ 2018-03-26T10:15:49+08:00 ] ERR: (ThinkException) 模板不存在[./tpl/Wap/default/Rose2Login_login.html]
[ 2018-03-26T10:16:43+08:00 ] 0.0.0.0 /Rose/index.php?g=Wap&m=Rose2Personal&a=index&openid=odOIPv9UcOs4N_jKX0JECOwADE7s
INFO: [ app_begin ] --START--
INFO: Run ReadHtmlCache Behavior [ RunTime:0.002000s ]
INFO: [ app_begin ] --END-- [ RunTime:0.002000s ]
NOTIC: [8] A session had already been started - ignoring session_start() D:\phpStudy\WWW\Rose\Lib\Action\Wap\Rose2BaseAction.class.php 第 2 行.
SQL: SHOW COLUMNS FROM `sys_user` [ RunTime:0.016001s ]
SQL: SELECT * FROM `sys_user` WHERE ( `del_flag` = 0 ) AND ( `openid` = 'odOIPv9UcOs4N_jKX0JECOwADE7s' ) AND ( `login_flag` = '0' ) LIMIT 1   [ RunTime:0.001000s ]
SQL: SELECT * FROM `sys_user` WHERE ( `del_flag` = 0 ) AND ( `openid` = 'odOIPv9UcOs4N_jKX0JECOwADE7s' ) LIMIT 1   [ RunTime:0.002000s ]
NOTIC: [8] Trying to get property of non-object D:\phpStudy\WWW\Rose\Core\Extend\Vendor\weixin\jssdk.php 第 75 行.
NOTIC: [8] Trying to get property of non-object D:\phpStudy\WWW\Rose\Core\Extend\Vendor\weixin\jssdk.php 第 53 行.
SQL: SHOW COLUMNS FROM `weixin_userinfo` [ RunTime:0.014001s ]
SQL: SELECT * FROM `weixin_userinfo` WHERE ( `del_flag` = 0 ) AND ( `from_username` = 'odOIPv9UcOs4N_jKX0JECOwADE7s' ) LIMIT 1   [ RunTime:0.019001s ]
SQL: SHOW COLUMNS FROM `device_consume_rec` [ RunTime:0.016001s ]
SQL: SELECT SUM(consume_account) AS tp_sum FROM `device_consume_rec` WHERE ( `command_status` = '2' ) AND ( `del_flag` = '0' ) AND ( `type` IN ('1','3','5','9','11','13','15','17','19') ) AND ( `transfer_status` = '0' ) AND ( `consume_status` IN ('1','2') ) AND ( `create_by` = 'kefuanmoyitest' ) LIMIT 1   [ RunTime:0.664038s ]
SQL: SELECT SUM(consume_account) AS tp_sum FROM `device_consume_rec` WHERE ( `command_status` = '2' ) AND ( `del_flag` = '0' ) AND ( `type` IN ('2','4','6','10','12','14','16','18') ) AND ( `transfer_status` = '0' ) AND ( `consume_status` IN ('1','2') ) AND ( `create_by` = 'kefuanmoyitest' ) LIMIT 1   [ RunTime:0.974055s ]
SQL: SHOW COLUMNS FROM `device_info` [ RunTime:0.010001s ]
SQL: SELECT sum(dw.LOC_OP) c from (SELECT * from (SELECT dr.* FROM `device_info` LEFT JOIN device_record
 dr on dr.dev_id=device_info.device_command WHERE ( device_info.del_flag = 0 )
 AND ( device_info.office_id = 'a721bdccfcb44571a48df2065950d05d' ) ORDER BY dr.LOC_OP desc)
 da GROUP BY da.dev_id ORDER BY da.LOC_OP desc) dw [ RunTime:3.976227s ]
SQL: SELECT * FROM `sys_user` WHERE ( `del_flag` = 0 ) AND ( `openid` = 'odOIPv9UcOs4N_jKX0JECOwADE7s' ) LIMIT 1   [ RunTime:0.017001s ]
SQL: UPDATE `sys_user` SET `totals`=161.5 WHERE ( `del_flag` = 0 ) AND ( `id` = 'kefuanmoyitest' ) [ RunTime:0.036002s ]
SQL: SELECT SUM(totals-consume) AS tp_sum FROM `sys_user` WHERE ( `del_flag` = 0 ) AND ( `openid` = 'odOIPv9UcOs4N_jKX0JECOwADE7s' ) LIMIT 1   [ RunTime:0.000000s ]
SQL: SHOW COLUMNS FROM `car_pay` [ RunTime:0.014000s ]
SQL: SELECT * FROM `car_pay` WHERE ( `create_by` = 'kefuanmoyitest' ) LIMIT 1   [ RunTime:0.000000s ]
INFO: [ view_template ] --START--
INFO: Run LocationTemplate Behavior [ RunTime:-6.876393s ]
INFO: [ view_template ] --END-- [ RunTime:0.003001s ]
INFO: [ view_parse ] --START--
NOTIC: [8] Undefined variable: openid D:\phpStudy\WWW\Rose\logs\Cache\Wap\e7df92f51d469124969cd9771311378b.php 第 16 行.
NOTIC: [8] Undefined variable: openid D:\phpStudy\WWW\Rose\logs\Cache\Wap\e7df92f51d469124969cd9771311378b.php 第 22 行.
NOTIC: [8] Undefined variable: openid D:\phpStudy\WWW\Rose\logs\Cache\Wap\e7df92f51d469124969cd9771311378b.php 第 28 行.
NOTIC: [8] Undefined variable: openid D:\phpStudy\WWW\Rose\logs\Cache\Wap\e7df92f51d469124969cd9771311378b.php 第 34 行.
NOTIC: [8] Undefined variable: openid D:\phpStudy\WWW\Rose\logs\Cache\Wap\e7df92f51d469124969cd9771311378b.php 第 45 行.
NOTIC: [8] Undefined variable: openid D:\phpStudy\WWW\Rose\logs\Cache\Wap\e7df92f51d469124969cd9771311378b.php 第 48 行.
NOTIC: [8] Undefined variable: openid D:\phpStudy\WWW\Rose\logs\Cache\Wap\e7df92f51d469124969cd9771311378b.php 第 49 行.
NOTIC: [8] Undefined variable: openid D:\phpStudy\WWW\Rose\logs\Cache\Wap\e7df92f51d469124969cd9771311378b.php 第 50 行.
NOTIC: [8] Undefined variable: openid D:\phpStudy\WWW\Rose\logs\Cache\Wap\e7df92f51d469124969cd9771311378b.php 第 51 行.
NOTIC: [8] Undefined variable: openid D:\phpStudy\WWW\Rose\logs\Cache\Wap\e7df92f51d469124969cd9771311378b.php 第 52 行.
NOTIC: [8] Undefined variable: openid D:\phpStudy\WWW\Rose\logs\Cache\Wap\e7df92f51d469124969cd9771311378b.php 第 54 行.
NOTIC: [8] Undefined variable: openid D:\phpStudy\WWW\Rose\logs\Cache\Wap\e7df92f51d469124969cd9771311378b.php 第 55 行.
NOTIC: [8] Undefined variable: openid D:\phpStudy\WWW\Rose\logs\Cache\Wap\e7df92f51d469124969cd9771311378b.php 第 62 行.
NOTIC: [8] Undefined variable: openid D:\phpStudy\WWW\Rose\logs\Cache\Wap\e7df92f51d469124969cd9771311378b.php 第 63 行.
NOTIC: [8] Undefined variable: openid D:\phpStudy\WWW\Rose\logs\Cache\Wap\e7df92f51d469124969cd9771311378b.php 第 64 行.
NOTIC: [8] Undefined variable: openid D:\phpStudy\WWW\Rose\logs\Cache\Wap\e7df92f51d469124969cd9771311378b.php 第 65 行.
INFO: Run ParseTemplate Behavior [ RunTime:-6.879394s ]
INFO: [ view_parse ] --END-- [ RunTime:0.025001s ]
INFO: [ view_filter ] --START--
INFO: Run ContentReplace Behavior [ RunTime:-6.904395s ]
INFO: Run TokenBuild Behavior [ RunTime:-6.905395s ]
INFO: Run WriteHtmlCache Behavior [ RunTime:-6.907395s ]
INFO: Run ShowRuntime Behavior [ RunTime:-6.908395s ]
INFO: [ view_filter ] --END-- [ RunTime:0.006000s ]
INFO: [ view_end ] --START--
INFO: Run ShowPageTrace Behavior [ RunTime:-6.910395s ]
INFO: [ view_end ] --END-- [ RunTime:0.002001s ]

[ 2018-03-26T10:18:29+08:00 ] 0.0.0.0 /Rose/index.php?g=Wap&m=CarWallet&a=index&user_id=kefuanmoyitest
INFO: [ app_begin ] --START--
INFO: Run ReadHtmlCache Behavior [ RunTime:0.001000s ]
INFO: [ app_begin ] --END-- [ RunTime:0.001000s ]
NOTIC: [8] A session had already been started - ignoring session_start() D:\phpStudy\WWW\Rose\Lib\Action\Wap\CarBaseAction.class.php 第 2 行.
SQL: SHOW COLUMNS FROM `sys_user` [ RunTime:0.015000s ]
SQL: SELECT * FROM `sys_user` WHERE ( `del_flag` = 0 ) AND ( `id` = 'kefuanmoyitest' ) AND ( `login_flag` = '0' ) LIMIT 1   [ RunTime:0.002001s ]
SQL: SELECT * FROM `sys_user` WHERE ( `del_flag` = 0 ) AND ( `id` = 'kefuanmoyitest' ) LIMIT 1   [ RunTime:0.001000s ]
SQL: SHOW COLUMNS FROM `car_pay` [ RunTime:0.011000s ]
SQL: SELECT SUM(account) AS tp_sum FROM `car_pay` WHERE ( `status` = '1' ) AND ( `create_by` = 'kefuanmoyitest' ) LIMIT 1   [ RunTime:0.000000s ]
SQL: SHOW COLUMNS FROM `car_user` [ RunTime:0.041003s ]
SQL: SELECT * FROM `car_user` WHERE ( `user_id` = 'kefuanmoyitest' ) LIMIT 1   [ RunTime:0.000000s ]
SQL: UPDATE `car_user` SET `totals`='5' WHERE ( `user_id` = 'kefuanmoyitest' ) [ RunTime:0.000000s ]
INFO: [ view_template ] --START--
INFO: Run LocationTemplate Behavior [ RunTime:-1.104063s ]
INFO: [ view_template ] --END-- [ RunTime:0.002000s ]
INFO: [ view_parse ] --START--
INFO: Run ParseTemplate Behavior [ RunTime:-1.106063s ]
INFO: [ view_parse ] --END-- [ RunTime:0.033002s ]
INFO: [ view_filter ] --START--
INFO: Run ContentReplace Behavior [ RunTime:-1.139065s ]
INFO: Run TokenBuild Behavior [ RunTime:-1.140065s ]
INFO: Run WriteHtmlCache Behavior [ RunTime:-1.141065s ]
INFO: Run ShowRuntime Behavior [ RunTime:-1.141065s ]
INFO: [ view_filter ] --END-- [ RunTime:0.003000s ]
INFO: [ view_end ] --START--
INFO: Run ShowPageTrace Behavior [ RunTime:-1.152065s ]
INFO: [ view_end ] --END-- [ RunTime:0.001001s ]

[ 2018-03-26T10:19:41+08:00 ] 0.0.0.0 /Rose/index.php?g=Wap&m=CarWallet&a=tixian_money
INFO: [ app_begin ] --START--
INFO: Run ReadHtmlCache Behavior [ RunTime:0.002000s ]
INFO: [ app_begin ] --END-- [ RunTime:0.002000s ]
NOTIC: [8] A session had already been started - ignoring session_start() D:\phpStudy\WWW\Rose\Lib\Action\Wap\CarBaseAction.class.php 第 2 行.
SQL: SHOW COLUMNS FROM `sys_user` [ RunTime:0.016001s ]
SQL: SELECT * FROM `sys_user` WHERE ( `del_flag` = 0 ) AND ( `id` = 'kefuanmoyitest' ) AND ( `login_flag` = '0' ) LIMIT 1   [ RunTime:0.024001s ]
SQL: SELECT * FROM `sys_user` WHERE ( `del_flag` = 0 ) AND ( `id` = 'kefuanmoyitest' ) LIMIT 1   [ RunTime:0.001000s ]
NOTIC: [8] Undefined index: SHORT_MESSAGE D:\phpStudy\WWW\Rose\Lib\Action\Wap\CarWalletAction.class.php 第 53 行.
NOTIC: [8] Undefined index: login_time D:\phpStudy\WWW\Rose\Lib\Action\Wap\CarWalletAction.class.php 第 54 行.
SQL: SHOW COLUMNS FROM `weixin_enterprise_payment` [ RunTime:0.016001s ]
SQL: SELECT COUNT(*) AS tp_count FROM `weixin_enterprise_payment` WHERE ( `create_date` >= '2018-03-26 00:00:00' ) AND ( `status` = '1' ) AND ( `openid` = 'kefuanmoyitest' ) LIMIT 1   [ RunTime:0.003001s ]
SQL: SELECT SUM(amount) AS tp_sum FROM `weixin_enterprise_payment` WHERE ( `create_date` >= '2018-03-26 00:00:00' ) AND ( `status` = '1' ) AND ( `openid` = 'kefuanmoyitest' ) LIMIT 1   [ RunTime:0.003000s ]
SQL: SHOW COLUMNS FROM `car_user` [ RunTime:0.012000s ]
SQL: SELECT SUM(totals-consume) AS tp_sum FROM `car_user` WHERE ( `openid` = 'oe0IduIKY2XjstuYAA1kOjkU7I08' ) LIMIT 1   [ RunTime:0.001001s ]
SQL: SELECT * FROM `sys_user` WHERE ( `del_flag` = 0 ) AND ( `id` = 'kefuanmoyitest' ) LIMIT 1   [ RunTime:0.000000s ]
SQL: INSERT INTO `weixin_enterprise_payment` (`id`,`appid`,`mchid`,`partner_trade_no`,`status`,`openid`,`check_name`,`amount`,`arrival`,`descs`,`spbill_create_ip`,`create_date`) VALUES ('b86c45b68fa97139926be18af6540b7c','car','1428126202','H326307815498089',0,'oe0IduIKY2XjstuYAA1kOjkU7I08','NO_CHECK','2','2','玫瑰物联oe0IduIKY2XjstuYAA1kOjkU7I08电话号码:13616085818姓名：xiexiaojie','::1','2018-03-26 10:19:41') [ RunTime:0.031001s ]
SQL: SELECT SUM(totals-consume) AS tp_sum FROM `car_user` WHERE ( `openid` = 'oe0IduIKY2XjstuYAA1kOjkU7I08' ) LIMIT 1   [ RunTime:0.001000s ]

[ 2018-03-26T10:20:15+08:00 ] 0.0.0.0 /Rose/index.php?g=Wap&m=CarWallet&a=index&user_id=kefuanmoyitest
INFO: [ app_begin ] --START--
INFO: Run ReadHtmlCache Behavior [ RunTime:0.001000s ]
INFO: [ app_begin ] --END-- [ RunTime:0.001000s ]
NOTIC: [8] A session had already been started - ignoring session_start() D:\phpStudy\WWW\Rose\Lib\Action\Wap\CarBaseAction.class.php 第 2 行.
SQL: SHOW COLUMNS FROM `sys_user` [ RunTime:0.010000s ]
SQL: SELECT * FROM `sys_user` WHERE ( `del_flag` = 0 ) AND ( `id` = 'kefuanmoyitest' ) AND ( `login_flag` = '0' ) LIMIT 1   [ RunTime:0.001000s ]
SQL: SELECT * FROM `sys_user` WHERE ( `del_flag` = 0 ) AND ( `id` = 'kefuanmoyitest' ) LIMIT 1   [ RunTime:0.001000s ]
SQL: SHOW COLUMNS FROM `car_pay` [ RunTime:0.012001s ]
SQL: SELECT SUM(account) AS tp_sum FROM `car_pay` WHERE ( `status` = '1' ) AND ( `create_by` = 'kefuanmoyitest' ) LIMIT 1   [ RunTime:0.001000s ]
SQL: SHOW COLUMNS FROM `car_user` [ RunTime:0.013001s ]
SQL: SELECT * FROM `car_user` WHERE ( `user_id` = 'kefuanmoyitest' ) LIMIT 1   [ RunTime:0.000000s ]
SQL: UPDATE `car_user` SET `totals`='5' WHERE ( `user_id` = 'kefuanmoyitest' ) [ RunTime:0.001000s ]
INFO: [ view_template ] --START--
INFO: Run LocationTemplate Behavior [ RunTime:-1.067061s ]
INFO: [ view_template ] --END-- [ RunTime:0.002000s ]
INFO: [ view_parse ] --START--
INFO: Run ParseTemplate Behavior [ RunTime:-1.069061s ]
INFO: [ view_parse ] --END-- [ RunTime:0.013001s ]
INFO: [ view_filter ] --START--
INFO: Run ContentReplace Behavior [ RunTime:-1.082062s ]
INFO: Run TokenBuild Behavior [ RunTime:-1.083062s ]
INFO: Run WriteHtmlCache Behavior [ RunTime:-1.084062s ]
INFO: Run ShowRuntime Behavior [ RunTime:-1.085062s ]
INFO: [ view_filter ] --END-- [ RunTime:0.004000s ]
INFO: [ view_end ] --START--
INFO: Run ShowPageTrace Behavior [ RunTime:-1.099063s ]
INFO: [ view_end ] --END-- [ RunTime:0.001000s ]

[ 2018-03-26T10:20:55+08:00 ] 0.0.0.0 /Rose/index.php?g=Wap&m=CarWallet&a=index&user_id=kefuanmoyitest
INFO: [ app_begin ] --START--
INFO: Run ReadHtmlCache Behavior [ RunTime:0.003000s ]
INFO: [ app_begin ] --END-- [ RunTime:0.003000s ]
NOTIC: [8] A session had already been started - ignoring session_start() D:\phpStudy\WWW\Rose\Lib\Action\Wap\CarBaseAction.class.php 第 2 行.
SQL: SHOW COLUMNS FROM `sys_user` [ RunTime:0.017001s ]
SQL: SELECT * FROM `sys_user` WHERE ( `del_flag` = 0 ) AND ( `id` = 'kefuanmoyitest' ) AND ( `login_flag` = '0' ) LIMIT 1   [ RunTime:0.001000s ]
SQL: SELECT * FROM `sys_user` WHERE ( `del_flag` = 0 ) AND ( `id` = 'kefuanmoyitest' ) LIMIT 1   [ RunTime:0.000000s ]
SQL: SHOW COLUMNS FROM `car_pay` [ RunTime:0.012001s ]
SQL: SELECT SUM(account) AS tp_sum FROM `car_pay` WHERE ( `status` = '1' ) AND ( `create_by` = 'kefuanmoyitest' ) LIMIT 1   [ RunTime:0.001000s ]
SQL: SHOW COLUMNS FROM `car_user` [ RunTime:0.012000s ]
SQL: SELECT * FROM `car_user` WHERE ( `user_id` = 'kefuanmoyitest' ) LIMIT 1   [ RunTime:0.000000s ]
SQL: UPDATE `car_user` SET `totals`='5' WHERE ( `user_id` = 'kefuanmoyitest' ) [ RunTime:0.000000s ]
INFO: [ view_template ] --START--
INFO: Run LocationTemplate Behavior [ RunTime:-1.082062s ]
INFO: [ view_template ] --END-- [ RunTime:0.002000s ]
INFO: [ view_parse ] --START--
INFO: Run ParseTemplate Behavior [ RunTime:-1.084062s ]
INFO: [ view_parse ] --END-- [ RunTime:0.013001s ]
INFO: [ view_filter ] --START--
INFO: Run ContentReplace Behavior [ RunTime:-1.097063s ]
INFO: Run TokenBuild Behavior [ RunTime:-1.098063s ]
INFO: Run WriteHtmlCache Behavior [ RunTime:-1.099063s ]
INFO: Run ShowRuntime Behavior [ RunTime:-1.100063s ]
INFO: [ view_filter ] --END-- [ RunTime:0.003000s ]
INFO: [ view_end ] --START--
INFO: Run ShowPageTrace Behavior [ RunTime:-1.101063s ]
INFO: [ view_end ] --END-- [ RunTime:0.001001s ]

[ 2018-03-26T10:21:41+08:00 ] 0.0.0.0 /Rose/index.php?g=Wap&m=CarWallet&a=index&user_id=kefuanmoyitest
INFO: [ app_begin ] --START--
INFO: Run ReadHtmlCache Behavior [ RunTime:0.001000s ]
INFO: [ app_begin ] --END-- [ RunTime:0.001000s ]
NOTIC: [8] A session had already been started - ignoring session_start() D:\phpStudy\WWW\Rose\Lib\Action\Wap\CarBaseAction.class.php 第 2 行.
SQL: SHOW COLUMNS FROM `sys_user` [ RunTime:0.017001s ]
SQL: SELECT * FROM `sys_user` WHERE ( `del_flag` = 0 ) AND ( `id` = 'kefuanmoyitest' ) AND ( `login_flag` = '0' ) LIMIT 1   [ RunTime:0.001000s ]
SQL: SELECT * FROM `sys_user` WHERE ( `del_flag` = 0 ) AND ( `id` = 'kefuanmoyitest' ) LIMIT 1   [ RunTime:0.001000s ]
SQL: SHOW COLUMNS FROM `car_pay` [ RunTime:0.014001s ]
SQL: SELECT SUM(account) AS tp_sum FROM `car_pay` WHERE ( `status` = '1' ) AND ( `create_by` = 'kefuanmoyitest' ) LIMIT 1   [ RunTime:0.001000s ]
SQL: SHOW COLUMNS FROM `car_user` [ RunTime:0.010000s ]
SQL: SELECT * FROM `car_user` WHERE ( `user_id` = 'kefuanmoyitest' ) LIMIT 1   [ RunTime:0.001000s ]
SQL: UPDATE `car_user` SET `totals`='5' WHERE ( `user_id` = 'kefuanmoyitest' ) [ RunTime:0.000000s ]
INFO: [ view_template ] --START--
INFO: Run LocationTemplate Behavior [ RunTime:-1.087062s ]
INFO: [ view_template ] --END-- [ RunTime:0.003000s ]
INFO: [ view_parse ] --START--
INFO: Run ParseTemplate Behavior [ RunTime:-1.090062s ]
INFO: [ view_parse ] --END-- [ RunTime:0.013001s ]
INFO: [ view_filter ] --START--
INFO: Run ContentReplace Behavior [ RunTime:-1.103063s ]
INFO: Run TokenBuild Behavior [ RunTime:-1.105063s ]
INFO: Run WriteHtmlCache Behavior [ RunTime:-1.106063s ]
INFO: Run ShowRuntime Behavior [ RunTime:-1.107063s ]
INFO: [ view_filter ] --END-- [ RunTime:0.005000s ]
INFO: [ view_end ] --START--
INFO: Run ShowPageTrace Behavior [ RunTime:-1.108063s ]
INFO: [ view_end ] --END-- [ RunTime:0.001000s ]

[ 2018-03-26T10:23:26+08:00 ] 0.0.0.0 /Rose/index.php?g=Wap&m=CarWallet&a=index&user_id=kefuanmoyitest
INFO: [ app_begin ] --START--
INFO: Run ReadHtmlCache Behavior [ RunTime:0.002000s ]
INFO: [ app_begin ] --END-- [ RunTime:0.002000s ]
NOTIC: [8] A session had already been started - ignoring session_start() D:\phpStudy\WWW\Rose\Lib\Action\Wap\CarBaseAction.class.php 第 2 行.
SQL: SHOW COLUMNS FROM `sys_user` [ RunTime:0.016000s ]
SQL: SELECT * FROM `sys_user` WHERE ( `del_flag` = 0 ) AND ( `id` = 'kefuanmoyitest' ) AND ( `login_flag` = '0' ) LIMIT 1   [ RunTime:0.001000s ]
SQL: SELECT * FROM `sys_user` WHERE ( `del_flag` = 0 ) AND ( `id` = 'kefuanmoyitest' ) LIMIT 1   [ RunTime:0.001000s ]
SQL: SHOW COLUMNS FROM `car_pay` [ RunTime:0.013000s ]
SQL: SELECT SUM(account) AS tp_sum FROM `car_pay` WHERE ( `status` = '1' ) AND ( `create_by` = 'kefuanmoyitest' ) LIMIT 1   [ RunTime:0.000000s ]
SQL: SHOW COLUMNS FROM `car_user` [ RunTime:0.009000s ]
SQL: SELECT * FROM `car_user` WHERE ( `user_id` = 'kefuanmoyitest' ) LIMIT 1   [ RunTime:0.000000s ]
SQL: UPDATE `car_user` SET `totals`='5' WHERE ( `user_id` = 'kefuanmoyitest' ) [ RunTime:0.001000s ]
INFO: [ view_template ] --START--
INFO: Run LocationTemplate Behavior [ RunTime:-1.086062s ]
INFO: [ view_template ] --END-- [ RunTime:0.001000s ]
INFO: [ view_parse ] --START--
INFO: Run ParseTemplate Behavior [ RunTime:-1.087062s ]
INFO: [ view_parse ] --END-- [ RunTime:0.014001s ]
INFO: [ view_filter ] --START--
INFO: Run ContentReplace Behavior [ RunTime:-1.101063s ]
INFO: Run TokenBuild Behavior [ RunTime:-1.102063s ]
INFO: Run WriteHtmlCache Behavior [ RunTime:-1.103063s ]
INFO: Run ShowRuntime Behavior [ RunTime:-1.104063s ]
INFO: [ view_filter ] --END-- [ RunTime:0.004000s ]
INFO: [ view_end ] --START--
INFO: Run ShowPageTrace Behavior [ RunTime:-1.105063s ]
INFO: [ view_end ] --END-- [ RunTime:0.001000s ]

[ 2018-03-26T10:27:12+08:00 ] 0.0.0.0 /Rose/index.php?g=Wap&m=CarWallet&a=index&user_id=kefuanmoyitest
INFO: [ app_begin ] --START--
INFO: Run ReadHtmlCache Behavior [ RunTime:0.001001s ]
INFO: [ app_begin ] --END-- [ RunTime:0.001001s ]
NOTIC: [8] A session had already been started - ignoring session_start() D:\phpStudy\WWW\Rose\Lib\Action\Wap\CarBaseAction.class.php 第 2 行.
SQL: SHOW COLUMNS FROM `sys_user` [ RunTime:0.014001s ]
SQL: SELECT * FROM `sys_user` WHERE ( `del_flag` = 0 ) AND ( `id` = 'kefuanmoyitest' ) AND ( `login_flag` = '0' ) LIMIT 1   [ RunTime:0.001000s ]
SQL: SELECT * FROM `sys_user` WHERE ( `del_flag` = 0 ) AND ( `id` = 'kefuanmoyitest' ) LIMIT 1   [ RunTime:0.001000s ]
SQL: SHOW COLUMNS FROM `car_pay` [ RunTime:0.011001s ]
SQL: SELECT SUM(account) AS tp_sum FROM `car_pay` WHERE ( `status` = '1' ) AND ( `create_by` = 'kefuanmoyitest' ) LIMIT 1   [ RunTime:0.000000s ]
SQL: SHOW COLUMNS FROM `car_user` [ RunTime:0.009000s ]
SQL: SELECT * FROM `car_user` WHERE ( `user_id` = 'kefuanmoyitest' ) LIMIT 1   [ RunTime:0.000000s ]
SQL: UPDATE `car_user` SET `totals`='5' WHERE ( `user_id` = 'kefuanmoyitest' ) [ RunTime:0.000000s ]
INFO: [ view_template ] --START--
INFO: Run LocationTemplate Behavior [ RunTime:-1.081061s ]
INFO: [ view_template ] --END-- [ RunTime:0.002000s ]
INFO: [ view_parse ] --START--
INFO: Run ParseTemplate Behavior [ RunTime:-1.083061s ]
INFO: [ view_parse ] --END-- [ RunTime:0.013001s ]
INFO: [ view_filter ] --START--
INFO: Run ContentReplace Behavior [ RunTime:-1.096062s ]
INFO: Run TokenBuild Behavior [ RunTime:-1.097062s ]
INFO: Run WriteHtmlCache Behavior [ RunTime:-1.098062s ]
INFO: Run ShowRuntime Behavior [ RunTime:-1.099062s ]
INFO: [ view_filter ] --END-- [ RunTime:0.004000s ]
INFO: [ view_end ] --START--
INFO: Run ShowPageTrace Behavior [ RunTime:-1.100062s ]
INFO: [ view_end ] --END-- [ RunTime:0.001001s ]

[ 2018-03-26T10:31:54+08:00 ] 0.0.0.0 /Rose/index.php?g=Wap&m=CarWallet&a=index&user_id=kefuanmoyitest
INFO: [ app_begin ] --START--
INFO: Run ReadHtmlCache Behavior [ RunTime:0.001000s ]
INFO: [ app_begin ] --END-- [ RunTime:0.001000s ]
NOTIC: [8] A session had already been started - ignoring session_start() D:\phpStudy\WWW\Rose\Lib\Action\Wap\CarBaseAction.class.php 第 2 行.
SQL: SHOW COLUMNS FROM `sys_user` [ RunTime:0.017001s ]
SQL: SELECT * FROM `sys_user` WHERE ( `del_flag` = 0 ) AND ( `id` = 'kefuanmoyitest' ) AND ( `login_flag` = '0' ) LIMIT 1   [ RunTime:0.000000s ]
SQL: SELECT * FROM `sys_user` WHERE ( `del_flag` = 0 ) AND ( `id` = 'kefuanmoyitest' ) LIMIT 1   [ RunTime:0.000000s ]
SQL: SHOW COLUMNS FROM `car_pay` [ RunTime:0.015000s ]
SQL: SELECT SUM(account) AS tp_sum FROM `car_pay` WHERE ( `status` = '1' ) AND ( `create_by` = 'kefuanmoyitest' ) LIMIT 1   [ RunTime:0.001001s ]
SQL: SHOW COLUMNS FROM `car_user` [ RunTime:0.014000s ]
SQL: SELECT * FROM `car_user` WHERE ( `user_id` = 'kefuanmoyitest' ) LIMIT 1   [ RunTime:0.000000s ]
SQL: UPDATE `car_user` SET `totals`='5' WHERE ( `user_id` = 'kefuanmoyitest' ) [ RunTime:0.000000s ]
INFO: [ view_template ] --START--
INFO: Run LocationTemplate Behavior [ RunTime:-1.078061s ]
INFO: [ view_template ] --END-- [ RunTime:0.002001s ]
INFO: [ view_parse ] --START--
INFO: Run ParseTemplate Behavior [ RunTime:-1.080062s ]
INFO: [ view_parse ] --END-- [ RunTime:0.013000s ]
INFO: [ view_filter ] --START--
INFO: Run ContentReplace Behavior [ RunTime:-1.093062s ]
INFO: Run TokenBuild Behavior [ RunTime:-1.094062s ]
INFO: Run WriteHtmlCache Behavior [ RunTime:-1.095062s ]
INFO: Run ShowRuntime Behavior [ RunTime:-1.096062s ]
INFO: [ view_filter ] --END-- [ RunTime:0.004000s ]
INFO: [ view_end ] --START--
INFO: Run ShowPageTrace Behavior [ RunTime:-1.097062s ]
INFO: [ view_end ] --END-- [ RunTime:0.001001s ]

[ 2018-03-26T17:38:03+08:00 ] 0.0.0.0 /Rose/index.php?g=Wap&m=Car_Wash_Pay&a=news&scan_code=ZHGZPY00166&openid=odOIPv9UcOs4N_jKX0JECOwADE7s
INFO: [ app_begin ] --START--
INFO: Run ReadHtmlCache Behavior [ RunTime:0.029002s ]
INFO: [ app_begin ] --END-- [ RunTime:0.052003s ]
SQL: SHOW COLUMNS FROM `device_info` [ RunTime:0.252015s ]
SQL: SELECT * FROM `device_info` WHERE ( `scan_code` = 'ZHGZPY00166' ) AND ( `device_status` = 1 ) AND ( `del_flag` = 0 ) LIMIT 1   [ RunTime:0.185011s ]
SQL: SHOW COLUMNS FROM `device_relation_group` [ RunTime:0.040002s ]
SQL: SELECT * FROM `device_relation_group` WHERE ( `di_id` = '2016123010_2FC2C4F29CAF97922A3F9D3F290D02F1' ) AND ( `del_flag` = 0 ) AND ( `device_type` = 7 ) LIMIT 1   [ RunTime:0.011001s ]
NOTIC: [8] Undefined variable: car_member D:\phpStudy\WWW\Rose\Lib\Action\Wap\Car_Wash_PayAction.class.php 第 75 行.
SQL: SHOW COLUMNS FROM `sys_user` [ RunTime:0.064003s ]
SQL: SELECT su.phone,su.title FROM sys_user su LEFT JOIN device_info di on di.owner_id=su.id WHERE ( di.scan_code = 'ZHGZPY00166' ) AND ( di.del_flag = 0 ) AND ( su.del_flag = 0 ) LIMIT 1   [ RunTime:0.056004s ]
INFO: [ view_template ] --START--
INFO: Run LocationTemplate Behavior [ RunTime:-3.893223s ]
INFO: [ view_template ] --END-- [ RunTime:0.011000s ]
INFO: [ view_parse ] --START--
NOTIC: [8] Undefined variable: openid D:\phpStudy\WWW\Rose\logs\Cache\Wap\120b268aac98074ef532a57af49d6a39.php 第 181 行.
NOTIC: [8] Undefined variable: buyer_id D:\phpStudy\WWW\Rose\logs\Cache\Wap\120b268aac98074ef532a57af49d6a39.php 第 183 行.
INFO: Run ParseTemplate Behavior [ RunTime:-3.904223s ]
INFO: [ view_parse ] --END-- [ RunTime:0.137008s ]
INFO: [ view_filter ] --START--
INFO: Run ContentReplace Behavior [ RunTime:-4.041231s ]
INFO: Run TokenBuild Behavior [ RunTime:-4.043231s ]
INFO: Run WriteHtmlCache Behavior [ RunTime:-4.044231s ]
INFO: Run ShowRuntime Behavior [ RunTime:-4.046231s ]
INFO: [ view_filter ] --END-- [ RunTime:0.006000s ]
INFO: [ view_end ] --START--
INFO: Run ShowPageTrace Behavior [ RunTime:-4.054232s ]
INFO: [ view_end ] --END-- [ RunTime:0.002000s ]

[ 2018-03-26T18:35:56+08:00 ] 0.0.0.0 /Rose/index.php?g=Wap&m=Car_Wash_Pay&a=news&scan_code=ZHGZPY00166&openid=odOIPv9UcOs4N_jKX0JECOwADE7s
INFO: [ app_begin ] --START--
INFO: Run ReadHtmlCache Behavior [ RunTime:0.005001s ]
INFO: [ app_begin ] --END-- [ RunTime:0.005001s ]
SQL: SHOW COLUMNS FROM `device_info` [ RunTime:0.056003s ]
SQL: SELECT * FROM `device_info` WHERE ( `scan_code` = 'ZHGZPY00166' ) AND ( `device_status` = 1 ) AND ( `del_flag` = 0 ) LIMIT 1   [ RunTime:0.007001s ]
SQL: SHOW COLUMNS FROM `device_relation_group` [ RunTime:0.035002s ]
SQL: SELECT * FROM `device_relation_group` WHERE ( `di_id` = '2016123010_2FC2C4F29CAF97922A3F9D3F290D02F1' ) AND ( `del_flag` = 0 ) AND ( `device_type` = 7 ) LIMIT 1   [ RunTime:0.001000s ]
NOTIC: [8] Undefined variable: car_member D:\phpStudy\WWW\Rose\Lib\Action\Wap\Car_Wash_PayAction.class.php 第 75 行.
SQL: SHOW COLUMNS FROM `sys_user` [ RunTime:0.035002s ]
SQL: SELECT su.phone,su.title FROM sys_user su LEFT JOIN device_info di on di.owner_id=su.id WHERE ( di.scan_code = 'ZHGZPY00166' ) AND ( di.del_flag = 0 ) AND ( su.del_flag = 0 ) LIMIT 1   [ RunTime:0.001000s ]
INFO: [ view_template ] --START--
INFO: Run LocationTemplate Behavior [ RunTime:-2.088119s ]
INFO: [ view_template ] --END-- [ RunTime:0.011001s ]
INFO: [ view_parse ] --START--
NOTIC: [8] Undefined variable: openid D:\phpStudy\WWW\Rose\logs\Cache\Wap\120b268aac98074ef532a57af49d6a39.php 第 182 行.
NOTIC: [8] Undefined variable: buyer_id D:\phpStudy\WWW\Rose\logs\Cache\Wap\120b268aac98074ef532a57af49d6a39.php 第 184 行.
INFO: Run ParseTemplate Behavior [ RunTime:-2.100120s ]
INFO: [ view_parse ] --END-- [ RunTime:0.045002s ]
INFO: [ view_filter ] --START--
INFO: Run ContentReplace Behavior [ RunTime:-2.145122s ]
INFO: Run TokenBuild Behavior [ RunTime:-2.147122s ]
INFO: Run WriteHtmlCache Behavior [ RunTime:-2.148122s ]
INFO: Run ShowRuntime Behavior [ RunTime:-2.150123s ]
INFO: [ view_filter ] --END-- [ RunTime:0.006001s ]
INFO: [ view_end ] --START--
INFO: Run ShowPageTrace Behavior [ RunTime:-2.151123s ]
INFO: [ view_end ] --END-- [ RunTime:0.005000s ]

[ 2018-03-26T18:36:48+08:00 ] 0.0.0.0 /Rose/index.php?g=Wap&m=Car_Wash_Pay&a=news&scan_code=ZHGZPY00166&openid=odOIPv9UcOs4N_jKX0JECOwADE7s
INFO: [ app_begin ] --START--
INFO: Run ReadHtmlCache Behavior [ RunTime:0.000000s ]
INFO: [ app_begin ] --END-- [ RunTime:0.013001s ]
SQL: SHOW COLUMNS FROM `device_info` [ RunTime:0.016000s ]
SQL: SELECT * FROM `device_info` WHERE ( `scan_code` = 'ZHGZPY00166' ) AND ( `device_status` = 1 ) AND ( `del_flag` = 0 ) LIMIT 1   [ RunTime:0.001000s ]
SQL: SHOW COLUMNS FROM `device_relation_group` [ RunTime:0.016001s ]
SQL: SELECT * FROM `device_relation_group` WHERE ( `di_id` = '2016123010_2FC2C4F29CAF97922A3F9D3F290D02F1' ) AND ( `del_flag` = 0 ) AND ( `device_type` = 7 ) LIMIT 1   [ RunTime:0.001000s ]
NOTIC: [8] Undefined variable: car_member D:\phpStudy\WWW\Rose\Lib\Action\Wap\Car_Wash_PayAction.class.php 第 75 行.
SQL: SHOW COLUMNS FROM `sys_user` [ RunTime:0.012000s ]
SQL: SELECT su.phone,su.title FROM sys_user su LEFT JOIN device_info di on di.owner_id=su.id WHERE ( di.scan_code = 'ZHGZPY00166' ) AND ( di.del_flag = 0 ) AND ( su.del_flag = 0 ) LIMIT 1   [ RunTime:0.001000s ]
INFO: [ view_template ] --START--
INFO: Run LocationTemplate Behavior [ RunTime:-1.963112s ]
INFO: [ view_template ] --END-- [ RunTime:0.003001s ]
INFO: [ view_parse ] --START--
NOTIC: [8] Undefined variable: openid D:\phpStudy\WWW\Rose\logs\Cache\Wap\120b268aac98074ef532a57af49d6a39.php 第 182 行.
NOTIC: [8] Undefined variable: buyer_id D:\phpStudy\WWW\Rose\logs\Cache\Wap\120b268aac98074ef532a57af49d6a39.php 第 184 行.
INFO: Run ParseTemplate Behavior [ RunTime:-1.966113s ]
INFO: [ view_parse ] --END-- [ RunTime:0.016001s ]
INFO: [ view_filter ] --START--
INFO: Run ContentReplace Behavior [ RunTime:-1.982114s ]
INFO: Run TokenBuild Behavior [ RunTime:-1.983114s ]
INFO: Run WriteHtmlCache Behavior [ RunTime:-1.984114s ]
INFO: Run ShowRuntime Behavior [ RunTime:-1.984114s ]
INFO: [ view_filter ] --END-- [ RunTime:0.003000s ]
INFO: [ view_end ] --START--
INFO: Run ShowPageTrace Behavior [ RunTime:-1.986114s ]
INFO: [ view_end ] --END-- [ RunTime:0.001000s ]

