[ 2018-02-28T09:52:36+08:00 ] 0.0.0.0 /Rose/index.php?g=Wap&m=Car_Wash_Pay&a=news&scan_code=ZHGZPY00166&openid=odOIPv9UcOs4N_jKX0JECOwADE7s
INFO: [ app_begin ] --START--
INFO: Run ReadHtmlCache Behavior [ RunTime:0.003000s ]
INFO: [ app_begin ] --END-- [ RunTime:0.004000s ]
SQL: SHOW COLUMNS FROM `device_info` [ RunTime:0.031001s ]
SQL: SELECT * FROM `device_info` WHERE ( `scan_code` = 'ZHGZPY00166' ) AND ( `device_status` = 1 ) AND ( `del_flag` = 0 ) LIMIT 1   [ RunTime:0.000000s ]
SQL: SHOW COLUMNS FROM `device_relation_group` [ RunTime:0.007001s ]
SQL: SELECT * FROM `device_relation_group` WHERE ( `di_id` = '2016123010_2FC2C4F29CAF97922A3F9D3F290D02F1' ) AND ( `del_flag` = 0 ) AND ( `device_type` = 7 ) LIMIT 1   [ RunTime:0.001000s ]
SQL: SHOW COLUMNS FROM `sys_user` [ RunTime:0.007000s ]
SQL: SELECT su.phone,su.title FROM sys_user su LEFT JOIN device_info di on di.owner_id=su.id WHERE ( di.scan_code = 'ZHGZPY00166' ) AND ( di.del_flag = 0 ) AND ( su.del_flag = 0 ) LIMIT 1   [ RunTime:0.000000s ]
INFO: [ view_template ] --START--
INFO: Run LocationTemplate Behavior [ RunTime:-3.760215s ]
INFO: [ view_template ] --END-- [ RunTime:0.005001s ]
INFO: [ view_parse ] --START--
NOTIC: [8] Undefined variable: openid D:\phpStudy\WWW\Rose\logs\Cache\Wap\120b268aac98074ef532a57af49d6a39.php 第 112 行.
NOTIC: [8] Use of undefined constant wechat - assumed 'wechat' D:\phpStudy\WWW\Rose\logs\Cache\Wap\120b268aac98074ef532a57af49d6a39.php 第 118 行.
NOTIC: [8] Undefined variable: buyer_id D:\phpStudy\WWW\Rose\logs\Cache\Wap\120b268aac98074ef532a57af49d6a39.php 第 122 行.
NOTIC: [8] Undefined variable: openid D:\phpStudy\WWW\Rose\logs\Cache\Wap\120b268aac98074ef532a57af49d6a39.php 第 138 行.
NOTIC: [8] Undefined variable: buyer_id D:\phpStudy\WWW\Rose\logs\Cache\Wap\120b268aac98074ef532a57af49d6a39.php 第 140 行.
INFO: Run ParseTemplate Behavior [ RunTime:-3.765216s ]
INFO: [ view_parse ] --END-- [ RunTime:0.760043s ]
INFO: [ view_filter ] --START--
INFO: Run ContentReplace Behavior [ RunTime:-4.525259s ]
INFO: Run TokenBuild Behavior [ RunTime:-4.555261s ]
INFO: Run WriteHtmlCache Behavior [ RunTime:-4.621265s ]
INFO: Run ShowRuntime Behavior [ RunTime:-4.681268s ]
INFO: [ view_filter ] --END-- [ RunTime:0.222013s ]
INFO: [ view_end ] --START--
INFO: Run ShowPageTrace Behavior [ RunTime:-4.748272s ]
INFO: [ view_end ] --END-- [ RunTime:0.095005s ]

[ 2018-02-28T10:03:40+08:00 ] 0.0.0.0 /Rose/index.php?g=Wap&m=Car_Wash_Pay&a=news&scan_code=ZHGZPY00166&openid=odOIPv9UcOs4N_jKX0JECOwADE7s
INFO: [ app_begin ] --START--
INFO: Run ReadHtmlCache Behavior [ RunTime:0.032002s ]
INFO: [ app_begin ] --END-- [ RunTime:0.032002s ]
SQL: SHOW COLUMNS FROM `device_info` [ RunTime:0.011000s ]
SQL: SELECT * FROM `device_info` WHERE ( `scan_code` = 'ZHGZPY00166' ) AND ( `device_status` = 1 ) AND ( `del_flag` = 0 ) LIMIT 1   [ RunTime:0.037003s ]
SQL: SHOW COLUMNS FROM `device_relation_group` [ RunTime:0.010000s ]
SQL: SELECT * FROM `device_relation_group` WHERE ( `di_id` = '2016123010_2FC2C4F29CAF97922A3F9D3F290D02F1' ) AND ( `del_flag` = 0 ) AND ( `device_type` = 7 ) LIMIT 1   [ RunTime:0.001000s ]
SQL: SHOW COLUMNS FROM `sys_user` [ RunTime:0.010001s ]
SQL: SELECT su.phone,su.title FROM sys_user su LEFT JOIN device_info di on di.owner_id=su.id WHERE ( di.scan_code = 'ZHGZPY00166' ) AND ( di.del_flag = 0 ) AND ( su.del_flag = 0 ) LIMIT 1   [ RunTime:0.001000s ]
INFO: [ view_template ] --START--
INFO: Run LocationTemplate Behavior [ RunTime:-3.529202s ]
INFO: [ view_template ] --END-- [ RunTime:0.025001s ]
INFO: [ view_parse ] --START--
NOTIC: [8] Undefined variable: openid D:\phpStudy\WWW\Rose\logs\Cache\Wap\120b268aac98074ef532a57af49d6a39.php 第 112 行.
NOTIC: [8] Use of undefined constant wechat - assumed 'wechat' D:\phpStudy\WWW\Rose\logs\Cache\Wap\120b268aac98074ef532a57af49d6a39.php 第 118 行.
NOTIC: [8] Undefined variable: buyer_id D:\phpStudy\WWW\Rose\logs\Cache\Wap\120b268aac98074ef532a57af49d6a39.php 第 122 行.
NOTIC: [8] Undefined variable: openid D:\phpStudy\WWW\Rose\logs\Cache\Wap\120b268aac98074ef532a57af49d6a39.php 第 138 行.
NOTIC: [8] Undefined variable: buyer_id D:\phpStudy\WWW\Rose\logs\Cache\Wap\120b268aac98074ef532a57af49d6a39.php 第 140 行.
INFO: Run ParseTemplate Behavior [ RunTime:-3.554203s ]
INFO: [ view_parse ] --END-- [ RunTime:0.082005s ]
INFO: [ view_filter ] --START--
INFO: Run ContentReplace Behavior [ RunTime:-3.636208s ]
INFO: Run TokenBuild Behavior [ RunTime:-3.642209s ]
INFO: Run WriteHtmlCache Behavior [ RunTime:-3.644209s ]
INFO: Run ShowRuntime Behavior [ RunTime:-3.646209s ]
INFO: [ view_filter ] --END-- [ RunTime:0.011001s ]
INFO: [ view_end ] --START--
INFO: Run ShowPageTrace Behavior [ RunTime:-3.648209s ]
INFO: [ view_end ] --END-- [ RunTime:0.003000s ]

[ 2018-02-28T14:34:10+08:00 ] 0.0.0.0 /Rose/index.php?g=Wap&m=Car_Wash_Pay&a=news&scan_code=ZHGZPY00166&openid=odOIPv9UcOs4N_jKX0JECOwADE7s
INFO: [ app_begin ] --START--
INFO: Run ReadHtmlCache Behavior [ RunTime:0.020001s ]
INFO: [ app_begin ] --END-- [ RunTime:0.020001s ]
SQL: SHOW COLUMNS FROM `device_info` [ RunTime:0.071004s ]
SQL: SELECT * FROM `device_info` WHERE ( `scan_code` = 'ZHGZPY00166' ) AND ( `device_status` = 1 ) AND ( `del_flag` = 0 ) LIMIT 1   [ RunTime:0.010001s ]
SQL: SHOW COLUMNS FROM `device_relation_group` [ RunTime:0.033002s ]
SQL: SELECT * FROM `device_relation_group` WHERE ( `di_id` = '2016123010_2FC2C4F29CAF97922A3F9D3F290D02F1' ) AND ( `del_flag` = 0 ) AND ( `device_type` = 7 ) LIMIT 1   [ RunTime:0.000000s ]
SQL: SHOW COLUMNS FROM `sys_user` [ RunTime:0.020001s ]
SQL: SELECT su.phone,su.title FROM sys_user su LEFT JOIN device_info di on di.owner_id=su.id WHERE ( di.scan_code = 'ZHGZPY00166' ) AND ( di.del_flag = 0 ) AND ( su.del_flag = 0 ) LIMIT 1   [ RunTime:0.005000s ]
INFO: [ view_template ] --START--
INFO: Run LocationTemplate Behavior [ RunTime:-2.321132s ]
INFO: [ view_template ] --END-- [ RunTime:0.008001s ]
INFO: [ view_parse ] --START--
NOTIC: [8] Undefined variable: openid D:\phpStudy\WWW\Rose\logs\Cache\Wap\120b268aac98074ef532a57af49d6a39.php 第 112 行.
NOTIC: [8] Use of undefined constant wechat - assumed 'wechat' D:\phpStudy\WWW\Rose\logs\Cache\Wap\120b268aac98074ef532a57af49d6a39.php 第 118 行.
NOTIC: [8] Undefined variable: buyer_id D:\phpStudy\WWW\Rose\logs\Cache\Wap\120b268aac98074ef532a57af49d6a39.php 第 122 行.
NOTIC: [8] Undefined variable: openid D:\phpStudy\WWW\Rose\logs\Cache\Wap\120b268aac98074ef532a57af49d6a39.php 第 138 行.
NOTIC: [8] Undefined variable: buyer_id D:\phpStudy\WWW\Rose\logs\Cache\Wap\120b268aac98074ef532a57af49d6a39.php 第 140 行.
INFO: Run ParseTemplate Behavior [ RunTime:-2.329133s ]
INFO: [ view_parse ] --END-- [ RunTime:0.081005s ]
INFO: [ view_filter ] --START--
INFO: Run ContentReplace Behavior [ RunTime:-2.410138s ]
INFO: Run TokenBuild Behavior [ RunTime:-2.411138s ]
INFO: Run WriteHtmlCache Behavior [ RunTime:-2.413138s ]
INFO: Run ShowRuntime Behavior [ RunTime:-2.414138s ]
INFO: [ view_filter ] --END-- [ RunTime:0.005000s ]
INFO: [ view_end ] --START--
INFO: Run ShowPageTrace Behavior [ RunTime:-2.416138s ]
INFO: [ view_end ] --END-- [ RunTime:0.002000s ]

[ 2018-02-28T15:42:41+08:00 ] 0.0.0.0 /Rose/index.php?g=Wap&m=Car_Wash_Pay&a=news&scan_code=ZHGZPY00166&openid=odOIPv9UcOs4N_jKX0JECOwADE7s
INFO: [ app_begin ] --START--
INFO: Run ReadHtmlCache Behavior [ RunTime:0.001000s ]
INFO: [ app_begin ] --END-- [ RunTime:0.001000s ]
SQL: SHOW COLUMNS FROM `device_info` [ RunTime:0.022001s ]
SQL: SELECT * FROM `device_info` WHERE ( `scan_code` = 'ZHGZPY00166' ) AND ( `device_status` = 1 ) AND ( `del_flag` = 0 ) LIMIT 1   [ RunTime:0.001000s ]
SQL: SHOW COLUMNS FROM `device_relation_group` [ RunTime:0.015001s ]
SQL: SELECT * FROM `device_relation_group` WHERE ( `di_id` = '2016123010_2FC2C4F29CAF97922A3F9D3F290D02F1' ) AND ( `del_flag` = 0 ) AND ( `device_type` = 7 ) LIMIT 1   [ RunTime:0.000000s ]
SQL: SHOW COLUMNS FROM `sys_user` [ RunTime:0.014001s ]
SQL: SELECT su.phone,su.title FROM sys_user su LEFT JOIN device_info di on di.owner_id=su.id WHERE ( di.scan_code = 'ZHGZPY00166' ) AND ( di.del_flag = 0 ) AND ( su.del_flag = 0 ) LIMIT 1   [ RunTime:0.012000s ]
INFO: [ view_template ] --START--
INFO: Run LocationTemplate Behavior [ RunTime:-1.815104s ]
INFO: [ view_template ] --END-- [ RunTime:0.012001s ]
INFO: [ view_parse ] --START--
NOTIC: [8] Undefined variable: openid D:\phpStudy\WWW\Rose\logs\Cache\Wap\120b268aac98074ef532a57af49d6a39.php 第 112 行.
NOTIC: [8] Use of undefined constant wechat - assumed 'wechat' D:\phpStudy\WWW\Rose\logs\Cache\Wap\120b268aac98074ef532a57af49d6a39.php 第 118 行.
NOTIC: [8] Undefined variable: buyer_id D:\phpStudy\WWW\Rose\logs\Cache\Wap\120b268aac98074ef532a57af49d6a39.php 第 122 行.
NOTIC: [8] Undefined variable: openid D:\phpStudy\WWW\Rose\logs\Cache\Wap\120b268aac98074ef532a57af49d6a39.php 第 138 行.
NOTIC: [8] Undefined variable: buyer_id D:\phpStudy\WWW\Rose\logs\Cache\Wap\120b268aac98074ef532a57af49d6a39.php 第 140 行.
INFO: Run ParseTemplate Behavior [ RunTime:-1.828105s ]
INFO: [ view_parse ] --END-- [ RunTime:0.051003s ]
INFO: [ view_filter ] --START--
INFO: Run ContentReplace Behavior [ RunTime:-1.879108s ]
INFO: Run TokenBuild Behavior [ RunTime:-1.881108s ]
INFO: Run WriteHtmlCache Behavior [ RunTime:-1.882108s ]
INFO: Run ShowRuntime Behavior [ RunTime:-1.883108s ]
INFO: [ view_filter ] --END-- [ RunTime:0.006000s ]
INFO: [ view_end ] --START--
INFO: Run ShowPageTrace Behavior [ RunTime:-1.885108s ]
INFO: [ view_end ] --END-- [ RunTime:0.003000s ]

