[ 2018-01-04T09:34:31+08:00 ] 0.0.0.0 /Rose/index.php?g=Wap&m=Finance&a=index&openid=odOIPv9UcOs4N_jKX0JECOwADE7s
INFO: [ app_begin ] --START--
INFO: Run ReadHtmlCache Behavior [ RunTime:0.080004s ]
INFO: [ app_begin ] --END-- [ RunTime:0.242014s ]
NOTIC: [8] A session had already been started - ignoring session_start() D:\phpStudy\WWW\Rose\Lib\Action\Wap\Rose2BaseAction.class.php 第 2 行.
SQL: SHOW COLUMNS FROM `sys_user` [ RunTime:0.508029s ]
SQL: SELECT * FROM `sys_user` WHERE ( `del_flag` = 0 ) AND ( `openid` = 'odOIPv9UcOs4N_jKX0JECOwADE7s' ) LIMIT 1   [ RunTime:0.063004s ]
NOTIC: [8] Trying to get property of non-object D:\phpStudy\WWW\Rose\Core\Extend\Vendor\weixin\jssdk.php 第 75 行.
NOTIC: [8] Trying to get property of non-object D:\phpStudy\WWW\Rose\Core\Extend\Vendor\weixin\jssdk.php 第 53 行.
SQL: SHOW COLUMNS FROM `weixin_userinfo` [ RunTime:1.202069s ]
SQL: SELECT * FROM `weixin_userinfo` WHERE ( `del_flag` = 0 ) AND ( `from_username` = 'odOIPv9UcOs4N_jKX0JECOwADE7s' ) LIMIT 1   [ RunTime:0.033002s ]
SQL: SHOW COLUMNS FROM `device_consume_rec` [ RunTime:0.659037s ]
SQL: SELECT month(create_date) as month,sum(consume_account) as acount FROM `device_consume_rec` WHERE ( `command_status` = '2' ) AND ( `consume_status` IN ('1','2') ) AND ( `transfer_status` = '0' ) AND ( `del_flag` = '0' ) AND ( `create_by` = 'kefuanmoyitest' ) AND ( `create_date` >= '2017-01-04 00:00:00' ) GROUP BY month(create_date)  [ RunTime:6.547375s ]
SQL: SHOW COLUMNS FROM `weixin_enterprise_payment` [ RunTime:0.547031s ]
SQL: SELECT month(create_date) as month,sum(amount) as amount FROM `weixin_enterprise_payment` WHERE ( `status` = '1' ) AND ( `openid` = 'odOIPv9UcOs4N_jKX0JECOwADE7s' ) GROUP BY month(create_date)  [ RunTime:0.495029s ]
SQL: SHOW COLUMNS FROM `weixin_pay_rec` [ RunTime:0.344019s ]
SQL: SELECT month(create_date) as month,sum(pay_account) pay_account FROM `weixin_pay_rec` WHERE ( `pay_status` = '1' ) AND ( `is_close` = '0' ) AND ( `create_by` = 'kefuanmoyitest' ) GROUP BY month(create_date)  [ RunTime:2.626151s ]
NOTIC: [8] Undefined index: month D:\phpStudy\WWW\Rose\Lib\Action\Wap\FinanceAction.class.php 第 107 行.
NOTIC: [8] Undefined index: month D:\phpStudy\WWW\Rose\Lib\Action\Wap\FinanceAction.class.php 第 107 行.
NOTIC: [8] Undefined index: month D:\phpStudy\WWW\Rose\Lib\Action\Wap\FinanceAction.class.php 第 107 行.
NOTIC: [8] Undefined index: month D:\phpStudy\WWW\Rose\Lib\Action\Wap\FinanceAction.class.php 第 107 行.
NOTIC: [8] Undefined index: month D:\phpStudy\WWW\Rose\Lib\Action\Wap\FinanceAction.class.php 第 107 行.
NOTIC: [8] Undefined index: month D:\phpStudy\WWW\Rose\Lib\Action\Wap\FinanceAction.class.php 第 107 行.
NOTIC: [8] Undefined index: month D:\phpStudy\WWW\Rose\Lib\Action\Wap\FinanceAction.class.php 第 107 行.
NOTIC: [8] Undefined index: month D:\phpStudy\WWW\Rose\Lib\Action\Wap\FinanceAction.class.php 第 107 行.
NOTIC: [8] Undefined index: month D:\phpStudy\WWW\Rose\Lib\Action\Wap\FinanceAction.class.php 第 107 行.
NOTIC: [8] Undefined index: month D:\phpStudy\WWW\Rose\Lib\Action\Wap\FinanceAction.class.php 第 107 行.
NOTIC: [8] Undefined index: month D:\phpStudy\WWW\Rose\Lib\Action\Wap\FinanceAction.class.php 第 107 行.
INFO: [ view_template ] --START--
INFO: Run LocationTemplate Behavior [ RunTime:-16.700956s ]
INFO: [ view_template ] --END-- [ RunTime:0.072004s ]
INFO: [ view_parse ] --START--
NOTIC: [8] Undefined index: pay_account D:\phpStudy\WWW\Rose\logs\Cache\Wap\b7d919ef8e556e92c8c6db29e13f9f3e.php 第 30 行.
NOTIC: [8] Undefined index: pay_account D:\phpStudy\WWW\Rose\logs\Cache\Wap\b7d919ef8e556e92c8c6db29e13f9f3e.php 第 30 行.
NOTIC: [8] Undefined index: pay_account D:\phpStudy\WWW\Rose\logs\Cache\Wap\b7d919ef8e556e92c8c6db29e13f9f3e.php 第 30 行.
NOTIC: [8] Undefined index: amount D:\phpStudy\WWW\Rose\logs\Cache\Wap\b7d919ef8e556e92c8c6db29e13f9f3e.php 第 34 行.
NOTIC: [8] Undefined index: amount D:\phpStudy\WWW\Rose\logs\Cache\Wap\b7d919ef8e556e92c8c6db29e13f9f3e.php 第 37 行.
NOTIC: [8] Undefined index: amount D:\phpStudy\WWW\Rose\logs\Cache\Wap\b7d919ef8e556e92c8c6db29e13f9f3e.php 第 37 行.
NOTIC: [8] Undefined index: pay_account D:\phpStudy\WWW\Rose\logs\Cache\Wap\b7d919ef8e556e92c8c6db29e13f9f3e.php 第 30 行.
NOTIC: [8] Undefined index: amount D:\phpStudy\WWW\Rose\logs\Cache\Wap\b7d919ef8e556e92c8c6db29e13f9f3e.php 第 34 行.
NOTIC: [8] Undefined index: amount D:\phpStudy\WWW\Rose\logs\Cache\Wap\b7d919ef8e556e92c8c6db29e13f9f3e.php 第 37 行.
NOTIC: [8] Undefined index: amount D:\phpStudy\WWW\Rose\logs\Cache\Wap\b7d919ef8e556e92c8c6db29e13f9f3e.php 第 37 行.
NOTIC: [8] Undefined index: pay_account D:\phpStudy\WWW\Rose\logs\Cache\Wap\b7d919ef8e556e92c8c6db29e13f9f3e.php 第 30 行.
NOTIC: [8] Undefined index: pay_account D:\phpStudy\WWW\Rose\logs\Cache\Wap\b7d919ef8e556e92c8c6db29e13f9f3e.php 第 30 行.
NOTIC: [8] Undefined index: amount D:\phpStudy\WWW\Rose\logs\Cache\Wap\b7d919ef8e556e92c8c6db29e13f9f3e.php 第 34 行.
NOTIC: [8] Undefined index: amount D:\phpStudy\WWW\Rose\logs\Cache\Wap\b7d919ef8e556e92c8c6db29e13f9f3e.php 第 37 行.
NOTIC: [8] Undefined index: amount D:\phpStudy\WWW\Rose\logs\Cache\Wap\b7d919ef8e556e92c8c6db29e13f9f3e.php 第 37 行.
NOTIC: [8] Undefined index: pay_account D:\phpStudy\WWW\Rose\logs\Cache\Wap\b7d919ef8e556e92c8c6db29e13f9f3e.php 第 30 行.
NOTIC: [8] Undefined index: pay_account D:\phpStudy\WWW\Rose\logs\Cache\Wap\b7d919ef8e556e92c8c6db29e13f9f3e.php 第 30 行.
NOTIC: [8] Undefined index: pay_account D:\phpStudy\WWW\Rose\logs\Cache\Wap\b7d919ef8e556e92c8c6db29e13f9f3e.php 第 30 行.
NOTIC: [8] Undefined index: acount D:\phpStudy\WWW\Rose\logs\Cache\Wap\b7d919ef8e556e92c8c6db29e13f9f3e.php 第 26 行.
NOTIC: [8] Undefined index: pay_account D:\phpStudy\WWW\Rose\logs\Cache\Wap\b7d919ef8e556e92c8c6db29e13f9f3e.php 第 30 行.
NOTIC: [8] Undefined index: acount D:\phpStudy\WWW\Rose\logs\Cache\Wap\b7d919ef8e556e92c8c6db29e13f9f3e.php 第 37 行.
NOTIC: [8] Undefined index: acount D:\phpStudy\WWW\Rose\logs\Cache\Wap\b7d919ef8e556e92c8c6db29e13f9f3e.php 第 26 行.
NOTIC: [8] Undefined index: pay_account D:\phpStudy\WWW\Rose\logs\Cache\Wap\b7d919ef8e556e92c8c6db29e13f9f3e.php 第 30 行.
NOTIC: [8] Undefined index: acount D:\phpStudy\WWW\Rose\logs\Cache\Wap\b7d919ef8e556e92c8c6db29e13f9f3e.php 第 37 行.
INFO: Run ParseTemplate Behavior [ RunTime:-16.773960s ]
INFO: [ view_parse ] --END-- [ RunTime:0.637036s ]
INFO: [ view_filter ] --START--
INFO: Run ContentReplace Behavior [ RunTime:-17.410996s ]
INFO: Run TokenBuild Behavior [ RunTime:-17.425997s ]
INFO: Run WriteHtmlCache Behavior [ RunTime:-17.488001s ]
INFO: Run ShowRuntime Behavior [ RunTime:-17.507002s ]
INFO: [ view_filter ] --END-- [ RunTime:0.135008s ]
INFO: [ view_end ] --START--
INFO: Run ShowPageTrace Behavior [ RunTime:-17.546004s ]
INFO: [ view_end ] --END-- [ RunTime:0.037002s ]

[ 2018-01-04T10:16:22+08:00 ] 0.0.0.0 /Rose/index.php?g=Wap&m=Finance&a=index&openid=odOIPv9UcOs4N_jKX0JECOwADE7s
INFO: [ app_begin ] --START--
INFO: Run ReadHtmlCache Behavior [ RunTime:0.020001s ]
INFO: [ app_begin ] --END-- [ RunTime:0.020001s ]
NOTIC: [8] A session had already been started - ignoring session_start() D:\phpStudy\WWW\Rose\Lib\Action\Wap\Rose2BaseAction.class.php 第 2 行.
SQL: SHOW COLUMNS FROM `sys_user` [ RunTime:0.031002s ]
SQL: SELECT * FROM `sys_user` WHERE ( `del_flag` = 0 ) AND ( `openid` = 'odOIPv9UcOs4N_jKX0JECOwADE7s' ) LIMIT 1   [ RunTime:0.008001s ]
NOTIC: [8] Trying to get property of non-object D:\phpStudy\WWW\Rose\Core\Extend\Vendor\weixin\jssdk.php 第 75 行.
NOTIC: [8] Trying to get property of non-object D:\phpStudy\WWW\Rose\Core\Extend\Vendor\weixin\jssdk.php 第 53 行.
SQL: SHOW COLUMNS FROM `weixin_userinfo` [ RunTime:0.019001s ]
SQL: SELECT * FROM `weixin_userinfo` WHERE ( `del_flag` = 0 ) AND ( `from_username` = 'odOIPv9UcOs4N_jKX0JECOwADE7s' ) LIMIT 1   [ RunTime:0.010000s ]
SQL: SHOW COLUMNS FROM `device_consume_rec` [ RunTime:0.018001s ]
SQL: SELECT month(create_date) as month,sum(consume_account) as acount FROM `device_consume_rec` WHERE ( `command_status` = '2' ) AND ( `consume_status` IN ('1','2') ) AND ( `transfer_status` = '0' ) AND ( `del_flag` = '0' ) AND ( `create_by` = 'kefuanmoyitest' ) AND ( `create_date` >= '2017-01-04 00:00:00' ) GROUP BY month(create_date)  [ RunTime:1.026059s ]
SQL: SHOW COLUMNS FROM `weixin_enterprise_payment` [ RunTime:0.009001s ]
SQL: SELECT month(create_date) as month,sum(amount) as amount FROM `weixin_enterprise_payment` WHERE ( `status` = '1' ) AND ( `openid` = 'odOIPv9UcOs4N_jKX0JECOwADE7s' ) GROUP BY month(create_date)  [ RunTime:0.180010s ]
SQL: SHOW COLUMNS FROM `weixin_pay_rec` [ RunTime:0.009000s ]
SQL: SELECT month(create_date) as month,sum(pay_account) pay_account FROM `weixin_pay_rec` WHERE ( `pay_status` = '1' ) AND ( `is_close` = '0' ) AND ( `create_by` = 'kefuanmoyitest' ) GROUP BY month(create_date)  [ RunTime:1.809104s ]
NOTIC: [8] Undefined index: month D:\phpStudy\WWW\Rose\Lib\Action\Wap\FinanceAction.class.php 第 107 行.
NOTIC: [8] Undefined index: month D:\phpStudy\WWW\Rose\Lib\Action\Wap\FinanceAction.class.php 第 107 行.
NOTIC: [8] Undefined index: month D:\phpStudy\WWW\Rose\Lib\Action\Wap\FinanceAction.class.php 第 107 行.
NOTIC: [8] Undefined index: month D:\phpStudy\WWW\Rose\Lib\Action\Wap\FinanceAction.class.php 第 107 行.
NOTIC: [8] Undefined index: month D:\phpStudy\WWW\Rose\Lib\Action\Wap\FinanceAction.class.php 第 107 行.
NOTIC: [8] Undefined index: month D:\phpStudy\WWW\Rose\Lib\Action\Wap\FinanceAction.class.php 第 107 行.
NOTIC: [8] Undefined index: month D:\phpStudy\WWW\Rose\Lib\Action\Wap\FinanceAction.class.php 第 107 行.
NOTIC: [8] Undefined index: month D:\phpStudy\WWW\Rose\Lib\Action\Wap\FinanceAction.class.php 第 107 行.
NOTIC: [8] Undefined index: month D:\phpStudy\WWW\Rose\Lib\Action\Wap\FinanceAction.class.php 第 107 行.
NOTIC: [8] Undefined index: month D:\phpStudy\WWW\Rose\Lib\Action\Wap\FinanceAction.class.php 第 107 行.
NOTIC: [8] Undefined index: month D:\phpStudy\WWW\Rose\Lib\Action\Wap\FinanceAction.class.php 第 107 行.
INFO: [ view_template ] --START--
INFO: Run LocationTemplate Behavior [ RunTime:-4.531259s ]
INFO: [ view_template ] --END-- [ RunTime:0.022001s ]
INFO: [ view_parse ] --START--
NOTIC: [8] Undefined index: pay_account D:\phpStudy\WWW\Rose\logs\Cache\Wap\b7d919ef8e556e92c8c6db29e13f9f3e.php 第 30 行.
NOTIC: [8] Undefined index: pay_account D:\phpStudy\WWW\Rose\logs\Cache\Wap\b7d919ef8e556e92c8c6db29e13f9f3e.php 第 30 行.
NOTIC: [8] Undefined index: pay_account D:\phpStudy\WWW\Rose\logs\Cache\Wap\b7d919ef8e556e92c8c6db29e13f9f3e.php 第 30 行.
NOTIC: [8] Undefined index: amount D:\phpStudy\WWW\Rose\logs\Cache\Wap\b7d919ef8e556e92c8c6db29e13f9f3e.php 第 34 行.
NOTIC: [8] Undefined index: amount D:\phpStudy\WWW\Rose\logs\Cache\Wap\b7d919ef8e556e92c8c6db29e13f9f3e.php 第 37 行.
NOTIC: [8] Undefined index: amount D:\phpStudy\WWW\Rose\logs\Cache\Wap\b7d919ef8e556e92c8c6db29e13f9f3e.php 第 37 行.
NOTIC: [8] Undefined index: pay_account D:\phpStudy\WWW\Rose\logs\Cache\Wap\b7d919ef8e556e92c8c6db29e13f9f3e.php 第 30 行.
NOTIC: [8] Undefined index: amount D:\phpStudy\WWW\Rose\logs\Cache\Wap\b7d919ef8e556e92c8c6db29e13f9f3e.php 第 34 行.
NOTIC: [8] Undefined index: amount D:\phpStudy\WWW\Rose\logs\Cache\Wap\b7d919ef8e556e92c8c6db29e13f9f3e.php 第 37 行.
NOTIC: [8] Undefined index: amount D:\phpStudy\WWW\Rose\logs\Cache\Wap\b7d919ef8e556e92c8c6db29e13f9f3e.php 第 37 行.
NOTIC: [8] Undefined index: pay_account D:\phpStudy\WWW\Rose\logs\Cache\Wap\b7d919ef8e556e92c8c6db29e13f9f3e.php 第 30 行.
NOTIC: [8] Undefined index: pay_account D:\phpStudy\WWW\Rose\logs\Cache\Wap\b7d919ef8e556e92c8c6db29e13f9f3e.php 第 30 行.
NOTIC: [8] Undefined index: amount D:\phpStudy\WWW\Rose\logs\Cache\Wap\b7d919ef8e556e92c8c6db29e13f9f3e.php 第 34 行.
NOTIC: [8] Undefined index: amount D:\phpStudy\WWW\Rose\logs\Cache\Wap\b7d919ef8e556e92c8c6db29e13f9f3e.php 第 37 行.
NOTIC: [8] Undefined index: amount D:\phpStudy\WWW\Rose\logs\Cache\Wap\b7d919ef8e556e92c8c6db29e13f9f3e.php 第 37 行.
NOTIC: [8] Undefined index: pay_account D:\phpStudy\WWW\Rose\logs\Cache\Wap\b7d919ef8e556e92c8c6db29e13f9f3e.php 第 30 行.
NOTIC: [8] Undefined index: pay_account D:\phpStudy\WWW\Rose\logs\Cache\Wap\b7d919ef8e556e92c8c6db29e13f9f3e.php 第 30 行.
NOTIC: [8] Undefined index: pay_account D:\phpStudy\WWW\Rose\logs\Cache\Wap\b7d919ef8e556e92c8c6db29e13f9f3e.php 第 30 行.
NOTIC: [8] Undefined index: acount D:\phpStudy\WWW\Rose\logs\Cache\Wap\b7d919ef8e556e92c8c6db29e13f9f3e.php 第 26 行.
NOTIC: [8] Undefined index: pay_account D:\phpStudy\WWW\Rose\logs\Cache\Wap\b7d919ef8e556e92c8c6db29e13f9f3e.php 第 30 行.
NOTIC: [8] Undefined index: acount D:\phpStudy\WWW\Rose\logs\Cache\Wap\b7d919ef8e556e92c8c6db29e13f9f3e.php 第 37 行.
NOTIC: [8] Undefined index: acount D:\phpStudy\WWW\Rose\logs\Cache\Wap\b7d919ef8e556e92c8c6db29e13f9f3e.php 第 26 行.
NOTIC: [8] Undefined index: pay_account D:\phpStudy\WWW\Rose\logs\Cache\Wap\b7d919ef8e556e92c8c6db29e13f9f3e.php 第 30 行.
NOTIC: [8] Undefined index: acount D:\phpStudy\WWW\Rose\logs\Cache\Wap\b7d919ef8e556e92c8c6db29e13f9f3e.php 第 37 行.
INFO: Run ParseTemplate Behavior [ RunTime:-4.553260s ]
INFO: [ view_parse ] --END-- [ RunTime:0.089005s ]
INFO: [ view_filter ] --START--
INFO: Run ContentReplace Behavior [ RunTime:-4.642265s ]
INFO: Run TokenBuild Behavior [ RunTime:-4.649266s ]
INFO: Run WriteHtmlCache Behavior [ RunTime:-4.656266s ]
INFO: Run ShowRuntime Behavior [ RunTime:-4.659266s ]
INFO: [ view_filter ] --END-- [ RunTime:0.018001s ]
INFO: [ view_end ] --START--
INFO: Run ShowPageTrace Behavior [ RunTime:-4.660266s ]
INFO: [ view_end ] --END-- [ RunTime:0.005001s ]

[ 2018-01-04T11:43:31+08:00 ] 0.0.0.0 /Rose/index.php?g=Wap&m=Finance&a=index&openid=odOIPv9UcOs4N_jKX0JECOwADE7s
INFO: [ app_begin ] --START--
INFO: Run ReadHtmlCache Behavior [ RunTime:0.108006s ]
INFO: [ app_begin ] --END-- [ RunTime:0.108006s ]
NOTIC: [8] A session had already been started - ignoring session_start() D:\phpStudy\WWW\Rose\Lib\Action\Wap\Rose2BaseAction.class.php 第 2 行.
SQL: SHOW COLUMNS FROM `sys_user` [ RunTime:0.339020s ]
SQL: SELECT * FROM `sys_user` WHERE ( `del_flag` = 0 ) AND ( `openid` = 'odOIPv9UcOs4N_jKX0JECOwADE7s' ) LIMIT 1   [ RunTime:0.261015s ]
NOTIC: [8] Trying to get property of non-object D:\phpStudy\WWW\Rose\Core\Extend\Vendor\weixin\jssdk.php 第 75 行.
NOTIC: [8] Trying to get property of non-object D:\phpStudy\WWW\Rose\Core\Extend\Vendor\weixin\jssdk.php 第 53 行.
SQL: SHOW COLUMNS FROM `weixin_userinfo` [ RunTime:0.189011s ]
SQL: SELECT * FROM `weixin_userinfo` WHERE ( `del_flag` = 0 ) AND ( `from_username` = 'odOIPv9UcOs4N_jKX0JECOwADE7s' ) LIMIT 1   [ RunTime:0.103006s ]
SQL: SHOW COLUMNS FROM `device_consume_rec` [ RunTime:0.163009s ]
SQL: SELECT month(create_date) as month,sum(consume_account) as acount FROM `device_consume_rec` WHERE ( `command_status` = '2' ) AND ( `consume_status` IN ('1','2') ) AND ( `transfer_status` = '0' ) AND ( `del_flag` = '0' ) AND ( `create_by` = 'kefuanmoyitest' ) AND ( `create_date` >= '2017-01-04 00:00:00' ) GROUP BY month(create_date)  [ RunTime:6.294360s ]
SQL: SHOW COLUMNS FROM `weixin_enterprise_payment` [ RunTime:0.037003s ]
SQL: SELECT month(create_date) as month,sum(amount) as amount FROM `weixin_enterprise_payment` WHERE ( `status` = '1' ) AND ( `openid` = 'odOIPv9UcOs4N_jKX0JECOwADE7s' ) GROUP BY month(create_date)  [ RunTime:0.049002s ]
SQL: SHOW COLUMNS FROM `weixin_pay_rec` [ RunTime:0.010001s ]
SQL: SELECT month(create_date) as month,sum(pay_account) pay_account FROM `weixin_pay_rec` WHERE ( `pay_status` = '1' ) AND ( `is_close` = '0' ) AND ( `create_by` = 'kefuanmoyitest' ) GROUP BY month(create_date)  [ RunTime:0.479027s ]
NOTIC: [8] Undefined index: month D:\phpStudy\WWW\Rose\Lib\Action\Wap\FinanceAction.class.php 第 107 行.
NOTIC: [8] Undefined index: month D:\phpStudy\WWW\Rose\Lib\Action\Wap\FinanceAction.class.php 第 107 行.
NOTIC: [8] Undefined index: month D:\phpStudy\WWW\Rose\Lib\Action\Wap\FinanceAction.class.php 第 107 行.
NOTIC: [8] Undefined index: month D:\phpStudy\WWW\Rose\Lib\Action\Wap\FinanceAction.class.php 第 107 行.
NOTIC: [8] Undefined index: month D:\phpStudy\WWW\Rose\Lib\Action\Wap\FinanceAction.class.php 第 107 行.
NOTIC: [8] Undefined index: month D:\phpStudy\WWW\Rose\Lib\Action\Wap\FinanceAction.class.php 第 107 行.
NOTIC: [8] Undefined index: month D:\phpStudy\WWW\Rose\Lib\Action\Wap\FinanceAction.class.php 第 107 行.
NOTIC: [8] Undefined index: month D:\phpStudy\WWW\Rose\Lib\Action\Wap\FinanceAction.class.php 第 107 行.
NOTIC: [8] Undefined index: month D:\phpStudy\WWW\Rose\Lib\Action\Wap\FinanceAction.class.php 第 107 行.
NOTIC: [8] Undefined index: month D:\phpStudy\WWW\Rose\Lib\Action\Wap\FinanceAction.class.php 第 107 行.
NOTIC: [8] Undefined index: month D:\phpStudy\WWW\Rose\Lib\Action\Wap\FinanceAction.class.php 第 107 行.
INFO: [ view_template ] --START--
INFO: Run LocationTemplate Behavior [ RunTime:-12.162695s ]
INFO: [ view_template ] --END-- [ RunTime:0.031002s ]
INFO: [ view_parse ] --START--
NOTIC: [8] Undefined index: pay_account D:\phpStudy\WWW\Rose\logs\Cache\Wap\b7d919ef8e556e92c8c6db29e13f9f3e.php 第 30 行.
NOTIC: [8] Undefined index: pay_account D:\phpStudy\WWW\Rose\logs\Cache\Wap\b7d919ef8e556e92c8c6db29e13f9f3e.php 第 30 行.
NOTIC: [8] Undefined index: pay_account D:\phpStudy\WWW\Rose\logs\Cache\Wap\b7d919ef8e556e92c8c6db29e13f9f3e.php 第 30 行.
NOTIC: [8] Undefined index: amount D:\phpStudy\WWW\Rose\logs\Cache\Wap\b7d919ef8e556e92c8c6db29e13f9f3e.php 第 34 行.
NOTIC: [8] Undefined index: amount D:\phpStudy\WWW\Rose\logs\Cache\Wap\b7d919ef8e556e92c8c6db29e13f9f3e.php 第 37 行.
NOTIC: [8] Undefined index: amount D:\phpStudy\WWW\Rose\logs\Cache\Wap\b7d919ef8e556e92c8c6db29e13f9f3e.php 第 37 行.
NOTIC: [8] Undefined index: pay_account D:\phpStudy\WWW\Rose\logs\Cache\Wap\b7d919ef8e556e92c8c6db29e13f9f3e.php 第 30 行.
NOTIC: [8] Undefined index: amount D:\phpStudy\WWW\Rose\logs\Cache\Wap\b7d919ef8e556e92c8c6db29e13f9f3e.php 第 34 行.
NOTIC: [8] Undefined index: amount D:\phpStudy\WWW\Rose\logs\Cache\Wap\b7d919ef8e556e92c8c6db29e13f9f3e.php 第 37 行.
NOTIC: [8] Undefined index: amount D:\phpStudy\WWW\Rose\logs\Cache\Wap\b7d919ef8e556e92c8c6db29e13f9f3e.php 第 37 行.
NOTIC: [8] Undefined index: pay_account D:\phpStudy\WWW\Rose\logs\Cache\Wap\b7d919ef8e556e92c8c6db29e13f9f3e.php 第 30 行.
NOTIC: [8] Undefined index: pay_account D:\phpStudy\WWW\Rose\logs\Cache\Wap\b7d919ef8e556e92c8c6db29e13f9f3e.php 第 30 行.
NOTIC: [8] Undefined index: amount D:\phpStudy\WWW\Rose\logs\Cache\Wap\b7d919ef8e556e92c8c6db29e13f9f3e.php 第 34 行.
NOTIC: [8] Undefined index: amount D:\phpStudy\WWW\Rose\logs\Cache\Wap\b7d919ef8e556e92c8c6db29e13f9f3e.php 第 37 行.
NOTIC: [8] Undefined index: amount D:\phpStudy\WWW\Rose\logs\Cache\Wap\b7d919ef8e556e92c8c6db29e13f9f3e.php 第 37 行.
NOTIC: [8] Undefined index: pay_account D:\phpStudy\WWW\Rose\logs\Cache\Wap\b7d919ef8e556e92c8c6db29e13f9f3e.php 第 30 行.
NOTIC: [8] Undefined index: pay_account D:\phpStudy\WWW\Rose\logs\Cache\Wap\b7d919ef8e556e92c8c6db29e13f9f3e.php 第 30 行.
NOTIC: [8] Undefined index: pay_account D:\phpStudy\WWW\Rose\logs\Cache\Wap\b7d919ef8e556e92c8c6db29e13f9f3e.php 第 30 行.
NOTIC: [8] Undefined index: acount D:\phpStudy\WWW\Rose\logs\Cache\Wap\b7d919ef8e556e92c8c6db29e13f9f3e.php 第 26 行.
NOTIC: [8] Undefined index: pay_account D:\phpStudy\WWW\Rose\logs\Cache\Wap\b7d919ef8e556e92c8c6db29e13f9f3e.php 第 30 行.
NOTIC: [8] Undefined index: acount D:\phpStudy\WWW\Rose\logs\Cache\Wap\b7d919ef8e556e92c8c6db29e13f9f3e.php 第 37 行.
NOTIC: [8] Undefined index: acount D:\phpStudy\WWW\Rose\logs\Cache\Wap\b7d919ef8e556e92c8c6db29e13f9f3e.php 第 26 行.
NOTIC: [8] Undefined index: pay_account D:\phpStudy\WWW\Rose\logs\Cache\Wap\b7d919ef8e556e92c8c6db29e13f9f3e.php 第 30 行.
NOTIC: [8] Undefined index: acount D:\phpStudy\WWW\Rose\logs\Cache\Wap\b7d919ef8e556e92c8c6db29e13f9f3e.php 第 37 行.
INFO: Run ParseTemplate Behavior [ RunTime:-12.193697s ]
INFO: [ view_parse ] --END-- [ RunTime:0.107006s ]
INFO: [ view_filter ] --START--
INFO: Run ContentReplace Behavior [ RunTime:-12.300703s ]
INFO: Run TokenBuild Behavior [ RunTime:-12.303703s ]
INFO: Run WriteHtmlCache Behavior [ RunTime:-12.306704s ]
INFO: Run ShowRuntime Behavior [ RunTime:-12.308704s ]
INFO: [ view_filter ] --END-- [ RunTime:0.011001s ]
INFO: [ view_end ] --START--
INFO: Run ShowPageTrace Behavior [ RunTime:-12.311704s ]
INFO: [ view_end ] --END-- [ RunTime:0.031002s ]

[ 2018-01-04T14:30:15+08:00 ] 0.0.0.0 /Rose/index.php?g=Wap&m=Finance&a=index&openid=odOIPv9UcOs4N_jKX0JECOwADE7s
INFO: [ app_begin ] --START--
INFO: Run ReadHtmlCache Behavior [ RunTime:0.001000s ]
INFO: [ app_begin ] --END-- [ RunTime:0.001000s ]
NOTIC: [8] A session had already been started - ignoring session_start() D:\phpStudy\WWW\Rose\Lib\Action\Wap\Rose2BaseAction.class.php 第 2 行.
SQL: SHOW COLUMNS FROM `sys_user` [ RunTime:0.082005s ]
SQL: SELECT * FROM `sys_user` WHERE ( `del_flag` = 0 ) AND ( `openid` = 'odOIPv9UcOs4N_jKX0JECOwADE7s' ) LIMIT 1   [ RunTime:0.002000s ]
NOTIC: [8] Trying to get property of non-object D:\phpStudy\WWW\Rose\Core\Extend\Vendor\weixin\jssdk.php 第 75 行.
NOTIC: [8] Trying to get property of non-object D:\phpStudy\WWW\Rose\Core\Extend\Vendor\weixin\jssdk.php 第 53 行.
SQL: SHOW COLUMNS FROM `weixin_userinfo` [ RunTime:0.128007s ]
SQL: SELECT * FROM `weixin_userinfo` WHERE ( `del_flag` = 0 ) AND ( `from_username` = 'odOIPv9UcOs4N_jKX0JECOwADE7s' ) LIMIT 1   [ RunTime:0.001001s ]
SQL: SHOW COLUMNS FROM `device_consume_rec` [ RunTime:0.146008s ]
SQL: SELECT month(create_date) as month,sum(consume_account) as acount FROM `device_consume_rec` WHERE ( `command_status` = '2' ) AND ( `consume_status` IN ('1','2') ) AND ( `transfer_status` = '0' ) AND ( `del_flag` = '0' ) AND ( `create_by` = 'kefuanmoyitest' ) AND ( `create_date` >= '2017-01-04 00:00:00' ) GROUP BY month(create_date)  [ RunTime:0.672038s ]
SQL: SHOW COLUMNS FROM `weixin_enterprise_payment` [ RunTime:0.087005s ]
SQL: SELECT month(create_date) as month,sum(amount) as amount FROM `weixin_enterprise_payment` WHERE ( `status` = '1' ) AND ( `openid` = 'odOIPv9UcOs4N_jKX0JECOwADE7s' ) GROUP BY month(create_date)  [ RunTime:0.033002s ]
SQL: SHOW COLUMNS FROM `weixin_pay_rec` [ RunTime:0.091005s ]
SQL: SELECT month(create_date) as month,sum(pay_account) pay_account FROM `weixin_pay_rec` WHERE ( `pay_status` = '1' ) AND ( `is_close` = '0' ) AND ( `create_by` = 'kefuanmoyitest' ) GROUP BY month(create_date)  [ RunTime:1.828104s ]
NOTIC: [8] Undefined index: month D:\phpStudy\WWW\Rose\Lib\Action\Wap\FinanceAction.class.php 第 107 行.
NOTIC: [8] Undefined index: month D:\phpStudy\WWW\Rose\Lib\Action\Wap\FinanceAction.class.php 第 107 行.
NOTIC: [8] Undefined index: month D:\phpStudy\WWW\Rose\Lib\Action\Wap\FinanceAction.class.php 第 107 行.
NOTIC: [8] Undefined index: month D:\phpStudy\WWW\Rose\Lib\Action\Wap\FinanceAction.class.php 第 107 行.
NOTIC: [8] Undefined index: month D:\phpStudy\WWW\Rose\Lib\Action\Wap\FinanceAction.class.php 第 107 行.
NOTIC: [8] Undefined index: month D:\phpStudy\WWW\Rose\Lib\Action\Wap\FinanceAction.class.php 第 107 行.
NOTIC: [8] Undefined index: month D:\phpStudy\WWW\Rose\Lib\Action\Wap\FinanceAction.class.php 第 107 行.
NOTIC: [8] Undefined index: month D:\phpStudy\WWW\Rose\Lib\Action\Wap\FinanceAction.class.php 第 107 行.
NOTIC: [8] Undefined index: month D:\phpStudy\WWW\Rose\Lib\Action\Wap\FinanceAction.class.php 第 107 行.
NOTIC: [8] Undefined index: month D:\phpStudy\WWW\Rose\Lib\Action\Wap\FinanceAction.class.php 第 107 行.
NOTIC: [8] Undefined index: month D:\phpStudy\WWW\Rose\Lib\Action\Wap\FinanceAction.class.php 第 107 行.
INFO: [ view_template ] --START--
INFO: Run LocationTemplate Behavior [ RunTime:-4.406252s ]
INFO: [ view_template ] --END-- [ RunTime:0.003000s ]
INFO: [ view_parse ] --START--
NOTIC: [8] Undefined index: pay_account D:\phpStudy\WWW\Rose\logs\Cache\Wap\b7d919ef8e556e92c8c6db29e13f9f3e.php 第 30 行.
NOTIC: [8] Undefined index: pay_account D:\phpStudy\WWW\Rose\logs\Cache\Wap\b7d919ef8e556e92c8c6db29e13f9f3e.php 第 30 行.
NOTIC: [8] Undefined index: pay_account D:\phpStudy\WWW\Rose\logs\Cache\Wap\b7d919ef8e556e92c8c6db29e13f9f3e.php 第 30 行.
NOTIC: [8] Undefined index: amount D:\phpStudy\WWW\Rose\logs\Cache\Wap\b7d919ef8e556e92c8c6db29e13f9f3e.php 第 34 行.
NOTIC: [8] Undefined index: amount D:\phpStudy\WWW\Rose\logs\Cache\Wap\b7d919ef8e556e92c8c6db29e13f9f3e.php 第 37 行.
NOTIC: [8] Undefined index: amount D:\phpStudy\WWW\Rose\logs\Cache\Wap\b7d919ef8e556e92c8c6db29e13f9f3e.php 第 37 行.
NOTIC: [8] Undefined index: pay_account D:\phpStudy\WWW\Rose\logs\Cache\Wap\b7d919ef8e556e92c8c6db29e13f9f3e.php 第 30 行.
NOTIC: [8] Undefined index: amount D:\phpStudy\WWW\Rose\logs\Cache\Wap\b7d919ef8e556e92c8c6db29e13f9f3e.php 第 34 行.
NOTIC: [8] Undefined index: amount D:\phpStudy\WWW\Rose\logs\Cache\Wap\b7d919ef8e556e92c8c6db29e13f9f3e.php 第 37 行.
NOTIC: [8] Undefined index: amount D:\phpStudy\WWW\Rose\logs\Cache\Wap\b7d919ef8e556e92c8c6db29e13f9f3e.php 第 37 行.
NOTIC: [8] Undefined index: pay_account D:\phpStudy\WWW\Rose\logs\Cache\Wap\b7d919ef8e556e92c8c6db29e13f9f3e.php 第 30 行.
NOTIC: [8] Undefined index: pay_account D:\phpStudy\WWW\Rose\logs\Cache\Wap\b7d919ef8e556e92c8c6db29e13f9f3e.php 第 30 行.
NOTIC: [8] Undefined index: amount D:\phpStudy\WWW\Rose\logs\Cache\Wap\b7d919ef8e556e92c8c6db29e13f9f3e.php 第 34 行.
NOTIC: [8] Undefined index: amount D:\phpStudy\WWW\Rose\logs\Cache\Wap\b7d919ef8e556e92c8c6db29e13f9f3e.php 第 37 行.
NOTIC: [8] Undefined index: amount D:\phpStudy\WWW\Rose\logs\Cache\Wap\b7d919ef8e556e92c8c6db29e13f9f3e.php 第 37 行.
NOTIC: [8] Undefined index: pay_account D:\phpStudy\WWW\Rose\logs\Cache\Wap\b7d919ef8e556e92c8c6db29e13f9f3e.php 第 30 行.
NOTIC: [8] Undefined index: pay_account D:\phpStudy\WWW\Rose\logs\Cache\Wap\b7d919ef8e556e92c8c6db29e13f9f3e.php 第 30 行.
NOTIC: [8] Undefined index: pay_account D:\phpStudy\WWW\Rose\logs\Cache\Wap\b7d919ef8e556e92c8c6db29e13f9f3e.php 第 30 行.
NOTIC: [8] Undefined index: acount D:\phpStudy\WWW\Rose\logs\Cache\Wap\b7d919ef8e556e92c8c6db29e13f9f3e.php 第 26 行.
NOTIC: [8] Undefined index: pay_account D:\phpStudy\WWW\Rose\logs\Cache\Wap\b7d919ef8e556e92c8c6db29e13f9f3e.php 第 30 行.
NOTIC: [8] Undefined index: acount D:\phpStudy\WWW\Rose\logs\Cache\Wap\b7d919ef8e556e92c8c6db29e13f9f3e.php 第 37 行.
NOTIC: [8] Undefined index: acount D:\phpStudy\WWW\Rose\logs\Cache\Wap\b7d919ef8e556e92c8c6db29e13f9f3e.php 第 26 行.
NOTIC: [8] Undefined index: pay_account D:\phpStudy\WWW\Rose\logs\Cache\Wap\b7d919ef8e556e92c8c6db29e13f9f3e.php 第 30 行.
NOTIC: [8] Undefined index: acount D:\phpStudy\WWW\Rose\logs\Cache\Wap\b7d919ef8e556e92c8c6db29e13f9f3e.php 第 37 行.
INFO: Run ParseTemplate Behavior [ RunTime:-4.409252s ]
INFO: [ view_parse ] --END-- [ RunTime:0.018001s ]
INFO: [ view_filter ] --START--
INFO: Run ContentReplace Behavior [ RunTime:-4.427253s ]
INFO: Run TokenBuild Behavior [ RunTime:-4.429253s ]
INFO: Run WriteHtmlCache Behavior [ RunTime:-4.432254s ]
INFO: Run ShowRuntime Behavior [ RunTime:-4.433254s ]
INFO: [ view_filter ] --END-- [ RunTime:0.008001s ]
INFO: [ view_end ] --START--
INFO: Run ShowPageTrace Behavior [ RunTime:-4.435254s ]
INFO: [ view_end ] --END-- [ RunTime:0.002000s ]

