[ 2018-03-12T11:47:59+08:00 ] 0.0.0.0 /Rose/index.php?g=Wap&m=Rose2Orderflow&a=index&openid=odOIPv9UcOs4N_jKX0JECOwADE7s
INFO: [ app_begin ] --START--
INFO: Run ReadHtmlCache Behavior [ RunTime:0.020001s ]
INFO: [ app_begin ] --END-- [ RunTime:0.048002s ]
NOTIC: [8] A session had already been started - ignoring session_start() D:\phpStudy\WWW\Rose\Lib\Action\Wap\Rose2BaseAction.class.php 第 2 行.
SQL: SHOW COLUMNS FROM `sys_user` [ RunTime:0.553031s ]
SQL: SELECT * FROM `sys_user` WHERE ( `del_flag` = 0 ) AND ( `openid` = 'odOIPv9UcOs4N_jKX0JECOwADE7s' ) AND ( `login_flag` = '0' ) LIMIT 1   [ RunTime:0.002000s ]
SQL: SELECT * FROM `sys_user` WHERE ( `del_flag` = 0 ) AND ( `openid` = 'odOIPv9UcOs4N_jKX0JECOwADE7s' ) LIMIT 1   [ RunTime:0.001000s ]
NOTIC: [8] Trying to get property of non-object D:\phpStudy\WWW\Rose\Core\Extend\Vendor\weixin\jssdk.php 第 75 行.
NOTIC: [8] Trying to get property of non-object D:\phpStudy\WWW\Rose\Core\Extend\Vendor\weixin\jssdk.php 第 53 行.
SQL: SHOW COLUMNS FROM `weixin_userinfo` [ RunTime:0.211012s ]
SQL: SELECT * FROM `weixin_userinfo` WHERE ( `del_flag` = 0 ) AND ( `from_username` = 'odOIPv9UcOs4N_jKX0JECOwADE7s' ) LIMIT 1   [ RunTime:0.004000s ]
SQL: SHOW COLUMNS FROM `device_consume_rec` [ RunTime:0.418024s ]
SQL: SELECT `deivce_command`,`consume_account`,`type`,`command_status`,`create_date` FROM `device_consume_rec` WHERE ( `create_by` = 'kefuanmoyitest' ) AND ( `consume_status` = '1' ) AND ( `command_status` = '2' ) AND ( `transfer_status` = '0' ) AND ( `del_flag` = 0 ) AND ( `create_date` >= '2018-03-12 00:00:00' ) ORDER BY create_date desc LIMIT 10   [ RunTime:2.822162s ]
INFO: [ view_template ] --START--
INFO: Run LocationTemplate Behavior [ RunTime:-7.431425s ]
INFO: [ view_template ] --END-- [ RunTime:0.081004s ]
INFO: [ view_parse ] --START--
INFO: Run ParseTemplate Behavior [ RunTime:-7.511429s ]
INFO: [ view_parse ] --END-- [ RunTime:0.409024s ]
INFO: [ view_filter ] --START--
INFO: Run ContentReplace Behavior [ RunTime:-7.921453s ]
INFO: Run TokenBuild Behavior [ RunTime:-7.942454s ]
INFO: Run WriteHtmlCache Behavior [ RunTime:-7.956455s ]
INFO: Run ShowRuntime Behavior [ RunTime:-7.982456s ]
INFO: [ view_filter ] --END-- [ RunTime:0.081005s ]
INFO: [ view_end ] --START--
INFO: Run ShowPageTrace Behavior [ RunTime:-8.002458s ]
INFO: [ view_end ] --END-- [ RunTime:0.014000s ]

[ 2018-03-12T17:01:33+08:00 ] 0.0.0.0 /Rose/index.php?g=Wap&m=Rose2Orderflow&a=index&openid=odOIPv9UcOs4N_jKX0JECOwADE7s
INFO: [ app_begin ] --START--
INFO: Run ReadHtmlCache Behavior [ RunTime:0.003001s ]
INFO: [ app_begin ] --END-- [ RunTime:0.003001s ]
NOTIC: [8] A session had already been started - ignoring session_start() D:\phpStudy\WWW\Rose\Lib\Action\Wap\Rose2BaseAction.class.php 第 2 行.
SQL: SHOW COLUMNS FROM `sys_user` [ RunTime:0.057003s ]
SQL: SELECT * FROM `sys_user` WHERE ( `del_flag` = 0 ) AND ( `openid` = 'odOIPv9UcOs4N_jKX0JECOwADE7s' ) AND ( `login_flag` = '0' ) LIMIT 1   [ RunTime:0.114007s ]
SQL: SELECT * FROM `sys_user` WHERE ( `del_flag` = 0 ) AND ( `openid` = 'odOIPv9UcOs4N_jKX0JECOwADE7s' ) LIMIT 1   [ RunTime:0.002000s ]
NOTIC: [8] Trying to get property of non-object D:\phpStudy\WWW\Rose\Core\Extend\Vendor\weixin\jssdk.php 第 75 行.
NOTIC: [8] Trying to get property of non-object D:\phpStudy\WWW\Rose\Core\Extend\Vendor\weixin\jssdk.php 第 53 行.
SQL: SHOW COLUMNS FROM `weixin_userinfo` [ RunTime:0.020001s ]
SQL: SELECT * FROM `weixin_userinfo` WHERE ( `del_flag` = 0 ) AND ( `from_username` = 'odOIPv9UcOs4N_jKX0JECOwADE7s' ) LIMIT 1   [ RunTime:0.034002s ]
SQL: SHOW COLUMNS FROM `device_consume_rec` [ RunTime:0.015001s ]
SQL: SELECT `deivce_command`,`consume_account`,`type`,`command_status`,`create_date` FROM `device_consume_rec` WHERE ( `create_by` = 'kefuanmoyitest' ) AND ( `consume_status` = '1' ) AND ( `command_status` = '2' ) AND ( `transfer_status` = '0' ) AND ( `del_flag` = 0 ) AND ( `create_date` >= '2018-03-12 00:00:00' ) ORDER BY create_date desc LIMIT 10   [ RunTime:8.623493s ]
INFO: [ view_template ] --START--
INFO: Run LocationTemplate Behavior [ RunTime:-10.202583s ]
INFO: [ view_template ] --END-- [ RunTime:0.035002s ]
INFO: [ view_parse ] --START--
INFO: Run ParseTemplate Behavior [ RunTime:-10.237585s ]
INFO: [ view_parse ] --END-- [ RunTime:0.248014s ]
INFO: [ view_filter ] --START--
INFO: Run ContentReplace Behavior [ RunTime:-10.485599s ]
INFO: Run TokenBuild Behavior [ RunTime:-10.487600s ]
INFO: Run WriteHtmlCache Behavior [ RunTime:-10.488600s ]
INFO: Run ShowRuntime Behavior [ RunTime:-10.489600s ]
INFO: [ view_filter ] --END-- [ RunTime:0.005001s ]
INFO: [ view_end ] --START--
INFO: Run ShowPageTrace Behavior [ RunTime:-10.511601s ]
INFO: [ view_end ] --END-- [ RunTime:0.006000s ]

