[ 2018-03-21T19:00:08+08:00 ] 0.0.0.0 /Rose/index.php?g=Wap&m=Car_Wash_Pay&a=news&scan_code=ZHGZPY00166&openid=odOIPv9UcOs4N_jKX0JECOwADE7s
INFO: [ app_begin ] --START--
INFO: Run ReadHtmlCache Behavior [ RunTime:0.016001s ]
INFO: [ app_begin ] --END-- [ RunTime:0.029002s ]
SQL: SHOW COLUMNS FROM `device_info` [ RunTime:0.074005s ]
SQL: SELECT * FROM `device_info` WHERE ( `scan_code` = 'ZHGZPY00166' ) AND ( `device_status` = 1 ) AND ( `del_flag` = 0 ) LIMIT 1   [ RunTime:0.002000s ]
SQL: SHOW COLUMNS FROM `device_relation_group` [ RunTime:0.085005s ]
SQL: SELECT * FROM `device_relation_group` WHERE ( `di_id` = '2016123010_2FC2C4F29CAF97922A3F9D3F290D02F1' ) AND ( `del_flag` = 0 ) AND ( `device_type` = 7 ) LIMIT 1   [ RunTime:0.019001s ]
SQL: SHOW COLUMNS FROM `sys_user` [ RunTime:0.218012s ]
SQL: SELECT su.phone,su.title FROM sys_user su LEFT JOIN device_info di on di.owner_id=su.id WHERE ( di.scan_code = 'ZHGZPY00166' ) AND ( di.del_flag = 0 ) AND ( su.del_flag = 0 ) LIMIT 1   [ RunTime:0.001001s ]
INFO: [ view_template ] --START--
INFO: Run LocationTemplate Behavior [ RunTime:-4.483257s ]
INFO: [ view_template ] --END-- [ RunTime:0.019001s ]
INFO: [ view_parse ] --START--
NOTIC: [8] Use of undefined constant wechat - assumed 'wechat' D:\phpStudy\WWW\Rose\logs\Cache\Wap\120b268aac98074ef532a57af49d6a39.php 第 117 行.
NOTIC: [8] Undefined variable: buyer_id D:\phpStudy\WWW\Rose\logs\Cache\Wap\120b268aac98074ef532a57af49d6a39.php 第 121 行.
NOTIC: [8] Undefined variable: openid D:\phpStudy\WWW\Rose\logs\Cache\Wap\120b268aac98074ef532a57af49d6a39.php 第 137 行.
NOTIC: [8] Undefined variable: buyer_id D:\phpStudy\WWW\Rose\logs\Cache\Wap\120b268aac98074ef532a57af49d6a39.php 第 139 行.
INFO: Run ParseTemplate Behavior [ RunTime:-4.502258s ]
INFO: [ view_parse ] --END-- [ RunTime:0.095005s ]
INFO: [ view_filter ] --START--
INFO: Run ContentReplace Behavior [ RunTime:-4.597263s ]
INFO: Run TokenBuild Behavior [ RunTime:-4.599263s ]
INFO: Run WriteHtmlCache Behavior [ RunTime:-4.601263s ]
INFO: Run ShowRuntime Behavior [ RunTime:-4.602263s ]
INFO: [ view_filter ] --END-- [ RunTime:0.007000s ]
INFO: [ view_end ] --START--
INFO: Run ShowPageTrace Behavior [ RunTime:-4.604263s ]
INFO: [ view_end ] --END-- [ RunTime:0.002001s ]

[ 2018-03-21T19:22:12+08:00 ] 0.0.0.0 /Rose/index.php?g=Wap&m=Rose2Personal&a=index&openid=odOIPv9UcOs4N_jKX0JECOwADE7s
INFO: [ app_begin ] --START--
INFO: Run ReadHtmlCache Behavior [ RunTime:0.021001s ]
INFO: [ app_begin ] --END-- [ RunTime:0.021001s ]
NOTIC: [8] A session had already been started - ignoring session_start() D:\phpStudy\WWW\Rose\Lib\Action\Wap\Rose2BaseAction.class.php 第 2 行.
SQL: SHOW COLUMNS FROM `sys_user` [ RunTime:0.015001s ]
SQL: SELECT * FROM `sys_user` WHERE ( `del_flag` = 0 ) AND ( `openid` = 'odOIPv9UcOs4N_jKX0JECOwADE7s' ) AND ( `login_flag` = '0' ) LIMIT 1   [ RunTime:0.010000s ]
SQL: SELECT * FROM `sys_user` WHERE ( `del_flag` = 0 ) AND ( `openid` = 'odOIPv9UcOs4N_jKX0JECOwADE7s' ) LIMIT 1   [ RunTime:0.002001s ]
NOTIC: [8] Trying to get property of non-object D:\phpStudy\WWW\Rose\Core\Extend\Vendor\weixin\jssdk.php 第 75 行.
NOTIC: [8] Trying to get property of non-object D:\phpStudy\WWW\Rose\Core\Extend\Vendor\weixin\jssdk.php 第 53 行.
SQL: SHOW COLUMNS FROM `weixin_userinfo` [ RunTime:0.133008s ]
SQL: SELECT * FROM `weixin_userinfo` WHERE ( `del_flag` = 0 ) AND ( `from_username` = 'odOIPv9UcOs4N_jKX0JECOwADE7s' ) LIMIT 1   [ RunTime:0.001000s ]
SQL: SHOW COLUMNS FROM `device_consume_rec` [ RunTime:0.152008s ]
SQL: SELECT SUM(consume_account) AS tp_sum FROM `device_consume_rec` WHERE ( `command_status` = '2' ) AND ( `del_flag` = '0' ) AND ( `type` IN ('1','3','5','9','11','13','15','17','19') ) AND ( `transfer_status` = '0' ) AND ( `consume_status` IN ('1','2') ) AND ( `create_by` = 'kefuanmoyitest' ) LIMIT 1   [ RunTime:0.712041s ]
SQL: SELECT SUM(consume_account) AS tp_sum FROM `device_consume_rec` WHERE ( `command_status` = '2' ) AND ( `del_flag` = '0' ) AND ( `type` IN ('2','4','6','10','12','14','16','18') ) AND ( `transfer_status` = '0' ) AND ( `consume_status` IN ('1','2') ) AND ( `create_by` = 'kefuanmoyitest' ) LIMIT 1   [ RunTime:0.673039s ]
SQL: SHOW COLUMNS FROM `device_info` [ RunTime:0.009000s ]
SQL: SELECT sum(dw.LOC_OP) c from (SELECT * from (SELECT dr.* FROM `device_info` LEFT JOIN device_record
 dr on dr.dev_id=device_info.device_command WHERE ( device_info.del_flag = 0 )
 AND ( device_info.office_id = 'a721bdccfcb44571a48df2065950d05d' ) ORDER BY dr.LOC_OP desc)
 da GROUP BY da.dev_id ORDER BY da.LOC_OP desc) dw [ RunTime:4.016230s ]
SQL: SELECT * FROM `sys_user` WHERE ( `del_flag` = 0 ) AND ( `openid` = 'odOIPv9UcOs4N_jKX0JECOwADE7s' ) LIMIT 1   [ RunTime:0.012001s ]
SQL: UPDATE `sys_user` SET `totals`=161.5 WHERE ( `del_flag` = 0 ) AND ( `id` = 'kefuanmoyitest' ) [ RunTime:0.058003s ]
SQL: SELECT SUM(totals-consume) AS tp_sum FROM `sys_user` WHERE ( `del_flag` = 0 ) AND ( `openid` = 'odOIPv9UcOs4N_jKX0JECOwADE7s' ) LIMIT 1   [ RunTime:0.011001s ]
SQL: SHOW COLUMNS FROM `car_pay` [ RunTime:0.059003s ]
SQL: SELECT * FROM `car_pay` WHERE ( `create_by` = 'kefuanmoyitest' ) LIMIT 1   [ RunTime:0.000000s ]
INFO: [ view_template ] --START--
INFO: Run LocationTemplate Behavior [ RunTime:-7.301418s ]
INFO: [ view_template ] --END-- [ RunTime:0.027002s ]
INFO: [ view_parse ] --START--
INFO: Run ParseTemplate Behavior [ RunTime:-7.328420s ]
INFO: [ view_parse ] --END-- [ RunTime:0.070004s ]
INFO: [ view_filter ] --START--
INFO: Run ContentReplace Behavior [ RunTime:-7.398424s ]
INFO: Run TokenBuild Behavior [ RunTime:-7.400424s ]
INFO: Run WriteHtmlCache Behavior [ RunTime:-7.402424s ]
INFO: Run ShowRuntime Behavior [ RunTime:-7.403424s ]
INFO: [ view_filter ] --END-- [ RunTime:0.007000s ]
INFO: [ view_end ] --START--
INFO: Run ShowPageTrace Behavior [ RunTime:-7.405424s ]
INFO: [ view_end ] --END-- [ RunTime:0.002000s ]

[ 2018-03-21T19:22:22+08:00 ] 0.0.0.0 /Rose/index.php?g=Wap&m=CarWallet&a=index&openid=odOIPv9UcOs4N_jKX0JECOwADE7s
INFO: [ app_begin ] --START--
INFO: Run ReadHtmlCache Behavior [ RunTime:0.000000s ]
INFO: [ app_begin ] --END-- [ RunTime:0.000000s ]
NOTIC: [8] A session had already been started - ignoring session_start() D:\phpStudy\WWW\Rose\Lib\Action\Wap\Rose2BaseAction.class.php 第 2 行.
SQL: SHOW COLUMNS FROM `sys_user` [ RunTime:0.019001s ]
SQL: SELECT * FROM `sys_user` WHERE ( `del_flag` = 0 ) AND ( `openid` = 'odOIPv9UcOs4N_jKX0JECOwADE7s' ) AND ( `login_flag` = '0' ) LIMIT 1   [ RunTime:0.001000s ]
SQL: SELECT * FROM `sys_user` WHERE ( `del_flag` = 0 ) AND ( `openid` = 'odOIPv9UcOs4N_jKX0JECOwADE7s' ) LIMIT 1   [ RunTime:0.001000s ]
NOTIC: [8] Trying to get property of non-object D:\phpStudy\WWW\Rose\Core\Extend\Vendor\weixin\jssdk.php 第 75 行.
NOTIC: [8] Trying to get property of non-object D:\phpStudy\WWW\Rose\Core\Extend\Vendor\weixin\jssdk.php 第 53 行.
SQL: SHOW COLUMNS FROM `weixin_userinfo` [ RunTime:0.020001s ]
SQL: SELECT * FROM `weixin_userinfo` WHERE ( `del_flag` = 0 ) AND ( `from_username` = 'odOIPv9UcOs4N_jKX0JECOwADE7s' ) LIMIT 1   [ RunTime:0.013001s ]
SQL: SHOW COLUMNS FROM `car_pay` [ RunTime:0.014001s ]
SQL: SELECT SUM(account) AS tp_sum FROM `car_pay` WHERE ( `status` = '1' ) AND ( `create_by` = 'kefuanmoyitest' ) LIMIT 1   [ RunTime:0.000000s ]
SQL: SHOW COLUMNS FROM `car_user` [ RunTime:0.039002s ]
SQL: SELECT * FROM `car_user` WHERE ( `user_id` = 'kefuanmoyitest' ) LIMIT 1   [ RunTime:0.001000s ]
SQL: UPDATE `car_user` SET `totals`='5' WHERE ( `user_id` = 'kefuanmoyitest' ) [ RunTime:0.000000s ]
INFO: [ view_template ] --START--
INFO: Run LocationTemplate Behavior [ RunTime:-1.309075s ]
INFO: [ view_template ] --END-- [ RunTime:0.009001s ]
INFO: [ view_parse ] --START--
INFO: Run ParseTemplate Behavior [ RunTime:-1.319076s ]
INFO: [ view_parse ] --END-- [ RunTime:0.033001s ]
INFO: [ view_filter ] --START--
INFO: Run ContentReplace Behavior [ RunTime:-1.352077s ]
INFO: Run TokenBuild Behavior [ RunTime:-1.353078s ]
INFO: Run WriteHtmlCache Behavior [ RunTime:-1.354078s ]
INFO: Run ShowRuntime Behavior [ RunTime:-1.354078s ]
INFO: [ view_filter ] --END-- [ RunTime:0.003001s ]
INFO: [ view_end ] --START--
INFO: Run ShowPageTrace Behavior [ RunTime:-1.355078s ]
INFO: [ view_end ] --END-- [ RunTime:0.001000s ]

[ 2018-03-21T19:22:23+08:00 ] ERR: (ThinkException) 非法操作:cash_money
[ 2018-03-21T19:23:21+08:00 ] ERR: (ThinkException) 无法加载模块:Index
[ 2018-03-21T19:23:34+08:00 ] 0.0.0.0 /Rose/index.php?g=Wap&m=CarWallet&a=index&openid=odOIPv9UcOs4N_jKX0JECOwADE7s
INFO: [ app_begin ] --START--
INFO: Run ReadHtmlCache Behavior [ RunTime:0.001000s ]
INFO: [ app_begin ] --END-- [ RunTime:0.001000s ]
NOTIC: [8] A session had already been started - ignoring session_start() D:\phpStudy\WWW\Rose\Lib\Action\Wap\Rose2BaseAction.class.php 第 2 行.
SQL: SHOW COLUMNS FROM `sys_user` [ RunTime:0.019001s ]
SQL: SELECT * FROM `sys_user` WHERE ( `del_flag` = 0 ) AND ( `openid` = 'odOIPv9UcOs4N_jKX0JECOwADE7s' ) AND ( `login_flag` = '0' ) LIMIT 1   [ RunTime:0.002000s ]
SQL: SELECT * FROM `sys_user` WHERE ( `del_flag` = 0 ) AND ( `openid` = 'odOIPv9UcOs4N_jKX0JECOwADE7s' ) LIMIT 1   [ RunTime:0.002000s ]
NOTIC: [8] Trying to get property of non-object D:\phpStudy\WWW\Rose\Core\Extend\Vendor\weixin\jssdk.php 第 75 行.
NOTIC: [8] Trying to get property of non-object D:\phpStudy\WWW\Rose\Core\Extend\Vendor\weixin\jssdk.php 第 53 行.
SQL: SHOW COLUMNS FROM `weixin_userinfo` [ RunTime:0.016001s ]
SQL: SELECT * FROM `weixin_userinfo` WHERE ( `del_flag` = 0 ) AND ( `from_username` = 'odOIPv9UcOs4N_jKX0JECOwADE7s' ) LIMIT 1   [ RunTime:0.001000s ]
SQL: SHOW COLUMNS FROM `car_pay` [ RunTime:0.012001s ]
SQL: SELECT SUM(account) AS tp_sum FROM `car_pay` WHERE ( `status` = '1' ) AND ( `create_by` = 'kefuanmoyitest' ) LIMIT 1   [ RunTime:0.000000s ]
SQL: SHOW COLUMNS FROM `car_user` [ RunTime:0.013001s ]
SQL: SELECT * FROM `car_user` WHERE ( `user_id` = 'kefuanmoyitest' ) LIMIT 1   [ RunTime:0.000000s ]
SQL: UPDATE `car_user` SET `totals`='5' WHERE ( `user_id` = 'kefuanmoyitest' ) [ RunTime:0.001000s ]
INFO: [ view_template ] --START--
INFO: Run LocationTemplate Behavior [ RunTime:-1.199069s ]
INFO: [ view_template ] --END-- [ RunTime:0.002000s ]
INFO: [ view_parse ] --START--
INFO: Run ParseTemplate Behavior [ RunTime:-1.201069s ]
INFO: [ view_parse ] --END-- [ RunTime:0.014001s ]
INFO: [ view_filter ] --START--
INFO: Run ContentReplace Behavior [ RunTime:-1.215070s ]
INFO: Run TokenBuild Behavior [ RunTime:-1.216070s ]
INFO: Run WriteHtmlCache Behavior [ RunTime:-1.217070s ]
INFO: Run ShowRuntime Behavior [ RunTime:-1.218070s ]
INFO: [ view_filter ] --END-- [ RunTime:0.004000s ]
INFO: [ view_end ] --START--
INFO: Run ShowPageTrace Behavior [ RunTime:-1.219070s ]
INFO: [ view_end ] --END-- [ RunTime:0.002000s ]

[ 2018-03-21T19:23:36+08:00 ] 0.0.0.0 /Rose/index.php?g=Wap&m=CarWallet&a=cash_money
INFO: [ app_begin ] --START--
INFO: Run ReadHtmlCache Behavior [ RunTime:0.001000s ]
INFO: [ app_begin ] --END-- [ RunTime:0.001000s ]
NOTIC: [8] A session had already been started - ignoring session_start() D:\phpStudy\WWW\Rose\Lib\Action\Wap\Rose2BaseAction.class.php 第 2 行.
SQL: SHOW COLUMNS FROM `sys_user` [ RunTime:0.018001s ]
SQL: SELECT * FROM `sys_user` WHERE ( `del_flag` = 0 ) AND ( `openid` = 'odOIPv9UcOs4N_jKX0JECOwADE7s' ) AND ( `login_flag` = '0' ) LIMIT 1   [ RunTime:0.001000s ]
SQL: SELECT * FROM `sys_user` WHERE ( `del_flag` = 0 ) AND ( `openid` = 'odOIPv9UcOs4N_jKX0JECOwADE7s' ) LIMIT 1   [ RunTime:0.001000s ]
NOTIC: [8] Trying to get property of non-object D:\phpStudy\WWW\Rose\Core\Extend\Vendor\weixin\jssdk.php 第 75 行.
NOTIC: [8] Trying to get property of non-object D:\phpStudy\WWW\Rose\Core\Extend\Vendor\weixin\jssdk.php 第 53 行.
SQL: SHOW COLUMNS FROM `weixin_userinfo` [ RunTime:0.018001s ]
SQL: SELECT * FROM `weixin_userinfo` WHERE ( `del_flag` = 0 ) AND ( `from_username` = 'odOIPv9UcOs4N_jKX0JECOwADE7s' ) LIMIT 1   [ RunTime:0.001000s ]
SQL: SHOW COLUMNS FROM `car_user` [ RunTime:0.013001s ]
SQL: SELECT SUM(totals-consume) AS tp_sum FROM `car_user` WHERE ( `openid` = 'odOIPv9UcOs4N_jKX0JECOwADE7s' ) LIMIT 1   [ RunTime:0.000000s ]

[ 2018-03-21T19:23:58+08:00 ] ERR: (ThinkException) 非法操作:shortmessage
[ 2018-03-21T19:25:06+08:00 ] 0.0.0.0 /Rose/index.php?g=Wap&m=CarWallet&a=index&openid=odOIPv9UcOs4N_jKX0JECOwADE7s
INFO: [ app_begin ] --START--
INFO: Run ReadHtmlCache Behavior [ RunTime:0.001000s ]
INFO: [ app_begin ] --END-- [ RunTime:0.001000s ]
NOTIC: [8] A session had already been started - ignoring session_start() D:\phpStudy\WWW\Rose\Lib\Action\Wap\Rose2BaseAction.class.php 第 2 行.
SQL: SHOW COLUMNS FROM `sys_user` [ RunTime:0.016000s ]
SQL: SELECT * FROM `sys_user` WHERE ( `del_flag` = 0 ) AND ( `openid` = 'odOIPv9UcOs4N_jKX0JECOwADE7s' ) AND ( `login_flag` = '0' ) LIMIT 1   [ RunTime:0.001000s ]
SQL: SELECT * FROM `sys_user` WHERE ( `del_flag` = 0 ) AND ( `openid` = 'odOIPv9UcOs4N_jKX0JECOwADE7s' ) LIMIT 1   [ RunTime:0.001000s ]
NOTIC: [8] Trying to get property of non-object D:\phpStudy\WWW\Rose\Core\Extend\Vendor\weixin\jssdk.php 第 75 行.
NOTIC: [8] Trying to get property of non-object D:\phpStudy\WWW\Rose\Core\Extend\Vendor\weixin\jssdk.php 第 53 行.
SQL: SHOW COLUMNS FROM `weixin_userinfo` [ RunTime:0.016001s ]
SQL: SELECT * FROM `weixin_userinfo` WHERE ( `del_flag` = 0 ) AND ( `from_username` = 'odOIPv9UcOs4N_jKX0JECOwADE7s' ) LIMIT 1   [ RunTime:0.001000s ]
SQL: SHOW COLUMNS FROM `car_pay` [ RunTime:0.014001s ]
SQL: SELECT SUM(account) AS tp_sum FROM `car_pay` WHERE ( `status` = '1' ) AND ( `create_by` = 'kefuanmoyitest' ) LIMIT 1   [ RunTime:0.000000s ]
SQL: SHOW COLUMNS FROM `car_user` [ RunTime:0.010000s ]
SQL: SELECT * FROM `car_user` WHERE ( `user_id` = 'kefuanmoyitest' ) LIMIT 1   [ RunTime:0.000000s ]
SQL: UPDATE `car_user` SET `totals`='5' WHERE ( `user_id` = 'kefuanmoyitest' ) [ RunTime:0.001000s ]
INFO: [ view_template ] --START--
INFO: Run LocationTemplate Behavior [ RunTime:-1.245072s ]
INFO: [ view_template ] --END-- [ RunTime:0.001000s ]
INFO: [ view_parse ] --START--
INFO: Run ParseTemplate Behavior [ RunTime:-1.246072s ]
INFO: [ view_parse ] --END-- [ RunTime:0.013000s ]
INFO: [ view_filter ] --START--
INFO: Run ContentReplace Behavior [ RunTime:-1.259072s ]
INFO: Run TokenBuild Behavior [ RunTime:-1.260072s ]
INFO: Run WriteHtmlCache Behavior [ RunTime:-1.261073s ]
INFO: Run ShowRuntime Behavior [ RunTime:-1.262073s ]
INFO: [ view_filter ] --END-- [ RunTime:0.004001s ]
INFO: [ view_end ] --START--
INFO: Run ShowPageTrace Behavior [ RunTime:-1.263073s ]
INFO: [ view_end ] --END-- [ RunTime:0.001000s ]

[ 2018-03-21T19:25:07+08:00 ] 0.0.0.0 /Rose/index.php?g=Wap&m=CarWallet&a=cash_money
INFO: [ app_begin ] --START--
INFO: Run ReadHtmlCache Behavior [ RunTime:0.001000s ]
INFO: [ app_begin ] --END-- [ RunTime:0.001000s ]
NOTIC: [8] A session had already been started - ignoring session_start() D:\phpStudy\WWW\Rose\Lib\Action\Wap\Rose2BaseAction.class.php 第 2 行.
SQL: SHOW COLUMNS FROM `sys_user` [ RunTime:0.017001s ]
SQL: SELECT * FROM `sys_user` WHERE ( `del_flag` = 0 ) AND ( `openid` = 'odOIPv9UcOs4N_jKX0JECOwADE7s' ) AND ( `login_flag` = '0' ) LIMIT 1   [ RunTime:0.001000s ]
SQL: SELECT * FROM `sys_user` WHERE ( `del_flag` = 0 ) AND ( `openid` = 'odOIPv9UcOs4N_jKX0JECOwADE7s' ) LIMIT 1   [ RunTime:0.002000s ]
NOTIC: [8] Trying to get property of non-object D:\phpStudy\WWW\Rose\Core\Extend\Vendor\weixin\jssdk.php 第 75 行.
NOTIC: [8] Trying to get property of non-object D:\phpStudy\WWW\Rose\Core\Extend\Vendor\weixin\jssdk.php 第 53 行.
SQL: SHOW COLUMNS FROM `weixin_userinfo` [ RunTime:0.017001s ]
SQL: SELECT * FROM `weixin_userinfo` WHERE ( `del_flag` = 0 ) AND ( `from_username` = 'odOIPv9UcOs4N_jKX0JECOwADE7s' ) LIMIT 1   [ RunTime:0.001000s ]
SQL: SHOW COLUMNS FROM `car_user` [ RunTime:0.012001s ]
SQL: SELECT SUM(totals-consume) AS tp_sum FROM `car_user` WHERE ( `openid` = 'odOIPv9UcOs4N_jKX0JECOwADE7s' ) LIMIT 1   [ RunTime:0.000000s ]

[ 2018-03-21T19:25:15+08:00 ] 0.0.0.0 /Rose/index.php?g=Wap&m=CarWallet&a=shortmessage
INFO: [ app_begin ] --START--
INFO: Run ReadHtmlCache Behavior [ RunTime:0.003000s ]
INFO: [ app_begin ] --END-- [ RunTime:0.003000s ]
NOTIC: [8] A session had already been started - ignoring session_start() D:\phpStudy\WWW\Rose\Lib\Action\Wap\Rose2BaseAction.class.php 第 2 行.
SQL: SHOW COLUMNS FROM `sys_user` [ RunTime:0.016001s ]
SQL: SELECT * FROM `sys_user` WHERE ( `del_flag` = 0 ) AND ( `openid` = 'odOIPv9UcOs4N_jKX0JECOwADE7s' ) AND ( `login_flag` = '0' ) LIMIT 1   [ RunTime:0.002000s ]
SQL: SELECT * FROM `sys_user` WHERE ( `del_flag` = 0 ) AND ( `openid` = 'odOIPv9UcOs4N_jKX0JECOwADE7s' ) LIMIT 1   [ RunTime:0.001000s ]
NOTIC: [8] Trying to get property of non-object D:\phpStudy\WWW\Rose\Core\Extend\Vendor\weixin\jssdk.php 第 75 行.
NOTIC: [8] Trying to get property of non-object D:\phpStudy\WWW\Rose\Core\Extend\Vendor\weixin\jssdk.php 第 53 行.
SQL: SHOW COLUMNS FROM `weixin_userinfo` [ RunTime:0.016001s ]
SQL: SELECT * FROM `weixin_userinfo` WHERE ( `del_flag` = 0 ) AND ( `from_username` = 'odOIPv9UcOs4N_jKX0JECOwADE7s' ) LIMIT 1   [ RunTime:0.000000s ]
SQL: SELECT * FROM `sys_user` WHERE ( `del_flag` = 0 ) AND ( `phone` = '13824774573' ) LIMIT 1   [ RunTime:0.001000s ]

[ 2018-03-21T20:05:35+08:00 ] 0.0.0.0 /Rose/index.php?g=Wap&m=CarWallet&a=index&openid=odOIPv9UcOs4N_jKX0JECOwADE7s
INFO: [ app_begin ] --START--
INFO: Run ReadHtmlCache Behavior [ RunTime:0.001000s ]
INFO: [ app_begin ] --END-- [ RunTime:0.001000s ]
NOTIC: [8] A session had already been started - ignoring session_start() D:\phpStudy\WWW\Rose\Lib\Action\Wap\Rose2BaseAction.class.php 第 2 行.
SQL: SHOW COLUMNS FROM `sys_user` [ RunTime:0.311018s ]
SQL: SELECT * FROM `sys_user` WHERE ( `del_flag` = 0 ) AND ( `openid` = 'odOIPv9UcOs4N_jKX0JECOwADE7s' ) AND ( `login_flag` = '0' ) LIMIT 1   [ RunTime:0.074005s ]
SQL: SELECT * FROM `sys_user` WHERE ( `del_flag` = 0 ) AND ( `openid` = 'odOIPv9UcOs4N_jKX0JECOwADE7s' ) LIMIT 1   [ RunTime:0.001000s ]
NOTIC: [8] Trying to get property of non-object D:\phpStudy\WWW\Rose\Core\Extend\Vendor\weixin\jssdk.php 第 75 行.
NOTIC: [8] Trying to get property of non-object D:\phpStudy\WWW\Rose\Core\Extend\Vendor\weixin\jssdk.php 第 53 行.
SQL: SHOW COLUMNS FROM `weixin_userinfo` [ RunTime:0.055003s ]
SQL: SELECT * FROM `weixin_userinfo` WHERE ( `del_flag` = 0 ) AND ( `from_username` = 'odOIPv9UcOs4N_jKX0JECOwADE7s' ) LIMIT 1   [ RunTime:0.005000s ]
SQL: SHOW COLUMNS FROM `car_pay` [ RunTime:0.075004s ]
SQL: SELECT SUM(account) AS tp_sum FROM `car_pay` WHERE ( `status` = '1' ) AND ( `create_by` = 'kefuanmoyitest' ) LIMIT 1   [ RunTime:0.000000s ]
SQL: SHOW COLUMNS FROM `car_user` [ RunTime:0.050003s ]
SQL: SELECT * FROM `car_user` WHERE ( `user_id` = 'kefuanmoyitest' ) LIMIT 1   [ RunTime:0.001000s ]
SQL: UPDATE `car_user` SET `totals`='5' WHERE ( `user_id` = 'kefuanmoyitest' ) [ RunTime:0.035002s ]
INFO: [ view_template ] --START--
INFO: Run LocationTemplate Behavior [ RunTime:-2.927167s ]
INFO: [ view_template ] --END-- [ RunTime:0.021001s ]
INFO: [ view_parse ] --START--
INFO: Run ParseTemplate Behavior [ RunTime:-2.948168s ]
INFO: [ view_parse ] --END-- [ RunTime:0.126008s ]
INFO: [ view_filter ] --START--
INFO: Run ContentReplace Behavior [ RunTime:-3.074176s ]
INFO: Run TokenBuild Behavior [ RunTime:-3.076176s ]
INFO: Run WriteHtmlCache Behavior [ RunTime:-3.077176s ]
INFO: Run ShowRuntime Behavior [ RunTime:-3.079176s ]
INFO: [ view_filter ] --END-- [ RunTime:0.006000s ]
INFO: [ view_end ] --START--
INFO: Run ShowPageTrace Behavior [ RunTime:-3.080176s ]
INFO: [ view_end ] --END-- [ RunTime:0.002000s ]

[ 2018-03-21T20:05:36+08:00 ] 0.0.0.0 /Rose/index.php?g=Wap&m=CarWallet&a=cash_money
INFO: [ app_begin ] --START--
INFO: Run ReadHtmlCache Behavior [ RunTime:0.000000s ]
INFO: [ app_begin ] --END-- [ RunTime:0.000000s ]
NOTIC: [8] A session had already been started - ignoring session_start() D:\phpStudy\WWW\Rose\Lib\Action\Wap\Rose2BaseAction.class.php 第 2 行.
SQL: SHOW COLUMNS FROM `sys_user` [ RunTime:0.009000s ]
SQL: SELECT * FROM `sys_user` WHERE ( `del_flag` = 0 ) AND ( `openid` = 'odOIPv9UcOs4N_jKX0JECOwADE7s' ) AND ( `login_flag` = '0' ) LIMIT 1   [ RunTime:0.001000s ]
SQL: SELECT * FROM `sys_user` WHERE ( `del_flag` = 0 ) AND ( `openid` = 'odOIPv9UcOs4N_jKX0JECOwADE7s' ) LIMIT 1   [ RunTime:0.001000s ]
NOTIC: [8] Trying to get property of non-object D:\phpStudy\WWW\Rose\Core\Extend\Vendor\weixin\jssdk.php 第 75 行.
NOTIC: [8] Trying to get property of non-object D:\phpStudy\WWW\Rose\Core\Extend\Vendor\weixin\jssdk.php 第 53 行.
SQL: SHOW COLUMNS FROM `weixin_userinfo` [ RunTime:0.009000s ]
SQL: SELECT * FROM `weixin_userinfo` WHERE ( `del_flag` = 0 ) AND ( `from_username` = 'odOIPv9UcOs4N_jKX0JECOwADE7s' ) LIMIT 1   [ RunTime:0.000000s ]
SQL: SHOW COLUMNS FROM `car_user` [ RunTime:0.008001s ]
SQL: SELECT SUM(totals-consume) AS tp_sum FROM `car_user` WHERE ( `openid` = 'odOIPv9UcOs4N_jKX0JECOwADE7s' ) LIMIT 1   [ RunTime:0.017001s ]

[ 2018-03-21T20:07:50+08:00 ] 0.0.0.0 /Rose/index.php?g=Wap&m=CarWallet&a=index&openid=odOIPv9UcOs4N_jKX0JECOwADE7s
INFO: [ app_begin ] --START--
INFO: Run ReadHtmlCache Behavior [ RunTime:0.001000s ]
INFO: [ app_begin ] --END-- [ RunTime:0.001000s ]
NOTIC: [8] A session had already been started - ignoring session_start() D:\phpStudy\WWW\Rose\Lib\Action\Wap\CarBaseAction.class.php 第 2 行.
SQL: SHOW COLUMNS FROM `sys_user` [ RunTime:0.011001s ]
SQL: SELECT * FROM `sys_user` WHERE ( `del_flag` = 0 ) AND ( `openid` = 'odOIPv9UcOs4N_jKX0JECOwADE7s' ) AND ( `login_flag` = '0' ) LIMIT 1   [ RunTime:0.002000s ]
SQL: SELECT * FROM `sys_user` WHERE ( `del_flag` = 0 ) AND ( `openid` = 'odOIPv9UcOs4N_jKX0JECOwADE7s' ) LIMIT 1   [ RunTime:0.001000s ]
NOTIC: [8] Trying to get property of non-object D:\phpStudy\WWW\Rose\Core\Extend\Vendor\weixin\jssdk.php 第 75 行.
NOTIC: [8] Trying to get property of non-object D:\phpStudy\WWW\Rose\Core\Extend\Vendor\weixin\jssdk.php 第 53 行.
SQL: SHOW COLUMNS FROM `weixin_userinfo` [ RunTime:0.010001s ]
SQL: SELECT * FROM `weixin_userinfo` WHERE ( `del_flag` = 0 ) AND ( `from_username` = 'odOIPv9UcOs4N_jKX0JECOwADE7s' ) LIMIT 1   [ RunTime:0.001000s ]
SQL: SHOW COLUMNS FROM `car_pay` [ RunTime:0.011001s ]
SQL: SELECT SUM(account) AS tp_sum FROM `car_pay` WHERE ( `status` = '1' ) AND ( `create_by` = 'kefuanmoyitest' ) LIMIT 1   [ RunTime:0.001000s ]
SQL: SHOW COLUMNS FROM `car_user` [ RunTime:0.015001s ]
SQL: SELECT * FROM `car_user` WHERE ( `user_id` = 'kefuanmoyitest' ) LIMIT 1   [ RunTime:0.001000s ]
SQL: UPDATE `car_user` SET `totals`='5' WHERE ( `user_id` = 'kefuanmoyitest' ) [ RunTime:0.000000s ]
INFO: [ view_template ] --START--
INFO: Run LocationTemplate Behavior [ RunTime:-1.368079s ]
INFO: [ view_template ] --END-- [ RunTime:0.003000s ]
INFO: [ view_parse ] --START--
INFO: Run ParseTemplate Behavior [ RunTime:-1.371079s ]
INFO: [ view_parse ] --END-- [ RunTime:0.015001s ]
INFO: [ view_filter ] --START--
INFO: Run ContentReplace Behavior [ RunTime:-1.386080s ]
INFO: Run TokenBuild Behavior [ RunTime:-1.387080s ]
INFO: Run WriteHtmlCache Behavior [ RunTime:-1.388080s ]
INFO: Run ShowRuntime Behavior [ RunTime:-1.389080s ]
INFO: [ view_filter ] --END-- [ RunTime:0.004000s ]
INFO: [ view_end ] --START--
INFO: Run ShowPageTrace Behavior [ RunTime:-1.415081s ]
INFO: [ view_end ] --END-- [ RunTime:0.001000s ]

[ 2018-03-21T20:07:52+08:00 ] 0.0.0.0 /Rose/index.php?g=Wap&m=CarWallet&a=cash_money
INFO: [ app_begin ] --START--
INFO: Run ReadHtmlCache Behavior [ RunTime:0.000000s ]
INFO: [ app_begin ] --END-- [ RunTime:0.001001s ]
NOTIC: [8] A session had already been started - ignoring session_start() D:\phpStudy\WWW\Rose\Lib\Action\Wap\CarBaseAction.class.php 第 2 行.
SQL: SHOW COLUMNS FROM `sys_user` [ RunTime:0.013001s ]
SQL: SELECT * FROM `sys_user` WHERE ( `del_flag` = 0 ) AND ( `openid` = 'odOIPv9UcOs4N_jKX0JECOwADE7s' ) AND ( `login_flag` = '0' ) LIMIT 1   [ RunTime:0.002000s ]
SQL: SELECT * FROM `sys_user` WHERE ( `del_flag` = 0 ) AND ( `openid` = 'odOIPv9UcOs4N_jKX0JECOwADE7s' ) LIMIT 1   [ RunTime:0.002000s ]
NOTIC: [8] Trying to get property of non-object D:\phpStudy\WWW\Rose\Core\Extend\Vendor\weixin\jssdk.php 第 75 行.
NOTIC: [8] Trying to get property of non-object D:\phpStudy\WWW\Rose\Core\Extend\Vendor\weixin\jssdk.php 第 53 行.
SQL: SHOW COLUMNS FROM `weixin_userinfo` [ RunTime:0.021001s ]
SQL: SELECT * FROM `weixin_userinfo` WHERE ( `del_flag` = 0 ) AND ( `from_username` = 'odOIPv9UcOs4N_jKX0JECOwADE7s' ) LIMIT 1   [ RunTime:0.000000s ]
SQL: SHOW COLUMNS FROM `car_user` [ RunTime:0.020001s ]
SQL: SELECT SUM(totals-consume) AS tp_sum FROM `car_user` WHERE ( `openid` = 'odOIPv9UcOs4N_jKX0JECOwADE7s' ) LIMIT 1   [ RunTime:0.000000s ]

[ 2018-03-21T20:08:44+08:00 ] 0.0.0.0 /Rose/index.php?g=Wap&m=CarWallet&a=index&openid=odOIPv9UcOs4N_jKX0JECOwADE7s
INFO: [ app_begin ] --START--
INFO: Run ReadHtmlCache Behavior [ RunTime:0.002000s ]
INFO: [ app_begin ] --END-- [ RunTime:0.002000s ]
NOTIC: [8] A session had already been started - ignoring session_start() D:\phpStudy\WWW\Rose\Lib\Action\Wap\CarBaseAction.class.php 第 2 行.
SQL: SHOW COLUMNS FROM `sys_user` [ RunTime:0.017001s ]
SQL: SELECT * FROM `sys_user` WHERE ( `del_flag` = 0 ) AND ( `openid` = 'odOIPv9UcOs4N_jKX0JECOwADE7s' ) AND ( `login_flag` = '0' ) LIMIT 1   [ RunTime:0.003001s ]
SQL: SELECT * FROM `sys_user` WHERE ( `del_flag` = 0 ) AND ( `openid` = 'odOIPv9UcOs4N_jKX0JECOwADE7s' ) LIMIT 1   [ RunTime:0.002000s ]
NOTIC: [8] Trying to get property of non-object D:\phpStudy\WWW\Rose\Core\Extend\Vendor\weixin\jssdk.php 第 75 行.
NOTIC: [8] Trying to get property of non-object D:\phpStudy\WWW\Rose\Core\Extend\Vendor\weixin\jssdk.php 第 53 行.
SQL: SHOW COLUMNS FROM `weixin_userinfo` [ RunTime:0.015001s ]
SQL: SELECT * FROM `weixin_userinfo` WHERE ( `del_flag` = 0 ) AND ( `from_username` = 'odOIPv9UcOs4N_jKX0JECOwADE7s' ) LIMIT 1   [ RunTime:0.000000s ]
SQL: SHOW COLUMNS FROM `car_pay` [ RunTime:0.009000s ]
SQL: SELECT SUM(account) AS tp_sum FROM `car_pay` WHERE ( `status` = '1' ) AND ( `create_by` = 'kefuanmoyitest' ) LIMIT 1   [ RunTime:0.001000s ]
SQL: SHOW COLUMNS FROM `car_user` [ RunTime:0.012001s ]
SQL: SELECT * FROM `car_user` WHERE ( `user_id` = 'kefuanmoyitest' ) LIMIT 1   [ RunTime:0.001000s ]
SQL: UPDATE `car_user` SET `totals`='5' WHERE ( `user_id` = 'kefuanmoyitest' ) [ RunTime:0.000000s ]
INFO: [ view_template ] --START--
INFO: Run LocationTemplate Behavior [ RunTime:-1.160066s ]
INFO: [ view_template ] --END-- [ RunTime:0.002000s ]
INFO: [ view_parse ] --START--
INFO: Run ParseTemplate Behavior [ RunTime:-1.162066s ]
INFO: [ view_parse ] --END-- [ RunTime:0.015001s ]
INFO: [ view_filter ] --START--
INFO: Run ContentReplace Behavior [ RunTime:-1.177067s ]
INFO: Run TokenBuild Behavior [ RunTime:-1.178067s ]
INFO: Run WriteHtmlCache Behavior [ RunTime:-1.179067s ]
INFO: Run ShowRuntime Behavior [ RunTime:-1.180067s ]
INFO: [ view_filter ] --END-- [ RunTime:0.004000s ]
INFO: [ view_end ] --START--
INFO: Run ShowPageTrace Behavior [ RunTime:-1.181067s ]
INFO: [ view_end ] --END-- [ RunTime:0.001000s ]

[ 2018-03-21T20:08:47+08:00 ] 0.0.0.0 /Rose/index.php?g=Wap&m=CarWallet&a=cash_money
INFO: [ app_begin ] --START--
INFO: Run ReadHtmlCache Behavior [ RunTime:0.001001s ]
INFO: [ app_begin ] --END-- [ RunTime:0.001001s ]
NOTIC: [8] A session had already been started - ignoring session_start() D:\phpStudy\WWW\Rose\Lib\Action\Wap\CarBaseAction.class.php 第 2 行.
SQL: SHOW COLUMNS FROM `sys_user` [ RunTime:0.022001s ]
SQL: SELECT * FROM `sys_user` WHERE ( `del_flag` = 0 ) AND ( `openid` = 'odOIPv9UcOs4N_jKX0JECOwADE7s' ) AND ( `login_flag` = '0' ) LIMIT 1   [ RunTime:0.001000s ]
SQL: SELECT * FROM `sys_user` WHERE ( `del_flag` = 0 ) AND ( `openid` = 'odOIPv9UcOs4N_jKX0JECOwADE7s' ) LIMIT 1   [ RunTime:0.000000s ]
NOTIC: [8] Trying to get property of non-object D:\phpStudy\WWW\Rose\Core\Extend\Vendor\weixin\jssdk.php 第 75 行.
NOTIC: [8] Trying to get property of non-object D:\phpStudy\WWW\Rose\Core\Extend\Vendor\weixin\jssdk.php 第 53 行.
SQL: SHOW COLUMNS FROM `weixin_userinfo` [ RunTime:0.022001s ]
SQL: SELECT * FROM `weixin_userinfo` WHERE ( `del_flag` = 0 ) AND ( `from_username` = 'odOIPv9UcOs4N_jKX0JECOwADE7s' ) LIMIT 1   [ RunTime:0.000000s ]
SQL: SHOW COLUMNS FROM `car_user` [ RunTime:0.020001s ]
SQL: SELECT SUM(totals-consume) AS tp_sum FROM `car_user` WHERE ( `openid` = 'odOIPv9UcOs4N_jKX0JECOwADE7s' ) LIMIT 1   [ RunTime:0.000000s ]

[ 2018-03-21T20:08:53+08:00 ] 0.0.0.0 /Rose/index.php?g=Wap&m=CarWallet&a=index&openid=odOIPv9UcOs4N_jKX0JECOwADE7s
INFO: [ app_begin ] --START--
INFO: Run ReadHtmlCache Behavior [ RunTime:0.001000s ]
INFO: [ app_begin ] --END-- [ RunTime:0.001000s ]
NOTIC: [8] A session had already been started - ignoring session_start() D:\phpStudy\WWW\Rose\Lib\Action\Wap\CarBaseAction.class.php 第 2 行.
SQL: SHOW COLUMNS FROM `sys_user` [ RunTime:0.020001s ]
SQL: SELECT * FROM `sys_user` WHERE ( `del_flag` = 0 ) AND ( `openid` = 'odOIPv9UcOs4N_jKX0JECOwADE7s' ) AND ( `login_flag` = '0' ) LIMIT 1   [ RunTime:0.001000s ]
SQL: SELECT * FROM `sys_user` WHERE ( `del_flag` = 0 ) AND ( `openid` = 'odOIPv9UcOs4N_jKX0JECOwADE7s' ) LIMIT 1   [ RunTime:0.001000s ]
NOTIC: [8] Trying to get property of non-object D:\phpStudy\WWW\Rose\Core\Extend\Vendor\weixin\jssdk.php 第 75 行.
NOTIC: [8] Trying to get property of non-object D:\phpStudy\WWW\Rose\Core\Extend\Vendor\weixin\jssdk.php 第 53 行.
SQL: SHOW COLUMNS FROM `weixin_userinfo` [ RunTime:0.015001s ]
SQL: SELECT * FROM `weixin_userinfo` WHERE ( `del_flag` = 0 ) AND ( `from_username` = 'odOIPv9UcOs4N_jKX0JECOwADE7s' ) LIMIT 1   [ RunTime:0.001000s ]
SQL: SHOW COLUMNS FROM `car_pay` [ RunTime:0.014000s ]
SQL: SELECT SUM(account) AS tp_sum FROM `car_pay` WHERE ( `status` = '1' ) AND ( `create_by` = 'kefuanmoyitest' ) LIMIT 1   [ RunTime:0.001001s ]
SQL: SHOW COLUMNS FROM `car_user` [ RunTime:0.013000s ]
SQL: SELECT * FROM `car_user` WHERE ( `user_id` = 'kefuanmoyitest' ) LIMIT 1   [ RunTime:0.000000s ]
SQL: UPDATE `car_user` SET `totals`='5' WHERE ( `user_id` = 'kefuanmoyitest' ) [ RunTime:0.001000s ]
INFO: [ view_template ] --START--
INFO: Run LocationTemplate Behavior [ RunTime:-1.220069s ]
INFO: [ view_template ] --END-- [ RunTime:0.001000s ]
INFO: [ view_parse ] --START--
INFO: Run ParseTemplate Behavior [ RunTime:-1.221069s ]
INFO: [ view_parse ] --END-- [ RunTime:0.016001s ]
INFO: [ view_filter ] --START--
INFO: Run ContentReplace Behavior [ RunTime:-1.237070s ]
INFO: Run TokenBuild Behavior [ RunTime:-1.238070s ]
INFO: Run WriteHtmlCache Behavior [ RunTime:-1.239070s ]
INFO: Run ShowRuntime Behavior [ RunTime:-1.240071s ]
INFO: [ view_filter ] --END-- [ RunTime:0.004001s ]
INFO: [ view_end ] --START--
INFO: Run ShowPageTrace Behavior [ RunTime:-1.241071s ]
INFO: [ view_end ] --END-- [ RunTime:0.001000s ]

[ 2018-03-21T20:08:55+08:00 ] 0.0.0.0 /Rose/index.php?g=Wap&m=CarWallet&a=cash_money
INFO: [ app_begin ] --START--
INFO: Run ReadHtmlCache Behavior [ RunTime:0.001000s ]
INFO: [ app_begin ] --END-- [ RunTime:0.001000s ]
NOTIC: [8] A session had already been started - ignoring session_start() D:\phpStudy\WWW\Rose\Lib\Action\Wap\CarBaseAction.class.php 第 2 行.
SQL: SHOW COLUMNS FROM `sys_user` [ RunTime:0.010001s ]
SQL: SELECT * FROM `sys_user` WHERE ( `del_flag` = 0 ) AND ( `openid` = 'odOIPv9UcOs4N_jKX0JECOwADE7s' ) AND ( `login_flag` = '0' ) LIMIT 1   [ RunTime:0.002000s ]
SQL: SELECT * FROM `sys_user` WHERE ( `del_flag` = 0 ) AND ( `openid` = 'odOIPv9UcOs4N_jKX0JECOwADE7s' ) LIMIT 1   [ RunTime:0.001000s ]
NOTIC: [8] Trying to get property of non-object D:\phpStudy\WWW\Rose\Core\Extend\Vendor\weixin\jssdk.php 第 75 行.
NOTIC: [8] Trying to get property of non-object D:\phpStudy\WWW\Rose\Core\Extend\Vendor\weixin\jssdk.php 第 53 行.
SQL: SHOW COLUMNS FROM `weixin_userinfo` [ RunTime:0.010001s ]
SQL: SELECT * FROM `weixin_userinfo` WHERE ( `del_flag` = 0 ) AND ( `from_username` = 'odOIPv9UcOs4N_jKX0JECOwADE7s' ) LIMIT 1   [ RunTime:0.001000s ]
SQL: SHOW COLUMNS FROM `car_user` [ RunTime:0.011000s ]
SQL: SELECT SUM(totals-consume) AS tp_sum FROM `car_user` WHERE ( `openid` = 'odOIPv9UcOs4N_jKX0JECOwADE7s' ) LIMIT 1   [ RunTime:0.001000s ]

[ 2018-03-21T20:10:39+08:00 ] 0.0.0.0 /Rose/index.php?g=Wap&m=CarWallet&a=index&openid=odOIPv9UcOs4N_jKX0JECOwADE7s
INFO: [ app_begin ] --START--
INFO: Run ReadHtmlCache Behavior [ RunTime:0.002000s ]
INFO: [ app_begin ] --END-- [ RunTime:0.002000s ]
NOTIC: [8] A session had already been started - ignoring session_start() D:\phpStudy\WWW\Rose\Lib\Action\Wap\CarBaseAction.class.php 第 2 行.
SQL: SHOW COLUMNS FROM `sys_user` [ RunTime:0.011000s ]
SQL: SELECT * FROM `sys_user` WHERE ( `del_flag` = 0 ) AND ( `openid` = 'odOIPv9UcOs4N_jKX0JECOwADE7s' ) AND ( `login_flag` = '0' ) LIMIT 1   [ RunTime:0.009001s ]
SQL: SELECT * FROM `sys_user` WHERE ( `del_flag` = 0 ) AND ( `openid` = 'odOIPv9UcOs4N_jKX0JECOwADE7s' ) LIMIT 1   [ RunTime:0.001000s ]
NOTIC: [8] Trying to get property of non-object D:\phpStudy\WWW\Rose\Core\Extend\Vendor\weixin\jssdk.php 第 75 行.
NOTIC: [8] Trying to get property of non-object D:\phpStudy\WWW\Rose\Core\Extend\Vendor\weixin\jssdk.php 第 53 行.
SQL: SHOW COLUMNS FROM `weixin_userinfo` [ RunTime:0.010001s ]
SQL: SELECT * FROM `weixin_userinfo` WHERE ( `del_flag` = 0 ) AND ( `from_username` = 'odOIPv9UcOs4N_jKX0JECOwADE7s' ) LIMIT 1   [ RunTime:0.001000s ]
SQL: SHOW COLUMNS FROM `car_pay` [ RunTime:0.008001s ]
SQL: SELECT SUM(account) AS tp_sum FROM `car_pay` WHERE ( `status` = '1' ) AND ( `create_by` = 'kefuanmoyitest' ) LIMIT 1   [ RunTime:0.001000s ]
SQL: SHOW COLUMNS FROM `car_user` [ RunTime:0.008000s ]
SQL: SELECT * FROM `car_user` WHERE ( `user_id` = 'kefuanmoyitest' ) LIMIT 1   [ RunTime:0.001000s ]
SQL: UPDATE `car_user` SET `totals`='5' WHERE ( `user_id` = 'kefuanmoyitest' ) [ RunTime:0.000000s ]
INFO: [ view_template ] --START--
INFO: Run LocationTemplate Behavior [ RunTime:-1.224070s ]
INFO: [ view_template ] --END-- [ RunTime:0.003000s ]
INFO: [ view_parse ] --START--
NOTIC: [8] Undefined variable: car_pay D:\phpStudy\WWW\Rose\logs\Cache\Wap\197559a76c8658b1bdd5f6974d31db27.php 第 68 行.
INFO: Run ParseTemplate Behavior [ RunTime:-1.227070s ]
INFO: [ view_parse ] --END-- [ RunTime:0.035002s ]
INFO: [ view_filter ] --START--
INFO: Run ContentReplace Behavior [ RunTime:-1.262072s ]
INFO: Run TokenBuild Behavior [ RunTime:-1.263072s ]
INFO: Run WriteHtmlCache Behavior [ RunTime:-1.264072s ]
INFO: Run ShowRuntime Behavior [ RunTime:-1.265072s ]
INFO: [ view_filter ] --END-- [ RunTime:0.004001s ]
INFO: [ view_end ] --START--
INFO: Run ShowPageTrace Behavior [ RunTime:-1.266073s ]
INFO: [ view_end ] --END-- [ RunTime:0.002000s ]

[ 2018-03-21T20:10:42+08:00 ] 0.0.0.0 /Rose/index.php?g=Wap&m=CarWallet&a=cash_money
INFO: [ app_begin ] --START--
INFO: Run ReadHtmlCache Behavior [ RunTime:0.001000s ]
INFO: [ app_begin ] --END-- [ RunTime:0.001000s ]
NOTIC: [8] A session had already been started - ignoring session_start() D:\phpStudy\WWW\Rose\Lib\Action\Wap\CarBaseAction.class.php 第 2 行.
SQL: SHOW COLUMNS FROM `sys_user` [ RunTime:0.022001s ]
SQL: SELECT * FROM `sys_user` WHERE ( `del_flag` = 0 ) AND ( `openid` = 'odOIPv9UcOs4N_jKX0JECOwADE7s' ) AND ( `login_flag` = '0' ) LIMIT 1   [ RunTime:0.001000s ]
SQL: SELECT * FROM `sys_user` WHERE ( `del_flag` = 0 ) AND ( `openid` = 'odOIPv9UcOs4N_jKX0JECOwADE7s' ) LIMIT 1   [ RunTime:0.001000s ]
NOTIC: [8] Trying to get property of non-object D:\phpStudy\WWW\Rose\Core\Extend\Vendor\weixin\jssdk.php 第 75 行.
NOTIC: [8] Trying to get property of non-object D:\phpStudy\WWW\Rose\Core\Extend\Vendor\weixin\jssdk.php 第 53 行.
SQL: SHOW COLUMNS FROM `weixin_userinfo` [ RunTime:0.021001s ]
SQL: SELECT * FROM `weixin_userinfo` WHERE ( `del_flag` = 0 ) AND ( `from_username` = 'odOIPv9UcOs4N_jKX0JECOwADE7s' ) LIMIT 1   [ RunTime:0.000000s ]
SQL: SHOW COLUMNS FROM `car_user` [ RunTime:0.021001s ]
SQL: SELECT SUM(totals-consume) AS tp_sum FROM `car_user` WHERE ( `openid` = 'odOIPv9UcOs4N_jKX0JECOwADE7s' ) LIMIT 1   [ RunTime:0.001000s ]

[ 2018-03-21T20:11:16+08:00 ] 0.0.0.0 /Rose/index.php?g=Wap&m=CarWallet&a=index&openid=odOIPv9UcOs4N_jKX0JECOwADE7s
INFO: [ app_begin ] --START--
INFO: Run ReadHtmlCache Behavior [ RunTime:0.001001s ]
INFO: [ app_begin ] --END-- [ RunTime:0.001001s ]
NOTIC: [8] A session had already been started - ignoring session_start() D:\phpStudy\WWW\Rose\Lib\Action\Wap\CarBaseAction.class.php 第 2 行.
SQL: SHOW COLUMNS FROM `sys_user` [ RunTime:0.017001s ]
SQL: SELECT * FROM `sys_user` WHERE ( `del_flag` = 0 ) AND ( `openid` = 'odOIPv9UcOs4N_jKX0JECOwADE7s' ) AND ( `login_flag` = '0' ) LIMIT 1   [ RunTime:0.001000s ]
SQL: SELECT * FROM `sys_user` WHERE ( `del_flag` = 0 ) AND ( `openid` = 'odOIPv9UcOs4N_jKX0JECOwADE7s' ) LIMIT 1   [ RunTime:0.001000s ]
NOTIC: [8] Trying to get property of non-object D:\phpStudy\WWW\Rose\Core\Extend\Vendor\weixin\jssdk.php 第 75 行.
NOTIC: [8] Trying to get property of non-object D:\phpStudy\WWW\Rose\Core\Extend\Vendor\weixin\jssdk.php 第 53 行.
SQL: SHOW COLUMNS FROM `weixin_userinfo` [ RunTime:0.022001s ]
SQL: SELECT * FROM `weixin_userinfo` WHERE ( `del_flag` = 0 ) AND ( `from_username` = 'odOIPv9UcOs4N_jKX0JECOwADE7s' ) LIMIT 1   [ RunTime:0.001000s ]
SQL: SHOW COLUMNS FROM `car_pay` [ RunTime:0.014001s ]
SQL: SELECT SUM(account) AS tp_sum FROM `car_pay` WHERE ( `status` = '1' ) AND ( `create_by` = 'kefuanmoyitest' ) LIMIT 1   [ RunTime:0.000000s ]
SQL: SHOW COLUMNS FROM `car_user` [ RunTime:0.013001s ]
SQL: SELECT * FROM `car_user` WHERE ( `user_id` = 'kefuanmoyitest' ) LIMIT 1   [ RunTime:0.000000s ]
SQL: UPDATE `car_user` SET `totals`='5' WHERE ( `user_id` = 'kefuanmoyitest' ) [ RunTime:0.000000s ]
INFO: [ view_template ] --START--
INFO: Run LocationTemplate Behavior [ RunTime:-1.181067s ]
INFO: [ view_template ] --END-- [ RunTime:0.002000s ]
INFO: [ view_parse ] --START--
NOTIC: [8] Undefined variable: car_pay D:\phpStudy\WWW\Rose\logs\Cache\Wap\197559a76c8658b1bdd5f6974d31db27.php 第 68 行.
INFO: Run ParseTemplate Behavior [ RunTime:-1.183067s ]
INFO: [ view_parse ] --END-- [ RunTime:0.015001s ]
INFO: [ view_filter ] --START--
INFO: Run ContentReplace Behavior [ RunTime:-1.198068s ]
INFO: Run TokenBuild Behavior [ RunTime:-1.199068s ]
INFO: Run WriteHtmlCache Behavior [ RunTime:-1.200068s ]
INFO: Run ShowRuntime Behavior [ RunTime:-1.201068s ]
INFO: [ view_filter ] --END-- [ RunTime:0.004000s ]
INFO: [ view_end ] --START--
INFO: Run ShowPageTrace Behavior [ RunTime:-1.202068s ]
INFO: [ view_end ] --END-- [ RunTime:0.001000s ]

[ 2018-03-21T20:11:24+08:00 ] 0.0.0.0 /Rose/index.php?g=Wap&m=CarWallet&a=index&openid=odOIPv9UcOs4N_jKX0JECOwADE7s
INFO: [ app_begin ] --START--
INFO: Run ReadHtmlCache Behavior [ RunTime:0.001000s ]
INFO: [ app_begin ] --END-- [ RunTime:0.001000s ]
NOTIC: [8] A session had already been started - ignoring session_start() D:\phpStudy\WWW\Rose\Lib\Action\Wap\CarBaseAction.class.php 第 2 行.
SQL: SHOW COLUMNS FROM `sys_user` [ RunTime:0.009000s ]
SQL: SELECT * FROM `sys_user` WHERE ( `del_flag` = 0 ) AND ( `openid` = 'odOIPv9UcOs4N_jKX0JECOwADE7s' ) AND ( `login_flag` = '0' ) LIMIT 1   [ RunTime:0.001000s ]
SQL: SELECT * FROM `sys_user` WHERE ( `del_flag` = 0 ) AND ( `openid` = 'odOIPv9UcOs4N_jKX0JECOwADE7s' ) LIMIT 1   [ RunTime:0.001000s ]
NOTIC: [8] Trying to get property of non-object D:\phpStudy\WWW\Rose\Core\Extend\Vendor\weixin\jssdk.php 第 75 行.
NOTIC: [8] Trying to get property of non-object D:\phpStudy\WWW\Rose\Core\Extend\Vendor\weixin\jssdk.php 第 53 行.
SQL: SHOW COLUMNS FROM `weixin_userinfo` [ RunTime:0.009001s ]
SQL: SELECT * FROM `weixin_userinfo` WHERE ( `del_flag` = 0 ) AND ( `from_username` = 'odOIPv9UcOs4N_jKX0JECOwADE7s' ) LIMIT 1   [ RunTime:0.001000s ]
SQL: SHOW COLUMNS FROM `car_pay` [ RunTime:0.008000s ]
SQL: SELECT SUM(account) AS tp_sum FROM `car_pay` WHERE ( `status` = '1' ) AND ( `create_by` = 'kefuanmoyitest' ) LIMIT 1   [ RunTime:0.000000s ]
SQL: SHOW COLUMNS FROM `car_user` [ RunTime:0.007000s ]
SQL: SELECT * FROM `car_user` WHERE ( `user_id` = 'kefuanmoyitest' ) LIMIT 1   [ RunTime:0.000000s ]
SQL: UPDATE `car_user` SET `totals`='5' WHERE ( `user_id` = 'kefuanmoyitest' ) [ RunTime:0.001000s ]
INFO: [ view_template ] --START--
INFO: Run LocationTemplate Behavior [ RunTime:-1.267073s ]
INFO: [ view_template ] --END-- [ RunTime:0.002000s ]
INFO: [ view_parse ] --START--
NOTIC: [8] Undefined variable: car_pay D:\phpStudy\WWW\Rose\logs\Cache\Wap\197559a76c8658b1bdd5f6974d31db27.php 第 68 行.
INFO: Run ParseTemplate Behavior [ RunTime:-1.269073s ]
INFO: [ view_parse ] --END-- [ RunTime:0.017001s ]
INFO: [ view_filter ] --START--
INFO: Run ContentReplace Behavior [ RunTime:-1.286074s ]
INFO: Run TokenBuild Behavior [ RunTime:-1.287074s ]
INFO: Run WriteHtmlCache Behavior [ RunTime:-1.288074s ]
INFO: Run ShowRuntime Behavior [ RunTime:-1.289074s ]
INFO: [ view_filter ] --END-- [ RunTime:0.004000s ]
INFO: [ view_end ] --START--
INFO: Run ShowPageTrace Behavior [ RunTime:-1.290074s ]
INFO: [ view_end ] --END-- [ RunTime:0.001000s ]

[ 2018-03-21T20:12:04+08:00 ] 0.0.0.0 /Rose/index.php?g=Wap&m=CarWallet&a=index&openid=odOIPv9UcOs4N_jKX0JECOwADE7s
INFO: [ app_begin ] --START--
INFO: Run ReadHtmlCache Behavior [ RunTime:0.001000s ]
INFO: [ app_begin ] --END-- [ RunTime:0.001000s ]
NOTIC: [8] A session had already been started - ignoring session_start() D:\phpStudy\WWW\Rose\Lib\Action\Wap\CarBaseAction.class.php 第 2 行.
SQL: SHOW COLUMNS FROM `sys_user` [ RunTime:0.008001s ]
SQL: SELECT * FROM `sys_user` WHERE ( `del_flag` = 0 ) AND ( `openid` = 'odOIPv9UcOs4N_jKX0JECOwADE7s' ) AND ( `login_flag` = '0' ) LIMIT 1   [ RunTime:0.001000s ]
SQL: SELECT * FROM `sys_user` WHERE ( `del_flag` = 0 ) AND ( `openid` = 'odOIPv9UcOs4N_jKX0JECOwADE7s' ) LIMIT 1   [ RunTime:0.001000s ]
NOTIC: [8] Trying to get property of non-object D:\phpStudy\WWW\Rose\Core\Extend\Vendor\weixin\jssdk.php 第 75 行.
NOTIC: [8] Trying to get property of non-object D:\phpStudy\WWW\Rose\Core\Extend\Vendor\weixin\jssdk.php 第 53 行.
SQL: SHOW COLUMNS FROM `weixin_userinfo` [ RunTime:0.010000s ]
SQL: SELECT * FROM `weixin_userinfo` WHERE ( `del_flag` = 0 ) AND ( `from_username` = 'odOIPv9UcOs4N_jKX0JECOwADE7s' ) LIMIT 1   [ RunTime:0.001000s ]
SQL: SHOW COLUMNS FROM `car_pay` [ RunTime:0.007001s ]
SQL: SELECT SUM(account) AS tp_sum FROM `car_pay` WHERE ( `status` = '1' ) AND ( `create_by` = 'kefuanmoyitest' ) LIMIT 1   [ RunTime:0.001000s ]
SQL: SHOW COLUMNS FROM `car_user` [ RunTime:0.007000s ]
SQL: SELECT * FROM `car_user` WHERE ( `user_id` = 'kefuanmoyitest' ) LIMIT 1   [ RunTime:0.001000s ]
SQL: UPDATE `car_user` SET `totals`='5' WHERE ( `user_id` = 'kefuanmoyitest' ) [ RunTime:0.000000s ]
INFO: [ view_template ] --START--
INFO: Run LocationTemplate Behavior [ RunTime:-1.161066s ]
INFO: [ view_template ] --END-- [ RunTime:0.003000s ]
INFO: [ view_parse ] --START--
NOTIC: [8] Undefined variable: car_pay D:\phpStudy\WWW\Rose\logs\Cache\Wap\197559a76c8658b1bdd5f6974d31db27.php 第 68 行.
INFO: Run ParseTemplate Behavior [ RunTime:-1.164066s ]
INFO: [ view_parse ] --END-- [ RunTime:0.017001s ]
INFO: [ view_filter ] --START--
INFO: Run ContentReplace Behavior [ RunTime:-1.181067s ]
INFO: Run TokenBuild Behavior [ RunTime:-1.184068s ]
INFO: Run WriteHtmlCache Behavior [ RunTime:-1.185068s ]
INFO: Run ShowRuntime Behavior [ RunTime:-1.187068s ]
INFO: [ view_filter ] --END-- [ RunTime:0.007001s ]
INFO: [ view_end ] --START--
INFO: Run ShowPageTrace Behavior [ RunTime:-1.188068s ]
INFO: [ view_end ] --END-- [ RunTime:0.001000s ]

[ 2018-03-21T20:13:00+08:00 ] 0.0.0.0 /Rose/index.php?g=Wap&m=CarWallet&a=index&openid=odOIPv9UcOs4N_jKX0JECOwADE7s
INFO: [ app_begin ] --START--
INFO: Run ReadHtmlCache Behavior [ RunTime:0.001000s ]
INFO: [ app_begin ] --END-- [ RunTime:0.001000s ]
NOTIC: [8] A session had already been started - ignoring session_start() D:\phpStudy\WWW\Rose\Lib\Action\Wap\CarBaseAction.class.php 第 2 行.
SQL: SHOW COLUMNS FROM `sys_user` [ RunTime:0.022002s ]
SQL: SELECT * FROM `sys_user` WHERE ( `del_flag` = 0 ) AND ( `openid` = 'odOIPv9UcOs4N_jKX0JECOwADE7s' ) AND ( `login_flag` = '0' ) LIMIT 1   [ RunTime:0.001000s ]
SQL: SELECT * FROM `sys_user` WHERE ( `del_flag` = 0 ) AND ( `openid` = 'odOIPv9UcOs4N_jKX0JECOwADE7s' ) LIMIT 1   [ RunTime:0.002000s ]
NOTIC: [8] Trying to get property of non-object D:\phpStudy\WWW\Rose\Core\Extend\Vendor\weixin\jssdk.php 第 75 行.
NOTIC: [8] Trying to get property of non-object D:\phpStudy\WWW\Rose\Core\Extend\Vendor\weixin\jssdk.php 第 53 行.
SQL: SHOW COLUMNS FROM `weixin_userinfo` [ RunTime:0.021001s ]
SQL: SELECT * FROM `weixin_userinfo` WHERE ( `del_flag` = 0 ) AND ( `from_username` = 'odOIPv9UcOs4N_jKX0JECOwADE7s' ) LIMIT 1   [ RunTime:0.000000s ]
SQL: SHOW COLUMNS FROM `car_pay` [ RunTime:0.013001s ]
SQL: SELECT SUM(account) AS tp_sum FROM `car_pay` WHERE ( `status` = '1' ) AND ( `create_by` = 'kefuanmoyitest' ) LIMIT 1   [ RunTime:0.001000s ]
SQL: SHOW COLUMNS FROM `car_user` [ RunTime:0.014000s ]
SQL: SELECT * FROM `car_user` WHERE ( `user_id` = 'kefuanmoyitest' ) LIMIT 1   [ RunTime:0.001000s ]
SQL: UPDATE `car_user` SET `totals`='5' WHERE ( `user_id` = 'kefuanmoyitest' ) [ RunTime:0.000000s ]
INFO: [ view_template ] --START--
INFO: Run LocationTemplate Behavior [ RunTime:-1.266072s ]
INFO: [ view_template ] --END-- [ RunTime:0.002001s ]
INFO: [ view_parse ] --START--
INFO: Run ParseTemplate Behavior [ RunTime:-1.268073s ]
INFO: [ view_parse ] --END-- [ RunTime:0.015000s ]
INFO: [ view_filter ] --START--
INFO: Run ContentReplace Behavior [ RunTime:-1.283073s ]
INFO: Run TokenBuild Behavior [ RunTime:-1.284074s ]
INFO: Run WriteHtmlCache Behavior [ RunTime:-1.285074s ]
INFO: Run ShowRuntime Behavior [ RunTime:-1.286074s ]
INFO: [ view_filter ] --END-- [ RunTime:0.004001s ]
INFO: [ view_end ] --START--
INFO: Run ShowPageTrace Behavior [ RunTime:-1.287074s ]
INFO: [ view_end ] --END-- [ RunTime:0.001000s ]

[ 2018-03-21T22:44:30+08:00 ] 0.0.0.0 /Rose/index.php?g=Wap&m=CarWallet&a=index&openid=odOIPv9UcOs4N_jKX0JECOwADE7s
INFO: [ app_begin ] --START--
INFO: Run ReadHtmlCache Behavior [ RunTime:0.028002s ]
INFO: [ app_begin ] --END-- [ RunTime:0.062003s ]
NOTIC: [8] A session had already been started - ignoring session_start() D:\phpStudy\WWW\Rose\Lib\Action\Wap\CarBaseAction.class.php 第 2 行.
SQL: SHOW COLUMNS FROM `sys_user` [ RunTime:0.394023s ]
SQL: SELECT * FROM `sys_user` WHERE ( `del_flag` = 0 ) AND ( `openid` = 'odOIPv9UcOs4N_jKX0JECOwADE7s' ) AND ( `login_flag` = '0' ) LIMIT 1   [ RunTime:0.072004s ]
SQL: SELECT * FROM `sys_user` WHERE ( `del_flag` = 0 ) AND ( `openid` = 'odOIPv9UcOs4N_jKX0JECOwADE7s' ) LIMIT 1   [ RunTime:0.001000s ]
NOTIC: [8] Trying to get property of non-object D:\phpStudy\WWW\Rose\Core\Extend\Vendor\weixin\jssdk.php 第 75 行.
NOTIC: [8] Trying to get property of non-object D:\phpStudy\WWW\Rose\Core\Extend\Vendor\weixin\jssdk.php 第 53 行.
SQL: SHOW COLUMNS FROM `weixin_userinfo` [ RunTime:0.071004s ]
SQL: SELECT * FROM `weixin_userinfo` WHERE ( `del_flag` = 0 ) AND ( `from_username` = 'odOIPv9UcOs4N_jKX0JECOwADE7s' ) LIMIT 1   [ RunTime:0.017000s ]
SQL: SHOW COLUMNS FROM `car_pay` [ RunTime:0.060004s ]
SQL: SELECT SUM(account) AS tp_sum FROM `car_pay` WHERE ( `status` = '1' ) AND ( `create_by` = 'kefuanmoyitest' ) LIMIT 1   [ RunTime:0.003000s ]
SQL: SHOW COLUMNS FROM `car_user` [ RunTime:0.042002s ]
SQL: SELECT * FROM `car_user` WHERE ( `user_id` = 'kefuanmoyitest' ) LIMIT 1   [ RunTime:0.000000s ]
SQL: UPDATE `car_user` SET `totals`='5' WHERE ( `user_id` = 'kefuanmoyitest' ) [ RunTime:0.043002s ]
INFO: [ view_template ] --START--
INFO: Run LocationTemplate Behavior [ RunTime:-2.736156s ]
INFO: [ view_template ] --END-- [ RunTime:0.023002s ]
INFO: [ view_parse ] --START--
INFO: Run ParseTemplate Behavior [ RunTime:-2.759158s ]
INFO: [ view_parse ] --END-- [ RunTime:0.151008s ]
INFO: [ view_filter ] --START--
INFO: Run ContentReplace Behavior [ RunTime:-2.910166s ]
INFO: Run TokenBuild Behavior [ RunTime:-2.912166s ]
INFO: Run WriteHtmlCache Behavior [ RunTime:-2.914166s ]
INFO: Run ShowRuntime Behavior [ RunTime:-2.915167s ]
INFO: [ view_filter ] --END-- [ RunTime:0.007001s ]
INFO: [ view_end ] --START--
INFO: Run ShowPageTrace Behavior [ RunTime:-2.926167s ]
INFO: [ view_end ] --END-- [ RunTime:0.003000s ]

[ 2018-03-21T22:45:24+08:00 ] 0.0.0.0 /Rose/index.php?g=Wap&m=CarWallet&a=index&openid=odOIPv9UcOs4N_jKX0JECOwADE7s
INFO: [ app_begin ] --START--
INFO: Run ReadHtmlCache Behavior [ RunTime:0.000000s ]
INFO: [ app_begin ] --END-- [ RunTime:0.001000s ]
NOTIC: [8] A session had already been started - ignoring session_start() D:\phpStudy\WWW\Rose\Lib\Action\Wap\CarBaseAction.class.php 第 2 行.
SQL: SHOW COLUMNS FROM `sys_user` [ RunTime:0.021002s ]
SQL: SELECT * FROM `sys_user` WHERE ( `del_flag` = 0 ) AND ( `openid` = 'odOIPv9UcOs4N_jKX0JECOwADE7s' ) AND ( `login_flag` = '0' ) LIMIT 1   [ RunTime:0.002000s ]
SQL: SELECT * FROM `sys_user` WHERE ( `del_flag` = 0 ) AND ( `openid` = 'odOIPv9UcOs4N_jKX0JECOwADE7s' ) LIMIT 1   [ RunTime:0.002000s ]
NOTIC: [8] Trying to get property of non-object D:\phpStudy\WWW\Rose\Core\Extend\Vendor\weixin\jssdk.php 第 75 行.
NOTIC: [8] Trying to get property of non-object D:\phpStudy\WWW\Rose\Core\Extend\Vendor\weixin\jssdk.php 第 53 行.
SQL: SHOW COLUMNS FROM `weixin_userinfo` [ RunTime:0.014001s ]
SQL: SELECT * FROM `weixin_userinfo` WHERE ( `del_flag` = 0 ) AND ( `from_username` = 'odOIPv9UcOs4N_jKX0JECOwADE7s' ) LIMIT 1   [ RunTime:0.000000s ]
SQL: SHOW COLUMNS FROM `car_pay` [ RunTime:0.015001s ]
SQL: SELECT SUM(account) AS tp_sum FROM `car_pay` WHERE ( `status` = '1' ) AND ( `create_by` = 'kefuanmoyitest' ) LIMIT 1   [ RunTime:0.001000s ]
SQL: SHOW COLUMNS FROM `car_user` [ RunTime:0.015001s ]
SQL: SELECT * FROM `car_user` WHERE ( `user_id` = 'kefuanmoyitest' ) LIMIT 1   [ RunTime:0.000000s ]
SQL: UPDATE `car_user` SET `totals`='5' WHERE ( `user_id` = 'kefuanmoyitest' ) [ RunTime:0.001000s ]
INFO: [ view_template ] --START--
INFO: Run LocationTemplate Behavior [ RunTime:-1.252072s ]
INFO: [ view_template ] --END-- [ RunTime:0.002000s ]
INFO: [ view_parse ] --START--
INFO: Run ParseTemplate Behavior [ RunTime:-1.254072s ]
INFO: [ view_parse ] --END-- [ RunTime:0.014001s ]
INFO: [ view_filter ] --START--
INFO: Run ContentReplace Behavior [ RunTime:-1.269073s ]
INFO: Run TokenBuild Behavior [ RunTime:-1.269073s ]
INFO: Run WriteHtmlCache Behavior [ RunTime:-1.270073s ]
INFO: Run ShowRuntime Behavior [ RunTime:-1.271073s ]
INFO: [ view_filter ] --END-- [ RunTime:0.004000s ]
INFO: [ view_end ] --START--
INFO: Run ShowPageTrace Behavior [ RunTime:-1.273073s ]
INFO: [ view_end ] --END-- [ RunTime:0.001000s ]

