[ 2018-01-05T09:25:20+08:00 ] 0.0.0.0 /Rose/index.php?g=Wap&m=Finance&a=index&openid=odOIPv9UcOs4N_jKX0JECOwADE7s
INFO: [ app_begin ] --START--
INFO: Run ReadHtmlCache Behavior [ RunTime:0.049002s ]
INFO: [ app_begin ] --END-- [ RunTime:0.078004s ]
NOTIC: [8] A session had already been started - ignoring session_start() D:\phpStudy\WWW\Rose\Lib\Action\Wap\Rose2BaseAction.class.php 第 2 行.
SQL: SHOW COLUMNS FROM `sys_user` [ RunTime:0.973055s ]
SQL: SELECT * FROM `sys_user` WHERE ( `del_flag` = 0 ) AND ( `openid` = 'odOIPv9UcOs4N_jKX0JECOwADE7s' ) LIMIT 1   [ RunTime:0.122007s ]
NOTIC: [8] Trying to get property of non-object D:\phpStudy\WWW\Rose\Core\Extend\Vendor\weixin\jssdk.php 第 75 行.
NOTIC: [8] Trying to get property of non-object D:\phpStudy\WWW\Rose\Core\Extend\Vendor\weixin\jssdk.php 第 53 行.
SQL: SHOW COLUMNS FROM `weixin_userinfo` [ RunTime:1.326076s ]
SQL: SELECT * FROM `weixin_userinfo` WHERE ( `del_flag` = 0 ) AND ( `from_username` = 'odOIPv9UcOs4N_jKX0JECOwADE7s' ) LIMIT 1   [ RunTime:0.085005s ]
SQL: SHOW COLUMNS FROM `device_consume_rec` [ RunTime:1.331076s ]
SQL: SELECT month(create_date) as month,sum(consume_account) as acount FROM `device_consume_rec` WHERE ( `command_status` = '2' ) AND ( `consume_status` IN ('1','2') ) AND ( `transfer_status` = '0' ) AND ( `del_flag` = '0' ) AND ( `create_by` = 'kefuanmoyitest' ) AND ( `create_date` >= '2017-01-05 00:00:00' ) GROUP BY month(create_date)  [ RunTime:9.260529s ]
SQL: SHOW COLUMNS FROM `weixin_enterprise_payment` [ RunTime:0.625035s ]
SQL: SELECT month(create_date) as month,sum(amount) as amount FROM `weixin_enterprise_payment` WHERE ( `status` = '1' ) AND ( `openid` = 'odOIPv9UcOs4N_jKX0JECOwADE7s' ) GROUP BY month(create_date)  [ RunTime:2.923168s ]
SQL: SHOW COLUMNS FROM `weixin_pay_rec` [ RunTime:0.851048s ]
SQL: SELECT month(create_date) as month,sum(pay_account) pay_account FROM `weixin_pay_rec` WHERE ( `pay_status` = '1' ) AND ( `is_close` = '0' ) AND ( `create_by` = 'kefuanmoyitest' ) GROUP BY month(create_date)  [ RunTime:3.314190s ]
NOTIC: [8] Undefined index: month D:\phpStudy\WWW\Rose\Lib\Action\Wap\FinanceAction.class.php 第 107 行.
NOTIC: [8] Undefined index: month D:\phpStudy\WWW\Rose\Lib\Action\Wap\FinanceAction.class.php 第 107 行.
NOTIC: [8] Undefined index: month D:\phpStudy\WWW\Rose\Lib\Action\Wap\FinanceAction.class.php 第 107 行.
NOTIC: [8] Undefined index: month D:\phpStudy\WWW\Rose\Lib\Action\Wap\FinanceAction.class.php 第 107 行.
NOTIC: [8] Undefined index: month D:\phpStudy\WWW\Rose\Lib\Action\Wap\FinanceAction.class.php 第 107 行.
NOTIC: [8] Undefined index: month D:\phpStudy\WWW\Rose\Lib\Action\Wap\FinanceAction.class.php 第 107 行.
NOTIC: [8] Undefined index: month D:\phpStudy\WWW\Rose\Lib\Action\Wap\FinanceAction.class.php 第 107 行.
NOTIC: [8] Undefined index: month D:\phpStudy\WWW\Rose\Lib\Action\Wap\FinanceAction.class.php 第 107 行.
NOTIC: [8] Undefined index: month D:\phpStudy\WWW\Rose\Lib\Action\Wap\FinanceAction.class.php 第 107 行.
NOTIC: [8] Undefined index: month D:\phpStudy\WWW\Rose\Lib\Action\Wap\FinanceAction.class.php 第 107 行.
NOTIC: [8] Undefined index: month D:\phpStudy\WWW\Rose\Lib\Action\Wap\FinanceAction.class.php 第 107 行.
INFO: [ view_template ] --START--
INFO: Run LocationTemplate Behavior [ RunTime:-24.311391s ]
INFO: [ view_template ] --END-- [ RunTime:0.080004s ]
INFO: [ view_parse ] --START--
NOTIC: [8] Undefined index: pay_account D:\phpStudy\WWW\Rose\logs\Cache\Wap\b7d919ef8e556e92c8c6db29e13f9f3e.php 第 30 行.
NOTIC: [8] Undefined index: pay_account D:\phpStudy\WWW\Rose\logs\Cache\Wap\b7d919ef8e556e92c8c6db29e13f9f3e.php 第 30 行.
NOTIC: [8] Undefined index: pay_account D:\phpStudy\WWW\Rose\logs\Cache\Wap\b7d919ef8e556e92c8c6db29e13f9f3e.php 第 30 行.
NOTIC: [8] Undefined index: amount D:\phpStudy\WWW\Rose\logs\Cache\Wap\b7d919ef8e556e92c8c6db29e13f9f3e.php 第 34 行.
NOTIC: [8] Undefined index: amount D:\phpStudy\WWW\Rose\logs\Cache\Wap\b7d919ef8e556e92c8c6db29e13f9f3e.php 第 37 行.
NOTIC: [8] Undefined index: amount D:\phpStudy\WWW\Rose\logs\Cache\Wap\b7d919ef8e556e92c8c6db29e13f9f3e.php 第 37 行.
NOTIC: [8] Undefined index: pay_account D:\phpStudy\WWW\Rose\logs\Cache\Wap\b7d919ef8e556e92c8c6db29e13f9f3e.php 第 30 行.
NOTIC: [8] Undefined index: amount D:\phpStudy\WWW\Rose\logs\Cache\Wap\b7d919ef8e556e92c8c6db29e13f9f3e.php 第 34 行.
NOTIC: [8] Undefined index: amount D:\phpStudy\WWW\Rose\logs\Cache\Wap\b7d919ef8e556e92c8c6db29e13f9f3e.php 第 37 行.
NOTIC: [8] Undefined index: amount D:\phpStudy\WWW\Rose\logs\Cache\Wap\b7d919ef8e556e92c8c6db29e13f9f3e.php 第 37 行.
NOTIC: [8] Undefined index: pay_account D:\phpStudy\WWW\Rose\logs\Cache\Wap\b7d919ef8e556e92c8c6db29e13f9f3e.php 第 30 行.
NOTIC: [8] Undefined index: pay_account D:\phpStudy\WWW\Rose\logs\Cache\Wap\b7d919ef8e556e92c8c6db29e13f9f3e.php 第 30 行.
NOTIC: [8] Undefined index: amount D:\phpStudy\WWW\Rose\logs\Cache\Wap\b7d919ef8e556e92c8c6db29e13f9f3e.php 第 34 行.
NOTIC: [8] Undefined index: amount D:\phpStudy\WWW\Rose\logs\Cache\Wap\b7d919ef8e556e92c8c6db29e13f9f3e.php 第 37 行.
NOTIC: [8] Undefined index: amount D:\phpStudy\WWW\Rose\logs\Cache\Wap\b7d919ef8e556e92c8c6db29e13f9f3e.php 第 37 行.
NOTIC: [8] Undefined index: pay_account D:\phpStudy\WWW\Rose\logs\Cache\Wap\b7d919ef8e556e92c8c6db29e13f9f3e.php 第 30 行.
NOTIC: [8] Undefined index: pay_account D:\phpStudy\WWW\Rose\logs\Cache\Wap\b7d919ef8e556e92c8c6db29e13f9f3e.php 第 30 行.
NOTIC: [8] Undefined index: pay_account D:\phpStudy\WWW\Rose\logs\Cache\Wap\b7d919ef8e556e92c8c6db29e13f9f3e.php 第 30 行.
NOTIC: [8] Undefined index: acount D:\phpStudy\WWW\Rose\logs\Cache\Wap\b7d919ef8e556e92c8c6db29e13f9f3e.php 第 26 行.
NOTIC: [8] Undefined index: pay_account D:\phpStudy\WWW\Rose\logs\Cache\Wap\b7d919ef8e556e92c8c6db29e13f9f3e.php 第 30 行.
NOTIC: [8] Undefined index: acount D:\phpStudy\WWW\Rose\logs\Cache\Wap\b7d919ef8e556e92c8c6db29e13f9f3e.php 第 37 行.
NOTIC: [8] Undefined index: acount D:\phpStudy\WWW\Rose\logs\Cache\Wap\b7d919ef8e556e92c8c6db29e13f9f3e.php 第 26 行.
NOTIC: [8] Undefined index: pay_account D:\phpStudy\WWW\Rose\logs\Cache\Wap\b7d919ef8e556e92c8c6db29e13f9f3e.php 第 30 行.
NOTIC: [8] Undefined index: acount D:\phpStudy\WWW\Rose\logs\Cache\Wap\b7d919ef8e556e92c8c6db29e13f9f3e.php 第 37 行.
INFO: Run ParseTemplate Behavior [ RunTime:-24.391395s ]
INFO: [ view_parse ] --END-- [ RunTime:0.213013s ]
INFO: [ view_filter ] --START--
INFO: Run ContentReplace Behavior [ RunTime:-24.604408s ]
INFO: Run TokenBuild Behavior [ RunTime:-24.614408s ]
INFO: Run WriteHtmlCache Behavior [ RunTime:-24.643410s ]
INFO: Run ShowRuntime Behavior [ RunTime:-24.663411s ]
INFO: [ view_filter ] --END-- [ RunTime:0.092005s ]
INFO: [ view_end ] --START--
INFO: Run ShowPageTrace Behavior [ RunTime:-24.697413s ]
INFO: [ view_end ] --END-- [ RunTime:0.027001s ]

[ 2018-01-05T09:26:51+08:00 ] 0.0.0.0 /Rose/index.php?g=Wap&m=Rose2Personal&a=presonal_new&openid=odOIPv9UcOs4N_jKX0JECOwADE7s
INFO: [ app_begin ] --START--
INFO: Run ReadHtmlCache Behavior [ RunTime:0.002000s ]
INFO: [ app_begin ] --END-- [ RunTime:0.002000s ]
NOTIC: [8] A session had already been started - ignoring session_start() D:\phpStudy\WWW\Rose\Lib\Action\Wap\Rose2BaseAction.class.php 第 2 行.
SQL: SHOW COLUMNS FROM `sys_user` [ RunTime:0.055003s ]
SQL: SELECT * FROM `sys_user` WHERE ( `del_flag` = 0 ) AND ( `openid` = 'odOIPv9UcOs4N_jKX0JECOwADE7s' ) LIMIT 1   [ RunTime:0.116007s ]
NOTIC: [8] Trying to get property of non-object D:\phpStudy\WWW\Rose\Core\Extend\Vendor\weixin\jssdk.php 第 75 行.
NOTIC: [8] Trying to get property of non-object D:\phpStudy\WWW\Rose\Core\Extend\Vendor\weixin\jssdk.php 第 53 行.
SQL: SHOW COLUMNS FROM `weixin_userinfo` [ RunTime:0.010001s ]
SQL: SELECT * FROM `weixin_userinfo` WHERE ( `del_flag` = 0 ) AND ( `from_username` = 'odOIPv9UcOs4N_jKX0JECOwADE7s' ) LIMIT 1   [ RunTime:0.057003s ]
SQL: SELECT * FROM `sys_user` WHERE ( `del_flag` = 0 ) AND ( `openid` = 'odOIPv9UcOs4N_jKX0JECOwADE7s' ) LIMIT 1   [ RunTime:0.001000s ]
SQL: SHOW COLUMNS FROM `sys_office` [ RunTime:0.170010s ]
SQL: SELECT `name` FROM `sys_office` WHERE ( `del_flag` = 0 ) AND ( `id` = 'a721bdccfcb44571a48df2065950d05d' ) LIMIT 1   [ RunTime:0.021001s ]
SQL: SHOW COLUMNS FROM `device_consume_rec` [ RunTime:0.012001s ]
SQL: SELECT SUM(consume_account) AS tp_sum FROM `device_consume_rec` WHERE ( `create_date` >= '2018-01-05 00:00:00' ) AND ( `command_status` = 2 ) AND ( `consume_status` = 1 ) AND ( `del_flag` = 0 ) AND ( `transfer_status` = 0 ) AND ( `create_by` = 'kefuanmoyitest' ) LIMIT 1   [ RunTime:2.146123s ]
NOTIC: [2] trim() expects parameter 1 to be string, array given D:\phpStudy\WWW\Rose\Core\Lib\Core\Db.class.php 第 459 行.
SQL: SELECT SUM(consume_account) AS tp_sum FROM `device_consume_rec` WHERE ( (`create_date` >= '2018-01')  ) AND ( `command_status` = 2 ) AND ( `consume_status` = 1 ) AND ( `del_flag` = 0 ) AND ( `transfer_status` = 0 ) AND ( `create_by` = 'kefuanmoyitest' ) LIMIT 1   [ RunTime:1.546088s ]
SQL: SELECT SUM(totals-consume) AS tp_sum FROM `sys_user` WHERE ( `del_flag` = 0 ) AND ( `openid` = 'odOIPv9UcOs4N_jKX0JECOwADE7s' ) LIMIT 1   [ RunTime:0.121007s ]
SQL: SELECT sum(consume_account) as count,`deivce_command` FROM `device_consume_rec` WHERE ( `command_status` = 2 ) AND ( `consume_status` = 1 ) AND ( `del_flag` = 0 ) AND ( `transfer_status` = 0 ) AND ( `create_by` = 'kefuanmoyitest' ) GROUP BY deivce_command ORDER BY count desc LIMIT 1   [ RunTime:2.075119s ]
SQL: SHOW COLUMNS FROM `device_info` [ RunTime:0.345019s ]
SQL: SELECT `scan_code` FROM `device_info` WHERE ( `del_flag` = 0 ) AND ( `device_command` = '4093646' ) AND ( `owner_id` = 'kefuanmoyitest' ) LIMIT 1   [ RunTime:0.018001s ]
SQL: SELECT sum(1) as count,drg.online_status FROM device_info di LEFT JOIN device_relation_group drg ON drg.di_id = di.id WHERE ( di.del_flag = 0 ) AND ( drg.del_flag = 0 ) AND ( di.owner_id = 'kefuanmoyitest' ) GROUP BY drg.online_status ORDER BY drg.online_status asc  [ RunTime:0.176010s ]
SQL: SHOW COLUMNS FROM `userefund` [ RunTime:0.166009s ]
SQL: SELECT COUNT(*) AS tp_count FROM `userefund` WHERE ( `owner_id` = 'kefuanmoyitest' ) LIMIT 1   [ RunTime:0.015001s ]
INFO: [ view_template ] --START--
INFO: Run LocationTemplate Behavior [ RunTime:-9.880565s ]
INFO: [ view_template ] --END-- [ RunTime:0.002000s ]
INFO: [ view_parse ] --START--
INFO: Run ParseTemplate Behavior [ RunTime:-9.882565s ]
INFO: [ view_parse ] --END-- [ RunTime:0.047003s ]
INFO: [ view_filter ] --START--
INFO: Run ContentReplace Behavior [ RunTime:-9.929568s ]
INFO: Run TokenBuild Behavior [ RunTime:-9.930568s ]
INFO: Run WriteHtmlCache Behavior [ RunTime:-9.932568s ]
INFO: Run ShowRuntime Behavior [ RunTime:-9.933568s ]
INFO: [ view_filter ] --END-- [ RunTime:0.005000s ]
INFO: [ view_end ] --START--
INFO: Run ShowPageTrace Behavior [ RunTime:-9.934568s ]
INFO: [ view_end ] --END-- [ RunTime:0.003000s ]

[ 2018-01-05T18:04:06+08:00 ] 0.0.0.0 /Rose/index.php?g=Wap&m=Rose2Personal&a=presonal_new&openid=odOIPv9UcOs4N_jKX0JECOwADE7s
INFO: [ app_begin ] --START--
INFO: Run ReadHtmlCache Behavior [ RunTime:0.024001s ]
INFO: [ app_begin ] --END-- [ RunTime:0.044002s ]
NOTIC: [8] A session had already been started - ignoring session_start() D:\phpStudy\WWW\Rose\Lib\Action\Wap\Rose2BaseAction.class.php 第 2 行.
SQL: SHOW COLUMNS FROM `sys_user` [ RunTime:0.086005s ]
SQL: SELECT * FROM `sys_user` WHERE ( `del_flag` = 0 ) AND ( `openid` = 'odOIPv9UcOs4N_jKX0JECOwADE7s' ) LIMIT 1   [ RunTime:0.054003s ]
NOTIC: [8] Trying to get property of non-object D:\phpStudy\WWW\Rose\Core\Extend\Vendor\weixin\jssdk.php 第 75 行.
NOTIC: [8] Trying to get property of non-object D:\phpStudy\WWW\Rose\Core\Extend\Vendor\weixin\jssdk.php 第 53 行.
SQL: SHOW COLUMNS FROM `weixin_userinfo` [ RunTime:0.061004s ]
SQL: SELECT * FROM `weixin_userinfo` WHERE ( `del_flag` = 0 ) AND ( `from_username` = 'odOIPv9UcOs4N_jKX0JECOwADE7s' ) LIMIT 1   [ RunTime:0.022001s ]
SQL: SELECT * FROM `sys_user` WHERE ( `del_flag` = 0 ) AND ( `openid` = 'odOIPv9UcOs4N_jKX0JECOwADE7s' ) LIMIT 1   [ RunTime:0.001000s ]
SQL: SHOW COLUMNS FROM `sys_office` [ RunTime:0.034002s ]
SQL: SELECT `name` FROM `sys_office` WHERE ( `del_flag` = 0 ) AND ( `id` = 'a721bdccfcb44571a48df2065950d05d' ) LIMIT 1   [ RunTime:0.025002s ]
SQL: SHOW COLUMNS FROM `device_consume_rec` [ RunTime:0.027001s ]
SQL: SELECT SUM(consume_account) AS tp_sum FROM `device_consume_rec` WHERE ( `create_date` >= '2018-01-05 00:00:00' ) AND ( `command_status` = 2 ) AND ( `consume_status` = 1 ) AND ( `del_flag` = 0 ) AND ( `transfer_status` = 0 ) AND ( `create_by` = 'kefuanmoyitest' ) LIMIT 1   [ RunTime:4.507257s ]
NOTIC: [2] trim() expects parameter 1 to be string, array given D:\phpStudy\WWW\Rose\Core\Lib\Core\Db.class.php 第 459 行.
SQL: SELECT SUM(consume_account) AS tp_sum FROM `device_consume_rec` WHERE ( (`create_date` >= '2018-01')  ) AND ( `command_status` = 2 ) AND ( `consume_status` = 1 ) AND ( `del_flag` = 0 ) AND ( `transfer_status` = 0 ) AND ( `create_by` = 'kefuanmoyitest' ) LIMIT 1   [ RunTime:0.738043s ]
SQL: SELECT SUM(totals-consume) AS tp_sum FROM `sys_user` WHERE ( `del_flag` = 0 ) AND ( `openid` = 'odOIPv9UcOs4N_jKX0JECOwADE7s' ) LIMIT 1   [ RunTime:0.079004s ]
SQL: SELECT sum(consume_account) as count,`deivce_command` FROM `device_consume_rec` WHERE ( `command_status` = 2 ) AND ( `consume_status` = 1 ) AND ( `del_flag` = 0 ) AND ( `transfer_status` = 0 ) AND ( `create_by` = 'kefuanmoyitest' ) GROUP BY deivce_command ORDER BY count desc LIMIT 1   [ RunTime:0.752043s ]
SQL: SHOW COLUMNS FROM `device_info` [ RunTime:0.067004s ]
SQL: SELECT `scan_code` FROM `device_info` WHERE ( `del_flag` = 0 ) AND ( `device_command` = '4093646' ) AND ( `owner_id` = 'kefuanmoyitest' ) LIMIT 1   [ RunTime:0.105006s ]
SQL: SELECT sum(1) as count,drg.online_status FROM device_info di LEFT JOIN device_relation_group drg ON drg.di_id = di.id WHERE ( di.del_flag = 0 ) AND ( drg.del_flag = 0 ) AND ( di.owner_id = 'kefuanmoyitest' ) GROUP BY drg.online_status ORDER BY drg.online_status asc  [ RunTime:0.088005s ]
SQL: SHOW COLUMNS FROM `userefund` [ RunTime:0.058003s ]
SQL: SELECT COUNT(*) AS tp_count FROM `userefund` WHERE ( `owner_id` = 'kefuanmoyitest' ) LIMIT 1   [ RunTime:0.030001s ]
INFO: [ view_template ] --START--
INFO: Run LocationTemplate Behavior [ RunTime:-8.707498s ]
INFO: [ view_template ] --END-- [ RunTime:0.030002s ]
INFO: [ view_parse ] --START--
INFO: Run ParseTemplate Behavior [ RunTime:-8.737500s ]
INFO: [ view_parse ] --END-- [ RunTime:0.135008s ]
INFO: [ view_filter ] --START--
INFO: Run ContentReplace Behavior [ RunTime:-8.872508s ]
INFO: Run TokenBuild Behavior [ RunTime:-8.873508s ]
INFO: Run WriteHtmlCache Behavior [ RunTime:-8.875508s ]
INFO: Run ShowRuntime Behavior [ RunTime:-8.876508s ]
INFO: [ view_filter ] --END-- [ RunTime:0.006000s ]
INFO: [ view_end ] --START--
INFO: Run ShowPageTrace Behavior [ RunTime:-8.878508s ]
INFO: [ view_end ] --END-- [ RunTime:0.003000s ]

[ 2018-01-05T18:05:39+08:00 ] 0.0.0.0 /Rose/index.php?g=Wap&m=Rose2Personal&a=presonal_new&openid=odOIPv9UcOs4N_jKX0JECOwADE7s
INFO: [ app_begin ] --START--
INFO: Run ReadHtmlCache Behavior [ RunTime:0.002000s ]
INFO: [ app_begin ] --END-- [ RunTime:0.002000s ]
NOTIC: [8] A session had already been started - ignoring session_start() D:\phpStudy\WWW\Rose\Lib\Action\Wap\Rose2BaseAction.class.php 第 2 行.
SQL: SHOW COLUMNS FROM `sys_user` [ RunTime:0.021001s ]
SQL: SELECT * FROM `sys_user` WHERE ( `del_flag` = 0 ) AND ( `openid` = 'odOIPv9UcOs4N_jKX0JECOwADE7s' ) LIMIT 1   [ RunTime:0.028002s ]
NOTIC: [8] Trying to get property of non-object D:\phpStudy\WWW\Rose\Core\Extend\Vendor\weixin\jssdk.php 第 75 行.
NOTIC: [8] Trying to get property of non-object D:\phpStudy\WWW\Rose\Core\Extend\Vendor\weixin\jssdk.php 第 53 行.
SQL: SHOW COLUMNS FROM `weixin_userinfo` [ RunTime:0.009000s ]
SQL: SELECT * FROM `weixin_userinfo` WHERE ( `del_flag` = 0 ) AND ( `from_username` = 'odOIPv9UcOs4N_jKX0JECOwADE7s' ) LIMIT 1   [ RunTime:0.008001s ]
SQL: SELECT * FROM `sys_user` WHERE ( `del_flag` = 0 ) AND ( `openid` = 'odOIPv9UcOs4N_jKX0JECOwADE7s' ) LIMIT 1   [ RunTime:0.001000s ]
SQL: SHOW COLUMNS FROM `sys_office` [ RunTime:0.011001s ]
SQL: SELECT `name` FROM `sys_office` WHERE ( `del_flag` = 0 ) AND ( `id` = 'a721bdccfcb44571a48df2065950d05d' ) LIMIT 1   [ RunTime:0.007000s ]
SQL: SHOW COLUMNS FROM `device_consume_rec` [ RunTime:0.011001s ]
SQL: SELECT SUM(consume_account) AS tp_sum FROM `device_consume_rec` WHERE ( `create_date` >= '2018-01-05 00:00:00' ) AND ( `command_status` = 2 ) AND ( `consume_status` = 1 ) AND ( `del_flag` = 0 ) AND ( `transfer_status` = 0 ) AND ( `create_by` = 'kefuanmoyitest' ) LIMIT 1   [ RunTime:0.771044s ]
NOTIC: [2] trim() expects parameter 1 to be string, array given D:\phpStudy\WWW\Rose\Core\Lib\Core\Db.class.php 第 459 行.
SQL: SELECT SUM(consume_account) AS tp_sum FROM `device_consume_rec` WHERE ( (`create_date` >= '2018-01')  ) AND ( `command_status` = 2 ) AND ( `consume_status` = 1 ) AND ( `del_flag` = 0 ) AND ( `transfer_status` = 0 ) AND ( `create_by` = 'kefuanmoyitest' ) LIMIT 1   [ RunTime:0.939054s ]
SQL: SELECT SUM(totals-consume) AS tp_sum FROM `sys_user` WHERE ( `del_flag` = 0 ) AND ( `openid` = 'odOIPv9UcOs4N_jKX0JECOwADE7s' ) LIMIT 1   [ RunTime:0.029001s ]
SQL: SELECT sum(consume_account) as count,`deivce_command` FROM `device_consume_rec` WHERE ( `command_status` = 2 ) AND ( `consume_status` = 1 ) AND ( `del_flag` = 0 ) AND ( `transfer_status` = 0 ) AND ( `create_by` = 'kefuanmoyitest' ) GROUP BY deivce_command ORDER BY count desc LIMIT 1   [ RunTime:0.603035s ]
SQL: SHOW COLUMNS FROM `device_info` [ RunTime:0.009000s ]
SQL: SELECT `scan_code` FROM `device_info` WHERE ( `del_flag` = 0 ) AND ( `device_command` = '4093646' ) AND ( `owner_id` = 'kefuanmoyitest' ) LIMIT 1   [ RunTime:0.031002s ]
SQL: SELECT sum(1) as count,drg.online_status FROM device_info di LEFT JOIN device_relation_group drg ON drg.di_id = di.id WHERE ( di.del_flag = 0 ) AND ( drg.del_flag = 0 ) AND ( di.owner_id = 'kefuanmoyitest' ) GROUP BY drg.online_status ORDER BY drg.online_status asc  [ RunTime:0.017001s ]
SQL: SHOW COLUMNS FROM `userefund` [ RunTime:0.012001s ]
SQL: SELECT COUNT(*) AS tp_count FROM `userefund` WHERE ( `owner_id` = 'kefuanmoyitest' ) LIMIT 1   [ RunTime:0.012001s ]
INFO: [ view_template ] --START--
INFO: Run LocationTemplate Behavior [ RunTime:-3.620208s ]
INFO: [ view_template ] --END-- [ RunTime:0.002000s ]
INFO: [ view_parse ] --START--
INFO: Run ParseTemplate Behavior [ RunTime:-3.622208s ]
INFO: [ view_parse ] --END-- [ RunTime:0.014000s ]
INFO: [ view_filter ] --START--
INFO: Run ContentReplace Behavior [ RunTime:-3.637208s ]
INFO: Run TokenBuild Behavior [ RunTime:-3.637208s ]
INFO: Run WriteHtmlCache Behavior [ RunTime:-3.638209s ]
INFO: Run ShowRuntime Behavior [ RunTime:-3.639209s ]
INFO: [ view_filter ] --END-- [ RunTime:0.002001s ]
INFO: [ view_end ] --START--
INFO: Run ShowPageTrace Behavior [ RunTime:-3.639209s ]
INFO: [ view_end ] --END-- [ RunTime:0.002000s ]

[ 2018-01-05T18:13:25+08:00 ] 0.0.0.0 /Rose/index.php?g=Wap&m=Rose2Personal&a=presonal_new&openid=odOIPv9UcOs4N_jKX0JECOwADE7s
INFO: [ app_begin ] --START--
INFO: Run ReadHtmlCache Behavior [ RunTime:0.001000s ]
INFO: [ app_begin ] --END-- [ RunTime:0.001000s ]
NOTIC: [8] A session had already been started - ignoring session_start() D:\phpStudy\WWW\Rose\Lib\Action\Wap\Rose2BaseAction.class.php 第 2 行.
SQL: SHOW COLUMNS FROM `sys_user` [ RunTime:0.021001s ]
SQL: SELECT * FROM `sys_user` WHERE ( `del_flag` = 0 ) AND ( `openid` = 'odOIPv9UcOs4N_jKX0JECOwADE7s' ) LIMIT 1   [ RunTime:0.025001s ]
NOTIC: [8] Trying to get property of non-object D:\phpStudy\WWW\Rose\Core\Extend\Vendor\weixin\jssdk.php 第 75 行.
NOTIC: [8] Trying to get property of non-object D:\phpStudy\WWW\Rose\Core\Extend\Vendor\weixin\jssdk.php 第 53 行.
SQL: SHOW COLUMNS FROM `weixin_userinfo` [ RunTime:0.018001s ]
SQL: SELECT * FROM `weixin_userinfo` WHERE ( `del_flag` = 0 ) AND ( `from_username` = 'odOIPv9UcOs4N_jKX0JECOwADE7s' ) LIMIT 1   [ RunTime:0.017001s ]
SQL: SELECT * FROM `sys_user` WHERE ( `del_flag` = 0 ) AND ( `openid` = 'odOIPv9UcOs4N_jKX0JECOwADE7s' ) LIMIT 1   [ RunTime:0.001000s ]
SQL: SHOW COLUMNS FROM `sys_office` [ RunTime:0.014001s ]
SQL: SELECT `name` FROM `sys_office` WHERE ( `del_flag` = 0 ) AND ( `id` = 'a721bdccfcb44571a48df2065950d05d' ) LIMIT 1   [ RunTime:0.012001s ]
SQL: SHOW COLUMNS FROM `device_consume_rec` [ RunTime:0.013001s ]
SQL: SELECT SUM(consume_account) AS tp_sum FROM `device_consume_rec` WHERE ( `create_date` >= '2018-01-05 00:00:00' ) AND ( `command_status` = 2 ) AND ( `consume_status` = 1 ) AND ( `del_flag` = 0 ) AND ( `transfer_status` = 0 ) AND ( `create_by` = 'kefuanmoyitest' ) LIMIT 1   [ RunTime:0.610034s ]
NOTIC: [2] trim() expects parameter 1 to be string, array given D:\phpStudy\WWW\Rose\Core\Lib\Core\Db.class.php 第 459 行.
SQL: SELECT SUM(consume_account) AS tp_sum FROM `device_consume_rec` WHERE ( (`create_date` >= '2018-01')  ) AND ( `command_status` = 2 ) AND ( `consume_status` = 1 ) AND ( `del_flag` = 0 ) AND ( `transfer_status` = 0 ) AND ( `create_by` = 'kefuanmoyitest' ) LIMIT 1   [ RunTime:0.616036s ]
SQL: SELECT SUM(totals-consume) AS tp_sum FROM `sys_user` WHERE ( `del_flag` = 0 ) AND ( `openid` = 'odOIPv9UcOs4N_jKX0JECOwADE7s' ) LIMIT 1   [ RunTime:0.029001s ]
SQL: SELECT sum(consume_account) as count,`deivce_command` FROM `device_consume_rec` WHERE ( `command_status` = 2 ) AND ( `consume_status` = 1 ) AND ( `del_flag` = 0 ) AND ( `transfer_status` = 0 ) AND ( `create_by` = 'kefuanmoyitest' ) GROUP BY deivce_command ORDER BY count desc LIMIT 1   [ RunTime:0.654038s ]
SQL: SHOW COLUMNS FROM `device_info` [ RunTime:0.019001s ]
SQL: SELECT `scan_code` FROM `device_info` WHERE ( `del_flag` = 0 ) AND ( `device_command` = '4093646' ) AND ( `owner_id` = 'kefuanmoyitest' ) LIMIT 1   [ RunTime:0.029002s ]
SQL: SELECT sum(1) as count,drg.online_status FROM device_info di LEFT JOIN device_relation_group drg ON drg.di_id = di.id WHERE ( di.del_flag = 0 ) AND ( drg.del_flag = 0 ) AND ( di.owner_id = 'kefuanmoyitest' ) GROUP BY drg.online_status ORDER BY drg.online_status asc  [ RunTime:0.016001s ]
SQL: SHOW COLUMNS FROM `userefund` [ RunTime:0.012000s ]
SQL: SELECT COUNT(*) AS tp_count FROM `userefund` WHERE ( `owner_id` = 'kefuanmoyitest' ) LIMIT 1   [ RunTime:0.014001s ]
INFO: [ view_template ] --START--
INFO: Run LocationTemplate Behavior [ RunTime:-24.516402s ]
INFO: [ view_template ] --END-- [ RunTime:0.001000s ]
INFO: [ view_parse ] --START--
INFO: Run ParseTemplate Behavior [ RunTime:-24.517402s ]
INFO: [ view_parse ] --END-- [ RunTime:0.016001s ]
INFO: [ view_filter ] --START--
INFO: Run ContentReplace Behavior [ RunTime:-24.533403s ]
INFO: Run TokenBuild Behavior [ RunTime:-24.534403s ]
INFO: Run WriteHtmlCache Behavior [ RunTime:-24.534403s ]
INFO: Run ShowRuntime Behavior [ RunTime:-24.535403s ]
INFO: [ view_filter ] --END-- [ RunTime:0.003000s ]
INFO: [ view_end ] --START--
INFO: Run ShowPageTrace Behavior [ RunTime:-24.536403s ]
INFO: [ view_end ] --END-- [ RunTime:0.001000s ]

