[ 2018-01-08T10:13:13+08:00 ] 0.0.0.0 /Rose/index.php?g=Wap&m=Finance&a=index&openid=odOIPv9UcOs4N_jKX0JECOwADE7s
INFO: [ app_begin ] --START--
INFO: Run ReadHtmlCache Behavior [ RunTime:0.081004s ]
INFO: [ app_begin ] --END-- [ RunTime:0.092005s ]
NOTIC: [8] A session had already been started - ignoring session_start() D:\phpStudy\WWW\Rose\Lib\Action\Wap\Rose2BaseAction.class.php 第 2 行.
SQL: SHOW COLUMNS FROM `sys_user` [ RunTime:0.364021s ]
SQL: SELECT * FROM `sys_user` WHERE ( `del_flag` = 0 ) AND ( `openid` = 'odOIPv9UcOs4N_jKX0JECOwADE7s' ) LIMIT 1   [ RunTime:0.044003s ]
NOTIC: [8] Trying to get property of non-object D:\phpStudy\WWW\Rose\Core\Extend\Vendor\weixin\jssdk.php 第 75 行.
NOTIC: [8] Trying to get property of non-object D:\phpStudy\WWW\Rose\Core\Extend\Vendor\weixin\jssdk.php 第 53 行.
SQL: SHOW COLUMNS FROM `weixin_userinfo` [ RunTime:1.041059s ]
SQL: SELECT * FROM `weixin_userinfo` WHERE ( `del_flag` = 0 ) AND ( `from_username` = 'odOIPv9UcOs4N_jKX0JECOwADE7s' ) LIMIT 1   [ RunTime:0.021001s ]
SQL: SHOW COLUMNS FROM `device_consume_rec` [ RunTime:0.924053s ]
SQL: SELECT month(create_date) as month,sum(consume_account) as acount FROM `device_consume_rec` WHERE ( `command_status` = '2' ) AND ( `consume_status` IN ('1','2') ) AND ( `transfer_status` = '0' ) AND ( `del_flag` = '0' ) AND ( `create_by` = 'kefuanmoyitest' ) AND ( `create_date` >= '2017-01-08 00:00:00' ) GROUP BY month(create_date)  [ RunTime:5.522316s ]
SQL: SHOW COLUMNS FROM `weixin_enterprise_payment` [ RunTime:0.773044s ]
SQL: SELECT month(create_date) as month,sum(amount) as amount FROM `weixin_enterprise_payment` WHERE ( `status` = '1' ) AND ( `openid` = 'odOIPv9UcOs4N_jKX0JECOwADE7s' ) GROUP BY month(create_date)  [ RunTime:1.274073s ]
SQL: SHOW COLUMNS FROM `weixin_pay_rec` [ RunTime:0.650038s ]
SQL: SELECT month(create_date) as month,sum(pay_account) pay_account FROM `weixin_pay_rec` WHERE ( `pay_status` = '1' ) AND ( `is_close` = '0' ) AND ( `create_by` = 'kefuanmoyitest' ) GROUP BY month(create_date)  [ RunTime:2.826161s ]
NOTIC: [8] Undefined index: month D:\phpStudy\WWW\Rose\Lib\Action\Wap\FinanceAction.class.php 第 107 行.
NOTIC: [8] Undefined index: month D:\phpStudy\WWW\Rose\Lib\Action\Wap\FinanceAction.class.php 第 107 行.
NOTIC: [8] Undefined index: month D:\phpStudy\WWW\Rose\Lib\Action\Wap\FinanceAction.class.php 第 107 行.
NOTIC: [8] Undefined index: month D:\phpStudy\WWW\Rose\Lib\Action\Wap\FinanceAction.class.php 第 107 行.
NOTIC: [8] Undefined index: month D:\phpStudy\WWW\Rose\Lib\Action\Wap\FinanceAction.class.php 第 107 行.
NOTIC: [8] Undefined index: month D:\phpStudy\WWW\Rose\Lib\Action\Wap\FinanceAction.class.php 第 107 行.
NOTIC: [8] Undefined index: month D:\phpStudy\WWW\Rose\Lib\Action\Wap\FinanceAction.class.php 第 107 行.
NOTIC: [8] Undefined index: month D:\phpStudy\WWW\Rose\Lib\Action\Wap\FinanceAction.class.php 第 107 行.
NOTIC: [8] Undefined index: month D:\phpStudy\WWW\Rose\Lib\Action\Wap\FinanceAction.class.php 第 107 行.
NOTIC: [8] Undefined index: month D:\phpStudy\WWW\Rose\Lib\Action\Wap\FinanceAction.class.php 第 107 行.
NOTIC: [8] Undefined index: month D:\phpStudy\WWW\Rose\Lib\Action\Wap\FinanceAction.class.php 第 107 行.
INFO: [ view_template ] --START--
INFO: Run LocationTemplate Behavior [ RunTime:-16.838963s ]
INFO: [ view_template ] --END-- [ RunTime:0.155009s ]
INFO: [ view_parse ] --START--
NOTIC: [8] Undefined index: pay_account D:\phpStudy\WWW\Rose\logs\Cache\Wap\b7d919ef8e556e92c8c6db29e13f9f3e.php 第 30 行.
NOTIC: [8] Undefined index: pay_account D:\phpStudy\WWW\Rose\logs\Cache\Wap\b7d919ef8e556e92c8c6db29e13f9f3e.php 第 30 行.
NOTIC: [8] Undefined index: pay_account D:\phpStudy\WWW\Rose\logs\Cache\Wap\b7d919ef8e556e92c8c6db29e13f9f3e.php 第 30 行.
NOTIC: [8] Undefined index: amount D:\phpStudy\WWW\Rose\logs\Cache\Wap\b7d919ef8e556e92c8c6db29e13f9f3e.php 第 34 行.
NOTIC: [8] Undefined index: amount D:\phpStudy\WWW\Rose\logs\Cache\Wap\b7d919ef8e556e92c8c6db29e13f9f3e.php 第 37 行.
NOTIC: [8] Undefined index: amount D:\phpStudy\WWW\Rose\logs\Cache\Wap\b7d919ef8e556e92c8c6db29e13f9f3e.php 第 37 行.
NOTIC: [8] Undefined index: pay_account D:\phpStudy\WWW\Rose\logs\Cache\Wap\b7d919ef8e556e92c8c6db29e13f9f3e.php 第 30 行.
NOTIC: [8] Undefined index: amount D:\phpStudy\WWW\Rose\logs\Cache\Wap\b7d919ef8e556e92c8c6db29e13f9f3e.php 第 34 行.
NOTIC: [8] Undefined index: amount D:\phpStudy\WWW\Rose\logs\Cache\Wap\b7d919ef8e556e92c8c6db29e13f9f3e.php 第 37 行.
NOTIC: [8] Undefined index: amount D:\phpStudy\WWW\Rose\logs\Cache\Wap\b7d919ef8e556e92c8c6db29e13f9f3e.php 第 37 行.
NOTIC: [8] Undefined index: pay_account D:\phpStudy\WWW\Rose\logs\Cache\Wap\b7d919ef8e556e92c8c6db29e13f9f3e.php 第 30 行.
NOTIC: [8] Undefined index: pay_account D:\phpStudy\WWW\Rose\logs\Cache\Wap\b7d919ef8e556e92c8c6db29e13f9f3e.php 第 30 行.
NOTIC: [8] Undefined index: amount D:\phpStudy\WWW\Rose\logs\Cache\Wap\b7d919ef8e556e92c8c6db29e13f9f3e.php 第 34 行.
NOTIC: [8] Undefined index: amount D:\phpStudy\WWW\Rose\logs\Cache\Wap\b7d919ef8e556e92c8c6db29e13f9f3e.php 第 37 行.
NOTIC: [8] Undefined index: amount D:\phpStudy\WWW\Rose\logs\Cache\Wap\b7d919ef8e556e92c8c6db29e13f9f3e.php 第 37 行.
NOTIC: [8] Undefined index: pay_account D:\phpStudy\WWW\Rose\logs\Cache\Wap\b7d919ef8e556e92c8c6db29e13f9f3e.php 第 30 行.
NOTIC: [8] Undefined index: pay_account D:\phpStudy\WWW\Rose\logs\Cache\Wap\b7d919ef8e556e92c8c6db29e13f9f3e.php 第 30 行.
NOTIC: [8] Undefined index: pay_account D:\phpStudy\WWW\Rose\logs\Cache\Wap\b7d919ef8e556e92c8c6db29e13f9f3e.php 第 30 行.
NOTIC: [8] Undefined index: acount D:\phpStudy\WWW\Rose\logs\Cache\Wap\b7d919ef8e556e92c8c6db29e13f9f3e.php 第 26 行.
NOTIC: [8] Undefined index: pay_account D:\phpStudy\WWW\Rose\logs\Cache\Wap\b7d919ef8e556e92c8c6db29e13f9f3e.php 第 30 行.
NOTIC: [8] Undefined index: acount D:\phpStudy\WWW\Rose\logs\Cache\Wap\b7d919ef8e556e92c8c6db29e13f9f3e.php 第 37 行.
NOTIC: [8] Undefined index: acount D:\phpStudy\WWW\Rose\logs\Cache\Wap\b7d919ef8e556e92c8c6db29e13f9f3e.php 第 26 行.
NOTIC: [8] Undefined index: pay_account D:\phpStudy\WWW\Rose\logs\Cache\Wap\b7d919ef8e556e92c8c6db29e13f9f3e.php 第 30 行.
NOTIC: [8] Undefined index: acount D:\phpStudy\WWW\Rose\logs\Cache\Wap\b7d919ef8e556e92c8c6db29e13f9f3e.php 第 37 行.
INFO: Run ParseTemplate Behavior [ RunTime:-16.993972s ]
INFO: [ view_parse ] --END-- [ RunTime:0.316018s ]
INFO: [ view_filter ] --START--
INFO: Run ContentReplace Behavior [ RunTime:-17.309990s ]
INFO: Run TokenBuild Behavior [ RunTime:-17.330991s ]
INFO: Run WriteHtmlCache Behavior [ RunTime:-17.353993s ]
INFO: Run ShowRuntime Behavior [ RunTime:-17.383995s ]
INFO: [ view_filter ] --END-- [ RunTime:0.100006s ]
INFO: [ view_end ] --START--
INFO: Run ShowPageTrace Behavior [ RunTime:-17.409996s ]
INFO: [ view_end ] --END-- [ RunTime:0.025001s ]

[ 2018-01-08T15:52:05+08:00 ] 0.0.0.0 /Rose/index.php?g=Wap&m=Glassregiter&a=index&scan_code=ARSG1234&openid=odOIPv9UcOs4N_jKX0JECOwADE7s
INFO: [ app_begin ] --START--
INFO: Run ReadHtmlCache Behavior [ RunTime:0.013001s ]
INFO: [ app_begin ] --END-- [ RunTime:0.044003s ]
INFO: [ view_template ] --START--
INFO: Run LocationTemplate Behavior [ RunTime:-0.849048s ]
INFO: [ view_template ] --END-- [ RunTime:0.002001s ]
INFO: [ view_parse ] --START--
INFO: Run ParseTemplate Behavior [ RunTime:-0.852049s ]
INFO: [ view_parse ] --END-- [ RunTime:0.067003s ]
INFO: [ view_filter ] --START--
INFO: Run ContentReplace Behavior [ RunTime:-0.920052s ]
INFO: Run TokenBuild Behavior [ RunTime:-0.921053s ]
INFO: Run WriteHtmlCache Behavior [ RunTime:-0.932053s ]
INFO: Run ShowRuntime Behavior [ RunTime:-0.933053s ]
INFO: [ view_filter ] --END-- [ RunTime:0.015001s ]
INFO: [ view_end ] --START--
INFO: Run ShowPageTrace Behavior [ RunTime:-0.935053s ]
INFO: [ view_end ] --END-- [ RunTime:0.002000s ]

[ 2018-01-08T15:52:18+08:00 ] 0.0.0.0 /Rose/index.php?g=Wap&m=Glassregiter&a=pay_index&scan_code=ARSG1234&openid=odOIPv9UcOs4N_jKX0JECOwADE7s
INFO: [ app_begin ] --START--
INFO: Run ReadHtmlCache Behavior [ RunTime:0.001000s ]
INFO: [ app_begin ] --END-- [ RunTime:0.001000s ]
NOTIC: [8] Undefined index: owner_id D:\phpStudy\WWW\Rose\Lib\Action\Wap\GlassregiterAction.class.php 第 61 行.
SQL: SHOW COLUMNS FROM `device_info` [ RunTime:0.359021s ]
SQL: SELECT `owner_id` FROM `device_info` WHERE ( `scan_code` = 'ARSG1234' ) AND ( `del_flag` = 0 ) LIMIT 1   [ RunTime:0.013001s ]
SQL: SHOW COLUMNS FROM `sys_user` [ RunTime:0.028002s ]
SQL: SELECT * FROM `sys_user` WHERE ( `id` = null ) AND ( `del_flag` = 0 ) LIMIT 1   [ RunTime:0.001000s ]
SQL: SHOW COLUMNS FROM `glass_user` [ RunTime:0.075004s ]
SQL: SELECT `time_nums` FROM `glass_user` WHERE ( `user_id` = 'odOIPv9UcOs4N_jKX0JECOwADE7s' ) LIMIT 1   [ RunTime:0.000000s ]
INFO: [ view_template ] --START--
INFO: Run LocationTemplate Behavior [ RunTime:-2.390137s ]
INFO: [ view_template ] --END-- [ RunTime:0.003000s ]
INFO: [ view_parse ] --START--
NOTIC: [2] Division by zero D:\phpStudy\WWW\Rose\logs\Cache\Wap\b8a3d5cda8ff2ca074c6b244a8293ab5.php 第 74 行.
NOTIC: [2] Division by zero D:\phpStudy\WWW\Rose\logs\Cache\Wap\b8a3d5cda8ff2ca074c6b244a8293ab5.php 第 77 行.
NOTIC: [8] Undefined offset: 1 D:\phpStudy\WWW\Rose\logs\Cache\Wap\b8a3d5cda8ff2ca074c6b244a8293ab5.php 第 80 行.
NOTIC: [8] Undefined offset: 1 D:\phpStudy\WWW\Rose\logs\Cache\Wap\b8a3d5cda8ff2ca074c6b244a8293ab5.php 第 80 行.
NOTIC: [2] Division by zero D:\phpStudy\WWW\Rose\logs\Cache\Wap\b8a3d5cda8ff2ca074c6b244a8293ab5.php 第 80 行.
NOTIC: [8] Undefined offset: 1 D:\phpStudy\WWW\Rose\logs\Cache\Wap\b8a3d5cda8ff2ca074c6b244a8293ab5.php 第 82 行.
NOTIC: [8] Undefined offset: 1 D:\phpStudy\WWW\Rose\logs\Cache\Wap\b8a3d5cda8ff2ca074c6b244a8293ab5.php 第 83 行.
NOTIC: [2] Division by zero D:\phpStudy\WWW\Rose\logs\Cache\Wap\b8a3d5cda8ff2ca074c6b244a8293ab5.php 第 83 行.
NOTIC: [8] Undefined offset: 2 D:\phpStudy\WWW\Rose\logs\Cache\Wap\b8a3d5cda8ff2ca074c6b244a8293ab5.php 第 86 行.
NOTIC: [8] Undefined offset: 2 D:\phpStudy\WWW\Rose\logs\Cache\Wap\b8a3d5cda8ff2ca074c6b244a8293ab5.php 第 86 行.
NOTIC: [2] Division by zero D:\phpStudy\WWW\Rose\logs\Cache\Wap\b8a3d5cda8ff2ca074c6b244a8293ab5.php 第 86 行.
NOTIC: [8] Undefined offset: 2 D:\phpStudy\WWW\Rose\logs\Cache\Wap\b8a3d5cda8ff2ca074c6b244a8293ab5.php 第 88 行.
NOTIC: [8] Undefined offset: 2 D:\phpStudy\WWW\Rose\logs\Cache\Wap\b8a3d5cda8ff2ca074c6b244a8293ab5.php 第 89 行.
NOTIC: [2] Division by zero D:\phpStudy\WWW\Rose\logs\Cache\Wap\b8a3d5cda8ff2ca074c6b244a8293ab5.php 第 89 行.
NOTIC: [8] Undefined offset: 3 D:\phpStudy\WWW\Rose\logs\Cache\Wap\b8a3d5cda8ff2ca074c6b244a8293ab5.php 第 92 行.
NOTIC: [8] Undefined offset: 3 D:\phpStudy\WWW\Rose\logs\Cache\Wap\b8a3d5cda8ff2ca074c6b244a8293ab5.php 第 92 行.
NOTIC: [2] Division by zero D:\phpStudy\WWW\Rose\logs\Cache\Wap\b8a3d5cda8ff2ca074c6b244a8293ab5.php 第 92 行.
NOTIC: [8] Undefined offset: 3 D:\phpStudy\WWW\Rose\logs\Cache\Wap\b8a3d5cda8ff2ca074c6b244a8293ab5.php 第 94 行.
NOTIC: [8] Undefined offset: 3 D:\phpStudy\WWW\Rose\logs\Cache\Wap\b8a3d5cda8ff2ca074c6b244a8293ab5.php 第 95 行.
NOTIC: [2] Division by zero D:\phpStudy\WWW\Rose\logs\Cache\Wap\b8a3d5cda8ff2ca074c6b244a8293ab5.php 第 95 行.
INFO: Run ParseTemplate Behavior [ RunTime:-2.393137s ]
INFO: [ view_parse ] --END-- [ RunTime:0.044003s ]
INFO: [ view_filter ] --START--
INFO: Run ContentReplace Behavior [ RunTime:-2.437140s ]
INFO: Run TokenBuild Behavior [ RunTime:-2.439140s ]
INFO: Run WriteHtmlCache Behavior [ RunTime:-2.439140s ]
INFO: Run ShowRuntime Behavior [ RunTime:-2.440140s ]
INFO: [ view_filter ] --END-- [ RunTime:0.004000s ]
INFO: [ view_end ] --START--
INFO: Run ShowPageTrace Behavior [ RunTime:-2.441140s ]
INFO: [ view_end ] --END-- [ RunTime:0.002000s ]

[ 2018-01-08T15:53:08+08:00 ] 0.0.0.0 /Rose/index.php?g=Wap&m=Glassregiter&a=pay_index&scan_code=ARSG1234&openid=odOIPv9UcOs4N_jKX0JECOwADE7s
INFO: [ app_begin ] --START--
INFO: Run ReadHtmlCache Behavior [ RunTime:0.001000s ]
INFO: [ app_begin ] --END-- [ RunTime:0.001000s ]
NOTIC: [8] Undefined index: owner_id D:\phpStudy\WWW\Rose\Lib\Action\Wap\GlassregiterAction.class.php 第 61 行.
SQL: SHOW COLUMNS FROM `device_info` [ RunTime:0.019001s ]
SQL: SELECT `owner_id` FROM `device_info` WHERE ( `scan_code` = 'ARSG1234' ) AND ( `del_flag` = 0 ) LIMIT 1   [ RunTime:0.000000s ]
SQL: SHOW COLUMNS FROM `sys_user` [ RunTime:0.011000s ]
SQL: SELECT * FROM `sys_user` WHERE ( `id` = null ) AND ( `del_flag` = 0 ) LIMIT 1   [ RunTime:0.000000s ]
SQL: SHOW COLUMNS FROM `glass_user` [ RunTime:0.012001s ]
SQL: SELECT `time_nums` FROM `glass_user` WHERE ( `user_id` = 'odOIPv9UcOs4N_jKX0JECOwADE7s' ) LIMIT 1   [ RunTime:0.000000s ]
INFO: [ view_template ] --START--
INFO: Run LocationTemplate Behavior [ RunTime:-1.491085s ]
INFO: [ view_template ] --END-- [ RunTime:0.002000s ]
INFO: [ view_parse ] --START--
NOTIC: [2] Division by zero D:\phpStudy\WWW\Rose\logs\Cache\Wap\b8a3d5cda8ff2ca074c6b244a8293ab5.php 第 74 行.
NOTIC: [2] Division by zero D:\phpStudy\WWW\Rose\logs\Cache\Wap\b8a3d5cda8ff2ca074c6b244a8293ab5.php 第 77 行.
NOTIC: [8] Undefined offset: 1 D:\phpStudy\WWW\Rose\logs\Cache\Wap\b8a3d5cda8ff2ca074c6b244a8293ab5.php 第 80 行.
NOTIC: [8] Undefined offset: 1 D:\phpStudy\WWW\Rose\logs\Cache\Wap\b8a3d5cda8ff2ca074c6b244a8293ab5.php 第 80 行.
NOTIC: [2] Division by zero D:\phpStudy\WWW\Rose\logs\Cache\Wap\b8a3d5cda8ff2ca074c6b244a8293ab5.php 第 80 行.
NOTIC: [8] Undefined offset: 1 D:\phpStudy\WWW\Rose\logs\Cache\Wap\b8a3d5cda8ff2ca074c6b244a8293ab5.php 第 82 行.
NOTIC: [8] Undefined offset: 1 D:\phpStudy\WWW\Rose\logs\Cache\Wap\b8a3d5cda8ff2ca074c6b244a8293ab5.php 第 83 行.
NOTIC: [2] Division by zero D:\phpStudy\WWW\Rose\logs\Cache\Wap\b8a3d5cda8ff2ca074c6b244a8293ab5.php 第 83 行.
NOTIC: [8] Undefined offset: 2 D:\phpStudy\WWW\Rose\logs\Cache\Wap\b8a3d5cda8ff2ca074c6b244a8293ab5.php 第 86 行.
NOTIC: [8] Undefined offset: 2 D:\phpStudy\WWW\Rose\logs\Cache\Wap\b8a3d5cda8ff2ca074c6b244a8293ab5.php 第 86 行.
NOTIC: [2] Division by zero D:\phpStudy\WWW\Rose\logs\Cache\Wap\b8a3d5cda8ff2ca074c6b244a8293ab5.php 第 86 行.
NOTIC: [8] Undefined offset: 2 D:\phpStudy\WWW\Rose\logs\Cache\Wap\b8a3d5cda8ff2ca074c6b244a8293ab5.php 第 88 行.
NOTIC: [8] Undefined offset: 2 D:\phpStudy\WWW\Rose\logs\Cache\Wap\b8a3d5cda8ff2ca074c6b244a8293ab5.php 第 89 行.
NOTIC: [2] Division by zero D:\phpStudy\WWW\Rose\logs\Cache\Wap\b8a3d5cda8ff2ca074c6b244a8293ab5.php 第 89 行.
NOTIC: [8] Undefined offset: 3 D:\phpStudy\WWW\Rose\logs\Cache\Wap\b8a3d5cda8ff2ca074c6b244a8293ab5.php 第 92 行.
NOTIC: [8] Undefined offset: 3 D:\phpStudy\WWW\Rose\logs\Cache\Wap\b8a3d5cda8ff2ca074c6b244a8293ab5.php 第 92 行.
NOTIC: [2] Division by zero D:\phpStudy\WWW\Rose\logs\Cache\Wap\b8a3d5cda8ff2ca074c6b244a8293ab5.php 第 92 行.
NOTIC: [8] Undefined offset: 3 D:\phpStudy\WWW\Rose\logs\Cache\Wap\b8a3d5cda8ff2ca074c6b244a8293ab5.php 第 94 行.
NOTIC: [8] Undefined offset: 3 D:\phpStudy\WWW\Rose\logs\Cache\Wap\b8a3d5cda8ff2ca074c6b244a8293ab5.php 第 95 行.
NOTIC: [2] Division by zero D:\phpStudy\WWW\Rose\logs\Cache\Wap\b8a3d5cda8ff2ca074c6b244a8293ab5.php 第 95 行.
INFO: Run ParseTemplate Behavior [ RunTime:-1.493085s ]
INFO: [ view_parse ] --END-- [ RunTime:0.012001s ]
INFO: [ view_filter ] --START--
INFO: Run ContentReplace Behavior [ RunTime:-1.505086s ]
INFO: Run TokenBuild Behavior [ RunTime:-1.507086s ]
INFO: Run WriteHtmlCache Behavior [ RunTime:-1.508086s ]
INFO: Run ShowRuntime Behavior [ RunTime:-1.508086s ]
INFO: [ view_filter ] --END-- [ RunTime:0.004000s ]
INFO: [ view_end ] --START--
INFO: Run ShowPageTrace Behavior [ RunTime:-1.516087s ]
INFO: [ view_end ] --END-- [ RunTime:0.001000s ]

