[ 2018-02-27T14:40:26+08:00 ] 0.0.0.0 /Rose/index.php?g=Wap&m=Car_Wash_Pay&a=index&scan_code=ZHGZPY00166&openid=odOIPv9UcOs4N_jKX0JECOwADE7s
INFO: [ app_begin ] --START--
INFO: Run ReadHtmlCache Behavior [ RunTime:0.006000s ]
INFO: [ app_begin ] --END-- [ RunTime:0.006000s ]
SQL: SHOW COLUMNS FROM `device_info` [ RunTime:0.198011s ]
SQL: SELECT * FROM `device_info` WHERE ( `scan_code` = 'ZHGZPY00166' ) AND ( `device_status` = 1 ) AND ( `del_flag` = 0 ) LIMIT 1   [ RunTime:0.037002s ]
SQL: SHOW COLUMNS FROM `device_relation_group` [ RunTime:0.089005s ]
SQL: SELECT * FROM `device_relation_group` WHERE ( `di_id` = '2016123010_2FC2C4F29CAF97922A3F9D3F290D02F1' ) AND ( `del_flag` = 0 ) AND ( `device_type` = 7 ) LIMIT 1   [ RunTime:0.002000s ]
SQL: SHOW COLUMNS FROM `sys_user` [ RunTime:0.068004s ]
SQL: SELECT su.phone,su.title FROM sys_user su LEFT JOIN device_info di on di.owner_id=su.id WHERE ( di.scan_code = 'ZHGZPY00166' ) AND ( di.del_flag = 0 ) AND ( su.del_flag = 0 ) LIMIT 1   [ RunTime:0.001000s ]
INFO: [ view_template ] --START--
INFO: Run LocationTemplate Behavior [ RunTime:-2.791160s ]
INFO: [ view_template ] --END-- [ RunTime:0.031002s ]
INFO: [ view_parse ] --START--
NOTIC: [8] Undefined variable: openid D:\phpStudy\WWW\Rose\logs\Cache\Wap\9ec70f2624115517231c6db335d9e14c.php 第 112 行.
NOTIC: [8] Use of undefined constant wechat - assumed 'wechat' D:\phpStudy\WWW\Rose\logs\Cache\Wap\9ec70f2624115517231c6db335d9e14c.php 第 118 行.
NOTIC: [8] Undefined variable: buyer_id D:\phpStudy\WWW\Rose\logs\Cache\Wap\9ec70f2624115517231c6db335d9e14c.php 第 122 行.
NOTIC: [8] Undefined variable: openid D:\phpStudy\WWW\Rose\logs\Cache\Wap\9ec70f2624115517231c6db335d9e14c.php 第 138 行.
NOTIC: [8] Undefined variable: buyer_id D:\phpStudy\WWW\Rose\logs\Cache\Wap\9ec70f2624115517231c6db335d9e14c.php 第 140 行.
INFO: Run ParseTemplate Behavior [ RunTime:-2.822162s ]
INFO: [ view_parse ] --END-- [ RunTime:0.102006s ]
INFO: [ view_filter ] --START--
INFO: Run ContentReplace Behavior [ RunTime:-2.924168s ]
INFO: Run TokenBuild Behavior [ RunTime:-2.926168s ]
INFO: Run WriteHtmlCache Behavior [ RunTime:-2.927168s ]
INFO: Run ShowRuntime Behavior [ RunTime:-2.929168s ]
INFO: [ view_filter ] --END-- [ RunTime:0.006000s ]
INFO: [ view_end ] --START--
INFO: Run ShowPageTrace Behavior [ RunTime:-2.931168s ]
INFO: [ view_end ] --END-- [ RunTime:0.002000s ]

[ 2018-02-27T15:31:33+08:00 ] 0.0.0.0 /Rose/index.php?g=Wap&m=Car_Wash_Pay&a=new&scan_code=ZHGZPY00166&openid=odOIPv9UcOs4N_jKX0JECOwADE7s
INFO: [ app_begin ] --START--
INFO: Run ReadHtmlCache Behavior [ RunTime:0.033002s ]
INFO: [ app_begin ] --END-- [ RunTime:0.033002s ]
SQL: SHOW COLUMNS FROM `device_info` [ RunTime:0.039002s ]
SQL: SELECT * FROM `device_info` WHERE ( `scan_code` = 'ZHGZPY00166' ) AND ( `device_status` = 1 ) AND ( `del_flag` = 0 ) LIMIT 1   [ RunTime:0.002000s ]
SQL: SHOW COLUMNS FROM `device_relation_group` [ RunTime:0.024001s ]
SQL: SELECT * FROM `device_relation_group` WHERE ( `di_id` = '2016123010_2FC2C4F29CAF97922A3F9D3F290D02F1' ) AND ( `del_flag` = 0 ) AND ( `device_type` = 7 ) LIMIT 1   [ RunTime:0.001000s ]
INFO: [ view_template ] --START--
INFO: Run LocationTemplate Behavior [ RunTime:-2.115121s ]
INFO: [ view_template ] --END-- [ RunTime:0.002000s ]
INFO: [ view_parse ] --START--
NOTIC: [8] Undefined variable: title D:\phpStudy\WWW\Rose\logs\Cache\Wap\d616de606d426bfc8022b0f2afd4763b.php 第 7 行.
NOTIC: [8] Undefined variable: phone D:\phpStudy\WWW\Rose\logs\Cache\Wap\d616de606d426bfc8022b0f2afd4763b.php 第 111 行.
NOTIC: [8] Undefined variable: openid D:\phpStudy\WWW\Rose\logs\Cache\Wap\d616de606d426bfc8022b0f2afd4763b.php 第 112 行.
NOTIC: [8] Use of undefined constant wechat - assumed 'wechat' D:\phpStudy\WWW\Rose\logs\Cache\Wap\d616de606d426bfc8022b0f2afd4763b.php 第 118 行.
NOTIC: [8] Undefined variable: buyer_id D:\phpStudy\WWW\Rose\logs\Cache\Wap\d616de606d426bfc8022b0f2afd4763b.php 第 122 行.
NOTIC: [8] Undefined variable: openid D:\phpStudy\WWW\Rose\logs\Cache\Wap\d616de606d426bfc8022b0f2afd4763b.php 第 138 行.
NOTIC: [8] Undefined variable: buyer_id D:\phpStudy\WWW\Rose\logs\Cache\Wap\d616de606d426bfc8022b0f2afd4763b.php 第 140 行.
INFO: Run ParseTemplate Behavior [ RunTime:-2.117121s ]
INFO: [ view_parse ] --END-- [ RunTime:0.021001s ]
INFO: [ view_filter ] --START--
INFO: Run ContentReplace Behavior [ RunTime:-2.138122s ]
INFO: Run TokenBuild Behavior [ RunTime:-2.146123s ]
INFO: Run WriteHtmlCache Behavior [ RunTime:-2.149123s ]
INFO: Run ShowRuntime Behavior [ RunTime:-2.151123s ]
INFO: [ view_filter ] --END-- [ RunTime:0.014001s ]
INFO: [ view_end ] --START--
INFO: Run ShowPageTrace Behavior [ RunTime:-2.152123s ]
INFO: [ view_end ] --END-- [ RunTime:0.003000s ]

[ 2018-02-27T15:34:25+08:00 ] ERR: (ThinkException) 非法操作:new
[ 2018-02-27T15:34:31+08:00 ] 0.0.0.0 /Rose/index.php?g=Wap&m=Car_Wash_Pay&a=news&scan_code=ZHGZPY00166&openid=odOIPv9UcOs4N_jKX0JECOwADE7s
INFO: [ app_begin ] --START--
INFO: Run ReadHtmlCache Behavior [ RunTime:0.000000s ]
INFO: [ app_begin ] --END-- [ RunTime:0.000000s ]
SQL: SHOW COLUMNS FROM `device_info` [ RunTime:0.023002s ]
SQL: SELECT * FROM `device_info` WHERE ( `scan_code` = 'ZHGZPY00166' ) AND ( `device_status` = 1 ) AND ( `del_flag` = 0 ) LIMIT 1   [ RunTime:0.001000s ]
SQL: SHOW COLUMNS FROM `device_relation_group` [ RunTime:0.015001s ]
SQL: SELECT * FROM `device_relation_group` WHERE ( `di_id` = '2016123010_2FC2C4F29CAF97922A3F9D3F290D02F1' ) AND ( `del_flag` = 0 ) AND ( `device_type` = 7 ) LIMIT 1   [ RunTime:0.000000s ]
SQL: SHOW COLUMNS FROM `sys_user` [ RunTime:0.028001s ]
SQL: SELECT su.phone,su.title FROM sys_user su LEFT JOIN device_info di on di.owner_id=su.id WHERE ( di.scan_code = 'ZHGZPY00166' ) AND ( di.del_flag = 0 ) AND ( su.del_flag = 0 ) LIMIT 1   [ RunTime:0.010001s ]
INFO: [ view_template ] --START--
INFO: Run LocationTemplate Behavior [ RunTime:-1.784102s ]
INFO: [ view_template ] --END-- [ RunTime:0.002000s ]
INFO: [ view_parse ] --START--
NOTIC: [8] Undefined variable: openid D:\phpStudy\WWW\Rose\logs\Cache\Wap\120b268aac98074ef532a57af49d6a39.php 第 112 行.
NOTIC: [8] Use of undefined constant wechat - assumed 'wechat' D:\phpStudy\WWW\Rose\logs\Cache\Wap\120b268aac98074ef532a57af49d6a39.php 第 118 行.
NOTIC: [8] Undefined variable: buyer_id D:\phpStudy\WWW\Rose\logs\Cache\Wap\120b268aac98074ef532a57af49d6a39.php 第 122 行.
NOTIC: [8] Undefined variable: openid D:\phpStudy\WWW\Rose\logs\Cache\Wap\120b268aac98074ef532a57af49d6a39.php 第 138 行.
NOTIC: [8] Undefined variable: buyer_id D:\phpStudy\WWW\Rose\logs\Cache\Wap\120b268aac98074ef532a57af49d6a39.php 第 140 行.
INFO: Run ParseTemplate Behavior [ RunTime:-1.786102s ]
INFO: [ view_parse ] --END-- [ RunTime:0.017001s ]
INFO: [ view_filter ] --START--
INFO: Run ContentReplace Behavior [ RunTime:-1.803103s ]
INFO: Run TokenBuild Behavior [ RunTime:-1.804103s ]
INFO: Run WriteHtmlCache Behavior [ RunTime:-1.805103s ]
INFO: Run ShowRuntime Behavior [ RunTime:-1.806103s ]
INFO: [ view_filter ] --END-- [ RunTime:0.004000s ]
INFO: [ view_end ] --START--
INFO: Run ShowPageTrace Behavior [ RunTime:-1.807103s ]
INFO: [ view_end ] --END-- [ RunTime:0.001000s ]

