[ 2016-03-17T18:50:31+08:00 ] 218.18.1.84 /install/index.php?m=Index&a=index
INFO: [ app_begin ] --START--
INFO: ReadHtmlCache Behavior ::run [ RunTime:0.000427s ]
INFO: [ app_begin ] --END-- [ RunTime:0.000487s ]
NOTIC: [8] Use of undefined constant THEME_PATH - assumed 'THEME_PATH' /home/wwwroot/v.sniperchw.com/install/APP/Modules/Home/Action/BaseAction.class.php 第 15 行.
NOTIC: [8] Undefined index: openid /home/wwwroot/v.sniperchw.com/install/APP/Modules/Home/Action/BaseAction.class.php 第 18 行.

[ 2016-03-17T18:50:31+08:00 ] 218.18.1.84 /install/index.php?m=Login&a=login
INFO: [ app_begin ] --START--
INFO: ReadHtmlCache Behavior ::run [ RunTime:0.000350s ]
INFO: [ app_begin ] --END-- [ RunTime:0.000405s ]
INFO: [ view_parse ] --START--
INFO: ParseTemplate Behavior ::run [ RunTime:0.004444s ]
INFO: [ view_parse ] --END-- [ RunTime:0.004488s ]
INFO: [ view_filter ] --START--
INFO: ContentReplace Behavior ::run [ RunTime:0.000248s ]
INFO: TokenBuild Behavior ::run [ RunTime:0.000250s ]
INFO: WriteHtmlCache Behavior ::run [ RunTime:0.000187s ]
INFO: ShowRuntime Behavior ::run [ RunTime:0.000307s ]
INFO: [ view_filter ] --END-- [ RunTime:0.001098s ]
INFO: [ view_end ] --START--
INFO: ShowPageTrace Behavior ::run [ RunTime:0.000376s ]
INFO: [ view_end ] --END-- [ RunTime:0.000409s ]

[ 2016-03-17T18:50:53+08:00 ] 218.18.1.84 /install/index.php?m=Login&a=check_login
INFO: [ app_begin ] --START--
INFO: ReadHtmlCache Behavior ::run [ RunTime:0.000430s ]
INFO: [ app_begin ] --END-- [ RunTime:0.000502s ]
SQL: SHOW COLUMNS FROM `sys_user` [ RunTime:0.052147s ]
SQL: SELECT * FROM `sys_user` WHERE ( `login_name` = 'admin' ) AND ( `del_flag` = 0 ) AND ( `user_type` = '3' ) LIMIT 1   [ RunTime:0.051185s ]

[ 2016-03-17T18:50:54+08:00 ] 218.18.1.84 /install/index.php?m=Index&a=index
INFO: [ app_begin ] --START--
INFO: ReadHtmlCache Behavior ::run [ RunTime:0.000506s ]
INFO: [ app_begin ] --END-- [ RunTime:0.000584s ]
NOTIC: [8] Use of undefined constant THEME_PATH - assumed 'THEME_PATH' /home/wwwroot/v.sniperchw.com/install/APP/Modules/Home/Action/BaseAction.class.php 第 15 行.
NOTIC: [8] Undefined index: openid /home/wwwroot/v.sniperchw.com/install/APP/Modules/Home/Action/BaseAction.class.php 第 18 行.
SQL: SHOW COLUMNS FROM `sys_user` [ RunTime:0.041241s ]
SQL: SELECT * FROM `sys_user` WHERE ( `id` = '2' ) LIMIT 1   [ RunTime:0.040728s ]
NOTIC: [8] curl_setopt(): CURLOPT_SSL_VERIFYHOST no longer accepts the value 1, value 2 will be used instead /home/wwwroot/v.sniperchw.com/install/APP/Modules/Home/Action/jssdk.php 第 99 行.
NOTIC: [8] curl_setopt(): CURLOPT_SSL_VERIFYHOST no longer accepts the value 1, value 2 will be used instead /home/wwwroot/v.sniperchw.com/install/APP/Modules/Home/Action/jssdk.php 第 99 行.
INFO: [ view_parse ] --START--
INFO: ParseTemplate Behavior ::run [ RunTime:0.007288s ]
INFO: [ view_parse ] --END-- [ RunTime:0.007356s ]
INFO: [ view_filter ] --START--
INFO: ContentReplace Behavior ::run [ RunTime:0.000298s ]
INFO: TokenBuild Behavior ::run [ RunTime:0.000276s ]
INFO: WriteHtmlCache Behavior ::run [ RunTime:0.000189s ]
INFO: ShowRuntime Behavior ::run [ RunTime:0.000302s ]
INFO: [ view_filter ] --END-- [ RunTime:0.001170s ]
INFO: [ view_end ] --START--
INFO: ShowPageTrace Behavior ::run [ RunTime:0.000398s ]
INFO: [ view_end ] --END-- [ RunTime:0.000444s ]

[ 2016-03-17T18:50:55+08:00 ] 218.18.1.84 /install/index.php?m=Index&a=query_device_group
INFO: [ app_begin ] --START--
INFO: ReadHtmlCache Behavior ::run [ RunTime:0.000351s ]
INFO: [ app_begin ] --END-- [ RunTime:0.000406s ]
NOTIC: [8] Use of undefined constant THEME_PATH - assumed 'THEME_PATH' /home/wwwroot/v.sniperchw.com/install/APP/Modules/Home/Action/BaseAction.class.php 第 15 行.
NOTIC: [8] Undefined index: openid /home/wwwroot/v.sniperchw.com/install/APP/Modules/Home/Action/BaseAction.class.php 第 18 行.
SQL: SHOW COLUMNS FROM `sys_user` [ RunTime:0.043626s ]
SQL: SELECT * FROM `sys_user` WHERE ( `id` = '2' ) LIMIT 1   [ RunTime:0.043225s ]
SQL: SHOW COLUMNS FROM `device_group_info` [ RunTime:0.043613s ]
SQL: SELECT * FROM `device_group_info` WHERE ( `status` = 1 ) AND ( `create_by` = '2' ) ORDER BY create_time desc  [ RunTime:0.043425s ]

[ 2016-03-17T18:51:55+08:00 ] 220.181.132.218 /install/index.php?m=Login&a=login
INFO: [ app_begin ] --START--
INFO: ReadHtmlCache Behavior ::run [ RunTime:0.000357s ]
INFO: [ app_begin ] --END-- [ RunTime:0.000425s ]
INFO: [ view_parse ] --START--
INFO: ParseTemplate Behavior ::run [ RunTime:0.004445s ]
INFO: [ view_parse ] --END-- [ RunTime:0.004491s ]
INFO: [ view_filter ] --START--
INFO: ContentReplace Behavior ::run [ RunTime:0.000255s ]
INFO: TokenBuild Behavior ::run [ RunTime:0.000252s ]
INFO: WriteHtmlCache Behavior ::run [ RunTime:0.000190s ]
INFO: ShowRuntime Behavior ::run [ RunTime:0.000296s ]
INFO: [ view_filter ] --END-- [ RunTime:0.001102s ]
INFO: [ view_end ] --START--
INFO: ShowPageTrace Behavior ::run [ RunTime:0.000388s ]
INFO: [ view_end ] --END-- [ RunTime:0.000422s ]

[ 2016-03-17T18:52:09+08:00 ] 101.199.108.120 /install/index.php?m=Login&a=login
INFO: [ app_begin ] --START--
INFO: ReadHtmlCache Behavior ::run [ RunTime:0.000360s ]
INFO: [ app_begin ] --END-- [ RunTime:0.000419s ]
INFO: [ view_parse ] --START--
INFO: ParseTemplate Behavior ::run [ RunTime:0.004435s ]
INFO: [ view_parse ] --END-- [ RunTime:0.004480s ]
INFO: [ view_filter ] --START--
INFO: ContentReplace Behavior ::run [ RunTime:0.000297s ]
INFO: TokenBuild Behavior ::run [ RunTime:0.000254s ]
INFO: WriteHtmlCache Behavior ::run [ RunTime:0.000187s ]
INFO: ShowRuntime Behavior ::run [ RunTime:0.000318s ]
INFO: [ view_filter ] --END-- [ RunTime:0.001166s ]
INFO: [ view_end ] --START--
INFO: ShowPageTrace Behavior ::run [ RunTime:0.000379s ]
INFO: [ view_end ] --END-- [ RunTime:0.000413s ]

[ 2016-03-17T18:52:18+08:00 ] 220.181.132.218 /install/index.php?m=Index&a=index
INFO: [ app_begin ] --START--
INFO: ReadHtmlCache Behavior ::run [ RunTime:0.000351s ]
INFO: [ app_begin ] --END-- [ RunTime:0.000410s ]
NOTIC: [8] Use of undefined constant THEME_PATH - assumed 'THEME_PATH' /home/wwwroot/v.sniperchw.com/install/APP/Modules/Home/Action/BaseAction.class.php 第 15 行.
NOTIC: [8] Undefined index: openid /home/wwwroot/v.sniperchw.com/install/APP/Modules/Home/Action/BaseAction.class.php 第 18 行.

[ 2016-03-17T18:52:32+08:00 ] 101.199.108.120 /install/index.php?m=Index&a=index
INFO: [ app_begin ] --START--
INFO: ReadHtmlCache Behavior ::run [ RunTime:0.000354s ]
INFO: [ app_begin ] --END-- [ RunTime:0.000414s ]
NOTIC: [8] Use of undefined constant THEME_PATH - assumed 'THEME_PATH' /home/wwwroot/v.sniperchw.com/install/APP/Modules/Home/Action/BaseAction.class.php 第 15 行.
NOTIC: [8] Undefined index: openid /home/wwwroot/v.sniperchw.com/install/APP/Modules/Home/Action/BaseAction.class.php 第 18 行.

[ 2016-03-17T18:52:32+08:00 ] 101.199.108.120 /install/index.php?m=Login&a=login
INFO: [ app_begin ] --START--
INFO: ReadHtmlCache Behavior ::run [ RunTime:0.000349s ]
INFO: [ app_begin ] --END-- [ RunTime:0.000408s ]
INFO: [ view_parse ] --START--
INFO: ParseTemplate Behavior ::run [ RunTime:0.004361s ]
INFO: [ view_parse ] --END-- [ RunTime:0.004406s ]
INFO: [ view_filter ] --START--
INFO: ContentReplace Behavior ::run [ RunTime:0.000248s ]
INFO: TokenBuild Behavior ::run [ RunTime:0.000250s ]
INFO: WriteHtmlCache Behavior ::run [ RunTime:0.000240s ]
INFO: ShowRuntime Behavior ::run [ RunTime:0.000318s ]
INFO: [ view_filter ] --END-- [ RunTime:0.001163s ]
INFO: [ view_end ] --START--
INFO: ShowPageTrace Behavior ::run [ RunTime:0.000377s ]
INFO: [ view_end ] --END-- [ RunTime:0.000411s ]

[ 2016-03-17T18:53:12+08:00 ] 218.18.1.84 /install/index.php?m=Index&a=device
INFO: [ app_begin ] --START--
INFO: ReadHtmlCache Behavior ::run [ RunTime:0.000406s ]
INFO: [ app_begin ] --END-- [ RunTime:0.000465s ]
NOTIC: [8] Use of undefined constant THEME_PATH - assumed 'THEME_PATH' /home/wwwroot/v.sniperchw.com/install/APP/Modules/Home/Action/BaseAction.class.php 第 15 行.
NOTIC: [8] Undefined index: openid /home/wwwroot/v.sniperchw.com/install/APP/Modules/Home/Action/BaseAction.class.php 第 18 行.
SQL: SHOW COLUMNS FROM `sys_user` [ RunTime:0.043189s ]
SQL: SELECT * FROM `sys_user` WHERE ( `id` = '2' ) LIMIT 1   [ RunTime:0.042386s ]
INFO: [ view_parse ] --START--
INFO: ParseTemplate Behavior ::run [ RunTime:0.005612s ]
INFO: [ view_parse ] --END-- [ RunTime:0.005661s ]
INFO: [ view_filter ] --START--
INFO: ContentReplace Behavior ::run [ RunTime:0.000264s ]
INFO: TokenBuild Behavior ::run [ RunTime:0.000251s ]
INFO: WriteHtmlCache Behavior ::run [ RunTime:0.000186s ]
INFO: ShowRuntime Behavior ::run [ RunTime:0.000298s ]
INFO: [ view_filter ] --END-- [ RunTime:0.001100s ]
INFO: [ view_end ] --START--
INFO: ShowPageTrace Behavior ::run [ RunTime:0.000412s ]
INFO: [ view_end ] --END-- [ RunTime:0.000447s ]

[ 2016-03-17T18:53:14+08:00 ] 218.18.1.84 /install/index.php?m=Index&a=query_24h_devices
INFO: [ app_begin ] --START--
INFO: ReadHtmlCache Behavior ::run [ RunTime:0.000424s ]
INFO: [ app_begin ] --END-- [ RunTime:0.000485s ]
NOTIC: [8] Use of undefined constant THEME_PATH - assumed 'THEME_PATH' /home/wwwroot/v.sniperchw.com/install/APP/Modules/Home/Action/BaseAction.class.php 第 15 行.
NOTIC: [8] Undefined index: openid /home/wwwroot/v.sniperchw.com/install/APP/Modules/Home/Action/BaseAction.class.php 第 18 行.
SQL: SHOW COLUMNS FROM `sys_user` [ RunTime:0.050589s ]
SQL: SELECT * FROM `sys_user` WHERE ( `id` = '2' ) LIMIT 1   [ RunTime:0.049924s ]
SQL: SHOW COLUMNS FROM `device_group` [ RunTime:0.050480s ]
SQL: SELECT device_group.*,di.group_name FROM `device_group` LEFT JOIN device_group_info di on di.id = device_group.group_id WHERE ( device_group.update_by = '2' ) AND ( device_group.create_time >= '2016-03-17 00:00:00' ) ORDER BY device_group.create_time desc  [ RunTime:0.050553s ]

[ 2016-03-17T18:53:16+08:00 ] 218.18.1.84 /install/index.php?m=Index&a=group
INFO: [ app_begin ] --START--
INFO: ReadHtmlCache Behavior ::run [ RunTime:0.000353s ]
INFO: [ app_begin ] --END-- [ RunTime:0.000412s ]
NOTIC: [8] Use of undefined constant THEME_PATH - assumed 'THEME_PATH' /home/wwwroot/v.sniperchw.com/install/APP/Modules/Home/Action/BaseAction.class.php 第 15 行.
NOTIC: [8] Undefined index: openid /home/wwwroot/v.sniperchw.com/install/APP/Modules/Home/Action/BaseAction.class.php 第 18 行.
SQL: SHOW COLUMNS FROM `sys_user` [ RunTime:0.042436s ]
SQL: SELECT * FROM `sys_user` WHERE ( `id` = '2' ) LIMIT 1   [ RunTime:0.042113s ]
NOTIC: [8] Constant THEME_NAME already defined /home/wwwroot/v.sniperchw.com/install/ThinkPHP/Lib/Core/View.class.php 第 223 行.
NOTIC: [8] Constant THEME_PATH already defined /home/wwwroot/v.sniperchw.com/install/ThinkPHP/Lib/Core/View.class.php 第 171 行.
NOTIC: [8] Constant APP_TMPL_PATH already defined /home/wwwroot/v.sniperchw.com/install/ThinkPHP/Lib/Core/View.class.php 第 172 行.
INFO: [ view_parse ] --START--
INFO: ParseTemplate Behavior ::run [ RunTime:0.005373s ]
INFO: [ view_parse ] --END-- [ RunTime:0.005422s ]
INFO: [ view_filter ] --START--
INFO: ContentReplace Behavior ::run [ RunTime:0.000258s ]
INFO: TokenBuild Behavior ::run [ RunTime:0.000248s ]
INFO: WriteHtmlCache Behavior ::run [ RunTime:0.000186s ]
INFO: ShowRuntime Behavior ::run [ RunTime:0.000303s ]
INFO: [ view_filter ] --END-- [ RunTime:0.001096s ]
INFO: [ view_end ] --START--
INFO: ShowPageTrace Behavior ::run [ RunTime:0.000433s ]
INFO: [ view_end ] --END-- [ RunTime:0.000486s ]

[ 2016-03-17T18:53:17+08:00 ] 218.18.1.84 /install/index.php?m=Index&a=query_device_group
INFO: [ app_begin ] --START--
INFO: ReadHtmlCache Behavior ::run [ RunTime:0.000354s ]
INFO: [ app_begin ] --END-- [ RunTime:0.000409s ]
NOTIC: [8] Use of undefined constant THEME_PATH - assumed 'THEME_PATH' /home/wwwroot/v.sniperchw.com/install/APP/Modules/Home/Action/BaseAction.class.php 第 15 行.
NOTIC: [8] Undefined index: openid /home/wwwroot/v.sniperchw.com/install/APP/Modules/Home/Action/BaseAction.class.php 第 18 行.
SQL: SHOW COLUMNS FROM `sys_user` [ RunTime:0.050742s ]
SQL: SELECT * FROM `sys_user` WHERE ( `id` = '2' ) LIMIT 1   [ RunTime:0.050148s ]
SQL: SHOW COLUMNS FROM `device_group_info` [ RunTime:0.050467s ]
SQL: SELECT * FROM `device_group_info` WHERE ( `status` = 1 ) AND ( `create_by` = '2' ) ORDER BY create_time desc  [ RunTime:0.050334s ]

[ 2016-03-17T18:53:19+08:00 ] 218.18.1.84 /install/index.php?m=Index&a=personal
INFO: [ app_begin ] --START--
INFO: ReadHtmlCache Behavior ::run [ RunTime:0.000350s ]
INFO: [ app_begin ] --END-- [ RunTime:0.000410s ]
NOTIC: [8] Use of undefined constant THEME_PATH - assumed 'THEME_PATH' /home/wwwroot/v.sniperchw.com/install/APP/Modules/Home/Action/BaseAction.class.php 第 15 行.
NOTIC: [8] Undefined index: openid /home/wwwroot/v.sniperchw.com/install/APP/Modules/Home/Action/BaseAction.class.php 第 18 行.
SQL: SHOW COLUMNS FROM `sys_user` [ RunTime:0.049132s ]
SQL: SELECT * FROM `sys_user` WHERE ( `id` = '2' ) LIMIT 1   [ RunTime:0.048526s ]
INFO: [ view_parse ] --START--
NOTIC: [8] Undefined index: user_id /home/wwwroot/v.sniperchw.com/install/APP/Runtime/Cache/Home/4720dc4cc24d31b5b5529eaa6cbc1e37.php 第 334 行.
INFO: ParseTemplate Behavior ::run [ RunTime:0.008077s ]
INFO: [ view_parse ] --END-- [ RunTime:0.008124s ]
INFO: [ view_filter ] --START--
INFO: ContentReplace Behavior ::run [ RunTime:0.000320s ]
INFO: TokenBuild Behavior ::run [ RunTime:0.000262s ]
INFO: WriteHtmlCache Behavior ::run [ RunTime:0.000186s ]
INFO: ShowRuntime Behavior ::run [ RunTime:0.000349s ]
INFO: [ view_filter ] --END-- [ RunTime:0.001223s ]
INFO: [ view_end ] --START--
INFO: ShowPageTrace Behavior ::run [ RunTime:0.000440s ]
INFO: [ view_end ] --END-- [ RunTime:0.000483s ]

[ 2016-03-17T18:53:21+08:00 ] 218.18.1.84 /install/index.php?m=Index&a=query_device_group
INFO: [ app_begin ] --START--
INFO: ReadHtmlCache Behavior ::run [ RunTime:0.000409s ]
INFO: [ app_begin ] --END-- [ RunTime:0.000473s ]
NOTIC: [8] Use of undefined constant THEME_PATH - assumed 'THEME_PATH' /home/wwwroot/v.sniperchw.com/install/APP/Modules/Home/Action/BaseAction.class.php 第 15 行.
NOTIC: [8] Undefined index: openid /home/wwwroot/v.sniperchw.com/install/APP/Modules/Home/Action/BaseAction.class.php 第 18 行.
SQL: SHOW COLUMNS FROM `sys_user` [ RunTime:0.040152s ]
SQL: SELECT * FROM `sys_user` WHERE ( `id` = '2' ) LIMIT 1   [ RunTime:0.039565s ]
SQL: SHOW COLUMNS FROM `device_group_info` [ RunTime:0.040005s ]
SQL: SELECT * FROM `device_group_info` WHERE ( `status` = 1 ) AND ( `create_by` = '2' ) ORDER BY create_time desc  [ RunTime:0.039582s ]

[ 2016-03-17T18:53:27+08:00 ] 218.18.1.84 /install/index.php?m=Index&a=index
INFO: [ app_begin ] --START--
INFO: ReadHtmlCache Behavior ::run [ RunTime:0.000387s ]
INFO: [ app_begin ] --END-- [ RunTime:0.000446s ]
NOTIC: [8] Use of undefined constant THEME_PATH - assumed 'THEME_PATH' /home/wwwroot/v.sniperchw.com/install/APP/Modules/Home/Action/BaseAction.class.php 第 15 行.
NOTIC: [8] Undefined index: openid /home/wwwroot/v.sniperchw.com/install/APP/Modules/Home/Action/BaseAction.class.php 第 18 行.
SQL: SHOW COLUMNS FROM `sys_user` [ RunTime:0.041327s ]
SQL: SELECT * FROM `sys_user` WHERE ( `id` = '2' ) LIMIT 1   [ RunTime:0.040325s ]
INFO: [ view_parse ] --START--
INFO: ParseTemplate Behavior ::run [ RunTime:0.007157s ]
INFO: [ view_parse ] --END-- [ RunTime:0.007211s ]
INFO: [ view_filter ] --START--
INFO: ContentReplace Behavior ::run [ RunTime:0.000299s ]
INFO: TokenBuild Behavior ::run [ RunTime:0.000256s ]
INFO: WriteHtmlCache Behavior ::run [ RunTime:0.000186s ]
INFO: ShowRuntime Behavior ::run [ RunTime:0.000330s ]
INFO: [ view_filter ] --END-- [ RunTime:0.001177s ]
INFO: [ view_end ] --START--
INFO: ShowPageTrace Behavior ::run [ RunTime:0.000384s ]
INFO: [ view_end ] --END-- [ RunTime:0.000423s ]

[ 2016-03-17T18:53:28+08:00 ] 218.18.1.84 /install/index.php?m=Index&a=query_device_group
INFO: [ app_begin ] --START--
INFO: ReadHtmlCache Behavior ::run [ RunTime:0.000353s ]
INFO: [ app_begin ] --END-- [ RunTime:0.000411s ]
NOTIC: [8] Use of undefined constant THEME_PATH - assumed 'THEME_PATH' /home/wwwroot/v.sniperchw.com/install/APP/Modules/Home/Action/BaseAction.class.php 第 15 行.
NOTIC: [8] Undefined index: openid /home/wwwroot/v.sniperchw.com/install/APP/Modules/Home/Action/BaseAction.class.php 第 18 行.
SQL: SHOW COLUMNS FROM `sys_user` [ RunTime:0.044126s ]
SQL: SELECT * FROM `sys_user` WHERE ( `id` = '2' ) LIMIT 1   [ RunTime:0.043391s ]
SQL: SHOW COLUMNS FROM `device_group_info` [ RunTime:0.043529s ]
SQL: SELECT * FROM `device_group_info` WHERE ( `status` = 1 ) AND ( `create_by` = '2' ) ORDER BY create_time desc  [ RunTime:0.043547s ]

[ 2016-03-17T18:53:39+08:00 ] 218.18.1.84 /install/index.php?m=Index&a=soft_device_code_exists
INFO: [ app_begin ] --START--
INFO: ReadHtmlCache Behavior ::run [ RunTime:0.000354s ]
INFO: [ app_begin ] --END-- [ RunTime:0.000413s ]
NOTIC: [8] Use of undefined constant THEME_PATH - assumed 'THEME_PATH' /home/wwwroot/v.sniperchw.com/install/APP/Modules/Home/Action/BaseAction.class.php 第 15 行.
NOTIC: [8] Undefined index: openid /home/wwwroot/v.sniperchw.com/install/APP/Modules/Home/Action/BaseAction.class.php 第 18 行.
SQL: SHOW COLUMNS FROM `sys_user` [ RunTime:0.044880s ]
SQL: SELECT * FROM `sys_user` WHERE ( `id` = '2' ) LIMIT 1   [ RunTime:0.043801s ]
SQL: SHOW COLUMNS FROM `ter_device` [ RunTime:0.044145s ]
SQL: SELECT * FROM `ter_device` WHERE ( `device_code` = 'WWSZSW00001' ) AND ( `del_flag` = '0' ) LIMIT 1   [ RunTime:0.044987s ]

[ 2016-03-17T18:53:54+08:00 ] 218.18.1.84 /install/index.php?m=Index&a=hard_device_code_exists
INFO: [ app_begin ] --START--
INFO: ReadHtmlCache Behavior ::run [ RunTime:0.000366s ]
INFO: [ app_begin ] --END-- [ RunTime:0.000422s ]
NOTIC: [8] Use of undefined constant THEME_PATH - assumed 'THEME_PATH' /home/wwwroot/v.sniperchw.com/install/APP/Modules/Home/Action/BaseAction.class.php 第 15 行.
NOTIC: [8] Undefined index: openid /home/wwwroot/v.sniperchw.com/install/APP/Modules/Home/Action/BaseAction.class.php 第 18 行.
SQL: SHOW COLUMNS FROM `sys_user` [ RunTime:0.049955s ]
SQL: SELECT * FROM `sys_user` WHERE ( `id` = '2' ) LIMIT 1   [ RunTime:0.049511s ]
SQL: SHOW COLUMNS FROM `ter_device` [ RunTime:0.050230s ]
SQL: SELECT * FROM `ter_device` WHERE ( `device_command` = '352425020961111' ) AND ( `del_flag` = '0' ) LIMIT 1   [ RunTime:0.052830s ]

[ 2016-03-17T18:54:09+08:00 ] 218.18.1.84 /install/index.php?m=Index&a=submit_device_infos
INFO: [ app_begin ] --START--
INFO: ReadHtmlCache Behavior ::run [ RunTime:0.000361s ]
INFO: [ app_begin ] --END-- [ RunTime:0.000417s ]
NOTIC: [8] Use of undefined constant THEME_PATH - assumed 'THEME_PATH' /home/wwwroot/v.sniperchw.com/install/APP/Modules/Home/Action/BaseAction.class.php 第 15 行.
NOTIC: [8] Undefined index: openid /home/wwwroot/v.sniperchw.com/install/APP/Modules/Home/Action/BaseAction.class.php 第 18 行.
SQL: SHOW COLUMNS FROM `sys_user` [ RunTime:0.041827s ]
SQL: SELECT * FROM `sys_user` WHERE ( `id` = '2' ) LIMIT 1   [ RunTime:0.040883s ]
SQL: SHOW COLUMNS FROM `ter_device` [ RunTime:0.041885s ]
SQL: UPDATE `ter_device` SET `device_command`='352425020961111',`another_name`='00001',`set_status`=1,`device_status`=1,`status`=1 WHERE ( `device_code` = 'WWSZSW00001' ) [ RunTime:0.047117s ]
SQL: SELECT * FROM `ter_device` WHERE ( `device_command` = '352425020961111' ) AND ( `status` = 1 ) LIMIT 1   [ RunTime:0.041838s ]
SQL: SHOW COLUMNS FROM `device_group` [ RunTime:0.041418s ]
SQL: SELECT * FROM `device_group` WHERE ( `device_command` = '352425020961111' ) LIMIT 1   [ RunTime:0.041385s ]
SQL: INSERT INTO `device_group` (`id`,`group_id`,`group_code`,`device_id`,`device_code`,`device_command`,`pay_price`,`update_by`,`ords`,`status`,`create_time`) VALUES ('85ccf887af40250cc6002387b00f5139','7c62baa220eded1d22d934d85fafc33a','A','612baee93c114926bc904ce43e11aba5','WWSZSW00001','352425020961111',1,'2',1,1,'2016-03-17 18:54:09') [ RunTime:0.041113s ]

[ 2016-03-17T18:54:11+08:00 ] 218.18.1.84 /install/index.php?m=Index&a=device
INFO: [ app_begin ] --START--
INFO: ReadHtmlCache Behavior ::run [ RunTime:0.000366s ]
INFO: [ app_begin ] --END-- [ RunTime:0.000426s ]
NOTIC: [8] Use of undefined constant THEME_PATH - assumed 'THEME_PATH' /home/wwwroot/v.sniperchw.com/install/APP/Modules/Home/Action/BaseAction.class.php 第 15 行.
NOTIC: [8] Undefined index: openid /home/wwwroot/v.sniperchw.com/install/APP/Modules/Home/Action/BaseAction.class.php 第 18 行.
SQL: SHOW COLUMNS FROM `sys_user` [ RunTime:0.046819s ]
SQL: SELECT * FROM `sys_user` WHERE ( `id` = '2' ) LIMIT 1   [ RunTime:0.045985s ]
INFO: [ view_parse ] --START--
INFO: ParseTemplate Behavior ::run [ RunTime:0.005560s ]
INFO: [ view_parse ] --END-- [ RunTime:0.005617s ]
INFO: [ view_filter ] --START--
INFO: ContentReplace Behavior ::run [ RunTime:0.000276s ]
INFO: TokenBuild Behavior ::run [ RunTime:0.000305s ]
INFO: WriteHtmlCache Behavior ::run [ RunTime:0.000187s ]
INFO: ShowRuntime Behavior ::run [ RunTime:0.000329s ]
INFO: [ view_filter ] --END-- [ RunTime:0.001204s ]
INFO: [ view_end ] --START--
INFO: ShowPageTrace Behavior ::run [ RunTime:0.000386s ]
INFO: [ view_end ] --END-- [ RunTime:0.000422s ]

[ 2016-03-17T18:54:11+08:00 ] 218.18.1.84 /install/index.php?m=Index&a=query_24h_devices
INFO: [ app_begin ] --START--
INFO: ReadHtmlCache Behavior ::run [ RunTime:0.000365s ]
INFO: [ app_begin ] --END-- [ RunTime:0.000429s ]
NOTIC: [8] Use of undefined constant THEME_PATH - assumed 'THEME_PATH' /home/wwwroot/v.sniperchw.com/install/APP/Modules/Home/Action/BaseAction.class.php 第 15 行.
NOTIC: [8] Undefined index: openid /home/wwwroot/v.sniperchw.com/install/APP/Modules/Home/Action/BaseAction.class.php 第 18 行.
SQL: SHOW COLUMNS FROM `sys_user` [ RunTime:0.041766s ]
SQL: SELECT * FROM `sys_user` WHERE ( `id` = '2' ) LIMIT 1   [ RunTime:0.040968s ]
SQL: SHOW COLUMNS FROM `device_group` [ RunTime:0.041634s ]
SQL: SELECT device_group.*,di.group_name FROM `device_group` LEFT JOIN device_group_info di on di.id = device_group.group_id WHERE ( device_group.update_by = '2' ) AND ( device_group.create_time >= '2016-03-17 00:00:00' ) ORDER BY device_group.create_time desc  [ RunTime:0.041611s ]

[ 2016-03-17T18:55:23+08:00 ] 220.181.132.218 /install/index.php?m=Index&a=device
INFO: [ app_begin ] --START--
INFO: ReadHtmlCache Behavior ::run [ RunTime:0.000411s ]
INFO: [ app_begin ] --END-- [ RunTime:0.000471s ]
NOTIC: [8] Use of undefined constant THEME_PATH - assumed 'THEME_PATH' /home/wwwroot/v.sniperchw.com/install/APP/Modules/Home/Action/BaseAction.class.php 第 15 行.
NOTIC: [8] Undefined index: openid /home/wwwroot/v.sniperchw.com/install/APP/Modules/Home/Action/BaseAction.class.php 第 18 行.

[ 2016-03-17T18:55:32+08:00 ] 220.181.132.218 /install/index.php?m=Index&a=personal
INFO: [ app_begin ] --START--
INFO: ReadHtmlCache Behavior ::run [ RunTime:0.000363s ]
INFO: [ app_begin ] --END-- [ RunTime:0.000521s ]
NOTIC: [8] Use of undefined constant THEME_PATH - assumed 'THEME_PATH' /home/wwwroot/v.sniperchw.com/install/APP/Modules/Home/Action/BaseAction.class.php 第 15 行.
NOTIC: [8] Undefined index: openid /home/wwwroot/v.sniperchw.com/install/APP/Modules/Home/Action/BaseAction.class.php 第 18 行.

[ 2016-03-17T18:55:37+08:00 ] 101.199.112.49 /install/index.php?m=Index&a=device
INFO: [ app_begin ] --START--
INFO: ReadHtmlCache Behavior ::run [ RunTime:0.000365s ]
INFO: [ app_begin ] --END-- [ RunTime:0.000430s ]
NOTIC: [8] Use of undefined constant THEME_PATH - assumed 'THEME_PATH' /home/wwwroot/v.sniperchw.com/install/APP/Modules/Home/Action/BaseAction.class.php 第 15 行.
NOTIC: [8] Undefined index: openid /home/wwwroot/v.sniperchw.com/install/APP/Modules/Home/Action/BaseAction.class.php 第 18 行.

[ 2016-03-17T18:55:37+08:00 ] 101.199.112.49 /install/index.php?m=Login&a=login
INFO: [ app_begin ] --START--
INFO: ReadHtmlCache Behavior ::run [ RunTime:0.000355s ]
INFO: [ app_begin ] --END-- [ RunTime:0.000410s ]
INFO: [ view_parse ] --START--
INFO: ParseTemplate Behavior ::run [ RunTime:0.004602s ]
INFO: [ view_parse ] --END-- [ RunTime:0.004645s ]
INFO: [ view_filter ] --START--
INFO: ContentReplace Behavior ::run [ RunTime:0.000245s ]
INFO: TokenBuild Behavior ::run [ RunTime:0.000436s ]
INFO: WriteHtmlCache Behavior ::run [ RunTime:0.000308s ]
INFO: ShowRuntime Behavior ::run [ RunTime:0.000351s ]
INFO: [ view_filter ] --END-- [ RunTime:0.001480s ]
INFO: [ view_end ] --START--
INFO: ShowPageTrace Behavior ::run [ RunTime:0.000512s ]
INFO: [ view_end ] --END-- [ RunTime:0.000549s ]

[ 2016-03-17T18:55:48+08:00 ] 220.181.132.198 /install/index.php?m=Index&a=personal
INFO: [ app_begin ] --START--
INFO: ReadHtmlCache Behavior ::run [ RunTime:0.000404s ]
INFO: [ app_begin ] --END-- [ RunTime:0.000471s ]
NOTIC: [8] Use of undefined constant THEME_PATH - assumed 'THEME_PATH' /home/wwwroot/v.sniperchw.com/install/APP/Modules/Home/Action/BaseAction.class.php 第 15 行.
NOTIC: [8] Undefined index: openid /home/wwwroot/v.sniperchw.com/install/APP/Modules/Home/Action/BaseAction.class.php 第 18 行.

[ 2016-03-17T18:55:48+08:00 ] 220.181.132.198 /install/index.php?m=Login&a=login
INFO: [ app_begin ] --START--
INFO: ReadHtmlCache Behavior ::run [ RunTime:0.000352s ]
INFO: [ app_begin ] --END-- [ RunTime:0.000409s ]
INFO: [ view_parse ] --START--
INFO: ParseTemplate Behavior ::run [ RunTime:0.004500s ]
INFO: [ view_parse ] --END-- [ RunTime:0.004544s ]
INFO: [ view_filter ] --START--
INFO: ContentReplace Behavior ::run [ RunTime:0.000248s ]
INFO: TokenBuild Behavior ::run [ RunTime:0.000261s ]
INFO: WriteHtmlCache Behavior ::run [ RunTime:0.000189s ]
INFO: ShowRuntime Behavior ::run [ RunTime:0.000296s ]
INFO: [ view_filter ] --END-- [ RunTime:0.001102s ]
INFO: [ view_end ] --START--
INFO: ShowPageTrace Behavior ::run [ RunTime:0.000405s ]
INFO: [ view_end ] --END-- [ RunTime:0.000443s ]

[ 2016-03-17T19:01:30+08:00 ] 218.18.1.84 /install/index.php?m=Index&a=index
INFO: [ app_begin ] --START--
INFO: ReadHtmlCache Behavior ::run [ RunTime:0.000364s ]
INFO: [ app_begin ] --END-- [ RunTime:0.000436s ]
NOTIC: [8] Use of undefined constant THEME_PATH - assumed 'THEME_PATH' /home/wwwroot/v.sniperchw.com/install/APP/Modules/Home/Action/BaseAction.class.php 第 15 行.
NOTIC: [8] Undefined index: openid /home/wwwroot/v.sniperchw.com/install/APP/Modules/Home/Action/BaseAction.class.php 第 18 行.
SQL: SHOW COLUMNS FROM `sys_user` [ RunTime:0.042565s ]
SQL: SELECT * FROM `sys_user` WHERE ( `id` = '2' ) LIMIT 1   [ RunTime:0.041880s ]
INFO: [ view_parse ] --START--
INFO: ParseTemplate Behavior ::run [ RunTime:0.009099s ]
INFO: [ view_parse ] --END-- [ RunTime:0.009151s ]
INFO: [ view_filter ] --START--
INFO: ContentReplace Behavior ::run [ RunTime:0.000431s ]
INFO: TokenBuild Behavior ::run [ RunTime:0.000450s ]
INFO: WriteHtmlCache Behavior ::run [ RunTime:0.000293s ]
INFO: ShowRuntime Behavior ::run [ RunTime:0.000488s ]
INFO: [ view_filter ] --END-- [ RunTime:0.001822s ]
INFO: [ view_end ] --START--
INFO: ShowPageTrace Behavior ::run [ RunTime:0.000424s ]
INFO: [ view_end ] --END-- [ RunTime:0.000473s ]

[ 2016-03-17T19:01:33+08:00 ] 218.18.1.84 /install/index.php?m=Index&a=index
INFO: [ app_begin ] --START--
INFO: ReadHtmlCache Behavior ::run [ RunTime:0.000345s ]
INFO: [ app_begin ] --END-- [ RunTime:0.000405s ]
NOTIC: [8] Use of undefined constant THEME_PATH - assumed 'THEME_PATH' /home/wwwroot/v.sniperchw.com/install/APP/Modules/Home/Action/BaseAction.class.php 第 15 行.
NOTIC: [8] Undefined index: openid /home/wwwroot/v.sniperchw.com/install/APP/Modules/Home/Action/BaseAction.class.php 第 18 行.
SQL: SHOW COLUMNS FROM `sys_user` [ RunTime:0.043607s ]
SQL: SELECT * FROM `sys_user` WHERE ( `id` = '2' ) LIMIT 1   [ RunTime:0.042841s ]
INFO: [ view_parse ] --START--
INFO: ParseTemplate Behavior ::run [ RunTime:0.007263s ]
INFO: [ view_parse ] --END-- [ RunTime:0.007317s ]
INFO: [ view_filter ] --START--
INFO: ContentReplace Behavior ::run [ RunTime:0.000326s ]
INFO: TokenBuild Behavior ::run [ RunTime:0.000256s ]
INFO: WriteHtmlCache Behavior ::run [ RunTime:0.000192s ]
INFO: ShowRuntime Behavior ::run [ RunTime:0.000309s ]
INFO: [ view_filter ] --END-- [ RunTime:0.001194s ]
INFO: [ view_end ] --START--
INFO: ShowPageTrace Behavior ::run [ RunTime:0.000386s ]
INFO: [ view_end ] --END-- [ RunTime:0.000485s ]

[ 2016-03-17T19:01:34+08:00 ] 218.18.1.84 /install/index.php?m=Index&a=index
INFO: [ app_begin ] --START--
INFO: ReadHtmlCache Behavior ::run [ RunTime:0.000384s ]
INFO: [ app_begin ] --END-- [ RunTime:0.000454s ]
NOTIC: [8] Use of undefined constant THEME_PATH - assumed 'THEME_PATH' /home/wwwroot/v.sniperchw.com/install/APP/Modules/Home/Action/BaseAction.class.php 第 15 行.
NOTIC: [8] Undefined index: openid /home/wwwroot/v.sniperchw.com/install/APP/Modules/Home/Action/BaseAction.class.php 第 18 行.
SQL: SHOW COLUMNS FROM `sys_user` [ RunTime:0.051549s ]
SQL: SELECT * FROM `sys_user` WHERE ( `id` = '2' ) LIMIT 1   [ RunTime:0.050682s ]
INFO: [ view_parse ] --START--
INFO: ParseTemplate Behavior ::run [ RunTime:0.007215s ]
INFO: [ view_parse ] --END-- [ RunTime:0.007269s ]
INFO: [ view_filter ] --START--
INFO: ContentReplace Behavior ::run [ RunTime:0.000298s ]
INFO: TokenBuild Behavior ::run [ RunTime:0.000256s ]
INFO: WriteHtmlCache Behavior ::run [ RunTime:0.000185s ]
INFO: ShowRuntime Behavior ::run [ RunTime:0.000329s ]
INFO: [ view_filter ] --END-- [ RunTime:0.001174s ]
INFO: [ view_end ] --START--
INFO: ShowPageTrace Behavior ::run [ RunTime:0.000402s ]
INFO: [ view_end ] --END-- [ RunTime:0.000442s ]

[ 2016-03-17T19:01:37+08:00 ] 218.18.1.84 /install/index.php?m=Index&a=index
INFO: [ app_begin ] --START--
INFO: ReadHtmlCache Behavior ::run [ RunTime:0.000374s ]
INFO: [ app_begin ] --END-- [ RunTime:0.000432s ]
NOTIC: [8] Use of undefined constant THEME_PATH - assumed 'THEME_PATH' /home/wwwroot/v.sniperchw.com/install/APP/Modules/Home/Action/BaseAction.class.php 第 15 行.
NOTIC: [8] Undefined index: openid /home/wwwroot/v.sniperchw.com/install/APP/Modules/Home/Action/BaseAction.class.php 第 18 行.
SQL: SHOW COLUMNS FROM `sys_user` [ RunTime:0.050996s ]
SQL: SELECT * FROM `sys_user` WHERE ( `id` = '2' ) LIMIT 1   [ RunTime:0.050537s ]
INFO: [ view_parse ] --START--
INFO: ParseTemplate Behavior ::run [ RunTime:0.007042s ]
INFO: [ view_parse ] --END-- [ RunTime:0.007105s ]
INFO: [ view_filter ] --START--
INFO: ContentReplace Behavior ::run [ RunTime:0.000329s ]
INFO: TokenBuild Behavior ::run [ RunTime:0.000321s ]
INFO: WriteHtmlCache Behavior ::run [ RunTime:0.000205s ]
INFO: ShowRuntime Behavior ::run [ RunTime:0.000336s ]
INFO: [ view_filter ] --END-- [ RunTime:0.001307s ]
INFO: [ view_end ] --START--
INFO: ShowPageTrace Behavior ::run [ RunTime:0.000397s ]
INFO: [ view_end ] --END-- [ RunTime:0.000436s ]

[ 2016-03-17T19:01:38+08:00 ] 218.18.1.84 /install/index.php?m=Index&a=index
INFO: [ app_begin ] --START--
INFO: ReadHtmlCache Behavior ::run [ RunTime:0.000349s ]
INFO: [ app_begin ] --END-- [ RunTime:0.000406s ]
NOTIC: [8] Use of undefined constant THEME_PATH - assumed 'THEME_PATH' /home/wwwroot/v.sniperchw.com/install/APP/Modules/Home/Action/BaseAction.class.php 第 15 行.
NOTIC: [8] Undefined index: openid /home/wwwroot/v.sniperchw.com/install/APP/Modules/Home/Action/BaseAction.class.php 第 18 行.
SQL: SHOW COLUMNS FROM `sys_user` [ RunTime:0.058864s ]
SQL: SELECT * FROM `sys_user` WHERE ( `id` = '2' ) LIMIT 1   [ RunTime:0.058311s ]
INFO: [ view_parse ] --START--
INFO: ParseTemplate Behavior ::run [ RunTime:0.006962s ]
INFO: [ view_parse ] --END-- [ RunTime:0.007016s ]
INFO: [ view_filter ] --START--
INFO: ContentReplace Behavior ::run [ RunTime:0.000302s ]
INFO: TokenBuild Behavior ::run [ RunTime:0.000382s ]
INFO: WriteHtmlCache Behavior ::run [ RunTime:0.000194s ]
INFO: ShowRuntime Behavior ::run [ RunTime:0.000313s ]
INFO: [ view_filter ] --END-- [ RunTime:0.001322s ]
INFO: [ view_end ] --START--
INFO: ShowPageTrace Behavior ::run [ RunTime:0.000386s ]
INFO: [ view_end ] --END-- [ RunTime:0.000425s ]

[ 2016-03-17T19:01:39+08:00 ] 218.18.1.84 /install/index.php?m=Index&a=index
INFO: [ app_begin ] --START--
INFO: ReadHtmlCache Behavior ::run [ RunTime:0.000410s ]
INFO: [ app_begin ] --END-- [ RunTime:0.000470s ]
NOTIC: [8] Use of undefined constant THEME_PATH - assumed 'THEME_PATH' /home/wwwroot/v.sniperchw.com/install/APP/Modules/Home/Action/BaseAction.class.php 第 15 行.
NOTIC: [8] Undefined index: openid /home/wwwroot/v.sniperchw.com/install/APP/Modules/Home/Action/BaseAction.class.php 第 18 行.
SQL: SHOW COLUMNS FROM `sys_user` [ RunTime:0.043657s ]
SQL: SELECT * FROM `sys_user` WHERE ( `id` = '2' ) LIMIT 1   [ RunTime:0.043025s ]
INFO: [ view_parse ] --START--
INFO: ParseTemplate Behavior ::run [ RunTime:0.007035s ]
INFO: [ view_parse ] --END-- [ RunTime:0.007095s ]
INFO: [ view_filter ] --START--
INFO: ContentReplace Behavior ::run [ RunTime:0.000299s ]
INFO: TokenBuild Behavior ::run [ RunTime:0.000255s ]
INFO: WriteHtmlCache Behavior ::run [ RunTime:0.000196s ]
INFO: ShowRuntime Behavior ::run [ RunTime:0.000324s ]
INFO: [ view_filter ] --END-- [ RunTime:0.001198s ]
INFO: [ view_end ] --START--
INFO: ShowPageTrace Behavior ::run [ RunTime:0.000384s ]
INFO: [ view_end ] --END-- [ RunTime:0.000423s ]

[ 2016-03-17T19:01:40+08:00 ] 218.18.1.84 /install/index.php?m=Index&a=index
INFO: [ app_begin ] --START--
INFO: ReadHtmlCache Behavior ::run [ RunTime:0.000353s ]
INFO: [ app_begin ] --END-- [ RunTime:0.000411s ]
NOTIC: [8] Use of undefined constant THEME_PATH - assumed 'THEME_PATH' /home/wwwroot/v.sniperchw.com/install/APP/Modules/Home/Action/BaseAction.class.php 第 15 行.
NOTIC: [8] Undefined index: openid /home/wwwroot/v.sniperchw.com/install/APP/Modules/Home/Action/BaseAction.class.php 第 18 行.
SQL: SHOW COLUMNS FROM `sys_user` [ RunTime:0.041378s ]
SQL: SELECT * FROM `sys_user` WHERE ( `id` = '2' ) LIMIT 1   [ RunTime:0.040777s ]
INFO: [ view_parse ] --START--
INFO: ParseTemplate Behavior ::run [ RunTime:0.007106s ]
INFO: [ view_parse ] --END-- [ RunTime:0.007164s ]
INFO: [ view_filter ] --START--
INFO: ContentReplace Behavior ::run [ RunTime:0.000300s ]
INFO: TokenBuild Behavior ::run [ RunTime:0.000327s ]
INFO: WriteHtmlCache Behavior ::run [ RunTime:0.000189s ]
INFO: ShowRuntime Behavior ::run [ RunTime:0.000316s ]
INFO: [ view_filter ] --END-- [ RunTime:0.001239s ]
INFO: [ view_end ] --START--
INFO: ShowPageTrace Behavior ::run [ RunTime:0.000416s ]
INFO: [ view_end ] --END-- [ RunTime:0.000457s ]

[ 2016-03-17T19:01:40+08:00 ] 218.18.1.84 /install/index.php?m=Index&a=index
INFO: [ app_begin ] --START--
INFO: ReadHtmlCache Behavior ::run [ RunTime:0.000349s ]
INFO: [ app_begin ] --END-- [ RunTime:0.000408s ]
NOTIC: [8] Use of undefined constant THEME_PATH - assumed 'THEME_PATH' /home/wwwroot/v.sniperchw.com/install/APP/Modules/Home/Action/BaseAction.class.php 第 15 行.
NOTIC: [8] Undefined index: openid /home/wwwroot/v.sniperchw.com/install/APP/Modules/Home/Action/BaseAction.class.php 第 18 行.
SQL: SHOW COLUMNS FROM `sys_user` [ RunTime:0.043203s ]
SQL: SELECT * FROM `sys_user` WHERE ( `id` = '2' ) LIMIT 1   [ RunTime:0.042236s ]
INFO: [ view_parse ] --START--
INFO: ParseTemplate Behavior ::run [ RunTime:0.007878s ]
INFO: [ view_parse ] --END-- [ RunTime:0.007945s ]
INFO: [ view_filter ] --START--
INFO: ContentReplace Behavior ::run [ RunTime:0.000298s ]
INFO: TokenBuild Behavior ::run [ RunTime:0.000312s ]
INFO: WriteHtmlCache Behavior ::run [ RunTime:0.000190s ]
INFO: ShowRuntime Behavior ::run [ RunTime:0.000302s ]
INFO: [ view_filter ] --END-- [ RunTime:0.001205s ]
INFO: [ view_end ] --START--
INFO: ShowPageTrace Behavior ::run [ RunTime:0.000390s ]
INFO: [ view_end ] --END-- [ RunTime:0.000429s ]

[ 2016-03-17T19:01:41+08:00 ] 218.18.1.84 /install/index.php?m=Index&a=index
INFO: [ app_begin ] --START--
INFO: ReadHtmlCache Behavior ::run [ RunTime:0.000384s ]
INFO: [ app_begin ] --END-- [ RunTime:0.000452s ]
NOTIC: [8] Use of undefined constant THEME_PATH - assumed 'THEME_PATH' /home/wwwroot/v.sniperchw.com/install/APP/Modules/Home/Action/BaseAction.class.php 第 15 行.
NOTIC: [8] Undefined index: openid /home/wwwroot/v.sniperchw.com/install/APP/Modules/Home/Action/BaseAction.class.php 第 18 行.
SQL: SHOW COLUMNS FROM `sys_user` [ RunTime:0.050665s ]
SQL: SELECT * FROM `sys_user` WHERE ( `id` = '2' ) LIMIT 1   [ RunTime:0.050000s ]
INFO: [ view_parse ] --START--
INFO: ParseTemplate Behavior ::run [ RunTime:0.007235s ]
INFO: [ view_parse ] --END-- [ RunTime:0.007286s ]
INFO: [ view_filter ] --START--
INFO: ContentReplace Behavior ::run [ RunTime:0.000299s ]
INFO: TokenBuild Behavior ::run [ RunTime:0.000279s ]
INFO: WriteHtmlCache Behavior ::run [ RunTime:0.000190s ]
INFO: ShowRuntime Behavior ::run [ RunTime:0.000304s ]
INFO: [ view_filter ] --END-- [ RunTime:0.001197s ]
INFO: [ view_end ] --START--
INFO: ShowPageTrace Behavior ::run [ RunTime:0.000393s ]
INFO: [ view_end ] --END-- [ RunTime:0.000433s ]

[ 2016-03-17T19:01:42+08:00 ] 218.18.1.84 /install/index.php?m=Index&a=index
INFO: [ app_begin ] --START--
INFO: ReadHtmlCache Behavior ::run [ RunTime:0.000357s ]
INFO: [ app_begin ] --END-- [ RunTime:0.000430s ]
NOTIC: [8] Use of undefined constant THEME_PATH - assumed 'THEME_PATH' /home/wwwroot/v.sniperchw.com/install/APP/Modules/Home/Action/BaseAction.class.php 第 15 行.
NOTIC: [8] Undefined index: openid /home/wwwroot/v.sniperchw.com/install/APP/Modules/Home/Action/BaseAction.class.php 第 18 行.
SQL: SHOW COLUMNS FROM `sys_user` [ RunTime:0.045547s ]
SQL: SELECT * FROM `sys_user` WHERE ( `id` = '2' ) LIMIT 1   [ RunTime:0.044287s ]
INFO: [ view_parse ] --START--
INFO: ParseTemplate Behavior ::run [ RunTime:0.007155s ]
INFO: [ view_parse ] --END-- [ RunTime:0.007218s ]
INFO: [ view_filter ] --START--
INFO: ContentReplace Behavior ::run [ RunTime:0.000302s ]
INFO: TokenBuild Behavior ::run [ RunTime:0.000259s ]
INFO: WriteHtmlCache Behavior ::run [ RunTime:0.000186s ]
INFO: ShowRuntime Behavior ::run [ RunTime:0.000310s ]
INFO: [ view_filter ] --END-- [ RunTime:0.001162s ]
INFO: [ view_end ] --START--
INFO: ShowPageTrace Behavior ::run [ RunTime:0.000379s ]
INFO: [ view_end ] --END-- [ RunTime:0.000418s ]

[ 2016-03-17T19:01:42+08:00 ] 218.18.1.84 /install/index.php?m=Index&a=device
INFO: [ app_begin ] --START--
INFO: ReadHtmlCache Behavior ::run [ RunTime:0.000369s ]
INFO: [ app_begin ] --END-- [ RunTime:0.000429s ]
NOTIC: [8] Use of undefined constant THEME_PATH - assumed 'THEME_PATH' /home/wwwroot/v.sniperchw.com/install/APP/Modules/Home/Action/BaseAction.class.php 第 15 行.
NOTIC: [8] Undefined index: openid /home/wwwroot/v.sniperchw.com/install/APP/Modules/Home/Action/BaseAction.class.php 第 18 行.
SQL: SHOW COLUMNS FROM `sys_user` [ RunTime:0.042793s ]
SQL: SELECT * FROM `sys_user` WHERE ( `id` = '2' ) LIMIT 1   [ RunTime:0.041968s ]
INFO: [ view_parse ] --START--
INFO: ParseTemplate Behavior ::run [ RunTime:0.005725s ]
INFO: [ view_parse ] --END-- [ RunTime:0.005775s ]
INFO: [ view_filter ] --START--
INFO: ContentReplace Behavior ::run [ RunTime:0.000344s ]
INFO: TokenBuild Behavior ::run [ RunTime:0.000258s ]
INFO: WriteHtmlCache Behavior ::run [ RunTime:0.000197s ]
INFO: ShowRuntime Behavior ::run [ RunTime:0.000373s ]
INFO: [ view_filter ] --END-- [ RunTime:0.001329s ]
INFO: [ view_end ] --START--
INFO: ShowPageTrace Behavior ::run [ RunTime:0.000398s ]
INFO: [ view_end ] --END-- [ RunTime:0.000434s ]

[ 2016-03-17T19:01:43+08:00 ] 218.18.1.84 /install/index.php?m=Index&a=index
INFO: [ app_begin ] --START--
INFO: ReadHtmlCache Behavior ::run [ RunTime:0.000374s ]
INFO: [ app_begin ] --END-- [ RunTime:0.000428s ]
NOTIC: [8] Use of undefined constant THEME_PATH - assumed 'THEME_PATH' /home/wwwroot/v.sniperchw.com/install/APP/Modules/Home/Action/BaseAction.class.php 第 15 行.
NOTIC: [8] Undefined index: openid /home/wwwroot/v.sniperchw.com/install/APP/Modules/Home/Action/BaseAction.class.php 第 18 行.
SQL: SHOW COLUMNS FROM `sys_user` [ RunTime:0.050419s ]
SQL: SELECT * FROM `sys_user` WHERE ( `id` = '2' ) LIMIT 1   [ RunTime:0.050010s ]
INFO: [ view_parse ] --START--
INFO: ParseTemplate Behavior ::run [ RunTime:0.007034s ]
INFO: [ view_parse ] --END-- [ RunTime:0.007086s ]
INFO: [ view_filter ] --START--
INFO: ContentReplace Behavior ::run [ RunTime:0.000304s ]
INFO: TokenBuild Behavior ::run [ RunTime:0.000255s ]
INFO: WriteHtmlCache Behavior ::run [ RunTime:0.000187s ]
INFO: ShowRuntime Behavior ::run [ RunTime:0.000326s ]
INFO: [ view_filter ] --END-- [ RunTime:0.001178s ]
INFO: [ view_end ] --START--
INFO: ShowPageTrace Behavior ::run [ RunTime:0.000380s ]
INFO: [ view_end ] --END-- [ RunTime:0.000420s ]

